[20250225 16:06:15 INFO    ] {'dataset_name': 'csiq', 'koniq10k_path': '../all_dataset/KonIQ-10K/1024x768', 'koniq10k_label': './data/koniq10k/koniq10k_label.txt', 'livec_path': '../all_dataset/LIVEC/Images/', 'livec_label': './data/livec/livec_label.txt', 'spaq_path': '../all_dataset/SPAQ/TestImage/', 'spaq_label': './data/spaq/spaq_label.txt', 'tid2013_path': '../all_dataset/tid2013/distorted_images/', 'tid2013_label': 'data/tid2013/tid2013_label.txt', 'kadid10k_path': '../all_dataset/KADID-10K/images/', 'kadid10k_label': './data/kadid10k/kadid10k_label.txt', 'csiq_path': '../all_dataset/CSIQ/dist_imgs/', 'csiq_label': './data/CSIQ/csiq_label.txt', 'batch_size': 12, 'learning_rate': 1e-05, 'weight_decay': 1e-05, 'n_epoch': 200, 'val_freq': 1, 'T_max': 50, 'eta_min': 0, 'num_avg_val': 1, 'num_workers': 8, 'split_seed': 20, 'train_keep_ratio': 1.0, 'val_keep_ratio': 1.0, 'crop_size': 224, 'prob_aug': 0.7, 'patch_size': 8, 'img_size': 224, 'embed_dim': 768, 'dim_mlp': 768, 'num_heads': [4, 4], 'window_size': 4, 'depths': [2, 2], 'num_outputs': 1, 'num_tab': 2, 'scale': 0.8, 'ckpt_path': './output_csiq_wo_dyblock/models/csiq', 'log_path': './output_csiq_wo_dyblock/log/csiq', 'log_file': 'csiq.log', 'tensorboard_path': './output_csiq_wo_dyblock/csiq'}
[20250225 16:06:15 INFO    ] number of train scenes: 692
[20250225 16:06:15 INFO    ] number of val scenes: 174
[20250225 16:06:18 INFO    ] #Params : 172.537214 [M]
[20250225 16:06:23 INFO    ] Running training epoch 1
[20250225 16:07:15 INFO    ] train epoch:1 / loss:0.03661 / SRCC:0.6617 / PLCC:0.7154
[20250225 16:07:15 INFO    ] Starting eval...
[20250225 16:07:15 INFO    ] Running testing in epoch 1
[20250225 16:07:23 INFO    ] Epoch:1 ===== loss:0.01517 ===== SRCC:0.8648 ===== PLCC:0.8875
[20250225 16:07:23 INFO    ] Eval done...
[20250225 16:07:23 INFO    ] ======================================================================================
[20250225 16:07:23 INFO    ] ============================== best main score is 1.7522993318236217 =================================
[20250225 16:07:23 INFO    ] ======================================================================================
[20250225 16:07:24 INFO    ] Saving weights and model of epoch1, SRCC:0.8647954712694718, PLCC:0.8875038605541499
[20250225 16:07:24 INFO    ] Epoch 1 done. Time: 1.0min
[20250225 16:07:24 INFO    ] Running training epoch 2
[20250225 16:08:15 INFO    ] train epoch:2 / loss:0.01149 / SRCC:0.8965 / PLCC:0.915
[20250225 16:08:15 INFO    ] Starting eval...
[20250225 16:08:15 INFO    ] Running testing in epoch 2
[20250225 16:08:22 INFO    ] Epoch:2 ===== loss:0.01042 ===== SRCC:0.8944 ===== PLCC:0.9141
[20250225 16:08:22 INFO    ] Eval done...
[20250225 16:08:22 INFO    ] ======================================================================================
[20250225 16:08:22 INFO    ] ============================== best main score is 1.8084688220974412 =================================
[20250225 16:08:22 INFO    ] ======================================================================================
[20250225 16:08:23 INFO    ] Saving weights and model of epoch2, SRCC:0.8943914122674106, PLCC:0.9140774098300306
[20250225 16:08:23 INFO    ] Epoch 2 done. Time: 0.99min
[20250225 16:08:23 INFO    ] Running training epoch 3
[20250225 16:09:15 INFO    ] train epoch:3 / loss:0.009404 / SRCC:0.9158 / PLCC:0.9322
[20250225 16:09:15 INFO    ] Starting eval...
[20250225 16:09:15 INFO    ] Running testing in epoch 3
[20250225 16:09:22 INFO    ] Epoch:3 ===== loss:0.009365 ===== SRCC:0.9201 ===== PLCC:0.933
[20250225 16:09:22 INFO    ] Eval done...
[20250225 16:09:22 INFO    ] ======================================================================================
[20250225 16:09:22 INFO    ] ============================== best main score is 1.8531334278291447 =================================
[20250225 16:09:22 INFO    ] ======================================================================================
[20250225 16:09:23 INFO    ] Saving weights and model of epoch3, SRCC:0.9201391722932812, PLCC:0.9329942555358633
[20250225 16:09:23 INFO    ] Epoch 3 done. Time: 1.0min
[20250225 16:09:23 INFO    ] Running training epoch 4
[20250225 16:10:14 INFO    ] train epoch:4 / loss:0.00784 / SRCC:0.9263 / PLCC:0.943
[20250225 16:10:14 INFO    ] Starting eval...
[20250225 16:10:14 INFO    ] Running testing in epoch 4
[20250225 16:10:22 INFO    ] Epoch:4 ===== loss:0.006547 ===== SRCC:0.9298 ===== PLCC:0.9482
[20250225 16:10:22 INFO    ] Eval done...
[20250225 16:10:22 INFO    ] ======================================================================================
[20250225 16:10:22 INFO    ] ============================== best main score is 1.8779203266949258 =================================
[20250225 16:10:22 INFO    ] ======================================================================================
[20250225 16:10:23 INFO    ] Saving weights and model of epoch4, SRCC:0.9297589920070802, PLCC:0.9481613346878455
[20250225 16:10:23 INFO    ] Epoch 4 done. Time: 0.99min
[20250225 16:10:23 INFO    ] Running training epoch 5
[20250225 16:11:13 INFO    ] train epoch:5 / loss:0.005006 / SRCC:0.9475 / PLCC:0.9639
[20250225 16:11:13 INFO    ] Starting eval...
[20250225 16:11:13 INFO    ] Running testing in epoch 5
[20250225 16:11:21 INFO    ] Epoch:5 ===== loss:0.006989 ===== SRCC:0.9448 ===== PLCC:0.9603
[20250225 16:11:21 INFO    ] Eval done...
[20250225 16:11:21 INFO    ] ======================================================================================
[20250225 16:11:21 INFO    ] ============================== best main score is 1.9050893072171253 =================================
[20250225 16:11:21 INFO    ] ======================================================================================
[20250225 16:11:22 INFO    ] Saving weights and model of epoch5, SRCC:0.9447720860723935, PLCC:0.960317221144732
[20250225 16:11:22 INFO    ] Epoch 5 done. Time: 0.98min
[20250225 16:11:22 INFO    ] Running training epoch 6
[20250225 16:12:13 INFO    ] train epoch:6 / loss:0.005021 / SRCC:0.9505 / PLCC:0.964
[20250225 16:12:13 INFO    ] Starting eval...
[20250225 16:12:13 INFO    ] Running testing in epoch 6
[20250225 16:12:20 INFO    ] Epoch:6 ===== loss:0.005522 ===== SRCC:0.9458 ===== PLCC:0.9553
[20250225 16:12:20 INFO    ] Eval done...
[20250225 16:12:20 INFO    ] Epoch 6 done. Time: 0.97min
[20250225 16:12:20 INFO    ] Running training epoch 7
[20250225 16:13:11 INFO    ] train epoch:7 / loss:0.004075 / SRCC:0.9621 / PLCC:0.9712
[20250225 16:13:11 INFO    ] Starting eval...
[20250225 16:13:11 INFO    ] Running testing in epoch 7
[20250225 16:13:18 INFO    ] Epoch:7 ===== loss:0.006673 ===== SRCC:0.9446 ===== PLCC:0.9474
[20250225 16:13:18 INFO    ] Eval done...
[20250225 16:13:18 INFO    ] Epoch 7 done. Time: 0.97min
[20250225 16:13:18 INFO    ] Running training epoch 8
[20250225 16:14:09 INFO    ] train epoch:8 / loss:0.003881 / SRCC:0.9612 / PLCC:0.9728
[20250225 16:14:09 INFO    ] Starting eval...
[20250225 16:14:09 INFO    ] Running testing in epoch 8
[20250225 16:14:17 INFO    ] Epoch:8 ===== loss:0.007614 ===== SRCC:0.9397 ===== PLCC:0.9483
[20250225 16:14:17 INFO    ] Eval done...
[20250225 16:14:17 INFO    ] Epoch 8 done. Time: 0.97min
[20250225 16:14:17 INFO    ] Running training epoch 9
[20250225 16:15:08 INFO    ] train epoch:9 / loss:0.003011 / SRCC:0.9698 / PLCC:0.9785
[20250225 16:15:08 INFO    ] Starting eval...
[20250225 16:15:08 INFO    ] Running testing in epoch 9
[20250225 16:15:15 INFO    ] Epoch:9 ===== loss:0.007637 ===== SRCC:0.9324 ===== PLCC:0.9451
[20250225 16:15:15 INFO    ] Eval done...
[20250225 16:15:15 INFO    ] Epoch 9 done. Time: 0.97min
[20250225 16:15:15 INFO    ] Running training epoch 10
[20250225 16:16:06 INFO    ] train epoch:10 / loss:0.002334 / SRCC:0.9763 / PLCC:0.9834
[20250225 16:16:06 INFO    ] Starting eval...
[20250225 16:16:06 INFO    ] Running testing in epoch 10
[20250225 16:16:13 INFO    ] Epoch:10 ===== loss:0.005765 ===== SRCC:0.9489 ===== PLCC:0.9573
[20250225 16:16:13 INFO    ] Eval done...
[20250225 16:16:13 INFO    ] ======================================================================================
[20250225 16:16:13 INFO    ] ============================== best main score is 1.906212735000971 =================================
[20250225 16:16:13 INFO    ] ======================================================================================
[20250225 16:16:14 INFO    ] Saving weights and model of epoch10, SRCC:0.9489277672010592, PLCC:0.9572849677999118
[20250225 16:16:14 INFO    ] Epoch 10 done. Time: 0.98min
[20250225 16:16:14 INFO    ] Running training epoch 11
[20250225 16:17:05 INFO    ] train epoch:11 / loss:0.002967 / SRCC:0.9689 / PLCC:0.9788
[20250225 16:17:05 INFO    ] Starting eval...
[20250225 16:17:05 INFO    ] Running testing in epoch 11
[20250225 16:17:12 INFO    ] Epoch:11 ===== loss:0.006681 ===== SRCC:0.9351 ===== PLCC:0.9481
[20250225 16:17:12 INFO    ] Eval done...
[20250225 16:17:12 INFO    ] Epoch 11 done. Time: 0.97min
[20250225 16:17:12 INFO    ] Running training epoch 12
[20250225 16:18:03 INFO    ] train epoch:12 / loss:0.002586 / SRCC:0.9719 / PLCC:0.9816
[20250225 16:18:03 INFO    ] Starting eval...
[20250225 16:18:03 INFO    ] Running testing in epoch 12
[20250225 16:18:10 INFO    ] Epoch:12 ===== loss:0.00568 ===== SRCC:0.9527 ===== PLCC:0.9613
[20250225 16:18:10 INFO    ] Eval done...
[20250225 16:18:10 INFO    ] ======================================================================================
[20250225 16:18:10 INFO    ] ============================== best main score is 1.914007153434601 =================================
[20250225 16:18:10 INFO    ] ======================================================================================
[20250225 16:18:11 INFO    ] Saving weights and model of epoch12, SRCC:0.9526797752846442, PLCC:0.9613273781499568
[20250225 16:18:11 INFO    ] Epoch 12 done. Time: 0.98min
[20250225 16:18:11 INFO    ] Running training epoch 13
[20250225 16:19:02 INFO    ] train epoch:13 / loss:0.003088 / SRCC:0.9745 / PLCC:0.9781
[20250225 16:19:02 INFO    ] Starting eval...
[20250225 16:19:02 INFO    ] Running testing in epoch 13
[20250225 16:19:09 INFO    ] Epoch:13 ===== loss:0.00574 ===== SRCC:0.9427 ===== PLCC:0.9553
[20250225 16:19:09 INFO    ] Eval done...
[20250225 16:19:09 INFO    ] Epoch 13 done. Time: 0.97min
[20250225 16:19:09 INFO    ] Running training epoch 14
[20250225 16:20:00 INFO    ] train epoch:14 / loss:0.001731 / SRCC:0.9826 / PLCC:0.9877
[20250225 16:20:00 INFO    ] Starting eval...
[20250225 16:20:00 INFO    ] Running testing in epoch 14
[20250225 16:20:07 INFO    ] Epoch:14 ===== loss:0.005167 ===== SRCC:0.9495 ===== PLCC:0.9588
[20250225 16:20:07 INFO    ] Eval done...
[20250225 16:20:07 INFO    ] Epoch 14 done. Time: 0.97min
[20250225 16:20:07 INFO    ] Running training epoch 15
[20250225 16:20:58 INFO    ] train epoch:15 / loss:0.001454 / SRCC:0.9841 / PLCC:0.9897
[20250225 16:20:58 INFO    ] Starting eval...
[20250225 16:20:58 INFO    ] Running testing in epoch 15
[20250225 16:21:05 INFO    ] Epoch:15 ===== loss:0.006429 ===== SRCC:0.9421 ===== PLCC:0.9501
[20250225 16:21:05 INFO    ] Eval done...
[20250225 16:21:05 INFO    ] Epoch 15 done. Time: 0.97min
[20250225 16:21:05 INFO    ] Running training epoch 16
[20250225 16:21:57 INFO    ] train epoch:16 / loss:0.001813 / SRCC:0.9814 / PLCC:0.9869
[20250225 16:21:57 INFO    ] Starting eval...
[20250225 16:21:57 INFO    ] Running testing in epoch 16
[20250225 16:22:04 INFO    ] Epoch:16 ===== loss:0.009375 ===== SRCC:0.926 ===== PLCC:0.9354
[20250225 16:22:04 INFO    ] Eval done...
[20250225 16:22:04 INFO    ] Epoch 16 done. Time: 0.98min
[20250225 16:22:04 INFO    ] Running training epoch 17
[20250225 16:22:55 INFO    ] train epoch:17 / loss:0.00194 / SRCC:0.9792 / PLCC:0.9862
[20250225 16:22:55 INFO    ] Starting eval...
[20250225 16:22:55 INFO    ] Running testing in epoch 17
[20250225 16:23:02 INFO    ] Epoch:17 ===== loss:0.005663 ===== SRCC:0.9471 ===== PLCC:0.9547
[20250225 16:23:02 INFO    ] Eval done...
[20250225 16:23:02 INFO    ] Epoch 17 done. Time: 0.97min
[20250225 16:23:02 INFO    ] Running training epoch 18
[20250225 16:23:54 INFO    ] train epoch:18 / loss:0.001989 / SRCC:0.9802 / PLCC:0.9857
[20250225 16:23:54 INFO    ] Starting eval...
[20250225 16:23:54 INFO    ] Running testing in epoch 18
[20250225 16:24:01 INFO    ] Epoch:18 ===== loss:0.006215 ===== SRCC:0.9596 ===== PLCC:0.9617
[20250225 16:24:01 INFO    ] Eval done...
[20250225 16:24:01 INFO    ] ======================================================================================
[20250225 16:24:01 INFO    ] ============================== best main score is 1.9213055110052724 =================================
[20250225 16:24:01 INFO    ] ======================================================================================
[20250225 16:24:02 INFO    ] Saving weights and model of epoch18, SRCC:0.959609284986402, PLCC:0.9616962260188704
[20250225 16:24:02 INFO    ] Epoch 18 done. Time: 0.99min
[20250225 16:24:02 INFO    ] Running training epoch 19
[20250225 16:24:53 INFO    ] train epoch:19 / loss:0.001851 / SRCC:0.9827 / PLCC:0.9869
[20250225 16:24:53 INFO    ] Starting eval...
[20250225 16:24:53 INFO    ] Running testing in epoch 19
[20250225 16:25:00 INFO    ] Epoch:19 ===== loss:0.006879 ===== SRCC:0.9535 ===== PLCC:0.961
[20250225 16:25:00 INFO    ] Eval done...
[20250225 16:25:00 INFO    ] Epoch 19 done. Time: 0.97min
[20250225 16:25:00 INFO    ] Running training epoch 20
[20250225 16:25:51 INFO    ] train epoch:20 / loss:0.001696 / SRCC:0.9834 / PLCC:0.9878
[20250225 16:25:51 INFO    ] Starting eval...
[20250225 16:25:51 INFO    ] Running testing in epoch 20
[20250225 16:25:58 INFO    ] Epoch:20 ===== loss:0.006916 ===== SRCC:0.9469 ===== PLCC:0.951
[20250225 16:25:58 INFO    ] Eval done...
[20250225 16:25:58 INFO    ] Epoch 20 done. Time: 0.97min
[20250225 16:25:58 INFO    ] Running training epoch 21
[20250225 16:26:49 INFO    ] train epoch:21 / loss:0.002716 / SRCC:0.9782 / PLCC:0.9804
[20250225 16:26:49 INFO    ] Starting eval...
[20250225 16:26:49 INFO    ] Running testing in epoch 21
[20250225 16:26:57 INFO    ] Epoch:21 ===== loss:0.00632 ===== SRCC:0.9592 ===== PLCC:0.9612
[20250225 16:26:57 INFO    ] Eval done...
[20250225 16:26:57 INFO    ] Epoch 21 done. Time: 0.97min
[20250225 16:26:57 INFO    ] Running training epoch 22
[20250225 16:27:48 INFO    ] train epoch:22 / loss:0.002775 / SRCC:0.9768 / PLCC:0.9804
[20250225 16:27:48 INFO    ] Starting eval...
[20250225 16:27:48 INFO    ] Running testing in epoch 22
[20250225 16:27:55 INFO    ] Epoch:22 ===== loss:0.005505 ===== SRCC:0.9475 ===== PLCC:0.9558
[20250225 16:27:55 INFO    ] Eval done...
[20250225 16:27:55 INFO    ] Epoch 22 done. Time: 0.97min
[20250225 16:27:55 INFO    ] Running training epoch 23
[20250225 16:28:46 INFO    ] train epoch:23 / loss:0.00167 / SRCC:0.983 / PLCC:0.9882
[20250225 16:28:46 INFO    ] Starting eval...
[20250225 16:28:46 INFO    ] Running testing in epoch 23
[20250225 16:28:53 INFO    ] Epoch:23 ===== loss:0.005068 ===== SRCC:0.9492 ===== PLCC:0.9613
[20250225 16:28:53 INFO    ] Eval done...
[20250225 16:28:53 INFO    ] Epoch 23 done. Time: 0.97min
[20250225 16:28:53 INFO    ] Running training epoch 24
[20250225 16:29:44 INFO    ] train epoch:24 / loss:0.001414 / SRCC:0.9867 / PLCC:0.99
[20250225 16:29:44 INFO    ] Starting eval...
[20250225 16:29:44 INFO    ] Running testing in epoch 24
[20250225 16:29:51 INFO    ] Epoch:24 ===== loss:0.00489 ===== SRCC:0.9533 ===== PLCC:0.9606
[20250225 16:29:51 INFO    ] Eval done...
[20250225 16:29:51 INFO    ] Epoch 24 done. Time: 0.97min
[20250225 16:29:51 INFO    ] Running training epoch 25
[20250225 16:30:42 INFO    ] train epoch:25 / loss:0.001604 / SRCC:0.984 / PLCC:0.9886
[20250225 16:30:42 INFO    ] Starting eval...
[20250225 16:30:42 INFO    ] Running testing in epoch 25
[20250225 16:30:50 INFO    ] Epoch:25 ===== loss:0.005996 ===== SRCC:0.9517 ===== PLCC:0.9569
[20250225 16:30:50 INFO    ] Eval done...
[20250225 16:30:50 INFO    ] Epoch 25 done. Time: 0.97min
[20250225 16:30:50 INFO    ] Running training epoch 26
[20250225 16:31:41 INFO    ] train epoch:26 / loss:0.001496 / SRCC:0.9851 / PLCC:0.9894
[20250225 16:31:41 INFO    ] Starting eval...
[20250225 16:31:41 INFO    ] Running testing in epoch 26
[20250225 16:31:48 INFO    ] Epoch:26 ===== loss:0.005131 ===== SRCC:0.9535 ===== PLCC:0.96
[20250225 16:31:48 INFO    ] Eval done...
[20250225 16:31:48 INFO    ] Epoch 26 done. Time: 0.97min
[20250225 16:31:48 INFO    ] Running training epoch 27
[20250225 16:32:39 INFO    ] train epoch:27 / loss:0.001649 / SRCC:0.9827 / PLCC:0.9883
[20250225 16:32:39 INFO    ] Starting eval...
[20250225 16:32:39 INFO    ] Running testing in epoch 27
[20250225 16:32:47 INFO    ] Epoch:27 ===== loss:0.004702 ===== SRCC:0.9526 ===== PLCC:0.963
[20250225 16:32:47 INFO    ] Eval done...
[20250225 16:32:47 INFO    ] Epoch 27 done. Time: 0.97min
[20250225 16:32:47 INFO    ] Running training epoch 28
[20250225 16:33:38 INFO    ] train epoch:28 / loss:0.001032 / SRCC:0.9885 / PLCC:0.9927
[20250225 16:33:38 INFO    ] Starting eval...
[20250225 16:33:38 INFO    ] Running testing in epoch 28
[20250225 16:33:45 INFO    ] Epoch:28 ===== loss:0.00541 ===== SRCC:0.9506 ===== PLCC:0.9586
[20250225 16:33:45 INFO    ] Eval done...
[20250225 16:33:45 INFO    ] Epoch 28 done. Time: 0.97min
[20250225 16:33:45 INFO    ] Running training epoch 29
[20250225 16:34:36 INFO    ] train epoch:29 / loss:0.001174 / SRCC:0.9862 / PLCC:0.9917
[20250225 16:34:36 INFO    ] Starting eval...
[20250225 16:34:36 INFO    ] Running testing in epoch 29
[20250225 16:34:43 INFO    ] Epoch:29 ===== loss:0.004858 ===== SRCC:0.9568 ===== PLCC:0.9627
[20250225 16:34:43 INFO    ] Eval done...
[20250225 16:34:43 INFO    ] Epoch 29 done. Time: 0.97min
[20250225 16:34:43 INFO    ] Running training epoch 30
[20250225 16:35:34 INFO    ] train epoch:30 / loss:0.001075 / SRCC:0.9874 / PLCC:0.9924
[20250225 16:35:34 INFO    ] Starting eval...
[20250225 16:35:34 INFO    ] Running testing in epoch 30
[20250225 16:35:41 INFO    ] Epoch:30 ===== loss:0.004989 ===== SRCC:0.9527 ===== PLCC:0.9613
[20250225 16:35:41 INFO    ] Eval done...
[20250225 16:35:41 INFO    ] Epoch 30 done. Time: 0.97min
[20250225 16:35:41 INFO    ] Running training epoch 31
[20250225 16:36:32 INFO    ] train epoch:31 / loss:0.001056 / SRCC:0.9882 / PLCC:0.9926
[20250225 16:36:32 INFO    ] Starting eval...
[20250225 16:36:32 INFO    ] Running testing in epoch 31
[20250225 16:36:40 INFO    ] Epoch:31 ===== loss:0.00469 ===== SRCC:0.949 ===== PLCC:0.9629
[20250225 16:36:40 INFO    ] Eval done...
[20250225 16:36:40 INFO    ] Epoch 31 done. Time: 0.97min
[20250225 16:36:40 INFO    ] Running training epoch 32
[20250225 16:37:31 INFO    ] train epoch:32 / loss:0.001475 / SRCC:0.9846 / PLCC:0.9895
[20250225 16:37:31 INFO    ] Starting eval...
[20250225 16:37:31 INFO    ] Running testing in epoch 32
[20250225 16:37:38 INFO    ] Epoch:32 ===== loss:0.006331 ===== SRCC:0.9434 ===== PLCC:0.9488
[20250225 16:37:38 INFO    ] Eval done...
[20250225 16:37:38 INFO    ] Epoch 32 done. Time: 0.97min
[20250225 16:37:38 INFO    ] Running training epoch 33
[20250225 16:38:29 INFO    ] train epoch:33 / loss:0.001429 / SRCC:0.9868 / PLCC:0.9899
[20250225 16:38:29 INFO    ] Starting eval...
[20250225 16:38:29 INFO    ] Running testing in epoch 33
[20250225 16:38:36 INFO    ] Epoch:33 ===== loss:0.005251 ===== SRCC:0.9474 ===== PLCC:0.9567
[20250225 16:38:36 INFO    ] Eval done...
[20250225 16:38:36 INFO    ] Epoch 33 done. Time: 0.97min
[20250225 16:38:36 INFO    ] Running training epoch 34
[20250225 16:39:27 INFO    ] train epoch:34 / loss:0.001191 / SRCC:0.9865 / PLCC:0.9915
[20250225 16:39:27 INFO    ] Starting eval...
[20250225 16:39:27 INFO    ] Running testing in epoch 34
[20250225 16:39:35 INFO    ] Epoch:34 ===== loss:0.005403 ===== SRCC:0.9444 ===== PLCC:0.9573
[20250225 16:39:35 INFO    ] Eval done...
[20250225 16:39:35 INFO    ] Epoch 34 done. Time: 0.97min
[20250225 16:39:35 INFO    ] Running training epoch 35
[20250225 16:40:26 INFO    ] train epoch:35 / loss:0.0009725 / SRCC:0.9899 / PLCC:0.9931
[20250225 16:40:26 INFO    ] Starting eval...
[20250225 16:40:26 INFO    ] Running testing in epoch 35
[20250225 16:40:33 INFO    ] Epoch:35 ===== loss:0.004951 ===== SRCC:0.954 ===== PLCC:0.9603
[20250225 16:40:33 INFO    ] Eval done...
[20250225 16:40:33 INFO    ] Epoch 35 done. Time: 0.97min
[20250225 16:40:33 INFO    ] Running training epoch 36
[20250225 16:41:24 INFO    ] train epoch:36 / loss:0.001936 / SRCC:0.9812 / PLCC:0.9863
[20250225 16:41:24 INFO    ] Starting eval...
[20250225 16:41:24 INFO    ] Running testing in epoch 36
[20250225 16:41:32 INFO    ] Epoch:36 ===== loss:0.00429 ===== SRCC:0.9595 ===== PLCC:0.9676
[20250225 16:41:32 INFO    ] Eval done...
[20250225 16:41:32 INFO    ] ======================================================================================
[20250225 16:41:32 INFO    ] ============================== best main score is 1.9271038088056756 =================================
[20250225 16:41:32 INFO    ] ======================================================================================
[20250225 16:41:33 INFO    ] Saving weights and model of epoch36, SRCC:0.959494130606771, PLCC:0.9676096781989045
[20250225 16:41:33 INFO    ] Epoch 36 done. Time: 1.0min
[20250225 16:41:33 INFO    ] Running training epoch 37
[20250225 16:42:24 INFO    ] train epoch:37 / loss:0.0009914 / SRCC:0.9888 / PLCC:0.9929
[20250225 16:42:24 INFO    ] Starting eval...
[20250225 16:42:24 INFO    ] Running testing in epoch 37
[20250225 16:42:31 INFO    ] Epoch:37 ===== loss:0.005903 ===== SRCC:0.9478 ===== PLCC:0.959
[20250225 16:42:31 INFO    ] Eval done...
[20250225 16:42:31 INFO    ] Epoch 37 done. Time: 0.97min
[20250225 16:42:31 INFO    ] Running training epoch 38
[20250225 16:43:22 INFO    ] train epoch:38 / loss:0.0008727 / SRCC:0.9905 / PLCC:0.9938
[20250225 16:43:22 INFO    ] Starting eval...
[20250225 16:43:22 INFO    ] Running testing in epoch 38
[20250225 16:43:29 INFO    ] Epoch:38 ===== loss:0.004151 ===== SRCC:0.9572 ===== PLCC:0.9667
[20250225 16:43:29 INFO    ] Eval done...
[20250225 16:43:29 INFO    ] Epoch 38 done. Time: 0.97min
[20250225 16:43:29 INFO    ] Running training epoch 39
[20250225 16:44:20 INFO    ] train epoch:39 / loss:0.001165 / SRCC:0.9863 / PLCC:0.9917
[20250225 16:44:21 INFO    ] Starting eval...
[20250225 16:44:21 INFO    ] Running testing in epoch 39
[20250225 16:44:28 INFO    ] Epoch:39 ===== loss:0.005398 ===== SRCC:0.9476 ===== PLCC:0.9556
[20250225 16:44:28 INFO    ] Eval done...
[20250225 16:44:28 INFO    ] Epoch 39 done. Time: 0.97min
[20250225 16:44:28 INFO    ] Running training epoch 40
[20250225 16:45:19 INFO    ] train epoch:40 / loss:0.0009018 / SRCC:0.9909 / PLCC:0.9936
[20250225 16:45:19 INFO    ] Starting eval...
[20250225 16:45:19 INFO    ] Running testing in epoch 40
[20250225 16:45:26 INFO    ] Epoch:40 ===== loss:0.004619 ===== SRCC:0.9562 ===== PLCC:0.9656
[20250225 16:45:26 INFO    ] Eval done...
[20250225 16:45:26 INFO    ] Epoch 40 done. Time: 0.97min
[20250225 16:45:26 INFO    ] Running training epoch 41
[20250225 16:46:17 INFO    ] train epoch:41 / loss:0.001191 / SRCC:0.9889 / PLCC:0.9916
[20250225 16:46:17 INFO    ] Starting eval...
[20250225 16:46:17 INFO    ] Running testing in epoch 41
[20250225 16:46:24 INFO    ] Epoch:41 ===== loss:0.005053 ===== SRCC:0.952 ===== PLCC:0.9609
[20250225 16:46:24 INFO    ] Eval done...
[20250225 16:46:24 INFO    ] Epoch 41 done. Time: 0.97min
[20250225 16:46:24 INFO    ] Running training epoch 42
[20250225 16:47:16 INFO    ] train epoch:42 / loss:0.0007508 / SRCC:0.9916 / PLCC:0.9947
[20250225 16:47:16 INFO    ] Starting eval...
[20250225 16:47:16 INFO    ] Running testing in epoch 42
[20250225 16:47:23 INFO    ] Epoch:42 ===== loss:0.005501 ===== SRCC:0.9474 ===== PLCC:0.9581
[20250225 16:47:23 INFO    ] Eval done...
[20250225 16:47:23 INFO    ] Epoch 42 done. Time: 0.97min
[20250225 16:47:23 INFO    ] Running training epoch 43
[20250225 16:48:14 INFO    ] train epoch:43 / loss:0.0009624 / SRCC:0.9894 / PLCC:0.9932
[20250225 16:48:14 INFO    ] Starting eval...
[20250225 16:48:14 INFO    ] Running testing in epoch 43
[20250225 16:48:21 INFO    ] Epoch:43 ===== loss:0.005414 ===== SRCC:0.9489 ===== PLCC:0.9589
[20250225 16:48:21 INFO    ] Eval done...
[20250225 16:48:21 INFO    ] Epoch 43 done. Time: 0.97min
[20250225 16:48:21 INFO    ] Running training epoch 44
[20250225 16:49:12 INFO    ] train epoch:44 / loss:0.0009699 / SRCC:0.9892 / PLCC:0.9931
[20250225 16:49:12 INFO    ] Starting eval...
[20250225 16:49:12 INFO    ] Running testing in epoch 44
[20250225 16:49:20 INFO    ] Epoch:44 ===== loss:0.005154 ===== SRCC:0.9481 ===== PLCC:0.9572
[20250225 16:49:20 INFO    ] Eval done...
[20250225 16:49:20 INFO    ] Epoch 44 done. Time: 0.98min
[20250225 16:49:20 INFO    ] Running training epoch 45
[20250225 16:50:11 INFO    ] train epoch:45 / loss:0.0009816 / SRCC:0.9887 / PLCC:0.9931
[20250225 16:50:11 INFO    ] Starting eval...
[20250225 16:50:11 INFO    ] Running testing in epoch 45
[20250225 16:50:18 INFO    ] Epoch:45 ===== loss:0.004572 ===== SRCC:0.9505 ===== PLCC:0.9654
[20250225 16:50:18 INFO    ] Eval done...
[20250225 16:50:18 INFO    ] Epoch 45 done. Time: 0.98min
[20250225 16:50:18 INFO    ] Running training epoch 46
[20250225 16:51:10 INFO    ] train epoch:46 / loss:0.001115 / SRCC:0.9874 / PLCC:0.9921
[20250225 16:51:10 INFO    ] Starting eval...
[20250225 16:51:10 INFO    ] Running testing in epoch 46
[20250225 16:51:17 INFO    ] Epoch:46 ===== loss:0.004148 ===== SRCC:0.9588 ===== PLCC:0.9659
[20250225 16:51:17 INFO    ] Eval done...
[20250225 16:51:17 INFO    ] Epoch 46 done. Time: 0.98min
[20250225 16:51:17 INFO    ] Running training epoch 47
[20250225 16:52:08 INFO    ] train epoch:47 / loss:0.0008079 / SRCC:0.9913 / PLCC:0.9943
[20250225 16:52:08 INFO    ] Starting eval...
[20250225 16:52:08 INFO    ] Running testing in epoch 47
[20250225 16:52:16 INFO    ] Epoch:47 ===== loss:0.004923 ===== SRCC:0.9522 ===== PLCC:0.9615
[20250225 16:52:16 INFO    ] Eval done...
[20250225 16:52:16 INFO    ] Epoch 47 done. Time: 0.97min
[20250225 16:52:16 INFO    ] Running training epoch 48
[20250225 16:53:07 INFO    ] train epoch:48 / loss:0.001242 / SRCC:0.9865 / PLCC:0.9912
[20250225 16:53:07 INFO    ] Starting eval...
[20250225 16:53:07 INFO    ] Running testing in epoch 48
[20250225 16:53:14 INFO    ] Epoch:48 ===== loss:0.005141 ===== SRCC:0.9522 ===== PLCC:0.9608
[20250225 16:53:14 INFO    ] Eval done...
[20250225 16:53:14 INFO    ] Epoch 48 done. Time: 0.98min
[20250225 16:53:14 INFO    ] Running training epoch 49
[20250225 16:54:06 INFO    ] train epoch:49 / loss:0.0008019 / SRCC:0.9925 / PLCC:0.9943
[20250225 16:54:06 INFO    ] Starting eval...
[20250225 16:54:06 INFO    ] Running testing in epoch 49
[20250225 16:54:13 INFO    ] Epoch:49 ===== loss:0.005479 ===== SRCC:0.9491 ===== PLCC:0.9574
[20250225 16:54:13 INFO    ] Eval done...
[20250225 16:54:13 INFO    ] Epoch 49 done. Time: 0.98min
[20250225 16:54:13 INFO    ] Running training epoch 50
[20250225 16:55:04 INFO    ] train epoch:50 / loss:0.001142 / SRCC:0.9896 / PLCC:0.9919
[20250225 16:55:04 INFO    ] Starting eval...
[20250225 16:55:04 INFO    ] Running testing in epoch 50
[20250225 16:55:12 INFO    ] Epoch:50 ===== loss:0.00447 ===== SRCC:0.9547 ===== PLCC:0.9641
[20250225 16:55:12 INFO    ] Eval done...
[20250225 16:55:12 INFO    ] Epoch 50 done. Time: 0.98min
[20250225 16:55:12 INFO    ] Running training epoch 51
[20250225 16:56:03 INFO    ] train epoch:51 / loss:0.0006552 / SRCC:0.9931 / PLCC:0.9953
[20250225 16:56:03 INFO    ] Starting eval...
[20250225 16:56:03 INFO    ] Running testing in epoch 51
[20250225 16:56:10 INFO    ] Epoch:51 ===== loss:0.006123 ===== SRCC:0.9471 ===== PLCC:0.9496
[20250225 16:56:10 INFO    ] Eval done...
[20250225 16:56:10 INFO    ] Epoch 51 done. Time: 0.98min
[20250225 16:56:10 INFO    ] Running training epoch 52
[20250225 16:57:02 INFO    ] train epoch:52 / loss:0.000713 / SRCC:0.9924 / PLCC:0.995
[20250225 16:57:02 INFO    ] Starting eval...
[20250225 16:57:02 INFO    ] Running testing in epoch 52
[20250225 16:57:09 INFO    ] Epoch:52 ===== loss:0.004954 ===== SRCC:0.9506 ===== PLCC:0.9608
[20250225 16:57:09 INFO    ] Eval done...
[20250225 16:57:09 INFO    ] Epoch 52 done. Time: 0.98min
[20250225 16:57:09 INFO    ] Running training epoch 53
[20250225 16:58:00 INFO    ] train epoch:53 / loss:0.0009167 / SRCC:0.9906 / PLCC:0.9935
[20250225 16:58:00 INFO    ] Starting eval...
[20250225 16:58:00 INFO    ] Running testing in epoch 53
[20250225 16:58:08 INFO    ] Epoch:53 ===== loss:0.005118 ===== SRCC:0.951 ===== PLCC:0.9577
[20250225 16:58:08 INFO    ] Eval done...
[20250225 16:58:08 INFO    ] Epoch 53 done. Time: 0.98min
[20250225 16:58:08 INFO    ] Running training epoch 54
[20250225 16:58:59 INFO    ] train epoch:54 / loss:0.0007328 / SRCC:0.9915 / PLCC:0.9948
[20250225 16:58:59 INFO    ] Starting eval...
[20250225 16:58:59 INFO    ] Running testing in epoch 54
[20250225 16:59:07 INFO    ] Epoch:54 ===== loss:0.005712 ===== SRCC:0.9489 ===== PLCC:0.9591
[20250225 16:59:07 INFO    ] Eval done...
[20250225 16:59:07 INFO    ] Epoch 54 done. Time: 0.98min
[20250225 16:59:07 INFO    ] Running training epoch 55
[20250225 16:59:58 INFO    ] train epoch:55 / loss:0.001104 / SRCC:0.9897 / PLCC:0.9921
[20250225 16:59:58 INFO    ] Starting eval...
[20250225 16:59:58 INFO    ] Running testing in epoch 55
[20250225 17:00:06 INFO    ] Epoch:55 ===== loss:0.005557 ===== SRCC:0.9496 ===== PLCC:0.9559
[20250225 17:00:06 INFO    ] Eval done...
[20250225 17:00:06 INFO    ] Epoch 55 done. Time: 0.98min
[20250225 17:00:06 INFO    ] Running training epoch 56
[20250225 17:00:57 INFO    ] train epoch:56 / loss:0.0007327 / SRCC:0.9928 / PLCC:0.9949
[20250225 17:00:57 INFO    ] Starting eval...
[20250225 17:00:57 INFO    ] Running testing in epoch 56
[20250225 17:01:04 INFO    ] Epoch:56 ===== loss:0.005883 ===== SRCC:0.9452 ===== PLCC:0.9558
[20250225 17:01:04 INFO    ] Eval done...
[20250225 17:01:04 INFO    ] Epoch 56 done. Time: 0.97min
[20250225 17:01:04 INFO    ] Running training epoch 57
[20250225 17:01:55 INFO    ] train epoch:57 / loss:0.0009966 / SRCC:0.9895 / PLCC:0.9929
[20250225 17:01:55 INFO    ] Starting eval...
[20250225 17:01:55 INFO    ] Running testing in epoch 57
[20250225 17:02:03 INFO    ] Epoch:57 ===== loss:0.005455 ===== SRCC:0.9479 ===== PLCC:0.9572
[20250225 17:02:03 INFO    ] Eval done...
[20250225 17:02:03 INFO    ] Epoch 57 done. Time: 0.98min
[20250225 17:02:03 INFO    ] Running training epoch 58
[20250225 17:02:53 INFO    ] train epoch:58 / loss:0.0009923 / SRCC:0.9899 / PLCC:0.993
[20250225 17:02:53 INFO    ] Starting eval...
[20250225 17:02:53 INFO    ] Running testing in epoch 58
[20250225 17:03:01 INFO    ] Epoch:58 ===== loss:0.004565 ===== SRCC:0.9528 ===== PLCC:0.9642
[20250225 17:03:01 INFO    ] Eval done...
[20250225 17:03:01 INFO    ] Epoch 58 done. Time: 0.97min
[20250225 17:03:01 INFO    ] Running training epoch 59
[20250225 17:03:52 INFO    ] train epoch:59 / loss:0.001335 / SRCC:0.9867 / PLCC:0.9906
[20250225 17:03:52 INFO    ] Starting eval...
[20250225 17:03:52 INFO    ] Running testing in epoch 59
[20250225 17:04:00 INFO    ] Epoch:59 ===== loss:0.004743 ===== SRCC:0.9491 ===== PLCC:0.9619
[20250225 17:04:00 INFO    ] Eval done...
[20250225 17:04:00 INFO    ] Epoch 59 done. Time: 0.98min
[20250225 17:04:00 INFO    ] Running training epoch 60
[20250225 17:04:51 INFO    ] train epoch:60 / loss:0.0007948 / SRCC:0.9908 / PLCC:0.9944
[20250225 17:04:51 INFO    ] Starting eval...
[20250225 17:04:51 INFO    ] Running testing in epoch 60
[20250225 17:04:58 INFO    ] Epoch:60 ===== loss:0.005979 ===== SRCC:0.9412 ===== PLCC:0.9535
[20250225 17:04:58 INFO    ] Eval done...
[20250225 17:04:58 INFO    ] Epoch 60 done. Time: 0.97min
[20250225 17:04:58 INFO    ] Running training epoch 61
[20250225 17:05:49 INFO    ] train epoch:61 / loss:0.0006152 / SRCC:0.9932 / PLCC:0.9956
[20250225 17:05:49 INFO    ] Starting eval...
[20250225 17:05:49 INFO    ] Running testing in epoch 61
[20250225 17:05:56 INFO    ] Epoch:61 ===== loss:0.004052 ===== SRCC:0.9561 ===== PLCC:0.9667
[20250225 17:05:56 INFO    ] Eval done...
[20250225 17:05:56 INFO    ] Epoch 61 done. Time: 0.97min
[20250225 17:05:56 INFO    ] Running training epoch 62
[20250225 17:06:47 INFO    ] train epoch:62 / loss:0.001133 / SRCC:0.9876 / PLCC:0.9919
[20250225 17:06:47 INFO    ] Starting eval...
[20250225 17:06:47 INFO    ] Running testing in epoch 62
[20250225 17:06:55 INFO    ] Epoch:62 ===== loss:0.006344 ===== SRCC:0.9349 ===== PLCC:0.9478
[20250225 17:06:55 INFO    ] Eval done...
[20250225 17:06:55 INFO    ] Epoch 62 done. Time: 0.98min
[20250225 17:06:55 INFO    ] Running training epoch 63
[20250225 17:07:46 INFO    ] train epoch:63 / loss:0.0008344 / SRCC:0.9915 / PLCC:0.9941
[20250225 17:07:46 INFO    ] Starting eval...
[20250225 17:07:46 INFO    ] Running testing in epoch 63
[20250225 17:07:54 INFO    ] Epoch:63 ===== loss:0.006141 ===== SRCC:0.9405 ===== PLCC:0.9502
[20250225 17:07:54 INFO    ] Eval done...
[20250225 17:07:54 INFO    ] Epoch 63 done. Time: 0.98min
[20250225 17:07:54 INFO    ] Running training epoch 64
[20250225 17:08:45 INFO    ] train epoch:64 / loss:0.0009064 / SRCC:0.9903 / PLCC:0.9935
[20250225 17:08:45 INFO    ] Starting eval...
[20250225 17:08:45 INFO    ] Running testing in epoch 64
[20250225 17:08:52 INFO    ] Epoch:64 ===== loss:0.004834 ===== SRCC:0.9515 ===== PLCC:0.961
[20250225 17:08:52 INFO    ] Eval done...
[20250225 17:08:52 INFO    ] Epoch 64 done. Time: 0.98min
[20250225 17:08:52 INFO    ] Running training epoch 65
[20250225 17:09:43 INFO    ] train epoch:65 / loss:0.0007451 / SRCC:0.9914 / PLCC:0.9948
[20250225 17:09:43 INFO    ] Starting eval...
[20250225 17:09:43 INFO    ] Running testing in epoch 65
[20250225 17:09:51 INFO    ] Epoch:65 ===== loss:0.006117 ===== SRCC:0.9437 ===== PLCC:0.9524
[20250225 17:09:51 INFO    ] Eval done...
[20250225 17:09:51 INFO    ] Epoch 65 done. Time: 0.97min
[20250225 17:09:51 INFO    ] Running training epoch 66
[20250225 17:10:42 INFO    ] train epoch:66 / loss:0.0006948 / SRCC:0.9923 / PLCC:0.9951
[20250225 17:10:42 INFO    ] Starting eval...
[20250225 17:10:42 INFO    ] Running testing in epoch 66
[20250225 17:10:49 INFO    ] Epoch:66 ===== loss:0.00531 ===== SRCC:0.9497 ===== PLCC:0.9572
[20250225 17:10:49 INFO    ] Eval done...
[20250225 17:10:49 INFO    ] Epoch 66 done. Time: 0.97min
[20250225 17:10:49 INFO    ] Running training epoch 67
[20250225 17:11:40 INFO    ] train epoch:67 / loss:0.0007482 / SRCC:0.9917 / PLCC:0.9947
[20250225 17:11:40 INFO    ] Starting eval...
[20250225 17:11:40 INFO    ] Running testing in epoch 67
[20250225 17:11:48 INFO    ] Epoch:67 ===== loss:0.0058 ===== SRCC:0.9492 ===== PLCC:0.9596
[20250225 17:11:48 INFO    ] Eval done...
[20250225 17:11:48 INFO    ] Epoch 67 done. Time: 0.97min
[20250225 17:11:48 INFO    ] Running training epoch 68
[20250225 17:12:39 INFO    ] train epoch:68 / loss:0.0007477 / SRCC:0.9918 / PLCC:0.9947
[20250225 17:12:39 INFO    ] Starting eval...
[20250225 17:12:39 INFO    ] Running testing in epoch 68
[20250225 17:12:46 INFO    ] Epoch:68 ===== loss:0.004663 ===== SRCC:0.952 ===== PLCC:0.962
[20250225 17:12:46 INFO    ] Eval done...
[20250225 17:12:46 INFO    ] Epoch 68 done. Time: 0.97min
[20250225 17:12:46 INFO    ] Running training epoch 69
[20250225 17:13:37 INFO    ] train epoch:69 / loss:0.0008497 / SRCC:0.9905 / PLCC:0.994
[20250225 17:13:37 INFO    ] Starting eval...
[20250225 17:13:37 INFO    ] Running testing in epoch 69
[20250225 17:13:44 INFO    ] Epoch:69 ===== loss:0.005388 ===== SRCC:0.9456 ===== PLCC:0.9569
[20250225 17:13:44 INFO    ] Eval done...
[20250225 17:13:44 INFO    ] Epoch 69 done. Time: 0.97min
[20250225 17:13:44 INFO    ] Running training epoch 70
[20250225 17:14:36 INFO    ] train epoch:70 / loss:0.0006624 / SRCC:0.9927 / PLCC:0.9953
[20250225 17:14:36 INFO    ] Starting eval...
[20250225 17:14:36 INFO    ] Running testing in epoch 70
[20250225 17:14:43 INFO    ] Epoch:70 ===== loss:0.005095 ===== SRCC:0.9537 ===== PLCC:0.9628
[20250225 17:14:43 INFO    ] Eval done...
[20250225 17:14:43 INFO    ] Epoch 70 done. Time: 0.98min
[20250225 17:14:43 INFO    ] Running training epoch 71
[20250225 17:15:34 INFO    ] train epoch:71 / loss:0.0008747 / SRCC:0.992 / PLCC:0.9938
[20250225 17:15:34 INFO    ] Starting eval...
[20250225 17:15:34 INFO    ] Running testing in epoch 71
[20250225 17:15:42 INFO    ] Epoch:71 ===== loss:0.004592 ===== SRCC:0.9512 ===== PLCC:0.9627
[20250225 17:15:42 INFO    ] Eval done...
[20250225 17:15:42 INFO    ] Epoch 71 done. Time: 0.98min
[20250225 17:15:42 INFO    ] Running training epoch 72
[20250225 17:16:33 INFO    ] train epoch:72 / loss:0.000631 / SRCC:0.9927 / PLCC:0.9955
[20250225 17:16:33 INFO    ] Starting eval...
[20250225 17:16:33 INFO    ] Running testing in epoch 72
[20250225 17:16:41 INFO    ] Epoch:72 ===== loss:0.005539 ===== SRCC:0.9452 ===== PLCC:0.9568
[20250225 17:16:41 INFO    ] Eval done...
[20250225 17:16:41 INFO    ] Epoch 72 done. Time: 0.98min
[20250225 17:16:41 INFO    ] Running training epoch 73
[20250225 17:17:32 INFO    ] train epoch:73 / loss:0.0007146 / SRCC:0.9913 / PLCC:0.9949
[20250225 17:17:32 INFO    ] Starting eval...
[20250225 17:17:32 INFO    ] Running testing in epoch 73
[20250225 17:17:39 INFO    ] Epoch:73 ===== loss:0.004873 ===== SRCC:0.9539 ===== PLCC:0.9606
[20250225 17:17:39 INFO    ] Eval done...
[20250225 17:17:39 INFO    ] Epoch 73 done. Time: 0.98min
[20250225 17:17:39 INFO    ] Running training epoch 74
[20250225 17:18:30 INFO    ] train epoch:74 / loss:0.0006924 / SRCC:0.9923 / PLCC:0.995
[20250225 17:18:30 INFO    ] Starting eval...
[20250225 17:18:30 INFO    ] Running testing in epoch 74
[20250225 17:18:38 INFO    ] Epoch:74 ===== loss:0.004843 ===== SRCC:0.9521 ===== PLCC:0.9621
[20250225 17:18:38 INFO    ] Eval done...
[20250225 17:18:38 INFO    ] Epoch 74 done. Time: 0.98min
[20250225 17:18:38 INFO    ] Running training epoch 75
[20250225 17:19:29 INFO    ] train epoch:75 / loss:0.0005713 / SRCC:0.9936 / PLCC:0.996
[20250225 17:19:29 INFO    ] Starting eval...
[20250225 17:19:29 INFO    ] Running testing in epoch 75
[20250225 17:19:37 INFO    ] Epoch:75 ===== loss:0.004516 ===== SRCC:0.9564 ===== PLCC:0.9627
[20250225 17:19:37 INFO    ] Eval done...
[20250225 17:19:37 INFO    ] Epoch 75 done. Time: 0.98min
[20250225 17:19:37 INFO    ] Running training epoch 76
[20250225 17:20:28 INFO    ] train epoch:76 / loss:0.00106 / SRCC:0.9887 / PLCC:0.9925
[20250225 17:20:28 INFO    ] Starting eval...
[20250225 17:20:28 INFO    ] Running testing in epoch 76
[20250225 17:20:35 INFO    ] Epoch:76 ===== loss:0.005384 ===== SRCC:0.9513 ===== PLCC:0.9573
[20250225 17:20:35 INFO    ] Eval done...
[20250225 17:20:35 INFO    ] Epoch 76 done. Time: 0.98min
[20250225 17:20:35 INFO    ] Running training epoch 77
[20250225 17:21:27 INFO    ] train epoch:77 / loss:0.0008039 / SRCC:0.9918 / PLCC:0.9944
[20250225 17:21:27 INFO    ] Starting eval...
[20250225 17:21:27 INFO    ] Running testing in epoch 77
[20250225 17:21:34 INFO    ] Epoch:77 ===== loss:0.004624 ===== SRCC:0.9526 ===== PLCC:0.9617
[20250225 17:21:34 INFO    ] Eval done...
[20250225 17:21:34 INFO    ] Epoch 77 done. Time: 0.98min
[20250225 17:21:34 INFO    ] Running training epoch 78
[20250225 17:22:25 INFO    ] train epoch:78 / loss:0.0006416 / SRCC:0.9928 / PLCC:0.9955
[20250225 17:22:25 INFO    ] Starting eval...
[20250225 17:22:25 INFO    ] Running testing in epoch 78
[20250225 17:22:33 INFO    ] Epoch:78 ===== loss:0.004871 ===== SRCC:0.9559 ===== PLCC:0.9612
[20250225 17:22:33 INFO    ] Eval done...
[20250225 17:22:33 INFO    ] Epoch 78 done. Time: 0.97min
[20250225 17:22:33 INFO    ] Running training epoch 79
[20250225 17:23:24 INFO    ] train epoch:79 / loss:0.0004857 / SRCC:0.9943 / PLCC:0.9966
[20250225 17:23:24 INFO    ] Starting eval...
[20250225 17:23:24 INFO    ] Running testing in epoch 79
[20250225 17:23:31 INFO    ] Epoch:79 ===== loss:0.004462 ===== SRCC:0.9564 ===== PLCC:0.9632
[20250225 17:23:31 INFO    ] Eval done...
[20250225 17:23:31 INFO    ] Epoch 79 done. Time: 0.98min
[20250225 17:23:31 INFO    ] Running training epoch 80
[20250225 17:24:22 INFO    ] train epoch:80 / loss:0.0005609 / SRCC:0.9935 / PLCC:0.996
[20250225 17:24:22 INFO    ] Starting eval...
[20250225 17:24:22 INFO    ] Running testing in epoch 80
[20250225 17:24:30 INFO    ] Epoch:80 ===== loss:0.00451 ===== SRCC:0.9557 ===== PLCC:0.9642
[20250225 17:24:30 INFO    ] Eval done...
[20250225 17:24:30 INFO    ] Epoch 80 done. Time: 0.98min
[20250225 17:24:30 INFO    ] Running training epoch 81
[20250225 17:25:22 INFO    ] train epoch:81 / loss:0.0005832 / SRCC:0.994 / PLCC:0.9959
[20250225 17:25:22 INFO    ] Starting eval...
[20250225 17:25:22 INFO    ] Running testing in epoch 81
[20250225 17:25:29 INFO    ] Epoch:81 ===== loss:0.005627 ===== SRCC:0.9457 ===== PLCC:0.9573
[20250225 17:25:29 INFO    ] Eval done...
[20250225 17:25:29 INFO    ] Epoch 81 done. Time: 0.98min
[20250225 17:25:29 INFO    ] Running training epoch 82
[20250225 17:26:20 INFO    ] train epoch:82 / loss:0.0005688 / SRCC:0.9934 / PLCC:0.996
[20250225 17:26:20 INFO    ] Starting eval...
[20250225 17:26:20 INFO    ] Running testing in epoch 82
[20250225 17:26:28 INFO    ] Epoch:82 ===== loss:0.004437 ===== SRCC:0.9537 ===== PLCC:0.9639
[20250225 17:26:28 INFO    ] Eval done...
[20250225 17:26:28 INFO    ] Epoch 82 done. Time: 0.98min
[20250225 17:26:28 INFO    ] Running training epoch 83
[20250225 17:27:19 INFO    ] train epoch:83 / loss:0.0007782 / SRCC:0.9927 / PLCC:0.9945
[20250225 17:27:19 INFO    ] Starting eval...
[20250225 17:27:19 INFO    ] Running testing in epoch 83
[20250225 17:27:26 INFO    ] Epoch:83 ===== loss:0.004672 ===== SRCC:0.9511 ===== PLCC:0.9615
[20250225 17:27:26 INFO    ] Eval done...
[20250225 17:27:26 INFO    ] Epoch 83 done. Time: 0.98min
[20250225 17:27:26 INFO    ] Running training epoch 84
[20250225 17:28:18 INFO    ] train epoch:84 / loss:0.0005827 / SRCC:0.9938 / PLCC:0.9959
[20250225 17:28:18 INFO    ] Starting eval...
[20250225 17:28:18 INFO    ] Running testing in epoch 84
[20250225 17:28:25 INFO    ] Epoch:84 ===== loss:0.004747 ===== SRCC:0.9508 ===== PLCC:0.963
[20250225 17:28:25 INFO    ] Eval done...
[20250225 17:28:25 INFO    ] Epoch 84 done. Time: 0.98min
[20250225 17:28:25 INFO    ] Running training epoch 85
[20250225 17:29:17 INFO    ] train epoch:85 / loss:0.0009727 / SRCC:0.9902 / PLCC:0.9931
[20250225 17:29:17 INFO    ] Starting eval...
[20250225 17:29:17 INFO    ] Running testing in epoch 85
[20250225 17:29:24 INFO    ] Epoch:85 ===== loss:0.004611 ===== SRCC:0.9544 ===== PLCC:0.9647
[20250225 17:29:24 INFO    ] Eval done...
[20250225 17:29:24 INFO    ] Epoch 85 done. Time: 0.98min
[20250225 17:29:24 INFO    ] Running training epoch 86
[20250225 17:30:16 INFO    ] train epoch:86 / loss:0.0006324 / SRCC:0.9927 / PLCC:0.9955
[20250225 17:30:16 INFO    ] Starting eval...
[20250225 17:30:16 INFO    ] Running testing in epoch 86
[20250225 17:30:23 INFO    ] Epoch:86 ===== loss:0.005316 ===== SRCC:0.952 ===== PLCC:0.9575
[20250225 17:30:23 INFO    ] Eval done...
[20250225 17:30:23 INFO    ] Epoch 86 done. Time: 0.98min
[20250225 17:30:23 INFO    ] Running training epoch 87
[20250225 17:31:14 INFO    ] train epoch:87 / loss:0.0006535 / SRCC:0.9936 / PLCC:0.9954
[20250225 17:31:14 INFO    ] Starting eval...
[20250225 17:31:14 INFO    ] Running testing in epoch 87
[20250225 17:31:22 INFO    ] Epoch:87 ===== loss:0.004981 ===== SRCC:0.9503 ===== PLCC:0.9597
[20250225 17:31:22 INFO    ] Eval done...
[20250225 17:31:22 INFO    ] Epoch 87 done. Time: 0.98min
[20250225 17:31:22 INFO    ] Running training epoch 88
[20250225 17:32:13 INFO    ] train epoch:88 / loss:0.000655 / SRCC:0.9923 / PLCC:0.9954
[20250225 17:32:13 INFO    ] Starting eval...
[20250225 17:32:13 INFO    ] Running testing in epoch 88
[20250225 17:32:21 INFO    ] Epoch:88 ===== loss:0.004816 ===== SRCC:0.9531 ===== PLCC:0.9612
[20250225 17:32:21 INFO    ] Eval done...
[20250225 17:32:21 INFO    ] Epoch 88 done. Time: 0.98min
[20250225 17:32:21 INFO    ] Running training epoch 89
[20250225 17:33:12 INFO    ] train epoch:89 / loss:0.0006015 / SRCC:0.9939 / PLCC:0.9957
[20250225 17:33:12 INFO    ] Starting eval...
[20250225 17:33:12 INFO    ] Running testing in epoch 89
[20250225 17:33:20 INFO    ] Epoch:89 ===== loss:0.003869 ===== SRCC:0.9586 ===== PLCC:0.9689
[20250225 17:33:20 INFO    ] Eval done...
[20250225 17:33:20 INFO    ] ======================================================================================
[20250225 17:33:20 INFO    ] ============================== best main score is 1.9275329767512086 =================================
[20250225 17:33:20 INFO    ] ======================================================================================
[20250225 17:33:21 INFO    ] Saving weights and model of epoch89, SRCC:0.9585868153298972, PLCC:0.9689461614213115
[20250225 17:33:21 INFO    ] Epoch 89 done. Time: 1.0min
[20250225 17:33:21 INFO    ] Running training epoch 90
[20250225 17:34:12 INFO    ] train epoch:90 / loss:0.0006389 / SRCC:0.9924 / PLCC:0.9954
[20250225 17:34:12 INFO    ] Starting eval...
[20250225 17:34:12 INFO    ] Running testing in epoch 90
[20250225 17:34:19 INFO    ] Epoch:90 ===== loss:0.005481 ===== SRCC:0.942 ===== PLCC:0.9546
[20250225 17:34:19 INFO    ] Eval done...
[20250225 17:34:19 INFO    ] Epoch 90 done. Time: 0.98min
[20250225 17:34:19 INFO    ] Running training epoch 91
[20250225 17:35:11 INFO    ] train epoch:91 / loss:0.0005916 / SRCC:0.9935 / PLCC:0.9959
[20250225 17:35:11 INFO    ] Starting eval...
[20250225 17:35:11 INFO    ] Running testing in epoch 91
[20250225 17:35:18 INFO    ] Epoch:91 ===== loss:0.004648 ===== SRCC:0.9548 ===== PLCC:0.9636
[20250225 17:35:18 INFO    ] Eval done...
[20250225 17:35:18 INFO    ] Epoch 91 done. Time: 0.99min
[20250225 17:35:18 INFO    ] Running training epoch 92
[20250225 17:36:10 INFO    ] train epoch:92 / loss:0.000682 / SRCC:0.9922 / PLCC:0.9951
[20250225 17:36:10 INFO    ] Starting eval...
[20250225 17:36:10 INFO    ] Running testing in epoch 92
[20250225 17:36:17 INFO    ] Epoch:92 ===== loss:0.004157 ===== SRCC:0.9571 ===== PLCC:0.9663
[20250225 17:36:17 INFO    ] Eval done...
[20250225 17:36:17 INFO    ] Epoch 92 done. Time: 0.98min
[20250225 17:36:17 INFO    ] Running training epoch 93
[20250225 17:37:09 INFO    ] train epoch:93 / loss:0.0004649 / SRCC:0.9948 / PLCC:0.9967
[20250225 17:37:09 INFO    ] Starting eval...
[20250225 17:37:09 INFO    ] Running testing in epoch 93
[20250225 17:37:17 INFO    ] Epoch:93 ===== loss:0.005147 ===== SRCC:0.9512 ===== PLCC:0.9597
[20250225 17:37:17 INFO    ] Eval done...
[20250225 17:37:17 INFO    ] Epoch 93 done. Time: 0.99min
[20250225 17:37:17 INFO    ] Running training epoch 94
[20250225 17:38:08 INFO    ] train epoch:94 / loss:0.0006318 / SRCC:0.9934 / PLCC:0.9955
[20250225 17:38:08 INFO    ] Starting eval...
[20250225 17:38:08 INFO    ] Running testing in epoch 94
[20250225 17:38:15 INFO    ] Epoch:94 ===== loss:0.005496 ===== SRCC:0.9463 ===== PLCC:0.9554
[20250225 17:38:15 INFO    ] Eval done...
[20250225 17:38:15 INFO    ] Epoch 94 done. Time: 0.98min
[20250225 17:38:15 INFO    ] Running training epoch 95
[20250225 17:39:07 INFO    ] train epoch:95 / loss:0.0004783 / SRCC:0.9947 / PLCC:0.9966
[20250225 17:39:07 INFO    ] Starting eval...
[20250225 17:39:07 INFO    ] Running testing in epoch 95
[20250225 17:39:14 INFO    ] Epoch:95 ===== loss:0.004311 ===== SRCC:0.9544 ===== PLCC:0.9647
[20250225 17:39:14 INFO    ] Eval done...
[20250225 17:39:14 INFO    ] Epoch 95 done. Time: 0.98min
[20250225 17:39:14 INFO    ] Running training epoch 96
[20250225 17:40:06 INFO    ] train epoch:96 / loss:0.0005485 / SRCC:0.9935 / PLCC:0.9961
[20250225 17:40:06 INFO    ] Starting eval...
[20250225 17:40:06 INFO    ] Running testing in epoch 96
[20250225 17:40:13 INFO    ] Epoch:96 ===== loss:0.005559 ===== SRCC:0.9477 ===== PLCC:0.9564
[20250225 17:40:13 INFO    ] Eval done...
[20250225 17:40:13 INFO    ] Epoch 96 done. Time: 0.98min
[20250225 17:40:13 INFO    ] Running training epoch 97
[20250225 17:41:04 INFO    ] train epoch:97 / loss:0.001452 / SRCC:0.9839 / PLCC:0.9897
[20250225 17:41:04 INFO    ] Starting eval...
[20250225 17:41:04 INFO    ] Running testing in epoch 97
[20250225 17:41:12 INFO    ] Epoch:97 ===== loss:0.004193 ===== SRCC:0.9612 ===== PLCC:0.968
[20250225 17:41:12 INFO    ] Eval done...
[20250225 17:41:12 INFO    ] ======================================================================================
[20250225 17:41:12 INFO    ] ============================== best main score is 1.9292345090861402 =================================
[20250225 17:41:12 INFO    ] ======================================================================================
[20250225 17:41:13 INFO    ] Saving weights and model of epoch97, SRCC:0.9611986685118601, PLCC:0.9680358405742802
[20250225 17:41:13 INFO    ] Epoch 97 done. Time: 1.0min
[20250225 17:41:13 INFO    ] Running training epoch 98
[20250225 17:42:04 INFO    ] train epoch:98 / loss:0.001056 / SRCC:0.9885 / PLCC:0.9925
[20250225 17:42:04 INFO    ] Starting eval...
[20250225 17:42:04 INFO    ] Running testing in epoch 98
[20250225 17:42:11 INFO    ] Epoch:98 ===== loss:0.003932 ===== SRCC:0.9586 ===== PLCC:0.9676
[20250225 17:42:12 INFO    ] Eval done...
[20250225 17:42:12 INFO    ] Epoch 98 done. Time: 0.98min
[20250225 17:42:12 INFO    ] Running training epoch 99
[20250225 17:43:03 INFO    ] train epoch:99 / loss:0.0007796 / SRCC:0.9915 / PLCC:0.9944
[20250225 17:43:03 INFO    ] Starting eval...
[20250225 17:43:03 INFO    ] Running testing in epoch 99
[20250225 17:43:10 INFO    ] Epoch:99 ===== loss:0.0043 ===== SRCC:0.9584 ===== PLCC:0.9659
[20250225 17:43:10 INFO    ] Eval done...
[20250225 17:43:10 INFO    ] Epoch 99 done. Time: 0.98min
[20250225 17:43:10 INFO    ] Running training epoch 100
[20250225 17:44:02 INFO    ] train epoch:100 / loss:0.0004542 / SRCC:0.9945 / PLCC:0.9968
[20250225 17:44:02 INFO    ] Starting eval...
[20250225 17:44:02 INFO    ] Running testing in epoch 100
[20250225 17:44:09 INFO    ] Epoch:100 ===== loss:0.004969 ===== SRCC:0.9577 ===== PLCC:0.9625
[20250225 17:44:09 INFO    ] Eval done...
[20250225 17:44:09 INFO    ] Epoch 100 done. Time: 0.98min
[20250225 17:44:09 INFO    ] Running training epoch 101
[20250225 17:45:01 INFO    ] train epoch:101 / loss:0.0007637 / SRCC:0.992 / PLCC:0.9946
[20250225 17:45:01 INFO    ] Starting eval...
[20250225 17:45:01 INFO    ] Running testing in epoch 101
[20250225 17:45:08 INFO    ] Epoch:101 ===== loss:0.004924 ===== SRCC:0.9542 ===== PLCC:0.9602
[20250225 17:45:08 INFO    ] Eval done...
[20250225 17:45:08 INFO    ] Epoch 101 done. Time: 0.98min
[20250225 17:45:08 INFO    ] Running training epoch 102
[20250225 17:46:00 INFO    ] train epoch:102 / loss:0.0005371 / SRCC:0.9936 / PLCC:0.9962
[20250225 17:46:00 INFO    ] Starting eval...
[20250225 17:46:00 INFO    ] Running testing in epoch 102
[20250225 17:46:07 INFO    ] Epoch:102 ===== loss:0.005217 ===== SRCC:0.9514 ===== PLCC:0.9596
[20250225 17:46:07 INFO    ] Eval done...
[20250225 17:46:07 INFO    ] Epoch 102 done. Time: 0.98min
[20250225 17:46:07 INFO    ] Running training epoch 103
[20250225 17:46:58 INFO    ] train epoch:103 / loss:0.0004917 / SRCC:0.9945 / PLCC:0.9965
[20250225 17:46:58 INFO    ] Starting eval...
[20250225 17:46:58 INFO    ] Running testing in epoch 103
[20250225 17:47:06 INFO    ] Epoch:103 ===== loss:0.004763 ===== SRCC:0.9525 ===== PLCC:0.9616
[20250225 17:47:06 INFO    ] Eval done...
[20250225 17:47:06 INFO    ] Epoch 103 done. Time: 0.98min
[20250225 17:47:06 INFO    ] Running training epoch 104
[20250225 17:47:57 INFO    ] train epoch:104 / loss:0.0007223 / SRCC:0.9923 / PLCC:0.9949
[20250225 17:47:57 INFO    ] Starting eval...
[20250225 17:47:57 INFO    ] Running testing in epoch 104
[20250225 17:48:05 INFO    ] Epoch:104 ===== loss:0.004622 ===== SRCC:0.9559 ===== PLCC:0.9627
[20250225 17:48:05 INFO    ] Eval done...
[20250225 17:48:05 INFO    ] Epoch 104 done. Time: 0.98min
[20250225 17:48:05 INFO    ] Running training epoch 105
[20250225 17:48:56 INFO    ] train epoch:105 / loss:0.0005034 / SRCC:0.9948 / PLCC:0.9964
[20250225 17:48:56 INFO    ] Starting eval...
[20250225 17:48:56 INFO    ] Running testing in epoch 105
[20250225 17:49:03 INFO    ] Epoch:105 ===== loss:0.004189 ===== SRCC:0.9562 ===== PLCC:0.9654
[20250225 17:49:03 INFO    ] Eval done...
[20250225 17:49:03 INFO    ] Epoch 105 done. Time: 0.98min
[20250225 17:49:03 INFO    ] Running training epoch 106
[20250225 17:49:55 INFO    ] train epoch:106 / loss:0.0005097 / SRCC:0.9939 / PLCC:0.9964
[20250225 17:49:55 INFO    ] Starting eval...
[20250225 17:49:55 INFO    ] Running testing in epoch 106
[20250225 17:50:02 INFO    ] Epoch:106 ===== loss:0.005183 ===== SRCC:0.9488 ===== PLCC:0.9587
[20250225 17:50:02 INFO    ] Eval done...
[20250225 17:50:02 INFO    ] Epoch 106 done. Time: 0.97min
[20250225 17:50:02 INFO    ] Running training epoch 107
[20250225 17:50:53 INFO    ] train epoch:107 / loss:0.0005623 / SRCC:0.9937 / PLCC:0.996
[20250225 17:50:53 INFO    ] Starting eval...
[20250225 17:50:53 INFO    ] Running testing in epoch 107
[20250225 17:51:01 INFO    ] Epoch:107 ===== loss:0.003914 ===== SRCC:0.9596 ===== PLCC:0.9679
[20250225 17:51:01 INFO    ] Eval done...
[20250225 17:51:01 INFO    ] Epoch 107 done. Time: 0.98min
[20250225 17:51:01 INFO    ] Running training epoch 108
[20250225 17:51:52 INFO    ] train epoch:108 / loss:0.0006354 / SRCC:0.9935 / PLCC:0.9955
[20250225 17:51:52 INFO    ] Starting eval...
[20250225 17:51:52 INFO    ] Running testing in epoch 108
[20250225 17:51:59 INFO    ] Epoch:108 ===== loss:0.004276 ===== SRCC:0.959 ===== PLCC:0.9656
[20250225 17:51:59 INFO    ] Eval done...
[20250225 17:51:59 INFO    ] Epoch 108 done. Time: 0.98min
[20250225 17:51:59 INFO    ] Running training epoch 109
[20250225 17:52:50 INFO    ] train epoch:109 / loss:0.0005482 / SRCC:0.9937 / PLCC:0.9961
[20250225 17:52:50 INFO    ] Starting eval...
[20250225 17:52:50 INFO    ] Running testing in epoch 109
[20250225 17:52:57 INFO    ] Epoch:109 ===== loss:0.005281 ===== SRCC:0.9487 ===== PLCC:0.9575
[20250225 17:52:57 INFO    ] Eval done...
[20250225 17:52:57 INFO    ] Epoch 109 done. Time: 0.97min
[20250225 17:52:57 INFO    ] Running training epoch 110
[20250225 17:53:49 INFO    ] train epoch:110 / loss:0.000594 / SRCC:0.9938 / PLCC:0.9958
[20250225 17:53:49 INFO    ] Starting eval...
[20250225 17:53:49 INFO    ] Running testing in epoch 110
[20250225 17:53:56 INFO    ] Epoch:110 ===== loss:0.004327 ===== SRCC:0.9579 ===== PLCC:0.9644
[20250225 17:53:56 INFO    ] Eval done...
[20250225 17:53:56 INFO    ] Epoch 110 done. Time: 0.98min
[20250225 17:53:56 INFO    ] Running training epoch 111
[20250225 17:54:47 INFO    ] train epoch:111 / loss:0.0005553 / SRCC:0.9933 / PLCC:0.9961
[20250225 17:54:47 INFO    ] Starting eval...
[20250225 17:54:47 INFO    ] Running testing in epoch 111
[20250225 17:54:55 INFO    ] Epoch:111 ===== loss:0.005507 ===== SRCC:0.9515 ===== PLCC:0.9561
[20250225 17:54:55 INFO    ] Eval done...
[20250225 17:54:55 INFO    ] Epoch 111 done. Time: 0.98min
[20250225 17:54:55 INFO    ] Running training epoch 112
[20250225 17:55:46 INFO    ] train epoch:112 / loss:0.000482 / SRCC:0.9947 / PLCC:0.9966
[20250225 17:55:46 INFO    ] Starting eval...
[20250225 17:55:46 INFO    ] Running testing in epoch 112
[20250225 17:55:53 INFO    ] Epoch:112 ===== loss:0.00591 ===== SRCC:0.9531 ===== PLCC:0.9548
[20250225 17:55:53 INFO    ] Eval done...
[20250225 17:55:53 INFO    ] Epoch 112 done. Time: 0.98min
[20250225 17:55:53 INFO    ] Running training epoch 113
[20250225 17:56:45 INFO    ] train epoch:113 / loss:0.0005812 / SRCC:0.993 / PLCC:0.9959
[20250225 17:56:45 INFO    ] Starting eval...
[20250225 17:56:45 INFO    ] Running testing in epoch 113
[20250225 17:56:52 INFO    ] Epoch:113 ===== loss:0.004748 ===== SRCC:0.9528 ===== PLCC:0.9615
[20250225 17:56:52 INFO    ] Eval done...
[20250225 17:56:52 INFO    ] Epoch 113 done. Time: 0.97min
[20250225 17:56:52 INFO    ] Running training epoch 114
[20250225 17:57:43 INFO    ] train epoch:114 / loss:0.0004824 / SRCC:0.9941 / PLCC:0.9966
[20250225 17:57:43 INFO    ] Starting eval...
[20250225 17:57:43 INFO    ] Running testing in epoch 114
[20250225 17:57:50 INFO    ] Epoch:114 ===== loss:0.005027 ===== SRCC:0.9534 ===== PLCC:0.9636
[20250225 17:57:50 INFO    ] Eval done...
[20250225 17:57:50 INFO    ] Epoch 114 done. Time: 0.98min
[20250225 17:57:50 INFO    ] Running training epoch 115
[20250225 17:58:41 INFO    ] train epoch:115 / loss:0.0007596 / SRCC:0.9921 / PLCC:0.9946
[20250225 17:58:41 INFO    ] Starting eval...
[20250225 17:58:41 INFO    ] Running testing in epoch 115
[20250225 17:58:49 INFO    ] Epoch:115 ===== loss:0.004469 ===== SRCC:0.9546 ===== PLCC:0.9646
[20250225 17:58:49 INFO    ] Eval done...
[20250225 17:58:49 INFO    ] Epoch 115 done. Time: 0.97min
[20250225 17:58:49 INFO    ] Running training epoch 116
[20250225 17:59:40 INFO    ] train epoch:116 / loss:0.0005693 / SRCC:0.9944 / PLCC:0.9959
[20250225 17:59:40 INFO    ] Starting eval...
[20250225 17:59:40 INFO    ] Running testing in epoch 116
[20250225 17:59:47 INFO    ] Epoch:116 ===== loss:0.005026 ===== SRCC:0.9469 ===== PLCC:0.9591
[20250225 17:59:47 INFO    ] Eval done...
[20250225 17:59:47 INFO    ] Epoch 116 done. Time: 0.98min
[20250225 17:59:47 INFO    ] Running training epoch 117
[20250225 18:00:39 INFO    ] train epoch:117 / loss:0.0006035 / SRCC:0.9936 / PLCC:0.9957
[20250225 18:00:39 INFO    ] Starting eval...
[20250225 18:00:39 INFO    ] Running testing in epoch 117
[20250225 18:00:46 INFO    ] Epoch:117 ===== loss:0.005276 ===== SRCC:0.9501 ===== PLCC:0.958
[20250225 18:00:46 INFO    ] Eval done...
[20250225 18:00:46 INFO    ] Epoch 117 done. Time: 0.97min
[20250225 18:00:46 INFO    ] Running training epoch 118
[20250225 18:01:37 INFO    ] train epoch:118 / loss:0.0004214 / SRCC:0.9953 / PLCC:0.997
[20250225 18:01:37 INFO    ] Starting eval...
[20250225 18:01:37 INFO    ] Running testing in epoch 118
[20250225 18:01:45 INFO    ] Epoch:118 ===== loss:0.005249 ===== SRCC:0.9496 ===== PLCC:0.9572
[20250225 18:01:45 INFO    ] Eval done...
[20250225 18:01:45 INFO    ] Epoch 118 done. Time: 0.98min
[20250225 18:01:45 INFO    ] Running training epoch 119
[20250225 18:02:36 INFO    ] train epoch:119 / loss:0.0005685 / SRCC:0.9933 / PLCC:0.996
[20250225 18:02:36 INFO    ] Starting eval...
[20250225 18:02:36 INFO    ] Running testing in epoch 119
[20250225 18:02:43 INFO    ] Epoch:119 ===== loss:0.005126 ===== SRCC:0.9553 ===== PLCC:0.9601
[20250225 18:02:43 INFO    ] Eval done...
[20250225 18:02:43 INFO    ] Epoch 119 done. Time: 0.98min
[20250225 18:02:43 INFO    ] Running training epoch 120
[20250225 18:03:35 INFO    ] train epoch:120 / loss:0.0006988 / SRCC:0.9915 / PLCC:0.995
[20250225 18:03:35 INFO    ] Starting eval...
[20250225 18:03:35 INFO    ] Running testing in epoch 120
[20250225 18:03:42 INFO    ] Epoch:120 ===== loss:0.005304 ===== SRCC:0.9497 ===== PLCC:0.9576
[20250225 18:03:42 INFO    ] Eval done...
[20250225 18:03:42 INFO    ] Epoch 120 done. Time: 0.98min
[20250225 18:03:42 INFO    ] Running training epoch 121
[20250225 18:04:34 INFO    ] train epoch:121 / loss:0.0005386 / SRCC:0.9946 / PLCC:0.9962
[20250225 18:04:34 INFO    ] Starting eval...
[20250225 18:04:34 INFO    ] Running testing in epoch 121
[20250225 18:04:41 INFO    ] Epoch:121 ===== loss:0.004714 ===== SRCC:0.9539 ===== PLCC:0.9614
[20250225 18:04:41 INFO    ] Eval done...
[20250225 18:04:41 INFO    ] Epoch 121 done. Time: 0.98min
[20250225 18:04:41 INFO    ] Running training epoch 122
[20250225 18:05:32 INFO    ] train epoch:122 / loss:0.0005411 / SRCC:0.9944 / PLCC:0.9962
[20250225 18:05:32 INFO    ] Starting eval...
[20250225 18:05:32 INFO    ] Running testing in epoch 122
[20250225 18:05:39 INFO    ] Epoch:122 ===== loss:0.004471 ===== SRCC:0.9564 ===== PLCC:0.9639
[20250225 18:05:39 INFO    ] Eval done...
[20250225 18:05:39 INFO    ] Epoch 122 done. Time: 0.97min
[20250225 18:05:39 INFO    ] Running training epoch 123
[20250225 18:06:30 INFO    ] train epoch:123 / loss:0.0004877 / SRCC:0.9952 / PLCC:0.9965
[20250225 18:06:30 INFO    ] Starting eval...
[20250225 18:06:30 INFO    ] Running testing in epoch 123
[20250225 18:06:38 INFO    ] Epoch:123 ===== loss:0.005892 ===== SRCC:0.951 ===== PLCC:0.9567
[20250225 18:06:38 INFO    ] Eval done...
[20250225 18:06:38 INFO    ] Epoch 123 done. Time: 0.98min
[20250225 18:06:38 INFO    ] Running training epoch 124
[20250225 18:07:29 INFO    ] train epoch:124 / loss:0.0006916 / SRCC:0.9928 / PLCC:0.9951
[20250225 18:07:29 INFO    ] Starting eval...
[20250225 18:07:29 INFO    ] Running testing in epoch 124
[20250225 18:07:37 INFO    ] Epoch:124 ===== loss:0.004285 ===== SRCC:0.9567 ===== PLCC:0.9676
[20250225 18:07:37 INFO    ] Eval done...
[20250225 18:07:37 INFO    ] Epoch 124 done. Time: 0.98min
[20250225 18:07:37 INFO    ] Running training epoch 125
[20250225 18:08:28 INFO    ] train epoch:125 / loss:0.0008641 / SRCC:0.9924 / PLCC:0.9939
[20250225 18:08:28 INFO    ] Starting eval...
[20250225 18:08:28 INFO    ] Running testing in epoch 125
[20250225 18:08:35 INFO    ] Epoch:125 ===== loss:0.005399 ===== SRCC:0.9594 ===== PLCC:0.9609
[20250225 18:08:35 INFO    ] Eval done...
[20250225 18:08:35 INFO    ] Epoch 125 done. Time: 0.97min
[20250225 18:08:35 INFO    ] Running training epoch 126
[20250225 18:09:26 INFO    ] train epoch:126 / loss:0.0006058 / SRCC:0.9937 / PLCC:0.9957
[20250225 18:09:26 INFO    ] Starting eval...
[20250225 18:09:26 INFO    ] Running testing in epoch 126
[20250225 18:09:33 INFO    ] Epoch:126 ===== loss:0.004488 ===== SRCC:0.9591 ===== PLCC:0.9642
[20250225 18:09:33 INFO    ] Eval done...
[20250225 18:09:33 INFO    ] Epoch 126 done. Time: 0.97min
[20250225 18:09:33 INFO    ] Running training epoch 127
[20250225 18:10:25 INFO    ] train epoch:127 / loss:0.0007077 / SRCC:0.9934 / PLCC:0.995
[20250225 18:10:25 INFO    ] Starting eval...
[20250225 18:10:25 INFO    ] Running testing in epoch 127
[20250225 18:10:32 INFO    ] Epoch:127 ===== loss:0.005014 ===== SRCC:0.9515 ===== PLCC:0.9601
[20250225 18:10:32 INFO    ] Eval done...
[20250225 18:10:32 INFO    ] Epoch 127 done. Time: 0.98min
[20250225 18:10:32 INFO    ] Running training epoch 128
[20250225 18:11:23 INFO    ] train epoch:128 / loss:0.0005624 / SRCC:0.9948 / PLCC:0.996
[20250225 18:11:23 INFO    ] Starting eval...
[20250225 18:11:23 INFO    ] Running testing in epoch 128
[20250225 18:11:30 INFO    ] Epoch:128 ===== loss:0.005239 ===== SRCC:0.9512 ===== PLCC:0.9581
[20250225 18:11:30 INFO    ] Eval done...
[20250225 18:11:30 INFO    ] Epoch 128 done. Time: 0.98min
[20250225 18:11:30 INFO    ] Running training epoch 129
[20250225 18:12:22 INFO    ] train epoch:129 / loss:0.0007769 / SRCC:0.9926 / PLCC:0.9945
[20250225 18:12:22 INFO    ] Starting eval...
[20250225 18:12:22 INFO    ] Running testing in epoch 129
[20250225 18:12:29 INFO    ] Epoch:129 ===== loss:0.00426 ===== SRCC:0.9588 ===== PLCC:0.9665
[20250225 18:12:29 INFO    ] Eval done...
[20250225 18:12:29 INFO    ] Epoch 129 done. Time: 0.97min
[20250225 18:12:29 INFO    ] Running training epoch 130
[20250225 18:13:20 INFO    ] train epoch:130 / loss:0.0005156 / SRCC:0.9947 / PLCC:0.9964
[20250225 18:13:20 INFO    ] Starting eval...
[20250225 18:13:20 INFO    ] Running testing in epoch 130
[20250225 18:13:27 INFO    ] Epoch:130 ===== loss:0.004145 ===== SRCC:0.9571 ===== PLCC:0.9671
[20250225 18:13:27 INFO    ] Eval done...
[20250225 18:13:27 INFO    ] Epoch 130 done. Time: 0.97min
[20250225 18:13:27 INFO    ] Running training epoch 131
[20250225 18:14:19 INFO    ] train epoch:131 / loss:0.0005576 / SRCC:0.9945 / PLCC:0.996
[20250225 18:14:19 INFO    ] Starting eval...
[20250225 18:14:19 INFO    ] Running testing in epoch 131
[20250225 18:14:26 INFO    ] Epoch:131 ===== loss:0.004573 ===== SRCC:0.9573 ===== PLCC:0.9635
[20250225 18:14:26 INFO    ] Eval done...
[20250225 18:14:26 INFO    ] Epoch 131 done. Time: 0.98min
[20250225 18:14:26 INFO    ] Running training epoch 132
[20250225 18:15:17 INFO    ] train epoch:132 / loss:0.0004811 / SRCC:0.9945 / PLCC:0.9966
[20250225 18:15:17 INFO    ] Starting eval...
[20250225 18:15:17 INFO    ] Running testing in epoch 132
[20250225 18:15:25 INFO    ] Epoch:132 ===== loss:0.004964 ===== SRCC:0.9513 ===== PLCC:0.9626
[20250225 18:15:25 INFO    ] Eval done...
[20250225 18:15:25 INFO    ] Epoch 132 done. Time: 0.98min
[20250225 18:15:25 INFO    ] Running training epoch 133
[20250225 18:16:15 INFO    ] train epoch:133 / loss:0.0003566 / SRCC:0.996 / PLCC:0.9975
[20250225 18:16:15 INFO    ] Starting eval...
[20250225 18:16:15 INFO    ] Running testing in epoch 133
[20250225 18:16:23 INFO    ] Epoch:133 ===== loss:0.004468 ===== SRCC:0.956 ===== PLCC:0.9637
[20250225 18:16:23 INFO    ] Eval done...
[20250225 18:16:23 INFO    ] Epoch 133 done. Time: 0.97min
[20250225 18:16:23 INFO    ] Running training epoch 134
[20250225 18:17:14 INFO    ] train epoch:134 / loss:0.0006029 / SRCC:0.9935 / PLCC:0.9957
[20250225 18:17:14 INFO    ] Starting eval...
[20250225 18:17:14 INFO    ] Running testing in epoch 134
[20250225 18:17:22 INFO    ] Epoch:134 ===== loss:0.004691 ===== SRCC:0.9563 ===== PLCC:0.9627
[20250225 18:17:22 INFO    ] Eval done...
[20250225 18:17:22 INFO    ] Epoch 134 done. Time: 0.97min
[20250225 18:17:22 INFO    ] Running training epoch 135
[20250225 18:18:13 INFO    ] train epoch:135 / loss:0.0006773 / SRCC:0.9922 / PLCC:0.9952
[20250225 18:18:13 INFO    ] Starting eval...
[20250225 18:18:13 INFO    ] Running testing in epoch 135
[20250225 18:18:20 INFO    ] Epoch:135 ===== loss:0.005048 ===== SRCC:0.9559 ===== PLCC:0.9639
[20250225 18:18:20 INFO    ] Eval done...
[20250225 18:18:20 INFO    ] Epoch 135 done. Time: 0.97min
[20250225 18:18:20 INFO    ] Running training epoch 136
[20250225 18:19:11 INFO    ] train epoch:136 / loss:0.0006505 / SRCC:0.9931 / PLCC:0.9954
[20250225 18:19:11 INFO    ] Starting eval...
[20250225 18:19:11 INFO    ] Running testing in epoch 136
[20250225 18:19:19 INFO    ] Epoch:136 ===== loss:0.004821 ===== SRCC:0.9532 ===== PLCC:0.9621
[20250225 18:19:19 INFO    ] Eval done...
[20250225 18:19:19 INFO    ] Epoch 136 done. Time: 0.98min
[20250225 18:19:19 INFO    ] Running training epoch 137
[20250225 18:20:09 INFO    ] train epoch:137 / loss:0.001198 / SRCC:0.9915 / PLCC:0.9914
[20250225 18:20:09 INFO    ] Starting eval...
[20250225 18:20:09 INFO    ] Running testing in epoch 137
[20250225 18:20:17 INFO    ] Epoch:137 ===== loss:0.004961 ===== SRCC:0.9541 ===== PLCC:0.9626
[20250225 18:20:17 INFO    ] Eval done...
[20250225 18:20:17 INFO    ] Epoch 137 done. Time: 0.97min
[20250225 18:20:17 INFO    ] Running training epoch 138
[20250225 18:21:08 INFO    ] train epoch:138 / loss:0.0006484 / SRCC:0.9923 / PLCC:0.9954
[20250225 18:21:08 INFO    ] Starting eval...
[20250225 18:21:08 INFO    ] Running testing in epoch 138
[20250225 18:21:16 INFO    ] Epoch:138 ===== loss:0.00466 ===== SRCC:0.9527 ===== PLCC:0.9636
[20250225 18:21:16 INFO    ] Eval done...
[20250225 18:21:16 INFO    ] Epoch 138 done. Time: 0.98min
[20250225 18:21:16 INFO    ] Running training epoch 139
[20250225 18:22:07 INFO    ] train epoch:139 / loss:0.0005405 / SRCC:0.9942 / PLCC:0.9962
[20250225 18:22:07 INFO    ] Starting eval...
[20250225 18:22:07 INFO    ] Running testing in epoch 139
[20250225 18:22:14 INFO    ] Epoch:139 ===== loss:0.00478 ===== SRCC:0.9549 ===== PLCC:0.9613
[20250225 18:22:14 INFO    ] Eval done...
[20250225 18:22:14 INFO    ] Epoch 139 done. Time: 0.98min
[20250225 18:22:14 INFO    ] Running training epoch 140
[20250225 18:23:05 INFO    ] train epoch:140 / loss:0.0004005 / SRCC:0.9958 / PLCC:0.9972
[20250225 18:23:05 INFO    ] Starting eval...
[20250225 18:23:05 INFO    ] Running testing in epoch 140
[20250225 18:23:12 INFO    ] Epoch:140 ===== loss:0.003911 ===== SRCC:0.9602 ===== PLCC:0.9695
[20250225 18:23:12 INFO    ] Eval done...
[20250225 18:23:12 INFO    ] ======================================================================================
[20250225 18:23:12 INFO    ] ============================== best main score is 1.9297077536885117 =================================
[20250225 18:23:12 INFO    ] ======================================================================================
[20250225 18:23:13 INFO    ] Saving weights and model of epoch140, SRCC:0.9601711371243825, PLCC:0.9695366165641292
[20250225 18:23:13 INFO    ] Epoch 140 done. Time: 0.99min
[20250225 18:23:13 INFO    ] Running training epoch 141
[20250225 18:24:04 INFO    ] train epoch:141 / loss:0.000526 / SRCC:0.9939 / PLCC:0.9963
[20250225 18:24:04 INFO    ] Starting eval...
[20250225 18:24:04 INFO    ] Running testing in epoch 141
[20250225 18:24:11 INFO    ] Epoch:141 ===== loss:0.006256 ===== SRCC:0.9471 ===== PLCC:0.9525
[20250225 18:24:11 INFO    ] Eval done...
[20250225 18:24:11 INFO    ] Epoch 141 done. Time: 0.97min
[20250225 18:24:11 INFO    ] Running training epoch 142
[20250225 18:25:03 INFO    ] train epoch:142 / loss:0.0004403 / SRCC:0.9957 / PLCC:0.9969
[20250225 18:25:03 INFO    ] Starting eval...
[20250225 18:25:03 INFO    ] Running testing in epoch 142
[20250225 18:25:10 INFO    ] Epoch:142 ===== loss:0.004573 ===== SRCC:0.951 ===== PLCC:0.9623
[20250225 18:25:10 INFO    ] Eval done...
[20250225 18:25:10 INFO    ] Epoch 142 done. Time: 0.98min
[20250225 18:25:10 INFO    ] Running training epoch 143
[20250225 18:26:01 INFO    ] train epoch:143 / loss:0.0008722 / SRCC:0.9928 / PLCC:0.9939
[20250225 18:26:01 INFO    ] Starting eval...
[20250225 18:26:01 INFO    ] Running testing in epoch 143
[20250225 18:26:08 INFO    ] Epoch:143 ===== loss:0.004419 ===== SRCC:0.9583 ===== PLCC:0.964
[20250225 18:26:08 INFO    ] Eval done...
[20250225 18:26:08 INFO    ] Epoch 143 done. Time: 0.97min
[20250225 18:26:08 INFO    ] Running training epoch 144
[20250225 18:26:59 INFO    ] train epoch:144 / loss:0.000382 / SRCC:0.9958 / PLCC:0.9973
[20250225 18:26:59 INFO    ] Starting eval...
[20250225 18:26:59 INFO    ] Running testing in epoch 144
[20250225 18:27:06 INFO    ] Epoch:144 ===== loss:0.005285 ===== SRCC:0.9472 ===== PLCC:0.9573
[20250225 18:27:06 INFO    ] Eval done...
[20250225 18:27:06 INFO    ] Epoch 144 done. Time: 0.97min
[20250225 18:27:06 INFO    ] Running training epoch 145
[20250225 18:27:58 INFO    ] train epoch:145 / loss:0.0003543 / SRCC:0.9962 / PLCC:0.9975
[20250225 18:27:58 INFO    ] Starting eval...
[20250225 18:27:58 INFO    ] Running testing in epoch 145
[20250225 18:28:05 INFO    ] Epoch:145 ===== loss:0.004463 ===== SRCC:0.9572 ===== PLCC:0.9649
[20250225 18:28:05 INFO    ] Eval done...
[20250225 18:28:05 INFO    ] Epoch 145 done. Time: 0.98min
[20250225 18:28:05 INFO    ] Running training epoch 146
[20250225 18:28:56 INFO    ] train epoch:146 / loss:0.0003529 / SRCC:0.9954 / PLCC:0.9975
[20250225 18:28:56 INFO    ] Starting eval...
[20250225 18:28:56 INFO    ] Running testing in epoch 146
[20250225 18:29:03 INFO    ] Epoch:146 ===== loss:0.004296 ===== SRCC:0.958 ===== PLCC:0.9651
[20250225 18:29:03 INFO    ] Eval done...
[20250225 18:29:03 INFO    ] Epoch 146 done. Time: 0.97min
[20250225 18:29:03 INFO    ] Running training epoch 147
[20250225 18:29:54 INFO    ] train epoch:147 / loss:0.0003432 / SRCC:0.9961 / PLCC:0.9976
[20250225 18:29:54 INFO    ] Starting eval...
[20250225 18:29:54 INFO    ] Running testing in epoch 147
[20250225 18:30:02 INFO    ] Epoch:147 ===== loss:0.005166 ===== SRCC:0.9522 ===== PLCC:0.9592
[20250225 18:30:02 INFO    ] Eval done...
[20250225 18:30:02 INFO    ] Epoch 147 done. Time: 0.97min
[20250225 18:30:02 INFO    ] Running training epoch 148
[20250225 18:30:53 INFO    ] train epoch:148 / loss:0.0005129 / SRCC:0.9943 / PLCC:0.9964
[20250225 18:30:53 INFO    ] Starting eval...
[20250225 18:30:53 INFO    ] Running testing in epoch 148
[20250225 18:31:00 INFO    ] Epoch:148 ===== loss:0.005044 ===== SRCC:0.9471 ===== PLCC:0.9588
[20250225 18:31:00 INFO    ] Eval done...
[20250225 18:31:00 INFO    ] Epoch 148 done. Time: 0.97min
[20250225 18:31:00 INFO    ] Running training epoch 149
[20250225 18:31:51 INFO    ] train epoch:149 / loss:0.0003516 / SRCC:0.9962 / PLCC:0.9975
[20250225 18:31:51 INFO    ] Starting eval...
[20250225 18:31:51 INFO    ] Running testing in epoch 149
[20250225 18:31:58 INFO    ] Epoch:149 ===== loss:0.005343 ===== SRCC:0.9572 ===== PLCC:0.9587
[20250225 18:31:58 INFO    ] Eval done...
[20250225 18:31:58 INFO    ] Epoch 149 done. Time: 0.97min
[20250225 18:31:58 INFO    ] Running training epoch 150
[20250225 18:32:49 INFO    ] train epoch:150 / loss:0.0005871 / SRCC:0.994 / PLCC:0.9958
[20250225 18:32:49 INFO    ] Starting eval...
[20250225 18:32:49 INFO    ] Running testing in epoch 150
[20250225 18:32:57 INFO    ] Epoch:150 ===== loss:0.004223 ===== SRCC:0.957 ===== PLCC:0.966
[20250225 18:32:57 INFO    ] Eval done...
[20250225 18:32:57 INFO    ] Epoch 150 done. Time: 0.98min
[20250225 18:32:57 INFO    ] Running training epoch 151
[20250225 18:33:47 INFO    ] train epoch:151 / loss:0.000522 / SRCC:0.9949 / PLCC:0.9963
[20250225 18:33:47 INFO    ] Starting eval...
[20250225 18:33:47 INFO    ] Running testing in epoch 151
[20250225 18:33:55 INFO    ] Epoch:151 ===== loss:0.00576 ===== SRCC:0.951 ===== PLCC:0.9598
[20250225 18:33:55 INFO    ] Eval done...
[20250225 18:33:55 INFO    ] Epoch 151 done. Time: 0.97min
[20250225 18:33:55 INFO    ] Running training epoch 152
[20250225 18:34:46 INFO    ] train epoch:152 / loss:0.0008629 / SRCC:0.9919 / PLCC:0.9939
[20250225 18:34:46 INFO    ] Starting eval...
[20250225 18:34:46 INFO    ] Running testing in epoch 152
[20250225 18:34:53 INFO    ] Epoch:152 ===== loss:0.004292 ===== SRCC:0.9574 ===== PLCC:0.9652
[20250225 18:34:53 INFO    ] Eval done...
[20250225 18:34:53 INFO    ] Epoch 152 done. Time: 0.98min
[20250225 18:34:53 INFO    ] Running training epoch 153
[20250225 18:35:44 INFO    ] train epoch:153 / loss:0.0005421 / SRCC:0.9942 / PLCC:0.9962
[20250225 18:35:44 INFO    ] Starting eval...
[20250225 18:35:44 INFO    ] Running testing in epoch 153
[20250225 18:35:51 INFO    ] Epoch:153 ===== loss:0.004559 ===== SRCC:0.9562 ===== PLCC:0.9642
[20250225 18:35:52 INFO    ] Eval done...
[20250225 18:35:52 INFO    ] Epoch 153 done. Time: 0.97min
[20250225 18:35:52 INFO    ] Running training epoch 154
[20250225 18:36:42 INFO    ] train epoch:154 / loss:0.0003925 / SRCC:0.996 / PLCC:0.9972
[20250225 18:36:42 INFO    ] Starting eval...
[20250225 18:36:42 INFO    ] Running testing in epoch 154
[20250225 18:36:50 INFO    ] Epoch:154 ===== loss:0.004691 ===== SRCC:0.9532 ===== PLCC:0.9632
[20250225 18:36:50 INFO    ] Eval done...
[20250225 18:36:50 INFO    ] Epoch 154 done. Time: 0.97min
[20250225 18:36:50 INFO    ] Running training epoch 155
[20250225 18:37:41 INFO    ] train epoch:155 / loss:0.0005076 / SRCC:0.9939 / PLCC:0.9964
[20250225 18:37:41 INFO    ] Starting eval...
[20250225 18:37:41 INFO    ] Running testing in epoch 155
[20250225 18:37:48 INFO    ] Epoch:155 ===== loss:0.005241 ===== SRCC:0.9545 ===== PLCC:0.9568
[20250225 18:37:48 INFO    ] Eval done...
[20250225 18:37:48 INFO    ] Epoch 155 done. Time: 0.97min
[20250225 18:37:48 INFO    ] Running training epoch 156
[20250225 18:38:39 INFO    ] train epoch:156 / loss:0.0003646 / SRCC:0.9957 / PLCC:0.9974
[20250225 18:38:39 INFO    ] Starting eval...
[20250225 18:38:39 INFO    ] Running testing in epoch 156
[20250225 18:38:47 INFO    ] Epoch:156 ===== loss:0.005393 ===== SRCC:0.9454 ===== PLCC:0.9589
[20250225 18:38:47 INFO    ] Eval done...
[20250225 18:38:47 INFO    ] Epoch 156 done. Time: 0.98min
[20250225 18:38:47 INFO    ] Running training epoch 157
[20250225 18:39:38 INFO    ] train epoch:157 / loss:0.0005594 / SRCC:0.9932 / PLCC:0.9961
[20250225 18:39:38 INFO    ] Starting eval...
[20250225 18:39:38 INFO    ] Running testing in epoch 157
[20250225 18:39:45 INFO    ] Epoch:157 ===== loss:0.005133 ===== SRCC:0.9476 ===== PLCC:0.9585
[20250225 18:39:45 INFO    ] Eval done...
[20250225 18:39:45 INFO    ] Epoch 157 done. Time: 0.97min
[20250225 18:39:45 INFO    ] Running training epoch 158
[20250225 18:40:36 INFO    ] train epoch:158 / loss:0.0005075 / SRCC:0.9942 / PLCC:0.9964
[20250225 18:40:36 INFO    ] Starting eval...
[20250225 18:40:36 INFO    ] Running testing in epoch 158
[20250225 18:40:43 INFO    ] Epoch:158 ===== loss:0.004645 ===== SRCC:0.9562 ===== PLCC:0.9632
[20250225 18:40:43 INFO    ] Eval done...
[20250225 18:40:43 INFO    ] Epoch 158 done. Time: 0.97min
[20250225 18:40:43 INFO    ] Running training epoch 159
[20250225 18:41:34 INFO    ] train epoch:159 / loss:0.000596 / SRCC:0.9937 / PLCC:0.9958
[20250225 18:41:34 INFO    ] Starting eval...
[20250225 18:41:35 INFO    ] Running testing in epoch 159
[20250225 18:41:42 INFO    ] Epoch:159 ===== loss:0.004486 ===== SRCC:0.9542 ===== PLCC:0.9634
[20250225 18:41:42 INFO    ] Eval done...
[20250225 18:41:42 INFO    ] Epoch 159 done. Time: 0.98min
[20250225 18:41:42 INFO    ] Running training epoch 160
[20250225 18:42:33 INFO    ] train epoch:160 / loss:0.0005312 / SRCC:0.9942 / PLCC:0.9963
[20250225 18:42:33 INFO    ] Starting eval...
[20250225 18:42:33 INFO    ] Running testing in epoch 160
[20250225 18:42:40 INFO    ] Epoch:160 ===== loss:0.00475 ===== SRCC:0.9579 ===== PLCC:0.9664
[20250225 18:42:40 INFO    ] Eval done...
[20250225 18:42:40 INFO    ] Epoch 160 done. Time: 0.97min
[20250225 18:42:40 INFO    ] Running training epoch 161
[20250225 18:43:31 INFO    ] train epoch:161 / loss:0.000526 / SRCC:0.9942 / PLCC:0.9963
[20250225 18:43:31 INFO    ] Starting eval...
[20250225 18:43:31 INFO    ] Running testing in epoch 161
[20250225 18:43:38 INFO    ] Epoch:161 ===== loss:0.006592 ===== SRCC:0.9404 ===== PLCC:0.9484
[20250225 18:43:38 INFO    ] Eval done...
[20250225 18:43:38 INFO    ] Epoch 161 done. Time: 0.97min
[20250225 18:43:38 INFO    ] Running training epoch 162
[20250225 18:44:29 INFO    ] train epoch:162 / loss:0.0006852 / SRCC:0.9927 / PLCC:0.9952
[20250225 18:44:29 INFO    ] Starting eval...
[20250225 18:44:29 INFO    ] Running testing in epoch 162
[20250225 18:44:37 INFO    ] Epoch:162 ===== loss:0.004852 ===== SRCC:0.9506 ===== PLCC:0.9609
[20250225 18:44:37 INFO    ] Eval done...
[20250225 18:44:37 INFO    ] Epoch 162 done. Time: 0.97min
[20250225 18:44:37 INFO    ] Running training epoch 163
[20250225 18:45:28 INFO    ] train epoch:163 / loss:0.000463 / SRCC:0.9948 / PLCC:0.9967
[20250225 18:45:28 INFO    ] Starting eval...
[20250225 18:45:28 INFO    ] Running testing in epoch 163
[20250225 18:45:35 INFO    ] Epoch:163 ===== loss:0.004798 ===== SRCC:0.9566 ===== PLCC:0.9663
[20250225 18:45:35 INFO    ] Eval done...
[20250225 18:45:35 INFO    ] Epoch 163 done. Time: 0.97min
[20250225 18:45:35 INFO    ] Running training epoch 164
[20250225 18:46:26 INFO    ] train epoch:164 / loss:0.0004941 / SRCC:0.994 / PLCC:0.9965
[20250225 18:46:26 INFO    ] Starting eval...
[20250225 18:46:26 INFO    ] Running testing in epoch 164
[20250225 18:46:33 INFO    ] Epoch:164 ===== loss:0.004573 ===== SRCC:0.9528 ===== PLCC:0.9633
[20250225 18:46:33 INFO    ] Eval done...
[20250225 18:46:33 INFO    ] Epoch 164 done. Time: 0.97min
[20250225 18:46:33 INFO    ] Running training epoch 165
[20250225 18:47:24 INFO    ] train epoch:165 / loss:0.0003507 / SRCC:0.996 / PLCC:0.9975
[20250225 18:47:24 INFO    ] Starting eval...
[20250225 18:47:24 INFO    ] Running testing in epoch 165
[20250225 18:47:31 INFO    ] Epoch:165 ===== loss:0.00521 ===== SRCC:0.9457 ===== PLCC:0.9575
[20250225 18:47:31 INFO    ] Eval done...
[20250225 18:47:31 INFO    ] Epoch 165 done. Time: 0.97min
[20250225 18:47:31 INFO    ] Running training epoch 166
[20250225 18:48:22 INFO    ] train epoch:166 / loss:0.0003521 / SRCC:0.9957 / PLCC:0.9975
[20250225 18:48:22 INFO    ] Starting eval...
[20250225 18:48:22 INFO    ] Running testing in epoch 166
[20250225 18:48:30 INFO    ] Epoch:166 ===== loss:0.004516 ===== SRCC:0.9545 ===== PLCC:0.9639
[20250225 18:48:30 INFO    ] Eval done...
[20250225 18:48:30 INFO    ] Epoch 166 done. Time: 0.97min
[20250225 18:48:30 INFO    ] Running training epoch 167
[20250225 18:49:21 INFO    ] train epoch:167 / loss:0.001159 / SRCC:0.9911 / PLCC:0.9918
[20250225 18:49:21 INFO    ] Starting eval...
[20250225 18:49:21 INFO    ] Running testing in epoch 167
[20250225 18:49:28 INFO    ] Epoch:167 ===== loss:0.006401 ===== SRCC:0.943 ===== PLCC:0.9543
[20250225 18:49:28 INFO    ] Eval done...
[20250225 18:49:28 INFO    ] Epoch 167 done. Time: 0.97min
[20250225 18:49:28 INFO    ] Running training epoch 168
[20250225 18:50:19 INFO    ] train epoch:168 / loss:0.0008549 / SRCC:0.9921 / PLCC:0.994
[20250225 18:50:19 INFO    ] Starting eval...
[20250225 18:50:19 INFO    ] Running testing in epoch 168
[20250225 18:50:26 INFO    ] Epoch:168 ===== loss:0.004559 ===== SRCC:0.9548 ===== PLCC:0.9639
[20250225 18:50:26 INFO    ] Eval done...
[20250225 18:50:26 INFO    ] Epoch 168 done. Time: 0.97min
[20250225 18:50:26 INFO    ] Running training epoch 169
[20250225 18:51:17 INFO    ] train epoch:169 / loss:0.0004787 / SRCC:0.9952 / PLCC:0.9966
[20250225 18:51:17 INFO    ] Starting eval...
[20250225 18:51:17 INFO    ] Running testing in epoch 169
[20250225 18:51:25 INFO    ] Epoch:169 ===== loss:0.004517 ===== SRCC:0.9544 ===== PLCC:0.9645
[20250225 18:51:25 INFO    ] Eval done...
[20250225 18:51:25 INFO    ] Epoch 169 done. Time: 0.97min
[20250225 18:51:25 INFO    ] Running training epoch 170
[20250225 18:52:16 INFO    ] train epoch:170 / loss:0.0008006 / SRCC:0.9946 / PLCC:0.9943
[20250225 18:52:16 INFO    ] Starting eval...
[20250225 18:52:16 INFO    ] Running testing in epoch 170
[20250225 18:52:23 INFO    ] Epoch:170 ===== loss:0.005611 ===== SRCC:0.9504 ===== PLCC:0.9562
[20250225 18:52:23 INFO    ] Eval done...
[20250225 18:52:23 INFO    ] Epoch 170 done. Time: 0.97min
[20250225 18:52:23 INFO    ] Running training epoch 171
[20250225 18:53:14 INFO    ] train epoch:171 / loss:0.0006702 / SRCC:0.9943 / PLCC:0.9953
[20250225 18:53:14 INFO    ] Starting eval...
[20250225 18:53:14 INFO    ] Running testing in epoch 171
[20250225 18:53:21 INFO    ] Epoch:171 ===== loss:0.004533 ===== SRCC:0.9555 ===== PLCC:0.9648
[20250225 18:53:21 INFO    ] Eval done...
[20250225 18:53:21 INFO    ] Epoch 171 done. Time: 0.97min
[20250225 18:53:21 INFO    ] Running training epoch 172
[20250225 18:54:12 INFO    ] train epoch:172 / loss:0.0003928 / SRCC:0.9958 / PLCC:0.9972
[20250225 18:54:12 INFO    ] Starting eval...
[20250225 18:54:12 INFO    ] Running testing in epoch 172
[20250225 18:54:19 INFO    ] Epoch:172 ===== loss:0.005804 ===== SRCC:0.9522 ===== PLCC:0.9551
[20250225 18:54:19 INFO    ] Eval done...
[20250225 18:54:19 INFO    ] Epoch 172 done. Time: 0.97min
[20250225 18:54:19 INFO    ] Running training epoch 173
[20250225 18:55:10 INFO    ] train epoch:173 / loss:0.0007953 / SRCC:0.9925 / PLCC:0.9944
[20250225 18:55:10 INFO    ] Starting eval...
[20250225 18:55:10 INFO    ] Running testing in epoch 173
[20250225 18:55:17 INFO    ] Epoch:173 ===== loss:0.004956 ===== SRCC:0.9553 ===== PLCC:0.9607
[20250225 18:55:17 INFO    ] Eval done...
[20250225 18:55:17 INFO    ] Epoch 173 done. Time: 0.97min
[20250225 18:55:17 INFO    ] Running training epoch 174
[20250225 18:56:08 INFO    ] train epoch:174 / loss:0.000522 / SRCC:0.9945 / PLCC:0.9963
[20250225 18:56:08 INFO    ] Starting eval...
[20250225 18:56:08 INFO    ] Running testing in epoch 174
[20250225 18:56:16 INFO    ] Epoch:174 ===== loss:0.004666 ===== SRCC:0.954 ===== PLCC:0.9614
[20250225 18:56:16 INFO    ] Eval done...
[20250225 18:56:16 INFO    ] Epoch 174 done. Time: 0.97min
[20250225 18:56:16 INFO    ] Running training epoch 175
[20250225 18:57:07 INFO    ] train epoch:175 / loss:0.0003796 / SRCC:0.9958 / PLCC:0.9973
[20250225 18:57:07 INFO    ] Starting eval...
[20250225 18:57:07 INFO    ] Running testing in epoch 175
[20250225 18:57:14 INFO    ] Epoch:175 ===== loss:0.004761 ===== SRCC:0.9528 ===== PLCC:0.9628
[20250225 18:57:14 INFO    ] Eval done...
[20250225 18:57:14 INFO    ] Epoch 175 done. Time: 0.97min
[20250225 18:57:14 INFO    ] Running training epoch 176
[20250225 18:58:05 INFO    ] train epoch:176 / loss:0.0003493 / SRCC:0.9959 / PLCC:0.9975
[20250225 18:58:05 INFO    ] Starting eval...
[20250225 18:58:05 INFO    ] Running testing in epoch 176
[20250225 18:58:13 INFO    ] Epoch:176 ===== loss:0.005168 ===== SRCC:0.9538 ===== PLCC:0.9592
[20250225 18:58:13 INFO    ] Eval done...
[20250225 18:58:13 INFO    ] Epoch 176 done. Time: 0.98min
[20250225 18:58:13 INFO    ] Running training epoch 177
[20250225 18:59:04 INFO    ] train epoch:177 / loss:0.0002784 / SRCC:0.9969 / PLCC:0.998
[20250225 18:59:04 INFO    ] Starting eval...
[20250225 18:59:04 INFO    ] Running testing in epoch 177
[20250225 18:59:11 INFO    ] Epoch:177 ===== loss:0.004544 ===== SRCC:0.9551 ===== PLCC:0.9639
[20250225 18:59:11 INFO    ] Eval done...
[20250225 18:59:11 INFO    ] Epoch 177 done. Time: 0.97min
[20250225 18:59:11 INFO    ] Running training epoch 178
[20250225 19:00:02 INFO    ] train epoch:178 / loss:0.0007189 / SRCC:0.9931 / PLCC:0.9949
[20250225 19:00:02 INFO    ] Starting eval...
[20250225 19:00:02 INFO    ] Running testing in epoch 178
[20250225 19:00:09 INFO    ] Epoch:178 ===== loss:0.004344 ===== SRCC:0.9539 ===== PLCC:0.9659
[20250225 19:00:09 INFO    ] Eval done...
[20250225 19:00:09 INFO    ] Epoch 178 done. Time: 0.97min
[20250225 19:00:09 INFO    ] Running training epoch 179
[20250225 19:01:00 INFO    ] train epoch:179 / loss:0.001173 / SRCC:0.9898 / PLCC:0.9916
[20250225 19:01:00 INFO    ] Starting eval...
[20250225 19:01:00 INFO    ] Running testing in epoch 179
[20250225 19:01:07 INFO    ] Epoch:179 ===== loss:0.005396 ===== SRCC:0.9529 ===== PLCC:0.9596
[20250225 19:01:07 INFO    ] Eval done...
[20250225 19:01:07 INFO    ] Epoch 179 done. Time: 0.97min
[20250225 19:01:07 INFO    ] Running training epoch 180
[20250225 19:01:58 INFO    ] train epoch:180 / loss:0.0007735 / SRCC:0.9935 / PLCC:0.9945
[20250225 19:01:58 INFO    ] Starting eval...
[20250225 19:01:58 INFO    ] Running testing in epoch 180
[20250225 19:02:06 INFO    ] Epoch:180 ===== loss:0.004194 ===== SRCC:0.9628 ===== PLCC:0.9674
[20250225 19:02:06 INFO    ] Eval done...
[20250225 19:02:06 INFO    ] ======================================================================================
[20250225 19:02:06 INFO    ] ============================== best main score is 1.9301822065376981 =================================
[20250225 19:02:06 INFO    ] ======================================================================================
[20250225 19:02:07 INFO    ] Saving weights and model of epoch180, SRCC:0.9628184224231549, PLCC:0.9673637841145433
[20250225 19:02:07 INFO    ] Epoch 180 done. Time: 0.98min
[20250225 19:02:07 INFO    ] Running training epoch 181
[20250225 19:02:57 INFO    ] train epoch:181 / loss:0.000703 / SRCC:0.9936 / PLCC:0.995
[20250225 19:02:57 INFO    ] Starting eval...
[20250225 19:02:57 INFO    ] Running testing in epoch 181
[20250225 19:03:05 INFO    ] Epoch:181 ===== loss:0.004221 ===== SRCC:0.9563 ===== PLCC:0.9651
[20250225 19:03:05 INFO    ] Eval done...
[20250225 19:03:05 INFO    ] Epoch 181 done. Time: 0.97min
[20250225 19:03:05 INFO    ] Running training epoch 182
[20250225 19:03:55 INFO    ] train epoch:182 / loss:0.0004269 / SRCC:0.9953 / PLCC:0.997
[20250225 19:03:55 INFO    ] Starting eval...
[20250225 19:03:55 INFO    ] Running testing in epoch 182
[20250225 19:04:03 INFO    ] Epoch:182 ===== loss:0.004647 ===== SRCC:0.9573 ===== PLCC:0.9636
[20250225 19:04:03 INFO    ] Eval done...
[20250225 19:04:03 INFO    ] Epoch 182 done. Time: 0.97min
[20250225 19:04:03 INFO    ] Running training epoch 183
[20250225 19:04:53 INFO    ] train epoch:183 / loss:0.0004823 / SRCC:0.9944 / PLCC:0.9966
[20250225 19:04:53 INFO    ] Starting eval...
[20250225 19:04:53 INFO    ] Running testing in epoch 183
[20250225 19:05:01 INFO    ] Epoch:183 ===== loss:0.004749 ===== SRCC:0.9552 ===== PLCC:0.9616
[20250225 19:05:01 INFO    ] Eval done...
[20250225 19:05:01 INFO    ] Epoch 183 done. Time: 0.97min
[20250225 19:05:01 INFO    ] Running training epoch 184
[20250225 19:05:52 INFO    ] train epoch:184 / loss:0.0003078 / SRCC:0.9963 / PLCC:0.9978
[20250225 19:05:52 INFO    ] Starting eval...
[20250225 19:05:52 INFO    ] Running testing in epoch 184
[20250225 19:05:59 INFO    ] Epoch:184 ===== loss:0.00435 ===== SRCC:0.9625 ===== PLCC:0.9657
[20250225 19:05:59 INFO    ] Eval done...
[20250225 19:05:59 INFO    ] Epoch 184 done. Time: 0.97min
[20250225 19:05:59 INFO    ] Running training epoch 185
[20250225 19:06:50 INFO    ] train epoch:185 / loss:0.0003755 / SRCC:0.9954 / PLCC:0.9973
[20250225 19:06:50 INFO    ] Starting eval...
[20250225 19:06:50 INFO    ] Running testing in epoch 185
[20250225 19:06:57 INFO    ] Epoch:185 ===== loss:0.004626 ===== SRCC:0.9541 ===== PLCC:0.9627
[20250225 19:06:57 INFO    ] Eval done...
[20250225 19:06:57 INFO    ] Epoch 185 done. Time: 0.97min
[20250225 19:06:57 INFO    ] Running training epoch 186
[20250225 19:07:48 INFO    ] train epoch:186 / loss:0.0003479 / SRCC:0.9961 / PLCC:0.9975
[20250225 19:07:48 INFO    ] Starting eval...
[20250225 19:07:48 INFO    ] Running testing in epoch 186
[20250225 19:07:56 INFO    ] Epoch:186 ===== loss:0.005112 ===== SRCC:0.9514 ===== PLCC:0.9632
[20250225 19:07:56 INFO    ] Eval done...
[20250225 19:07:56 INFO    ] Epoch 186 done. Time: 0.97min
[20250225 19:07:56 INFO    ] Running training epoch 187
[20250225 19:08:47 INFO    ] train epoch:187 / loss:0.0004558 / SRCC:0.9953 / PLCC:0.9968
[20250225 19:08:47 INFO    ] Starting eval...
[20250225 19:08:47 INFO    ] Running testing in epoch 187
[20250225 19:08:54 INFO    ] Epoch:187 ===== loss:0.005456 ===== SRCC:0.947 ===== PLCC:0.9573
[20250225 19:08:54 INFO    ] Eval done...
[20250225 19:08:54 INFO    ] Epoch 187 done. Time: 0.97min
[20250225 19:08:54 INFO    ] Running training epoch 188
[20250225 19:09:45 INFO    ] train epoch:188 / loss:0.0004405 / SRCC:0.9942 / PLCC:0.9969
[20250225 19:09:45 INFO    ] Starting eval...
[20250225 19:09:45 INFO    ] Running testing in epoch 188
[20250225 19:09:53 INFO    ] Epoch:188 ===== loss:0.004962 ===== SRCC:0.9523 ===== PLCC:0.9597
[20250225 19:09:53 INFO    ] Eval done...
[20250225 19:09:53 INFO    ] Epoch 188 done. Time: 0.97min
[20250225 19:09:53 INFO    ] Running training epoch 189
[20250225 19:10:44 INFO    ] train epoch:189 / loss:0.0003943 / SRCC:0.9958 / PLCC:0.9972
[20250225 19:10:44 INFO    ] Starting eval...
[20250225 19:10:44 INFO    ] Running testing in epoch 189
[20250225 19:10:51 INFO    ] Epoch:189 ===== loss:0.004575 ===== SRCC:0.9558 ===== PLCC:0.9643
[20250225 19:10:51 INFO    ] Eval done...
[20250225 19:10:51 INFO    ] Epoch 189 done. Time: 0.97min
[20250225 19:10:51 INFO    ] Running training epoch 190
[20250225 19:11:42 INFO    ] train epoch:190 / loss:0.0004424 / SRCC:0.9958 / PLCC:0.9969
[20250225 19:11:42 INFO    ] Starting eval...
[20250225 19:11:42 INFO    ] Running testing in epoch 190
[20250225 19:11:49 INFO    ] Epoch:190 ===== loss:0.004986 ===== SRCC:0.9529 ===== PLCC:0.9608
[20250225 19:11:49 INFO    ] Eval done...
[20250225 19:11:49 INFO    ] Epoch 190 done. Time: 0.97min
[20250225 19:11:49 INFO    ] Running training epoch 191
[20250225 19:12:40 INFO    ] train epoch:191 / loss:0.000335 / SRCC:0.9961 / PLCC:0.9977
[20250225 19:12:40 INFO    ] Starting eval...
[20250225 19:12:40 INFO    ] Running testing in epoch 191
[20250225 19:12:48 INFO    ] Epoch:191 ===== loss:0.004916 ===== SRCC:0.9514 ===== PLCC:0.9606
[20250225 19:12:48 INFO    ] Eval done...
[20250225 19:12:48 INFO    ] Epoch 191 done. Time: 0.97min
[20250225 19:12:48 INFO    ] Running training epoch 192
[20250225 19:13:39 INFO    ] train epoch:192 / loss:0.0003764 / SRCC:0.996 / PLCC:0.9973
[20250225 19:13:39 INFO    ] Starting eval...
[20250225 19:13:39 INFO    ] Running testing in epoch 192
[20250225 19:13:46 INFO    ] Epoch:192 ===== loss:0.004578 ===== SRCC:0.9565 ===== PLCC:0.9631
[20250225 19:13:46 INFO    ] Eval done...
[20250225 19:13:46 INFO    ] Epoch 192 done. Time: 0.97min
[20250225 19:13:46 INFO    ] Running training epoch 193
[20250225 19:14:36 INFO    ] train epoch:193 / loss:0.0003077 / SRCC:0.9964 / PLCC:0.9978
[20250225 19:14:36 INFO    ] Starting eval...
[20250225 19:14:36 INFO    ] Running testing in epoch 193
[20250225 19:14:44 INFO    ] Epoch:193 ===== loss:0.004603 ===== SRCC:0.9555 ===== PLCC:0.9651
[20250225 19:14:44 INFO    ] Eval done...
[20250225 19:14:44 INFO    ] Epoch 193 done. Time: 0.96min
[20250225 19:14:44 INFO    ] Running training epoch 194
[20250225 19:15:34 INFO    ] train epoch:194 / loss:0.0003853 / SRCC:0.9961 / PLCC:0.9973
[20250225 19:15:34 INFO    ] Starting eval...
[20250225 19:15:34 INFO    ] Running testing in epoch 194
[20250225 19:15:42 INFO    ] Epoch:194 ===== loss:0.004932 ===== SRCC:0.9577 ===== PLCC:0.9614
[20250225 19:15:42 INFO    ] Eval done...
[20250225 19:15:42 INFO    ] Epoch 194 done. Time: 0.97min
[20250225 19:15:42 INFO    ] Running training epoch 195
[20250225 19:16:33 INFO    ] train epoch:195 / loss:0.0003633 / SRCC:0.9963 / PLCC:0.9974
[20250225 19:16:33 INFO    ] Starting eval...
[20250225 19:16:33 INFO    ] Running testing in epoch 195
[20250225 19:16:40 INFO    ] Epoch:195 ===== loss:0.005071 ===== SRCC:0.9525 ===== PLCC:0.9582
[20250225 19:16:40 INFO    ] Eval done...
[20250225 19:16:40 INFO    ] Epoch 195 done. Time: 0.97min
[20250225 19:16:40 INFO    ] Running training epoch 196
[20250225 19:17:31 INFO    ] train epoch:196 / loss:0.000396 / SRCC:0.9959 / PLCC:0.9972
[20250225 19:17:31 INFO    ] Starting eval...
[20250225 19:17:31 INFO    ] Running testing in epoch 196
[20250225 19:17:38 INFO    ] Epoch:196 ===== loss:0.005155 ===== SRCC:0.9479 ===== PLCC:0.9581
[20250225 19:17:38 INFO    ] Eval done...
[20250225 19:17:38 INFO    ] Epoch 196 done. Time: 0.97min
[20250225 19:17:38 INFO    ] Running training epoch 197
[20250225 19:18:29 INFO    ] train epoch:197 / loss:0.0003947 / SRCC:0.9955 / PLCC:0.9972
[20250225 19:18:29 INFO    ] Starting eval...
[20250225 19:18:29 INFO    ] Running testing in epoch 197
[20250225 19:18:37 INFO    ] Epoch:197 ===== loss:0.005462 ===== SRCC:0.953 ===== PLCC:0.9575
[20250225 19:18:37 INFO    ] Eval done...
[20250225 19:18:37 INFO    ] Epoch 197 done. Time: 0.97min
[20250225 19:18:37 INFO    ] Running training epoch 198
[20250225 19:19:28 INFO    ] train epoch:198 / loss:0.0002989 / SRCC:0.9963 / PLCC:0.9979
[20250225 19:19:28 INFO    ] Starting eval...
[20250225 19:19:28 INFO    ] Running testing in epoch 198
[20250225 19:19:35 INFO    ] Epoch:198 ===== loss:0.005205 ===== SRCC:0.9544 ===== PLCC:0.9627
[20250225 19:19:35 INFO    ] Eval done...
[20250225 19:19:35 INFO    ] Epoch 198 done. Time: 0.97min
[20250225 19:19:35 INFO    ] Running training epoch 199
[20250225 19:20:26 INFO    ] train epoch:199 / loss:0.0004114 / SRCC:0.9954 / PLCC:0.9971
[20250225 19:20:26 INFO    ] Starting eval...
[20250225 19:20:26 INFO    ] Running testing in epoch 199
[20250225 19:20:33 INFO    ] Epoch:199 ===== loss:0.004459 ===== SRCC:0.9572 ===== PLCC:0.9641
[20250225 19:20:33 INFO    ] Eval done...
[20250225 19:20:33 INFO    ] Epoch 199 done. Time: 0.98min
[20250225 19:20:33 INFO    ] Running training epoch 200
[20250225 19:21:24 INFO    ] train epoch:200 / loss:0.0005185 / SRCC:0.995 / PLCC:0.9963
[20250225 19:21:24 INFO    ] Starting eval...
[20250225 19:21:24 INFO    ] Running testing in epoch 200
[20250225 19:21:32 INFO    ] Epoch:200 ===== loss:0.005218 ===== SRCC:0.9496 ===== PLCC:0.9603
[20250225 19:21:32 INFO    ] Eval done...
[20250225 19:21:32 INFO    ] Epoch 200 done. Time: 0.97min
