[20250221 09:00:19 INFO    ] {'dataset_name': 'livec', 'koniq10k_path': '../all_dataset/KonIQ-10K/1024x768', 'koniq10k_label': './data/koniq10k/koniq10k_label.txt', 'livec_path': '../all_dataset/LIVEC/Images/', 'livec_label': './data/livec/livec_label.txt', 'spaq_path': '../all_dataset/SPAQ/TestImage/', 'spaq_label': './data/spaq/spaq_label.txt', 'tid2013_path': '../all_dataset/tid2013/distorted_images/', 'tid2013_label': 'data/tid2013/tid2013_label.txt', 'kadid10k_path': '../all_dataset/KADID-10K/images/', 'kadid10k_label': './data/kadid10k/kadid10k_label.txt', 'csiq_path': '../all_dataset/CSIQ/dist_imgs/', 'csiq_label': './data/CSIQ/csiq_label.txt', 'batch_size': 12, 'learning_rate': 1e-05, 'weight_decay': 1e-05, 'n_epoch': 200, 'val_freq': 1, 'T_max': 50, 'eta_min': 0, 'num_avg_val': 1, 'num_workers': 8, 'split_seed': 20, 'train_keep_ratio': 1.0, 'val_keep_ratio': 1.0, 'crop_size': 224, 'prob_aug': 0.7, 'patch_size': 8, 'img_size': 224, 'embed_dim': 768, 'dim_mlp': 768, 'num_heads': [4, 4], 'window_size': 4, 'depths': [2, 2], 'num_outputs': 1, 'num_tab': 2, 'scale': 0.8, 'ckpt_path': './output_livec_wo_dy/models/livec', 'log_path': './output_livec_wo_dy/log/livec', 'log_file': 'livec.log', 'tensorboard_path': './output_livec_wo_dy/livec'}
[20250221 09:00:19 INFO    ] number of train scenes: 935
[20250221 09:00:19 INFO    ] number of val scenes: 234
[20250221 09:00:22 INFO    ] #Params : 172.537214 [M]
[20250221 09:00:26 INFO    ] Running training epoch 1
[20250221 09:01:30 INFO    ] train epoch:1 / loss:0.05966 / SRCC:0.4044 / PLCC:0.2172
[20250221 09:01:30 INFO    ] Starting eval...
[20250221 09:01:30 INFO    ] Running testing in epoch 1
[20250221 09:01:38 INFO    ] Epoch:1 ===== loss:0.04172 ===== SRCC:0.7005 ===== PLCC:0.7361
[20250221 09:01:38 INFO    ] Eval done...
[20250221 09:01:38 INFO    ] ======================================================================================
[20250221 09:01:38 INFO    ] ============================== best main score is 1.43662561552784 =================================
[20250221 09:01:38 INFO    ] ======================================================================================
[20250221 09:01:39 INFO    ] Saving weights and model of epoch1, SRCC:0.7005124144836824, PLCC:0.7361132010441578
[20250221 09:01:39 INFO    ] Epoch 1 done. Time: 1.2min
[20250221 09:01:39 INFO    ] Running training epoch 2
[20250221 09:02:41 INFO    ] train epoch:2 / loss:0.0166 / SRCC:0.7897 / PLCC:0.8242
[20250221 09:02:41 INFO    ] Starting eval...
[20250221 09:02:41 INFO    ] Running testing in epoch 2
[20250221 09:02:49 INFO    ] Epoch:2 ===== loss:0.01892 ===== SRCC:0.8575 ===== PLCC:0.8679
[20250221 09:02:49 INFO    ] Eval done...
[20250221 09:02:49 INFO    ] ======================================================================================
[20250221 09:02:49 INFO    ] ============================== best main score is 1.7254342713034987 =================================
[20250221 09:02:49 INFO    ] ======================================================================================
[20250221 09:02:50 INFO    ] Saving weights and model of epoch2, SRCC:0.8575485710409375, PLCC:0.8678857002625612
[20250221 09:02:50 INFO    ] Epoch 2 done. Time: 1.2min
[20250221 09:02:50 INFO    ] Running training epoch 3
[20250221 09:03:52 INFO    ] train epoch:3 / loss:0.008807 / SRCC:0.8903 / PLCC:0.9104
[20250221 09:03:52 INFO    ] Starting eval...
[20250221 09:03:52 INFO    ] Running testing in epoch 3
[20250221 09:04:00 INFO    ] Epoch:3 ===== loss:0.01461 ===== SRCC:0.8786 ===== PLCC:0.8944
[20250221 09:04:00 INFO    ] Eval done...
[20250221 09:04:00 INFO    ] ======================================================================================
[20250221 09:04:00 INFO    ] ============================== best main score is 1.7730072109444832 =================================
[20250221 09:04:00 INFO    ] ======================================================================================
[20250221 09:04:01 INFO    ] Saving weights and model of epoch3, SRCC:0.8785605010544946, PLCC:0.8944467098899886
[20250221 09:04:01 INFO    ] Epoch 3 done. Time: 1.2min
[20250221 09:04:01 INFO    ] Running training epoch 4
[20250221 09:05:02 INFO    ] train epoch:4 / loss:0.005378 / SRCC:0.9281 / PLCC:0.9463
[20250221 09:05:02 INFO    ] Starting eval...
[20250221 09:05:02 INFO    ] Running testing in epoch 4
[20250221 09:05:11 INFO    ] Epoch:4 ===== loss:0.01569 ===== SRCC:0.8758 ===== PLCC:0.8885
[20250221 09:05:11 INFO    ] Eval done...
[20250221 09:05:11 INFO    ] Epoch 4 done. Time: 1.2min
[20250221 09:05:11 INFO    ] Running training epoch 5
[20250221 09:06:12 INFO    ] train epoch:5 / loss:0.00412 / SRCC:0.9486 / PLCC:0.9595
[20250221 09:06:12 INFO    ] Starting eval...
[20250221 09:06:12 INFO    ] Running testing in epoch 5
[20250221 09:06:21 INFO    ] Epoch:5 ===== loss:0.01498 ===== SRCC:0.8902 ===== PLCC:0.903
[20250221 09:06:21 INFO    ] Eval done...
[20250221 09:06:21 INFO    ] ======================================================================================
[20250221 09:06:21 INFO    ] ============================== best main score is 1.7932483484039246 =================================
[20250221 09:06:21 INFO    ] ======================================================================================
[20250221 09:06:22 INFO    ] Saving weights and model of epoch5, SRCC:0.8902049961677756, PLCC:0.9030433522361488
[20250221 09:06:22 INFO    ] Epoch 5 done. Time: 1.2min
[20250221 09:06:22 INFO    ] Running training epoch 6
[20250221 09:07:23 INFO    ] train epoch:6 / loss:0.00285 / SRCC:0.9643 / PLCC:0.9717
[20250221 09:07:23 INFO    ] Starting eval...
[20250221 09:07:23 INFO    ] Running testing in epoch 6
[20250221 09:07:32 INFO    ] Epoch:6 ===== loss:0.01203 ===== SRCC:0.898 ===== PLCC:0.909
[20250221 09:07:32 INFO    ] Eval done...
[20250221 09:07:32 INFO    ] ======================================================================================
[20250221 09:07:32 INFO    ] ============================== best main score is 1.8069792714937698 =================================
[20250221 09:07:32 INFO    ] ======================================================================================
[20250221 09:07:32 INFO    ] Saving weights and model of epoch6, SRCC:0.8980253665925196, PLCC:0.90895390490125
[20250221 09:07:32 INFO    ] Epoch 6 done. Time: 1.2min
[20250221 09:07:32 INFO    ] Running training epoch 7
[20250221 09:08:34 INFO    ] train epoch:7 / loss:0.001831 / SRCC:0.9756 / PLCC:0.9821
[20250221 09:08:34 INFO    ] Starting eval...
[20250221 09:08:34 INFO    ] Running testing in epoch 7
[20250221 09:08:43 INFO    ] Epoch:7 ===== loss:0.01326 ===== SRCC:0.8935 ===== PLCC:0.9026
[20250221 09:08:43 INFO    ] Eval done...
[20250221 09:08:43 INFO    ] Epoch 7 done. Time: 1.2min
[20250221 09:08:43 INFO    ] Running training epoch 8
[20250221 09:09:44 INFO    ] train epoch:8 / loss:0.0009761 / SRCC:0.9877 / PLCC:0.9905
[20250221 09:09:44 INFO    ] Starting eval...
[20250221 09:09:44 INFO    ] Running testing in epoch 8
[20250221 09:09:53 INFO    ] Epoch:8 ===== loss:0.01183 ===== SRCC:0.8975 ===== PLCC:0.9084
[20250221 09:09:53 INFO    ] Eval done...
[20250221 09:09:53 INFO    ] Epoch 8 done. Time: 1.2min
[20250221 09:09:53 INFO    ] Running training epoch 9
[20250221 09:10:55 INFO    ] train epoch:9 / loss:0.0007563 / SRCC:0.9904 / PLCC:0.9926
[20250221 09:10:55 INFO    ] Starting eval...
[20250221 09:10:55 INFO    ] Running testing in epoch 9
[20250221 09:11:03 INFO    ] Epoch:9 ===== loss:0.01182 ===== SRCC:0.9001 ===== PLCC:0.91
[20250221 09:11:03 INFO    ] Eval done...
[20250221 09:11:03 INFO    ] ======================================================================================
[20250221 09:11:03 INFO    ] ============================== best main score is 1.810094732385245 =================================
[20250221 09:11:03 INFO    ] ======================================================================================
[20250221 09:11:04 INFO    ] Saving weights and model of epoch9, SRCC:0.900128280804352, PLCC:0.909966451580893
[20250221 09:11:04 INFO    ] Epoch 9 done. Time: 1.2min
[20250221 09:11:04 INFO    ] Running training epoch 10
[20250221 09:12:06 INFO    ] train epoch:10 / loss:0.000606 / SRCC:0.9922 / PLCC:0.994
[20250221 09:12:06 INFO    ] Starting eval...
[20250221 09:12:06 INFO    ] Running testing in epoch 10
[20250221 09:12:14 INFO    ] Epoch:10 ===== loss:0.01237 ===== SRCC:0.9011 ===== PLCC:0.9103
[20250221 09:12:14 INFO    ] Eval done...
[20250221 09:12:14 INFO    ] ======================================================================================
[20250221 09:12:14 INFO    ] ============================== best main score is 1.8113900145270818 =================================
[20250221 09:12:14 INFO    ] ======================================================================================
[20250221 09:12:15 INFO    ] Saving weights and model of epoch10, SRCC:0.9011043083923186, PLCC:0.9102857061347632
[20250221 09:12:15 INFO    ] Epoch 10 done. Time: 1.2min
[20250221 09:12:15 INFO    ] Running training epoch 11
[20250221 09:13:17 INFO    ] train epoch:11 / loss:0.0007529 / SRCC:0.9902 / PLCC:0.9927
[20250221 09:13:17 INFO    ] Starting eval...
[20250221 09:13:17 INFO    ] Running testing in epoch 11
[20250221 09:13:26 INFO    ] Epoch:11 ===== loss:0.01218 ===== SRCC:0.9016 ===== PLCC:0.9098
[20250221 09:13:26 INFO    ] Eval done...
[20250221 09:13:26 INFO    ] Epoch 11 done. Time: 1.2min
[20250221 09:13:26 INFO    ] Running training epoch 12
[20250221 09:14:28 INFO    ] train epoch:12 / loss:0.0005195 / SRCC:0.9931 / PLCC:0.9949
[20250221 09:14:28 INFO    ] Starting eval...
[20250221 09:14:28 INFO    ] Running testing in epoch 12
[20250221 09:14:37 INFO    ] Epoch:12 ===== loss:0.01199 ===== SRCC:0.8988 ===== PLCC:0.9076
[20250221 09:14:37 INFO    ] Eval done...
[20250221 09:14:37 INFO    ] Epoch 12 done. Time: 1.2min
[20250221 09:14:37 INFO    ] Running training epoch 13
[20250221 09:15:38 INFO    ] train epoch:13 / loss:0.000337 / SRCC:0.9958 / PLCC:0.9967
[20250221 09:15:38 INFO    ] Starting eval...
[20250221 09:15:38 INFO    ] Running testing in epoch 13
[20250221 09:15:47 INFO    ] Epoch:13 ===== loss:0.01186 ===== SRCC:0.9057 ===== PLCC:0.9132
[20250221 09:15:47 INFO    ] Eval done...
[20250221 09:15:47 INFO    ] ======================================================================================
[20250221 09:15:47 INFO    ] ============================== best main score is 1.8189139844653994 =================================
[20250221 09:15:47 INFO    ] ======================================================================================
[20250221 09:15:48 INFO    ] Saving weights and model of epoch13, SRCC:0.9056766533998464, PLCC:0.913237331065553
[20250221 09:15:48 INFO    ] Epoch 13 done. Time: 1.2min
[20250221 09:15:48 INFO    ] Running training epoch 14
[20250221 09:16:50 INFO    ] train epoch:14 / loss:0.0003082 / SRCC:0.9964 / PLCC:0.997
[20250221 09:16:50 INFO    ] Starting eval...
[20250221 09:16:50 INFO    ] Running testing in epoch 14
[20250221 09:16:58 INFO    ] Epoch:14 ===== loss:0.01206 ===== SRCC:0.901 ===== PLCC:0.9106
[20250221 09:16:58 INFO    ] Eval done...
[20250221 09:16:58 INFO    ] Epoch 14 done. Time: 1.2min
[20250221 09:16:58 INFO    ] Running training epoch 15
[20250221 09:18:00 INFO    ] train epoch:15 / loss:0.0002637 / SRCC:0.9967 / PLCC:0.9974
[20250221 09:18:00 INFO    ] Starting eval...
[20250221 09:18:00 INFO    ] Running testing in epoch 15
[20250221 09:18:09 INFO    ] Epoch:15 ===== loss:0.01168 ===== SRCC:0.9027 ===== PLCC:0.9129
[20250221 09:18:09 INFO    ] Eval done...
[20250221 09:18:09 INFO    ] Epoch 15 done. Time: 1.2min
[20250221 09:18:09 INFO    ] Running training epoch 16
[20250221 09:19:11 INFO    ] train epoch:16 / loss:0.0003415 / SRCC:0.9957 / PLCC:0.9967
[20250221 09:19:11 INFO    ] Starting eval...
[20250221 09:19:11 INFO    ] Running testing in epoch 16
[20250221 09:19:19 INFO    ] Epoch:16 ===== loss:0.01181 ===== SRCC:0.8985 ===== PLCC:0.9086
[20250221 09:19:19 INFO    ] Eval done...
[20250221 09:19:19 INFO    ] Epoch 16 done. Time: 1.2min
[20250221 09:19:19 INFO    ] Running training epoch 17
[20250221 09:20:21 INFO    ] train epoch:17 / loss:0.000332 / SRCC:0.9961 / PLCC:0.9968
[20250221 09:20:21 INFO    ] Starting eval...
[20250221 09:20:21 INFO    ] Running testing in epoch 17
[20250221 09:20:29 INFO    ] Epoch:17 ===== loss:0.01191 ===== SRCC:0.8989 ===== PLCC:0.9101
[20250221 09:20:29 INFO    ] Eval done...
[20250221 09:20:29 INFO    ] Epoch 17 done. Time: 1.2min
[20250221 09:20:29 INFO    ] Running training epoch 18
[20250221 09:21:31 INFO    ] train epoch:18 / loss:0.0003187 / SRCC:0.9959 / PLCC:0.9969
[20250221 09:21:31 INFO    ] Starting eval...
[20250221 09:21:31 INFO    ] Running testing in epoch 18
[20250221 09:21:40 INFO    ] Epoch:18 ===== loss:0.01194 ===== SRCC:0.9009 ===== PLCC:0.9118
[20250221 09:21:40 INFO    ] Eval done...
[20250221 09:21:40 INFO    ] Epoch 18 done. Time: 1.2min
[20250221 09:21:40 INFO    ] Running training epoch 19
[20250221 09:22:41 INFO    ] train epoch:19 / loss:0.000234 / SRCC:0.997 / PLCC:0.9977
[20250221 09:22:41 INFO    ] Starting eval...
[20250221 09:22:41 INFO    ] Running testing in epoch 19
[20250221 09:22:50 INFO    ] Epoch:19 ===== loss:0.01204 ===== SRCC:0.9021 ===== PLCC:0.9101
[20250221 09:22:50 INFO    ] Eval done...
[20250221 09:22:50 INFO    ] Epoch 19 done. Time: 1.2min
[20250221 09:22:50 INFO    ] Running training epoch 20
[20250221 09:23:52 INFO    ] train epoch:20 / loss:0.0002838 / SRCC:0.9964 / PLCC:0.9972
[20250221 09:23:52 INFO    ] Starting eval...
[20250221 09:23:52 INFO    ] Running testing in epoch 20
[20250221 09:24:00 INFO    ] Epoch:20 ===== loss:0.01193 ===== SRCC:0.9021 ===== PLCC:0.9117
[20250221 09:24:00 INFO    ] Eval done...
[20250221 09:24:00 INFO    ] Epoch 20 done. Time: 1.2min
[20250221 09:24:00 INFO    ] Running training epoch 21
[20250221 09:25:02 INFO    ] train epoch:21 / loss:0.0004839 / SRCC:0.9936 / PLCC:0.9953
[20250221 09:25:02 INFO    ] Starting eval...
[20250221 09:25:02 INFO    ] Running testing in epoch 21
[20250221 09:25:11 INFO    ] Epoch:21 ===== loss:0.01217 ===== SRCC:0.9031 ===== PLCC:0.909
[20250221 09:25:11 INFO    ] Eval done...
[20250221 09:25:11 INFO    ] Epoch 21 done. Time: 1.2min
[20250221 09:25:11 INFO    ] Running training epoch 22
[20250221 09:26:13 INFO    ] train epoch:22 / loss:0.0006302 / SRCC:0.9923 / PLCC:0.9939
[20250221 09:26:13 INFO    ] Starting eval...
[20250221 09:26:13 INFO    ] Running testing in epoch 22
[20250221 09:26:21 INFO    ] Epoch:22 ===== loss:0.01164 ===== SRCC:0.9017 ===== PLCC:0.9112
[20250221 09:26:21 INFO    ] Eval done...
[20250221 09:26:21 INFO    ] Epoch 22 done. Time: 1.2min
[20250221 09:26:21 INFO    ] Running training epoch 23
[20250221 09:27:23 INFO    ] train epoch:23 / loss:0.0004451 / SRCC:0.9945 / PLCC:0.9957
[20250221 09:27:23 INFO    ] Starting eval...
[20250221 09:27:23 INFO    ] Running testing in epoch 23
[20250221 09:27:31 INFO    ] Epoch:23 ===== loss:0.01232 ===== SRCC:0.9009 ===== PLCC:0.9099
[20250221 09:27:31 INFO    ] Eval done...
[20250221 09:27:31 INFO    ] Epoch 23 done. Time: 1.2min
[20250221 09:27:31 INFO    ] Running training epoch 24
[20250221 09:28:33 INFO    ] train epoch:24 / loss:0.0004211 / SRCC:0.9945 / PLCC:0.9959
[20250221 09:28:33 INFO    ] Starting eval...
[20250221 09:28:33 INFO    ] Running testing in epoch 24
[20250221 09:28:41 INFO    ] Epoch:24 ===== loss:0.01209 ===== SRCC:0.9001 ===== PLCC:0.9109
[20250221 09:28:41 INFO    ] Eval done...
[20250221 09:28:41 INFO    ] Epoch 24 done. Time: 1.2min
[20250221 09:28:41 INFO    ] Running training epoch 25
[20250221 09:29:43 INFO    ] train epoch:25 / loss:0.0006037 / SRCC:0.9922 / PLCC:0.9941
[20250221 09:29:43 INFO    ] Starting eval...
[20250221 09:29:43 INFO    ] Running testing in epoch 25
[20250221 09:29:51 INFO    ] Epoch:25 ===== loss:0.01194 ===== SRCC:0.9059 ===== PLCC:0.9105
[20250221 09:29:51 INFO    ] Eval done...
[20250221 09:29:51 INFO    ] Epoch 25 done. Time: 1.2min
[20250221 09:29:51 INFO    ] Running training epoch 26
[20250221 09:30:53 INFO    ] train epoch:26 / loss:0.0005901 / SRCC:0.9928 / PLCC:0.9942
[20250221 09:30:53 INFO    ] Starting eval...
[20250221 09:30:53 INFO    ] Running testing in epoch 26
[20250221 09:31:01 INFO    ] Epoch:26 ===== loss:0.01209 ===== SRCC:0.8987 ===== PLCC:0.9064
[20250221 09:31:01 INFO    ] Eval done...
[20250221 09:31:01 INFO    ] Epoch 26 done. Time: 1.2min
[20250221 09:31:01 INFO    ] Running training epoch 27
[20250221 09:32:03 INFO    ] train epoch:27 / loss:0.0004733 / SRCC:0.9942 / PLCC:0.9954
[20250221 09:32:03 INFO    ] Starting eval...
[20250221 09:32:03 INFO    ] Running testing in epoch 27
[20250221 09:32:12 INFO    ] Epoch:27 ===== loss:0.01231 ===== SRCC:0.9014 ===== PLCC:0.9076
[20250221 09:32:12 INFO    ] Eval done...
[20250221 09:32:12 INFO    ] Epoch 27 done. Time: 1.2min
[20250221 09:32:12 INFO    ] Running training epoch 28
[20250221 09:33:14 INFO    ] train epoch:28 / loss:0.0003426 / SRCC:0.9958 / PLCC:0.9967
[20250221 09:33:14 INFO    ] Starting eval...
[20250221 09:33:14 INFO    ] Running testing in epoch 28
[20250221 09:33:22 INFO    ] Epoch:28 ===== loss:0.01224 ===== SRCC:0.8994 ===== PLCC:0.908
[20250221 09:33:22 INFO    ] Eval done...
[20250221 09:33:22 INFO    ] Epoch 28 done. Time: 1.2min
[20250221 09:33:22 INFO    ] Running training epoch 29
[20250221 09:34:24 INFO    ] train epoch:29 / loss:0.0003636 / SRCC:0.996 / PLCC:0.9965
[20250221 09:34:24 INFO    ] Starting eval...
[20250221 09:34:24 INFO    ] Running testing in epoch 29
[20250221 09:34:32 INFO    ] Epoch:29 ===== loss:0.0121 ===== SRCC:0.9053 ===== PLCC:0.9123
[20250221 09:34:32 INFO    ] Eval done...
[20250221 09:34:32 INFO    ] Epoch 29 done. Time: 1.2min
[20250221 09:34:32 INFO    ] Running training epoch 30
[20250221 09:35:34 INFO    ] train epoch:30 / loss:0.0003497 / SRCC:0.9958 / PLCC:0.9966
[20250221 09:35:34 INFO    ] Starting eval...
[20250221 09:35:34 INFO    ] Running testing in epoch 30
[20250221 09:35:42 INFO    ] Epoch:30 ===== loss:0.01252 ===== SRCC:0.8996 ===== PLCC:0.9045
[20250221 09:35:42 INFO    ] Eval done...
[20250221 09:35:42 INFO    ] Epoch 30 done. Time: 1.2min
[20250221 09:35:42 INFO    ] Running training epoch 31
[20250221 09:36:44 INFO    ] train epoch:31 / loss:0.0003868 / SRCC:0.9959 / PLCC:0.9963
[20250221 09:36:44 INFO    ] Starting eval...
[20250221 09:36:44 INFO    ] Running testing in epoch 31
[20250221 09:36:52 INFO    ] Epoch:31 ===== loss:0.01202 ===== SRCC:0.8992 ===== PLCC:0.908
[20250221 09:36:52 INFO    ] Eval done...
[20250221 09:36:52 INFO    ] Epoch 31 done. Time: 1.2min
[20250221 09:36:52 INFO    ] Running training epoch 32
[20250221 09:37:54 INFO    ] train epoch:32 / loss:0.0003873 / SRCC:0.9955 / PLCC:0.9963
[20250221 09:37:54 INFO    ] Starting eval...
[20250221 09:37:54 INFO    ] Running testing in epoch 32
[20250221 09:38:03 INFO    ] Epoch:32 ===== loss:0.01248 ===== SRCC:0.9031 ===== PLCC:0.9106
[20250221 09:38:03 INFO    ] Eval done...
[20250221 09:38:03 INFO    ] Epoch 32 done. Time: 1.2min
[20250221 09:38:03 INFO    ] Running training epoch 33
[20250221 09:39:05 INFO    ] train epoch:33 / loss:0.0003282 / SRCC:0.9962 / PLCC:0.9968
[20250221 09:39:05 INFO    ] Starting eval...
[20250221 09:39:05 INFO    ] Running testing in epoch 33
[20250221 09:39:13 INFO    ] Epoch:33 ===== loss:0.01218 ===== SRCC:0.9033 ===== PLCC:0.9093
[20250221 09:39:13 INFO    ] Eval done...
[20250221 09:39:13 INFO    ] Epoch 33 done. Time: 1.2min
[20250221 09:39:13 INFO    ] Running training epoch 34
[20250221 09:40:15 INFO    ] train epoch:34 / loss:0.00036 / SRCC:0.9954 / PLCC:0.9965
[20250221 09:40:15 INFO    ] Starting eval...
[20250221 09:40:15 INFO    ] Running testing in epoch 34
[20250221 09:40:23 INFO    ] Epoch:34 ===== loss:0.01176 ===== SRCC:0.8994 ===== PLCC:0.9088
[20250221 09:40:23 INFO    ] Eval done...
[20250221 09:40:23 INFO    ] Epoch 34 done. Time: 1.2min
[20250221 09:40:23 INFO    ] Running training epoch 35
[20250221 09:41:25 INFO    ] train epoch:35 / loss:0.0005001 / SRCC:0.9942 / PLCC:0.9952
[20250221 09:41:25 INFO    ] Starting eval...
[20250221 09:41:25 INFO    ] Running testing in epoch 35
[20250221 09:41:34 INFO    ] Epoch:35 ===== loss:0.0126 ===== SRCC:0.8962 ===== PLCC:0.9079
[20250221 09:41:34 INFO    ] Eval done...
[20250221 09:41:34 INFO    ] Epoch 35 done. Time: 1.2min
[20250221 09:41:34 INFO    ] Running training epoch 36
[20250221 09:42:36 INFO    ] train epoch:36 / loss:0.0004409 / SRCC:0.9945 / PLCC:0.9957
[20250221 09:42:36 INFO    ] Starting eval...
[20250221 09:42:36 INFO    ] Running testing in epoch 36
[20250221 09:42:44 INFO    ] Epoch:36 ===== loss:0.01182 ===== SRCC:0.904 ===== PLCC:0.9105
[20250221 09:42:44 INFO    ] Eval done...
[20250221 09:42:44 INFO    ] Epoch 36 done. Time: 1.2min
[20250221 09:42:44 INFO    ] Running training epoch 37
[20250221 09:43:46 INFO    ] train epoch:37 / loss:0.0003334 / SRCC:0.9962 / PLCC:0.9967
[20250221 09:43:46 INFO    ] Starting eval...
[20250221 09:43:46 INFO    ] Running testing in epoch 37
[20250221 09:43:55 INFO    ] Epoch:37 ===== loss:0.01237 ===== SRCC:0.9017 ===== PLCC:0.909
[20250221 09:43:55 INFO    ] Eval done...
[20250221 09:43:55 INFO    ] Epoch 37 done. Time: 1.2min
[20250221 09:43:55 INFO    ] Running training epoch 38
[20250221 09:44:57 INFO    ] train epoch:38 / loss:0.0004534 / SRCC:0.9946 / PLCC:0.9956
[20250221 09:44:57 INFO    ] Starting eval...
[20250221 09:44:57 INFO    ] Running testing in epoch 38
[20250221 09:45:05 INFO    ] Epoch:38 ===== loss:0.01193 ===== SRCC:0.9008 ===== PLCC:0.9088
[20250221 09:45:05 INFO    ] Eval done...
[20250221 09:45:05 INFO    ] Epoch 38 done. Time: 1.2min
[20250221 09:45:05 INFO    ] Running training epoch 39
[20250221 09:46:07 INFO    ] train epoch:39 / loss:0.0004731 / SRCC:0.9942 / PLCC:0.9954
[20250221 09:46:07 INFO    ] Starting eval...
[20250221 09:46:07 INFO    ] Running testing in epoch 39
[20250221 09:46:15 INFO    ] Epoch:39 ===== loss:0.01254 ===== SRCC:0.9008 ===== PLCC:0.9063
[20250221 09:46:15 INFO    ] Eval done...
[20250221 09:46:15 INFO    ] Epoch 39 done. Time: 1.2min
[20250221 09:46:15 INFO    ] Running training epoch 40
[20250221 09:47:18 INFO    ] train epoch:40 / loss:0.0005444 / SRCC:0.9936 / PLCC:0.9947
[20250221 09:47:18 INFO    ] Starting eval...
[20250221 09:47:18 INFO    ] Running testing in epoch 40
[20250221 09:47:26 INFO    ] Epoch:40 ===== loss:0.01202 ===== SRCC:0.903 ===== PLCC:0.9112
[20250221 09:47:26 INFO    ] Eval done...
[20250221 09:47:26 INFO    ] Epoch 40 done. Time: 1.2min
[20250221 09:47:26 INFO    ] Running training epoch 41
[20250221 09:48:28 INFO    ] train epoch:41 / loss:0.0004518 / SRCC:0.9943 / PLCC:0.9956
[20250221 09:48:28 INFO    ] Starting eval...
[20250221 09:48:28 INFO    ] Running testing in epoch 41
[20250221 09:48:37 INFO    ] Epoch:41 ===== loss:0.01248 ===== SRCC:0.9013 ===== PLCC:0.9083
[20250221 09:48:37 INFO    ] Eval done...
[20250221 09:48:37 INFO    ] Epoch 41 done. Time: 1.2min
[20250221 09:48:37 INFO    ] Running training epoch 42
[20250221 09:49:38 INFO    ] train epoch:42 / loss:0.0005977 / SRCC:0.9923 / PLCC:0.9941
[20250221 09:49:38 INFO    ] Starting eval...
[20250221 09:49:39 INFO    ] Running testing in epoch 42
[20250221 09:49:47 INFO    ] Epoch:42 ===== loss:0.01255 ===== SRCC:0.8989 ===== PLCC:0.9066
[20250221 09:49:47 INFO    ] Eval done...
[20250221 09:49:47 INFO    ] Epoch 42 done. Time: 1.2min
[20250221 09:49:47 INFO    ] Running training epoch 43
[20250221 09:50:49 INFO    ] train epoch:43 / loss:0.0007347 / SRCC:0.9908 / PLCC:0.9929
[20250221 09:50:49 INFO    ] Starting eval...
[20250221 09:50:49 INFO    ] Running testing in epoch 43
[20250221 09:50:57 INFO    ] Epoch:43 ===== loss:0.01304 ===== SRCC:0.8984 ===== PLCC:0.9076
[20250221 09:50:57 INFO    ] Eval done...
[20250221 09:50:57 INFO    ] Epoch 43 done. Time: 1.2min
[20250221 09:50:57 INFO    ] Running training epoch 44
[20250221 09:51:59 INFO    ] train epoch:44 / loss:0.0008304 / SRCC:0.9903 / PLCC:0.9919
[20250221 09:51:59 INFO    ] Starting eval...
[20250221 09:51:59 INFO    ] Running testing in epoch 44
[20250221 09:52:08 INFO    ] Epoch:44 ===== loss:0.01274 ===== SRCC:0.9012 ===== PLCC:0.911
[20250221 09:52:08 INFO    ] Eval done...
[20250221 09:52:08 INFO    ] Epoch 44 done. Time: 1.2min
[20250221 09:52:08 INFO    ] Running training epoch 45
[20250221 09:53:10 INFO    ] train epoch:45 / loss:0.0004283 / SRCC:0.9949 / PLCC:0.9959
[20250221 09:53:10 INFO    ] Starting eval...
[20250221 09:53:10 INFO    ] Running testing in epoch 45
[20250221 09:53:18 INFO    ] Epoch:45 ===== loss:0.01237 ===== SRCC:0.9045 ===== PLCC:0.9101
[20250221 09:53:18 INFO    ] Eval done...
[20250221 09:53:18 INFO    ] Epoch 45 done. Time: 1.2min
[20250221 09:53:18 INFO    ] Running training epoch 46
[20250221 09:54:20 INFO    ] train epoch:46 / loss:0.0004104 / SRCC:0.9953 / PLCC:0.996
[20250221 09:54:20 INFO    ] Starting eval...
[20250221 09:54:20 INFO    ] Running testing in epoch 46
[20250221 09:54:28 INFO    ] Epoch:46 ===== loss:0.01235 ===== SRCC:0.904 ===== PLCC:0.9093
[20250221 09:54:28 INFO    ] Eval done...
[20250221 09:54:28 INFO    ] Epoch 46 done. Time: 1.2min
[20250221 09:54:28 INFO    ] Running training epoch 47
[20250221 09:55:30 INFO    ] train epoch:47 / loss:0.0003229 / SRCC:0.9963 / PLCC:0.9969
[20250221 09:55:30 INFO    ] Starting eval...
[20250221 09:55:30 INFO    ] Running testing in epoch 47
[20250221 09:55:39 INFO    ] Epoch:47 ===== loss:0.01303 ===== SRCC:0.902 ===== PLCC:0.9081
[20250221 09:55:39 INFO    ] Eval done...
[20250221 09:55:39 INFO    ] Epoch 47 done. Time: 1.2min
[20250221 09:55:39 INFO    ] Running training epoch 48
[20250221 09:56:41 INFO    ] train epoch:48 / loss:0.000291 / SRCC:0.9965 / PLCC:0.9972
[20250221 09:56:41 INFO    ] Starting eval...
[20250221 09:56:41 INFO    ] Running testing in epoch 48
[20250221 09:56:49 INFO    ] Epoch:48 ===== loss:0.01308 ===== SRCC:0.9036 ===== PLCC:0.9098
[20250221 09:56:49 INFO    ] Eval done...
[20250221 09:56:49 INFO    ] Epoch 48 done. Time: 1.2min
[20250221 09:56:49 INFO    ] Running training epoch 49
[20250221 09:57:51 INFO    ] train epoch:49 / loss:0.0003307 / SRCC:0.9962 / PLCC:0.9968
[20250221 09:57:51 INFO    ] Starting eval...
[20250221 09:57:51 INFO    ] Running testing in epoch 49
[20250221 09:58:00 INFO    ] Epoch:49 ===== loss:0.012 ===== SRCC:0.9039 ===== PLCC:0.909
[20250221 09:58:00 INFO    ] Eval done...
[20250221 09:58:00 INFO    ] Epoch 49 done. Time: 1.2min
[20250221 09:58:00 INFO    ] Running training epoch 50
[20250221 09:59:01 INFO    ] train epoch:50 / loss:0.0005147 / SRCC:0.9934 / PLCC:0.995
[20250221 09:59:01 INFO    ] Starting eval...
[20250221 09:59:01 INFO    ] Running testing in epoch 50
[20250221 09:59:10 INFO    ] Epoch:50 ===== loss:0.01234 ===== SRCC:0.9018 ===== PLCC:0.9074
[20250221 09:59:10 INFO    ] Eval done...
[20250221 09:59:10 INFO    ] Epoch 50 done. Time: 1.2min
[20250221 09:59:10 INFO    ] Running training epoch 51
[20250221 10:00:12 INFO    ] train epoch:51 / loss:0.0006852 / SRCC:0.9917 / PLCC:0.9934
[20250221 10:00:12 INFO    ] Starting eval...
[20250221 10:00:12 INFO    ] Running testing in epoch 51
[20250221 10:00:20 INFO    ] Epoch:51 ===== loss:0.01191 ===== SRCC:0.8981 ===== PLCC:0.9103
[20250221 10:00:20 INFO    ] Eval done...
[20250221 10:00:20 INFO    ] Epoch 51 done. Time: 1.2min
[20250221 10:00:20 INFO    ] Running training epoch 52
[20250221 10:01:22 INFO    ] train epoch:52 / loss:0.0006951 / SRCC:0.9923 / PLCC:0.9932
[20250221 10:01:22 INFO    ] Starting eval...
[20250221 10:01:22 INFO    ] Running testing in epoch 52
[20250221 10:01:30 INFO    ] Epoch:52 ===== loss:0.01296 ===== SRCC:0.8993 ===== PLCC:0.9061
[20250221 10:01:30 INFO    ] Eval done...
[20250221 10:01:30 INFO    ] Epoch 52 done. Time: 1.2min
[20250221 10:01:30 INFO    ] Running training epoch 53
[20250221 10:02:32 INFO    ] train epoch:53 / loss:0.0008324 / SRCC:0.9907 / PLCC:0.9919
[20250221 10:02:32 INFO    ] Starting eval...
[20250221 10:02:32 INFO    ] Running testing in epoch 53
[20250221 10:02:41 INFO    ] Epoch:53 ===== loss:0.01259 ===== SRCC:0.8989 ===== PLCC:0.9092
[20250221 10:02:41 INFO    ] Eval done...
[20250221 10:02:41 INFO    ] Epoch 53 done. Time: 1.2min
[20250221 10:02:41 INFO    ] Running training epoch 54
[20250221 10:03:43 INFO    ] train epoch:54 / loss:0.0005726 / SRCC:0.9935 / PLCC:0.9945
[20250221 10:03:43 INFO    ] Starting eval...
[20250221 10:03:43 INFO    ] Running testing in epoch 54
[20250221 10:03:51 INFO    ] Epoch:54 ===== loss:0.01251 ===== SRCC:0.9024 ===== PLCC:0.9068
[20250221 10:03:51 INFO    ] Eval done...
[20250221 10:03:51 INFO    ] Epoch 54 done. Time: 1.2min
[20250221 10:03:51 INFO    ] Running training epoch 55
[20250221 10:04:53 INFO    ] train epoch:55 / loss:0.0005968 / SRCC:0.9925 / PLCC:0.9942
[20250221 10:04:53 INFO    ] Starting eval...
[20250221 10:04:53 INFO    ] Running testing in epoch 55
[20250221 10:05:01 INFO    ] Epoch:55 ===== loss:0.01363 ===== SRCC:0.8995 ===== PLCC:0.904
[20250221 10:05:01 INFO    ] Eval done...
[20250221 10:05:01 INFO    ] Epoch 55 done. Time: 1.2min
[20250221 10:05:01 INFO    ] Running training epoch 56
[20250221 10:06:03 INFO    ] train epoch:56 / loss:0.0004606 / SRCC:0.9943 / PLCC:0.9955
[20250221 10:06:03 INFO    ] Starting eval...
[20250221 10:06:03 INFO    ] Running testing in epoch 56
[20250221 10:06:11 INFO    ] Epoch:56 ===== loss:0.01268 ===== SRCC:0.897 ===== PLCC:0.9071
[20250221 10:06:11 INFO    ] Eval done...
[20250221 10:06:11 INFO    ] Epoch 56 done. Time: 1.2min
[20250221 10:06:11 INFO    ] Running training epoch 57
[20250221 10:07:13 INFO    ] train epoch:57 / loss:0.0003407 / SRCC:0.9958 / PLCC:0.9967
[20250221 10:07:13 INFO    ] Starting eval...
[20250221 10:07:13 INFO    ] Running testing in epoch 57
[20250221 10:07:22 INFO    ] Epoch:57 ===== loss:0.01313 ===== SRCC:0.9025 ===== PLCC:0.9076
[20250221 10:07:22 INFO    ] Eval done...
[20250221 10:07:22 INFO    ] Epoch 57 done. Time: 1.2min
[20250221 10:07:22 INFO    ] Running training epoch 58
[20250221 10:08:24 INFO    ] train epoch:58 / loss:0.0002265 / SRCC:0.9972 / PLCC:0.9978
[20250221 10:08:24 INFO    ] Starting eval...
[20250221 10:08:24 INFO    ] Running testing in epoch 58
[20250221 10:08:32 INFO    ] Epoch:58 ===== loss:0.01284 ===== SRCC:0.9031 ===== PLCC:0.907
[20250221 10:08:32 INFO    ] Eval done...
[20250221 10:08:32 INFO    ] Epoch 58 done. Time: 1.2min
[20250221 10:08:32 INFO    ] Running training epoch 59
[20250221 10:09:34 INFO    ] train epoch:59 / loss:0.0002348 / SRCC:0.997 / PLCC:0.9977
[20250221 10:09:34 INFO    ] Starting eval...
[20250221 10:09:34 INFO    ] Running testing in epoch 59
[20250221 10:09:42 INFO    ] Epoch:59 ===== loss:0.01291 ===== SRCC:0.9028 ===== PLCC:0.9068
[20250221 10:09:42 INFO    ] Eval done...
[20250221 10:09:42 INFO    ] Epoch 59 done. Time: 1.2min
[20250221 10:09:42 INFO    ] Running training epoch 60
[20250221 10:10:44 INFO    ] train epoch:60 / loss:0.000233 / SRCC:0.9971 / PLCC:0.9977
[20250221 10:10:44 INFO    ] Starting eval...
[20250221 10:10:44 INFO    ] Running testing in epoch 60
[20250221 10:10:53 INFO    ] Epoch:60 ===== loss:0.01243 ===== SRCC:0.9024 ===== PLCC:0.9077
[20250221 10:10:53 INFO    ] Eval done...
[20250221 10:10:53 INFO    ] Epoch 60 done. Time: 1.2min
[20250221 10:10:53 INFO    ] Running training epoch 61
[20250221 10:11:55 INFO    ] train epoch:61 / loss:0.0002047 / SRCC:0.9976 / PLCC:0.998
[20250221 10:11:55 INFO    ] Starting eval...
[20250221 10:11:55 INFO    ] Running testing in epoch 61
[20250221 10:12:03 INFO    ] Epoch:61 ===== loss:0.01249 ===== SRCC:0.9006 ===== PLCC:0.9056
[20250221 10:12:03 INFO    ] Eval done...
[20250221 10:12:03 INFO    ] Epoch 61 done. Time: 1.2min
[20250221 10:12:03 INFO    ] Running training epoch 62
[20250221 10:13:05 INFO    ] train epoch:62 / loss:0.0002038 / SRCC:0.9974 / PLCC:0.998
[20250221 10:13:05 INFO    ] Starting eval...
[20250221 10:13:05 INFO    ] Running testing in epoch 62
[20250221 10:13:13 INFO    ] Epoch:62 ===== loss:0.01232 ===== SRCC:0.9041 ===== PLCC:0.9088
[20250221 10:13:13 INFO    ] Eval done...
[20250221 10:13:13 INFO    ] Epoch 62 done. Time: 1.2min
[20250221 10:13:13 INFO    ] Running training epoch 63
[20250221 10:14:15 INFO    ] train epoch:63 / loss:0.0002336 / SRCC:0.9973 / PLCC:0.9977
[20250221 10:14:15 INFO    ] Starting eval...
[20250221 10:14:15 INFO    ] Running testing in epoch 63
[20250221 10:14:24 INFO    ] Epoch:63 ===== loss:0.01266 ===== SRCC:0.9025 ===== PLCC:0.9074
[20250221 10:14:24 INFO    ] Eval done...
[20250221 10:14:24 INFO    ] Epoch 63 done. Time: 1.2min
[20250221 10:14:24 INFO    ] Running training epoch 64
[20250221 10:15:26 INFO    ] train epoch:64 / loss:0.0003338 / SRCC:0.996 / PLCC:0.9968
[20250221 10:15:26 INFO    ] Starting eval...
[20250221 10:15:26 INFO    ] Running testing in epoch 64
[20250221 10:15:34 INFO    ] Epoch:64 ===== loss:0.01219 ===== SRCC:0.9037 ===== PLCC:0.9097
[20250221 10:15:34 INFO    ] Eval done...
[20250221 10:15:34 INFO    ] Epoch 64 done. Time: 1.2min
[20250221 10:15:34 INFO    ] Running training epoch 65
[20250221 10:16:36 INFO    ] train epoch:65 / loss:0.0003927 / SRCC:0.9952 / PLCC:0.9962
[20250221 10:16:36 INFO    ] Starting eval...
[20250221 10:16:36 INFO    ] Running testing in epoch 65
[20250221 10:16:45 INFO    ] Epoch:65 ===== loss:0.01356 ===== SRCC:0.9033 ===== PLCC:0.9084
[20250221 10:16:45 INFO    ] Eval done...
[20250221 10:16:45 INFO    ] Epoch 65 done. Time: 1.2min
[20250221 10:16:45 INFO    ] Running training epoch 66
[20250221 10:17:47 INFO    ] train epoch:66 / loss:0.0003786 / SRCC:0.9955 / PLCC:0.9963
[20250221 10:17:47 INFO    ] Starting eval...
[20250221 10:17:47 INFO    ] Running testing in epoch 66
[20250221 10:17:55 INFO    ] Epoch:66 ===== loss:0.01311 ===== SRCC:0.9029 ===== PLCC:0.9086
[20250221 10:17:55 INFO    ] Eval done...
[20250221 10:17:55 INFO    ] Epoch 66 done. Time: 1.2min
[20250221 10:17:55 INFO    ] Running training epoch 67
[20250221 10:18:57 INFO    ] train epoch:67 / loss:0.0002528 / SRCC:0.997 / PLCC:0.9975
[20250221 10:18:57 INFO    ] Starting eval...
[20250221 10:18:57 INFO    ] Running testing in epoch 67
[20250221 10:19:05 INFO    ] Epoch:67 ===== loss:0.01251 ===== SRCC:0.9035 ===== PLCC:0.9091
[20250221 10:19:05 INFO    ] Eval done...
[20250221 10:19:05 INFO    ] Epoch 67 done. Time: 1.2min
[20250221 10:19:05 INFO    ] Running training epoch 68
[20250221 10:20:07 INFO    ] train epoch:68 / loss:0.0002716 / SRCC:0.9964 / PLCC:0.9974
[20250221 10:20:07 INFO    ] Starting eval...
[20250221 10:20:07 INFO    ] Running testing in epoch 68
[20250221 10:20:16 INFO    ] Epoch:68 ===== loss:0.01308 ===== SRCC:0.9059 ===== PLCC:0.9082
[20250221 10:20:16 INFO    ] Eval done...
[20250221 10:20:16 INFO    ] Epoch 68 done. Time: 1.2min
[20250221 10:20:16 INFO    ] Running training epoch 69
[20250221 10:21:18 INFO    ] train epoch:69 / loss:0.0002467 / SRCC:0.9969 / PLCC:0.9976
[20250221 10:21:18 INFO    ] Starting eval...
[20250221 10:21:18 INFO    ] Running testing in epoch 69
[20250221 10:21:26 INFO    ] Epoch:69 ===== loss:0.01326 ===== SRCC:0.9001 ===== PLCC:0.9063
[20250221 10:21:26 INFO    ] Eval done...
[20250221 10:21:26 INFO    ] Epoch 69 done. Time: 1.2min
[20250221 10:21:26 INFO    ] Running training epoch 70
[20250221 10:22:28 INFO    ] train epoch:70 / loss:0.0002184 / SRCC:0.9973 / PLCC:0.9979
[20250221 10:22:28 INFO    ] Starting eval...
[20250221 10:22:28 INFO    ] Running testing in epoch 70
[20250221 10:22:36 INFO    ] Epoch:70 ===== loss:0.01249 ===== SRCC:0.9054 ===== PLCC:0.9091
[20250221 10:22:36 INFO    ] Eval done...
[20250221 10:22:36 INFO    ] Epoch 70 done. Time: 1.2min
[20250221 10:22:36 INFO    ] Running training epoch 71
[20250221 10:23:38 INFO    ] train epoch:71 / loss:0.0001875 / SRCC:0.9977 / PLCC:0.9982
[20250221 10:23:38 INFO    ] Starting eval...
[20250221 10:23:38 INFO    ] Running testing in epoch 71
[20250221 10:23:46 INFO    ] Epoch:71 ===== loss:0.01263 ===== SRCC:0.9039 ===== PLCC:0.9095
[20250221 10:23:46 INFO    ] Eval done...
[20250221 10:23:46 INFO    ] Epoch 71 done. Time: 1.2min
[20250221 10:23:46 INFO    ] Running training epoch 72
[20250221 10:24:48 INFO    ] train epoch:72 / loss:0.0002062 / SRCC:0.9974 / PLCC:0.998
[20250221 10:24:48 INFO    ] Starting eval...
[20250221 10:24:48 INFO    ] Running testing in epoch 72
[20250221 10:24:56 INFO    ] Epoch:72 ===== loss:0.01247 ===== SRCC:0.9026 ===== PLCC:0.9084
[20250221 10:24:56 INFO    ] Eval done...
[20250221 10:24:56 INFO    ] Epoch 72 done. Time: 1.2min
[20250221 10:24:56 INFO    ] Running training epoch 73
[20250221 10:25:59 INFO    ] train epoch:73 / loss:0.0002477 / SRCC:0.9969 / PLCC:0.9976
[20250221 10:25:59 INFO    ] Starting eval...
[20250221 10:25:59 INFO    ] Running testing in epoch 73
[20250221 10:26:07 INFO    ] Epoch:73 ===== loss:0.01227 ===== SRCC:0.9031 ===== PLCC:0.9097
[20250221 10:26:07 INFO    ] Eval done...
[20250221 10:26:07 INFO    ] Epoch 73 done. Time: 1.2min
[20250221 10:26:07 INFO    ] Running training epoch 74
[20250221 10:27:09 INFO    ] train epoch:74 / loss:0.0002908 / SRCC:0.9962 / PLCC:0.9972
[20250221 10:27:09 INFO    ] Starting eval...
[20250221 10:27:09 INFO    ] Running testing in epoch 74
[20250221 10:27:17 INFO    ] Epoch:74 ===== loss:0.01295 ===== SRCC:0.9026 ===== PLCC:0.9042
[20250221 10:27:17 INFO    ] Eval done...
[20250221 10:27:17 INFO    ] Epoch 74 done. Time: 1.2min
[20250221 10:27:17 INFO    ] Running training epoch 75
[20250221 10:28:19 INFO    ] train epoch:75 / loss:0.0004596 / SRCC:0.9945 / PLCC:0.9955
[20250221 10:28:19 INFO    ] Starting eval...
[20250221 10:28:19 INFO    ] Running testing in epoch 75
[20250221 10:28:27 INFO    ] Epoch:75 ===== loss:0.01296 ===== SRCC:0.9044 ===== PLCC:0.9064
[20250221 10:28:27 INFO    ] Eval done...
[20250221 10:28:27 INFO    ] Epoch 75 done. Time: 1.2min
[20250221 10:28:27 INFO    ] Running training epoch 76
[20250221 10:29:29 INFO    ] train epoch:76 / loss:0.000335 / SRCC:0.9961 / PLCC:0.9967
[20250221 10:29:29 INFO    ] Starting eval...
[20250221 10:29:29 INFO    ] Running testing in epoch 76
[20250221 10:29:38 INFO    ] Epoch:76 ===== loss:0.013 ===== SRCC:0.9021 ===== PLCC:0.9049
[20250221 10:29:38 INFO    ] Eval done...
[20250221 10:29:38 INFO    ] Epoch 76 done. Time: 1.2min
[20250221 10:29:38 INFO    ] Running training epoch 77
[20250221 10:30:40 INFO    ] train epoch:77 / loss:0.0004222 / SRCC:0.9949 / PLCC:0.9959
[20250221 10:30:40 INFO    ] Starting eval...
[20250221 10:30:40 INFO    ] Running testing in epoch 77
[20250221 10:30:49 INFO    ] Epoch:77 ===== loss:0.01278 ===== SRCC:0.9028 ===== PLCC:0.9082
[20250221 10:30:49 INFO    ] Eval done...
[20250221 10:30:49 INFO    ] Epoch 77 done. Time: 1.2min
[20250221 10:30:49 INFO    ] Running training epoch 78
[20250221 10:31:50 INFO    ] train epoch:78 / loss:0.0004237 / SRCC:0.9947 / PLCC:0.9959
[20250221 10:31:50 INFO    ] Starting eval...
[20250221 10:31:50 INFO    ] Running testing in epoch 78
[20250221 10:31:59 INFO    ] Epoch:78 ===== loss:0.01319 ===== SRCC:0.9014 ===== PLCC:0.9016
[20250221 10:31:59 INFO    ] Eval done...
[20250221 10:31:59 INFO    ] Epoch 78 done. Time: 1.2min
[20250221 10:31:59 INFO    ] Running training epoch 79
[20250221 10:33:01 INFO    ] train epoch:79 / loss:0.0004717 / SRCC:0.9943 / PLCC:0.9954
[20250221 10:33:01 INFO    ] Starting eval...
[20250221 10:33:01 INFO    ] Running testing in epoch 79
[20250221 10:33:09 INFO    ] Epoch:79 ===== loss:0.0124 ===== SRCC:0.903 ===== PLCC:0.9081
[20250221 10:33:09 INFO    ] Eval done...
[20250221 10:33:09 INFO    ] Epoch 79 done. Time: 1.2min
[20250221 10:33:09 INFO    ] Running training epoch 80
[20250221 10:34:11 INFO    ] train epoch:80 / loss:0.0003909 / SRCC:0.9952 / PLCC:0.9962
[20250221 10:34:11 INFO    ] Starting eval...
[20250221 10:34:11 INFO    ] Running testing in epoch 80
[20250221 10:34:19 INFO    ] Epoch:80 ===== loss:0.01268 ===== SRCC:0.9055 ===== PLCC:0.9075
[20250221 10:34:19 INFO    ] Eval done...
[20250221 10:34:19 INFO    ] Epoch 80 done. Time: 1.2min
[20250221 10:34:19 INFO    ] Running training epoch 81
[20250221 10:35:21 INFO    ] train epoch:81 / loss:0.0004559 / SRCC:0.9946 / PLCC:0.9955
[20250221 10:35:21 INFO    ] Starting eval...
[20250221 10:35:21 INFO    ] Running testing in epoch 81
[20250221 10:35:29 INFO    ] Epoch:81 ===== loss:0.01208 ===== SRCC:0.908 ===== PLCC:0.9102
[20250221 10:35:29 INFO    ] Eval done...
[20250221 10:35:29 INFO    ] Epoch 81 done. Time: 1.2min
[20250221 10:35:29 INFO    ] Running training epoch 82
[20250221 10:36:31 INFO    ] train epoch:82 / loss:0.000418 / SRCC:0.9953 / PLCC:0.996
[20250221 10:36:31 INFO    ] Starting eval...
[20250221 10:36:31 INFO    ] Running testing in epoch 82
[20250221 10:36:40 INFO    ] Epoch:82 ===== loss:0.01362 ===== SRCC:0.894 ===== PLCC:0.8993
[20250221 10:36:40 INFO    ] Eval done...
[20250221 10:36:40 INFO    ] Epoch 82 done. Time: 1.2min
[20250221 10:36:40 INFO    ] Running training epoch 83
[20250221 10:37:42 INFO    ] train epoch:83 / loss:0.0004254 / SRCC:0.9953 / PLCC:0.9959
[20250221 10:37:42 INFO    ] Starting eval...
[20250221 10:37:42 INFO    ] Running testing in epoch 83
[20250221 10:37:50 INFO    ] Epoch:83 ===== loss:0.01241 ===== SRCC:0.9032 ===== PLCC:0.9093
[20250221 10:37:50 INFO    ] Eval done...
[20250221 10:37:50 INFO    ] Epoch 83 done. Time: 1.2min
[20250221 10:37:50 INFO    ] Running training epoch 84
[20250221 10:38:53 INFO    ] train epoch:84 / loss:0.0003217 / SRCC:0.996 / PLCC:0.9969
[20250221 10:38:53 INFO    ] Starting eval...
[20250221 10:38:53 INFO    ] Running testing in epoch 84
[20250221 10:39:01 INFO    ] Epoch:84 ===== loss:0.01244 ===== SRCC:0.9065 ===== PLCC:0.91
[20250221 10:39:01 INFO    ] Eval done...
[20250221 10:39:01 INFO    ] Epoch 84 done. Time: 1.2min
[20250221 10:39:01 INFO    ] Running training epoch 85
[20250221 10:40:03 INFO    ] train epoch:85 / loss:0.0003321 / SRCC:0.9962 / PLCC:0.9968
[20250221 10:40:03 INFO    ] Starting eval...
[20250221 10:40:03 INFO    ] Running testing in epoch 85
[20250221 10:40:11 INFO    ] Epoch:85 ===== loss:0.01269 ===== SRCC:0.9044 ===== PLCC:0.9083
[20250221 10:40:11 INFO    ] Eval done...
[20250221 10:40:11 INFO    ] Epoch 85 done. Time: 1.2min
[20250221 10:40:11 INFO    ] Running training epoch 86
[20250221 10:41:13 INFO    ] train epoch:86 / loss:0.0005316 / SRCC:0.9933 / PLCC:0.9948
[20250221 10:41:13 INFO    ] Starting eval...
[20250221 10:41:13 INFO    ] Running testing in epoch 86
[20250221 10:41:21 INFO    ] Epoch:86 ===== loss:0.01243 ===== SRCC:0.8991 ===== PLCC:0.904
[20250221 10:41:21 INFO    ] Eval done...
[20250221 10:41:21 INFO    ] Epoch 86 done. Time: 1.2min
[20250221 10:41:21 INFO    ] Running training epoch 87
[20250221 10:42:23 INFO    ] train epoch:87 / loss:0.0006822 / SRCC:0.9922 / PLCC:0.9933
[20250221 10:42:23 INFO    ] Starting eval...
[20250221 10:42:23 INFO    ] Running testing in epoch 87
[20250221 10:42:31 INFO    ] Epoch:87 ===== loss:0.01332 ===== SRCC:0.9 ===== PLCC:0.9049
[20250221 10:42:31 INFO    ] Eval done...
[20250221 10:42:31 INFO    ] Epoch 87 done. Time: 1.2min
[20250221 10:42:31 INFO    ] Running training epoch 88
[20250221 10:43:33 INFO    ] train epoch:88 / loss:0.0004607 / SRCC:0.9942 / PLCC:0.9955
[20250221 10:43:33 INFO    ] Starting eval...
[20250221 10:43:33 INFO    ] Running testing in epoch 88
[20250221 10:43:41 INFO    ] Epoch:88 ===== loss:0.01231 ===== SRCC:0.9042 ===== PLCC:0.9082
[20250221 10:43:41 INFO    ] Eval done...
[20250221 10:43:41 INFO    ] Epoch 88 done. Time: 1.2min
[20250221 10:43:41 INFO    ] Running training epoch 89
[20250221 10:44:43 INFO    ] train epoch:89 / loss:0.0004078 / SRCC:0.995 / PLCC:0.996
[20250221 10:44:43 INFO    ] Starting eval...
[20250221 10:44:43 INFO    ] Running testing in epoch 89
[20250221 10:44:52 INFO    ] Epoch:89 ===== loss:0.01288 ===== SRCC:0.9019 ===== PLCC:0.9059
[20250221 10:44:52 INFO    ] Eval done...
[20250221 10:44:52 INFO    ] Epoch 89 done. Time: 1.2min
[20250221 10:44:52 INFO    ] Running training epoch 90
[20250221 10:45:53 INFO    ] train epoch:90 / loss:0.000275 / SRCC:0.9966 / PLCC:0.9973
[20250221 10:45:53 INFO    ] Starting eval...
[20250221 10:45:53 INFO    ] Running testing in epoch 90
[20250221 10:46:02 INFO    ] Epoch:90 ===== loss:0.01241 ===== SRCC:0.9047 ===== PLCC:0.9091
[20250221 10:46:02 INFO    ] Eval done...
[20250221 10:46:02 INFO    ] Epoch 90 done. Time: 1.2min
[20250221 10:46:02 INFO    ] Running training epoch 91
[20250221 10:47:04 INFO    ] train epoch:91 / loss:0.000238 / SRCC:0.9973 / PLCC:0.9977
[20250221 10:47:04 INFO    ] Starting eval...
[20250221 10:47:04 INFO    ] Running testing in epoch 91
[20250221 10:47:12 INFO    ] Epoch:91 ===== loss:0.01236 ===== SRCC:0.9015 ===== PLCC:0.9071
[20250221 10:47:12 INFO    ] Eval done...
[20250221 10:47:12 INFO    ] Epoch 91 done. Time: 1.2min
[20250221 10:47:12 INFO    ] Running training epoch 92
[20250221 10:48:14 INFO    ] train epoch:92 / loss:0.0002628 / SRCC:0.9967 / PLCC:0.9975
[20250221 10:48:14 INFO    ] Starting eval...
[20250221 10:48:14 INFO    ] Running testing in epoch 92
[20250221 10:48:22 INFO    ] Epoch:92 ===== loss:0.01328 ===== SRCC:0.9024 ===== PLCC:0.9053
[20250221 10:48:22 INFO    ] Eval done...
[20250221 10:48:22 INFO    ] Epoch 92 done. Time: 1.2min
[20250221 10:48:22 INFO    ] Running training epoch 93
[20250221 10:49:24 INFO    ] train epoch:93 / loss:0.0003264 / SRCC:0.9959 / PLCC:0.9969
[20250221 10:49:24 INFO    ] Starting eval...
[20250221 10:49:24 INFO    ] Running testing in epoch 93
[20250221 10:49:32 INFO    ] Epoch:93 ===== loss:0.01305 ===== SRCC:0.901 ===== PLCC:0.9055
[20250221 10:49:32 INFO    ] Eval done...
[20250221 10:49:32 INFO    ] Epoch 93 done. Time: 1.2min
[20250221 10:49:32 INFO    ] Running training epoch 94
[20250221 10:50:34 INFO    ] train epoch:94 / loss:0.0003033 / SRCC:0.9961 / PLCC:0.997
[20250221 10:50:34 INFO    ] Starting eval...
[20250221 10:50:34 INFO    ] Running testing in epoch 94
[20250221 10:50:43 INFO    ] Epoch:94 ===== loss:0.01249 ===== SRCC:0.9047 ===== PLCC:0.9094
[20250221 10:50:43 INFO    ] Eval done...
[20250221 10:50:43 INFO    ] Epoch 94 done. Time: 1.2min
[20250221 10:50:43 INFO    ] Running training epoch 95
[20250221 10:51:45 INFO    ] train epoch:95 / loss:0.0003418 / SRCC:0.9957 / PLCC:0.9967
[20250221 10:51:45 INFO    ] Starting eval...
[20250221 10:51:45 INFO    ] Running testing in epoch 95
[20250221 10:51:53 INFO    ] Epoch:95 ===== loss:0.01252 ===== SRCC:0.9034 ===== PLCC:0.9071
[20250221 10:51:53 INFO    ] Eval done...
[20250221 10:51:53 INFO    ] Epoch 95 done. Time: 1.2min
[20250221 10:51:53 INFO    ] Running training epoch 96
[20250221 10:52:55 INFO    ] train epoch:96 / loss:0.0002694 / SRCC:0.9967 / PLCC:0.9974
[20250221 10:52:55 INFO    ] Starting eval...
[20250221 10:52:55 INFO    ] Running testing in epoch 96
[20250221 10:53:03 INFO    ] Epoch:96 ===== loss:0.01266 ===== SRCC:0.902 ===== PLCC:0.9061
[20250221 10:53:03 INFO    ] Eval done...
[20250221 10:53:03 INFO    ] Epoch 96 done. Time: 1.2min
[20250221 10:53:03 INFO    ] Running training epoch 97
[20250221 10:54:06 INFO    ] train epoch:97 / loss:0.0002502 / SRCC:0.9968 / PLCC:0.9975
[20250221 10:54:06 INFO    ] Starting eval...
[20250221 10:54:06 INFO    ] Running testing in epoch 97
[20250221 10:54:14 INFO    ] Epoch:97 ===== loss:0.01255 ===== SRCC:0.906 ===== PLCC:0.9087
[20250221 10:54:14 INFO    ] Eval done...
[20250221 10:54:14 INFO    ] Epoch 97 done. Time: 1.2min
[20250221 10:54:14 INFO    ] Running training epoch 98
[20250221 10:55:16 INFO    ] train epoch:98 / loss:0.000312 / SRCC:0.996 / PLCC:0.997
[20250221 10:55:16 INFO    ] Starting eval...
[20250221 10:55:16 INFO    ] Running testing in epoch 98
[20250221 10:55:24 INFO    ] Epoch:98 ===== loss:0.01237 ===== SRCC:0.9068 ===== PLCC:0.9111
[20250221 10:55:24 INFO    ] Eval done...
[20250221 10:55:24 INFO    ] Epoch 98 done. Time: 1.2min
[20250221 10:55:24 INFO    ] Running training epoch 99
[20250221 10:56:26 INFO    ] train epoch:99 / loss:0.0004346 / SRCC:0.9945 / PLCC:0.9958
[20250221 10:56:26 INFO    ] Starting eval...
[20250221 10:56:26 INFO    ] Running testing in epoch 99
[20250221 10:56:35 INFO    ] Epoch:99 ===== loss:0.01408 ===== SRCC:0.8981 ===== PLCC:0.9024
[20250221 10:56:35 INFO    ] Eval done...
[20250221 10:56:35 INFO    ] Epoch 99 done. Time: 1.2min
[20250221 10:56:35 INFO    ] Running training epoch 100
[20250221 10:57:36 INFO    ] train epoch:100 / loss:0.0004815 / SRCC:0.9944 / PLCC:0.9954
[20250221 10:57:36 INFO    ] Starting eval...
[20250221 10:57:36 INFO    ] Running testing in epoch 100
[20250221 10:57:45 INFO    ] Epoch:100 ===== loss:0.01266 ===== SRCC:0.9054 ===== PLCC:0.9125
[20250221 10:57:45 INFO    ] Eval done...
[20250221 10:57:45 INFO    ] Epoch 100 done. Time: 1.2min
[20250221 10:57:45 INFO    ] Running training epoch 101
[20250221 10:58:47 INFO    ] train epoch:101 / loss:0.0004112 / SRCC:0.995 / PLCC:0.996
[20250221 10:58:47 INFO    ] Starting eval...
[20250221 10:58:47 INFO    ] Running testing in epoch 101
[20250221 10:58:55 INFO    ] Epoch:101 ===== loss:0.01289 ===== SRCC:0.9073 ===== PLCC:0.9091
[20250221 10:58:55 INFO    ] Eval done...
[20250221 10:58:55 INFO    ] Epoch 101 done. Time: 1.2min
[20250221 10:58:55 INFO    ] Running training epoch 102
[20250221 10:59:57 INFO    ] train epoch:102 / loss:0.0003138 / SRCC:0.9963 / PLCC:0.9969
[20250221 10:59:57 INFO    ] Starting eval...
[20250221 10:59:57 INFO    ] Running testing in epoch 102
[20250221 11:00:06 INFO    ] Epoch:102 ===== loss:0.01276 ===== SRCC:0.9046 ===== PLCC:0.9072
[20250221 11:00:06 INFO    ] Eval done...
[20250221 11:00:06 INFO    ] Epoch 102 done. Time: 1.2min
[20250221 11:00:06 INFO    ] Running training epoch 103
[20250221 11:01:07 INFO    ] train epoch:103 / loss:0.0002537 / SRCC:0.997 / PLCC:0.9975
[20250221 11:01:07 INFO    ] Starting eval...
[20250221 11:01:07 INFO    ] Running testing in epoch 103
[20250221 11:01:16 INFO    ] Epoch:103 ===== loss:0.01283 ===== SRCC:0.9024 ===== PLCC:0.9054
[20250221 11:01:16 INFO    ] Eval done...
[20250221 11:01:16 INFO    ] Epoch 103 done. Time: 1.2min
[20250221 11:01:16 INFO    ] Running training epoch 104
[20250221 11:02:18 INFO    ] train epoch:104 / loss:0.0002609 / SRCC:0.9968 / PLCC:0.9975
[20250221 11:02:18 INFO    ] Starting eval...
[20250221 11:02:18 INFO    ] Running testing in epoch 104
[20250221 11:02:26 INFO    ] Epoch:104 ===== loss:0.01232 ===== SRCC:0.9018 ===== PLCC:0.9069
[20250221 11:02:26 INFO    ] Eval done...
[20250221 11:02:26 INFO    ] Epoch 104 done. Time: 1.2min
[20250221 11:02:26 INFO    ] Running training epoch 105
[20250221 11:03:28 INFO    ] train epoch:105 / loss:0.0003252 / SRCC:0.9958 / PLCC:0.9968
[20250221 11:03:28 INFO    ] Starting eval...
[20250221 11:03:28 INFO    ] Running testing in epoch 105
[20250221 11:03:36 INFO    ] Epoch:105 ===== loss:0.01284 ===== SRCC:0.9044 ===== PLCC:0.9066
[20250221 11:03:36 INFO    ] Eval done...
[20250221 11:03:36 INFO    ] Epoch 105 done. Time: 1.2min
[20250221 11:03:36 INFO    ] Running training epoch 106
[20250221 11:04:39 INFO    ] train epoch:106 / loss:0.0002606 / SRCC:0.9967 / PLCC:0.9975
[20250221 11:04:39 INFO    ] Starting eval...
[20250221 11:04:39 INFO    ] Running testing in epoch 106
[20250221 11:04:47 INFO    ] Epoch:106 ===== loss:0.01254 ===== SRCC:0.9046 ===== PLCC:0.9086
[20250221 11:04:47 INFO    ] Eval done...
[20250221 11:04:47 INFO    ] Epoch 106 done. Time: 1.2min
[20250221 11:04:47 INFO    ] Running training epoch 107
[20250221 11:05:49 INFO    ] train epoch:107 / loss:0.0002909 / SRCC:0.9964 / PLCC:0.9972
[20250221 11:05:49 INFO    ] Starting eval...
[20250221 11:05:49 INFO    ] Running testing in epoch 107
[20250221 11:05:57 INFO    ] Epoch:107 ===== loss:0.01302 ===== SRCC:0.9025 ===== PLCC:0.9064
[20250221 11:05:57 INFO    ] Eval done...
[20250221 11:05:57 INFO    ] Epoch 107 done. Time: 1.2min
[20250221 11:05:57 INFO    ] Running training epoch 108
[20250221 11:06:59 INFO    ] train epoch:108 / loss:0.0002795 / SRCC:0.9965 / PLCC:0.9973
[20250221 11:06:59 INFO    ] Starting eval...
[20250221 11:06:59 INFO    ] Running testing in epoch 108
[20250221 11:07:08 INFO    ] Epoch:108 ===== loss:0.013 ===== SRCC:0.9029 ===== PLCC:0.9032
[20250221 11:07:08 INFO    ] Eval done...
[20250221 11:07:08 INFO    ] Epoch 108 done. Time: 1.2min
[20250221 11:07:08 INFO    ] Running training epoch 109
[20250221 11:08:09 INFO    ] train epoch:109 / loss:0.0002929 / SRCC:0.9965 / PLCC:0.9972
[20250221 11:08:09 INFO    ] Starting eval...
[20250221 11:08:09 INFO    ] Running testing in epoch 109
[20250221 11:08:18 INFO    ] Epoch:109 ===== loss:0.01304 ===== SRCC:0.9006 ===== PLCC:0.9055
[20250221 11:08:18 INFO    ] Eval done...
[20250221 11:08:18 INFO    ] Epoch 109 done. Time: 1.2min
[20250221 11:08:18 INFO    ] Running training epoch 110
[20250221 11:09:20 INFO    ] train epoch:110 / loss:0.0002885 / SRCC:0.9962 / PLCC:0.9972
[20250221 11:09:20 INFO    ] Starting eval...
[20250221 11:09:20 INFO    ] Running testing in epoch 110
[20250221 11:09:28 INFO    ] Epoch:110 ===== loss:0.01271 ===== SRCC:0.9054 ===== PLCC:0.9093
[20250221 11:09:28 INFO    ] Eval done...
[20250221 11:09:28 INFO    ] Epoch 110 done. Time: 1.2min
[20250221 11:09:28 INFO    ] Running training epoch 111
[20250221 11:10:30 INFO    ] train epoch:111 / loss:0.0002653 / SRCC:0.9968 / PLCC:0.9974
[20250221 11:10:30 INFO    ] Starting eval...
[20250221 11:10:30 INFO    ] Running testing in epoch 111
[20250221 11:10:39 INFO    ] Epoch:111 ===== loss:0.0128 ===== SRCC:0.9014 ===== PLCC:0.9064
[20250221 11:10:39 INFO    ] Eval done...
[20250221 11:10:39 INFO    ] Epoch 111 done. Time: 1.2min
[20250221 11:10:39 INFO    ] Running training epoch 112
[20250221 11:11:41 INFO    ] train epoch:112 / loss:0.0003816 / SRCC:0.9949 / PLCC:0.9962
[20250221 11:11:41 INFO    ] Starting eval...
[20250221 11:11:41 INFO    ] Running testing in epoch 112
[20250221 11:11:49 INFO    ] Epoch:112 ===== loss:0.01238 ===== SRCC:0.9029 ===== PLCC:0.907
[20250221 11:11:49 INFO    ] Eval done...
[20250221 11:11:49 INFO    ] Epoch 112 done. Time: 1.2min
[20250221 11:11:49 INFO    ] Running training epoch 113
[20250221 11:12:51 INFO    ] train epoch:113 / loss:0.0003902 / SRCC:0.995 / PLCC:0.9962
[20250221 11:12:51 INFO    ] Starting eval...
[20250221 11:12:51 INFO    ] Running testing in epoch 113
[20250221 11:13:00 INFO    ] Epoch:113 ===== loss:0.01277 ===== SRCC:0.8984 ===== PLCC:0.9052
[20250221 11:13:00 INFO    ] Eval done...
[20250221 11:13:00 INFO    ] Epoch 113 done. Time: 1.2min
[20250221 11:13:00 INFO    ] Running training epoch 114
[20250221 11:14:02 INFO    ] train epoch:114 / loss:0.0003148 / SRCC:0.9961 / PLCC:0.9969
[20250221 11:14:02 INFO    ] Starting eval...
[20250221 11:14:02 INFO    ] Running testing in epoch 114
[20250221 11:14:10 INFO    ] Epoch:114 ===== loss:0.01282 ===== SRCC:0.9043 ===== PLCC:0.9074
[20250221 11:14:10 INFO    ] Eval done...
[20250221 11:14:10 INFO    ] Epoch 114 done. Time: 1.2min
[20250221 11:14:10 INFO    ] Running training epoch 115
[20250221 11:15:13 INFO    ] train epoch:115 / loss:0.0002252 / SRCC:0.9972 / PLCC:0.9978
[20250221 11:15:13 INFO    ] Starting eval...
[20250221 11:15:13 INFO    ] Running testing in epoch 115
[20250221 11:15:21 INFO    ] Epoch:115 ===== loss:0.01301 ===== SRCC:0.9027 ===== PLCC:0.9058
[20250221 11:15:21 INFO    ] Eval done...
[20250221 11:15:21 INFO    ] Epoch 115 done. Time: 1.2min
[20250221 11:15:21 INFO    ] Running training epoch 116
[20250221 11:16:23 INFO    ] train epoch:116 / loss:0.00027 / SRCC:0.9971 / PLCC:0.9974
[20250221 11:16:23 INFO    ] Starting eval...
[20250221 11:16:23 INFO    ] Running testing in epoch 116
[20250221 11:16:31 INFO    ] Epoch:116 ===== loss:0.01315 ===== SRCC:0.898 ===== PLCC:0.9025
[20250221 11:16:31 INFO    ] Eval done...
[20250221 11:16:31 INFO    ] Epoch 116 done. Time: 1.2min
[20250221 11:16:31 INFO    ] Running training epoch 117
[20250221 11:17:33 INFO    ] train epoch:117 / loss:0.0003049 / SRCC:0.9964 / PLCC:0.997
[20250221 11:17:33 INFO    ] Starting eval...
[20250221 11:17:33 INFO    ] Running testing in epoch 117
[20250221 11:17:41 INFO    ] Epoch:117 ===== loss:0.01367 ===== SRCC:0.9052 ===== PLCC:0.9078
[20250221 11:17:41 INFO    ] Eval done...
[20250221 11:17:41 INFO    ] Epoch 117 done. Time: 1.2min
[20250221 11:17:41 INFO    ] Running training epoch 118
[20250221 11:18:43 INFO    ] train epoch:118 / loss:0.0003104 / SRCC:0.9965 / PLCC:0.997
[20250221 11:18:43 INFO    ] Starting eval...
[20250221 11:18:43 INFO    ] Running testing in epoch 118
[20250221 11:18:52 INFO    ] Epoch:118 ===== loss:0.0124 ===== SRCC:0.9037 ===== PLCC:0.9079
[20250221 11:18:52 INFO    ] Eval done...
[20250221 11:18:52 INFO    ] Epoch 118 done. Time: 1.2min
[20250221 11:18:52 INFO    ] Running training epoch 119
[20250221 11:19:54 INFO    ] train epoch:119 / loss:0.0002264 / SRCC:0.9978 / PLCC:0.9978
[20250221 11:19:54 INFO    ] Starting eval...
[20250221 11:19:54 INFO    ] Running testing in epoch 119
[20250221 11:20:02 INFO    ] Epoch:119 ===== loss:0.01299 ===== SRCC:0.9015 ===== PLCC:0.9058
[20250221 11:20:02 INFO    ] Eval done...
[20250221 11:20:02 INFO    ] Epoch 119 done. Time: 1.2min
[20250221 11:20:02 INFO    ] Running training epoch 120
[20250221 11:21:04 INFO    ] train epoch:120 / loss:0.0002282 / SRCC:0.9974 / PLCC:0.9978
[20250221 11:21:04 INFO    ] Starting eval...
[20250221 11:21:04 INFO    ] Running testing in epoch 120
[20250221 11:21:12 INFO    ] Epoch:120 ===== loss:0.01309 ===== SRCC:0.9032 ===== PLCC:0.9073
[20250221 11:21:12 INFO    ] Eval done...
[20250221 11:21:12 INFO    ] Epoch 120 done. Time: 1.2min
[20250221 11:21:12 INFO    ] Running training epoch 121
[20250221 11:22:14 INFO    ] train epoch:121 / loss:0.0003503 / SRCC:0.9957 / PLCC:0.9966
[20250221 11:22:14 INFO    ] Starting eval...
[20250221 11:22:14 INFO    ] Running testing in epoch 121
[20250221 11:22:22 INFO    ] Epoch:121 ===== loss:0.01344 ===== SRCC:0.8996 ===== PLCC:0.9066
[20250221 11:22:22 INFO    ] Eval done...
[20250221 11:22:22 INFO    ] Epoch 121 done. Time: 1.2min
[20250221 11:22:22 INFO    ] Running training epoch 122
[20250221 11:23:24 INFO    ] train epoch:122 / loss:0.0004778 / SRCC:0.9941 / PLCC:0.9954
[20250221 11:23:24 INFO    ] Starting eval...
[20250221 11:23:24 INFO    ] Running testing in epoch 122
[20250221 11:23:33 INFO    ] Epoch:122 ===== loss:0.01315 ===== SRCC:0.9005 ===== PLCC:0.9048
[20250221 11:23:33 INFO    ] Eval done...
[20250221 11:23:33 INFO    ] Epoch 122 done. Time: 1.2min
[20250221 11:23:33 INFO    ] Running training epoch 123
[20250221 11:24:34 INFO    ] train epoch:123 / loss:0.0003161 / SRCC:0.9962 / PLCC:0.9969
[20250221 11:24:34 INFO    ] Starting eval...
[20250221 11:24:34 INFO    ] Running testing in epoch 123
[20250221 11:24:43 INFO    ] Epoch:123 ===== loss:0.01328 ===== SRCC:0.9023 ===== PLCC:0.906
[20250221 11:24:43 INFO    ] Eval done...
[20250221 11:24:43 INFO    ] Epoch 123 done. Time: 1.2min
[20250221 11:24:43 INFO    ] Running training epoch 124
[20250221 11:25:45 INFO    ] train epoch:124 / loss:0.0004138 / SRCC:0.9946 / PLCC:0.996
[20250221 11:25:45 INFO    ] Starting eval...
[20250221 11:25:45 INFO    ] Running testing in epoch 124
[20250221 11:25:53 INFO    ] Epoch:124 ===== loss:0.01281 ===== SRCC:0.9049 ===== PLCC:0.9091
[20250221 11:25:53 INFO    ] Eval done...
[20250221 11:25:53 INFO    ] Epoch 124 done. Time: 1.2min
[20250221 11:25:53 INFO    ] Running training epoch 125
[20250221 11:26:55 INFO    ] train epoch:125 / loss:0.0003879 / SRCC:0.995 / PLCC:0.9962
[20250221 11:26:55 INFO    ] Starting eval...
[20250221 11:26:55 INFO    ] Running testing in epoch 125
[20250221 11:27:03 INFO    ] Epoch:125 ===== loss:0.01353 ===== SRCC:0.8981 ===== PLCC:0.9034
[20250221 11:27:03 INFO    ] Eval done...
[20250221 11:27:03 INFO    ] Epoch 125 done. Time: 1.2min
[20250221 11:27:03 INFO    ] Running training epoch 126
[20250221 11:28:05 INFO    ] train epoch:126 / loss:0.000329 / SRCC:0.996 / PLCC:0.9968
[20250221 11:28:05 INFO    ] Starting eval...
[20250221 11:28:05 INFO    ] Running testing in epoch 126
[20250221 11:28:14 INFO    ] Epoch:126 ===== loss:0.01352 ===== SRCC:0.8975 ===== PLCC:0.9039
[20250221 11:28:14 INFO    ] Eval done...
[20250221 11:28:14 INFO    ] Epoch 126 done. Time: 1.2min
[20250221 11:28:14 INFO    ] Running training epoch 127
[20250221 11:29:16 INFO    ] train epoch:127 / loss:0.0003083 / SRCC:0.996 / PLCC:0.997
[20250221 11:29:16 INFO    ] Starting eval...
[20250221 11:29:16 INFO    ] Running testing in epoch 127
[20250221 11:29:24 INFO    ] Epoch:127 ===== loss:0.01282 ===== SRCC:0.9047 ===== PLCC:0.9084
[20250221 11:29:24 INFO    ] Eval done...
[20250221 11:29:24 INFO    ] Epoch 127 done. Time: 1.2min
[20250221 11:29:24 INFO    ] Running training epoch 128
[20250221 11:30:26 INFO    ] train epoch:128 / loss:0.0002261 / SRCC:0.9974 / PLCC:0.9978
[20250221 11:30:26 INFO    ] Starting eval...
[20250221 11:30:26 INFO    ] Running testing in epoch 128
[20250221 11:30:34 INFO    ] Epoch:128 ===== loss:0.01255 ===== SRCC:0.9032 ===== PLCC:0.9105
[20250221 11:30:34 INFO    ] Eval done...
[20250221 11:30:34 INFO    ] Epoch 128 done. Time: 1.2min
[20250221 11:30:34 INFO    ] Running training epoch 129
[20250221 11:31:37 INFO    ] train epoch:129 / loss:0.0002358 / SRCC:0.9971 / PLCC:0.9977
[20250221 11:31:37 INFO    ] Starting eval...
[20250221 11:31:37 INFO    ] Running testing in epoch 129
[20250221 11:31:45 INFO    ] Epoch:129 ===== loss:0.01341 ===== SRCC:0.9 ===== PLCC:0.9031
[20250221 11:31:45 INFO    ] Eval done...
[20250221 11:31:45 INFO    ] Epoch 129 done. Time: 1.2min
[20250221 11:31:45 INFO    ] Running training epoch 130
[20250221 11:32:47 INFO    ] train epoch:130 / loss:0.0001955 / SRCC:0.9976 / PLCC:0.9981
[20250221 11:32:47 INFO    ] Starting eval...
[20250221 11:32:47 INFO    ] Running testing in epoch 130
[20250221 11:32:55 INFO    ] Epoch:130 ===== loss:0.01278 ===== SRCC:0.8964 ===== PLCC:0.9038
[20250221 11:32:55 INFO    ] Eval done...
[20250221 11:32:55 INFO    ] Epoch 130 done. Time: 1.2min
[20250221 11:32:55 INFO    ] Running training epoch 131
[20250221 11:33:57 INFO    ] train epoch:131 / loss:0.0002613 / SRCC:0.9967 / PLCC:0.9975
[20250221 11:33:57 INFO    ] Starting eval...
[20250221 11:33:57 INFO    ] Running testing in epoch 131
[20250221 11:34:05 INFO    ] Epoch:131 ===== loss:0.01317 ===== SRCC:0.9018 ===== PLCC:0.9072
[20250221 11:34:05 INFO    ] Eval done...
[20250221 11:34:05 INFO    ] Epoch 131 done. Time: 1.2min
[20250221 11:34:05 INFO    ] Running training epoch 132
[20250221 11:35:07 INFO    ] train epoch:132 / loss:0.0002588 / SRCC:0.9964 / PLCC:0.9975
[20250221 11:35:07 INFO    ] Starting eval...
[20250221 11:35:07 INFO    ] Running testing in epoch 132
[20250221 11:35:15 INFO    ] Epoch:132 ===== loss:0.01296 ===== SRCC:0.9052 ===== PLCC:0.9083
[20250221 11:35:15 INFO    ] Eval done...
[20250221 11:35:15 INFO    ] Epoch 132 done. Time: 1.2min
[20250221 11:35:15 INFO    ] Running training epoch 133
[20250221 11:36:17 INFO    ] train epoch:133 / loss:0.000269 / SRCC:0.9967 / PLCC:0.9974
[20250221 11:36:17 INFO    ] Starting eval...
[20250221 11:36:17 INFO    ] Running testing in epoch 133
[20250221 11:36:26 INFO    ] Epoch:133 ===== loss:0.01264 ===== SRCC:0.9004 ===== PLCC:0.9061
[20250221 11:36:26 INFO    ] Eval done...
[20250221 11:36:26 INFO    ] Epoch 133 done. Time: 1.2min
[20250221 11:36:26 INFO    ] Running training epoch 134
[20250221 11:37:27 INFO    ] train epoch:134 / loss:0.000385 / SRCC:0.9946 / PLCC:0.9963
[20250221 11:37:27 INFO    ] Starting eval...
[20250221 11:37:27 INFO    ] Running testing in epoch 134
[20250221 11:37:36 INFO    ] Epoch:134 ===== loss:0.01396 ===== SRCC:0.8944 ===== PLCC:0.902
[20250221 11:37:36 INFO    ] Eval done...
[20250221 11:37:36 INFO    ] Epoch 134 done. Time: 1.2min
[20250221 11:37:36 INFO    ] Running training epoch 135
[20250221 11:38:38 INFO    ] train epoch:135 / loss:0.000547 / SRCC:0.9928 / PLCC:0.9947
[20250221 11:38:38 INFO    ] Starting eval...
[20250221 11:38:38 INFO    ] Running testing in epoch 135
[20250221 11:38:46 INFO    ] Epoch:135 ===== loss:0.01427 ===== SRCC:0.8985 ===== PLCC:0.9033
[20250221 11:38:46 INFO    ] Eval done...
[20250221 11:38:46 INFO    ] Epoch 135 done. Time: 1.2min
[20250221 11:38:46 INFO    ] Running training epoch 136
[20250221 11:39:48 INFO    ] train epoch:136 / loss:0.0005334 / SRCC:0.9931 / PLCC:0.9948
[20250221 11:39:48 INFO    ] Starting eval...
[20250221 11:39:48 INFO    ] Running testing in epoch 136
[20250221 11:39:57 INFO    ] Epoch:136 ===== loss:0.01314 ===== SRCC:0.898 ===== PLCC:0.9031
[20250221 11:39:57 INFO    ] Eval done...
[20250221 11:39:57 INFO    ] Epoch 136 done. Time: 1.2min
[20250221 11:39:57 INFO    ] Running training epoch 137
[20250221 11:40:58 INFO    ] train epoch:137 / loss:0.0004495 / SRCC:0.9941 / PLCC:0.9956
[20250221 11:40:58 INFO    ] Starting eval...
[20250221 11:40:58 INFO    ] Running testing in epoch 137
[20250221 11:41:07 INFO    ] Epoch:137 ===== loss:0.01279 ===== SRCC:0.9012 ===== PLCC:0.9065
[20250221 11:41:07 INFO    ] Eval done...
[20250221 11:41:07 INFO    ] Epoch 137 done. Time: 1.2min
[20250221 11:41:07 INFO    ] Running training epoch 138
[20250221 11:42:09 INFO    ] train epoch:138 / loss:0.0005729 / SRCC:0.9926 / PLCC:0.9945
[20250221 11:42:09 INFO    ] Starting eval...
[20250221 11:42:09 INFO    ] Running testing in epoch 138
[20250221 11:42:17 INFO    ] Epoch:138 ===== loss:0.01381 ===== SRCC:0.8978 ===== PLCC:0.9046
[20250221 11:42:17 INFO    ] Eval done...
[20250221 11:42:17 INFO    ] Epoch 138 done. Time: 1.2min
[20250221 11:42:17 INFO    ] Running training epoch 139
[20250221 11:43:19 INFO    ] train epoch:139 / loss:0.0004084 / SRCC:0.995 / PLCC:0.9961
[20250221 11:43:19 INFO    ] Starting eval...
[20250221 11:43:19 INFO    ] Running testing in epoch 139
[20250221 11:43:27 INFO    ] Epoch:139 ===== loss:0.01352 ===== SRCC:0.9008 ===== PLCC:0.9036
[20250221 11:43:27 INFO    ] Eval done...
[20250221 11:43:27 INFO    ] Epoch 139 done. Time: 1.2min
[20250221 11:43:27 INFO    ] Running training epoch 140
[20250221 11:44:29 INFO    ] train epoch:140 / loss:0.0002637 / SRCC:0.9968 / PLCC:0.9974
[20250221 11:44:29 INFO    ] Starting eval...
[20250221 11:44:29 INFO    ] Running testing in epoch 140
[20250221 11:44:37 INFO    ] Epoch:140 ===== loss:0.01352 ===== SRCC:0.8991 ===== PLCC:0.9028
[20250221 11:44:37 INFO    ] Eval done...
[20250221 11:44:37 INFO    ] Epoch 140 done. Time: 1.2min
[20250221 11:44:37 INFO    ] Running training epoch 141
[20250221 11:45:39 INFO    ] train epoch:141 / loss:0.0002381 / SRCC:0.9974 / PLCC:0.9977
[20250221 11:45:39 INFO    ] Starting eval...
[20250221 11:45:39 INFO    ] Running testing in epoch 141
[20250221 11:45:48 INFO    ] Epoch:141 ===== loss:0.01299 ===== SRCC:0.9032 ===== PLCC:0.9061
[20250221 11:45:48 INFO    ] Eval done...
[20250221 11:45:48 INFO    ] Epoch 141 done. Time: 1.2min
[20250221 11:45:48 INFO    ] Running training epoch 142
[20250221 11:46:50 INFO    ] train epoch:142 / loss:0.0002246 / SRCC:0.9974 / PLCC:0.9978
[20250221 11:46:50 INFO    ] Starting eval...
[20250221 11:46:50 INFO    ] Running testing in epoch 142
[20250221 11:46:58 INFO    ] Epoch:142 ===== loss:0.01371 ===== SRCC:0.899 ===== PLCC:0.8997
[20250221 11:46:58 INFO    ] Eval done...
[20250221 11:46:58 INFO    ] Epoch 142 done. Time: 1.2min
[20250221 11:46:58 INFO    ] Running training epoch 143
[20250221 11:48:00 INFO    ] train epoch:143 / loss:0.0002114 / SRCC:0.9977 / PLCC:0.9979
[20250221 11:48:00 INFO    ] Starting eval...
[20250221 11:48:00 INFO    ] Running testing in epoch 143
[20250221 11:48:08 INFO    ] Epoch:143 ===== loss:0.0129 ===== SRCC:0.9003 ===== PLCC:0.9049
[20250221 11:48:08 INFO    ] Eval done...
[20250221 11:48:08 INFO    ] Epoch 143 done. Time: 1.2min
[20250221 11:48:08 INFO    ] Running training epoch 144
[20250221 11:49:11 INFO    ] train epoch:144 / loss:0.000236 / SRCC:0.9971 / PLCC:0.9977
[20250221 11:49:11 INFO    ] Starting eval...
[20250221 11:49:11 INFO    ] Running testing in epoch 144
[20250221 11:49:19 INFO    ] Epoch:144 ===== loss:0.0133 ===== SRCC:0.8999 ===== PLCC:0.9037
[20250221 11:49:19 INFO    ] Eval done...
[20250221 11:49:19 INFO    ] Epoch 144 done. Time: 1.2min
[20250221 11:49:19 INFO    ] Running training epoch 145
[20250221 11:50:21 INFO    ] train epoch:145 / loss:0.0002012 / SRCC:0.9977 / PLCC:0.998
[20250221 11:50:21 INFO    ] Starting eval...
[20250221 11:50:21 INFO    ] Running testing in epoch 145
[20250221 11:50:29 INFO    ] Epoch:145 ===== loss:0.01306 ===== SRCC:0.9042 ===== PLCC:0.9061
[20250221 11:50:29 INFO    ] Eval done...
[20250221 11:50:29 INFO    ] Epoch 145 done. Time: 1.2min
[20250221 11:50:29 INFO    ] Running training epoch 146
[20250221 11:51:31 INFO    ] train epoch:146 / loss:0.0002588 / SRCC:0.9968 / PLCC:0.9975
[20250221 11:51:31 INFO    ] Starting eval...
[20250221 11:51:31 INFO    ] Running testing in epoch 146
[20250221 11:51:40 INFO    ] Epoch:146 ===== loss:0.01364 ===== SRCC:0.8966 ===== PLCC:0.9007
[20250221 11:51:40 INFO    ] Eval done...
[20250221 11:51:40 INFO    ] Epoch 146 done. Time: 1.2min
[20250221 11:51:40 INFO    ] Running training epoch 147
[20250221 11:52:42 INFO    ] train epoch:147 / loss:0.0003463 / SRCC:0.9957 / PLCC:0.9967
[20250221 11:52:42 INFO    ] Starting eval...
[20250221 11:52:42 INFO    ] Running testing in epoch 147
[20250221 11:52:50 INFO    ] Epoch:147 ===== loss:0.01496 ===== SRCC:0.891 ===== PLCC:0.8938
[20250221 11:52:50 INFO    ] Eval done...
[20250221 11:52:50 INFO    ] Epoch 147 done. Time: 1.2min
[20250221 11:52:50 INFO    ] Running training epoch 148
[20250221 11:53:52 INFO    ] train epoch:148 / loss:0.0004367 / SRCC:0.9948 / PLCC:0.9958
[20250221 11:53:52 INFO    ] Starting eval...
[20250221 11:53:52 INFO    ] Running testing in epoch 148
[20250221 11:54:00 INFO    ] Epoch:148 ===== loss:0.01442 ===== SRCC:0.8942 ===== PLCC:0.8997
[20250221 11:54:00 INFO    ] Eval done...
[20250221 11:54:00 INFO    ] Epoch 148 done. Time: 1.2min
[20250221 11:54:00 INFO    ] Running training epoch 149
[20250221 11:55:02 INFO    ] train epoch:149 / loss:0.0004148 / SRCC:0.9948 / PLCC:0.996
[20250221 11:55:02 INFO    ] Starting eval...
[20250221 11:55:02 INFO    ] Running testing in epoch 149
[20250221 11:55:10 INFO    ] Epoch:149 ===== loss:0.01316 ===== SRCC:0.9028 ===== PLCC:0.9063
[20250221 11:55:10 INFO    ] Eval done...
[20250221 11:55:10 INFO    ] Epoch 149 done. Time: 1.2min
[20250221 11:55:10 INFO    ] Running training epoch 150
[20250221 11:56:12 INFO    ] train epoch:150 / loss:0.0002824 / SRCC:0.9962 / PLCC:0.9973
[20250221 11:56:12 INFO    ] Starting eval...
[20250221 11:56:12 INFO    ] Running testing in epoch 150
[20250221 11:56:20 INFO    ] Epoch:150 ===== loss:0.01349 ===== SRCC:0.8966 ===== PLCC:0.9025
[20250221 11:56:20 INFO    ] Eval done...
[20250221 11:56:20 INFO    ] Epoch 150 done. Time: 1.2min
[20250221 11:56:20 INFO    ] Running training epoch 151
[20250221 11:57:22 INFO    ] train epoch:151 / loss:0.0002583 / SRCC:0.9968 / PLCC:0.9975
[20250221 11:57:22 INFO    ] Starting eval...
[20250221 11:57:22 INFO    ] Running testing in epoch 151
[20250221 11:57:31 INFO    ] Epoch:151 ===== loss:0.01325 ===== SRCC:0.8979 ===== PLCC:0.9025
[20250221 11:57:31 INFO    ] Eval done...
[20250221 11:57:31 INFO    ] Epoch 151 done. Time: 1.2min
[20250221 11:57:31 INFO    ] Running training epoch 152
[20250221 11:58:33 INFO    ] train epoch:152 / loss:0.0001971 / SRCC:0.9977 / PLCC:0.9981
[20250221 11:58:33 INFO    ] Starting eval...
[20250221 11:58:33 INFO    ] Running testing in epoch 152
[20250221 11:58:41 INFO    ] Epoch:152 ===== loss:0.01269 ===== SRCC:0.8991 ===== PLCC:0.9048
[20250221 11:58:41 INFO    ] Eval done...
[20250221 11:58:41 INFO    ] Epoch 152 done. Time: 1.2min
[20250221 11:58:41 INFO    ] Running training epoch 153
[20250221 11:59:43 INFO    ] train epoch:153 / loss:0.00017 / SRCC:0.9979 / PLCC:0.9984
[20250221 11:59:43 INFO    ] Starting eval...
[20250221 11:59:43 INFO    ] Running testing in epoch 153
[20250221 11:59:51 INFO    ] Epoch:153 ===== loss:0.01344 ===== SRCC:0.8987 ===== PLCC:0.9018
[20250221 11:59:51 INFO    ] Eval done...
[20250221 11:59:51 INFO    ] Epoch 153 done. Time: 1.2min
[20250221 11:59:51 INFO    ] Running training epoch 154
[20250221 12:00:53 INFO    ] train epoch:154 / loss:0.0001547 / SRCC:0.998 / PLCC:0.9985
[20250221 12:00:53 INFO    ] Starting eval...
[20250221 12:00:53 INFO    ] Running testing in epoch 154
[20250221 12:01:02 INFO    ] Epoch:154 ===== loss:0.01334 ===== SRCC:0.8995 ===== PLCC:0.9028
[20250221 12:01:02 INFO    ] Eval done...
[20250221 12:01:02 INFO    ] Epoch 154 done. Time: 1.2min
[20250221 12:01:02 INFO    ] Running training epoch 155
[20250221 12:02:04 INFO    ] train epoch:155 / loss:0.0002188 / SRCC:0.9973 / PLCC:0.9979
[20250221 12:02:04 INFO    ] Starting eval...
[20250221 12:02:04 INFO    ] Running testing in epoch 155
[20250221 12:02:12 INFO    ] Epoch:155 ===== loss:0.013 ===== SRCC:0.8983 ===== PLCC:0.9021
[20250221 12:02:12 INFO    ] Eval done...
[20250221 12:02:12 INFO    ] Epoch 155 done. Time: 1.2min
[20250221 12:02:12 INFO    ] Running training epoch 156
[20250221 12:03:14 INFO    ] train epoch:156 / loss:0.0002338 / SRCC:0.9975 / PLCC:0.9978
[20250221 12:03:14 INFO    ] Starting eval...
[20250221 12:03:14 INFO    ] Running testing in epoch 156
[20250221 12:03:23 INFO    ] Epoch:156 ===== loss:0.01253 ===== SRCC:0.9008 ===== PLCC:0.9044
[20250221 12:03:23 INFO    ] Eval done...
[20250221 12:03:23 INFO    ] Epoch 156 done. Time: 1.2min
[20250221 12:03:23 INFO    ] Running training epoch 157
[20250221 12:04:25 INFO    ] train epoch:157 / loss:0.0002695 / SRCC:0.9973 / PLCC:0.9974
[20250221 12:04:25 INFO    ] Starting eval...
[20250221 12:04:25 INFO    ] Running testing in epoch 157
[20250221 12:04:33 INFO    ] Epoch:157 ===== loss:0.01332 ===== SRCC:0.8998 ===== PLCC:0.9006
[20250221 12:04:33 INFO    ] Eval done...
[20250221 12:04:33 INFO    ] Epoch 157 done. Time: 1.2min
[20250221 12:04:33 INFO    ] Running training epoch 158
[20250221 12:05:35 INFO    ] train epoch:158 / loss:0.0002463 / SRCC:0.9972 / PLCC:0.9976
[20250221 12:05:35 INFO    ] Starting eval...
[20250221 12:05:35 INFO    ] Running testing in epoch 158
[20250221 12:05:43 INFO    ] Epoch:158 ===== loss:0.0135 ===== SRCC:0.8983 ===== PLCC:0.9028
[20250221 12:05:43 INFO    ] Eval done...
[20250221 12:05:43 INFO    ] Epoch 158 done. Time: 1.2min
[20250221 12:05:43 INFO    ] Running training epoch 159
[20250221 12:06:45 INFO    ] train epoch:159 / loss:0.0002233 / SRCC:0.9974 / PLCC:0.9978
[20250221 12:06:45 INFO    ] Starting eval...
[20250221 12:06:45 INFO    ] Running testing in epoch 159
[20250221 12:06:54 INFO    ] Epoch:159 ===== loss:0.01347 ===== SRCC:0.8971 ===== PLCC:0.9008
[20250221 12:06:54 INFO    ] Eval done...
[20250221 12:06:54 INFO    ] Epoch 159 done. Time: 1.2min
[20250221 12:06:54 INFO    ] Running training epoch 160
[20250221 12:07:56 INFO    ] train epoch:160 / loss:0.0002534 / SRCC:0.9968 / PLCC:0.9975
[20250221 12:07:56 INFO    ] Starting eval...
[20250221 12:07:56 INFO    ] Running testing in epoch 160
[20250221 12:08:04 INFO    ] Epoch:160 ===== loss:0.01336 ===== SRCC:0.8969 ===== PLCC:0.9015
[20250221 12:08:04 INFO    ] Eval done...
[20250221 12:08:04 INFO    ] Epoch 160 done. Time: 1.2min
[20250221 12:08:04 INFO    ] Running training epoch 161
[20250221 12:09:06 INFO    ] train epoch:161 / loss:0.0003074 / SRCC:0.9962 / PLCC:0.997
[20250221 12:09:06 INFO    ] Starting eval...
[20250221 12:09:06 INFO    ] Running testing in epoch 161
[20250221 12:09:14 INFO    ] Epoch:161 ===== loss:0.01379 ===== SRCC:0.8972 ===== PLCC:0.904
[20250221 12:09:14 INFO    ] Eval done...
[20250221 12:09:14 INFO    ] Epoch 161 done. Time: 1.2min
[20250221 12:09:14 INFO    ] Running training epoch 162
[20250221 12:10:17 INFO    ] train epoch:162 / loss:0.0003153 / SRCC:0.9959 / PLCC:0.9969
[20250221 12:10:17 INFO    ] Starting eval...
[20250221 12:10:17 INFO    ] Running testing in epoch 162
[20250221 12:10:25 INFO    ] Epoch:162 ===== loss:0.01311 ===== SRCC:0.9024 ===== PLCC:0.9063
[20250221 12:10:25 INFO    ] Eval done...
[20250221 12:10:25 INFO    ] Epoch 162 done. Time: 1.2min
[20250221 12:10:25 INFO    ] Running training epoch 163
[20250221 12:11:27 INFO    ] train epoch:163 / loss:0.0003672 / SRCC:0.9955 / PLCC:0.9964
[20250221 12:11:27 INFO    ] Starting eval...
[20250221 12:11:27 INFO    ] Running testing in epoch 163
[20250221 12:11:35 INFO    ] Epoch:163 ===== loss:0.01346 ===== SRCC:0.8974 ===== PLCC:0.9023
[20250221 12:11:35 INFO    ] Eval done...
[20250221 12:11:35 INFO    ] Epoch 163 done. Time: 1.2min
[20250221 12:11:35 INFO    ] Running training epoch 164
[20250221 12:12:37 INFO    ] train epoch:164 / loss:0.0002965 / SRCC:0.9962 / PLCC:0.9971
[20250221 12:12:37 INFO    ] Starting eval...
[20250221 12:12:37 INFO    ] Running testing in epoch 164
[20250221 12:12:46 INFO    ] Epoch:164 ===== loss:0.01428 ===== SRCC:0.8939 ===== PLCC:0.8978
[20250221 12:12:46 INFO    ] Eval done...
[20250221 12:12:46 INFO    ] Epoch 164 done. Time: 1.2min
[20250221 12:12:46 INFO    ] Running training epoch 165
[20250221 12:13:47 INFO    ] train epoch:165 / loss:0.0002596 / SRCC:0.9969 / PLCC:0.9975
[20250221 12:13:47 INFO    ] Starting eval...
[20250221 12:13:47 INFO    ] Running testing in epoch 165
[20250221 12:13:56 INFO    ] Epoch:165 ===== loss:0.01378 ===== SRCC:0.8957 ===== PLCC:0.9024
[20250221 12:13:56 INFO    ] Eval done...
[20250221 12:13:56 INFO    ] Epoch 165 done. Time: 1.2min
[20250221 12:13:56 INFO    ] Running training epoch 166
[20250221 12:14:57 INFO    ] train epoch:166 / loss:0.0002502 / SRCC:0.997 / PLCC:0.9976
[20250221 12:14:57 INFO    ] Starting eval...
[20250221 12:14:57 INFO    ] Running testing in epoch 166
[20250221 12:15:06 INFO    ] Epoch:166 ===== loss:0.01265 ===== SRCC:0.8981 ===== PLCC:0.9034
[20250221 12:15:06 INFO    ] Eval done...
[20250221 12:15:06 INFO    ] Epoch 166 done. Time: 1.2min
[20250221 12:15:06 INFO    ] Running training epoch 167
[20250221 12:16:08 INFO    ] train epoch:167 / loss:0.0001639 / SRCC:0.9979 / PLCC:0.9984
[20250221 12:16:08 INFO    ] Starting eval...
[20250221 12:16:08 INFO    ] Running testing in epoch 167
[20250221 12:16:16 INFO    ] Epoch:167 ===== loss:0.01351 ===== SRCC:0.8969 ===== PLCC:0.9023
[20250221 12:16:16 INFO    ] Eval done...
[20250221 12:16:16 INFO    ] Epoch 167 done. Time: 1.2min
[20250221 12:16:16 INFO    ] Running training epoch 168
[20250221 12:17:18 INFO    ] train epoch:168 / loss:0.0001878 / SRCC:0.9977 / PLCC:0.9982
[20250221 12:17:18 INFO    ] Starting eval...
[20250221 12:17:18 INFO    ] Running testing in epoch 168
[20250221 12:17:26 INFO    ] Epoch:168 ===== loss:0.01377 ===== SRCC:0.8961 ===== PLCC:0.9017
[20250221 12:17:26 INFO    ] Eval done...
[20250221 12:17:26 INFO    ] Epoch 168 done. Time: 1.2min
[20250221 12:17:26 INFO    ] Running training epoch 169
[20250221 12:18:28 INFO    ] train epoch:169 / loss:0.0001842 / SRCC:0.9978 / PLCC:0.9982
[20250221 12:18:28 INFO    ] Starting eval...
[20250221 12:18:28 INFO    ] Running testing in epoch 169
[20250221 12:18:36 INFO    ] Epoch:169 ===== loss:0.01333 ===== SRCC:0.8937 ===== PLCC:0.9007
[20250221 12:18:36 INFO    ] Eval done...
[20250221 12:18:36 INFO    ] Epoch 169 done. Time: 1.2min
[20250221 12:18:36 INFO    ] Running training epoch 170
[20250221 12:19:38 INFO    ] train epoch:170 / loss:0.0002272 / SRCC:0.9974 / PLCC:0.9978
[20250221 12:19:38 INFO    ] Starting eval...
[20250221 12:19:38 INFO    ] Running testing in epoch 170
[20250221 12:19:47 INFO    ] Epoch:170 ===== loss:0.01381 ===== SRCC:0.894 ===== PLCC:0.8972
[20250221 12:19:47 INFO    ] Eval done...
[20250221 12:19:47 INFO    ] Epoch 170 done. Time: 1.2min
[20250221 12:19:47 INFO    ] Running training epoch 171
[20250221 12:20:49 INFO    ] train epoch:171 / loss:0.0002546 / SRCC:0.9969 / PLCC:0.9975
[20250221 12:20:49 INFO    ] Starting eval...
[20250221 12:20:49 INFO    ] Running testing in epoch 171
[20250221 12:20:57 INFO    ] Epoch:171 ===== loss:0.01334 ===== SRCC:0.8951 ===== PLCC:0.9022
[20250221 12:20:57 INFO    ] Eval done...
[20250221 12:20:57 INFO    ] Epoch 171 done. Time: 1.2min
[20250221 12:20:57 INFO    ] Running training epoch 172
[20250221 12:21:59 INFO    ] train epoch:172 / loss:0.00025 / SRCC:0.9969 / PLCC:0.9975
[20250221 12:21:59 INFO    ] Starting eval...
[20250221 12:21:59 INFO    ] Running testing in epoch 172
[20250221 12:22:07 INFO    ] Epoch:172 ===== loss:0.01366 ===== SRCC:0.899 ===== PLCC:0.9044
[20250221 12:22:07 INFO    ] Eval done...
[20250221 12:22:07 INFO    ] Epoch 172 done. Time: 1.2min
[20250221 12:22:07 INFO    ] Running training epoch 173
[20250221 12:23:09 INFO    ] train epoch:173 / loss:0.0002556 / SRCC:0.9968 / PLCC:0.9975
[20250221 12:23:09 INFO    ] Starting eval...
[20250221 12:23:09 INFO    ] Running testing in epoch 173
[20250221 12:23:18 INFO    ] Epoch:173 ===== loss:0.01292 ===== SRCC:0.8976 ===== PLCC:0.9031
[20250221 12:23:18 INFO    ] Eval done...
[20250221 12:23:18 INFO    ] Epoch 173 done. Time: 1.2min
[20250221 12:23:18 INFO    ] Running training epoch 174
[20250221 12:24:20 INFO    ] train epoch:174 / loss:0.0002994 / SRCC:0.9966 / PLCC:0.9971
[20250221 12:24:20 INFO    ] Starting eval...
[20250221 12:24:20 INFO    ] Running testing in epoch 174
[20250221 12:24:28 INFO    ] Epoch:174 ===== loss:0.01387 ===== SRCC:0.8969 ===== PLCC:0.9008
[20250221 12:24:28 INFO    ] Eval done...
[20250221 12:24:28 INFO    ] Epoch 174 done. Time: 1.2min
[20250221 12:24:28 INFO    ] Running training epoch 175
[20250221 12:25:30 INFO    ] train epoch:175 / loss:0.0003139 / SRCC:0.9965 / PLCC:0.997
[20250221 12:25:30 INFO    ] Starting eval...
[20250221 12:25:30 INFO    ] Running testing in epoch 175
[20250221 12:25:38 INFO    ] Epoch:175 ===== loss:0.01319 ===== SRCC:0.8972 ===== PLCC:0.9014
[20250221 12:25:38 INFO    ] Eval done...
[20250221 12:25:38 INFO    ] Epoch 175 done. Time: 1.2min
[20250221 12:25:38 INFO    ] Running training epoch 176
[20250221 12:26:40 INFO    ] train epoch:176 / loss:0.0004769 / SRCC:0.9949 / PLCC:0.9954
[20250221 12:26:40 INFO    ] Starting eval...
[20250221 12:26:40 INFO    ] Running testing in epoch 176
[20250221 12:26:48 INFO    ] Epoch:176 ===== loss:0.01378 ===== SRCC:0.8921 ===== PLCC:0.8995
[20250221 12:26:48 INFO    ] Eval done...
[20250221 12:26:48 INFO    ] Epoch 176 done. Time: 1.2min
[20250221 12:26:48 INFO    ] Running training epoch 177
[20250221 12:27:50 INFO    ] train epoch:177 / loss:0.000458 / SRCC:0.995 / PLCC:0.9956
[20250221 12:27:50 INFO    ] Starting eval...
[20250221 12:27:50 INFO    ] Running testing in epoch 177
[20250221 12:27:58 INFO    ] Epoch:177 ===== loss:0.01395 ===== SRCC:0.896 ===== PLCC:0.9023
[20250221 12:27:58 INFO    ] Eval done...
[20250221 12:27:58 INFO    ] Epoch 177 done. Time: 1.2min
[20250221 12:27:58 INFO    ] Running training epoch 178
[20250221 12:29:00 INFO    ] train epoch:178 / loss:0.0003353 / SRCC:0.996 / PLCC:0.9968
[20250221 12:29:00 INFO    ] Starting eval...
[20250221 12:29:00 INFO    ] Running testing in epoch 178
[20250221 12:29:08 INFO    ] Epoch:178 ===== loss:0.01353 ===== SRCC:0.9009 ===== PLCC:0.9045
[20250221 12:29:08 INFO    ] Eval done...
[20250221 12:29:08 INFO    ] Epoch 178 done. Time: 1.2min
[20250221 12:29:08 INFO    ] Running training epoch 179
[20250221 12:30:10 INFO    ] train epoch:179 / loss:0.0002727 / SRCC:0.9963 / PLCC:0.9974
[20250221 12:30:10 INFO    ] Starting eval...
[20250221 12:30:10 INFO    ] Running testing in epoch 179
[20250221 12:30:19 INFO    ] Epoch:179 ===== loss:0.01295 ===== SRCC:0.8969 ===== PLCC:0.9035
[20250221 12:30:19 INFO    ] Eval done...
[20250221 12:30:19 INFO    ] Epoch 179 done. Time: 1.2min
[20250221 12:30:19 INFO    ] Running training epoch 180
[20250221 12:31:21 INFO    ] train epoch:180 / loss:0.0001952 / SRCC:0.9976 / PLCC:0.9981
[20250221 12:31:21 INFO    ] Starting eval...
[20250221 12:31:21 INFO    ] Running testing in epoch 180
[20250221 12:31:29 INFO    ] Epoch:180 ===== loss:0.01369 ===== SRCC:0.894 ===== PLCC:0.9003
[20250221 12:31:29 INFO    ] Eval done...
[20250221 12:31:29 INFO    ] Epoch 180 done. Time: 1.2min
[20250221 12:31:29 INFO    ] Running training epoch 181
[20250221 12:32:31 INFO    ] train epoch:181 / loss:0.0002035 / SRCC:0.9973 / PLCC:0.998
[20250221 12:32:31 INFO    ] Starting eval...
[20250221 12:32:31 INFO    ] Running testing in epoch 181
[20250221 12:32:40 INFO    ] Epoch:181 ===== loss:0.01338 ===== SRCC:0.8993 ===== PLCC:0.9055
[20250221 12:32:40 INFO    ] Eval done...
[20250221 12:32:40 INFO    ] Epoch 181 done. Time: 1.2min
[20250221 12:32:40 INFO    ] Running training epoch 182
[20250221 12:33:41 INFO    ] train epoch:182 / loss:0.000179 / SRCC:0.9975 / PLCC:0.9983
[20250221 12:33:41 INFO    ] Starting eval...
[20250221 12:33:41 INFO    ] Running testing in epoch 182
[20250221 12:33:50 INFO    ] Epoch:182 ===== loss:0.01354 ===== SRCC:0.8927 ===== PLCC:0.9006
[20250221 12:33:50 INFO    ] Eval done...
[20250221 12:33:50 INFO    ] Epoch 182 done. Time: 1.2min
[20250221 12:33:50 INFO    ] Running training epoch 183
[20250221 12:34:52 INFO    ] train epoch:183 / loss:0.0002323 / SRCC:0.9969 / PLCC:0.9977
[20250221 12:34:52 INFO    ] Starting eval...
[20250221 12:34:52 INFO    ] Running testing in epoch 183
[20250221 12:35:00 INFO    ] Epoch:183 ===== loss:0.01403 ===== SRCC:0.8994 ===== PLCC:0.9042
[20250221 12:35:00 INFO    ] Eval done...
[20250221 12:35:00 INFO    ] Epoch 183 done. Time: 1.2min
[20250221 12:35:00 INFO    ] Running training epoch 184
[20250221 12:36:02 INFO    ] train epoch:184 / loss:0.0003554 / SRCC:0.9953 / PLCC:0.9966
[20250221 12:36:02 INFO    ] Starting eval...
[20250221 12:36:02 INFO    ] Running testing in epoch 184
[20250221 12:36:10 INFO    ] Epoch:184 ===== loss:0.01346 ===== SRCC:0.8961 ===== PLCC:0.903
[20250221 12:36:10 INFO    ] Eval done...
[20250221 12:36:10 INFO    ] Epoch 184 done. Time: 1.2min
[20250221 12:36:10 INFO    ] Running training epoch 185
[20250221 12:37:12 INFO    ] train epoch:185 / loss:0.0003387 / SRCC:0.9957 / PLCC:0.9967
[20250221 12:37:12 INFO    ] Starting eval...
[20250221 12:37:12 INFO    ] Running testing in epoch 185
[20250221 12:37:21 INFO    ] Epoch:185 ===== loss:0.01291 ===== SRCC:0.8966 ===== PLCC:0.9057
[20250221 12:37:21 INFO    ] Eval done...
[20250221 12:37:21 INFO    ] Epoch 185 done. Time: 1.2min
[20250221 12:37:21 INFO    ] Running training epoch 186
[20250221 12:38:22 INFO    ] train epoch:186 / loss:0.0003292 / SRCC:0.9958 / PLCC:0.9968
[20250221 12:38:22 INFO    ] Starting eval...
[20250221 12:38:22 INFO    ] Running testing in epoch 186
[20250221 12:38:31 INFO    ] Epoch:186 ===== loss:0.01452 ===== SRCC:0.8934 ===== PLCC:0.8994
[20250221 12:38:31 INFO    ] Eval done...
[20250221 12:38:31 INFO    ] Epoch 186 done. Time: 1.2min
[20250221 12:38:31 INFO    ] Running training epoch 187
[20250221 12:39:32 INFO    ] train epoch:187 / loss:0.0003114 / SRCC:0.9959 / PLCC:0.997
[20250221 12:39:32 INFO    ] Starting eval...
[20250221 12:39:32 INFO    ] Running testing in epoch 187
[20250221 12:39:41 INFO    ] Epoch:187 ===== loss:0.01383 ===== SRCC:0.8908 ===== PLCC:0.9002
[20250221 12:39:41 INFO    ] Eval done...
[20250221 12:39:41 INFO    ] Epoch 187 done. Time: 1.2min
[20250221 12:39:41 INFO    ] Running training epoch 188
[20250221 12:40:43 INFO    ] train epoch:188 / loss:0.0002991 / SRCC:0.9961 / PLCC:0.9971
[20250221 12:40:43 INFO    ] Starting eval...
[20250221 12:40:43 INFO    ] Running testing in epoch 188
[20250221 12:40:51 INFO    ] Epoch:188 ===== loss:0.01342 ===== SRCC:0.894 ===== PLCC:0.9006
[20250221 12:40:51 INFO    ] Eval done...
[20250221 12:40:51 INFO    ] Epoch 188 done. Time: 1.2min
[20250221 12:40:51 INFO    ] Running training epoch 189
[20250221 12:41:53 INFO    ] train epoch:189 / loss:0.0002002 / SRCC:0.9975 / PLCC:0.9981
[20250221 12:41:53 INFO    ] Starting eval...
[20250221 12:41:53 INFO    ] Running testing in epoch 189
[20250221 12:42:02 INFO    ] Epoch:189 ===== loss:0.01362 ===== SRCC:0.895 ===== PLCC:0.9009
[20250221 12:42:02 INFO    ] Eval done...
[20250221 12:42:02 INFO    ] Epoch 189 done. Time: 1.2min
[20250221 12:42:02 INFO    ] Running training epoch 190
[20250221 12:43:04 INFO    ] train epoch:190 / loss:0.0002262 / SRCC:0.997 / PLCC:0.9978
[20250221 12:43:04 INFO    ] Starting eval...
[20250221 12:43:04 INFO    ] Running testing in epoch 190
[20250221 12:43:12 INFO    ] Epoch:190 ===== loss:0.01402 ===== SRCC:0.89 ===== PLCC:0.8976
[20250221 12:43:12 INFO    ] Eval done...
[20250221 12:43:12 INFO    ] Epoch 190 done. Time: 1.2min
[20250221 12:43:12 INFO    ] Running training epoch 191
[20250221 12:44:14 INFO    ] train epoch:191 / loss:0.0001957 / SRCC:0.9974 / PLCC:0.9981
[20250221 12:44:14 INFO    ] Starting eval...
[20250221 12:44:14 INFO    ] Running testing in epoch 191
[20250221 12:44:22 INFO    ] Epoch:191 ===== loss:0.01429 ===== SRCC:0.8915 ===== PLCC:0.8992
[20250221 12:44:22 INFO    ] Eval done...
[20250221 12:44:22 INFO    ] Epoch 191 done. Time: 1.2min
[20250221 12:44:22 INFO    ] Running training epoch 192
[20250221 12:45:24 INFO    ] train epoch:192 / loss:0.0001912 / SRCC:0.9979 / PLCC:0.9981
[20250221 12:45:24 INFO    ] Starting eval...
[20250221 12:45:24 INFO    ] Running testing in epoch 192
[20250221 12:45:32 INFO    ] Epoch:192 ===== loss:0.01367 ===== SRCC:0.8931 ===== PLCC:0.9006
[20250221 12:45:32 INFO    ] Eval done...
[20250221 12:45:32 INFO    ] Epoch 192 done. Time: 1.2min
[20250221 12:45:32 INFO    ] Running training epoch 193
[20250221 12:46:34 INFO    ] train epoch:193 / loss:0.0001367 / SRCC:0.9984 / PLCC:0.9987
[20250221 12:46:34 INFO    ] Starting eval...
[20250221 12:46:34 INFO    ] Running testing in epoch 193
[20250221 12:46:43 INFO    ] Epoch:193 ===== loss:0.01384 ===== SRCC:0.8918 ===== PLCC:0.898
[20250221 12:46:43 INFO    ] Eval done...
[20250221 12:46:43 INFO    ] Epoch 193 done. Time: 1.2min
[20250221 12:46:43 INFO    ] Running training epoch 194
[20250221 12:47:45 INFO    ] train epoch:194 / loss:0.0001691 / SRCC:0.9981 / PLCC:0.9984
[20250221 12:47:45 INFO    ] Starting eval...
[20250221 12:47:45 INFO    ] Running testing in epoch 194
[20250221 12:47:53 INFO    ] Epoch:194 ===== loss:0.01416 ===== SRCC:0.8933 ===== PLCC:0.8977
[20250221 12:47:53 INFO    ] Eval done...
[20250221 12:47:53 INFO    ] Epoch 194 done. Time: 1.2min
[20250221 12:47:53 INFO    ] Running training epoch 195
[20250221 12:48:55 INFO    ] train epoch:195 / loss:0.0001788 / SRCC:0.9979 / PLCC:0.9983
[20250221 12:48:55 INFO    ] Starting eval...
[20250221 12:48:55 INFO    ] Running testing in epoch 195
[20250221 12:49:03 INFO    ] Epoch:195 ===== loss:0.01394 ===== SRCC:0.8896 ===== PLCC:0.8969
[20250221 12:49:03 INFO    ] Eval done...
[20250221 12:49:03 INFO    ] Epoch 195 done. Time: 1.2min
[20250221 12:49:03 INFO    ] Running training epoch 196
[20250221 12:50:05 INFO    ] train epoch:196 / loss:0.0002025 / SRCC:0.9975 / PLCC:0.998
[20250221 12:50:05 INFO    ] Starting eval...
[20250221 12:50:05 INFO    ] Running testing in epoch 196
[20250221 12:50:13 INFO    ] Epoch:196 ===== loss:0.01419 ===== SRCC:0.8908 ===== PLCC:0.8968
[20250221 12:50:13 INFO    ] Eval done...
[20250221 12:50:13 INFO    ] Epoch 196 done. Time: 1.2min
[20250221 12:50:13 INFO    ] Running training epoch 197
[20250221 12:51:15 INFO    ] train epoch:197 / loss:0.0001815 / SRCC:0.9977 / PLCC:0.9982
[20250221 12:51:15 INFO    ] Starting eval...
[20250221 12:51:15 INFO    ] Running testing in epoch 197
[20250221 12:51:24 INFO    ] Epoch:197 ===== loss:0.01377 ===== SRCC:0.8941 ===== PLCC:0.9005
[20250221 12:51:24 INFO    ] Eval done...
[20250221 12:51:24 INFO    ] Epoch 197 done. Time: 1.2min
[20250221 12:51:24 INFO    ] Running training epoch 198
[20250221 12:52:25 INFO    ] train epoch:198 / loss:0.0001964 / SRCC:0.9977 / PLCC:0.9981
[20250221 12:52:25 INFO    ] Starting eval...
[20250221 12:52:25 INFO    ] Running testing in epoch 198
[20250221 12:52:34 INFO    ] Epoch:198 ===== loss:0.01385 ===== SRCC:0.8916 ===== PLCC:0.8985
[20250221 12:52:34 INFO    ] Eval done...
[20250221 12:52:34 INFO    ] Epoch 198 done. Time: 1.2min
[20250221 12:52:34 INFO    ] Running training epoch 199
[20250221 12:53:36 INFO    ] train epoch:199 / loss:0.0002631 / SRCC:0.9967 / PLCC:0.9974
[20250221 12:53:36 INFO    ] Starting eval...
[20250221 12:53:36 INFO    ] Running testing in epoch 199
[20250221 12:53:44 INFO    ] Epoch:199 ===== loss:0.0146 ===== SRCC:0.8908 ===== PLCC:0.8963
[20250221 12:53:44 INFO    ] Eval done...
[20250221 12:53:44 INFO    ] Epoch 199 done. Time: 1.2min
[20250221 12:53:44 INFO    ] Running training epoch 200
[20250221 12:54:46 INFO    ] train epoch:200 / loss:0.0003123 / SRCC:0.9959 / PLCC:0.997
[20250221 12:54:46 INFO    ] Starting eval...
[20250221 12:54:46 INFO    ] Running testing in epoch 200
[20250221 12:54:54 INFO    ] Epoch:200 ===== loss:0.01431 ===== SRCC:0.888 ===== PLCC:0.8961
[20250221 12:54:54 INFO    ] Eval done...
[20250221 12:54:54 INFO    ] Epoch 200 done. Time: 1.2min
