[20250223 15:53:18 INFO    ] {'dataset_name': 'tid2013', 'koniq10k_path': '../all_dataset/KonIQ-10K/1024x768', 'koniq10k_label': './data/koniq10k/koniq10k_label.txt', 'livec_path': '../all_dataset/LIVEC/Images/', 'livec_label': './data/livec/livec_label.txt', 'spaq_path': '../all_dataset/SPAQ/TestImage/', 'spaq_label': './data/spaq/spaq_label.txt', 'tid2013_path': '../all_dataset/tid2013/distorted_images/', 'tid2013_label': 'data/tid2013/tid2013_label.txt', 'kadid10k_path': '../all_dataset/KADID-10K/images/', 'kadid10k_label': './data/kadid10k/kadid10k_label.txt', 'csiq_path': '../all_dataset/CSIQ/dist_imgs/', 'csiq_label': './data/CSIQ/csiq_label.txt', 'batch_size': 12, 'learning_rate': 1e-05, 'weight_decay': 1e-05, 'n_epoch': 200, 'val_freq': 1, 'T_max': 50, 'eta_min': 0, 'num_avg_val': 1, 'num_workers': 8, 'split_seed': 20, 'train_keep_ratio': 1.0, 'val_keep_ratio': 1.0, 'crop_size': 224, 'prob_aug': 0.7, 'patch_size': 8, 'img_size': 224, 'embed_dim': 768, 'dim_mlp': 768, 'num_heads': [4, 4], 'window_size': 4, 'depths': [2, 2], 'num_outputs': 1, 'num_tab': 2, 'scale': 0.8, 'ckpt_path': './output_tid2013_wo_dy/models/tid2013', 'log_path': './output_tid2013_wo_dy/log/tid2013', 'log_file': 'tid2013.log', 'tensorboard_path': './output_tid2013_wo_dy/tid2013'}
[20250223 15:53:18 INFO    ] number of train scenes: 2400
[20250223 15:53:18 INFO    ] number of val scenes: 600
[20250223 15:53:21 INFO    ] #Params : 172.537214 [M]
[20250223 15:53:25 INFO    ] Running training epoch 1
[20250223 15:55:54 INFO    ] train epoch:1 / loss:0.02914 / SRCC:0.5342 / PLCC:0.4805
[20250223 15:55:55 INFO    ] Starting eval...
[20250223 15:55:55 INFO    ] Running testing in epoch 1
[20250223 15:56:11 INFO    ] Epoch:1 ===== loss:0.009065 ===== SRCC:0.8361 ===== PLCC:0.8617
[20250223 15:56:11 INFO    ] Eval done...
[20250223 15:56:11 INFO    ] ======================================================================================
[20250223 15:56:11 INFO    ] ============================== best main score is 1.6978191534804004 =================================
[20250223 15:56:11 INFO    ] ======================================================================================
[20250223 15:56:12 INFO    ] Saving weights and model of epoch1, SRCC:0.8360981003875312, PLCC:0.8617210530928691
[20250223 15:56:12 INFO    ] Epoch 1 done. Time: 2.8min
[20250223 15:56:12 INFO    ] Running training epoch 2
[20250223 15:58:41 INFO    ] train epoch:2 / loss:0.006827 / SRCC:0.8618 / PLCC:0.8878
[20250223 15:58:41 INFO    ] Starting eval...
[20250223 15:58:41 INFO    ] Running testing in epoch 2
[20250223 15:58:58 INFO    ] Epoch:2 ===== loss:0.01137 ===== SRCC:0.8644 ===== PLCC:0.8844
[20250223 15:58:58 INFO    ] Eval done...
[20250223 15:58:58 INFO    ] ======================================================================================
[20250223 15:58:58 INFO    ] ============================== best main score is 1.7488806497137903 =================================
[20250223 15:58:58 INFO    ] ======================================================================================
[20250223 15:58:59 INFO    ] Saving weights and model of epoch2, SRCC:0.8644359695823317, PLCC:0.8844446801314586
[20250223 15:58:59 INFO    ] Epoch 2 done. Time: 2.8min
[20250223 15:58:59 INFO    ] Running training epoch 3
[20250223 16:01:28 INFO    ] train epoch:3 / loss:0.005223 / SRCC:0.8938 / PLCC:0.9154
[20250223 16:01:28 INFO    ] Starting eval...
[20250223 16:01:28 INFO    ] Running testing in epoch 3
[20250223 16:01:44 INFO    ] Epoch:3 ===== loss:0.007662 ===== SRCC:0.8678 ===== PLCC:0.8877
[20250223 16:01:44 INFO    ] Eval done...
[20250223 16:01:44 INFO    ] ======================================================================================
[20250223 16:01:44 INFO    ] ============================== best main score is 1.755483803085535 =================================
[20250223 16:01:44 INFO    ] ======================================================================================
[20250223 16:01:45 INFO    ] Saving weights and model of epoch3, SRCC:0.8678298516224017, PLCC:0.8876539514631334
[20250223 16:01:45 INFO    ] Epoch 3 done. Time: 2.8min
[20250223 16:01:45 INFO    ] Running training epoch 4
[20250223 16:04:14 INFO    ] train epoch:4 / loss:0.004479 / SRCC:0.9091 / PLCC:0.9279
[20250223 16:04:14 INFO    ] Starting eval...
[20250223 16:04:14 INFO    ] Running testing in epoch 4
[20250223 16:04:31 INFO    ] Epoch:4 ===== loss:0.007295 ===== SRCC:0.8978 ===== PLCC:0.9132
[20250223 16:04:31 INFO    ] Eval done...
[20250223 16:04:31 INFO    ] ======================================================================================
[20250223 16:04:31 INFO    ] ============================== best main score is 1.810995985126341 =================================
[20250223 16:04:31 INFO    ] ======================================================================================
[20250223 16:04:32 INFO    ] Saving weights and model of epoch4, SRCC:0.897767036235212, PLCC:0.9132289488911289
[20250223 16:04:32 INFO    ] Epoch 4 done. Time: 2.8min
[20250223 16:04:32 INFO    ] Running training epoch 5
[20250223 16:07:01 INFO    ] train epoch:5 / loss:0.003441 / SRCC:0.9304 / PLCC:0.9451
[20250223 16:07:01 INFO    ] Starting eval...
[20250223 16:07:01 INFO    ] Running testing in epoch 5
[20250223 16:07:17 INFO    ] Epoch:5 ===== loss:0.008856 ===== SRCC:0.885 ===== PLCC:0.9032
[20250223 16:07:17 INFO    ] Eval done...
[20250223 16:07:17 INFO    ] Epoch 5 done. Time: 2.8min
[20250223 16:07:17 INFO    ] Running training epoch 6
[20250223 16:09:47 INFO    ] train epoch:6 / loss:0.003433 / SRCC:0.9293 / PLCC:0.9452
[20250223 16:09:47 INFO    ] Starting eval...
[20250223 16:09:47 INFO    ] Running testing in epoch 6
[20250223 16:10:04 INFO    ] Epoch:6 ===== loss:0.006976 ===== SRCC:0.8846 ===== PLCC:0.9011
[20250223 16:10:04 INFO    ] Eval done...
[20250223 16:10:04 INFO    ] Epoch 6 done. Time: 2.8min
[20250223 16:10:04 INFO    ] Running training epoch 7
[20250223 16:12:34 INFO    ] train epoch:7 / loss:0.003361 / SRCC:0.9305 / PLCC:0.9465
[20250223 16:12:34 INFO    ] Starting eval...
[20250223 16:12:34 INFO    ] Running testing in epoch 7
[20250223 16:12:50 INFO    ] Epoch:7 ===== loss:0.007491 ===== SRCC:0.8892 ===== PLCC:0.908
[20250223 16:12:50 INFO    ] Eval done...
[20250223 16:12:50 INFO    ] Epoch 7 done. Time: 2.8min
[20250223 16:12:50 INFO    ] Running training epoch 8
[20250223 16:15:19 INFO    ] train epoch:8 / loss:0.002888 / SRCC:0.9404 / PLCC:0.9542
[20250223 16:15:19 INFO    ] Starting eval...
[20250223 16:15:19 INFO    ] Running testing in epoch 8
[20250223 16:15:36 INFO    ] Epoch:8 ===== loss:0.007742 ===== SRCC:0.8875 ===== PLCC:0.9062
[20250223 16:15:36 INFO    ] Eval done...
[20250223 16:15:36 INFO    ] Epoch 8 done. Time: 2.8min
[20250223 16:15:36 INFO    ] Running training epoch 9
[20250223 16:18:06 INFO    ] train epoch:9 / loss:0.00285 / SRCC:0.9413 / PLCC:0.9548
[20250223 16:18:06 INFO    ] Starting eval...
[20250223 16:18:06 INFO    ] Running testing in epoch 9
[20250223 16:18:22 INFO    ] Epoch:9 ===== loss:0.008535 ===== SRCC:0.8636 ===== PLCC:0.885
[20250223 16:18:22 INFO    ] Eval done...
[20250223 16:18:22 INFO    ] Epoch 9 done. Time: 2.8min
[20250223 16:18:22 INFO    ] Running training epoch 10
[20250223 16:20:52 INFO    ] train epoch:10 / loss:0.003151 / SRCC:0.9356 / PLCC:0.9499
[20250223 16:20:52 INFO    ] Starting eval...
[20250223 16:20:52 INFO    ] Running testing in epoch 10
[20250223 16:21:08 INFO    ] Epoch:10 ===== loss:0.009632 ===== SRCC:0.8941 ===== PLCC:0.9104
[20250223 16:21:08 INFO    ] Eval done...
[20250223 16:21:08 INFO    ] Epoch 10 done. Time: 2.8min
[20250223 16:21:08 INFO    ] Running training epoch 11
[20250223 16:23:38 INFO    ] train epoch:11 / loss:0.003001 / SRCC:0.9398 / PLCC:0.9523
[20250223 16:23:38 INFO    ] Starting eval...
[20250223 16:23:38 INFO    ] Running testing in epoch 11
[20250223 16:23:54 INFO    ] Epoch:11 ===== loss:0.006594 ===== SRCC:0.8919 ===== PLCC:0.9088
[20250223 16:23:54 INFO    ] Eval done...
[20250223 16:23:54 INFO    ] Epoch 11 done. Time: 2.8min
[20250223 16:23:54 INFO    ] Running training epoch 12
[20250223 16:26:23 INFO    ] train epoch:12 / loss:0.002603 / SRCC:0.9458 / PLCC:0.9588
[20250223 16:26:23 INFO    ] Starting eval...
[20250223 16:26:23 INFO    ] Running testing in epoch 12
[20250223 16:26:40 INFO    ] Epoch:12 ===== loss:0.006354 ===== SRCC:0.903 ===== PLCC:0.9175
[20250223 16:26:40 INFO    ] Eval done...
[20250223 16:26:40 INFO    ] ======================================================================================
[20250223 16:26:40 INFO    ] ============================== best main score is 1.8204701504076395 =================================
[20250223 16:26:40 INFO    ] ======================================================================================
[20250223 16:26:41 INFO    ] Saving weights and model of epoch12, SRCC:0.9029941795804037, PLCC:0.9174759708272359
[20250223 16:26:41 INFO    ] Epoch 12 done. Time: 2.8min
[20250223 16:26:41 INFO    ] Running training epoch 13
[20250223 16:29:10 INFO    ] train epoch:13 / loss:0.00247 / SRCC:0.9484 / PLCC:0.961
[20250223 16:29:10 INFO    ] Starting eval...
[20250223 16:29:10 INFO    ] Running testing in epoch 13
[20250223 16:29:27 INFO    ] Epoch:13 ===== loss:0.006439 ===== SRCC:0.8869 ===== PLCC:0.9064
[20250223 16:29:27 INFO    ] Eval done...
[20250223 16:29:27 INFO    ] Epoch 13 done. Time: 2.8min
[20250223 16:29:27 INFO    ] Running training epoch 14
[20250223 16:31:56 INFO    ] train epoch:14 / loss:0.002737 / SRCC:0.9433 / PLCC:0.9566
[20250223 16:31:56 INFO    ] Starting eval...
[20250223 16:31:56 INFO    ] Running testing in epoch 14
[20250223 16:32:13 INFO    ] Epoch:14 ===== loss:0.005967 ===== SRCC:0.9114 ===== PLCC:0.921
[20250223 16:32:13 INFO    ] Eval done...
[20250223 16:32:13 INFO    ] ======================================================================================
[20250223 16:32:13 INFO    ] ============================== best main score is 1.8324637548863947 =================================
[20250223 16:32:13 INFO    ] ======================================================================================
[20250223 16:32:14 INFO    ] Saving weights and model of epoch14, SRCC:0.9114363427515695, PLCC:0.9210274121348252
[20250223 16:32:14 INFO    ] Epoch 14 done. Time: 2.8min
[20250223 16:32:14 INFO    ] Running training epoch 15
[20250223 16:34:43 INFO    ] train epoch:15 / loss:0.00208 / SRCC:0.9561 / PLCC:0.9672
[20250223 16:34:43 INFO    ] Starting eval...
[20250223 16:34:43 INFO    ] Running testing in epoch 15
[20250223 16:35:00 INFO    ] Epoch:15 ===== loss:0.006265 ===== SRCC:0.8993 ===== PLCC:0.9132
[20250223 16:35:00 INFO    ] Eval done...
[20250223 16:35:00 INFO    ] Epoch 15 done. Time: 2.8min
[20250223 16:35:00 INFO    ] Running training epoch 16
[20250223 16:37:28 INFO    ] train epoch:16 / loss:0.001921 / SRCC:0.9591 / PLCC:0.9698
[20250223 16:37:28 INFO    ] Starting eval...
[20250223 16:37:28 INFO    ] Running testing in epoch 16
[20250223 16:37:45 INFO    ] Epoch:16 ===== loss:0.006731 ===== SRCC:0.8989 ===== PLCC:0.9155
[20250223 16:37:45 INFO    ] Eval done...
[20250223 16:37:45 INFO    ] Epoch 16 done. Time: 2.8min
[20250223 16:37:45 INFO    ] Running training epoch 17
[20250223 16:40:14 INFO    ] train epoch:17 / loss:0.002183 / SRCC:0.9545 / PLCC:0.9656
[20250223 16:40:14 INFO    ] Starting eval...
[20250223 16:40:14 INFO    ] Running testing in epoch 17
[20250223 16:40:31 INFO    ] Epoch:17 ===== loss:0.01169 ===== SRCC:0.8824 ===== PLCC:0.9004
[20250223 16:40:31 INFO    ] Eval done...
[20250223 16:40:31 INFO    ] Epoch 17 done. Time: 2.8min
[20250223 16:40:31 INFO    ] Running training epoch 18
[20250223 16:43:00 INFO    ] train epoch:18 / loss:0.002011 / SRCC:0.9589 / PLCC:0.9684
[20250223 16:43:00 INFO    ] Starting eval...
[20250223 16:43:00 INFO    ] Running testing in epoch 18
[20250223 16:43:16 INFO    ] Epoch:18 ===== loss:0.005899 ===== SRCC:0.9093 ===== PLCC:0.9204
[20250223 16:43:16 INFO    ] Eval done...
[20250223 16:43:16 INFO    ] Epoch 18 done. Time: 2.8min
[20250223 16:43:16 INFO    ] Running training epoch 19
[20250223 16:45:45 INFO    ] train epoch:19 / loss:0.002385 / SRCC:0.9489 / PLCC:0.9623
[20250223 16:45:45 INFO    ] Starting eval...
[20250223 16:45:45 INFO    ] Running testing in epoch 19
[20250223 16:46:01 INFO    ] Epoch:19 ===== loss:0.005964 ===== SRCC:0.9009 ===== PLCC:0.9164
[20250223 16:46:01 INFO    ] Eval done...
[20250223 16:46:01 INFO    ] Epoch 19 done. Time: 2.8min
[20250223 16:46:01 INFO    ] Running training epoch 20
[20250223 16:48:31 INFO    ] train epoch:20 / loss:0.002315 / SRCC:0.9499 / PLCC:0.9635
[20250223 16:48:31 INFO    ] Starting eval...
[20250223 16:48:31 INFO    ] Running testing in epoch 20
[20250223 16:48:47 INFO    ] Epoch:20 ===== loss:0.005944 ===== SRCC:0.9126 ===== PLCC:0.9248
[20250223 16:48:47 INFO    ] Eval done...
[20250223 16:48:47 INFO    ] ======================================================================================
[20250223 16:48:47 INFO    ] ============================== best main score is 1.8373676219595994 =================================
[20250223 16:48:47 INFO    ] ======================================================================================
[20250223 16:48:48 INFO    ] Saving weights and model of epoch20, SRCC:0.9125703219666701, PLCC:0.9247972999929294
[20250223 16:48:48 INFO    ] Epoch 20 done. Time: 2.8min
[20250223 16:48:48 INFO    ] Running training epoch 21
[20250223 16:51:17 INFO    ] train epoch:21 / loss:0.001895 / SRCC:0.9598 / PLCC:0.9702
[20250223 16:51:17 INFO    ] Starting eval...
[20250223 16:51:17 INFO    ] Running testing in epoch 21
[20250223 16:51:33 INFO    ] Epoch:21 ===== loss:0.005343 ===== SRCC:0.9081 ===== PLCC:0.9212
[20250223 16:51:33 INFO    ] Eval done...
[20250223 16:51:33 INFO    ] Epoch 21 done. Time: 2.8min
[20250223 16:51:33 INFO    ] Running training epoch 22
[20250223 16:54:02 INFO    ] train epoch:22 / loss:0.001869 / SRCC:0.9606 / PLCC:0.9706
[20250223 16:54:02 INFO    ] Starting eval...
[20250223 16:54:02 INFO    ] Running testing in epoch 22
[20250223 16:54:19 INFO    ] Epoch:22 ===== loss:0.00591 ===== SRCC:0.9001 ===== PLCC:0.9151
[20250223 16:54:19 INFO    ] Eval done...
[20250223 16:54:19 INFO    ] Epoch 22 done. Time: 2.8min
[20250223 16:54:19 INFO    ] Running training epoch 23
[20250223 16:56:48 INFO    ] train epoch:23 / loss:0.001837 / SRCC:0.9613 / PLCC:0.9711
[20250223 16:56:48 INFO    ] Starting eval...
[20250223 16:56:48 INFO    ] Running testing in epoch 23
[20250223 16:57:04 INFO    ] Epoch:23 ===== loss:0.00717 ===== SRCC:0.9083 ===== PLCC:0.9207
[20250223 16:57:04 INFO    ] Eval done...
[20250223 16:57:04 INFO    ] Epoch 23 done. Time: 2.8min
[20250223 16:57:04 INFO    ] Running training epoch 24
[20250223 16:59:33 INFO    ] train epoch:24 / loss:0.001734 / SRCC:0.9631 / PLCC:0.9728
[20250223 16:59:33 INFO    ] Starting eval...
[20250223 16:59:33 INFO    ] Running testing in epoch 24
[20250223 16:59:50 INFO    ] Epoch:24 ===== loss:0.006504 ===== SRCC:0.904 ===== PLCC:0.9189
[20250223 16:59:50 INFO    ] Eval done...
[20250223 16:59:50 INFO    ] Epoch 24 done. Time: 2.8min
[20250223 16:59:50 INFO    ] Running training epoch 25
[20250223 17:02:19 INFO    ] train epoch:25 / loss:0.001801 / SRCC:0.9612 / PLCC:0.9717
[20250223 17:02:19 INFO    ] Starting eval...
[20250223 17:02:19 INFO    ] Running testing in epoch 25
[20250223 17:02:36 INFO    ] Epoch:25 ===== loss:0.00756 ===== SRCC:0.8861 ===== PLCC:0.9074
[20250223 17:02:36 INFO    ] Eval done...
[20250223 17:02:36 INFO    ] Epoch 25 done. Time: 2.8min
[20250223 17:02:36 INFO    ] Running training epoch 26
[20250223 17:05:05 INFO    ] train epoch:26 / loss:0.00172 / SRCC:0.9638 / PLCC:0.973
[20250223 17:05:05 INFO    ] Starting eval...
[20250223 17:05:05 INFO    ] Running testing in epoch 26
[20250223 17:05:21 INFO    ] Epoch:26 ===== loss:0.004811 ===== SRCC:0.9251 ===== PLCC:0.9369
[20250223 17:05:21 INFO    ] Eval done...
[20250223 17:05:21 INFO    ] ======================================================================================
[20250223 17:05:21 INFO    ] ============================== best main score is 1.8619166348889684 =================================
[20250223 17:05:21 INFO    ] ======================================================================================
[20250223 17:05:22 INFO    ] Saving weights and model of epoch26, SRCC:0.9250508433744015, PLCC:0.9368657915145668
[20250223 17:05:22 INFO    ] Epoch 26 done. Time: 2.8min
[20250223 17:05:22 INFO    ] Running training epoch 27
[20250223 17:07:51 INFO    ] train epoch:27 / loss:0.001516 / SRCC:0.9678 / PLCC:0.9762
[20250223 17:07:51 INFO    ] Starting eval...
[20250223 17:07:51 INFO    ] Running testing in epoch 27
[20250223 17:08:07 INFO    ] Epoch:27 ===== loss:0.005465 ===== SRCC:0.9032 ===== PLCC:0.9177
[20250223 17:08:07 INFO    ] Eval done...
[20250223 17:08:07 INFO    ] Epoch 27 done. Time: 2.8min
[20250223 17:08:07 INFO    ] Running training epoch 28
[20250223 17:10:36 INFO    ] train epoch:28 / loss:0.00181 / SRCC:0.9618 / PLCC:0.9715
[20250223 17:10:36 INFO    ] Starting eval...
[20250223 17:10:36 INFO    ] Running testing in epoch 28
[20250223 17:10:53 INFO    ] Epoch:28 ===== loss:0.005739 ===== SRCC:0.9194 ===== PLCC:0.9314
[20250223 17:10:53 INFO    ] Eval done...
[20250223 17:10:53 INFO    ] Epoch 28 done. Time: 2.8min
[20250223 17:10:53 INFO    ] Running training epoch 29
[20250223 17:13:22 INFO    ] train epoch:29 / loss:0.001755 / SRCC:0.9628 / PLCC:0.9724
[20250223 17:13:22 INFO    ] Starting eval...
[20250223 17:13:22 INFO    ] Running testing in epoch 29
[20250223 17:13:38 INFO    ] Epoch:29 ===== loss:0.00545 ===== SRCC:0.9176 ===== PLCC:0.925
[20250223 17:13:38 INFO    ] Eval done...
[20250223 17:13:38 INFO    ] Epoch 29 done. Time: 2.8min
[20250223 17:13:38 INFO    ] Running training epoch 30
[20250223 17:16:07 INFO    ] train epoch:30 / loss:0.001991 / SRCC:0.9572 / PLCC:0.9686
[20250223 17:16:07 INFO    ] Starting eval...
[20250223 17:16:07 INFO    ] Running testing in epoch 30
[20250223 17:16:24 INFO    ] Epoch:30 ===== loss:0.006122 ===== SRCC:0.9087 ===== PLCC:0.9225
[20250223 17:16:24 INFO    ] Eval done...
[20250223 17:16:24 INFO    ] Epoch 30 done. Time: 2.8min
[20250223 17:16:24 INFO    ] Running training epoch 31
[20250223 17:18:53 INFO    ] train epoch:31 / loss:0.001587 / SRCC:0.9658 / PLCC:0.9751
[20250223 17:18:53 INFO    ] Starting eval...
[20250223 17:18:53 INFO    ] Running testing in epoch 31
[20250223 17:19:10 INFO    ] Epoch:31 ===== loss:0.005356 ===== SRCC:0.9087 ===== PLCC:0.9217
[20250223 17:19:10 INFO    ] Eval done...
[20250223 17:19:10 INFO    ] Epoch 31 done. Time: 2.8min
[20250223 17:19:10 INFO    ] Running training epoch 32
[20250223 17:21:39 INFO    ] train epoch:32 / loss:0.001476 / SRCC:0.9679 / PLCC:0.9769
[20250223 17:21:39 INFO    ] Starting eval...
[20250223 17:21:39 INFO    ] Running testing in epoch 32
[20250223 17:21:56 INFO    ] Epoch:32 ===== loss:0.006261 ===== SRCC:0.8986 ===== PLCC:0.913
[20250223 17:21:56 INFO    ] Eval done...
[20250223 17:21:56 INFO    ] Epoch 32 done. Time: 2.8min
[20250223 17:21:56 INFO    ] Running training epoch 33
[20250223 17:24:25 INFO    ] train epoch:33 / loss:0.001898 / SRCC:0.96 / PLCC:0.9701
[20250223 17:24:25 INFO    ] Starting eval...
[20250223 17:24:25 INFO    ] Running testing in epoch 33
[20250223 17:24:41 INFO    ] Epoch:33 ===== loss:0.005253 ===== SRCC:0.9149 ===== PLCC:0.9278
[20250223 17:24:41 INFO    ] Eval done...
[20250223 17:24:41 INFO    ] Epoch 33 done. Time: 2.8min
[20250223 17:24:41 INFO    ] Running training epoch 34
[20250223 17:27:10 INFO    ] train epoch:34 / loss:0.001418 / SRCC:0.9697 / PLCC:0.9778
[20250223 17:27:10 INFO    ] Starting eval...
[20250223 17:27:10 INFO    ] Running testing in epoch 34
[20250223 17:27:27 INFO    ] Epoch:34 ===== loss:0.007102 ===== SRCC:0.9095 ===== PLCC:0.9216
[20250223 17:27:27 INFO    ] Eval done...
[20250223 17:27:27 INFO    ] Epoch 34 done. Time: 2.8min
[20250223 17:27:27 INFO    ] Running training epoch 35
[20250223 17:29:56 INFO    ] train epoch:35 / loss:0.001581 / SRCC:0.9653 / PLCC:0.9752
[20250223 17:29:56 INFO    ] Starting eval...
[20250223 17:29:56 INFO    ] Running testing in epoch 35
[20250223 17:30:12 INFO    ] Epoch:35 ===== loss:0.006581 ===== SRCC:0.9172 ===== PLCC:0.93
[20250223 17:30:12 INFO    ] Eval done...
[20250223 17:30:12 INFO    ] Epoch 35 done. Time: 2.8min
[20250223 17:30:12 INFO    ] Running training epoch 36
[20250223 17:32:42 INFO    ] train epoch:36 / loss:0.001417 / SRCC:0.9695 / PLCC:0.9778
[20250223 17:32:42 INFO    ] Starting eval...
[20250223 17:32:42 INFO    ] Running testing in epoch 36
[20250223 17:32:59 INFO    ] Epoch:36 ===== loss:0.005308 ===== SRCC:0.9258 ===== PLCC:0.9359
[20250223 17:32:59 INFO    ] Eval done...
[20250223 17:32:59 INFO    ] Epoch 36 done. Time: 2.8min
[20250223 17:32:59 INFO    ] Running training epoch 37
[20250223 17:35:27 INFO    ] train epoch:37 / loss:0.001745 / SRCC:0.9626 / PLCC:0.9726
[20250223 17:35:27 INFO    ] Starting eval...
[20250223 17:35:27 INFO    ] Running testing in epoch 37
[20250223 17:35:44 INFO    ] Epoch:37 ===== loss:0.006353 ===== SRCC:0.9205 ===== PLCC:0.9302
[20250223 17:35:44 INFO    ] Eval done...
[20250223 17:35:44 INFO    ] Epoch 37 done. Time: 2.8min
[20250223 17:35:44 INFO    ] Running training epoch 38
[20250223 17:38:13 INFO    ] train epoch:38 / loss:0.00176 / SRCC:0.9617 / PLCC:0.9724
[20250223 17:38:13 INFO    ] Starting eval...
[20250223 17:38:13 INFO    ] Running testing in epoch 38
[20250223 17:38:29 INFO    ] Epoch:38 ===== loss:0.005603 ===== SRCC:0.9056 ===== PLCC:0.9212
[20250223 17:38:29 INFO    ] Eval done...
[20250223 17:38:29 INFO    ] Epoch 38 done. Time: 2.8min
[20250223 17:38:29 INFO    ] Running training epoch 39
[20250223 17:40:58 INFO    ] train epoch:39 / loss:0.001495 / SRCC:0.9683 / PLCC:0.9765
[20250223 17:40:58 INFO    ] Starting eval...
[20250223 17:40:58 INFO    ] Running testing in epoch 39
[20250223 17:41:15 INFO    ] Epoch:39 ===== loss:0.004574 ===== SRCC:0.9283 ===== PLCC:0.936
[20250223 17:41:15 INFO    ] Eval done...
[20250223 17:41:15 INFO    ] ======================================================================================
[20250223 17:41:15 INFO    ] ============================== best main score is 1.8642903761984067 =================================
[20250223 17:41:15 INFO    ] ======================================================================================
[20250223 17:41:16 INFO    ] Saving weights and model of epoch39, SRCC:0.9283371136397538, PLCC:0.935953262558653
[20250223 17:41:16 INFO    ] Epoch 39 done. Time: 2.8min
[20250223 17:41:16 INFO    ] Running training epoch 40
[20250223 17:43:44 INFO    ] train epoch:40 / loss:0.00167 / SRCC:0.9641 / PLCC:0.9738
[20250223 17:43:44 INFO    ] Starting eval...
[20250223 17:43:44 INFO    ] Running testing in epoch 40
[20250223 17:44:01 INFO    ] Epoch:40 ===== loss:0.004947 ===== SRCC:0.9164 ===== PLCC:0.9273
[20250223 17:44:01 INFO    ] Eval done...
[20250223 17:44:01 INFO    ] Epoch 40 done. Time: 2.8min
[20250223 17:44:01 INFO    ] Running training epoch 41
[20250223 17:46:30 INFO    ] train epoch:41 / loss:0.001919 / SRCC:0.9581 / PLCC:0.9698
[20250223 17:46:30 INFO    ] Starting eval...
[20250223 17:46:30 INFO    ] Running testing in epoch 41
[20250223 17:46:46 INFO    ] Epoch:41 ===== loss:0.004634 ===== SRCC:0.9186 ===== PLCC:0.9309
[20250223 17:46:46 INFO    ] Eval done...
[20250223 17:46:46 INFO    ] Epoch 41 done. Time: 2.8min
[20250223 17:46:46 INFO    ] Running training epoch 42
[20250223 17:49:15 INFO    ] train epoch:42 / loss:0.00163 / SRCC:0.9647 / PLCC:0.9745
[20250223 17:49:15 INFO    ] Starting eval...
[20250223 17:49:15 INFO    ] Running testing in epoch 42
[20250223 17:49:31 INFO    ] Epoch:42 ===== loss:0.004856 ===== SRCC:0.9306 ===== PLCC:0.9375
[20250223 17:49:31 INFO    ] Eval done...
[20250223 17:49:31 INFO    ] ======================================================================================
[20250223 17:49:31 INFO    ] ============================== best main score is 1.8680934320468796 =================================
[20250223 17:49:31 INFO    ] ======================================================================================
[20250223 17:49:32 INFO    ] Saving weights and model of epoch42, SRCC:0.9306195721593722, PLCC:0.9374738598875074
[20250223 17:49:32 INFO    ] Epoch 42 done. Time: 2.8min
[20250223 17:49:32 INFO    ] Running training epoch 43
[20250223 17:52:01 INFO    ] train epoch:43 / loss:0.001663 / SRCC:0.9635 / PLCC:0.9739
[20250223 17:52:01 INFO    ] Starting eval...
[20250223 17:52:01 INFO    ] Running testing in epoch 43
[20250223 17:52:18 INFO    ] Epoch:43 ===== loss:0.00572 ===== SRCC:0.9128 ===== PLCC:0.9254
[20250223 17:52:18 INFO    ] Eval done...
[20250223 17:52:18 INFO    ] Epoch 43 done. Time: 2.8min
[20250223 17:52:18 INFO    ] Running training epoch 44
[20250223 17:54:47 INFO    ] train epoch:44 / loss:0.001464 / SRCC:0.9684 / PLCC:0.977
[20250223 17:54:47 INFO    ] Starting eval...
[20250223 17:54:47 INFO    ] Running testing in epoch 44
[20250223 17:55:03 INFO    ] Epoch:44 ===== loss:0.008545 ===== SRCC:0.9073 ===== PLCC:0.9224
[20250223 17:55:03 INFO    ] Eval done...
[20250223 17:55:03 INFO    ] Epoch 44 done. Time: 2.8min
[20250223 17:55:03 INFO    ] Running training epoch 45
[20250223 17:57:32 INFO    ] train epoch:45 / loss:0.001542 / SRCC:0.9672 / PLCC:0.9758
[20250223 17:57:32 INFO    ] Starting eval...
[20250223 17:57:32 INFO    ] Running testing in epoch 45
[20250223 17:57:48 INFO    ] Epoch:45 ===== loss:0.006243 ===== SRCC:0.9242 ===== PLCC:0.9336
[20250223 17:57:48 INFO    ] Eval done...
[20250223 17:57:48 INFO    ] Epoch 45 done. Time: 2.8min
[20250223 17:57:48 INFO    ] Running training epoch 46
[20250223 18:00:17 INFO    ] train epoch:46 / loss:0.00162 / SRCC:0.9648 / PLCC:0.9746
[20250223 18:00:17 INFO    ] Starting eval...
[20250223 18:00:17 INFO    ] Running testing in epoch 46
[20250223 18:00:34 INFO    ] Epoch:46 ===== loss:0.004639 ===== SRCC:0.9381 ===== PLCC:0.9452
[20250223 18:00:34 INFO    ] Eval done...
[20250223 18:00:34 INFO    ] ======================================================================================
[20250223 18:00:34 INFO    ] ============================== best main score is 1.883269962097397 =================================
[20250223 18:00:34 INFO    ] ======================================================================================
[20250223 18:00:35 INFO    ] Saving weights and model of epoch46, SRCC:0.9380942571421946, PLCC:0.9451757049552023
[20250223 18:00:35 INFO    ] Epoch 46 done. Time: 2.8min
[20250223 18:00:35 INFO    ] Running training epoch 47
[20250223 18:03:04 INFO    ] train epoch:47 / loss:0.00135 / SRCC:0.9712 / PLCC:0.9788
[20250223 18:03:04 INFO    ] Starting eval...
[20250223 18:03:04 INFO    ] Running testing in epoch 47
[20250223 18:03:21 INFO    ] Epoch:47 ===== loss:0.005769 ===== SRCC:0.9142 ===== PLCC:0.9246
[20250223 18:03:21 INFO    ] Eval done...
[20250223 18:03:21 INFO    ] Epoch 47 done. Time: 2.8min
[20250223 18:03:21 INFO    ] Running training epoch 48
[20250223 18:05:49 INFO    ] train epoch:48 / loss:0.001397 / SRCC:0.9692 / PLCC:0.9781
[20250223 18:05:49 INFO    ] Starting eval...
[20250223 18:05:49 INFO    ] Running testing in epoch 48
[20250223 18:06:06 INFO    ] Epoch:48 ===== loss:0.006369 ===== SRCC:0.9346 ===== PLCC:0.9402
[20250223 18:06:06 INFO    ] Eval done...
[20250223 18:06:06 INFO    ] Epoch 48 done. Time: 2.8min
[20250223 18:06:06 INFO    ] Running training epoch 49
[20250223 18:08:35 INFO    ] train epoch:49 / loss:0.001489 / SRCC:0.9671 / PLCC:0.9766
[20250223 18:08:35 INFO    ] Starting eval...
[20250223 18:08:35 INFO    ] Running testing in epoch 49
[20250223 18:08:52 INFO    ] Epoch:49 ===== loss:0.004553 ===== SRCC:0.9391 ===== PLCC:0.9452
[20250223 18:08:52 INFO    ] Eval done...
[20250223 18:08:52 INFO    ] ======================================================================================
[20250223 18:08:52 INFO    ] ============================== best main score is 1.8842950054364676 =================================
[20250223 18:08:52 INFO    ] ======================================================================================
[20250223 18:08:52 INFO    ] Saving weights and model of epoch49, SRCC:0.9391277635154899, PLCC:0.9451672419209778
[20250223 18:08:52 INFO    ] Epoch 49 done. Time: 2.8min
[20250223 18:08:52 INFO    ] Running training epoch 50
[20250223 18:11:21 INFO    ] train epoch:50 / loss:0.001309 / SRCC:0.9721 / PLCC:0.9795
[20250223 18:11:21 INFO    ] Starting eval...
[20250223 18:11:21 INFO    ] Running testing in epoch 50
[20250223 18:11:38 INFO    ] Epoch:50 ===== loss:0.005468 ===== SRCC:0.912 ===== PLCC:0.9217
[20250223 18:11:38 INFO    ] Eval done...
[20250223 18:11:38 INFO    ] Epoch 50 done. Time: 2.8min
[20250223 18:11:38 INFO    ] Running training epoch 51
[20250223 18:14:07 INFO    ] train epoch:51 / loss:0.001287 / SRCC:0.9721 / PLCC:0.9798
[20250223 18:14:07 INFO    ] Starting eval...
[20250223 18:14:07 INFO    ] Running testing in epoch 51
[20250223 18:14:24 INFO    ] Epoch:51 ===== loss:0.00461 ===== SRCC:0.925 ===== PLCC:0.9324
[20250223 18:14:24 INFO    ] Eval done...
[20250223 18:14:24 INFO    ] Epoch 51 done. Time: 2.8min
[20250223 18:14:24 INFO    ] Running training epoch 52
[20250223 18:16:52 INFO    ] train epoch:52 / loss:0.001639 / SRCC:0.9646 / PLCC:0.9742
[20250223 18:16:52 INFO    ] Starting eval...
[20250223 18:16:52 INFO    ] Running testing in epoch 52
[20250223 18:17:09 INFO    ] Epoch:52 ===== loss:0.005222 ===== SRCC:0.9198 ===== PLCC:0.932
[20250223 18:17:09 INFO    ] Eval done...
[20250223 18:17:09 INFO    ] Epoch 52 done. Time: 2.8min
[20250223 18:17:09 INFO    ] Running training epoch 53
[20250223 18:19:38 INFO    ] train epoch:53 / loss:0.001313 / SRCC:0.9717 / PLCC:0.9794
[20250223 18:19:38 INFO    ] Starting eval...
[20250223 18:19:38 INFO    ] Running testing in epoch 53
[20250223 18:19:54 INFO    ] Epoch:53 ===== loss:0.006253 ===== SRCC:0.917 ===== PLCC:0.9292
[20250223 18:19:54 INFO    ] Eval done...
[20250223 18:19:54 INFO    ] Epoch 53 done. Time: 2.8min
[20250223 18:19:54 INFO    ] Running training epoch 54
[20250223 18:22:23 INFO    ] train epoch:54 / loss:0.001549 / SRCC:0.9664 / PLCC:0.9757
[20250223 18:22:23 INFO    ] Starting eval...
[20250223 18:22:23 INFO    ] Running testing in epoch 54
[20250223 18:22:40 INFO    ] Epoch:54 ===== loss:0.005321 ===== SRCC:0.9326 ===== PLCC:0.9404
[20250223 18:22:40 INFO    ] Eval done...
[20250223 18:22:40 INFO    ] Epoch 54 done. Time: 2.8min
[20250223 18:22:40 INFO    ] Running training epoch 55
[20250223 18:25:09 INFO    ] train epoch:55 / loss:0.001415 / SRCC:0.9701 / PLCC:0.9778
[20250223 18:25:09 INFO    ] Starting eval...
[20250223 18:25:09 INFO    ] Running testing in epoch 55
[20250223 18:25:26 INFO    ] Epoch:55 ===== loss:0.005384 ===== SRCC:0.9235 ===== PLCC:0.9323
[20250223 18:25:26 INFO    ] Eval done...
[20250223 18:25:26 INFO    ] Epoch 55 done. Time: 2.8min
[20250223 18:25:26 INFO    ] Running training epoch 56
[20250223 18:27:55 INFO    ] train epoch:56 / loss:0.001362 / SRCC:0.9709 / PLCC:0.9787
[20250223 18:27:55 INFO    ] Starting eval...
[20250223 18:27:55 INFO    ] Running testing in epoch 56
[20250223 18:28:11 INFO    ] Epoch:56 ===== loss:0.006476 ===== SRCC:0.9262 ===== PLCC:0.9341
[20250223 18:28:11 INFO    ] Eval done...
[20250223 18:28:11 INFO    ] Epoch 56 done. Time: 2.8min
[20250223 18:28:11 INFO    ] Running training epoch 57
[20250223 18:30:40 INFO    ] train epoch:57 / loss:0.00141 / SRCC:0.9697 / PLCC:0.9779
[20250223 18:30:40 INFO    ] Starting eval...
[20250223 18:30:40 INFO    ] Running testing in epoch 57
[20250223 18:30:56 INFO    ] Epoch:57 ===== loss:0.005686 ===== SRCC:0.9197 ===== PLCC:0.9273
[20250223 18:30:56 INFO    ] Eval done...
[20250223 18:30:56 INFO    ] Epoch 57 done. Time: 2.8min
[20250223 18:30:56 INFO    ] Running training epoch 58
[20250223 18:33:25 INFO    ] train epoch:58 / loss:0.001156 / SRCC:0.9755 / PLCC:0.9819
[20250223 18:33:25 INFO    ] Starting eval...
[20250223 18:33:25 INFO    ] Running testing in epoch 58
[20250223 18:33:41 INFO    ] Epoch:58 ===== loss:0.004763 ===== SRCC:0.9315 ===== PLCC:0.9375
[20250223 18:33:41 INFO    ] Eval done...
[20250223 18:33:41 INFO    ] Epoch 58 done. Time: 2.7min
[20250223 18:33:41 INFO    ] Running training epoch 59
[20250223 18:36:10 INFO    ] train epoch:59 / loss:0.001499 / SRCC:0.9677 / PLCC:0.9765
[20250223 18:36:10 INFO    ] Starting eval...
[20250223 18:36:10 INFO    ] Running testing in epoch 59
[20250223 18:36:27 INFO    ] Epoch:59 ===== loss:0.005827 ===== SRCC:0.9257 ===== PLCC:0.934
[20250223 18:36:27 INFO    ] Eval done...
[20250223 18:36:27 INFO    ] Epoch 59 done. Time: 2.8min
[20250223 18:36:27 INFO    ] Running training epoch 60
[20250223 18:38:55 INFO    ] train epoch:60 / loss:0.001298 / SRCC:0.9722 / PLCC:0.9796
[20250223 18:38:55 INFO    ] Starting eval...
[20250223 18:38:55 INFO    ] Running testing in epoch 60
[20250223 18:39:12 INFO    ] Epoch:60 ===== loss:0.006196 ===== SRCC:0.9195 ===== PLCC:0.9288
[20250223 18:39:12 INFO    ] Eval done...
[20250223 18:39:12 INFO    ] Epoch 60 done. Time: 2.7min
[20250223 18:39:12 INFO    ] Running training epoch 61
[20250223 18:41:41 INFO    ] train epoch:61 / loss:0.001463 / SRCC:0.9683 / PLCC:0.9771
[20250223 18:41:41 INFO    ] Starting eval...
[20250223 18:41:41 INFO    ] Running testing in epoch 61
[20250223 18:41:57 INFO    ] Epoch:61 ===== loss:0.005042 ===== SRCC:0.9274 ===== PLCC:0.937
[20250223 18:41:57 INFO    ] Eval done...
[20250223 18:41:57 INFO    ] Epoch 61 done. Time: 2.8min
[20250223 18:41:57 INFO    ] Running training epoch 62
[20250223 18:44:26 INFO    ] train epoch:62 / loss:0.001389 / SRCC:0.9696 / PLCC:0.9782
[20250223 18:44:26 INFO    ] Starting eval...
[20250223 18:44:26 INFO    ] Running testing in epoch 62
[20250223 18:44:42 INFO    ] Epoch:62 ===== loss:0.00479 ===== SRCC:0.9171 ===== PLCC:0.9286
[20250223 18:44:42 INFO    ] Eval done...
[20250223 18:44:42 INFO    ] Epoch 62 done. Time: 2.8min
[20250223 18:44:42 INFO    ] Running training epoch 63
[20250223 18:47:11 INFO    ] train epoch:63 / loss:0.001312 / SRCC:0.9716 / PLCC:0.9794
[20250223 18:47:11 INFO    ] Starting eval...
[20250223 18:47:11 INFO    ] Running testing in epoch 63
[20250223 18:47:27 INFO    ] Epoch:63 ===== loss:0.004586 ===== SRCC:0.9445 ===== PLCC:0.9493
[20250223 18:47:27 INFO    ] Eval done...
[20250223 18:47:27 INFO    ] ======================================================================================
[20250223 18:47:27 INFO    ] ============================== best main score is 1.8938568265423208 =================================
[20250223 18:47:27 INFO    ] ======================================================================================
[20250223 18:47:28 INFO    ] Saving weights and model of epoch63, SRCC:0.9445253801341568, PLCC:0.9493314464081639
[20250223 18:47:28 INFO    ] Epoch 63 done. Time: 2.8min
[20250223 18:47:28 INFO    ] Running training epoch 64
[20250223 18:49:58 INFO    ] train epoch:64 / loss:0.001313 / SRCC:0.9722 / PLCC:0.9794
[20250223 18:49:58 INFO    ] Starting eval...
[20250223 18:49:58 INFO    ] Running testing in epoch 64
[20250223 18:50:14 INFO    ] Epoch:64 ===== loss:0.00446 ===== SRCC:0.9266 ===== PLCC:0.9376
[20250223 18:50:14 INFO    ] Eval done...
[20250223 18:50:14 INFO    ] Epoch 64 done. Time: 2.8min
[20250223 18:50:14 INFO    ] Running training epoch 65
[20250223 18:52:43 INFO    ] train epoch:65 / loss:0.001404 / SRCC:0.9705 / PLCC:0.978
[20250223 18:52:43 INFO    ] Starting eval...
[20250223 18:52:43 INFO    ] Running testing in epoch 65
[20250223 18:52:59 INFO    ] Epoch:65 ===== loss:0.00443 ===== SRCC:0.9278 ===== PLCC:0.9366
[20250223 18:52:59 INFO    ] Eval done...
[20250223 18:52:59 INFO    ] Epoch 65 done. Time: 2.8min
[20250223 18:52:59 INFO    ] Running training epoch 66
[20250223 18:55:28 INFO    ] train epoch:66 / loss:0.001193 / SRCC:0.9739 / PLCC:0.9813
[20250223 18:55:28 INFO    ] Starting eval...
[20250223 18:55:28 INFO    ] Running testing in epoch 66
[20250223 18:55:44 INFO    ] Epoch:66 ===== loss:0.004492 ===== SRCC:0.9287 ===== PLCC:0.9377
[20250223 18:55:44 INFO    ] Eval done...
[20250223 18:55:44 INFO    ] Epoch 66 done. Time: 2.8min
[20250223 18:55:44 INFO    ] Running training epoch 67
[20250223 18:58:13 INFO    ] train epoch:67 / loss:0.00133 / SRCC:0.9711 / PLCC:0.9792
[20250223 18:58:13 INFO    ] Starting eval...
[20250223 18:58:13 INFO    ] Running testing in epoch 67
[20250223 18:58:30 INFO    ] Epoch:67 ===== loss:0.003651 ===== SRCC:0.9423 ===== PLCC:0.9481
[20250223 18:58:30 INFO    ] Eval done...
[20250223 18:58:30 INFO    ] Epoch 67 done. Time: 2.8min
[20250223 18:58:30 INFO    ] Running training epoch 68
[20250223 19:00:58 INFO    ] train epoch:68 / loss:0.001252 / SRCC:0.9729 / PLCC:0.9804
[20250223 19:00:58 INFO    ] Starting eval...
[20250223 19:00:58 INFO    ] Running testing in epoch 68
[20250223 19:01:14 INFO    ] Epoch:68 ===== loss:0.004138 ===== SRCC:0.9326 ===== PLCC:0.9415
[20250223 19:01:14 INFO    ] Eval done...
[20250223 19:01:14 INFO    ] Epoch 68 done. Time: 2.7min
[20250223 19:01:14 INFO    ] Running training epoch 69
[20250223 19:03:43 INFO    ] train epoch:69 / loss:0.001316 / SRCC:0.9707 / PLCC:0.9794
[20250223 19:03:43 INFO    ] Starting eval...
[20250223 19:03:43 INFO    ] Running testing in epoch 69
[20250223 19:04:00 INFO    ] Epoch:69 ===== loss:0.005063 ===== SRCC:0.9251 ===== PLCC:0.9353
[20250223 19:04:00 INFO    ] Eval done...
[20250223 19:04:00 INFO    ] Epoch 69 done. Time: 2.8min
[20250223 19:04:00 INFO    ] Running training epoch 70
[20250223 19:06:29 INFO    ] train epoch:70 / loss:0.00153 / SRCC:0.9667 / PLCC:0.976
[20250223 19:06:29 INFO    ] Starting eval...
[20250223 19:06:29 INFO    ] Running testing in epoch 70
[20250223 19:06:45 INFO    ] Epoch:70 ===== loss:0.004105 ===== SRCC:0.9319 ===== PLCC:0.9402
[20250223 19:06:45 INFO    ] Eval done...
[20250223 19:06:45 INFO    ] Epoch 70 done. Time: 2.8min
[20250223 19:06:45 INFO    ] Running training epoch 71
[20250223 19:09:14 INFO    ] train epoch:71 / loss:0.001284 / SRCC:0.9718 / PLCC:0.9799
[20250223 19:09:14 INFO    ] Starting eval...
[20250223 19:09:14 INFO    ] Running testing in epoch 71
[20250223 19:09:30 INFO    ] Epoch:71 ===== loss:0.005473 ===== SRCC:0.9368 ===== PLCC:0.943
[20250223 19:09:30 INFO    ] Eval done...
[20250223 19:09:30 INFO    ] Epoch 71 done. Time: 2.8min
[20250223 19:09:30 INFO    ] Running training epoch 72
[20250223 19:11:59 INFO    ] train epoch:72 / loss:0.001377 / SRCC:0.9694 / PLCC:0.9784
[20250223 19:11:59 INFO    ] Starting eval...
[20250223 19:11:59 INFO    ] Running testing in epoch 72
[20250223 19:12:15 INFO    ] Epoch:72 ===== loss:0.004636 ===== SRCC:0.9281 ===== PLCC:0.9365
[20250223 19:12:15 INFO    ] Eval done...
[20250223 19:12:15 INFO    ] Epoch 72 done. Time: 2.8min
[20250223 19:12:15 INFO    ] Running training epoch 73
[20250223 19:14:44 INFO    ] train epoch:73 / loss:0.001315 / SRCC:0.9711 / PLCC:0.9794
[20250223 19:14:44 INFO    ] Starting eval...
[20250223 19:14:44 INFO    ] Running testing in epoch 73
[20250223 19:15:01 INFO    ] Epoch:73 ===== loss:0.005997 ===== SRCC:0.9239 ===== PLCC:0.9305
[20250223 19:15:01 INFO    ] Eval done...
[20250223 19:15:01 INFO    ] Epoch 73 done. Time: 2.8min
[20250223 19:15:01 INFO    ] Running training epoch 74
[20250223 19:17:30 INFO    ] train epoch:74 / loss:0.001006 / SRCC:0.9787 / PLCC:0.9843
[20250223 19:17:30 INFO    ] Starting eval...
[20250223 19:17:30 INFO    ] Running testing in epoch 74
[20250223 19:17:46 INFO    ] Epoch:74 ===== loss:0.005038 ===== SRCC:0.9174 ===== PLCC:0.9291
[20250223 19:17:46 INFO    ] Eval done...
[20250223 19:17:46 INFO    ] Epoch 74 done. Time: 2.8min
[20250223 19:17:46 INFO    ] Running training epoch 75
[20250223 19:20:15 INFO    ] train epoch:75 / loss:0.0009299 / SRCC:0.9795 / PLCC:0.9855
[20250223 19:20:15 INFO    ] Starting eval...
[20250223 19:20:15 INFO    ] Running testing in epoch 75
[20250223 19:20:32 INFO    ] Epoch:75 ===== loss:0.004222 ===== SRCC:0.937 ===== PLCC:0.9433
[20250223 19:20:32 INFO    ] Eval done...
[20250223 19:20:32 INFO    ] Epoch 75 done. Time: 2.8min
[20250223 19:20:32 INFO    ] Running training epoch 76
[20250223 19:23:01 INFO    ] train epoch:76 / loss:0.0009527 / SRCC:0.9791 / PLCC:0.9851
[20250223 19:23:01 INFO    ] Starting eval...
[20250223 19:23:01 INFO    ] Running testing in epoch 76
[20250223 19:23:17 INFO    ] Epoch:76 ===== loss:0.005777 ===== SRCC:0.9254 ===== PLCC:0.9371
[20250223 19:23:17 INFO    ] Eval done...
[20250223 19:23:17 INFO    ] Epoch 76 done. Time: 2.8min
[20250223 19:23:17 INFO    ] Running training epoch 77
[20250223 19:25:46 INFO    ] train epoch:77 / loss:0.001274 / SRCC:0.9723 / PLCC:0.98
[20250223 19:25:46 INFO    ] Starting eval...
[20250223 19:25:46 INFO    ] Running testing in epoch 77
[20250223 19:26:03 INFO    ] Epoch:77 ===== loss:0.005366 ===== SRCC:0.9296 ===== PLCC:0.9369
[20250223 19:26:03 INFO    ] Eval done...
[20250223 19:26:03 INFO    ] Epoch 77 done. Time: 2.8min
[20250223 19:26:03 INFO    ] Running training epoch 78
[20250223 19:28:32 INFO    ] train epoch:78 / loss:0.001247 / SRCC:0.9735 / PLCC:0.9805
[20250223 19:28:32 INFO    ] Starting eval...
[20250223 19:28:32 INFO    ] Running testing in epoch 78
[20250223 19:28:48 INFO    ] Epoch:78 ===== loss:0.004802 ===== SRCC:0.927 ===== PLCC:0.935
[20250223 19:28:48 INFO    ] Eval done...
[20250223 19:28:48 INFO    ] Epoch 78 done. Time: 2.8min
[20250223 19:28:48 INFO    ] Running training epoch 79
[20250223 19:31:17 INFO    ] train epoch:79 / loss:0.001208 / SRCC:0.9746 / PLCC:0.9811
[20250223 19:31:17 INFO    ] Starting eval...
[20250223 19:31:17 INFO    ] Running testing in epoch 79
[20250223 19:31:33 INFO    ] Epoch:79 ===== loss:0.005678 ===== SRCC:0.9264 ===== PLCC:0.9356
[20250223 19:31:33 INFO    ] Eval done...
[20250223 19:31:33 INFO    ] Epoch 79 done. Time: 2.8min
[20250223 19:31:33 INFO    ] Running training epoch 80
[20250223 19:34:03 INFO    ] train epoch:80 / loss:0.001164 / SRCC:0.9752 / PLCC:0.9818
[20250223 19:34:03 INFO    ] Starting eval...
[20250223 19:34:03 INFO    ] Running testing in epoch 80
[20250223 19:34:19 INFO    ] Epoch:80 ===== loss:0.004931 ===== SRCC:0.9297 ===== PLCC:0.9371
[20250223 19:34:19 INFO    ] Eval done...
[20250223 19:34:19 INFO    ] Epoch 80 done. Time: 2.8min
[20250223 19:34:19 INFO    ] Running training epoch 81
[20250223 19:36:48 INFO    ] train epoch:81 / loss:0.001406 / SRCC:0.9699 / PLCC:0.978
[20250223 19:36:48 INFO    ] Starting eval...
[20250223 19:36:48 INFO    ] Running testing in epoch 81
[20250223 19:37:05 INFO    ] Epoch:81 ===== loss:0.004796 ===== SRCC:0.9274 ===== PLCC:0.9373
[20250223 19:37:05 INFO    ] Eval done...
[20250223 19:37:05 INFO    ] Epoch 81 done. Time: 2.8min
[20250223 19:37:05 INFO    ] Running training epoch 82
[20250223 19:39:34 INFO    ] train epoch:82 / loss:0.001209 / SRCC:0.9734 / PLCC:0.9811
[20250223 19:39:34 INFO    ] Starting eval...
[20250223 19:39:34 INFO    ] Running testing in epoch 82
[20250223 19:39:50 INFO    ] Epoch:82 ===== loss:0.004765 ===== SRCC:0.9326 ===== PLCC:0.9376
[20250223 19:39:50 INFO    ] Eval done...
[20250223 19:39:50 INFO    ] Epoch 82 done. Time: 2.8min
[20250223 19:39:50 INFO    ] Running training epoch 83
[20250223 19:42:19 INFO    ] train epoch:83 / loss:0.001256 / SRCC:0.9731 / PLCC:0.9803
[20250223 19:42:19 INFO    ] Starting eval...
[20250223 19:42:19 INFO    ] Running testing in epoch 83
[20250223 19:42:36 INFO    ] Epoch:83 ===== loss:0.004267 ===== SRCC:0.928 ===== PLCC:0.9374
[20250223 19:42:36 INFO    ] Eval done...
[20250223 19:42:36 INFO    ] Epoch 83 done. Time: 2.8min
[20250223 19:42:36 INFO    ] Running training epoch 84
[20250223 19:45:04 INFO    ] train epoch:84 / loss:0.001121 / SRCC:0.9756 / PLCC:0.9825
[20250223 19:45:04 INFO    ] Starting eval...
[20250223 19:45:04 INFO    ] Running testing in epoch 84
[20250223 19:45:21 INFO    ] Epoch:84 ===== loss:0.004469 ===== SRCC:0.9348 ===== PLCC:0.9423
[20250223 19:45:21 INFO    ] Eval done...
[20250223 19:45:21 INFO    ] Epoch 84 done. Time: 2.8min
[20250223 19:45:21 INFO    ] Running training epoch 85
[20250223 19:47:50 INFO    ] train epoch:85 / loss:0.001021 / SRCC:0.9787 / PLCC:0.984
[20250223 19:47:50 INFO    ] Starting eval...
[20250223 19:47:50 INFO    ] Running testing in epoch 85
[20250223 19:48:06 INFO    ] Epoch:85 ===== loss:0.00448 ===== SRCC:0.9265 ===== PLCC:0.9369
[20250223 19:48:06 INFO    ] Eval done...
[20250223 19:48:06 INFO    ] Epoch 85 done. Time: 2.8min
[20250223 19:48:06 INFO    ] Running training epoch 86
[20250223 19:50:35 INFO    ] train epoch:86 / loss:0.001325 / SRCC:0.9711 / PLCC:0.9792
[20250223 19:50:35 INFO    ] Starting eval...
[20250223 19:50:35 INFO    ] Running testing in epoch 86
[20250223 19:50:52 INFO    ] Epoch:86 ===== loss:0.005193 ===== SRCC:0.9157 ===== PLCC:0.9303
[20250223 19:50:52 INFO    ] Eval done...
[20250223 19:50:52 INFO    ] Epoch 86 done. Time: 2.8min
[20250223 19:50:52 INFO    ] Running training epoch 87
[20250223 19:53:21 INFO    ] train epoch:87 / loss:0.001334 / SRCC:0.9704 / PLCC:0.9791
[20250223 19:53:21 INFO    ] Starting eval...
[20250223 19:53:21 INFO    ] Running testing in epoch 87
[20250223 19:53:37 INFO    ] Epoch:87 ===== loss:0.005654 ===== SRCC:0.9265 ===== PLCC:0.9347
[20250223 19:53:37 INFO    ] Eval done...
[20250223 19:53:37 INFO    ] Epoch 87 done. Time: 2.8min
[20250223 19:53:37 INFO    ] Running training epoch 88
[20250223 19:56:06 INFO    ] train epoch:88 / loss:0.001186 / SRCC:0.9738 / PLCC:0.9814
[20250223 19:56:06 INFO    ] Starting eval...
[20250223 19:56:06 INFO    ] Running testing in epoch 88
[20250223 19:56:23 INFO    ] Epoch:88 ===== loss:0.005901 ===== SRCC:0.9201 ===== PLCC:0.931
[20250223 19:56:23 INFO    ] Eval done...
[20250223 19:56:23 INFO    ] Epoch 88 done. Time: 2.8min
[20250223 19:56:23 INFO    ] Running training epoch 89
[20250223 19:58:52 INFO    ] train epoch:89 / loss:0.001203 / SRCC:0.9736 / PLCC:0.9812
[20250223 19:58:52 INFO    ] Starting eval...
[20250223 19:58:52 INFO    ] Running testing in epoch 89
[20250223 19:59:08 INFO    ] Epoch:89 ===== loss:0.005453 ===== SRCC:0.92 ===== PLCC:0.9298
[20250223 19:59:08 INFO    ] Eval done...
[20250223 19:59:08 INFO    ] Epoch 89 done. Time: 2.8min
[20250223 19:59:08 INFO    ] Running training epoch 90
[20250223 20:01:37 INFO    ] train epoch:90 / loss:0.001043 / SRCC:0.9764 / PLCC:0.9837
[20250223 20:01:37 INFO    ] Starting eval...
[20250223 20:01:37 INFO    ] Running testing in epoch 90
[20250223 20:01:54 INFO    ] Epoch:90 ===== loss:0.005296 ===== SRCC:0.9196 ===== PLCC:0.9316
[20250223 20:01:54 INFO    ] Eval done...
[20250223 20:01:54 INFO    ] Epoch 90 done. Time: 2.8min
[20250223 20:01:54 INFO    ] Running training epoch 91
[20250223 20:04:23 INFO    ] train epoch:91 / loss:0.001311 / SRCC:0.9714 / PLCC:0.9794
[20250223 20:04:23 INFO    ] Starting eval...
[20250223 20:04:23 INFO    ] Running testing in epoch 91
[20250223 20:04:40 INFO    ] Epoch:91 ===== loss:0.005244 ===== SRCC:0.922 ===== PLCC:0.9315
[20250223 20:04:40 INFO    ] Eval done...
[20250223 20:04:40 INFO    ] Epoch 91 done. Time: 2.8min
[20250223 20:04:40 INFO    ] Running training epoch 92
[20250223 20:07:09 INFO    ] train epoch:92 / loss:0.001191 / SRCC:0.9742 / PLCC:0.9814
[20250223 20:07:09 INFO    ] Starting eval...
[20250223 20:07:09 INFO    ] Running testing in epoch 92
[20250223 20:07:26 INFO    ] Epoch:92 ===== loss:0.004845 ===== SRCC:0.927 ===== PLCC:0.9348
[20250223 20:07:26 INFO    ] Eval done...
[20250223 20:07:26 INFO    ] Epoch 92 done. Time: 2.8min
[20250223 20:07:26 INFO    ] Running training epoch 93
[20250223 20:09:55 INFO    ] train epoch:93 / loss:0.001098 / SRCC:0.9763 / PLCC:0.9828
[20250223 20:09:55 INFO    ] Starting eval...
[20250223 20:09:55 INFO    ] Running testing in epoch 93
[20250223 20:10:12 INFO    ] Epoch:93 ===== loss:0.003772 ===== SRCC:0.9413 ===== PLCC:0.9464
[20250223 20:10:12 INFO    ] Eval done...
[20250223 20:10:12 INFO    ] Epoch 93 done. Time: 2.8min
[20250223 20:10:12 INFO    ] Running training epoch 94
[20250223 20:12:40 INFO    ] train epoch:94 / loss:0.001059 / SRCC:0.9766 / PLCC:0.9834
[20250223 20:12:40 INFO    ] Starting eval...
[20250223 20:12:40 INFO    ] Running testing in epoch 94
[20250223 20:12:57 INFO    ] Epoch:94 ===== loss:0.004689 ===== SRCC:0.9282 ===== PLCC:0.9368
[20250223 20:12:57 INFO    ] Eval done...
[20250223 20:12:57 INFO    ] Epoch 94 done. Time: 2.8min
[20250223 20:12:57 INFO    ] Running training epoch 95
[20250223 20:15:26 INFO    ] train epoch:95 / loss:0.001056 / SRCC:0.9775 / PLCC:0.9835
[20250223 20:15:26 INFO    ] Starting eval...
[20250223 20:15:26 INFO    ] Running testing in epoch 95
[20250223 20:15:42 INFO    ] Epoch:95 ===== loss:0.004195 ===== SRCC:0.9315 ===== PLCC:0.9385
[20250223 20:15:42 INFO    ] Eval done...
[20250223 20:15:42 INFO    ] Epoch 95 done. Time: 2.8min
[20250223 20:15:42 INFO    ] Running training epoch 96
[20250223 20:18:11 INFO    ] train epoch:96 / loss:0.001356 / SRCC:0.97 / PLCC:0.9787
[20250223 20:18:11 INFO    ] Starting eval...
[20250223 20:18:11 INFO    ] Running testing in epoch 96
[20250223 20:18:27 INFO    ] Epoch:96 ===== loss:0.004889 ===== SRCC:0.9268 ===== PLCC:0.9369
[20250223 20:18:27 INFO    ] Eval done...
[20250223 20:18:27 INFO    ] Epoch 96 done. Time: 2.8min
[20250223 20:18:27 INFO    ] Running training epoch 97
[20250223 20:20:57 INFO    ] train epoch:97 / loss:0.001065 / SRCC:0.9774 / PLCC:0.9833
[20250223 20:20:57 INFO    ] Starting eval...
[20250223 20:20:57 INFO    ] Running testing in epoch 97
[20250223 20:21:13 INFO    ] Epoch:97 ===== loss:0.00518 ===== SRCC:0.9308 ===== PLCC:0.9397
[20250223 20:21:13 INFO    ] Eval done...
[20250223 20:21:13 INFO    ] Epoch 97 done. Time: 2.8min
[20250223 20:21:13 INFO    ] Running training epoch 98
[20250223 20:23:42 INFO    ] train epoch:98 / loss:0.001116 / SRCC:0.9763 / PLCC:0.9825
[20250223 20:23:42 INFO    ] Starting eval...
[20250223 20:23:42 INFO    ] Running testing in epoch 98
[20250223 20:23:59 INFO    ] Epoch:98 ===== loss:0.004432 ===== SRCC:0.9347 ===== PLCC:0.9411
[20250223 20:23:59 INFO    ] Eval done...
[20250223 20:23:59 INFO    ] Epoch 98 done. Time: 2.8min
[20250223 20:23:59 INFO    ] Running training epoch 99
[20250223 20:26:27 INFO    ] train epoch:99 / loss:0.001206 / SRCC:0.9737 / PLCC:0.9811
[20250223 20:26:27 INFO    ] Starting eval...
[20250223 20:26:27 INFO    ] Running testing in epoch 99
[20250223 20:26:44 INFO    ] Epoch:99 ===== loss:0.005483 ===== SRCC:0.9194 ===== PLCC:0.93
[20250223 20:26:44 INFO    ] Eval done...
[20250223 20:26:44 INFO    ] Epoch 99 done. Time: 2.8min
[20250223 20:26:44 INFO    ] Running training epoch 100
[20250223 20:29:13 INFO    ] train epoch:100 / loss:0.001254 / SRCC:0.9736 / PLCC:0.9804
[20250223 20:29:13 INFO    ] Starting eval...
[20250223 20:29:13 INFO    ] Running testing in epoch 100
[20250223 20:29:29 INFO    ] Epoch:100 ===== loss:0.005283 ===== SRCC:0.9277 ===== PLCC:0.9366
[20250223 20:29:29 INFO    ] Eval done...
[20250223 20:29:29 INFO    ] Epoch 100 done. Time: 2.8min
[20250223 20:29:29 INFO    ] Running training epoch 101
[20250223 20:31:57 INFO    ] train epoch:101 / loss:0.001086 / SRCC:0.9765 / PLCC:0.983
[20250223 20:31:57 INFO    ] Starting eval...
[20250223 20:31:57 INFO    ] Running testing in epoch 101
[20250223 20:32:14 INFO    ] Epoch:101 ===== loss:0.005839 ===== SRCC:0.9293 ===== PLCC:0.937
[20250223 20:32:14 INFO    ] Eval done...
[20250223 20:32:14 INFO    ] Epoch 101 done. Time: 2.7min
[20250223 20:32:14 INFO    ] Running training epoch 102
[20250223 20:34:43 INFO    ] train epoch:102 / loss:0.0009853 / SRCC:0.9776 / PLCC:0.9846
[20250223 20:34:43 INFO    ] Starting eval...
[20250223 20:34:43 INFO    ] Running testing in epoch 102
[20250223 20:35:00 INFO    ] Epoch:102 ===== loss:0.005188 ===== SRCC:0.9353 ===== PLCC:0.9429
[20250223 20:35:00 INFO    ] Eval done...
[20250223 20:35:00 INFO    ] Epoch 102 done. Time: 2.8min
[20250223 20:35:00 INFO    ] Running training epoch 103
[20250223 20:37:29 INFO    ] train epoch:103 / loss:0.001214 / SRCC:0.9744 / PLCC:0.981
[20250223 20:37:29 INFO    ] Starting eval...
[20250223 20:37:29 INFO    ] Running testing in epoch 103
[20250223 20:37:45 INFO    ] Epoch:103 ===== loss:0.005185 ===== SRCC:0.9228 ===== PLCC:0.9332
[20250223 20:37:45 INFO    ] Eval done...
[20250223 20:37:45 INFO    ] Epoch 103 done. Time: 2.8min
[20250223 20:37:45 INFO    ] Running training epoch 104
[20250223 20:40:14 INFO    ] train epoch:104 / loss:0.0009741 / SRCC:0.9798 / PLCC:0.9848
[20250223 20:40:14 INFO    ] Starting eval...
[20250223 20:40:14 INFO    ] Running testing in epoch 104
[20250223 20:40:30 INFO    ] Epoch:104 ===== loss:0.004868 ===== SRCC:0.9313 ===== PLCC:0.9409
[20250223 20:40:30 INFO    ] Eval done...
[20250223 20:40:30 INFO    ] Epoch 104 done. Time: 2.8min
[20250223 20:40:30 INFO    ] Running training epoch 105
[20250223 20:43:00 INFO    ] train epoch:105 / loss:0.001033 / SRCC:0.9777 / PLCC:0.9838
[20250223 20:43:00 INFO    ] Starting eval...
[20250223 20:43:00 INFO    ] Running testing in epoch 105
[20250223 20:43:16 INFO    ] Epoch:105 ===== loss:0.005424 ===== SRCC:0.9253 ===== PLCC:0.9371
[20250223 20:43:16 INFO    ] Eval done...
[20250223 20:43:16 INFO    ] Epoch 105 done. Time: 2.8min
[20250223 20:43:16 INFO    ] Running training epoch 106
[20250223 20:45:44 INFO    ] train epoch:106 / loss:0.001047 / SRCC:0.9775 / PLCC:0.9836
[20250223 20:45:44 INFO    ] Starting eval...
[20250223 20:45:44 INFO    ] Running testing in epoch 106
[20250223 20:46:01 INFO    ] Epoch:106 ===== loss:0.004574 ===== SRCC:0.9264 ===== PLCC:0.9357
[20250223 20:46:01 INFO    ] Eval done...
[20250223 20:46:01 INFO    ] Epoch 106 done. Time: 2.8min
[20250223 20:46:01 INFO    ] Running training epoch 107
[20250223 20:48:30 INFO    ] train epoch:107 / loss:0.0009652 / SRCC:0.9798 / PLCC:0.9849
[20250223 20:48:30 INFO    ] Starting eval...
[20250223 20:48:30 INFO    ] Running testing in epoch 107
[20250223 20:48:46 INFO    ] Epoch:107 ===== loss:0.004586 ===== SRCC:0.9327 ===== PLCC:0.9395
[20250223 20:48:46 INFO    ] Eval done...
[20250223 20:48:46 INFO    ] Epoch 107 done. Time: 2.8min
[20250223 20:48:46 INFO    ] Running training epoch 108
[20250223 20:51:14 INFO    ] train epoch:108 / loss:0.001139 / SRCC:0.9751 / PLCC:0.9822
[20250223 20:51:14 INFO    ] Starting eval...
[20250223 20:51:14 INFO    ] Running testing in epoch 108
[20250223 20:51:31 INFO    ] Epoch:108 ===== loss:0.004904 ===== SRCC:0.9293 ===== PLCC:0.9367
[20250223 20:51:31 INFO    ] Eval done...
[20250223 20:51:31 INFO    ] Epoch 108 done. Time: 2.7min
[20250223 20:51:31 INFO    ] Running training epoch 109
[20250223 20:53:59 INFO    ] train epoch:109 / loss:0.00093 / SRCC:0.9797 / PLCC:0.9855
[20250223 20:53:59 INFO    ] Starting eval...
[20250223 20:53:59 INFO    ] Running testing in epoch 109
[20250223 20:54:16 INFO    ] Epoch:109 ===== loss:0.00496 ===== SRCC:0.9284 ===== PLCC:0.9362
[20250223 20:54:16 INFO    ] Eval done...
[20250223 20:54:16 INFO    ] Epoch 109 done. Time: 2.7min
[20250223 20:54:16 INFO    ] Running training epoch 110
[20250223 20:56:44 INFO    ] train epoch:110 / loss:0.001217 / SRCC:0.9738 / PLCC:0.9809
[20250223 20:56:44 INFO    ] Starting eval...
[20250223 20:56:44 INFO    ] Running testing in epoch 110
[20250223 20:57:00 INFO    ] Epoch:110 ===== loss:0.004164 ===== SRCC:0.9351 ===== PLCC:0.9414
[20250223 20:57:00 INFO    ] Eval done...
[20250223 20:57:00 INFO    ] Epoch 110 done. Time: 2.7min
[20250223 20:57:00 INFO    ] Running training epoch 111
[20250223 20:59:28 INFO    ] train epoch:111 / loss:0.001258 / SRCC:0.9741 / PLCC:0.9803
[20250223 20:59:28 INFO    ] Starting eval...
[20250223 20:59:28 INFO    ] Running testing in epoch 111
[20250223 20:59:45 INFO    ] Epoch:111 ===== loss:0.004219 ===== SRCC:0.9338 ===== PLCC:0.9394
[20250223 20:59:45 INFO    ] Eval done...
[20250223 20:59:45 INFO    ] Epoch 111 done. Time: 2.7min
[20250223 20:59:45 INFO    ] Running training epoch 112
[20250223 21:02:13 INFO    ] train epoch:112 / loss:0.001228 / SRCC:0.9727 / PLCC:0.9808
[20250223 21:02:13 INFO    ] Starting eval...
[20250223 21:02:13 INFO    ] Running testing in epoch 112
[20250223 21:02:30 INFO    ] Epoch:112 ===== loss:0.003987 ===== SRCC:0.9373 ===== PLCC:0.9443
[20250223 21:02:30 INFO    ] Eval done...
[20250223 21:02:30 INFO    ] Epoch 112 done. Time: 2.7min
[20250223 21:02:30 INFO    ] Running training epoch 113
[20250223 21:04:58 INFO    ] train epoch:113 / loss:0.001215 / SRCC:0.9742 / PLCC:0.981
[20250223 21:04:58 INFO    ] Starting eval...
[20250223 21:04:58 INFO    ] Running testing in epoch 113
[20250223 21:05:15 INFO    ] Epoch:113 ===== loss:0.004095 ===== SRCC:0.932 ===== PLCC:0.9413
[20250223 21:05:15 INFO    ] Eval done...
[20250223 21:05:15 INFO    ] Epoch 113 done. Time: 2.8min
[20250223 21:05:15 INFO    ] Running training epoch 114
[20250223 21:07:44 INFO    ] train epoch:114 / loss:0.001218 / SRCC:0.9737 / PLCC:0.9809
[20250223 21:07:44 INFO    ] Starting eval...
[20250223 21:07:44 INFO    ] Running testing in epoch 114
[20250223 21:08:00 INFO    ] Epoch:114 ===== loss:0.004556 ===== SRCC:0.9262 ===== PLCC:0.9367
[20250223 21:08:00 INFO    ] Eval done...
[20250223 21:08:00 INFO    ] Epoch 114 done. Time: 2.8min
[20250223 21:08:00 INFO    ] Running training epoch 115
[20250223 21:10:29 INFO    ] train epoch:115 / loss:0.001073 / SRCC:0.9776 / PLCC:0.9832
[20250223 21:10:29 INFO    ] Starting eval...
[20250223 21:10:29 INFO    ] Running testing in epoch 115
[20250223 21:10:45 INFO    ] Epoch:115 ===== loss:0.004194 ===== SRCC:0.9368 ===== PLCC:0.9427
[20250223 21:10:45 INFO    ] Eval done...
[20250223 21:10:45 INFO    ] Epoch 115 done. Time: 2.8min
[20250223 21:10:45 INFO    ] Running training epoch 116
[20250223 21:13:14 INFO    ] train epoch:116 / loss:0.0008842 / SRCC:0.981 / PLCC:0.9862
[20250223 21:13:14 INFO    ] Starting eval...
[20250223 21:13:14 INFO    ] Running testing in epoch 116
[20250223 21:13:31 INFO    ] Epoch:116 ===== loss:0.003871 ===== SRCC:0.9443 ===== PLCC:0.9498
[20250223 21:13:31 INFO    ] Eval done...
[20250223 21:13:31 INFO    ] ======================================================================================
[20250223 21:13:31 INFO    ] ============================== best main score is 1.894021606042311 =================================
[20250223 21:13:31 INFO    ] ======================================================================================
[20250223 21:13:32 INFO    ] Saving weights and model of epoch116, SRCC:0.944271239678067, PLCC:0.949750366364244
[20250223 21:13:32 INFO    ] Epoch 116 done. Time: 2.8min
[20250223 21:13:32 INFO    ] Running training epoch 117
[20250223 21:16:00 INFO    ] train epoch:117 / loss:0.001033 / SRCC:0.9774 / PLCC:0.9838
[20250223 21:16:00 INFO    ] Starting eval...
[20250223 21:16:00 INFO    ] Running testing in epoch 117
[20250223 21:16:17 INFO    ] Epoch:117 ===== loss:0.004186 ===== SRCC:0.935 ===== PLCC:0.9433
[20250223 21:16:17 INFO    ] Eval done...
[20250223 21:16:17 INFO    ] Epoch 117 done. Time: 2.8min
[20250223 21:16:17 INFO    ] Running training epoch 118
[20250223 21:18:46 INFO    ] train epoch:118 / loss:0.001117 / SRCC:0.9766 / PLCC:0.9825
[20250223 21:18:46 INFO    ] Starting eval...
[20250223 21:18:46 INFO    ] Running testing in epoch 118
[20250223 21:19:02 INFO    ] Epoch:118 ===== loss:0.005109 ===== SRCC:0.9306 ===== PLCC:0.9403
[20250223 21:19:02 INFO    ] Eval done...
[20250223 21:19:02 INFO    ] Epoch 118 done. Time: 2.8min
[20250223 21:19:02 INFO    ] Running training epoch 119
[20250223 21:21:31 INFO    ] train epoch:119 / loss:0.001265 / SRCC:0.9723 / PLCC:0.9802
[20250223 21:21:31 INFO    ] Starting eval...
[20250223 21:21:31 INFO    ] Running testing in epoch 119
[20250223 21:21:47 INFO    ] Epoch:119 ===== loss:0.004283 ===== SRCC:0.9332 ===== PLCC:0.9386
[20250223 21:21:47 INFO    ] Eval done...
[20250223 21:21:47 INFO    ] Epoch 119 done. Time: 2.8min
[20250223 21:21:47 INFO    ] Running training epoch 120
[20250223 21:24:16 INFO    ] train epoch:120 / loss:0.001237 / SRCC:0.9727 / PLCC:0.9806
[20250223 21:24:16 INFO    ] Starting eval...
[20250223 21:24:16 INFO    ] Running testing in epoch 120
[20250223 21:24:32 INFO    ] Epoch:120 ===== loss:0.005565 ===== SRCC:0.9271 ===== PLCC:0.9378
[20250223 21:24:32 INFO    ] Eval done...
[20250223 21:24:32 INFO    ] Epoch 120 done. Time: 2.8min
[20250223 21:24:32 INFO    ] Running training epoch 121
[20250223 21:27:01 INFO    ] train epoch:121 / loss:0.001055 / SRCC:0.9778 / PLCC:0.9835
[20250223 21:27:01 INFO    ] Starting eval...
[20250223 21:27:01 INFO    ] Running testing in epoch 121
[20250223 21:27:18 INFO    ] Epoch:121 ===== loss:0.004934 ===== SRCC:0.9275 ===== PLCC:0.937
[20250223 21:27:18 INFO    ] Eval done...
[20250223 21:27:18 INFO    ] Epoch 121 done. Time: 2.8min
[20250223 21:27:18 INFO    ] Running training epoch 122
[20250223 21:29:46 INFO    ] train epoch:122 / loss:0.001098 / SRCC:0.9763 / PLCC:0.9828
[20250223 21:29:46 INFO    ] Starting eval...
[20250223 21:29:46 INFO    ] Running testing in epoch 122
[20250223 21:30:03 INFO    ] Epoch:122 ===== loss:0.005226 ===== SRCC:0.9089 ===== PLCC:0.9215
[20250223 21:30:03 INFO    ] Eval done...
[20250223 21:30:03 INFO    ] Epoch 122 done. Time: 2.8min
[20250223 21:30:03 INFO    ] Running training epoch 123
[20250223 21:32:31 INFO    ] train epoch:123 / loss:0.001035 / SRCC:0.9783 / PLCC:0.9838
[20250223 21:32:31 INFO    ] Starting eval...
[20250223 21:32:31 INFO    ] Running testing in epoch 123
[20250223 21:32:47 INFO    ] Epoch:123 ===== loss:0.005275 ===== SRCC:0.9268 ===== PLCC:0.9378
[20250223 21:32:47 INFO    ] Eval done...
[20250223 21:32:47 INFO    ] Epoch 123 done. Time: 2.7min
[20250223 21:32:47 INFO    ] Running training epoch 124
[20250223 21:35:16 INFO    ] train epoch:124 / loss:0.001235 / SRCC:0.9724 / PLCC:0.9807
[20250223 21:35:16 INFO    ] Starting eval...
[20250223 21:35:16 INFO    ] Running testing in epoch 124
[20250223 21:35:32 INFO    ] Epoch:124 ===== loss:0.005203 ===== SRCC:0.9213 ===== PLCC:0.9307
[20250223 21:35:32 INFO    ] Eval done...
[20250223 21:35:32 INFO    ] Epoch 124 done. Time: 2.7min
[20250223 21:35:32 INFO    ] Running training epoch 125
[20250223 21:38:01 INFO    ] train epoch:125 / loss:0.001246 / SRCC:0.9735 / PLCC:0.9805
[20250223 21:38:01 INFO    ] Starting eval...
[20250223 21:38:01 INFO    ] Running testing in epoch 125
[20250223 21:38:17 INFO    ] Epoch:125 ===== loss:0.004402 ===== SRCC:0.9315 ===== PLCC:0.9403
[20250223 21:38:17 INFO    ] Eval done...
[20250223 21:38:17 INFO    ] Epoch 125 done. Time: 2.7min
[20250223 21:38:17 INFO    ] Running training epoch 126
[20250223 21:40:46 INFO    ] train epoch:126 / loss:0.001138 / SRCC:0.9763 / PLCC:0.9822
[20250223 21:40:46 INFO    ] Starting eval...
[20250223 21:40:46 INFO    ] Running testing in epoch 126
[20250223 21:41:03 INFO    ] Epoch:126 ===== loss:0.004837 ===== SRCC:0.9362 ===== PLCC:0.9451
[20250223 21:41:03 INFO    ] Eval done...
[20250223 21:41:03 INFO    ] Epoch 126 done. Time: 2.8min
[20250223 21:41:03 INFO    ] Running training epoch 127
[20250223 21:43:32 INFO    ] train epoch:127 / loss:0.001073 / SRCC:0.9765 / PLCC:0.9832
[20250223 21:43:32 INFO    ] Starting eval...
[20250223 21:43:32 INFO    ] Running testing in epoch 127
[20250223 21:43:48 INFO    ] Epoch:127 ===== loss:0.004433 ===== SRCC:0.9364 ===== PLCC:0.9437
[20250223 21:43:49 INFO    ] Eval done...
[20250223 21:43:49 INFO    ] Epoch 127 done. Time: 2.8min
[20250223 21:43:49 INFO    ] Running training epoch 128
[20250223 21:46:17 INFO    ] train epoch:128 / loss:0.001072 / SRCC:0.9764 / PLCC:0.9832
[20250223 21:46:17 INFO    ] Starting eval...
[20250223 21:46:17 INFO    ] Running testing in epoch 128
[20250223 21:46:33 INFO    ] Epoch:128 ===== loss:0.004489 ===== SRCC:0.9255 ===== PLCC:0.935
[20250223 21:46:33 INFO    ] Eval done...
[20250223 21:46:33 INFO    ] Epoch 128 done. Time: 2.7min
[20250223 21:46:33 INFO    ] Running training epoch 129
[20250223 21:49:02 INFO    ] train epoch:129 / loss:0.0008191 / SRCC:0.982 / PLCC:0.9872
[20250223 21:49:02 INFO    ] Starting eval...
[20250223 21:49:02 INFO    ] Running testing in epoch 129
[20250223 21:49:18 INFO    ] Epoch:129 ===== loss:0.004113 ===== SRCC:0.9397 ===== PLCC:0.9452
[20250223 21:49:18 INFO    ] Eval done...
[20250223 21:49:18 INFO    ] Epoch 129 done. Time: 2.8min
[20250223 21:49:18 INFO    ] Running training epoch 130
[20250223 21:51:47 INFO    ] train epoch:130 / loss:0.001038 / SRCC:0.9776 / PLCC:0.9838
[20250223 21:51:47 INFO    ] Starting eval...
[20250223 21:51:47 INFO    ] Running testing in epoch 130
[20250223 21:52:03 INFO    ] Epoch:130 ===== loss:0.004175 ===== SRCC:0.9355 ===== PLCC:0.9429
[20250223 21:52:03 INFO    ] Eval done...
[20250223 21:52:03 INFO    ] Epoch 130 done. Time: 2.8min
[20250223 21:52:03 INFO    ] Running training epoch 131
[20250223 21:54:32 INFO    ] train epoch:131 / loss:0.001273 / SRCC:0.9719 / PLCC:0.98
[20250223 21:54:32 INFO    ] Starting eval...
[20250223 21:54:32 INFO    ] Running testing in epoch 131
[20250223 21:54:48 INFO    ] Epoch:131 ===== loss:0.004424 ===== SRCC:0.9313 ===== PLCC:0.9399
[20250223 21:54:48 INFO    ] Eval done...
[20250223 21:54:48 INFO    ] Epoch 131 done. Time: 2.7min
[20250223 21:54:48 INFO    ] Running training epoch 132
[20250223 21:57:17 INFO    ] train epoch:132 / loss:0.001056 / SRCC:0.9771 / PLCC:0.9835
[20250223 21:57:17 INFO    ] Starting eval...
[20250223 21:57:17 INFO    ] Running testing in epoch 132
[20250223 21:57:33 INFO    ] Epoch:132 ===== loss:0.005255 ===== SRCC:0.9358 ===== PLCC:0.9445
[20250223 21:57:33 INFO    ] Eval done...
[20250223 21:57:33 INFO    ] Epoch 132 done. Time: 2.8min
[20250223 21:57:33 INFO    ] Running training epoch 133
[20250223 22:00:02 INFO    ] train epoch:133 / loss:0.001059 / SRCC:0.9762 / PLCC:0.9834
[20250223 22:00:02 INFO    ] Starting eval...
[20250223 22:00:02 INFO    ] Running testing in epoch 133
[20250223 22:00:18 INFO    ] Epoch:133 ===== loss:0.005658 ===== SRCC:0.9216 ===== PLCC:0.9324
[20250223 22:00:18 INFO    ] Eval done...
[20250223 22:00:18 INFO    ] Epoch 133 done. Time: 2.7min
[20250223 22:00:18 INFO    ] Running training epoch 134
[20250223 22:02:46 INFO    ] train epoch:134 / loss:0.001243 / SRCC:0.9729 / PLCC:0.9805
[20250223 22:02:46 INFO    ] Starting eval...
[20250223 22:02:46 INFO    ] Running testing in epoch 134
[20250223 22:03:03 INFO    ] Epoch:134 ===== loss:0.00513 ===== SRCC:0.9115 ===== PLCC:0.9246
[20250223 22:03:03 INFO    ] Eval done...
[20250223 22:03:03 INFO    ] Epoch 134 done. Time: 2.7min
[20250223 22:03:03 INFO    ] Running training epoch 135
[20250223 22:05:31 INFO    ] train epoch:135 / loss:0.0009405 / SRCC:0.9791 / PLCC:0.9853
[20250223 22:05:31 INFO    ] Starting eval...
[20250223 22:05:31 INFO    ] Running testing in epoch 135
[20250223 22:05:48 INFO    ] Epoch:135 ===== loss:0.004058 ===== SRCC:0.9351 ===== PLCC:0.9443
[20250223 22:05:48 INFO    ] Eval done...
[20250223 22:05:48 INFO    ] Epoch 135 done. Time: 2.7min
[20250223 22:05:48 INFO    ] Running training epoch 136
[20250223 22:08:16 INFO    ] train epoch:136 / loss:0.0009801 / SRCC:0.9789 / PLCC:0.9847
[20250223 22:08:16 INFO    ] Starting eval...
[20250223 22:08:16 INFO    ] Running testing in epoch 136
[20250223 22:08:32 INFO    ] Epoch:136 ===== loss:0.005143 ===== SRCC:0.9261 ===== PLCC:0.9339
[20250223 22:08:32 INFO    ] Eval done...
[20250223 22:08:32 INFO    ] Epoch 136 done. Time: 2.7min
[20250223 22:08:32 INFO    ] Running training epoch 137
[20250223 22:11:00 INFO    ] train epoch:137 / loss:0.00107 / SRCC:0.9771 / PLCC:0.9833
[20250223 22:11:00 INFO    ] Starting eval...
[20250223 22:11:00 INFO    ] Running testing in epoch 137
[20250223 22:11:17 INFO    ] Epoch:137 ===== loss:0.005275 ===== SRCC:0.9182 ===== PLCC:0.932
[20250223 22:11:17 INFO    ] Eval done...
[20250223 22:11:17 INFO    ] Epoch 137 done. Time: 2.7min
[20250223 22:11:17 INFO    ] Running training epoch 138
[20250223 22:13:45 INFO    ] train epoch:138 / loss:0.001171 / SRCC:0.9754 / PLCC:0.9817
[20250223 22:13:45 INFO    ] Starting eval...
[20250223 22:13:45 INFO    ] Running testing in epoch 138
[20250223 22:14:02 INFO    ] Epoch:138 ===== loss:0.005179 ===== SRCC:0.9265 ===== PLCC:0.9356
[20250223 22:14:02 INFO    ] Eval done...
[20250223 22:14:02 INFO    ] Epoch 138 done. Time: 2.8min
[20250223 22:14:02 INFO    ] Running training epoch 139
[20250223 22:16:30 INFO    ] train epoch:139 / loss:0.001161 / SRCC:0.9754 / PLCC:0.9819
[20250223 22:16:30 INFO    ] Starting eval...
[20250223 22:16:30 INFO    ] Running testing in epoch 139
[20250223 22:16:47 INFO    ] Epoch:139 ===== loss:0.006368 ===== SRCC:0.9381 ===== PLCC:0.9454
[20250223 22:16:47 INFO    ] Eval done...
[20250223 22:16:47 INFO    ] Epoch 139 done. Time: 2.7min
[20250223 22:16:47 INFO    ] Running training epoch 140
[20250223 22:19:15 INFO    ] train epoch:140 / loss:0.001463 / SRCC:0.969 / PLCC:0.9771
[20250223 22:19:15 INFO    ] Starting eval...
[20250223 22:19:15 INFO    ] Running testing in epoch 140
[20250223 22:19:32 INFO    ] Epoch:140 ===== loss:0.00357 ===== SRCC:0.9488 ===== PLCC:0.9526
[20250223 22:19:32 INFO    ] Eval done...
[20250223 22:19:32 INFO    ] ======================================================================================
[20250223 22:19:32 INFO    ] ============================== best main score is 1.9014707853426658 =================================
[20250223 22:19:32 INFO    ] ======================================================================================
[20250223 22:19:32 INFO    ] Saving weights and model of epoch140, SRCC:0.9488239621976599, PLCC:0.9526468231450058
[20250223 22:19:32 INFO    ] Epoch 140 done. Time: 2.8min
[20250223 22:19:32 INFO    ] Running training epoch 141
[20250223 22:22:00 INFO    ] train epoch:141 / loss:0.001112 / SRCC:0.9758 / PLCC:0.9826
[20250223 22:22:00 INFO    ] Starting eval...
[20250223 22:22:00 INFO    ] Running testing in epoch 141
[20250223 22:22:17 INFO    ] Epoch:141 ===== loss:0.004536 ===== SRCC:0.9277 ===== PLCC:0.9369
[20250223 22:22:17 INFO    ] Eval done...
[20250223 22:22:17 INFO    ] Epoch 141 done. Time: 2.7min
[20250223 22:22:17 INFO    ] Running training epoch 142
[20250223 22:24:45 INFO    ] train epoch:142 / loss:0.001035 / SRCC:0.9769 / PLCC:0.9838
[20250223 22:24:45 INFO    ] Starting eval...
[20250223 22:24:45 INFO    ] Running testing in epoch 142
[20250223 22:25:01 INFO    ] Epoch:142 ===== loss:0.00415 ===== SRCC:0.9424 ===== PLCC:0.9476
[20250223 22:25:01 INFO    ] Eval done...
[20250223 22:25:01 INFO    ] Epoch 142 done. Time: 2.7min
[20250223 22:25:01 INFO    ] Running training epoch 143
[20250223 22:27:30 INFO    ] train epoch:143 / loss:0.0009938 / SRCC:0.9785 / PLCC:0.9845
[20250223 22:27:30 INFO    ] Starting eval...
[20250223 22:27:30 INFO    ] Running testing in epoch 143
[20250223 22:27:46 INFO    ] Epoch:143 ===== loss:0.004298 ===== SRCC:0.9344 ===== PLCC:0.9417
[20250223 22:27:46 INFO    ] Eval done...
[20250223 22:27:46 INFO    ] Epoch 143 done. Time: 2.8min
[20250223 22:27:46 INFO    ] Running training epoch 144
[20250223 22:30:15 INFO    ] train epoch:144 / loss:0.001009 / SRCC:0.9779 / PLCC:0.9842
[20250223 22:30:15 INFO    ] Starting eval...
[20250223 22:30:15 INFO    ] Running testing in epoch 144
[20250223 22:30:31 INFO    ] Epoch:144 ===== loss:0.005541 ===== SRCC:0.9317 ===== PLCC:0.9391
[20250223 22:30:31 INFO    ] Eval done...
[20250223 22:30:31 INFO    ] Epoch 144 done. Time: 2.7min
[20250223 22:30:31 INFO    ] Running training epoch 145
[20250223 22:32:59 INFO    ] train epoch:145 / loss:0.001087 / SRCC:0.9767 / PLCC:0.983
[20250223 22:32:59 INFO    ] Starting eval...
[20250223 22:32:59 INFO    ] Running testing in epoch 145
[20250223 22:33:16 INFO    ] Epoch:145 ===== loss:0.00596 ===== SRCC:0.9225 ===== PLCC:0.934
[20250223 22:33:16 INFO    ] Eval done...
[20250223 22:33:16 INFO    ] Epoch 145 done. Time: 2.7min
[20250223 22:33:16 INFO    ] Running training epoch 146
[20250223 22:35:44 INFO    ] train epoch:146 / loss:0.001076 / SRCC:0.9769 / PLCC:0.9832
[20250223 22:35:44 INFO    ] Starting eval...
[20250223 22:35:44 INFO    ] Running testing in epoch 146
[20250223 22:36:00 INFO    ] Epoch:146 ===== loss:0.005018 ===== SRCC:0.9297 ===== PLCC:0.9355
[20250223 22:36:00 INFO    ] Eval done...
[20250223 22:36:00 INFO    ] Epoch 146 done. Time: 2.7min
[20250223 22:36:00 INFO    ] Running training epoch 147
[20250223 22:38:28 INFO    ] train epoch:147 / loss:0.001088 / SRCC:0.9774 / PLCC:0.983
[20250223 22:38:28 INFO    ] Starting eval...
[20250223 22:38:28 INFO    ] Running testing in epoch 147
[20250223 22:38:45 INFO    ] Epoch:147 ===== loss:0.004581 ===== SRCC:0.9258 ===== PLCC:0.9372
[20250223 22:38:45 INFO    ] Eval done...
[20250223 22:38:45 INFO    ] Epoch 147 done. Time: 2.7min
[20250223 22:38:45 INFO    ] Running training epoch 148
[20250223 22:41:12 INFO    ] train epoch:148 / loss:0.0009743 / SRCC:0.9795 / PLCC:0.9848
[20250223 22:41:12 INFO    ] Starting eval...
[20250223 22:41:12 INFO    ] Running testing in epoch 148
[20250223 22:41:29 INFO    ] Epoch:148 ===== loss:0.004299 ===== SRCC:0.9359 ===== PLCC:0.9417
[20250223 22:41:29 INFO    ] Eval done...
[20250223 22:41:29 INFO    ] Epoch 148 done. Time: 2.7min
[20250223 22:41:29 INFO    ] Running training epoch 149
[20250223 22:43:57 INFO    ] train epoch:149 / loss:0.001035 / SRCC:0.9781 / PLCC:0.9838
[20250223 22:43:57 INFO    ] Starting eval...
[20250223 22:43:57 INFO    ] Running testing in epoch 149
[20250223 22:44:14 INFO    ] Epoch:149 ===== loss:0.004909 ===== SRCC:0.943 ===== PLCC:0.9487
[20250223 22:44:14 INFO    ] Eval done...
[20250223 22:44:14 INFO    ] Epoch 149 done. Time: 2.7min
[20250223 22:44:14 INFO    ] Running training epoch 150
[20250223 22:46:42 INFO    ] train epoch:150 / loss:0.0008563 / SRCC:0.9806 / PLCC:0.9866
[20250223 22:46:42 INFO    ] Starting eval...
[20250223 22:46:42 INFO    ] Running testing in epoch 150
[20250223 22:46:58 INFO    ] Epoch:150 ===== loss:0.003746 ===== SRCC:0.9439 ===== PLCC:0.9485
[20250223 22:46:58 INFO    ] Eval done...
[20250223 22:46:58 INFO    ] Epoch 150 done. Time: 2.7min
[20250223 22:46:58 INFO    ] Running training epoch 151
[20250223 22:49:25 INFO    ] train epoch:151 / loss:0.001045 / SRCC:0.9775 / PLCC:0.9837
[20250223 22:49:25 INFO    ] Starting eval...
[20250223 22:49:25 INFO    ] Running testing in epoch 151
[20250223 22:49:42 INFO    ] Epoch:151 ===== loss:0.004894 ===== SRCC:0.9277 ===== PLCC:0.9377
[20250223 22:49:42 INFO    ] Eval done...
[20250223 22:49:42 INFO    ] Epoch 151 done. Time: 2.7min
[20250223 22:49:42 INFO    ] Running training epoch 152
[20250223 22:52:10 INFO    ] train epoch:152 / loss:0.001652 / SRCC:0.9647 / PLCC:0.974
[20250223 22:52:10 INFO    ] Starting eval...
[20250223 22:52:10 INFO    ] Running testing in epoch 152
[20250223 22:52:26 INFO    ] Epoch:152 ===== loss:0.004035 ===== SRCC:0.933 ===== PLCC:0.941
[20250223 22:52:26 INFO    ] Eval done...
[20250223 22:52:26 INFO    ] Epoch 152 done. Time: 2.7min
[20250223 22:52:26 INFO    ] Running training epoch 153
[20250223 22:54:54 INFO    ] train epoch:153 / loss:0.001119 / SRCC:0.9767 / PLCC:0.9825
[20250223 22:54:54 INFO    ] Starting eval...
[20250223 22:54:54 INFO    ] Running testing in epoch 153
[20250223 22:55:10 INFO    ] Epoch:153 ===== loss:0.004305 ===== SRCC:0.9322 ===== PLCC:0.9399
[20250223 22:55:10 INFO    ] Eval done...
[20250223 22:55:10 INFO    ] Epoch 153 done. Time: 2.7min
[20250223 22:55:10 INFO    ] Running training epoch 154
[20250223 22:57:38 INFO    ] train epoch:154 / loss:0.00117 / SRCC:0.9748 / PLCC:0.9817
[20250223 22:57:38 INFO    ] Starting eval...
[20250223 22:57:38 INFO    ] Running testing in epoch 154
[20250223 22:57:54 INFO    ] Epoch:154 ===== loss:0.00614 ===== SRCC:0.9235 ===== PLCC:0.9344
[20250223 22:57:54 INFO    ] Eval done...
[20250223 22:57:54 INFO    ] Epoch 154 done. Time: 2.7min
[20250223 22:57:54 INFO    ] Running training epoch 155
[20250223 23:00:22 INFO    ] train epoch:155 / loss:0.001067 / SRCC:0.977 / PLCC:0.9833
[20250223 23:00:22 INFO    ] Starting eval...
[20250223 23:00:22 INFO    ] Running testing in epoch 155
[20250223 23:00:38 INFO    ] Epoch:155 ===== loss:0.004471 ===== SRCC:0.9244 ===== PLCC:0.9345
[20250223 23:00:38 INFO    ] Eval done...
[20250223 23:00:38 INFO    ] Epoch 155 done. Time: 2.7min
[20250223 23:00:38 INFO    ] Running training epoch 156
[20250223 23:03:06 INFO    ] train epoch:156 / loss:0.001133 / SRCC:0.976 / PLCC:0.9823
[20250223 23:03:06 INFO    ] Starting eval...
[20250223 23:03:06 INFO    ] Running testing in epoch 156
[20250223 23:03:22 INFO    ] Epoch:156 ===== loss:0.003973 ===== SRCC:0.9407 ===== PLCC:0.9465
[20250223 23:03:22 INFO    ] Eval done...
[20250223 23:03:22 INFO    ] Epoch 156 done. Time: 2.7min
[20250223 23:03:22 INFO    ] Running training epoch 157
[20250223 23:05:49 INFO    ] train epoch:157 / loss:0.001107 / SRCC:0.9753 / PLCC:0.9827
[20250223 23:05:49 INFO    ] Starting eval...
[20250223 23:05:49 INFO    ] Running testing in epoch 157
[20250223 23:06:06 INFO    ] Epoch:157 ===== loss:0.004421 ===== SRCC:0.9336 ===== PLCC:0.9419
[20250223 23:06:06 INFO    ] Eval done...
[20250223 23:06:06 INFO    ] Epoch 157 done. Time: 2.7min
[20250223 23:06:06 INFO    ] Running training epoch 158
[20250223 23:08:33 INFO    ] train epoch:158 / loss:0.001008 / SRCC:0.9786 / PLCC:0.9842
[20250223 23:08:33 INFO    ] Starting eval...
[20250223 23:08:33 INFO    ] Running testing in epoch 158
[20250223 23:08:50 INFO    ] Epoch:158 ===== loss:0.004433 ===== SRCC:0.9269 ===== PLCC:0.9357
[20250223 23:08:50 INFO    ] Eval done...
[20250223 23:08:50 INFO    ] Epoch 158 done. Time: 2.7min
[20250223 23:08:50 INFO    ] Running training epoch 159
[20250223 23:11:17 INFO    ] train epoch:159 / loss:0.0009685 / SRCC:0.9792 / PLCC:0.9849
[20250223 23:11:17 INFO    ] Starting eval...
[20250223 23:11:17 INFO    ] Running testing in epoch 159
[20250223 23:11:34 INFO    ] Epoch:159 ===== loss:0.004953 ===== SRCC:0.9417 ===== PLCC:0.9455
[20250223 23:11:34 INFO    ] Eval done...
[20250223 23:11:34 INFO    ] Epoch 159 done. Time: 2.7min
[20250223 23:11:34 INFO    ] Running training epoch 160
[20250223 23:14:01 INFO    ] train epoch:160 / loss:0.001034 / SRCC:0.9782 / PLCC:0.9838
[20250223 23:14:01 INFO    ] Starting eval...
[20250223 23:14:01 INFO    ] Running testing in epoch 160
[20250223 23:14:18 INFO    ] Epoch:160 ===== loss:0.005038 ===== SRCC:0.9233 ===== PLCC:0.9321
[20250223 23:14:18 INFO    ] Eval done...
[20250223 23:14:18 INFO    ] Epoch 160 done. Time: 2.7min
[20250223 23:14:18 INFO    ] Running training epoch 161
[20250223 23:16:45 INFO    ] train epoch:161 / loss:0.001124 / SRCC:0.9764 / PLCC:0.9824
[20250223 23:16:45 INFO    ] Starting eval...
[20250223 23:16:45 INFO    ] Running testing in epoch 161
[20250223 23:17:02 INFO    ] Epoch:161 ===== loss:0.003679 ===== SRCC:0.9427 ===== PLCC:0.9502
[20250223 23:17:02 INFO    ] Eval done...
[20250223 23:17:02 INFO    ] Epoch 161 done. Time: 2.7min
[20250223 23:17:02 INFO    ] Running training epoch 162
[20250223 23:19:29 INFO    ] train epoch:162 / loss:0.00107 / SRCC:0.9771 / PLCC:0.9833
[20250223 23:19:29 INFO    ] Starting eval...
[20250223 23:19:29 INFO    ] Running testing in epoch 162
[20250223 23:19:46 INFO    ] Epoch:162 ===== loss:0.003517 ===== SRCC:0.944 ===== PLCC:0.9495
[20250223 23:19:46 INFO    ] Eval done...
[20250223 23:19:46 INFO    ] Epoch 162 done. Time: 2.7min
[20250223 23:19:46 INFO    ] Running training epoch 163
[20250223 23:22:13 INFO    ] train epoch:163 / loss:0.001171 / SRCC:0.9746 / PLCC:0.9817
[20250223 23:22:13 INFO    ] Starting eval...
[20250223 23:22:13 INFO    ] Running testing in epoch 163
[20250223 23:22:30 INFO    ] Epoch:163 ===== loss:0.004483 ===== SRCC:0.9238 ===== PLCC:0.9351
[20250223 23:22:30 INFO    ] Eval done...
[20250223 23:22:30 INFO    ] Epoch 163 done. Time: 2.7min
[20250223 23:22:30 INFO    ] Running training epoch 164
[20250223 23:24:58 INFO    ] train epoch:164 / loss:0.00116 / SRCC:0.975 / PLCC:0.9818
[20250223 23:24:58 INFO    ] Starting eval...
[20250223 23:24:58 INFO    ] Running testing in epoch 164
[20250223 23:25:14 INFO    ] Epoch:164 ===== loss:0.004629 ===== SRCC:0.9286 ===== PLCC:0.9375
[20250223 23:25:14 INFO    ] Eval done...
[20250223 23:25:14 INFO    ] Epoch 164 done. Time: 2.7min
[20250223 23:25:14 INFO    ] Running training epoch 165
[20250223 23:27:41 INFO    ] train epoch:165 / loss:0.001163 / SRCC:0.9744 / PLCC:0.9818
[20250223 23:27:42 INFO    ] Starting eval...
[20250223 23:27:42 INFO    ] Running testing in epoch 165
[20250223 23:27:58 INFO    ] Epoch:165 ===== loss:0.005105 ===== SRCC:0.9251 ===== PLCC:0.9334
[20250223 23:27:58 INFO    ] Eval done...
[20250223 23:27:58 INFO    ] Epoch 165 done. Time: 2.7min
[20250223 23:27:58 INFO    ] Running training epoch 166
[20250223 23:30:26 INFO    ] train epoch:166 / loss:0.000786 / SRCC:0.9832 / PLCC:0.9877
[20250223 23:30:26 INFO    ] Starting eval...
[20250223 23:30:26 INFO    ] Running testing in epoch 166
[20250223 23:30:42 INFO    ] Epoch:166 ===== loss:0.005862 ===== SRCC:0.9202 ===== PLCC:0.9326
[20250223 23:30:42 INFO    ] Eval done...
[20250223 23:30:42 INFO    ] Epoch 166 done. Time: 2.7min
[20250223 23:30:42 INFO    ] Running training epoch 167
[20250223 23:33:10 INFO    ] train epoch:167 / loss:0.001409 / SRCC:0.9701 / PLCC:0.9779
[20250223 23:33:10 INFO    ] Starting eval...
[20250223 23:33:10 INFO    ] Running testing in epoch 167
[20250223 23:33:26 INFO    ] Epoch:167 ===== loss:0.005109 ===== SRCC:0.9312 ===== PLCC:0.9398
[20250223 23:33:26 INFO    ] Eval done...
[20250223 23:33:26 INFO    ] Epoch 167 done. Time: 2.7min
[20250223 23:33:26 INFO    ] Running training epoch 168
[20250223 23:35:54 INFO    ] train epoch:168 / loss:0.0009994 / SRCC:0.9785 / PLCC:0.9844
[20250223 23:35:54 INFO    ] Starting eval...
[20250223 23:35:54 INFO    ] Running testing in epoch 168
[20250223 23:36:10 INFO    ] Epoch:168 ===== loss:0.004553 ===== SRCC:0.9336 ===== PLCC:0.9402
[20250223 23:36:10 INFO    ] Eval done...
[20250223 23:36:10 INFO    ] Epoch 168 done. Time: 2.7min
[20250223 23:36:10 INFO    ] Running training epoch 169
[20250223 23:38:37 INFO    ] train epoch:169 / loss:0.0009089 / SRCC:0.9793 / PLCC:0.9858
[20250223 23:38:37 INFO    ] Starting eval...
[20250223 23:38:37 INFO    ] Running testing in epoch 169
[20250223 23:38:54 INFO    ] Epoch:169 ===== loss:0.004226 ===== SRCC:0.9372 ===== PLCC:0.9425
[20250223 23:38:54 INFO    ] Eval done...
[20250223 23:38:54 INFO    ] Epoch 169 done. Time: 2.7min
[20250223 23:38:54 INFO    ] Running training epoch 170
[20250223 23:41:21 INFO    ] train epoch:170 / loss:0.0008176 / SRCC:0.9818 / PLCC:0.9872
[20250223 23:41:21 INFO    ] Starting eval...
[20250223 23:41:21 INFO    ] Running testing in epoch 170
[20250223 23:41:37 INFO    ] Epoch:170 ===== loss:0.004692 ===== SRCC:0.9374 ===== PLCC:0.9443
[20250223 23:41:37 INFO    ] Eval done...
[20250223 23:41:37 INFO    ] Epoch 170 done. Time: 2.7min
[20250223 23:41:37 INFO    ] Running training epoch 171
[20250223 23:44:05 INFO    ] train epoch:171 / loss:0.001117 / SRCC:0.9756 / PLCC:0.9825
[20250223 23:44:05 INFO    ] Starting eval...
[20250223 23:44:05 INFO    ] Running testing in epoch 171
[20250223 23:44:21 INFO    ] Epoch:171 ===== loss:0.004823 ===== SRCC:0.9286 ===== PLCC:0.9357
[20250223 23:44:21 INFO    ] Eval done...
[20250223 23:44:21 INFO    ] Epoch 171 done. Time: 2.7min
[20250223 23:44:21 INFO    ] Running training epoch 172
[20250223 23:46:48 INFO    ] train epoch:172 / loss:0.0008996 / SRCC:0.9808 / PLCC:0.9859
[20250223 23:46:48 INFO    ] Starting eval...
[20250223 23:46:48 INFO    ] Running testing in epoch 172
[20250223 23:47:05 INFO    ] Epoch:172 ===== loss:0.004416 ===== SRCC:0.938 ===== PLCC:0.9426
[20250223 23:47:05 INFO    ] Eval done...
[20250223 23:47:05 INFO    ] Epoch 172 done. Time: 2.7min
[20250223 23:47:05 INFO    ] Running training epoch 173
[20250223 23:49:32 INFO    ] train epoch:173 / loss:0.001125 / SRCC:0.9763 / PLCC:0.9824
[20250223 23:49:32 INFO    ] Starting eval...
[20250223 23:49:32 INFO    ] Running testing in epoch 173
[20250223 23:49:49 INFO    ] Epoch:173 ===== loss:0.005217 ===== SRCC:0.9175 ===== PLCC:0.9285
[20250223 23:49:49 INFO    ] Eval done...
[20250223 23:49:49 INFO    ] Epoch 173 done. Time: 2.7min
[20250223 23:49:49 INFO    ] Running training epoch 174
[20250223 23:52:16 INFO    ] train epoch:174 / loss:0.001165 / SRCC:0.975 / PLCC:0.9818
[20250223 23:52:16 INFO    ] Starting eval...
[20250223 23:52:16 INFO    ] Running testing in epoch 174
[20250223 23:52:33 INFO    ] Epoch:174 ===== loss:0.006124 ===== SRCC:0.9219 ===== PLCC:0.9303
[20250223 23:52:33 INFO    ] Eval done...
[20250223 23:52:33 INFO    ] Epoch 174 done. Time: 2.7min
[20250223 23:52:33 INFO    ] Running training epoch 175
[20250223 23:55:00 INFO    ] train epoch:175 / loss:0.001242 / SRCC:0.9734 / PLCC:0.9805
[20250223 23:55:00 INFO    ] Starting eval...
[20250223 23:55:00 INFO    ] Running testing in epoch 175
[20250223 23:55:16 INFO    ] Epoch:175 ===== loss:0.004681 ===== SRCC:0.9322 ===== PLCC:0.937
[20250223 23:55:16 INFO    ] Eval done...
[20250223 23:55:16 INFO    ] Epoch 175 done. Time: 2.7min
[20250223 23:55:16 INFO    ] Running training epoch 176
[20250223 23:57:44 INFO    ] train epoch:176 / loss:0.001019 / SRCC:0.9776 / PLCC:0.9841
[20250223 23:57:44 INFO    ] Starting eval...
[20250223 23:57:44 INFO    ] Running testing in epoch 176
[20250223 23:58:00 INFO    ] Epoch:176 ===== loss:0.005197 ===== SRCC:0.9363 ===== PLCC:0.9412
[20250223 23:58:00 INFO    ] Eval done...
[20250223 23:58:00 INFO    ] Epoch 176 done. Time: 2.7min
[20250223 23:58:00 INFO    ] Running training epoch 177
[20250224 00:00:28 INFO    ] train epoch:177 / loss:0.0009761 / SRCC:0.9793 / PLCC:0.9847
[20250224 00:00:28 INFO    ] Starting eval...
[20250224 00:00:28 INFO    ] Running testing in epoch 177
[20250224 00:00:44 INFO    ] Epoch:177 ===== loss:0.005198 ===== SRCC:0.9328 ===== PLCC:0.9418
[20250224 00:00:44 INFO    ] Eval done...
[20250224 00:00:44 INFO    ] Epoch 177 done. Time: 2.7min
[20250224 00:00:44 INFO    ] Running training epoch 178
[20250224 00:03:11 INFO    ] train epoch:178 / loss:0.001074 / SRCC:0.9776 / PLCC:0.9832
[20250224 00:03:11 INFO    ] Starting eval...
[20250224 00:03:11 INFO    ] Running testing in epoch 178
[20250224 00:03:27 INFO    ] Epoch:178 ===== loss:0.004493 ===== SRCC:0.9334 ===== PLCC:0.9403
[20250224 00:03:27 INFO    ] Eval done...
[20250224 00:03:27 INFO    ] Epoch 178 done. Time: 2.7min
[20250224 00:03:27 INFO    ] Running training epoch 179
[20250224 00:05:55 INFO    ] train epoch:179 / loss:0.001136 / SRCC:0.9761 / PLCC:0.9822
[20250224 00:05:55 INFO    ] Starting eval...
[20250224 00:05:55 INFO    ] Running testing in epoch 179
[20250224 00:06:11 INFO    ] Epoch:179 ===== loss:0.004261 ===== SRCC:0.9335 ===== PLCC:0.9423
[20250224 00:06:11 INFO    ] Eval done...
[20250224 00:06:11 INFO    ] Epoch 179 done. Time: 2.7min
[20250224 00:06:11 INFO    ] Running training epoch 180
[20250224 00:08:38 INFO    ] train epoch:180 / loss:0.001178 / SRCC:0.9746 / PLCC:0.9816
[20250224 00:08:38 INFO    ] Starting eval...
[20250224 00:08:38 INFO    ] Running testing in epoch 180
[20250224 00:08:55 INFO    ] Epoch:180 ===== loss:0.004327 ===== SRCC:0.9354 ===== PLCC:0.9425
[20250224 00:08:55 INFO    ] Eval done...
[20250224 00:08:55 INFO    ] Epoch 180 done. Time: 2.7min
[20250224 00:08:55 INFO    ] Running training epoch 181
[20250224 00:11:21 INFO    ] train epoch:181 / loss:0.0008821 / SRCC:0.9805 / PLCC:0.9862
[20250224 00:11:21 INFO    ] Starting eval...
[20250224 00:11:21 INFO    ] Running testing in epoch 181
[20250224 00:11:38 INFO    ] Epoch:181 ===== loss:0.004748 ===== SRCC:0.9397 ===== PLCC:0.9449
[20250224 00:11:38 INFO    ] Eval done...
[20250224 00:11:38 INFO    ] Epoch 181 done. Time: 2.7min
[20250224 00:11:38 INFO    ] Running training epoch 182
[20250224 00:14:05 INFO    ] train epoch:182 / loss:0.000884 / SRCC:0.9816 / PLCC:0.9862
[20250224 00:14:05 INFO    ] Starting eval...
[20250224 00:14:05 INFO    ] Running testing in epoch 182
[20250224 00:14:21 INFO    ] Epoch:182 ===== loss:0.003981 ===== SRCC:0.9429 ===== PLCC:0.9482
[20250224 00:14:21 INFO    ] Eval done...
[20250224 00:14:21 INFO    ] Epoch 182 done. Time: 2.7min
[20250224 00:14:21 INFO    ] Running training epoch 183
[20250224 00:16:48 INFO    ] train epoch:183 / loss:0.001132 / SRCC:0.9761 / PLCC:0.9823
[20250224 00:16:48 INFO    ] Starting eval...
[20250224 00:16:48 INFO    ] Running testing in epoch 183
[20250224 00:17:05 INFO    ] Epoch:183 ===== loss:0.004199 ===== SRCC:0.9304 ===== PLCC:0.9417
[20250224 00:17:05 INFO    ] Eval done...
[20250224 00:17:05 INFO    ] Epoch 183 done. Time: 2.7min
[20250224 00:17:05 INFO    ] Running training epoch 184
[20250224 00:19:32 INFO    ] train epoch:184 / loss:0.0008419 / SRCC:0.9816 / PLCC:0.9869
[20250224 00:19:32 INFO    ] Starting eval...
[20250224 00:19:32 INFO    ] Running testing in epoch 184
[20250224 00:19:48 INFO    ] Epoch:184 ===== loss:0.004907 ===== SRCC:0.9315 ===== PLCC:0.9403
[20250224 00:19:48 INFO    ] Eval done...
[20250224 00:19:48 INFO    ] Epoch 184 done. Time: 2.7min
[20250224 00:19:48 INFO    ] Running training epoch 185
[20250224 00:22:15 INFO    ] train epoch:185 / loss:0.00114 / SRCC:0.9753 / PLCC:0.9822
[20250224 00:22:15 INFO    ] Starting eval...
[20250224 00:22:15 INFO    ] Running testing in epoch 185
[20250224 00:22:32 INFO    ] Epoch:185 ===== loss:0.004823 ===== SRCC:0.9239 ===== PLCC:0.9347
[20250224 00:22:32 INFO    ] Eval done...
[20250224 00:22:32 INFO    ] Epoch 185 done. Time: 2.7min
[20250224 00:22:32 INFO    ] Running training epoch 186
[20250224 00:24:59 INFO    ] train epoch:186 / loss:0.001043 / SRCC:0.9778 / PLCC:0.9837
[20250224 00:24:59 INFO    ] Starting eval...
[20250224 00:24:59 INFO    ] Running testing in epoch 186
[20250224 00:25:15 INFO    ] Epoch:186 ===== loss:0.004494 ===== SRCC:0.9286 ===== PLCC:0.9381
[20250224 00:25:15 INFO    ] Eval done...
[20250224 00:25:15 INFO    ] Epoch 186 done. Time: 2.7min
[20250224 00:25:15 INFO    ] Running training epoch 187
[20250224 00:27:43 INFO    ] train epoch:187 / loss:0.0009047 / SRCC:0.9804 / PLCC:0.9859
[20250224 00:27:43 INFO    ] Starting eval...
[20250224 00:27:43 INFO    ] Running testing in epoch 187
[20250224 00:27:59 INFO    ] Epoch:187 ===== loss:0.005188 ===== SRCC:0.9183 ===== PLCC:0.9268
[20250224 00:27:59 INFO    ] Eval done...
[20250224 00:27:59 INFO    ] Epoch 187 done. Time: 2.7min
[20250224 00:27:59 INFO    ] Running training epoch 188
[20250224 00:30:27 INFO    ] train epoch:188 / loss:0.001123 / SRCC:0.9767 / PLCC:0.9824
[20250224 00:30:27 INFO    ] Starting eval...
[20250224 00:30:27 INFO    ] Running testing in epoch 188
[20250224 00:30:43 INFO    ] Epoch:188 ===== loss:0.004937 ===== SRCC:0.921 ===== PLCC:0.93
[20250224 00:30:43 INFO    ] Eval done...
[20250224 00:30:43 INFO    ] Epoch 188 done. Time: 2.7min
[20250224 00:30:43 INFO    ] Running training epoch 189
[20250224 00:33:10 INFO    ] train epoch:189 / loss:0.001424 / SRCC:0.9708 / PLCC:0.9777
[20250224 00:33:10 INFO    ] Starting eval...
[20250224 00:33:10 INFO    ] Running testing in epoch 189
[20250224 00:33:27 INFO    ] Epoch:189 ===== loss:0.004366 ===== SRCC:0.935 ===== PLCC:0.9417
[20250224 00:33:27 INFO    ] Eval done...
[20250224 00:33:27 INFO    ] Epoch 189 done. Time: 2.7min
[20250224 00:33:27 INFO    ] Running training epoch 190
[20250224 00:35:54 INFO    ] train epoch:190 / loss:0.0009271 / SRCC:0.9807 / PLCC:0.9855
[20250224 00:35:54 INFO    ] Starting eval...
[20250224 00:35:54 INFO    ] Running testing in epoch 190
[20250224 00:36:11 INFO    ] Epoch:190 ===== loss:0.004882 ===== SRCC:0.9264 ===== PLCC:0.9346
[20250224 00:36:11 INFO    ] Eval done...
[20250224 00:36:11 INFO    ] Epoch 190 done. Time: 2.7min
[20250224 00:36:11 INFO    ] Running training epoch 191
[20250224 00:38:38 INFO    ] train epoch:191 / loss:0.001345 / SRCC:0.9708 / PLCC:0.9789
[20250224 00:38:38 INFO    ] Starting eval...
[20250224 00:38:38 INFO    ] Running testing in epoch 191
[20250224 00:38:54 INFO    ] Epoch:191 ===== loss:0.005445 ===== SRCC:0.9298 ===== PLCC:0.9388
[20250224 00:38:54 INFO    ] Eval done...
[20250224 00:38:54 INFO    ] Epoch 191 done. Time: 2.7min
[20250224 00:38:54 INFO    ] Running training epoch 192
[20250224 00:41:22 INFO    ] train epoch:192 / loss:0.001336 / SRCC:0.9705 / PLCC:0.9791
[20250224 00:41:22 INFO    ] Starting eval...
[20250224 00:41:22 INFO    ] Running testing in epoch 192
[20250224 00:41:39 INFO    ] Epoch:192 ===== loss:0.005644 ===== SRCC:0.9357 ===== PLCC:0.9404
[20250224 00:41:39 INFO    ] Eval done...
[20250224 00:41:39 INFO    ] Epoch 192 done. Time: 2.7min
[20250224 00:41:39 INFO    ] Running training epoch 193
[20250224 00:44:06 INFO    ] train epoch:193 / loss:0.0009889 / SRCC:0.9787 / PLCC:0.9845
[20250224 00:44:06 INFO    ] Starting eval...
[20250224 00:44:06 INFO    ] Running testing in epoch 193
[20250224 00:44:22 INFO    ] Epoch:193 ===== loss:0.004578 ===== SRCC:0.9347 ===== PLCC:0.9408
[20250224 00:44:22 INFO    ] Eval done...
[20250224 00:44:22 INFO    ] Epoch 193 done. Time: 2.7min
[20250224 00:44:22 INFO    ] Running training epoch 194
[20250224 00:46:49 INFO    ] train epoch:194 / loss:0.001276 / SRCC:0.9724 / PLCC:0.98
[20250224 00:46:49 INFO    ] Starting eval...
[20250224 00:46:49 INFO    ] Running testing in epoch 194
[20250224 00:47:05 INFO    ] Epoch:194 ===== loss:0.004995 ===== SRCC:0.9222 ===== PLCC:0.9319
[20250224 00:47:05 INFO    ] Eval done...
[20250224 00:47:05 INFO    ] Epoch 194 done. Time: 2.7min
[20250224 00:47:05 INFO    ] Running training epoch 195
[20250224 00:49:33 INFO    ] train epoch:195 / loss:0.0009588 / SRCC:0.9792 / PLCC:0.985
[20250224 00:49:33 INFO    ] Starting eval...
[20250224 00:49:33 INFO    ] Running testing in epoch 195
[20250224 00:49:49 INFO    ] Epoch:195 ===== loss:0.005085 ===== SRCC:0.9154 ===== PLCC:0.9284
[20250224 00:49:49 INFO    ] Eval done...
[20250224 00:49:49 INFO    ] Epoch 195 done. Time: 2.7min
[20250224 00:49:49 INFO    ] Running training epoch 196
[20250224 00:52:16 INFO    ] train epoch:196 / loss:0.0008664 / SRCC:0.982 / PLCC:0.9865
[20250224 00:52:16 INFO    ] Starting eval...
[20250224 00:52:16 INFO    ] Running testing in epoch 196
[20250224 00:52:32 INFO    ] Epoch:196 ===== loss:0.004506 ===== SRCC:0.9286 ===== PLCC:0.9386
[20250224 00:52:32 INFO    ] Eval done...
[20250224 00:52:32 INFO    ] Epoch 196 done. Time: 2.7min
[20250224 00:52:32 INFO    ] Running training epoch 197
[20250224 00:54:59 INFO    ] train epoch:197 / loss:0.0009332 / SRCC:0.9796 / PLCC:0.9854
[20250224 00:54:59 INFO    ] Starting eval...
[20250224 00:54:59 INFO    ] Running testing in epoch 197
[20250224 00:55:15 INFO    ] Epoch:197 ===== loss:0.003844 ===== SRCC:0.9375 ===== PLCC:0.9432
[20250224 00:55:15 INFO    ] Eval done...
[20250224 00:55:15 INFO    ] Epoch 197 done. Time: 2.7min
[20250224 00:55:15 INFO    ] Running training epoch 198
[20250224 00:57:42 INFO    ] train epoch:198 / loss:0.001097 / SRCC:0.9764 / PLCC:0.9829
[20250224 00:57:42 INFO    ] Starting eval...
[20250224 00:57:42 INFO    ] Running testing in epoch 198
[20250224 00:57:58 INFO    ] Epoch:198 ===== loss:0.004283 ===== SRCC:0.9313 ===== PLCC:0.9408
[20250224 00:57:58 INFO    ] Eval done...
[20250224 00:57:58 INFO    ] Epoch 198 done. Time: 2.7min
[20250224 00:57:58 INFO    ] Running training epoch 199
[20250224 01:00:25 INFO    ] train epoch:199 / loss:0.000954 / SRCC:0.9782 / PLCC:0.9851
[20250224 01:00:25 INFO    ] Starting eval...
[20250224 01:00:25 INFO    ] Running testing in epoch 199
[20250224 01:00:41 INFO    ] Epoch:199 ===== loss:0.005328 ===== SRCC:0.9293 ===== PLCC:0.9387
[20250224 01:00:41 INFO    ] Eval done...
[20250224 01:00:41 INFO    ] Epoch 199 done. Time: 2.7min
[20250224 01:00:41 INFO    ] Running training epoch 200
[20250224 01:03:08 INFO    ] train epoch:200 / loss:0.0009263 / SRCC:0.9804 / PLCC:0.9855
[20250224 01:03:08 INFO    ] Starting eval...
[20250224 01:03:08 INFO    ] Running testing in epoch 200
[20250224 01:03:25 INFO    ] Epoch:200 ===== loss:0.004966 ===== SRCC:0.9279 ===== PLCC:0.9324
[20250224 01:03:25 INFO    ] Eval done...
[20250224 01:03:25 INFO    ] Epoch 200 done. Time: 2.7min
