[20250223 15:52:21 INFO    ] {'dataset_name': 'tid2013', 'koniq10k_path': '../all_dataset/KonIQ-10K/1024x768', 'koniq10k_label': './data/koniq10k/koniq10k_label.txt', 'livec_path': '../all_dataset/LIVEC/Images/', 'livec_label': './data/livec/livec_label.txt', 'spaq_path': '../all_dataset/SPAQ/TestImage/', 'spaq_label': './data/spaq/spaq_label.txt', 'tid2013_path': '../all_dataset/tid2013/distorted_images/', 'tid2013_label': 'data/tid2013/tid2013_label.txt', 'kadid10k_path': '../all_dataset/KADID-10K/images/', 'kadid10k_label': './data/kadid10k/kadid10k_label.txt', 'csiq_path': '../all_dataset/CSIQ/dist_imgs/', 'csiq_label': './data/CSIQ/csiq_label.txt', 'batch_size': 12, 'learning_rate': 1e-05, 'weight_decay': 1e-05, 'n_epoch': 200, 'val_freq': 1, 'T_max': 50, 'eta_min': 0, 'num_avg_val': 1, 'num_workers': 8, 'split_seed': 20, 'train_keep_ratio': 1.0, 'val_keep_ratio': 1.0, 'crop_size': 224, 'prob_aug': 0.7, 'patch_size': 8, 'img_size': 224, 'embed_dim': 768, 'dim_mlp': 768, 'num_heads': [4, 4], 'window_size': 4, 'depths': [2, 2], 'num_outputs': 1, 'num_tab': 2, 'scale': 0.8, 'ckpt_path': './output_tid2013_wo_texture/models/tid2013', 'log_path': './output_tid2013_wo_texture/log/tid2013', 'log_file': 'tid2013.log', 'tensorboard_path': './output_tid2013_wo_texture/tid2013'}
[20250223 15:52:21 INFO    ] number of train scenes: 2400
[20250223 15:52:21 INFO    ] number of val scenes: 600
[20250223 15:52:24 INFO    ] #Params : 172.537214 [M]
[20250223 15:52:28 INFO    ] Running training epoch 1
[20250223 15:54:40 INFO    ] train epoch:1 / loss:0.02408 / SRCC:0.6222 / PLCC:0.5896
[20250223 15:54:40 INFO    ] Starting eval...
[20250223 15:54:40 INFO    ] Running testing in epoch 1
[20250223 15:54:55 INFO    ] Epoch:1 ===== loss:0.01117 ===== SRCC:0.8416 ===== PLCC:0.8581
[20250223 15:54:55 INFO    ] Eval done...
[20250223 15:54:55 INFO    ] ======================================================================================
[20250223 15:54:55 INFO    ] ============================== best main score is 1.6996119023161516 =================================
[20250223 15:54:55 INFO    ] ======================================================================================
[20250223 15:54:56 INFO    ] Saving weights and model of epoch1, SRCC:0.8415515784617885, PLCC:0.858060323854363
[20250223 15:54:56 INFO    ] Epoch 1 done. Time: 2.5min
[20250223 15:54:56 INFO    ] Running training epoch 2
[20250223 15:57:07 INFO    ] train epoch:2 / loss:0.007604 / SRCC:0.8461 / PLCC:0.8741
[20250223 15:57:07 INFO    ] Starting eval...
[20250223 15:57:07 INFO    ] Running testing in epoch 2
[20250223 15:57:22 INFO    ] Epoch:2 ===== loss:0.007821 ===== SRCC:0.8569 ===== PLCC:0.8799
[20250223 15:57:22 INFO    ] Eval done...
[20250223 15:57:22 INFO    ] ======================================================================================
[20250223 15:57:22 INFO    ] ============================== best main score is 1.7367209330069708 =================================
[20250223 15:57:22 INFO    ] ======================================================================================
[20250223 15:57:23 INFO    ] Saving weights and model of epoch2, SRCC:0.856864478446982, PLCC:0.879856454559989
[20250223 15:57:23 INFO    ] Epoch 2 done. Time: 2.4min
[20250223 15:57:23 INFO    ] Running training epoch 3
[20250223 15:59:34 INFO    ] train epoch:3 / loss:0.005801 / SRCC:0.8801 / PLCC:0.9056
[20250223 15:59:34 INFO    ] Starting eval...
[20250223 15:59:34 INFO    ] Running testing in epoch 3
[20250223 15:59:49 INFO    ] Epoch:3 ===== loss:0.007293 ===== SRCC:0.8748 ===== PLCC:0.89
[20250223 15:59:49 INFO    ] Eval done...
[20250223 15:59:49 INFO    ] ======================================================================================
[20250223 15:59:49 INFO    ] ============================== best main score is 1.764818789278471 =================================
[20250223 15:59:49 INFO    ] ======================================================================================
[20250223 15:59:50 INFO    ] Saving weights and model of epoch3, SRCC:0.8748079502096053, PLCC:0.8900108390688657
[20250223 15:59:50 INFO    ] Epoch 3 done. Time: 2.5min
[20250223 15:59:50 INFO    ] Running training epoch 4
[20250223 16:02:01 INFO    ] train epoch:4 / loss:0.004657 / SRCC:0.9059 / PLCC:0.925
[20250223 16:02:01 INFO    ] Starting eval...
[20250223 16:02:01 INFO    ] Running testing in epoch 4
[20250223 16:02:16 INFO    ] Epoch:4 ===== loss:0.007283 ===== SRCC:0.894 ===== PLCC:0.9074
[20250223 16:02:16 INFO    ] Eval done...
[20250223 16:02:16 INFO    ] ======================================================================================
[20250223 16:02:16 INFO    ] ============================== best main score is 1.801423439643877 =================================
[20250223 16:02:16 INFO    ] ======================================================================================
[20250223 16:02:17 INFO    ] Saving weights and model of epoch4, SRCC:0.894012596416145, PLCC:0.9074108432277322
[20250223 16:02:17 INFO    ] Epoch 4 done. Time: 2.5min
[20250223 16:02:17 INFO    ] Running training epoch 5
[20250223 16:04:28 INFO    ] train epoch:5 / loss:0.003791 / SRCC:0.9239 / PLCC:0.9393
[20250223 16:04:29 INFO    ] Starting eval...
[20250223 16:04:29 INFO    ] Running testing in epoch 5
[20250223 16:04:44 INFO    ] Epoch:5 ===== loss:0.009568 ===== SRCC:0.8816 ===== PLCC:0.901
[20250223 16:04:44 INFO    ] Eval done...
[20250223 16:04:44 INFO    ] Epoch 5 done. Time: 2.4min
[20250223 16:04:44 INFO    ] Running training epoch 6
[20250223 16:06:55 INFO    ] train epoch:6 / loss:0.003775 / SRCC:0.9225 / PLCC:0.9397
[20250223 16:06:55 INFO    ] Starting eval...
[20250223 16:06:55 INFO    ] Running testing in epoch 6
[20250223 16:07:11 INFO    ] Epoch:6 ===== loss:0.008812 ===== SRCC:0.8819 ===== PLCC:0.8974
[20250223 16:07:11 INFO    ] Eval done...
[20250223 16:07:11 INFO    ] Epoch 6 done. Time: 2.4min
[20250223 16:07:11 INFO    ] Running training epoch 7
[20250223 16:09:22 INFO    ] train epoch:7 / loss:0.003501 / SRCC:0.9278 / PLCC:0.9441
[20250223 16:09:22 INFO    ] Starting eval...
[20250223 16:09:22 INFO    ] Running testing in epoch 7
[20250223 16:09:37 INFO    ] Epoch:7 ===== loss:0.007168 ===== SRCC:0.883 ===== PLCC:0.9018
[20250223 16:09:37 INFO    ] Eval done...
[20250223 16:09:37 INFO    ] Epoch 7 done. Time: 2.4min
[20250223 16:09:37 INFO    ] Running training epoch 8
[20250223 16:11:48 INFO    ] train epoch:8 / loss:0.003159 / SRCC:0.9365 / PLCC:0.9497
[20250223 16:11:48 INFO    ] Starting eval...
[20250223 16:11:48 INFO    ] Running testing in epoch 8
[20250223 16:12:03 INFO    ] Epoch:8 ===== loss:0.0058 ===== SRCC:0.8999 ===== PLCC:0.9132
[20250223 16:12:03 INFO    ] Eval done...
[20250223 16:12:03 INFO    ] ======================================================================================
[20250223 16:12:03 INFO    ] ============================== best main score is 1.8130416295338607 =================================
[20250223 16:12:03 INFO    ] ======================================================================================
[20250223 16:12:04 INFO    ] Saving weights and model of epoch8, SRCC:0.8998625491575537, PLCC:0.9131790803763071
[20250223 16:12:04 INFO    ] Epoch 8 done. Time: 2.5min
[20250223 16:12:04 INFO    ] Running training epoch 9
[20250223 16:14:16 INFO    ] train epoch:9 / loss:0.003224 / SRCC:0.9351 / PLCC:0.9487
[20250223 16:14:16 INFO    ] Starting eval...
[20250223 16:14:16 INFO    ] Running testing in epoch 9
[20250223 16:14:31 INFO    ] Epoch:9 ===== loss:0.009116 ===== SRCC:0.8523 ===== PLCC:0.876
[20250223 16:14:31 INFO    ] Eval done...
[20250223 16:14:31 INFO    ] Epoch 9 done. Time: 2.4min
[20250223 16:14:31 INFO    ] Running training epoch 10
[20250223 16:16:42 INFO    ] train epoch:10 / loss:0.003615 / SRCC:0.9268 / PLCC:0.9423
[20250223 16:16:42 INFO    ] Starting eval...
[20250223 16:16:42 INFO    ] Running testing in epoch 10
[20250223 16:16:57 INFO    ] Epoch:10 ===== loss:0.006927 ===== SRCC:0.9011 ===== PLCC:0.9178
[20250223 16:16:57 INFO    ] Eval done...
[20250223 16:16:57 INFO    ] ======================================================================================
[20250223 16:16:57 INFO    ] ============================== best main score is 1.8188029182478753 =================================
[20250223 16:16:57 INFO    ] ======================================================================================
[20250223 16:16:58 INFO    ] Saving weights and model of epoch10, SRCC:0.9010526953856846, PLCC:0.9177502228621907
[20250223 16:16:58 INFO    ] Epoch 10 done. Time: 2.5min
[20250223 16:16:58 INFO    ] Running training epoch 11
[20250223 16:19:10 INFO    ] train epoch:11 / loss:0.003151 / SRCC:0.9378 / PLCC:0.9499
[20250223 16:19:10 INFO    ] Starting eval...
[20250223 16:19:10 INFO    ] Running testing in epoch 11
[20250223 16:19:25 INFO    ] Epoch:11 ===== loss:0.00705 ===== SRCC:0.891 ===== PLCC:0.9026
[20250223 16:19:25 INFO    ] Eval done...
[20250223 16:19:25 INFO    ] Epoch 11 done. Time: 2.4min
[20250223 16:19:25 INFO    ] Running training epoch 12
[20250223 16:21:36 INFO    ] train epoch:12 / loss:0.003275 / SRCC:0.9329 / PLCC:0.9478
[20250223 16:21:36 INFO    ] Starting eval...
[20250223 16:21:36 INFO    ] Running testing in epoch 12
[20250223 16:21:51 INFO    ] Epoch:12 ===== loss:0.006141 ===== SRCC:0.911 ===== PLCC:0.925
[20250223 16:21:51 INFO    ] Eval done...
[20250223 16:21:51 INFO    ] ======================================================================================
[20250223 16:21:51 INFO    ] ============================== best main score is 1.8360368590702318 =================================
[20250223 16:21:51 INFO    ] ======================================================================================
[20250223 16:21:52 INFO    ] Saving weights and model of epoch12, SRCC:0.9110323958161167, PLCC:0.925004463254115
[20250223 16:21:52 INFO    ] Epoch 12 done. Time: 2.5min
[20250223 16:21:52 INFO    ] Running training epoch 13
[20250223 16:24:03 INFO    ] train epoch:13 / loss:0.002646 / SRCC:0.9445 / PLCC:0.9581
[20250223 16:24:03 INFO    ] Starting eval...
[20250223 16:24:03 INFO    ] Running testing in epoch 13
[20250223 16:24:19 INFO    ] Epoch:13 ===== loss:0.00666 ===== SRCC:0.899 ===== PLCC:0.9109
[20250223 16:24:19 INFO    ] Eval done...
[20250223 16:24:19 INFO    ] Epoch 13 done. Time: 2.4min
[20250223 16:24:19 INFO    ] Running training epoch 14
[20250223 16:26:30 INFO    ] train epoch:14 / loss:0.002782 / SRCC:0.9436 / PLCC:0.9559
[20250223 16:26:30 INFO    ] Starting eval...
[20250223 16:26:30 INFO    ] Running testing in epoch 14
[20250223 16:26:45 INFO    ] Epoch:14 ===== loss:0.004936 ===== SRCC:0.9238 ===== PLCC:0.9293
[20250223 16:26:45 INFO    ] Eval done...
[20250223 16:26:45 INFO    ] ======================================================================================
[20250223 16:26:45 INFO    ] ============================== best main score is 1.8531046420650685 =================================
[20250223 16:26:45 INFO    ] ======================================================================================
[20250223 16:26:46 INFO    ] Saving weights and model of epoch14, SRCC:0.9238019745619255, PLCC:0.929302667503143
[20250223 16:26:46 INFO    ] Epoch 14 done. Time: 2.5min
[20250223 16:26:46 INFO    ] Running training epoch 15
[20250223 16:28:57 INFO    ] train epoch:15 / loss:0.002385 / SRCC:0.9504 / PLCC:0.9623
[20250223 16:28:57 INFO    ] Starting eval...
[20250223 16:28:57 INFO    ] Running testing in epoch 15
[20250223 16:29:13 INFO    ] Epoch:15 ===== loss:0.005894 ===== SRCC:0.9041 ===== PLCC:0.9151
[20250223 16:29:13 INFO    ] Eval done...
[20250223 16:29:13 INFO    ] Epoch 15 done. Time: 2.4min
[20250223 16:29:13 INFO    ] Running training epoch 16
[20250223 16:31:24 INFO    ] train epoch:16 / loss:0.002101 / SRCC:0.9568 / PLCC:0.9669
[20250223 16:31:24 INFO    ] Starting eval...
[20250223 16:31:24 INFO    ] Running testing in epoch 16
[20250223 16:31:39 INFO    ] Epoch:16 ===== loss:0.005157 ===== SRCC:0.9167 ===== PLCC:0.9284
[20250223 16:31:39 INFO    ] Eval done...
[20250223 16:31:39 INFO    ] Epoch 16 done. Time: 2.4min
[20250223 16:31:39 INFO    ] Running training epoch 17
[20250223 16:33:50 INFO    ] train epoch:17 / loss:0.002352 / SRCC:0.9527 / PLCC:0.9629
[20250223 16:33:50 INFO    ] Starting eval...
[20250223 16:33:50 INFO    ] Running testing in epoch 17
[20250223 16:34:06 INFO    ] Epoch:17 ===== loss:0.008597 ===== SRCC:0.8869 ===== PLCC:0.9063
[20250223 16:34:06 INFO    ] Eval done...
[20250223 16:34:06 INFO    ] Epoch 17 done. Time: 2.4min
[20250223 16:34:06 INFO    ] Running training epoch 18
[20250223 16:36:17 INFO    ] train epoch:18 / loss:0.002182 / SRCC:0.9554 / PLCC:0.9656
[20250223 16:36:17 INFO    ] Starting eval...
[20250223 16:36:17 INFO    ] Running testing in epoch 18
[20250223 16:36:32 INFO    ] Epoch:18 ===== loss:0.005395 ===== SRCC:0.9155 ===== PLCC:0.9246
[20250223 16:36:32 INFO    ] Eval done...
[20250223 16:36:32 INFO    ] Epoch 18 done. Time: 2.4min
[20250223 16:36:32 INFO    ] Running training epoch 19
[20250223 16:38:43 INFO    ] train epoch:19 / loss:0.002675 / SRCC:0.9446 / PLCC:0.9576
[20250223 16:38:43 INFO    ] Starting eval...
[20250223 16:38:43 INFO    ] Running testing in epoch 19
[20250223 16:38:58 INFO    ] Epoch:19 ===== loss:0.005362 ===== SRCC:0.9076 ===== PLCC:0.9207
[20250223 16:38:58 INFO    ] Eval done...
[20250223 16:38:58 INFO    ] Epoch 19 done. Time: 2.4min
[20250223 16:38:58 INFO    ] Running training epoch 20
[20250223 16:41:08 INFO    ] train epoch:20 / loss:0.002513 / SRCC:0.9476 / PLCC:0.9602
[20250223 16:41:08 INFO    ] Starting eval...
[20250223 16:41:08 INFO    ] Running testing in epoch 20
[20250223 16:41:23 INFO    ] Epoch:20 ===== loss:0.005727 ===== SRCC:0.9118 ===== PLCC:0.9249
[20250223 16:41:23 INFO    ] Eval done...
[20250223 16:41:23 INFO    ] Epoch 20 done. Time: 2.4min
[20250223 16:41:23 INFO    ] Running training epoch 21
[20250223 16:43:34 INFO    ] train epoch:21 / loss:0.00211 / SRCC:0.9571 / PLCC:0.9667
[20250223 16:43:34 INFO    ] Starting eval...
[20250223 16:43:34 INFO    ] Running testing in epoch 21
[20250223 16:43:49 INFO    ] Epoch:21 ===== loss:0.006851 ===== SRCC:0.9092 ===== PLCC:0.9205
[20250223 16:43:49 INFO    ] Eval done...
[20250223 16:43:49 INFO    ] Epoch 21 done. Time: 2.4min
[20250223 16:43:49 INFO    ] Running training epoch 22
[20250223 16:46:00 INFO    ] train epoch:22 / loss:0.002002 / SRCC:0.9595 / PLCC:0.9684
[20250223 16:46:00 INFO    ] Starting eval...
[20250223 16:46:00 INFO    ] Running testing in epoch 22
[20250223 16:46:15 INFO    ] Epoch:22 ===== loss:0.005917 ===== SRCC:0.9017 ===== PLCC:0.9152
[20250223 16:46:15 INFO    ] Eval done...
[20250223 16:46:15 INFO    ] Epoch 22 done. Time: 2.4min
[20250223 16:46:15 INFO    ] Running training epoch 23
[20250223 16:48:26 INFO    ] train epoch:23 / loss:0.001946 / SRCC:0.9593 / PLCC:0.9694
[20250223 16:48:26 INFO    ] Starting eval...
[20250223 16:48:26 INFO    ] Running testing in epoch 23
[20250223 16:48:41 INFO    ] Epoch:23 ===== loss:0.006826 ===== SRCC:0.9119 ===== PLCC:0.9227
[20250223 16:48:41 INFO    ] Eval done...
[20250223 16:48:41 INFO    ] Epoch 23 done. Time: 2.4min
[20250223 16:48:41 INFO    ] Running training epoch 24
[20250223 16:50:53 INFO    ] train epoch:24 / loss:0.001906 / SRCC:0.9604 / PLCC:0.97
[20250223 16:50:53 INFO    ] Starting eval...
[20250223 16:50:53 INFO    ] Running testing in epoch 24
[20250223 16:51:08 INFO    ] Epoch:24 ===== loss:0.0063 ===== SRCC:0.9149 ===== PLCC:0.9274
[20250223 16:51:08 INFO    ] Eval done...
[20250223 16:51:08 INFO    ] Epoch 24 done. Time: 2.4min
[20250223 16:51:08 INFO    ] Running training epoch 25
[20250223 16:53:19 INFO    ] train epoch:25 / loss:0.00181 / SRCC:0.9614 / PLCC:0.9715
[20250223 16:53:19 INFO    ] Starting eval...
[20250223 16:53:19 INFO    ] Running testing in epoch 25
[20250223 16:53:34 INFO    ] Epoch:25 ===== loss:0.006109 ===== SRCC:0.8971 ===== PLCC:0.9148
[20250223 16:53:34 INFO    ] Eval done...
[20250223 16:53:34 INFO    ] Epoch 25 done. Time: 2.4min
[20250223 16:53:34 INFO    ] Running training epoch 26
[20250223 16:55:45 INFO    ] train epoch:26 / loss:0.001946 / SRCC:0.9592 / PLCC:0.9693
[20250223 16:55:45 INFO    ] Starting eval...
[20250223 16:55:45 INFO    ] Running testing in epoch 26
[20250223 16:56:01 INFO    ] Epoch:26 ===== loss:0.004274 ===== SRCC:0.9259 ===== PLCC:0.9375
[20250223 16:56:01 INFO    ] Eval done...
[20250223 16:56:01 INFO    ] ======================================================================================
[20250223 16:56:01 INFO    ] ============================== best main score is 1.8634310383949853 =================================
[20250223 16:56:01 INFO    ] ======================================================================================
[20250223 16:56:01 INFO    ] Saving weights and model of epoch26, SRCC:0.9259351543832135, PLCC:0.9374958840117716
[20250223 16:56:01 INFO    ] Epoch 26 done. Time: 2.5min
[20250223 16:56:01 INFO    ] Running training epoch 27
[20250223 16:58:12 INFO    ] train epoch:27 / loss:0.001642 / SRCC:0.9657 / PLCC:0.9742
[20250223 16:58:12 INFO    ] Starting eval...
[20250223 16:58:12 INFO    ] Running testing in epoch 27
[20250223 16:58:27 INFO    ] Epoch:27 ===== loss:0.005493 ===== SRCC:0.9052 ===== PLCC:0.9207
[20250223 16:58:27 INFO    ] Eval done...
[20250223 16:58:27 INFO    ] Epoch 27 done. Time: 2.4min
[20250223 16:58:27 INFO    ] Running training epoch 28
[20250223 17:00:38 INFO    ] train epoch:28 / loss:0.001781 / SRCC:0.9626 / PLCC:0.972
[20250223 17:00:38 INFO    ] Starting eval...
[20250223 17:00:38 INFO    ] Running testing in epoch 28
[20250223 17:00:53 INFO    ] Epoch:28 ===== loss:0.005696 ===== SRCC:0.9196 ===== PLCC:0.9316
[20250223 17:00:53 INFO    ] Eval done...
[20250223 17:00:53 INFO    ] Epoch 28 done. Time: 2.4min
[20250223 17:00:53 INFO    ] Running training epoch 29
[20250223 17:03:04 INFO    ] train epoch:29 / loss:0.00184 / SRCC:0.9613 / PLCC:0.971
[20250223 17:03:04 INFO    ] Starting eval...
[20250223 17:03:04 INFO    ] Running testing in epoch 29
[20250223 17:03:19 INFO    ] Epoch:29 ===== loss:0.005291 ===== SRCC:0.9204 ===== PLCC:0.9257
[20250223 17:03:19 INFO    ] Eval done...
[20250223 17:03:19 INFO    ] Epoch 29 done. Time: 2.4min
[20250223 17:03:19 INFO    ] Running training epoch 30
[20250223 17:05:30 INFO    ] train epoch:30 / loss:0.002124 / SRCC:0.9551 / PLCC:0.9665
[20250223 17:05:30 INFO    ] Starting eval...
[20250223 17:05:30 INFO    ] Running testing in epoch 30
[20250223 17:05:46 INFO    ] Epoch:30 ===== loss:0.006018 ===== SRCC:0.908 ===== PLCC:0.9214
[20250223 17:05:46 INFO    ] Eval done...
[20250223 17:05:46 INFO    ] Epoch 30 done. Time: 2.4min
[20250223 17:05:46 INFO    ] Running training epoch 31
[20250223 17:07:57 INFO    ] train epoch:31 / loss:0.001612 / SRCC:0.9664 / PLCC:0.9747
[20250223 17:07:57 INFO    ] Starting eval...
[20250223 17:07:57 INFO    ] Running testing in epoch 31
[20250223 17:08:12 INFO    ] Epoch:31 ===== loss:0.005232 ===== SRCC:0.9201 ===== PLCC:0.9281
[20250223 17:08:12 INFO    ] Eval done...
[20250223 17:08:12 INFO    ] Epoch 31 done. Time: 2.4min
[20250223 17:08:12 INFO    ] Running training epoch 32
[20250223 17:10:24 INFO    ] train epoch:32 / loss:0.001582 / SRCC:0.9667 / PLCC:0.9752
[20250223 17:10:24 INFO    ] Starting eval...
[20250223 17:10:24 INFO    ] Running testing in epoch 32
[20250223 17:10:39 INFO    ] Epoch:32 ===== loss:0.005688 ===== SRCC:0.9037 ===== PLCC:0.9172
[20250223 17:10:39 INFO    ] Eval done...
[20250223 17:10:39 INFO    ] Epoch 32 done. Time: 2.4min
[20250223 17:10:39 INFO    ] Running training epoch 33
[20250223 17:12:50 INFO    ] train epoch:33 / loss:0.00183 / SRCC:0.9616 / PLCC:0.9712
[20250223 17:12:50 INFO    ] Starting eval...
[20250223 17:12:50 INFO    ] Running testing in epoch 33
[20250223 17:13:06 INFO    ] Epoch:33 ===== loss:0.005187 ===== SRCC:0.915 ===== PLCC:0.9259
[20250223 17:13:06 INFO    ] Eval done...
[20250223 17:13:06 INFO    ] Epoch 33 done. Time: 2.4min
[20250223 17:13:06 INFO    ] Running training epoch 34
[20250223 17:15:17 INFO    ] train epoch:34 / loss:0.001555 / SRCC:0.9687 / PLCC:0.9756
[20250223 17:15:17 INFO    ] Starting eval...
[20250223 17:15:17 INFO    ] Running testing in epoch 34
[20250223 17:15:32 INFO    ] Epoch:34 ===== loss:0.007094 ===== SRCC:0.9065 ===== PLCC:0.9177
[20250223 17:15:32 INFO    ] Eval done...
[20250223 17:15:32 INFO    ] Epoch 34 done. Time: 2.4min
[20250223 17:15:32 INFO    ] Running training epoch 35
[20250223 17:17:44 INFO    ] train epoch:35 / loss:0.001643 / SRCC:0.9647 / PLCC:0.9742
[20250223 17:17:44 INFO    ] Starting eval...
[20250223 17:17:44 INFO    ] Running testing in epoch 35
[20250223 17:17:59 INFO    ] Epoch:35 ===== loss:0.004615 ===== SRCC:0.9242 ===== PLCC:0.9347
[20250223 17:17:59 INFO    ] Eval done...
[20250223 17:17:59 INFO    ] Epoch 35 done. Time: 2.4min
[20250223 17:17:59 INFO    ] Running training epoch 36
[20250223 17:20:11 INFO    ] train epoch:36 / loss:0.001382 / SRCC:0.9711 / PLCC:0.9783
[20250223 17:20:11 INFO    ] Starting eval...
[20250223 17:20:11 INFO    ] Running testing in epoch 36
[20250223 17:20:26 INFO    ] Epoch:36 ===== loss:0.004759 ===== SRCC:0.9324 ===== PLCC:0.9407
[20250223 17:20:26 INFO    ] Eval done...
[20250223 17:20:26 INFO    ] ======================================================================================
[20250223 17:20:26 INFO    ] ============================== best main score is 1.8731790301771811 =================================
[20250223 17:20:26 INFO    ] ======================================================================================
[20250223 17:20:27 INFO    ] Saving weights and model of epoch36, SRCC:0.9324457223095308, PLCC:0.9407333078676504
[20250223 17:20:27 INFO    ] Epoch 36 done. Time: 2.5min
[20250223 17:20:27 INFO    ] Running training epoch 37
[20250223 17:22:39 INFO    ] train epoch:37 / loss:0.001801 / SRCC:0.962 / PLCC:0.9717
[20250223 17:22:39 INFO    ] Starting eval...
[20250223 17:22:39 INFO    ] Running testing in epoch 37
[20250223 17:22:54 INFO    ] Epoch:37 ===== loss:0.007296 ===== SRCC:0.9217 ===== PLCC:0.9303
[20250223 17:22:54 INFO    ] Eval done...
[20250223 17:22:54 INFO    ] Epoch 37 done. Time: 2.5min
[20250223 17:22:54 INFO    ] Running training epoch 38
[20250223 17:25:06 INFO    ] train epoch:38 / loss:0.001869 / SRCC:0.9604 / PLCC:0.9706
[20250223 17:25:06 INFO    ] Starting eval...
[20250223 17:25:06 INFO    ] Running testing in epoch 38
[20250223 17:25:21 INFO    ] Epoch:38 ===== loss:0.005278 ===== SRCC:0.9149 ===== PLCC:0.9264
[20250223 17:25:21 INFO    ] Eval done...
[20250223 17:25:21 INFO    ] Epoch 38 done. Time: 2.4min
[20250223 17:25:21 INFO    ] Running training epoch 39
[20250223 17:27:33 INFO    ] train epoch:39 / loss:0.001556 / SRCC:0.9682 / PLCC:0.9756
[20250223 17:27:33 INFO    ] Starting eval...
[20250223 17:27:33 INFO    ] Running testing in epoch 39
[20250223 17:27:48 INFO    ] Epoch:39 ===== loss:0.005768 ===== SRCC:0.9177 ===== PLCC:0.9278
[20250223 17:27:48 INFO    ] Eval done...
[20250223 17:27:48 INFO    ] Epoch 39 done. Time: 2.5min
[20250223 17:27:48 INFO    ] Running training epoch 40
[20250223 17:30:00 INFO    ] train epoch:40 / loss:0.001631 / SRCC:0.9659 / PLCC:0.9744
[20250223 17:30:00 INFO    ] Starting eval...
[20250223 17:30:00 INFO    ] Running testing in epoch 40
[20250223 17:30:15 INFO    ] Epoch:40 ===== loss:0.004645 ===== SRCC:0.9237 ===== PLCC:0.9344
[20250223 17:30:15 INFO    ] Eval done...
[20250223 17:30:15 INFO    ] Epoch 40 done. Time: 2.5min
[20250223 17:30:15 INFO    ] Running training epoch 41
[20250223 17:32:28 INFO    ] train epoch:41 / loss:0.00195 / SRCC:0.9579 / PLCC:0.9693
[20250223 17:32:28 INFO    ] Starting eval...
[20250223 17:32:28 INFO    ] Running testing in epoch 41
[20250223 17:32:43 INFO    ] Epoch:41 ===== loss:0.0044 ===== SRCC:0.9283 ===== PLCC:0.9377
[20250223 17:32:43 INFO    ] Eval done...
[20250223 17:32:43 INFO    ] Epoch 41 done. Time: 2.5min
[20250223 17:32:43 INFO    ] Running training epoch 42
[20250223 17:34:55 INFO    ] train epoch:42 / loss:0.001593 / SRCC:0.9666 / PLCC:0.975
[20250223 17:34:55 INFO    ] Starting eval...
[20250223 17:34:55 INFO    ] Running testing in epoch 42
[20250223 17:35:11 INFO    ] Epoch:42 ===== loss:0.004474 ===== SRCC:0.9366 ===== PLCC:0.9404
[20250223 17:35:11 INFO    ] Eval done...
[20250223 17:35:11 INFO    ] ======================================================================================
[20250223 17:35:11 INFO    ] ============================== best main score is 1.8769099074533218 =================================
[20250223 17:35:11 INFO    ] ======================================================================================
[20250223 17:35:12 INFO    ] Saving weights and model of epoch42, SRCC:0.9365549420941875, PLCC:0.9403549653591343
[20250223 17:35:12 INFO    ] Epoch 42 done. Time: 2.5min
[20250223 17:35:12 INFO    ] Running training epoch 43
[20250223 17:37:24 INFO    ] train epoch:43 / loss:0.001578 / SRCC:0.9658 / PLCC:0.9752
[20250223 17:37:24 INFO    ] Starting eval...
[20250223 17:37:24 INFO    ] Running testing in epoch 43
[20250223 17:37:40 INFO    ] Epoch:43 ===== loss:0.004987 ===== SRCC:0.9228 ===== PLCC:0.9343
[20250223 17:37:40 INFO    ] Eval done...
[20250223 17:37:40 INFO    ] Epoch 43 done. Time: 2.5min
[20250223 17:37:40 INFO    ] Running training epoch 44
[20250223 17:39:51 INFO    ] train epoch:44 / loss:0.001416 / SRCC:0.9694 / PLCC:0.9778
[20250223 17:39:51 INFO    ] Starting eval...
[20250223 17:39:51 INFO    ] Running testing in epoch 44
[20250223 17:40:06 INFO    ] Epoch:44 ===== loss:0.006442 ===== SRCC:0.9066 ===== PLCC:0.9231
[20250223 17:40:06 INFO    ] Eval done...
[20250223 17:40:06 INFO    ] Epoch 44 done. Time: 2.4min
[20250223 17:40:06 INFO    ] Running training epoch 45
[20250223 17:42:17 INFO    ] train epoch:45 / loss:0.001629 / SRCC:0.9659 / PLCC:0.9744
[20250223 17:42:17 INFO    ] Starting eval...
[20250223 17:42:17 INFO    ] Running testing in epoch 45
[20250223 17:42:33 INFO    ] Epoch:45 ===== loss:0.004925 ===== SRCC:0.9287 ===== PLCC:0.9377
[20250223 17:42:33 INFO    ] Eval done...
[20250223 17:42:33 INFO    ] Epoch 45 done. Time: 2.4min
[20250223 17:42:33 INFO    ] Running training epoch 46
[20250223 17:44:43 INFO    ] train epoch:46 / loss:0.001627 / SRCC:0.9657 / PLCC:0.9744
[20250223 17:44:43 INFO    ] Starting eval...
[20250223 17:44:43 INFO    ] Running testing in epoch 46
[20250223 17:44:59 INFO    ] Epoch:46 ===== loss:0.0049 ===== SRCC:0.9369 ===== PLCC:0.9431
[20250223 17:44:59 INFO    ] Eval done...
[20250223 17:44:59 INFO    ] ======================================================================================
[20250223 17:44:59 INFO    ] ============================== best main score is 1.8800951653972877 =================================
[20250223 17:44:59 INFO    ] ======================================================================================
[20250223 17:44:59 INFO    ] Saving weights and model of epoch46, SRCC:0.9369453611684407, PLCC:0.9431498042288469
[20250223 17:44:59 INFO    ] Epoch 46 done. Time: 2.4min
[20250223 17:44:59 INFO    ] Running training epoch 47
[20250223 17:47:11 INFO    ] train epoch:47 / loss:0.001411 / SRCC:0.9705 / PLCC:0.9779
[20250223 17:47:11 INFO    ] Starting eval...
[20250223 17:47:11 INFO    ] Running testing in epoch 47
[20250223 17:47:26 INFO    ] Epoch:47 ===== loss:0.006236 ===== SRCC:0.9057 ===== PLCC:0.9196
[20250223 17:47:26 INFO    ] Eval done...
[20250223 17:47:26 INFO    ] Epoch 47 done. Time: 2.4min
[20250223 17:47:26 INFO    ] Running training epoch 48
[20250223 17:49:37 INFO    ] train epoch:48 / loss:0.001383 / SRCC:0.9707 / PLCC:0.9783
[20250223 17:49:37 INFO    ] Starting eval...
[20250223 17:49:37 INFO    ] Running testing in epoch 48
[20250223 17:49:52 INFO    ] Epoch:48 ===== loss:0.00527 ===== SRCC:0.9329 ===== PLCC:0.94
[20250223 17:49:52 INFO    ] Eval done...
[20250223 17:49:52 INFO    ] Epoch 48 done. Time: 2.4min
[20250223 17:49:52 INFO    ] Running training epoch 49
[20250223 17:52:03 INFO    ] train epoch:49 / loss:0.001404 / SRCC:0.9693 / PLCC:0.978
[20250223 17:52:03 INFO    ] Starting eval...
[20250223 17:52:03 INFO    ] Running testing in epoch 49
[20250223 17:52:18 INFO    ] Epoch:49 ===== loss:0.003518 ===== SRCC:0.9432 ===== PLCC:0.9493
[20250223 17:52:18 INFO    ] Eval done...
[20250223 17:52:18 INFO    ] ======================================================================================
[20250223 17:52:18 INFO    ] ============================== best main score is 1.8925501138008771 =================================
[20250223 17:52:18 INFO    ] ======================================================================================
[20250223 17:52:19 INFO    ] Saving weights and model of epoch49, SRCC:0.9432085664582426, PLCC:0.9493415473426345
[20250223 17:52:19 INFO    ] Epoch 49 done. Time: 2.5min
[20250223 17:52:19 INFO    ] Running training epoch 50
[20250223 17:54:30 INFO    ] train epoch:50 / loss:0.001323 / SRCC:0.9717 / PLCC:0.9793
[20250223 17:54:30 INFO    ] Starting eval...
[20250223 17:54:30 INFO    ] Running testing in epoch 50
[20250223 17:54:45 INFO    ] Epoch:50 ===== loss:0.005235 ===== SRCC:0.9147 ===== PLCC:0.9258
[20250223 17:54:45 INFO    ] Eval done...
[20250223 17:54:45 INFO    ] Epoch 50 done. Time: 2.4min
[20250223 17:54:45 INFO    ] Running training epoch 51
[20250223 17:56:56 INFO    ] train epoch:51 / loss:0.001528 / SRCC:0.9671 / PLCC:0.976
[20250223 17:56:56 INFO    ] Starting eval...
[20250223 17:56:56 INFO    ] Running testing in epoch 51
[20250223 17:57:12 INFO    ] Epoch:51 ===== loss:0.004386 ===== SRCC:0.9275 ===== PLCC:0.9359
[20250223 17:57:12 INFO    ] Eval done...
[20250223 17:57:12 INFO    ] Epoch 51 done. Time: 2.4min
[20250223 17:57:12 INFO    ] Running training epoch 52
[20250223 17:59:23 INFO    ] train epoch:52 / loss:0.001469 / SRCC:0.9684 / PLCC:0.977
[20250223 17:59:23 INFO    ] Starting eval...
[20250223 17:59:23 INFO    ] Running testing in epoch 52
[20250223 17:59:38 INFO    ] Epoch:52 ===== loss:0.005535 ===== SRCC:0.9164 ===== PLCC:0.9299
[20250223 17:59:38 INFO    ] Eval done...
[20250223 17:59:38 INFO    ] Epoch 52 done. Time: 2.4min
[20250223 17:59:38 INFO    ] Running training epoch 53
[20250223 18:01:49 INFO    ] train epoch:53 / loss:0.001368 / SRCC:0.9703 / PLCC:0.9785
[20250223 18:01:49 INFO    ] Starting eval...
[20250223 18:01:49 INFO    ] Running testing in epoch 53
[20250223 18:02:04 INFO    ] Epoch:53 ===== loss:0.007062 ===== SRCC:0.9283 ===== PLCC:0.9395
[20250223 18:02:04 INFO    ] Eval done...
[20250223 18:02:04 INFO    ] Epoch 53 done. Time: 2.4min
[20250223 18:02:04 INFO    ] Running training epoch 54
[20250223 18:04:15 INFO    ] train epoch:54 / loss:0.001686 / SRCC:0.9647 / PLCC:0.9735
[20250223 18:04:15 INFO    ] Starting eval...
[20250223 18:04:15 INFO    ] Running testing in epoch 54
[20250223 18:04:30 INFO    ] Epoch:54 ===== loss:0.004167 ===== SRCC:0.9403 ===== PLCC:0.9471
[20250223 18:04:30 INFO    ] Eval done...
[20250223 18:04:30 INFO    ] Epoch 54 done. Time: 2.4min
[20250223 18:04:30 INFO    ] Running training epoch 55
[20250223 18:06:41 INFO    ] train epoch:55 / loss:0.001381 / SRCC:0.9711 / PLCC:0.9783
[20250223 18:06:41 INFO    ] Starting eval...
[20250223 18:06:41 INFO    ] Running testing in epoch 55
[20250223 18:06:56 INFO    ] Epoch:55 ===== loss:0.004861 ===== SRCC:0.9253 ===== PLCC:0.934
[20250223 18:06:56 INFO    ] Eval done...
[20250223 18:06:56 INFO    ] Epoch 55 done. Time: 2.4min
[20250223 18:06:56 INFO    ] Running training epoch 56
[20250223 18:09:08 INFO    ] train epoch:56 / loss:0.001533 / SRCC:0.9677 / PLCC:0.9759
[20250223 18:09:08 INFO    ] Starting eval...
[20250223 18:09:08 INFO    ] Running testing in epoch 56
[20250223 18:09:23 INFO    ] Epoch:56 ===== loss:0.007555 ===== SRCC:0.9194 ===== PLCC:0.9291
[20250223 18:09:23 INFO    ] Eval done...
[20250223 18:09:23 INFO    ] Epoch 56 done. Time: 2.4min
[20250223 18:09:23 INFO    ] Running training epoch 57
[20250223 18:11:34 INFO    ] train epoch:57 / loss:0.001517 / SRCC:0.9683 / PLCC:0.9762
[20250223 18:11:34 INFO    ] Starting eval...
[20250223 18:11:34 INFO    ] Running testing in epoch 57
[20250223 18:11:49 INFO    ] Epoch:57 ===== loss:0.005032 ===== SRCC:0.9223 ===== PLCC:0.932
[20250223 18:11:49 INFO    ] Eval done...
[20250223 18:11:49 INFO    ] Epoch 57 done. Time: 2.4min
[20250223 18:11:49 INFO    ] Running training epoch 58
[20250223 18:14:01 INFO    ] train epoch:58 / loss:0.001234 / SRCC:0.9741 / PLCC:0.9807
[20250223 18:14:01 INFO    ] Starting eval...
[20250223 18:14:01 INFO    ] Running testing in epoch 58
[20250223 18:14:16 INFO    ] Epoch:58 ===== loss:0.004404 ===== SRCC:0.9334 ===== PLCC:0.9387
[20250223 18:14:16 INFO    ] Eval done...
[20250223 18:14:16 INFO    ] Epoch 58 done. Time: 2.4min
[20250223 18:14:16 INFO    ] Running training epoch 59
[20250223 18:16:26 INFO    ] train epoch:59 / loss:0.001445 / SRCC:0.969 / PLCC:0.9773
[20250223 18:16:26 INFO    ] Starting eval...
[20250223 18:16:26 INFO    ] Running testing in epoch 59
[20250223 18:16:42 INFO    ] Epoch:59 ===== loss:0.005694 ===== SRCC:0.9209 ===== PLCC:0.9315
[20250223 18:16:42 INFO    ] Eval done...
[20250223 18:16:42 INFO    ] Epoch 59 done. Time: 2.4min
[20250223 18:16:42 INFO    ] Running training epoch 60
[20250223 18:18:53 INFO    ] train epoch:60 / loss:0.001336 / SRCC:0.9717 / PLCC:0.9791
[20250223 18:18:53 INFO    ] Starting eval...
[20250223 18:18:53 INFO    ] Running testing in epoch 60
[20250223 18:19:08 INFO    ] Epoch:60 ===== loss:0.005636 ===== SRCC:0.9143 ===== PLCC:0.9264
[20250223 18:19:08 INFO    ] Eval done...
[20250223 18:19:08 INFO    ] Epoch 60 done. Time: 2.4min
[20250223 18:19:08 INFO    ] Running training epoch 61
[20250223 18:21:18 INFO    ] train epoch:61 / loss:0.001416 / SRCC:0.9694 / PLCC:0.9778
[20250223 18:21:18 INFO    ] Starting eval...
[20250223 18:21:18 INFO    ] Running testing in epoch 61
[20250223 18:21:33 INFO    ] Epoch:61 ===== loss:0.004643 ===== SRCC:0.9238 ===== PLCC:0.9331
[20250223 18:21:33 INFO    ] Eval done...
[20250223 18:21:33 INFO    ] Epoch 61 done. Time: 2.4min
[20250223 18:21:33 INFO    ] Running training epoch 62
[20250223 18:23:44 INFO    ] train epoch:62 / loss:0.00141 / SRCC:0.9695 / PLCC:0.9779
[20250223 18:23:44 INFO    ] Starting eval...
[20250223 18:23:44 INFO    ] Running testing in epoch 62
[20250223 18:23:59 INFO    ] Epoch:62 ===== loss:0.004894 ===== SRCC:0.9209 ===== PLCC:0.9312
[20250223 18:23:59 INFO    ] Eval done...
[20250223 18:23:59 INFO    ] Epoch 62 done. Time: 2.4min
[20250223 18:23:59 INFO    ] Running training epoch 63
[20250223 18:26:10 INFO    ] train epoch:63 / loss:0.001351 / SRCC:0.9721 / PLCC:0.9788
[20250223 18:26:10 INFO    ] Starting eval...
[20250223 18:26:10 INFO    ] Running testing in epoch 63
[20250223 18:26:25 INFO    ] Epoch:63 ===== loss:0.003796 ===== SRCC:0.947 ===== PLCC:0.9518
[20250223 18:26:25 INFO    ] Eval done...
[20250223 18:26:25 INFO    ] ======================================================================================
[20250223 18:26:25 INFO    ] ============================== best main score is 1.8987468029897936 =================================
[20250223 18:26:25 INFO    ] ======================================================================================
[20250223 18:26:25 INFO    ] Saving weights and model of epoch63, SRCC:0.946961284044467, PLCC:0.9517855189453266
[20250223 18:26:25 INFO    ] Epoch 63 done. Time: 2.4min
[20250223 18:26:25 INFO    ] Running training epoch 64
[20250223 18:28:36 INFO    ] train epoch:64 / loss:0.00141 / SRCC:0.9707 / PLCC:0.9779
[20250223 18:28:37 INFO    ] Starting eval...
[20250223 18:28:37 INFO    ] Running testing in epoch 64
[20250223 18:28:52 INFO    ] Epoch:64 ===== loss:0.004449 ===== SRCC:0.9231 ===== PLCC:0.9346
[20250223 18:28:52 INFO    ] Eval done...
[20250223 18:28:52 INFO    ] Epoch 64 done. Time: 2.4min
[20250223 18:28:52 INFO    ] Running training epoch 65
[20250223 18:31:03 INFO    ] train epoch:65 / loss:0.00132 / SRCC:0.9723 / PLCC:0.9793
[20250223 18:31:03 INFO    ] Starting eval...
[20250223 18:31:03 INFO    ] Running testing in epoch 65
[20250223 18:31:18 INFO    ] Epoch:65 ===== loss:0.004015 ===== SRCC:0.9311 ===== PLCC:0.9407
[20250223 18:31:18 INFO    ] Eval done...
[20250223 18:31:18 INFO    ] Epoch 65 done. Time: 2.4min
[20250223 18:31:18 INFO    ] Running training epoch 66
[20250223 18:33:29 INFO    ] train epoch:66 / loss:0.001208 / SRCC:0.9744 / PLCC:0.9811
[20250223 18:33:29 INFO    ] Starting eval...
[20250223 18:33:29 INFO    ] Running testing in epoch 66
[20250223 18:33:44 INFO    ] Epoch:66 ===== loss:0.004799 ===== SRCC:0.9243 ===== PLCC:0.9347
[20250223 18:33:44 INFO    ] Eval done...
[20250223 18:33:44 INFO    ] Epoch 66 done. Time: 2.4min
[20250223 18:33:44 INFO    ] Running training epoch 67
[20250223 18:35:54 INFO    ] train epoch:67 / loss:0.001339 / SRCC:0.9715 / PLCC:0.979
[20250223 18:35:54 INFO    ] Starting eval...
[20250223 18:35:54 INFO    ] Running testing in epoch 67
[20250223 18:36:09 INFO    ] Epoch:67 ===== loss:0.003434 ===== SRCC:0.946 ===== PLCC:0.9505
[20250223 18:36:09 INFO    ] Eval done...
[20250223 18:36:09 INFO    ] Epoch 67 done. Time: 2.4min
[20250223 18:36:09 INFO    ] Running training epoch 68
[20250223 18:38:20 INFO    ] train epoch:68 / loss:0.00128 / SRCC:0.973 / PLCC:0.9799
[20250223 18:38:20 INFO    ] Starting eval...
[20250223 18:38:20 INFO    ] Running testing in epoch 68
[20250223 18:38:35 INFO    ] Epoch:68 ===== loss:0.003649 ===== SRCC:0.9396 ===== PLCC:0.9471
[20250223 18:38:35 INFO    ] Eval done...
[20250223 18:38:35 INFO    ] Epoch 68 done. Time: 2.4min
[20250223 18:38:35 INFO    ] Running training epoch 69
[20250223 18:40:46 INFO    ] train epoch:69 / loss:0.001286 / SRCC:0.9727 / PLCC:0.9798
[20250223 18:40:46 INFO    ] Starting eval...
[20250223 18:40:46 INFO    ] Running testing in epoch 69
[20250223 18:41:01 INFO    ] Epoch:69 ===== loss:0.00426 ===== SRCC:0.9324 ===== PLCC:0.9414
[20250223 18:41:01 INFO    ] Eval done...
[20250223 18:41:01 INFO    ] Epoch 69 done. Time: 2.4min
[20250223 18:41:01 INFO    ] Running training epoch 70
[20250223 18:43:13 INFO    ] train epoch:70 / loss:0.001471 / SRCC:0.9682 / PLCC:0.9769
[20250223 18:43:13 INFO    ] Starting eval...
[20250223 18:43:13 INFO    ] Running testing in epoch 70
[20250223 18:43:28 INFO    ] Epoch:70 ===== loss:0.004311 ===== SRCC:0.9261 ===== PLCC:0.9376
[20250223 18:43:28 INFO    ] Eval done...
[20250223 18:43:28 INFO    ] Epoch 70 done. Time: 2.4min
[20250223 18:43:28 INFO    ] Running training epoch 71
[20250223 18:45:39 INFO    ] train epoch:71 / loss:0.001228 / SRCC:0.9727 / PLCC:0.9808
[20250223 18:45:39 INFO    ] Starting eval...
[20250223 18:45:39 INFO    ] Running testing in epoch 71
[20250223 18:45:54 INFO    ] Epoch:71 ===== loss:0.005455 ===== SRCC:0.9362 ===== PLCC:0.9414
[20250223 18:45:54 INFO    ] Eval done...
[20250223 18:45:54 INFO    ] Epoch 71 done. Time: 2.4min
[20250223 18:45:54 INFO    ] Running training epoch 72
[20250223 18:48:05 INFO    ] train epoch:72 / loss:0.00147 / SRCC:0.9679 / PLCC:0.9769
[20250223 18:48:05 INFO    ] Starting eval...
[20250223 18:48:05 INFO    ] Running testing in epoch 72
[20250223 18:48:20 INFO    ] Epoch:72 ===== loss:0.005824 ===== SRCC:0.9151 ===== PLCC:0.9253
[20250223 18:48:20 INFO    ] Eval done...
[20250223 18:48:20 INFO    ] Epoch 72 done. Time: 2.4min
[20250223 18:48:20 INFO    ] Running training epoch 73
[20250223 18:50:30 INFO    ] train epoch:73 / loss:0.001219 / SRCC:0.974 / PLCC:0.9809
[20250223 18:50:30 INFO    ] Starting eval...
[20250223 18:50:30 INFO    ] Running testing in epoch 73
[20250223 18:50:45 INFO    ] Epoch:73 ===== loss:0.006333 ===== SRCC:0.9186 ===== PLCC:0.9272
[20250223 18:50:45 INFO    ] Eval done...
[20250223 18:50:45 INFO    ] Epoch 73 done. Time: 2.4min
[20250223 18:50:45 INFO    ] Running training epoch 74
[20250223 18:52:56 INFO    ] train epoch:74 / loss:0.001118 / SRCC:0.9769 / PLCC:0.9825
[20250223 18:52:56 INFO    ] Starting eval...
[20250223 18:52:56 INFO    ] Running testing in epoch 74
[20250223 18:53:11 INFO    ] Epoch:74 ===== loss:0.005066 ===== SRCC:0.9183 ===== PLCC:0.9297
[20250223 18:53:11 INFO    ] Eval done...
[20250223 18:53:11 INFO    ] Epoch 74 done. Time: 2.4min
[20250223 18:53:11 INFO    ] Running training epoch 75
[20250223 18:55:22 INFO    ] train epoch:75 / loss:0.001011 / SRCC:0.9779 / PLCC:0.9842
[20250223 18:55:22 INFO    ] Starting eval...
[20250223 18:55:22 INFO    ] Running testing in epoch 75
[20250223 18:55:37 INFO    ] Epoch:75 ===== loss:0.004604 ===== SRCC:0.9362 ===== PLCC:0.9406
[20250223 18:55:37 INFO    ] Eval done...
[20250223 18:55:37 INFO    ] Epoch 75 done. Time: 2.4min
[20250223 18:55:37 INFO    ] Running training epoch 76
[20250223 18:57:49 INFO    ] train epoch:76 / loss:0.001016 / SRCC:0.9782 / PLCC:0.9841
[20250223 18:57:49 INFO    ] Starting eval...
[20250223 18:57:49 INFO    ] Running testing in epoch 76
[20250223 18:58:04 INFO    ] Epoch:76 ===== loss:0.005016 ===== SRCC:0.9274 ===== PLCC:0.9396
[20250223 18:58:04 INFO    ] Eval done...
[20250223 18:58:04 INFO    ] Epoch 76 done. Time: 2.4min
[20250223 18:58:04 INFO    ] Running training epoch 77
[20250223 19:00:15 INFO    ] train epoch:77 / loss:0.001337 / SRCC:0.9723 / PLCC:0.979
[20250223 19:00:15 INFO    ] Starting eval...
[20250223 19:00:15 INFO    ] Running testing in epoch 77
[20250223 19:00:30 INFO    ] Epoch:77 ===== loss:0.005289 ===== SRCC:0.9306 ===== PLCC:0.9384
[20250223 19:00:30 INFO    ] Eval done...
[20250223 19:00:30 INFO    ] Epoch 77 done. Time: 2.4min
[20250223 19:00:30 INFO    ] Running training epoch 78
[20250223 19:02:41 INFO    ] train epoch:78 / loss:0.001275 / SRCC:0.973 / PLCC:0.98
[20250223 19:02:41 INFO    ] Starting eval...
[20250223 19:02:41 INFO    ] Running testing in epoch 78
[20250223 19:02:56 INFO    ] Epoch:78 ===== loss:0.00426 ===== SRCC:0.9356 ===== PLCC:0.9402
[20250223 19:02:56 INFO    ] Eval done...
[20250223 19:02:56 INFO    ] Epoch 78 done. Time: 2.4min
[20250223 19:02:56 INFO    ] Running training epoch 79
[20250223 19:05:07 INFO    ] train epoch:79 / loss:0.001082 / SRCC:0.9775 / PLCC:0.9831
[20250223 19:05:07 INFO    ] Starting eval...
[20250223 19:05:07 INFO    ] Running testing in epoch 79
[20250223 19:05:22 INFO    ] Epoch:79 ===== loss:0.006297 ===== SRCC:0.9159 ===== PLCC:0.9274
[20250223 19:05:22 INFO    ] Eval done...
[20250223 19:05:22 INFO    ] Epoch 79 done. Time: 2.4min
[20250223 19:05:22 INFO    ] Running training epoch 80
[20250223 19:07:33 INFO    ] train epoch:80 / loss:0.001098 / SRCC:0.9764 / PLCC:0.9828
[20250223 19:07:33 INFO    ] Starting eval...
[20250223 19:07:33 INFO    ] Running testing in epoch 80
[20250223 19:07:48 INFO    ] Epoch:80 ===== loss:0.004659 ===== SRCC:0.9317 ===== PLCC:0.939
[20250223 19:07:48 INFO    ] Eval done...
[20250223 19:07:48 INFO    ] Epoch 80 done. Time: 2.4min
[20250223 19:07:48 INFO    ] Running training epoch 81
[20250223 19:09:59 INFO    ] train epoch:81 / loss:0.001349 / SRCC:0.9713 / PLCC:0.9788
[20250223 19:09:59 INFO    ] Starting eval...
[20250223 19:09:59 INFO    ] Running testing in epoch 81
[20250223 19:10:14 INFO    ] Epoch:81 ===== loss:0.004642 ===== SRCC:0.9212 ===== PLCC:0.9328
[20250223 19:10:14 INFO    ] Eval done...
[20250223 19:10:14 INFO    ] Epoch 81 done. Time: 2.4min
[20250223 19:10:14 INFO    ] Running training epoch 82
[20250223 19:12:25 INFO    ] train epoch:82 / loss:0.001143 / SRCC:0.975 / PLCC:0.9821
[20250223 19:12:25 INFO    ] Starting eval...
[20250223 19:12:25 INFO    ] Running testing in epoch 82
[20250223 19:12:41 INFO    ] Epoch:82 ===== loss:0.004731 ===== SRCC:0.9322 ===== PLCC:0.9384
[20250223 19:12:41 INFO    ] Eval done...
[20250223 19:12:41 INFO    ] Epoch 82 done. Time: 2.4min
[20250223 19:12:41 INFO    ] Running training epoch 83
[20250223 19:14:52 INFO    ] train epoch:83 / loss:0.001168 / SRCC:0.9747 / PLCC:0.9817
[20250223 19:14:52 INFO    ] Starting eval...
[20250223 19:14:52 INFO    ] Running testing in epoch 83
[20250223 19:15:07 INFO    ] Epoch:83 ===== loss:0.004153 ===== SRCC:0.9295 ===== PLCC:0.9381
[20250223 19:15:07 INFO    ] Eval done...
[20250223 19:15:07 INFO    ] Epoch 83 done. Time: 2.4min
[20250223 19:15:07 INFO    ] Running training epoch 84
[20250223 19:17:18 INFO    ] train epoch:84 / loss:0.001092 / SRCC:0.9766 / PLCC:0.9829
[20250223 19:17:18 INFO    ] Starting eval...
[20250223 19:17:18 INFO    ] Running testing in epoch 84
[20250223 19:17:33 INFO    ] Epoch:84 ===== loss:0.0042 ===== SRCC:0.9342 ===== PLCC:0.9419
[20250223 19:17:33 INFO    ] Eval done...
[20250223 19:17:33 INFO    ] Epoch 84 done. Time: 2.4min
[20250223 19:17:33 INFO    ] Running training epoch 85
[20250223 19:19:44 INFO    ] train epoch:85 / loss:0.001048 / SRCC:0.9782 / PLCC:0.9836
[20250223 19:19:44 INFO    ] Starting eval...
[20250223 19:19:44 INFO    ] Running testing in epoch 85
[20250223 19:19:59 INFO    ] Epoch:85 ===== loss:0.004358 ===== SRCC:0.9251 ===== PLCC:0.9363
[20250223 19:19:59 INFO    ] Eval done...
[20250223 19:19:59 INFO    ] Epoch 85 done. Time: 2.4min
[20250223 19:19:59 INFO    ] Running training epoch 86
[20250223 19:22:10 INFO    ] train epoch:86 / loss:0.001572 / SRCC:0.9661 / PLCC:0.9753
[20250223 19:22:10 INFO    ] Starting eval...
[20250223 19:22:10 INFO    ] Running testing in epoch 86
[20250223 19:22:25 INFO    ] Epoch:86 ===== loss:0.005484 ===== SRCC:0.9143 ===== PLCC:0.9286
[20250223 19:22:25 INFO    ] Eval done...
[20250223 19:22:25 INFO    ] Epoch 86 done. Time: 2.4min
[20250223 19:22:25 INFO    ] Running training epoch 87
[20250223 19:24:36 INFO    ] train epoch:87 / loss:0.001214 / SRCC:0.9735 / PLCC:0.981
[20250223 19:24:36 INFO    ] Starting eval...
[20250223 19:24:36 INFO    ] Running testing in epoch 87
[20250223 19:24:51 INFO    ] Epoch:87 ===== loss:0.004672 ===== SRCC:0.9258 ===== PLCC:0.9359
[20250223 19:24:51 INFO    ] Eval done...
[20250223 19:24:51 INFO    ] Epoch 87 done. Time: 2.4min
[20250223 19:24:51 INFO    ] Running training epoch 88
[20250223 19:27:02 INFO    ] train epoch:88 / loss:0.001216 / SRCC:0.9738 / PLCC:0.981
[20250223 19:27:02 INFO    ] Starting eval...
[20250223 19:27:02 INFO    ] Running testing in epoch 88
[20250223 19:27:17 INFO    ] Epoch:88 ===== loss:0.00499 ===== SRCC:0.9224 ===== PLCC:0.9338
[20250223 19:27:17 INFO    ] Eval done...
[20250223 19:27:17 INFO    ] Epoch 88 done. Time: 2.4min
[20250223 19:27:17 INFO    ] Running training epoch 89
[20250223 19:29:28 INFO    ] train epoch:89 / loss:0.001198 / SRCC:0.9743 / PLCC:0.9812
[20250223 19:29:28 INFO    ] Starting eval...
[20250223 19:29:28 INFO    ] Running testing in epoch 89
[20250223 19:29:43 INFO    ] Epoch:89 ===== loss:0.005511 ===== SRCC:0.9186 ===== PLCC:0.9307
[20250223 19:29:43 INFO    ] Eval done...
[20250223 19:29:43 INFO    ] Epoch 89 done. Time: 2.4min
[20250223 19:29:43 INFO    ] Running training epoch 90
[20250223 19:31:54 INFO    ] train epoch:90 / loss:0.001081 / SRCC:0.9762 / PLCC:0.9831
[20250223 19:31:54 INFO    ] Starting eval...
[20250223 19:31:54 INFO    ] Running testing in epoch 90
[20250223 19:32:09 INFO    ] Epoch:90 ===== loss:0.004996 ===== SRCC:0.9223 ===== PLCC:0.934
[20250223 19:32:09 INFO    ] Eval done...
[20250223 19:32:09 INFO    ] Epoch 90 done. Time: 2.4min
[20250223 19:32:09 INFO    ] Running training epoch 91
[20250223 19:34:20 INFO    ] train epoch:91 / loss:0.0014 / SRCC:0.9703 / PLCC:0.9781
[20250223 19:34:20 INFO    ] Starting eval...
[20250223 19:34:20 INFO    ] Running testing in epoch 91
[20250223 19:34:35 INFO    ] Epoch:91 ===== loss:0.005233 ===== SRCC:0.9179 ===== PLCC:0.9284
[20250223 19:34:35 INFO    ] Eval done...
[20250223 19:34:35 INFO    ] Epoch 91 done. Time: 2.4min
[20250223 19:34:35 INFO    ] Running training epoch 92
[20250223 19:36:45 INFO    ] train epoch:92 / loss:0.001194 / SRCC:0.9748 / PLCC:0.9813
[20250223 19:36:45 INFO    ] Starting eval...
[20250223 19:36:45 INFO    ] Running testing in epoch 92
[20250223 19:37:00 INFO    ] Epoch:92 ===== loss:0.004786 ===== SRCC:0.9296 ===== PLCC:0.9368
[20250223 19:37:00 INFO    ] Eval done...
[20250223 19:37:00 INFO    ] Epoch 92 done. Time: 2.4min
[20250223 19:37:00 INFO    ] Running training epoch 93
[20250223 19:39:11 INFO    ] train epoch:93 / loss:0.001131 / SRCC:0.9759 / PLCC:0.9823
[20250223 19:39:12 INFO    ] Starting eval...
[20250223 19:39:12 INFO    ] Running testing in epoch 93
[20250223 19:39:27 INFO    ] Epoch:93 ===== loss:0.004369 ===== SRCC:0.9348 ===== PLCC:0.942
[20250223 19:39:27 INFO    ] Eval done...
[20250223 19:39:27 INFO    ] Epoch 93 done. Time: 2.4min
[20250223 19:39:27 INFO    ] Running training epoch 94
[20250223 19:41:37 INFO    ] train epoch:94 / loss:0.001088 / SRCC:0.9767 / PLCC:0.983
[20250223 19:41:37 INFO    ] Starting eval...
[20250223 19:41:37 INFO    ] Running testing in epoch 94
[20250223 19:41:52 INFO    ] Epoch:94 ===== loss:0.004592 ===== SRCC:0.9304 ===== PLCC:0.9367
[20250223 19:41:52 INFO    ] Eval done...
[20250223 19:41:52 INFO    ] Epoch 94 done. Time: 2.4min
[20250223 19:41:52 INFO    ] Running training epoch 95
[20250223 19:44:03 INFO    ] train epoch:95 / loss:0.001045 / SRCC:0.9784 / PLCC:0.9837
[20250223 19:44:03 INFO    ] Starting eval...
[20250223 19:44:03 INFO    ] Running testing in epoch 95
[20250223 19:44:18 INFO    ] Epoch:95 ===== loss:0.005042 ===== SRCC:0.9243 ===== PLCC:0.9339
[20250223 19:44:18 INFO    ] Eval done...
[20250223 19:44:18 INFO    ] Epoch 95 done. Time: 2.4min
[20250223 19:44:18 INFO    ] Running training epoch 96
[20250223 19:46:29 INFO    ] train epoch:96 / loss:0.001266 / SRCC:0.9724 / PLCC:0.9802
[20250223 19:46:29 INFO    ] Starting eval...
[20250223 19:46:29 INFO    ] Running testing in epoch 96
[20250223 19:46:44 INFO    ] Epoch:96 ===== loss:0.004447 ===== SRCC:0.9291 ===== PLCC:0.9401
[20250223 19:46:44 INFO    ] Eval done...
[20250223 19:46:44 INFO    ] Epoch 96 done. Time: 2.4min
[20250223 19:46:44 INFO    ] Running training epoch 97
[20250223 19:48:54 INFO    ] train epoch:97 / loss:0.00113 / SRCC:0.9764 / PLCC:0.9823
[20250223 19:48:54 INFO    ] Starting eval...
[20250223 19:48:54 INFO    ] Running testing in epoch 97
[20250223 19:49:09 INFO    ] Epoch:97 ===== loss:0.004542 ===== SRCC:0.935 ===== PLCC:0.9423
[20250223 19:49:09 INFO    ] Eval done...
[20250223 19:49:09 INFO    ] Epoch 97 done. Time: 2.4min
[20250223 19:49:09 INFO    ] Running training epoch 98
[20250223 19:51:20 INFO    ] train epoch:98 / loss:0.001139 / SRCC:0.9761 / PLCC:0.9822
[20250223 19:51:20 INFO    ] Starting eval...
[20250223 19:51:20 INFO    ] Running testing in epoch 98
[20250223 19:51:35 INFO    ] Epoch:98 ===== loss:0.004294 ===== SRCC:0.9297 ===== PLCC:0.937
[20250223 19:51:35 INFO    ] Eval done...
[20250223 19:51:35 INFO    ] Epoch 98 done. Time: 2.4min
[20250223 19:51:35 INFO    ] Running training epoch 99
[20250223 19:53:46 INFO    ] train epoch:99 / loss:0.001336 / SRCC:0.9723 / PLCC:0.9791
[20250223 19:53:46 INFO    ] Starting eval...
[20250223 19:53:46 INFO    ] Running testing in epoch 99
[20250223 19:54:01 INFO    ] Epoch:99 ===== loss:0.004546 ===== SRCC:0.9301 ===== PLCC:0.9367
[20250223 19:54:01 INFO    ] Eval done...
[20250223 19:54:01 INFO    ] Epoch 99 done. Time: 2.4min
[20250223 19:54:01 INFO    ] Running training epoch 100
[20250223 19:56:12 INFO    ] train epoch:100 / loss:0.001337 / SRCC:0.9724 / PLCC:0.979
[20250223 19:56:12 INFO    ] Starting eval...
[20250223 19:56:12 INFO    ] Running testing in epoch 100
[20250223 19:56:27 INFO    ] Epoch:100 ===== loss:0.004805 ===== SRCC:0.925 ===== PLCC:0.9357
[20250223 19:56:27 INFO    ] Eval done...
[20250223 19:56:27 INFO    ] Epoch 100 done. Time: 2.4min
[20250223 19:56:27 INFO    ] Running training epoch 101
[20250223 19:58:37 INFO    ] train epoch:101 / loss:0.001158 / SRCC:0.9754 / PLCC:0.9819
[20250223 19:58:37 INFO    ] Starting eval...
[20250223 19:58:37 INFO    ] Running testing in epoch 101
[20250223 19:58:53 INFO    ] Epoch:101 ===== loss:0.005175 ===== SRCC:0.9238 ===== PLCC:0.9312
[20250223 19:58:53 INFO    ] Eval done...
[20250223 19:58:53 INFO    ] Epoch 101 done. Time: 2.4min
[20250223 19:58:53 INFO    ] Running training epoch 102
[20250223 20:01:03 INFO    ] train epoch:102 / loss:0.001011 / SRCC:0.9772 / PLCC:0.9842
[20250223 20:01:03 INFO    ] Starting eval...
[20250223 20:01:03 INFO    ] Running testing in epoch 102
[20250223 20:01:19 INFO    ] Epoch:102 ===== loss:0.004859 ===== SRCC:0.929 ===== PLCC:0.9383
[20250223 20:01:19 INFO    ] Eval done...
[20250223 20:01:19 INFO    ] Epoch 102 done. Time: 2.4min
[20250223 20:01:19 INFO    ] Running training epoch 103
[20250223 20:03:29 INFO    ] train epoch:103 / loss:0.001166 / SRCC:0.9755 / PLCC:0.9817
[20250223 20:03:29 INFO    ] Starting eval...
[20250223 20:03:29 INFO    ] Running testing in epoch 103
[20250223 20:03:44 INFO    ] Epoch:103 ===== loss:0.004145 ===== SRCC:0.9321 ===== PLCC:0.9392
[20250223 20:03:44 INFO    ] Eval done...
[20250223 20:03:44 INFO    ] Epoch 103 done. Time: 2.4min
[20250223 20:03:44 INFO    ] Running training epoch 104
[20250223 20:05:55 INFO    ] train epoch:104 / loss:0.001003 / SRCC:0.9789 / PLCC:0.9843
[20250223 20:05:55 INFO    ] Starting eval...
[20250223 20:05:55 INFO    ] Running testing in epoch 104
[20250223 20:06:10 INFO    ] Epoch:104 ===== loss:0.004315 ===== SRCC:0.9321 ===== PLCC:0.9408
[20250223 20:06:10 INFO    ] Eval done...
[20250223 20:06:10 INFO    ] Epoch 104 done. Time: 2.4min
[20250223 20:06:10 INFO    ] Running training epoch 105
[20250223 20:08:21 INFO    ] train epoch:105 / loss:0.001041 / SRCC:0.978 / PLCC:0.9837
[20250223 20:08:21 INFO    ] Starting eval...
[20250223 20:08:21 INFO    ] Running testing in epoch 105
[20250223 20:08:36 INFO    ] Epoch:105 ===== loss:0.00511 ===== SRCC:0.9255 ===== PLCC:0.9372
[20250223 20:08:36 INFO    ] Eval done...
[20250223 20:08:36 INFO    ] Epoch 105 done. Time: 2.4min
[20250223 20:08:36 INFO    ] Running training epoch 106
[20250223 20:10:46 INFO    ] train epoch:106 / loss:0.001122 / SRCC:0.9762 / PLCC:0.9825
[20250223 20:10:46 INFO    ] Starting eval...
[20250223 20:10:46 INFO    ] Running testing in epoch 106
[20250223 20:11:01 INFO    ] Epoch:106 ===== loss:0.004212 ===== SRCC:0.9271 ===== PLCC:0.9382
[20250223 20:11:01 INFO    ] Eval done...
[20250223 20:11:01 INFO    ] Epoch 106 done. Time: 2.4min
[20250223 20:11:01 INFO    ] Running training epoch 107
[20250223 20:13:12 INFO    ] train epoch:107 / loss:0.00113 / SRCC:0.9763 / PLCC:0.9823
[20250223 20:13:12 INFO    ] Starting eval...
[20250223 20:13:12 INFO    ] Running testing in epoch 107
[20250223 20:13:27 INFO    ] Epoch:107 ===== loss:0.004296 ===== SRCC:0.9354 ===== PLCC:0.9387
[20250223 20:13:27 INFO    ] Eval done...
[20250223 20:13:27 INFO    ] Epoch 107 done. Time: 2.4min
[20250223 20:13:27 INFO    ] Running training epoch 108
[20250223 20:15:38 INFO    ] train epoch:108 / loss:0.001154 / SRCC:0.9746 / PLCC:0.9819
[20250223 20:15:38 INFO    ] Starting eval...
[20250223 20:15:38 INFO    ] Running testing in epoch 108
[20250223 20:15:53 INFO    ] Epoch:108 ===== loss:0.004948 ===== SRCC:0.9286 ===== PLCC:0.937
[20250223 20:15:53 INFO    ] Eval done...
[20250223 20:15:53 INFO    ] Epoch 108 done. Time: 2.4min
[20250223 20:15:53 INFO    ] Running training epoch 109
[20250223 20:18:04 INFO    ] train epoch:109 / loss:0.0009401 / SRCC:0.9795 / PLCC:0.9853
[20250223 20:18:04 INFO    ] Starting eval...
[20250223 20:18:04 INFO    ] Running testing in epoch 109
[20250223 20:18:19 INFO    ] Epoch:109 ===== loss:0.004206 ===== SRCC:0.9325 ===== PLCC:0.9416
[20250223 20:18:19 INFO    ] Eval done...
[20250223 20:18:19 INFO    ] Epoch 109 done. Time: 2.4min
[20250223 20:18:19 INFO    ] Running training epoch 110
[20250223 20:20:29 INFO    ] train epoch:110 / loss:0.001095 / SRCC:0.977 / PLCC:0.9829
[20250223 20:20:29 INFO    ] Starting eval...
[20250223 20:20:29 INFO    ] Running testing in epoch 110
[20250223 20:20:44 INFO    ] Epoch:110 ===== loss:0.004143 ===== SRCC:0.9325 ===== PLCC:0.9409
[20250223 20:20:44 INFO    ] Eval done...
[20250223 20:20:44 INFO    ] Epoch 110 done. Time: 2.4min
[20250223 20:20:44 INFO    ] Running training epoch 111
[20250223 20:22:54 INFO    ] train epoch:111 / loss:0.001043 / SRCC:0.9784 / PLCC:0.9837
[20250223 20:22:54 INFO    ] Starting eval...
[20250223 20:22:54 INFO    ] Running testing in epoch 111
[20250223 20:23:09 INFO    ] Epoch:111 ===== loss:0.004372 ===== SRCC:0.9329 ===== PLCC:0.9385
[20250223 20:23:09 INFO    ] Eval done...
[20250223 20:23:09 INFO    ] Epoch 111 done. Time: 2.4min
[20250223 20:23:09 INFO    ] Running training epoch 112
[20250223 20:25:20 INFO    ] train epoch:112 / loss:0.00122 / SRCC:0.9734 / PLCC:0.9809
[20250223 20:25:20 INFO    ] Starting eval...
[20250223 20:25:20 INFO    ] Running testing in epoch 112
[20250223 20:25:35 INFO    ] Epoch:112 ===== loss:0.004736 ===== SRCC:0.9229 ===== PLCC:0.932
[20250223 20:25:35 INFO    ] Eval done...
[20250223 20:25:35 INFO    ] Epoch 112 done. Time: 2.4min
[20250223 20:25:35 INFO    ] Running training epoch 113
[20250223 20:27:45 INFO    ] train epoch:113 / loss:0.001233 / SRCC:0.9739 / PLCC:0.9807
[20250223 20:27:45 INFO    ] Starting eval...
[20250223 20:27:45 INFO    ] Running testing in epoch 113
[20250223 20:28:01 INFO    ] Epoch:113 ===== loss:0.004556 ===== SRCC:0.9208 ===== PLCC:0.9339
[20250223 20:28:01 INFO    ] Eval done...
[20250223 20:28:01 INFO    ] Epoch 113 done. Time: 2.4min
[20250223 20:28:01 INFO    ] Running training epoch 114
[20250223 20:30:11 INFO    ] train epoch:114 / loss:0.001058 / SRCC:0.977 / PLCC:0.9835
[20250223 20:30:11 INFO    ] Starting eval...
[20250223 20:30:11 INFO    ] Running testing in epoch 114
[20250223 20:30:26 INFO    ] Epoch:114 ===== loss:0.004775 ===== SRCC:0.9211 ===== PLCC:0.9336
[20250223 20:30:26 INFO    ] Eval done...
[20250223 20:30:26 INFO    ] Epoch 114 done. Time: 2.4min
[20250223 20:30:26 INFO    ] Running training epoch 115
[20250223 20:32:36 INFO    ] train epoch:115 / loss:0.001243 / SRCC:0.9733 / PLCC:0.9805
[20250223 20:32:36 INFO    ] Starting eval...
[20250223 20:32:36 INFO    ] Running testing in epoch 115
[20250223 20:32:51 INFO    ] Epoch:115 ===== loss:0.004178 ===== SRCC:0.9333 ===== PLCC:0.9401
[20250223 20:32:51 INFO    ] Eval done...
[20250223 20:32:51 INFO    ] Epoch 115 done. Time: 2.4min
[20250223 20:32:51 INFO    ] Running training epoch 116
[20250223 20:35:01 INFO    ] train epoch:116 / loss:0.001006 / SRCC:0.9783 / PLCC:0.9843
[20250223 20:35:01 INFO    ] Starting eval...
[20250223 20:35:01 INFO    ] Running testing in epoch 116
[20250223 20:35:16 INFO    ] Epoch:116 ===== loss:0.004091 ===== SRCC:0.9373 ===== PLCC:0.9446
[20250223 20:35:16 INFO    ] Eval done...
[20250223 20:35:16 INFO    ] Epoch 116 done. Time: 2.4min
[20250223 20:35:16 INFO    ] Running training epoch 117
[20250223 20:37:27 INFO    ] train epoch:117 / loss:0.001055 / SRCC:0.9776 / PLCC:0.9835
[20250223 20:37:27 INFO    ] Starting eval...
[20250223 20:37:27 INFO    ] Running testing in epoch 117
[20250223 20:37:42 INFO    ] Epoch:117 ===== loss:0.004171 ===== SRCC:0.9371 ===== PLCC:0.9435
[20250223 20:37:42 INFO    ] Eval done...
[20250223 20:37:42 INFO    ] Epoch 117 done. Time: 2.4min
[20250223 20:37:42 INFO    ] Running training epoch 118
[20250223 20:39:51 INFO    ] train epoch:118 / loss:0.001172 / SRCC:0.9753 / PLCC:0.9817
[20250223 20:39:51 INFO    ] Starting eval...
[20250223 20:39:51 INFO    ] Running testing in epoch 118
[20250223 20:40:06 INFO    ] Epoch:118 ===== loss:0.005512 ===== SRCC:0.9227 ===== PLCC:0.9349
[20250223 20:40:06 INFO    ] Eval done...
[20250223 20:40:06 INFO    ] Epoch 118 done. Time: 2.4min
[20250223 20:40:06 INFO    ] Running training epoch 119
[20250223 20:42:16 INFO    ] train epoch:119 / loss:0.00121 / SRCC:0.9741 / PLCC:0.981
[20250223 20:42:16 INFO    ] Starting eval...
[20250223 20:42:16 INFO    ] Running testing in epoch 119
[20250223 20:42:31 INFO    ] Epoch:119 ===== loss:0.004305 ===== SRCC:0.9303 ===== PLCC:0.9385
[20250223 20:42:31 INFO    ] Eval done...
[20250223 20:42:31 INFO    ] Epoch 119 done. Time: 2.4min
[20250223 20:42:31 INFO    ] Running training epoch 120
[20250223 20:44:41 INFO    ] train epoch:120 / loss:0.001067 / SRCC:0.9773 / PLCC:0.9833
[20250223 20:44:41 INFO    ] Starting eval...
[20250223 20:44:41 INFO    ] Running testing in epoch 120
[20250223 20:44:56 INFO    ] Epoch:120 ===== loss:0.005751 ===== SRCC:0.9275 ===== PLCC:0.9363
[20250223 20:44:56 INFO    ] Eval done...
[20250223 20:44:56 INFO    ] Epoch 120 done. Time: 2.4min
[20250223 20:44:56 INFO    ] Running training epoch 121
[20250223 20:47:07 INFO    ] train epoch:121 / loss:0.001007 / SRCC:0.9792 / PLCC:0.9842
[20250223 20:47:07 INFO    ] Starting eval...
[20250223 20:47:07 INFO    ] Running testing in epoch 121
[20250223 20:47:22 INFO    ] Epoch:121 ===== loss:0.005165 ===== SRCC:0.9215 ===== PLCC:0.9311
[20250223 20:47:22 INFO    ] Eval done...
[20250223 20:47:22 INFO    ] Epoch 121 done. Time: 2.4min
[20250223 20:47:22 INFO    ] Running training epoch 122
[20250223 20:49:32 INFO    ] train epoch:122 / loss:0.001188 / SRCC:0.9748 / PLCC:0.9814
[20250223 20:49:32 INFO    ] Starting eval...
[20250223 20:49:32 INFO    ] Running testing in epoch 122
[20250223 20:49:47 INFO    ] Epoch:122 ===== loss:0.005556 ===== SRCC:0.9098 ===== PLCC:0.9229
[20250223 20:49:47 INFO    ] Eval done...
[20250223 20:49:47 INFO    ] Epoch 122 done. Time: 2.4min
[20250223 20:49:47 INFO    ] Running training epoch 123
[20250223 20:51:58 INFO    ] train epoch:123 / loss:0.001114 / SRCC:0.9773 / PLCC:0.9826
[20250223 20:51:58 INFO    ] Starting eval...
[20250223 20:51:58 INFO    ] Running testing in epoch 123
[20250223 20:52:13 INFO    ] Epoch:123 ===== loss:0.004168 ===== SRCC:0.9321 ===== PLCC:0.9429
[20250223 20:52:13 INFO    ] Eval done...
[20250223 20:52:13 INFO    ] Epoch 123 done. Time: 2.4min
[20250223 20:52:13 INFO    ] Running training epoch 124
[20250223 20:54:23 INFO    ] train epoch:124 / loss:0.001025 / SRCC:0.9777 / PLCC:0.984
[20250223 20:54:23 INFO    ] Starting eval...
[20250223 20:54:23 INFO    ] Running testing in epoch 124
[20250223 20:54:39 INFO    ] Epoch:124 ===== loss:0.005046 ===== SRCC:0.9237 ===== PLCC:0.9321
[20250223 20:54:39 INFO    ] Eval done...
[20250223 20:54:39 INFO    ] Epoch 124 done. Time: 2.4min
[20250223 20:54:39 INFO    ] Running training epoch 125
[20250223 20:56:49 INFO    ] train epoch:125 / loss:0.00106 / SRCC:0.9778 / PLCC:0.9834
[20250223 20:56:49 INFO    ] Starting eval...
[20250223 20:56:49 INFO    ] Running testing in epoch 125
[20250223 20:57:04 INFO    ] Epoch:125 ===== loss:0.004423 ===== SRCC:0.9293 ===== PLCC:0.9388
[20250223 20:57:04 INFO    ] Eval done...
[20250223 20:57:04 INFO    ] Epoch 125 done. Time: 2.4min
[20250223 20:57:04 INFO    ] Running training epoch 126
[20250223 20:59:14 INFO    ] train epoch:126 / loss:0.001163 / SRCC:0.9754 / PLCC:0.9818
[20250223 20:59:14 INFO    ] Starting eval...
[20250223 20:59:14 INFO    ] Running testing in epoch 126
[20250223 20:59:29 INFO    ] Epoch:126 ===== loss:0.004232 ===== SRCC:0.9329 ===== PLCC:0.9436
[20250223 20:59:29 INFO    ] Eval done...
[20250223 20:59:29 INFO    ] Epoch 126 done. Time: 2.4min
[20250223 20:59:29 INFO    ] Running training epoch 127
[20250223 21:01:39 INFO    ] train epoch:127 / loss:0.001019 / SRCC:0.9778 / PLCC:0.9841
[20250223 21:01:39 INFO    ] Starting eval...
[20250223 21:01:39 INFO    ] Running testing in epoch 127
[20250223 21:01:54 INFO    ] Epoch:127 ===== loss:0.00394 ===== SRCC:0.9398 ===== PLCC:0.9468
[20250223 21:01:54 INFO    ] Eval done...
[20250223 21:01:54 INFO    ] Epoch 127 done. Time: 2.4min
[20250223 21:01:54 INFO    ] Running training epoch 128
[20250223 21:04:05 INFO    ] train epoch:128 / loss:0.0009846 / SRCC:0.9791 / PLCC:0.9846
[20250223 21:04:05 INFO    ] Starting eval...
[20250223 21:04:05 INFO    ] Running testing in epoch 128
[20250223 21:04:20 INFO    ] Epoch:128 ===== loss:0.004118 ===== SRCC:0.9343 ===== PLCC:0.9425
[20250223 21:04:20 INFO    ] Eval done...
[20250223 21:04:20 INFO    ] Epoch 128 done. Time: 2.4min
[20250223 21:04:20 INFO    ] Running training epoch 129
[20250223 21:06:30 INFO    ] train epoch:129 / loss:0.0008481 / SRCC:0.9818 / PLCC:0.9868
[20250223 21:06:30 INFO    ] Starting eval...
[20250223 21:06:30 INFO    ] Running testing in epoch 129
[20250223 21:06:45 INFO    ] Epoch:129 ===== loss:0.004142 ===== SRCC:0.9401 ===== PLCC:0.9453
[20250223 21:06:45 INFO    ] Eval done...
[20250223 21:06:45 INFO    ] Epoch 129 done. Time: 2.4min
[20250223 21:06:45 INFO    ] Running training epoch 130
[20250223 21:08:56 INFO    ] train epoch:130 / loss:0.001171 / SRCC:0.9753 / PLCC:0.9817
[20250223 21:08:56 INFO    ] Starting eval...
[20250223 21:08:56 INFO    ] Running testing in epoch 130
[20250223 21:09:11 INFO    ] Epoch:130 ===== loss:0.003675 ===== SRCC:0.9422 ===== PLCC:0.9494
[20250223 21:09:11 INFO    ] Eval done...
[20250223 21:09:11 INFO    ] Epoch 130 done. Time: 2.4min
[20250223 21:09:11 INFO    ] Running training epoch 131
[20250223 21:11:22 INFO    ] train epoch:131 / loss:0.001332 / SRCC:0.971 / PLCC:0.9791
[20250223 21:11:22 INFO    ] Starting eval...
[20250223 21:11:22 INFO    ] Running testing in epoch 131
[20250223 21:11:37 INFO    ] Epoch:131 ===== loss:0.004703 ===== SRCC:0.9291 ===== PLCC:0.9384
[20250223 21:11:37 INFO    ] Eval done...
[20250223 21:11:37 INFO    ] Epoch 131 done. Time: 2.4min
[20250223 21:11:37 INFO    ] Running training epoch 132
[20250223 21:13:48 INFO    ] train epoch:132 / loss:0.001013 / SRCC:0.9785 / PLCC:0.9842
[20250223 21:13:48 INFO    ] Starting eval...
[20250223 21:13:48 INFO    ] Running testing in epoch 132
[20250223 21:14:03 INFO    ] Epoch:132 ===== loss:0.005135 ===== SRCC:0.9341 ===== PLCC:0.9438
[20250223 21:14:03 INFO    ] Eval done...
[20250223 21:14:03 INFO    ] Epoch 132 done. Time: 2.4min
[20250223 21:14:03 INFO    ] Running training epoch 133
[20250223 21:16:13 INFO    ] train epoch:133 / loss:0.000922 / SRCC:0.9797 / PLCC:0.9856
[20250223 21:16:13 INFO    ] Starting eval...
[20250223 21:16:13 INFO    ] Running testing in epoch 133
[20250223 21:16:28 INFO    ] Epoch:133 ===== loss:0.005302 ===== SRCC:0.9243 ===== PLCC:0.9351
[20250223 21:16:28 INFO    ] Eval done...
[20250223 21:16:28 INFO    ] Epoch 133 done. Time: 2.4min
[20250223 21:16:28 INFO    ] Running training epoch 134
[20250223 21:18:39 INFO    ] train epoch:134 / loss:0.001168 / SRCC:0.9754 / PLCC:0.9817
[20250223 21:18:39 INFO    ] Starting eval...
[20250223 21:18:39 INFO    ] Running testing in epoch 134
[20250223 21:18:54 INFO    ] Epoch:134 ===== loss:0.005749 ===== SRCC:0.9026 ===== PLCC:0.9175
[20250223 21:18:54 INFO    ] Eval done...
[20250223 21:18:54 INFO    ] Epoch 134 done. Time: 2.4min
[20250223 21:18:54 INFO    ] Running training epoch 135
[20250223 21:21:05 INFO    ] train epoch:135 / loss:0.000988 / SRCC:0.979 / PLCC:0.9846
[20250223 21:21:05 INFO    ] Starting eval...
[20250223 21:21:05 INFO    ] Running testing in epoch 135
[20250223 21:21:20 INFO    ] Epoch:135 ===== loss:0.004264 ===== SRCC:0.9343 ===== PLCC:0.9428
[20250223 21:21:20 INFO    ] Eval done...
[20250223 21:21:20 INFO    ] Epoch 135 done. Time: 2.4min
[20250223 21:21:20 INFO    ] Running training epoch 136
[20250223 21:23:30 INFO    ] train epoch:136 / loss:0.0008531 / SRCC:0.9816 / PLCC:0.9867
[20250223 21:23:30 INFO    ] Starting eval...
[20250223 21:23:30 INFO    ] Running testing in epoch 136
[20250223 21:23:45 INFO    ] Epoch:136 ===== loss:0.004921 ===== SRCC:0.9238 ===== PLCC:0.933
[20250223 21:23:45 INFO    ] Eval done...
[20250223 21:23:45 INFO    ] Epoch 136 done. Time: 2.4min
[20250223 21:23:45 INFO    ] Running training epoch 137
[20250223 21:25:55 INFO    ] train epoch:137 / loss:0.001081 / SRCC:0.9771 / PLCC:0.9831
[20250223 21:25:55 INFO    ] Starting eval...
[20250223 21:25:55 INFO    ] Running testing in epoch 137
[20250223 21:26:11 INFO    ] Epoch:137 ===== loss:0.005107 ===== SRCC:0.914 ===== PLCC:0.9279
[20250223 21:26:11 INFO    ] Eval done...
[20250223 21:26:11 INFO    ] Epoch 137 done. Time: 2.4min
[20250223 21:26:11 INFO    ] Running training epoch 138
[20250223 21:28:21 INFO    ] train epoch:138 / loss:0.001226 / SRCC:0.9737 / PLCC:0.9808
[20250223 21:28:21 INFO    ] Starting eval...
[20250223 21:28:21 INFO    ] Running testing in epoch 138
[20250223 21:28:36 INFO    ] Epoch:138 ===== loss:0.004521 ===== SRCC:0.9242 ===== PLCC:0.9345
[20250223 21:28:36 INFO    ] Eval done...
[20250223 21:28:36 INFO    ] Epoch 138 done. Time: 2.4min
[20250223 21:28:36 INFO    ] Running training epoch 139
[20250223 21:30:47 INFO    ] train epoch:139 / loss:0.001059 / SRCC:0.978 / PLCC:0.9834
[20250223 21:30:47 INFO    ] Starting eval...
[20250223 21:30:47 INFO    ] Running testing in epoch 139
[20250223 21:31:02 INFO    ] Epoch:139 ===== loss:0.005428 ===== SRCC:0.9238 ===== PLCC:0.9342
[20250223 21:31:02 INFO    ] Eval done...
[20250223 21:31:02 INFO    ] Epoch 139 done. Time: 2.4min
[20250223 21:31:02 INFO    ] Running training epoch 140
[20250223 21:33:12 INFO    ] train epoch:140 / loss:0.001197 / SRCC:0.9744 / PLCC:0.9813
[20250223 21:33:12 INFO    ] Starting eval...
[20250223 21:33:12 INFO    ] Running testing in epoch 140
[20250223 21:33:27 INFO    ] Epoch:140 ===== loss:0.004011 ===== SRCC:0.9376 ===== PLCC:0.9448
[20250223 21:33:27 INFO    ] Eval done...
[20250223 21:33:27 INFO    ] Epoch 140 done. Time: 2.4min
[20250223 21:33:27 INFO    ] Running training epoch 141
[20250223 21:35:37 INFO    ] train epoch:141 / loss:0.001095 / SRCC:0.9766 / PLCC:0.9829
[20250223 21:35:37 INFO    ] Starting eval...
[20250223 21:35:37 INFO    ] Running testing in epoch 141
[20250223 21:35:52 INFO    ] Epoch:141 ===== loss:0.004499 ===== SRCC:0.9277 ===== PLCC:0.9343
[20250223 21:35:52 INFO    ] Eval done...
[20250223 21:35:52 INFO    ] Epoch 141 done. Time: 2.4min
[20250223 21:35:52 INFO    ] Running training epoch 142
[20250223 21:38:03 INFO    ] train epoch:142 / loss:0.001086 / SRCC:0.9765 / PLCC:0.983
[20250223 21:38:03 INFO    ] Starting eval...
[20250223 21:38:03 INFO    ] Running testing in epoch 142
[20250223 21:38:18 INFO    ] Epoch:142 ===== loss:0.00394 ===== SRCC:0.9352 ===== PLCC:0.9415
[20250223 21:38:18 INFO    ] Eval done...
[20250223 21:38:18 INFO    ] Epoch 142 done. Time: 2.4min
[20250223 21:38:18 INFO    ] Running training epoch 143
[20250223 21:40:28 INFO    ] train epoch:143 / loss:0.0009888 / SRCC:0.9781 / PLCC:0.9845
[20250223 21:40:28 INFO    ] Starting eval...
[20250223 21:40:28 INFO    ] Running testing in epoch 143
[20250223 21:40:43 INFO    ] Epoch:143 ===== loss:0.004154 ===== SRCC:0.9289 ===== PLCC:0.9399
[20250223 21:40:43 INFO    ] Eval done...
[20250223 21:40:43 INFO    ] Epoch 143 done. Time: 2.4min
[20250223 21:40:43 INFO    ] Running training epoch 144
[20250223 21:42:54 INFO    ] train epoch:144 / loss:0.001061 / SRCC:0.9772 / PLCC:0.9834
[20250223 21:42:54 INFO    ] Starting eval...
[20250223 21:42:54 INFO    ] Running testing in epoch 144
[20250223 21:43:09 INFO    ] Epoch:144 ===== loss:0.005399 ===== SRCC:0.9232 ===== PLCC:0.9334
[20250223 21:43:09 INFO    ] Eval done...
[20250223 21:43:09 INFO    ] Epoch 144 done. Time: 2.4min
[20250223 21:43:09 INFO    ] Running training epoch 145
[20250223 21:45:19 INFO    ] train epoch:145 / loss:0.001142 / SRCC:0.9754 / PLCC:0.9821
[20250223 21:45:19 INFO    ] Starting eval...
[20250223 21:45:19 INFO    ] Running testing in epoch 145
[20250223 21:45:34 INFO    ] Epoch:145 ===== loss:0.005005 ===== SRCC:0.9201 ===== PLCC:0.9323
[20250223 21:45:34 INFO    ] Eval done...
[20250223 21:45:34 INFO    ] Epoch 145 done. Time: 2.4min
[20250223 21:45:34 INFO    ] Running training epoch 146
[20250223 21:47:44 INFO    ] train epoch:146 / loss:0.001095 / SRCC:0.977 / PLCC:0.9829
[20250223 21:47:44 INFO    ] Starting eval...
[20250223 21:47:44 INFO    ] Running testing in epoch 146
[20250223 21:47:59 INFO    ] Epoch:146 ===== loss:0.005268 ===== SRCC:0.9106 ===== PLCC:0.9221
[20250223 21:47:59 INFO    ] Eval done...
[20250223 21:47:59 INFO    ] Epoch 146 done. Time: 2.4min
[20250223 21:47:59 INFO    ] Running training epoch 147
[20250223 21:50:10 INFO    ] train epoch:147 / loss:0.001339 / SRCC:0.9726 / PLCC:0.979
[20250223 21:50:10 INFO    ] Starting eval...
[20250223 21:50:10 INFO    ] Running testing in epoch 147
[20250223 21:50:25 INFO    ] Epoch:147 ===== loss:0.005957 ===== SRCC:0.9124 ===== PLCC:0.9262
[20250223 21:50:25 INFO    ] Eval done...
[20250223 21:50:25 INFO    ] Epoch 147 done. Time: 2.4min
[20250223 21:50:25 INFO    ] Running training epoch 148
[20250223 21:52:35 INFO    ] train epoch:148 / loss:0.0009607 / SRCC:0.9798 / PLCC:0.985
[20250223 21:52:35 INFO    ] Starting eval...
[20250223 21:52:35 INFO    ] Running testing in epoch 148
[20250223 21:52:50 INFO    ] Epoch:148 ===== loss:0.004664 ===== SRCC:0.9283 ===== PLCC:0.9364
[20250223 21:52:50 INFO    ] Eval done...
[20250223 21:52:50 INFO    ] Epoch 148 done. Time: 2.4min
[20250223 21:52:50 INFO    ] Running training epoch 149
[20250223 21:55:00 INFO    ] train epoch:149 / loss:0.001126 / SRCC:0.976 / PLCC:0.9824
[20250223 21:55:00 INFO    ] Starting eval...
[20250223 21:55:00 INFO    ] Running testing in epoch 149
[20250223 21:55:15 INFO    ] Epoch:149 ===== loss:0.005128 ===== SRCC:0.9374 ===== PLCC:0.9427
[20250223 21:55:15 INFO    ] Eval done...
[20250223 21:55:15 INFO    ] Epoch 149 done. Time: 2.4min
[20250223 21:55:15 INFO    ] Running training epoch 150
[20250223 21:57:25 INFO    ] train epoch:150 / loss:0.000831 / SRCC:0.9815 / PLCC:0.987
[20250223 21:57:25 INFO    ] Starting eval...
[20250223 21:57:25 INFO    ] Running testing in epoch 150
[20250223 21:57:41 INFO    ] Epoch:150 ===== loss:0.003818 ===== SRCC:0.9404 ===== PLCC:0.9474
[20250223 21:57:41 INFO    ] Eval done...
[20250223 21:57:41 INFO    ] Epoch 150 done. Time: 2.4min
[20250223 21:57:41 INFO    ] Running training epoch 151
[20250223 21:59:51 INFO    ] train epoch:151 / loss:0.0009991 / SRCC:0.9786 / PLCC:0.9844
[20250223 21:59:51 INFO    ] Starting eval...
[20250223 21:59:51 INFO    ] Running testing in epoch 151
[20250223 22:00:06 INFO    ] Epoch:151 ===== loss:0.004845 ===== SRCC:0.9169 ===== PLCC:0.9296
[20250223 22:00:06 INFO    ] Eval done...
[20250223 22:00:06 INFO    ] Epoch 151 done. Time: 2.4min
[20250223 22:00:06 INFO    ] Running training epoch 152
[20250223 22:02:16 INFO    ] train epoch:152 / loss:0.001307 / SRCC:0.9716 / PLCC:0.9795
[20250223 22:02:16 INFO    ] Starting eval...
[20250223 22:02:16 INFO    ] Running testing in epoch 152
[20250223 22:02:31 INFO    ] Epoch:152 ===== loss:0.004724 ===== SRCC:0.9166 ===== PLCC:0.9302
[20250223 22:02:31 INFO    ] Eval done...
[20250223 22:02:31 INFO    ] Epoch 152 done. Time: 2.4min
[20250223 22:02:31 INFO    ] Running training epoch 153
[20250223 22:04:42 INFO    ] train epoch:153 / loss:0.001084 / SRCC:0.977 / PLCC:0.983
[20250223 22:04:42 INFO    ] Starting eval...
[20250223 22:04:42 INFO    ] Running testing in epoch 153
[20250223 22:04:57 INFO    ] Epoch:153 ===== loss:0.005366 ===== SRCC:0.9248 ===== PLCC:0.9344
[20250223 22:04:57 INFO    ] Eval done...
[20250223 22:04:57 INFO    ] Epoch 153 done. Time: 2.4min
[20250223 22:04:57 INFO    ] Running training epoch 154
[20250223 22:07:07 INFO    ] train epoch:154 / loss:0.001311 / SRCC:0.9726 / PLCC:0.9795
[20250223 22:07:07 INFO    ] Starting eval...
[20250223 22:07:07 INFO    ] Running testing in epoch 154
[20250223 22:07:22 INFO    ] Epoch:154 ===== loss:0.004769 ===== SRCC:0.9262 ===== PLCC:0.9357
[20250223 22:07:22 INFO    ] Eval done...
[20250223 22:07:22 INFO    ] Epoch 154 done. Time: 2.4min
[20250223 22:07:22 INFO    ] Running training epoch 155
[20250223 22:09:33 INFO    ] train epoch:155 / loss:0.001087 / SRCC:0.9767 / PLCC:0.983
[20250223 22:09:33 INFO    ] Starting eval...
[20250223 22:09:33 INFO    ] Running testing in epoch 155
[20250223 22:09:48 INFO    ] Epoch:155 ===== loss:0.004625 ===== SRCC:0.9223 ===== PLCC:0.9332
[20250223 22:09:48 INFO    ] Eval done...
[20250223 22:09:48 INFO    ] Epoch 155 done. Time: 2.4min
[20250223 22:09:48 INFO    ] Running training epoch 156
[20250223 22:11:57 INFO    ] train epoch:156 / loss:0.001184 / SRCC:0.9745 / PLCC:0.9815
[20250223 22:11:57 INFO    ] Starting eval...
[20250223 22:11:57 INFO    ] Running testing in epoch 156
[20250223 22:12:12 INFO    ] Epoch:156 ===== loss:0.003829 ===== SRCC:0.9347 ===== PLCC:0.9432
[20250223 22:12:12 INFO    ] Eval done...
[20250223 22:12:12 INFO    ] Epoch 156 done. Time: 2.4min
[20250223 22:12:12 INFO    ] Running training epoch 157
[20250223 22:14:22 INFO    ] train epoch:157 / loss:0.001033 / SRCC:0.9778 / PLCC:0.9838
[20250223 22:14:22 INFO    ] Starting eval...
[20250223 22:14:22 INFO    ] Running testing in epoch 157
[20250223 22:14:37 INFO    ] Epoch:157 ===== loss:0.005047 ===== SRCC:0.9254 ===== PLCC:0.9349
[20250223 22:14:37 INFO    ] Eval done...
[20250223 22:14:37 INFO    ] Epoch 157 done. Time: 2.4min
[20250223 22:14:37 INFO    ] Running training epoch 158
[20250223 22:16:47 INFO    ] train epoch:158 / loss:0.001007 / SRCC:0.9788 / PLCC:0.9843
[20250223 22:16:47 INFO    ] Starting eval...
[20250223 22:16:47 INFO    ] Running testing in epoch 158
[20250223 22:17:02 INFO    ] Epoch:158 ===== loss:0.004526 ===== SRCC:0.9257 ===== PLCC:0.9332
[20250223 22:17:02 INFO    ] Eval done...
[20250223 22:17:02 INFO    ] Epoch 158 done. Time: 2.4min
[20250223 22:17:02 INFO    ] Running training epoch 159
[20250223 22:19:13 INFO    ] train epoch:159 / loss:0.0009095 / SRCC:0.9804 / PLCC:0.9858
[20250223 22:19:13 INFO    ] Starting eval...
[20250223 22:19:13 INFO    ] Running testing in epoch 159
[20250223 22:19:28 INFO    ] Epoch:159 ===== loss:0.006353 ===== SRCC:0.9196 ===== PLCC:0.9294
[20250223 22:19:28 INFO    ] Eval done...
[20250223 22:19:28 INFO    ] Epoch 159 done. Time: 2.4min
[20250223 22:19:28 INFO    ] Running training epoch 160
[20250223 22:21:38 INFO    ] train epoch:160 / loss:0.001152 / SRCC:0.976 / PLCC:0.982
[20250223 22:21:38 INFO    ] Starting eval...
[20250223 22:21:38 INFO    ] Running testing in epoch 160
[20250223 22:21:53 INFO    ] Epoch:160 ===== loss:0.004324 ===== SRCC:0.928 ===== PLCC:0.9375
[20250223 22:21:53 INFO    ] Eval done...
[20250223 22:21:53 INFO    ] Epoch 160 done. Time: 2.4min
[20250223 22:21:53 INFO    ] Running training epoch 161
[20250223 22:24:04 INFO    ] train epoch:161 / loss:0.0009381 / SRCC:0.9803 / PLCC:0.9853
[20250223 22:24:04 INFO    ] Starting eval...
[20250223 22:24:04 INFO    ] Running testing in epoch 161
[20250223 22:24:18 INFO    ] Epoch:161 ===== loss:0.003866 ===== SRCC:0.9374 ===== PLCC:0.9453
[20250223 22:24:18 INFO    ] Eval done...
[20250223 22:24:18 INFO    ] Epoch 161 done. Time: 2.4min
[20250223 22:24:18 INFO    ] Running training epoch 162
[20250223 22:26:28 INFO    ] train epoch:162 / loss:0.001286 / SRCC:0.9742 / PLCC:0.9798
[20250223 22:26:28 INFO    ] Starting eval...
[20250223 22:26:28 INFO    ] Running testing in epoch 162
[20250223 22:26:43 INFO    ] Epoch:162 ===== loss:0.003825 ===== SRCC:0.9366 ===== PLCC:0.9443
[20250223 22:26:43 INFO    ] Eval done...
[20250223 22:26:43 INFO    ] Epoch 162 done. Time: 2.4min
[20250223 22:26:43 INFO    ] Running training epoch 163
[20250223 22:28:53 INFO    ] train epoch:163 / loss:0.001349 / SRCC:0.9714 / PLCC:0.9788
[20250223 22:28:53 INFO    ] Starting eval...
[20250223 22:28:53 INFO    ] Running testing in epoch 163
[20250223 22:29:08 INFO    ] Epoch:163 ===== loss:0.005354 ===== SRCC:0.9077 ===== PLCC:0.924
[20250223 22:29:08 INFO    ] Eval done...
[20250223 22:29:08 INFO    ] Epoch 163 done. Time: 2.4min
[20250223 22:29:08 INFO    ] Running training epoch 164
[20250223 22:31:18 INFO    ] train epoch:164 / loss:0.001289 / SRCC:0.9729 / PLCC:0.9798
[20250223 22:31:18 INFO    ] Starting eval...
[20250223 22:31:18 INFO    ] Running testing in epoch 164
[20250223 22:31:33 INFO    ] Epoch:164 ===== loss:0.004731 ===== SRCC:0.9257 ===== PLCC:0.9358
[20250223 22:31:33 INFO    ] Eval done...
[20250223 22:31:33 INFO    ] Epoch 164 done. Time: 2.4min
[20250223 22:31:33 INFO    ] Running training epoch 165
[20250223 22:33:43 INFO    ] train epoch:165 / loss:0.001127 / SRCC:0.9759 / PLCC:0.9824
[20250223 22:33:43 INFO    ] Starting eval...
[20250223 22:33:43 INFO    ] Running testing in epoch 165
[20250223 22:33:58 INFO    ] Epoch:165 ===== loss:0.005424 ===== SRCC:0.9156 ===== PLCC:0.9272
[20250223 22:33:58 INFO    ] Eval done...
[20250223 22:33:58 INFO    ] Epoch 165 done. Time: 2.4min
[20250223 22:33:58 INFO    ] Running training epoch 166
[20250223 22:36:08 INFO    ] train epoch:166 / loss:0.0009043 / SRCC:0.9807 / PLCC:0.9859
[20250223 22:36:08 INFO    ] Starting eval...
[20250223 22:36:08 INFO    ] Running testing in epoch 166
[20250223 22:36:23 INFO    ] Epoch:166 ===== loss:0.006165 ===== SRCC:0.9141 ===== PLCC:0.9277
[20250223 22:36:23 INFO    ] Eval done...
[20250223 22:36:23 INFO    ] Epoch 166 done. Time: 2.4min
[20250223 22:36:23 INFO    ] Running training epoch 167
[20250223 22:38:33 INFO    ] train epoch:167 / loss:0.001322 / SRCC:0.9727 / PLCC:0.9793
[20250223 22:38:33 INFO    ] Starting eval...
[20250223 22:38:33 INFO    ] Running testing in epoch 167
[20250223 22:38:48 INFO    ] Epoch:167 ===== loss:0.005871 ===== SRCC:0.9236 ===== PLCC:0.9318
[20250223 22:38:48 INFO    ] Eval done...
[20250223 22:38:48 INFO    ] Epoch 167 done. Time: 2.4min
[20250223 22:38:48 INFO    ] Running training epoch 168
[20250223 22:40:58 INFO    ] train epoch:168 / loss:0.001025 / SRCC:0.9788 / PLCC:0.984
[20250223 22:40:58 INFO    ] Starting eval...
[20250223 22:40:58 INFO    ] Running testing in epoch 168
[20250223 22:41:13 INFO    ] Epoch:168 ===== loss:0.004667 ===== SRCC:0.9263 ===== PLCC:0.9355
[20250223 22:41:13 INFO    ] Eval done...
[20250223 22:41:13 INFO    ] Epoch 168 done. Time: 2.4min
[20250223 22:41:13 INFO    ] Running training epoch 169
[20250223 22:43:23 INFO    ] train epoch:169 / loss:0.001016 / SRCC:0.9777 / PLCC:0.9841
[20250223 22:43:23 INFO    ] Starting eval...
[20250223 22:43:23 INFO    ] Running testing in epoch 169
[20250223 22:43:38 INFO    ] Epoch:169 ===== loss:0.004729 ===== SRCC:0.9385 ===== PLCC:0.9419
[20250223 22:43:38 INFO    ] Eval done...
[20250223 22:43:38 INFO    ] Epoch 169 done. Time: 2.4min
[20250223 22:43:38 INFO    ] Running training epoch 170
[20250223 22:45:48 INFO    ] train epoch:170 / loss:0.0009675 / SRCC:0.979 / PLCC:0.9849
[20250223 22:45:48 INFO    ] Starting eval...
[20250223 22:45:48 INFO    ] Running testing in epoch 170
[20250223 22:46:03 INFO    ] Epoch:170 ===== loss:0.004014 ===== SRCC:0.9358 ===== PLCC:0.9433
[20250223 22:46:03 INFO    ] Eval done...
[20250223 22:46:03 INFO    ] Epoch 170 done. Time: 2.4min
[20250223 22:46:03 INFO    ] Running training epoch 171
[20250223 22:48:13 INFO    ] train epoch:171 / loss:0.001138 / SRCC:0.9761 / PLCC:0.9822
[20250223 22:48:13 INFO    ] Starting eval...
[20250223 22:48:13 INFO    ] Running testing in epoch 171
[20250223 22:48:28 INFO    ] Epoch:171 ===== loss:0.006747 ===== SRCC:0.9218 ===== PLCC:0.9312
[20250223 22:48:28 INFO    ] Eval done...
[20250223 22:48:28 INFO    ] Epoch 171 done. Time: 2.4min
[20250223 22:48:28 INFO    ] Running training epoch 172
[20250223 22:50:38 INFO    ] train epoch:172 / loss:0.0009727 / SRCC:0.9802 / PLCC:0.9848
[20250223 22:50:38 INFO    ] Starting eval...
[20250223 22:50:38 INFO    ] Running testing in epoch 172
[20250223 22:50:53 INFO    ] Epoch:172 ===== loss:0.003955 ===== SRCC:0.9367 ===== PLCC:0.9439
[20250223 22:50:53 INFO    ] Eval done...
[20250223 22:50:53 INFO    ] Epoch 172 done. Time: 2.4min
[20250223 22:50:53 INFO    ] Running training epoch 173
[20250223 22:53:03 INFO    ] train epoch:173 / loss:0.00124 / SRCC:0.9743 / PLCC:0.9806
[20250223 22:53:03 INFO    ] Starting eval...
[20250223 22:53:03 INFO    ] Running testing in epoch 173
[20250223 22:53:18 INFO    ] Epoch:173 ===== loss:0.004909 ===== SRCC:0.9288 ===== PLCC:0.9382
[20250223 22:53:18 INFO    ] Eval done...
[20250223 22:53:18 INFO    ] Epoch 173 done. Time: 2.4min
[20250223 22:53:18 INFO    ] Running training epoch 174
[20250223 22:55:28 INFO    ] train epoch:174 / loss:0.001165 / SRCC:0.975 / PLCC:0.9818
[20250223 22:55:28 INFO    ] Starting eval...
[20250223 22:55:28 INFO    ] Running testing in epoch 174
[20250223 22:55:43 INFO    ] Epoch:174 ===== loss:0.005321 ===== SRCC:0.921 ===== PLCC:0.9329
[20250223 22:55:43 INFO    ] Eval done...
[20250223 22:55:43 INFO    ] Epoch 174 done. Time: 2.4min
[20250223 22:55:43 INFO    ] Running training epoch 175
[20250223 22:57:53 INFO    ] train epoch:175 / loss:0.001258 / SRCC:0.975 / PLCC:0.9803
[20250223 22:57:53 INFO    ] Starting eval...
[20250223 22:57:53 INFO    ] Running testing in epoch 175
[20250223 22:58:08 INFO    ] Epoch:175 ===== loss:0.004813 ===== SRCC:0.9322 ===== PLCC:0.9387
[20250223 22:58:08 INFO    ] Eval done...
[20250223 22:58:08 INFO    ] Epoch 175 done. Time: 2.4min
[20250223 22:58:08 INFO    ] Running training epoch 176
[20250223 23:00:18 INFO    ] train epoch:176 / loss:0.0008796 / SRCC:0.9808 / PLCC:0.9863
[20250223 23:00:18 INFO    ] Starting eval...
[20250223 23:00:18 INFO    ] Running testing in epoch 176
[20250223 23:00:33 INFO    ] Epoch:176 ===== loss:0.004734 ===== SRCC:0.9312 ===== PLCC:0.9381
[20250223 23:00:33 INFO    ] Eval done...
[20250223 23:00:33 INFO    ] Epoch 176 done. Time: 2.4min
[20250223 23:00:33 INFO    ] Running training epoch 177
[20250223 23:02:43 INFO    ] train epoch:177 / loss:0.0009249 / SRCC:0.9791 / PLCC:0.9855
[20250223 23:02:43 INFO    ] Starting eval...
[20250223 23:02:43 INFO    ] Running testing in epoch 177
[20250223 23:02:58 INFO    ] Epoch:177 ===== loss:0.004803 ===== SRCC:0.9327 ===== PLCC:0.943
[20250223 23:02:58 INFO    ] Eval done...
[20250223 23:02:58 INFO    ] Epoch 177 done. Time: 2.4min
[20250223 23:02:58 INFO    ] Running training epoch 178
[20250223 23:05:08 INFO    ] train epoch:178 / loss:0.001109 / SRCC:0.9765 / PLCC:0.9827
[20250223 23:05:08 INFO    ] Starting eval...
[20250223 23:05:08 INFO    ] Running testing in epoch 178
[20250223 23:05:23 INFO    ] Epoch:178 ===== loss:0.004633 ===== SRCC:0.9344 ===== PLCC:0.9403
[20250223 23:05:23 INFO    ] Eval done...
[20250223 23:05:23 INFO    ] Epoch 178 done. Time: 2.4min
[20250223 23:05:23 INFO    ] Running training epoch 179
[20250223 23:07:32 INFO    ] train epoch:179 / loss:0.0009663 / SRCC:0.9796 / PLCC:0.9849
[20250223 23:07:32 INFO    ] Starting eval...
[20250223 23:07:32 INFO    ] Running testing in epoch 179
[20250223 23:07:47 INFO    ] Epoch:179 ===== loss:0.004419 ===== SRCC:0.928 ===== PLCC:0.9348
[20250223 23:07:47 INFO    ] Eval done...
[20250223 23:07:47 INFO    ] Epoch 179 done. Time: 2.4min
[20250223 23:07:47 INFO    ] Running training epoch 180
[20250223 23:09:57 INFO    ] train epoch:180 / loss:0.001157 / SRCC:0.9758 / PLCC:0.9819
[20250223 23:09:57 INFO    ] Starting eval...
[20250223 23:09:57 INFO    ] Running testing in epoch 180
[20250223 23:10:12 INFO    ] Epoch:180 ===== loss:0.00642 ===== SRCC:0.9185 ===== PLCC:0.9258
[20250223 23:10:12 INFO    ] Eval done...
[20250223 23:10:12 INFO    ] Epoch 180 done. Time: 2.4min
[20250223 23:10:12 INFO    ] Running training epoch 181
[20250223 23:12:22 INFO    ] train epoch:181 / loss:0.001005 / SRCC:0.979 / PLCC:0.9843
[20250223 23:12:22 INFO    ] Starting eval...
[20250223 23:12:22 INFO    ] Running testing in epoch 181
[20250223 23:12:37 INFO    ] Epoch:181 ===== loss:0.004553 ===== SRCC:0.9317 ===== PLCC:0.9385
[20250223 23:12:37 INFO    ] Eval done...
[20250223 23:12:37 INFO    ] Epoch 181 done. Time: 2.4min
[20250223 23:12:37 INFO    ] Running training epoch 182
[20250223 23:14:47 INFO    ] train epoch:182 / loss:0.0007711 / SRCC:0.9837 / PLCC:0.988
[20250223 23:14:47 INFO    ] Starting eval...
[20250223 23:14:47 INFO    ] Running testing in epoch 182
[20250223 23:15:02 INFO    ] Epoch:182 ===== loss:0.003937 ===== SRCC:0.9358 ===== PLCC:0.9433
[20250223 23:15:02 INFO    ] Eval done...
[20250223 23:15:02 INFO    ] Epoch 182 done. Time: 2.4min
[20250223 23:15:02 INFO    ] Running training epoch 183
[20250223 23:17:12 INFO    ] train epoch:183 / loss:0.001129 / SRCC:0.9762 / PLCC:0.9823
[20250223 23:17:12 INFO    ] Starting eval...
[20250223 23:17:12 INFO    ] Running testing in epoch 183
[20250223 23:17:27 INFO    ] Epoch:183 ===== loss:0.004328 ===== SRCC:0.925 ===== PLCC:0.9373
[20250223 23:17:27 INFO    ] Eval done...
[20250223 23:17:27 INFO    ] Epoch 183 done. Time: 2.4min
[20250223 23:17:27 INFO    ] Running training epoch 184
[20250223 23:19:37 INFO    ] train epoch:184 / loss:0.0008886 / SRCC:0.9808 / PLCC:0.9861
[20250223 23:19:37 INFO    ] Starting eval...
[20250223 23:19:37 INFO    ] Running testing in epoch 184
[20250223 23:19:52 INFO    ] Epoch:184 ===== loss:0.005039 ===== SRCC:0.9239 ===== PLCC:0.9339
[20250223 23:19:52 INFO    ] Eval done...
[20250223 23:19:52 INFO    ] Epoch 184 done. Time: 2.4min
[20250223 23:19:52 INFO    ] Running training epoch 185
[20250223 23:22:02 INFO    ] train epoch:185 / loss:0.001129 / SRCC:0.9755 / PLCC:0.9823
[20250223 23:22:02 INFO    ] Starting eval...
[20250223 23:22:02 INFO    ] Running testing in epoch 185
[20250223 23:22:17 INFO    ] Epoch:185 ===== loss:0.004042 ===== SRCC:0.9322 ===== PLCC:0.9421
[20250223 23:22:17 INFO    ] Eval done...
[20250223 23:22:17 INFO    ] Epoch 185 done. Time: 2.4min
[20250223 23:22:17 INFO    ] Running training epoch 186
[20250223 23:24:27 INFO    ] train epoch:186 / loss:0.0009334 / SRCC:0.9806 / PLCC:0.9854
[20250223 23:24:27 INFO    ] Starting eval...
[20250223 23:24:27 INFO    ] Running testing in epoch 186
[20250223 23:24:42 INFO    ] Epoch:186 ===== loss:0.004818 ===== SRCC:0.9256 ===== PLCC:0.9351
[20250223 23:24:42 INFO    ] Eval done...
[20250223 23:24:42 INFO    ] Epoch 186 done. Time: 2.4min
[20250223 23:24:42 INFO    ] Running training epoch 187
[20250223 23:26:52 INFO    ] train epoch:187 / loss:0.0009798 / SRCC:0.9788 / PLCC:0.9847
[20250223 23:26:52 INFO    ] Starting eval...
[20250223 23:26:52 INFO    ] Running testing in epoch 187
[20250223 23:27:07 INFO    ] Epoch:187 ===== loss:0.0046 ===== SRCC:0.9265 ===== PLCC:0.9341
[20250223 23:27:07 INFO    ] Eval done...
[20250223 23:27:07 INFO    ] Epoch 187 done. Time: 2.4min
[20250223 23:27:07 INFO    ] Running training epoch 188
[20250223 23:29:17 INFO    ] train epoch:188 / loss:0.001033 / SRCC:0.9778 / PLCC:0.9838
[20250223 23:29:17 INFO    ] Starting eval...
[20250223 23:29:17 INFO    ] Running testing in epoch 188
[20250223 23:29:32 INFO    ] Epoch:188 ===== loss:0.005915 ===== SRCC:0.9046 ===== PLCC:0.9183
[20250223 23:29:32 INFO    ] Eval done...
[20250223 23:29:32 INFO    ] Epoch 188 done. Time: 2.4min
[20250223 23:29:32 INFO    ] Running training epoch 189
[20250223 23:31:42 INFO    ] train epoch:189 / loss:0.001339 / SRCC:0.9716 / PLCC:0.979
[20250223 23:31:42 INFO    ] Starting eval...
[20250223 23:31:42 INFO    ] Running testing in epoch 189
[20250223 23:31:57 INFO    ] Epoch:189 ===== loss:0.005667 ===== SRCC:0.9164 ===== PLCC:0.9266
[20250223 23:31:57 INFO    ] Eval done...
[20250223 23:31:57 INFO    ] Epoch 189 done. Time: 2.4min
[20250223 23:31:57 INFO    ] Running training epoch 190
[20250223 23:34:07 INFO    ] train epoch:190 / loss:0.001016 / SRCC:0.9794 / PLCC:0.9841
[20250223 23:34:07 INFO    ] Starting eval...
[20250223 23:34:07 INFO    ] Running testing in epoch 190
[20250223 23:34:22 INFO    ] Epoch:190 ===== loss:0.00604 ===== SRCC:0.9123 ===== PLCC:0.9225
[20250223 23:34:22 INFO    ] Eval done...
[20250223 23:34:22 INFO    ] Epoch 190 done. Time: 2.4min
[20250223 23:34:22 INFO    ] Running training epoch 191
[20250223 23:36:32 INFO    ] train epoch:191 / loss:0.0009524 / SRCC:0.9794 / PLCC:0.9851
[20250223 23:36:32 INFO    ] Starting eval...
[20250223 23:36:32 INFO    ] Running testing in epoch 191
[20250223 23:36:47 INFO    ] Epoch:191 ===== loss:0.008375 ===== SRCC:0.8942 ===== PLCC:0.9093
[20250223 23:36:47 INFO    ] Eval done...
[20250223 23:36:47 INFO    ] Epoch 191 done. Time: 2.4min
[20250223 23:36:47 INFO    ] Running training epoch 192
[20250223 23:38:56 INFO    ] train epoch:192 / loss:0.001174 / SRCC:0.9742 / PLCC:0.9816
[20250223 23:38:56 INFO    ] Starting eval...
[20250223 23:38:56 INFO    ] Running testing in epoch 192
[20250223 23:39:11 INFO    ] Epoch:192 ===== loss:0.006083 ===== SRCC:0.9211 ===== PLCC:0.9278
[20250223 23:39:11 INFO    ] Eval done...
[20250223 23:39:11 INFO    ] Epoch 192 done. Time: 2.4min
[20250223 23:39:11 INFO    ] Running training epoch 193
[20250223 23:41:20 INFO    ] train epoch:193 / loss:0.0008956 / SRCC:0.9808 / PLCC:0.986
[20250223 23:41:20 INFO    ] Starting eval...
[20250223 23:41:20 INFO    ] Running testing in epoch 193
[20250223 23:41:35 INFO    ] Epoch:193 ===== loss:0.004639 ===== SRCC:0.9276 ===== PLCC:0.9372
[20250223 23:41:35 INFO    ] Eval done...
[20250223 23:41:35 INFO    ] Epoch 193 done. Time: 2.4min
[20250223 23:41:35 INFO    ] Running training epoch 194
[20250223 23:43:45 INFO    ] train epoch:194 / loss:0.001 / SRCC:0.9781 / PLCC:0.9844
[20250223 23:43:45 INFO    ] Starting eval...
[20250223 23:43:45 INFO    ] Running testing in epoch 194
[20250223 23:44:00 INFO    ] Epoch:194 ===== loss:0.004374 ===== SRCC:0.9261 ===== PLCC:0.9362
[20250223 23:44:00 INFO    ] Eval done...
[20250223 23:44:00 INFO    ] Epoch 194 done. Time: 2.4min
[20250223 23:44:00 INFO    ] Running training epoch 195
[20250223 23:46:10 INFO    ] train epoch:195 / loss:0.0008834 / SRCC:0.9818 / PLCC:0.9862
[20250223 23:46:10 INFO    ] Starting eval...
[20250223 23:46:10 INFO    ] Running testing in epoch 195
[20250223 23:46:25 INFO    ] Epoch:195 ===== loss:0.005422 ===== SRCC:0.906 ===== PLCC:0.9218
[20250223 23:46:25 INFO    ] Eval done...
[20250223 23:46:25 INFO    ] Epoch 195 done. Time: 2.4min
[20250223 23:46:25 INFO    ] Running training epoch 196
[20250223 23:48:35 INFO    ] train epoch:196 / loss:0.0009488 / SRCC:0.98 / PLCC:0.9852
[20250223 23:48:35 INFO    ] Starting eval...
[20250223 23:48:35 INFO    ] Running testing in epoch 196
[20250223 23:48:50 INFO    ] Epoch:196 ===== loss:0.006481 ===== SRCC:0.9031 ===== PLCC:0.9177
[20250223 23:48:50 INFO    ] Eval done...
[20250223 23:48:50 INFO    ] Epoch 196 done. Time: 2.4min
[20250223 23:48:50 INFO    ] Running training epoch 197
[20250223 23:51:00 INFO    ] train epoch:197 / loss:0.001004 / SRCC:0.9782 / PLCC:0.9843
[20250223 23:51:00 INFO    ] Starting eval...
[20250223 23:51:00 INFO    ] Running testing in epoch 197
[20250223 23:51:15 INFO    ] Epoch:197 ===== loss:0.004358 ===== SRCC:0.927 ===== PLCC:0.9359
[20250223 23:51:15 INFO    ] Eval done...
[20250223 23:51:15 INFO    ] Epoch 197 done. Time: 2.4min
[20250223 23:51:15 INFO    ] Running training epoch 198
[20250223 23:53:25 INFO    ] train epoch:198 / loss:0.0009428 / SRCC:0.9799 / PLCC:0.9853
[20250223 23:53:25 INFO    ] Starting eval...
[20250223 23:53:25 INFO    ] Running testing in epoch 198
[20250223 23:53:40 INFO    ] Epoch:198 ===== loss:0.005204 ===== SRCC:0.918 ===== PLCC:0.9296
[20250223 23:53:40 INFO    ] Eval done...
[20250223 23:53:40 INFO    ] Epoch 198 done. Time: 2.4min
[20250223 23:53:40 INFO    ] Running training epoch 199
[20250223 23:55:50 INFO    ] train epoch:199 / loss:0.0009713 / SRCC:0.9787 / PLCC:0.9848
[20250223 23:55:50 INFO    ] Starting eval...
[20250223 23:55:50 INFO    ] Running testing in epoch 199
[20250223 23:56:05 INFO    ] Epoch:199 ===== loss:0.005212 ===== SRCC:0.924 ===== PLCC:0.9336
[20250223 23:56:05 INFO    ] Eval done...
[20250223 23:56:05 INFO    ] Epoch 199 done. Time: 2.4min
[20250223 23:56:05 INFO    ] Running training epoch 200
[20250223 23:58:15 INFO    ] train epoch:200 / loss:0.001031 / SRCC:0.9789 / PLCC:0.9839
[20250223 23:58:15 INFO    ] Starting eval...
[20250223 23:58:15 INFO    ] Running testing in epoch 200
[20250223 23:58:30 INFO    ] Epoch:200 ===== loss:0.00559 ===== SRCC:0.9274 ===== PLCC:0.9328
[20250223 23:58:30 INFO    ] Eval done...
[20250223 23:58:30 INFO    ] Epoch 200 done. Time: 2.4min
