[20250123 09:44:36 INFO    ] {'dataset_name': 'livec', 'koniq10k_path': '../all_dataset/KonIQ-10K/1024x768', 'koniq10k_label': './data/koniq10k/koniq10k_label.txt', 'livec_path': '../all_dataset/LIVEC/Images/', 'livec_label': './data/livec/livec_label.txt', 'spaq_path': '../all_dataset/SPAQ/TestImage/', 'spaq_label': './data/spaq/spaq_label.txt', 'tid2013_path': '../all_dataset/tid2013/distorted_images/', 'tid2013_label': 'data/tid2013/tid2013_label.txt', 'kadid10k_path': '../all_dataset/KADID-10K/images/', 'kadid10k_label': './data/kadid10k/kadid10k_label.txt', 'batch_size': 12, 'learning_rate': 1e-05, 'weight_decay': 1e-05, 'n_epoch': 300, 'val_freq': 1, 'T_max': 50, 'eta_min': 0, 'num_avg_val': 1, 'num_workers': 8, 'split_seed': 20, 'train_keep_ratio': 1.0, 'val_keep_ratio': 1.0, 'crop_size': 224, 'prob_aug': 0.7, 'patch_size': 8, 'img_size': 224, 'embed_dim': 768, 'dim_mlp': 768, 'num_heads': [4, 4], 'window_size': 4, 'depths': [2, 2], 'num_outputs': 1, 'num_tab': 2, 'scale': 0.8, 'ckpt_path': './output_livec/models/livec', 'log_path': './output_livec/log/livec', 'log_file': 'livec.log', 'tensorboard_path': './output_livec/livec'}
[20250123 09:44:37 INFO    ] number of train scenes: 935
[20250123 09:44:37 INFO    ] number of val scenes: 234
[20250123 09:44:39 INFO    ] #Params : 172.537214 [M]
[20250123 09:44:46 INFO    ] Running training epoch 1
[20250123 09:46:04 INFO    ] train epoch:1 / loss:0.03627 / SRCC:0.6353 / PLCC:0.601
[20250123 09:46:04 INFO    ] Starting eval...
[20250123 09:46:04 INFO    ] Running testing in epoch 1
[20250123 09:46:23 INFO    ] Epoch:1 ===== loss:0.01763 ===== SRCC:0.8616 ===== PLCC:0.8663
[20250123 09:46:23 INFO    ] Eval done...
[20250123 09:46:23 INFO    ] ======================================================================================
[20250123 09:46:23 INFO    ] ============================== best main score is 1.7278955394573936 =================================
[20250123 09:46:23 INFO    ] ======================================================================================
[20250123 09:46:24 INFO    ] Saving weights and model of epoch1, SRCC:0.861582278416932, PLCC:0.8663132610404617
[20250123 09:46:24 INFO    ] Epoch 1 done. Time: 1.6min
[20250123 09:46:24 INFO    ] Running training epoch 2
[20250123 09:47:35 INFO    ] train epoch:2 / loss:0.01141 / SRCC:0.8508 / PLCC:0.8823
[20250123 09:47:35 INFO    ] Starting eval...
[20250123 09:47:35 INFO    ] Running testing in epoch 2
[20250123 09:47:43 INFO    ] Epoch:2 ===== loss:0.01298 ===== SRCC:0.8914 ===== PLCC:0.8962
[20250123 09:47:43 INFO    ] Eval done...
[20250123 09:47:43 INFO    ] ======================================================================================
[20250123 09:47:43 INFO    ] ============================== best main score is 1.7876818567625443 =================================
[20250123 09:47:43 INFO    ] ======================================================================================
[20250123 09:47:44 INFO    ] Saving weights and model of epoch2, SRCC:0.8914341429434927, PLCC:0.8962477138190517
[20250123 09:47:44 INFO    ] Epoch 2 done. Time: 1.3min
[20250123 09:47:44 INFO    ] Running training epoch 3
[20250123 09:48:55 INFO    ] train epoch:3 / loss:0.008965 / SRCC:0.8919 / PLCC:0.909
[20250123 09:48:55 INFO    ] Starting eval...
[20250123 09:48:55 INFO    ] Running testing in epoch 3
[20250123 09:49:03 INFO    ] Epoch:3 ===== loss:0.01592 ===== SRCC:0.8852 ===== PLCC:0.894
[20250123 09:49:03 INFO    ] Eval done...
[20250123 09:49:03 INFO    ] Epoch 3 done. Time: 1.3min
[20250123 09:49:03 INFO    ] Running training epoch 4
[20250123 09:50:14 INFO    ] train epoch:4 / loss:0.006583 / SRCC:0.9174 / PLCC:0.9342
[20250123 09:50:14 INFO    ] Starting eval...
[20250123 09:50:14 INFO    ] Running testing in epoch 4
[20250123 09:50:22 INFO    ] Epoch:4 ===== loss:0.01473 ===== SRCC:0.907 ===== PLCC:0.9158
[20250123 09:50:23 INFO    ] Eval done...
[20250123 09:50:23 INFO    ] ======================================================================================
[20250123 09:50:23 INFO    ] ============================== best main score is 1.822793705803814 =================================
[20250123 09:50:23 INFO    ] ======================================================================================
[20250123 09:50:24 INFO    ] Saving weights and model of epoch4, SRCC:0.9070100852809168, PLCC:0.9157836205228972
[20250123 09:50:24 INFO    ] Epoch 4 done. Time: 1.3min
[20250123 09:50:24 INFO    ] Running training epoch 5
[20250123 09:51:34 INFO    ] train epoch:5 / loss:0.003923 / SRCC:0.9478 / PLCC:0.9615
[20250123 09:51:34 INFO    ] Starting eval...
[20250123 09:51:34 INFO    ] Running testing in epoch 5
[20250123 09:51:43 INFO    ] Epoch:5 ===== loss:0.01356 ===== SRCC:0.9209 ===== PLCC:0.9229
[20250123 09:51:43 INFO    ] Eval done...
[20250123 09:51:43 INFO    ] ======================================================================================
[20250123 09:51:43 INFO    ] ============================== best main score is 1.84379659564628 =================================
[20250123 09:51:43 INFO    ] ======================================================================================
[20250123 09:51:44 INFO    ] Saving weights and model of epoch5, SRCC:0.9208658296183875, PLCC:0.9229307660278925
[20250123 09:51:44 INFO    ] Epoch 5 done. Time: 1.3min
[20250123 09:51:44 INFO    ] Running training epoch 6
[20250123 09:52:55 INFO    ] train epoch:6 / loss:0.003298 / SRCC:0.9599 / PLCC:0.9676
[20250123 09:52:55 INFO    ] Starting eval...
[20250123 09:52:55 INFO    ] Running testing in epoch 6
[20250123 09:53:03 INFO    ] Epoch:6 ===== loss:0.0106 ===== SRCC:0.9127 ===== PLCC:0.92
[20250123 09:53:03 INFO    ] Eval done...
[20250123 09:53:03 INFO    ] Epoch 6 done. Time: 1.3min
[20250123 09:53:03 INFO    ] Running training epoch 7
[20250123 09:54:14 INFO    ] train epoch:7 / loss:0.002438 / SRCC:0.966 / PLCC:0.976
[20250123 09:54:14 INFO    ] Starting eval...
[20250123 09:54:14 INFO    ] Running testing in epoch 7
[20250123 09:54:22 INFO    ] Epoch:7 ===== loss:0.01083 ===== SRCC:0.9081 ===== PLCC:0.9153
[20250123 09:54:22 INFO    ] Eval done...
[20250123 09:54:22 INFO    ] Epoch 7 done. Time: 1.3min
[20250123 09:54:22 INFO    ] Running training epoch 8
[20250123 09:55:33 INFO    ] train epoch:8 / loss:0.002447 / SRCC:0.9685 / PLCC:0.9761
[20250123 09:55:33 INFO    ] Starting eval...
[20250123 09:55:33 INFO    ] Running testing in epoch 8
[20250123 09:55:41 INFO    ] Epoch:8 ===== loss:0.01316 ===== SRCC:0.9022 ===== PLCC:0.9103
[20250123 09:55:41 INFO    ] Eval done...
[20250123 09:55:41 INFO    ] Epoch 8 done. Time: 1.3min
[20250123 09:55:41 INFO    ] Running training epoch 9
[20250123 09:56:52 INFO    ] train epoch:9 / loss:0.002359 / SRCC:0.9699 / PLCC:0.977
[20250123 09:56:52 INFO    ] Starting eval...
[20250123 09:56:52 INFO    ] Running testing in epoch 9
[20250123 09:57:00 INFO    ] Epoch:9 ===== loss:0.01263 ===== SRCC:0.9084 ===== PLCC:0.9165
[20250123 09:57:00 INFO    ] Eval done...
[20250123 09:57:00 INFO    ] Epoch 9 done. Time: 1.3min
[20250123 09:57:00 INFO    ] Running training epoch 10
[20250123 09:58:11 INFO    ] train epoch:10 / loss:0.002078 / SRCC:0.973 / PLCC:0.9795
[20250123 09:58:11 INFO    ] Starting eval...
[20250123 09:58:11 INFO    ] Running testing in epoch 10
[20250123 09:58:20 INFO    ] Epoch:10 ===== loss:0.01034 ===== SRCC:0.9143 ===== PLCC:0.919
[20250123 09:58:20 INFO    ] Eval done...
[20250123 09:58:20 INFO    ] Epoch 10 done. Time: 1.3min
[20250123 09:58:20 INFO    ] Running training epoch 11
[20250123 09:59:30 INFO    ] train epoch:11 / loss:0.00203 / SRCC:0.9731 / PLCC:0.9802
[20250123 09:59:30 INFO    ] Starting eval...
[20250123 09:59:30 INFO    ] Running testing in epoch 11
[20250123 09:59:39 INFO    ] Epoch:11 ===== loss:0.01046 ===== SRCC:0.9176 ===== PLCC:0.9222
[20250123 09:59:39 INFO    ] Eval done...
[20250123 09:59:39 INFO    ] Epoch 11 done. Time: 1.3min
[20250123 09:59:39 INFO    ] Running training epoch 12
[20250123 10:00:49 INFO    ] train epoch:12 / loss:0.001499 / SRCC:0.9806 / PLCC:0.9852
[20250123 10:00:49 INFO    ] Starting eval...
[20250123 10:00:49 INFO    ] Running testing in epoch 12
[20250123 10:00:58 INFO    ] Epoch:12 ===== loss:0.01477 ===== SRCC:0.9108 ===== PLCC:0.9126
[20250123 10:00:58 INFO    ] Eval done...
[20250123 10:00:58 INFO    ] Epoch 12 done. Time: 1.3min
[20250123 10:00:58 INFO    ] Running training epoch 13
[20250123 10:02:09 INFO    ] train epoch:13 / loss:0.0011 / SRCC:0.9859 / PLCC:0.9893
[20250123 10:02:09 INFO    ] Starting eval...
[20250123 10:02:09 INFO    ] Running testing in epoch 13
[20250123 10:02:17 INFO    ] Epoch:13 ===== loss:0.0116 ===== SRCC:0.9202 ===== PLCC:0.9207
[20250123 10:02:17 INFO    ] Eval done...
[20250123 10:02:17 INFO    ] Epoch 13 done. Time: 1.3min
[20250123 10:02:17 INFO    ] Running training epoch 14
[20250123 10:03:28 INFO    ] train epoch:14 / loss:0.001184 / SRCC:0.9851 / PLCC:0.9883
[20250123 10:03:28 INFO    ] Starting eval...
[20250123 10:03:28 INFO    ] Running testing in epoch 14
[20250123 10:03:36 INFO    ] Epoch:14 ===== loss:0.01029 ===== SRCC:0.9201 ===== PLCC:0.9224
[20250123 10:03:36 INFO    ] Eval done...
[20250123 10:03:36 INFO    ] Epoch 14 done. Time: 1.3min
[20250123 10:03:36 INFO    ] Running training epoch 15
[20250123 10:04:47 INFO    ] train epoch:15 / loss:0.0008156 / SRCC:0.9898 / PLCC:0.992
[20250123 10:04:47 INFO    ] Starting eval...
[20250123 10:04:47 INFO    ] Running testing in epoch 15
[20250123 10:04:55 INFO    ] Epoch:15 ===== loss:0.009727 ===== SRCC:0.9234 ===== PLCC:0.9251
[20250123 10:04:55 INFO    ] Eval done...
[20250123 10:04:55 INFO    ] ======================================================================================
[20250123 10:04:55 INFO    ] ============================== best main score is 1.848436531234124 =================================
[20250123 10:04:55 INFO    ] ======================================================================================
[20250123 10:04:56 INFO    ] Saving weights and model of epoch15, SRCC:0.9233858842516329, PLCC:0.9250506469824911
[20250123 10:04:56 INFO    ] Epoch 15 done. Time: 1.3min
[20250123 10:04:56 INFO    ] Running training epoch 16
[20250123 10:06:07 INFO    ] train epoch:16 / loss:0.001083 / SRCC:0.9866 / PLCC:0.9894
[20250123 10:06:07 INFO    ] Starting eval...
[20250123 10:06:07 INFO    ] Running testing in epoch 16
[20250123 10:06:15 INFO    ] Epoch:16 ===== loss:0.01083 ===== SRCC:0.9189 ===== PLCC:0.92
[20250123 10:06:15 INFO    ] Eval done...
[20250123 10:06:15 INFO    ] Epoch 16 done. Time: 1.3min
[20250123 10:06:15 INFO    ] Running training epoch 17
[20250123 10:07:26 INFO    ] train epoch:17 / loss:0.001136 / SRCC:0.9876 / PLCC:0.989
[20250123 10:07:26 INFO    ] Starting eval...
[20250123 10:07:26 INFO    ] Running testing in epoch 17
[20250123 10:07:34 INFO    ] Epoch:17 ===== loss:0.01207 ===== SRCC:0.9117 ===== PLCC:0.9146
[20250123 10:07:34 INFO    ] Eval done...
[20250123 10:07:34 INFO    ] Epoch 17 done. Time: 1.3min
[20250123 10:07:34 INFO    ] Running training epoch 18
[20250123 10:08:45 INFO    ] train epoch:18 / loss:0.001017 / SRCC:0.9872 / PLCC:0.9901
[20250123 10:08:45 INFO    ] Starting eval...
[20250123 10:08:45 INFO    ] Running testing in epoch 18
[20250123 10:08:53 INFO    ] Epoch:18 ===== loss:0.01091 ===== SRCC:0.9177 ===== PLCC:0.9218
[20250123 10:08:53 INFO    ] Eval done...
[20250123 10:08:53 INFO    ] Epoch 18 done. Time: 1.3min
[20250123 10:08:53 INFO    ] Running training epoch 19
[20250123 10:10:04 INFO    ] train epoch:19 / loss:0.0009576 / SRCC:0.988 / PLCC:0.9906
[20250123 10:10:04 INFO    ] Starting eval...
[20250123 10:10:04 INFO    ] Running testing in epoch 19
[20250123 10:10:12 INFO    ] Epoch:19 ===== loss:0.01023 ===== SRCC:0.9212 ===== PLCC:0.9236
[20250123 10:10:12 INFO    ] Eval done...
[20250123 10:10:12 INFO    ] Epoch 19 done. Time: 1.3min
[20250123 10:10:12 INFO    ] Running training epoch 20
[20250123 10:11:23 INFO    ] train epoch:20 / loss:0.0007557 / SRCC:0.9911 / PLCC:0.9926
[20250123 10:11:23 INFO    ] Starting eval...
[20250123 10:11:23 INFO    ] Running testing in epoch 20
[20250123 10:11:32 INFO    ] Epoch:20 ===== loss:0.009711 ===== SRCC:0.9223 ===== PLCC:0.9254
[20250123 10:11:32 INFO    ] Eval done...
[20250123 10:11:32 INFO    ] Epoch 20 done. Time: 1.3min
[20250123 10:11:32 INFO    ] Running training epoch 21
[20250123 10:12:42 INFO    ] train epoch:21 / loss:0.0005388 / SRCC:0.9934 / PLCC:0.9948
[20250123 10:12:42 INFO    ] Starting eval...
[20250123 10:12:42 INFO    ] Running testing in epoch 21
[20250123 10:12:50 INFO    ] Epoch:21 ===== loss:0.009777 ===== SRCC:0.9193 ===== PLCC:0.9238
[20250123 10:12:50 INFO    ] Eval done...
[20250123 10:12:50 INFO    ] Epoch 21 done. Time: 1.3min
[20250123 10:12:50 INFO    ] Running training epoch 22
[20250123 10:14:01 INFO    ] train epoch:22 / loss:0.0004339 / SRCC:0.9947 / PLCC:0.9958
[20250123 10:14:01 INFO    ] Starting eval...
[20250123 10:14:01 INFO    ] Running testing in epoch 22
[20250123 10:14:09 INFO    ] Epoch:22 ===== loss:0.01056 ===== SRCC:0.9203 ===== PLCC:0.9252
[20250123 10:14:09 INFO    ] Eval done...
[20250123 10:14:09 INFO    ] Epoch 22 done. Time: 1.3min
[20250123 10:14:09 INFO    ] Running training epoch 23
[20250123 10:15:20 INFO    ] train epoch:23 / loss:0.0003583 / SRCC:0.9956 / PLCC:0.9965
[20250123 10:15:20 INFO    ] Starting eval...
[20250123 10:15:20 INFO    ] Running testing in epoch 23
[20250123 10:15:29 INFO    ] Epoch:23 ===== loss:0.01006 ===== SRCC:0.9221 ===== PLCC:0.9248
[20250123 10:15:29 INFO    ] Eval done...
[20250123 10:15:29 INFO    ] Epoch 23 done. Time: 1.3min
[20250123 10:15:29 INFO    ] Running training epoch 24
[20250123 10:16:39 INFO    ] train epoch:24 / loss:0.0003239 / SRCC:0.9961 / PLCC:0.9969
[20250123 10:16:39 INFO    ] Starting eval...
[20250123 10:16:39 INFO    ] Running testing in epoch 24
[20250123 10:16:48 INFO    ] Epoch:24 ===== loss:0.01027 ===== SRCC:0.921 ===== PLCC:0.9232
[20250123 10:16:48 INFO    ] Eval done...
[20250123 10:16:48 INFO    ] Epoch 24 done. Time: 1.3min
[20250123 10:16:48 INFO    ] Running training epoch 25
[20250123 10:17:58 INFO    ] train epoch:25 / loss:0.0003859 / SRCC:0.9952 / PLCC:0.9962
[20250123 10:17:58 INFO    ] Starting eval...
[20250123 10:17:58 INFO    ] Running testing in epoch 25
[20250123 10:18:07 INFO    ] Epoch:25 ===== loss:0.009917 ===== SRCC:0.9201 ===== PLCC:0.9262
[20250123 10:18:07 INFO    ] Eval done...
[20250123 10:18:07 INFO    ] Epoch 25 done. Time: 1.3min
[20250123 10:18:07 INFO    ] Running training epoch 26
[20250123 10:19:17 INFO    ] train epoch:26 / loss:0.0005309 / SRCC:0.9935 / PLCC:0.9948
[20250123 10:19:17 INFO    ] Starting eval...
[20250123 10:19:17 INFO    ] Running testing in epoch 26
[20250123 10:19:26 INFO    ] Epoch:26 ===== loss:0.01451 ===== SRCC:0.9189 ===== PLCC:0.9201
[20250123 10:19:26 INFO    ] Eval done...
[20250123 10:19:26 INFO    ] Epoch 26 done. Time: 1.3min
[20250123 10:19:26 INFO    ] Running training epoch 27
[20250123 10:20:36 INFO    ] train epoch:27 / loss:0.0008173 / SRCC:0.9897 / PLCC:0.992
[20250123 10:20:36 INFO    ] Starting eval...
[20250123 10:20:36 INFO    ] Running testing in epoch 27
[20250123 10:20:45 INFO    ] Epoch:27 ===== loss:0.01036 ===== SRCC:0.9169 ===== PLCC:0.923
[20250123 10:20:45 INFO    ] Eval done...
[20250123 10:20:45 INFO    ] Epoch 27 done. Time: 1.3min
[20250123 10:20:45 INFO    ] Running training epoch 28
[20250123 10:21:56 INFO    ] train epoch:28 / loss:0.0006146 / SRCC:0.9925 / PLCC:0.994
[20250123 10:21:56 INFO    ] Starting eval...
[20250123 10:21:56 INFO    ] Running testing in epoch 28
[20250123 10:22:04 INFO    ] Epoch:28 ===== loss:0.01036 ===== SRCC:0.9194 ===== PLCC:0.9219
[20250123 10:22:04 INFO    ] Eval done...
[20250123 10:22:04 INFO    ] Epoch 28 done. Time: 1.3min
[20250123 10:22:04 INFO    ] Running training epoch 29
[20250123 10:23:15 INFO    ] train epoch:29 / loss:0.0006161 / SRCC:0.9923 / PLCC:0.994
[20250123 10:23:15 INFO    ] Starting eval...
[20250123 10:23:15 INFO    ] Running testing in epoch 29
[20250123 10:23:23 INFO    ] Epoch:29 ===== loss:0.01112 ===== SRCC:0.9142 ===== PLCC:0.9211
[20250123 10:23:23 INFO    ] Eval done...
[20250123 10:23:23 INFO    ] Epoch 29 done. Time: 1.3min
[20250123 10:23:23 INFO    ] Running training epoch 30
[20250123 10:24:34 INFO    ] train epoch:30 / loss:0.0006326 / SRCC:0.9924 / PLCC:0.9939
[20250123 10:24:34 INFO    ] Starting eval...
[20250123 10:24:34 INFO    ] Running testing in epoch 30
[20250123 10:24:43 INFO    ] Epoch:30 ===== loss:0.01007 ===== SRCC:0.9164 ===== PLCC:0.9225
[20250123 10:24:43 INFO    ] Eval done...
[20250123 10:24:43 INFO    ] Epoch 30 done. Time: 1.3min
[20250123 10:24:43 INFO    ] Running training epoch 31
[20250123 10:25:53 INFO    ] train epoch:31 / loss:0.0005195 / SRCC:0.9943 / PLCC:0.995
[20250123 10:25:53 INFO    ] Starting eval...
[20250123 10:25:53 INFO    ] Running testing in epoch 31
[20250123 10:26:02 INFO    ] Epoch:31 ===== loss:0.01054 ===== SRCC:0.9206 ===== PLCC:0.9239
[20250123 10:26:02 INFO    ] Eval done...
[20250123 10:26:02 INFO    ] Epoch 31 done. Time: 1.3min
[20250123 10:26:02 INFO    ] Running training epoch 32
[20250123 10:27:12 INFO    ] train epoch:32 / loss:0.000604 / SRCC:0.9921 / PLCC:0.9941
[20250123 10:27:12 INFO    ] Starting eval...
[20250123 10:27:12 INFO    ] Running testing in epoch 32
[20250123 10:27:21 INFO    ] Epoch:32 ===== loss:0.0108 ===== SRCC:0.9166 ===== PLCC:0.919
[20250123 10:27:21 INFO    ] Eval done...
[20250123 10:27:21 INFO    ] Epoch 32 done. Time: 1.3min
[20250123 10:27:21 INFO    ] Running training epoch 33
[20250123 10:28:32 INFO    ] train epoch:33 / loss:0.0005034 / SRCC:0.9937 / PLCC:0.9951
[20250123 10:28:32 INFO    ] Starting eval...
[20250123 10:28:32 INFO    ] Running testing in epoch 33
[20250123 10:28:40 INFO    ] Epoch:33 ===== loss:0.009967 ===== SRCC:0.9232 ===== PLCC:0.9257
[20250123 10:28:40 INFO    ] Eval done...
[20250123 10:28:40 INFO    ] ======================================================================================
[20250123 10:28:40 INFO    ] ============================== best main score is 1.8488760415712109 =================================
[20250123 10:28:40 INFO    ] ======================================================================================
[20250123 10:28:41 INFO    ] Saving weights and model of epoch33, SRCC:0.9232208505412195, PLCC:0.9256551910299914
[20250123 10:28:41 INFO    ] Epoch 33 done. Time: 1.3min
[20250123 10:28:41 INFO    ] Running training epoch 34
[20250123 10:29:52 INFO    ] train epoch:34 / loss:0.0003946 / SRCC:0.9952 / PLCC:0.9961
[20250123 10:29:52 INFO    ] Starting eval...
[20250123 10:29:52 INFO    ] Running testing in epoch 34
[20250123 10:30:00 INFO    ] Epoch:34 ===== loss:0.01041 ===== SRCC:0.9248 ===== PLCC:0.9237
[20250123 10:30:00 INFO    ] Eval done...
[20250123 10:30:00 INFO    ] Epoch 34 done. Time: 1.3min
[20250123 10:30:00 INFO    ] Running training epoch 35
[20250123 10:31:11 INFO    ] train epoch:35 / loss:0.000355 / SRCC:0.996 / PLCC:0.9966
[20250123 10:31:11 INFO    ] Starting eval...
[20250123 10:31:11 INFO    ] Running testing in epoch 35
[20250123 10:31:19 INFO    ] Epoch:35 ===== loss:0.01031 ===== SRCC:0.9191 ===== PLCC:0.9224
[20250123 10:31:19 INFO    ] Eval done...
[20250123 10:31:19 INFO    ] Epoch 35 done. Time: 1.3min
[20250123 10:31:19 INFO    ] Running training epoch 36
[20250123 10:32:30 INFO    ] train epoch:36 / loss:0.0002723 / SRCC:0.9969 / PLCC:0.9974
[20250123 10:32:30 INFO    ] Starting eval...
[20250123 10:32:30 INFO    ] Running testing in epoch 36
[20250123 10:32:39 INFO    ] Epoch:36 ===== loss:0.01027 ===== SRCC:0.9214 ===== PLCC:0.9239
[20250123 10:32:39 INFO    ] Eval done...
[20250123 10:32:39 INFO    ] Epoch 36 done. Time: 1.3min
[20250123 10:32:39 INFO    ] Running training epoch 37
[20250123 10:33:49 INFO    ] train epoch:37 / loss:0.0002594 / SRCC:0.9967 / PLCC:0.9975
[20250123 10:33:49 INFO    ] Starting eval...
[20250123 10:33:49 INFO    ] Running testing in epoch 37
[20250123 10:33:58 INFO    ] Epoch:37 ===== loss:0.01007 ===== SRCC:0.9251 ===== PLCC:0.9279
[20250123 10:33:58 INFO    ] Eval done...
[20250123 10:33:58 INFO    ] ======================================================================================
[20250123 10:33:58 INFO    ] ============================== best main score is 1.8530326404601865 =================================
[20250123 10:33:58 INFO    ] ======================================================================================
[20250123 10:33:59 INFO    ] Saving weights and model of epoch37, SRCC:0.9250929200538233, PLCC:0.9279397204063632
[20250123 10:33:59 INFO    ] Epoch 37 done. Time: 1.3min
[20250123 10:33:59 INFO    ] Running training epoch 38
[20250123 10:35:10 INFO    ] train epoch:38 / loss:0.0002822 / SRCC:0.9965 / PLCC:0.9973
[20250123 10:35:10 INFO    ] Starting eval...
[20250123 10:35:10 INFO    ] Running testing in epoch 38
[20250123 10:35:18 INFO    ] Epoch:38 ===== loss:0.01013 ===== SRCC:0.9211 ===== PLCC:0.9224
[20250123 10:35:18 INFO    ] Eval done...
[20250123 10:35:18 INFO    ] Epoch 38 done. Time: 1.3min
[20250123 10:35:18 INFO    ] Running training epoch 39
[20250123 10:36:29 INFO    ] train epoch:39 / loss:0.0003427 / SRCC:0.9962 / PLCC:0.9967
[20250123 10:36:29 INFO    ] Starting eval...
[20250123 10:36:29 INFO    ] Running testing in epoch 39
[20250123 10:36:37 INFO    ] Epoch:39 ===== loss:0.01115 ===== SRCC:0.9192 ===== PLCC:0.9218
[20250123 10:36:37 INFO    ] Eval done...
[20250123 10:36:37 INFO    ] Epoch 39 done. Time: 1.3min
[20250123 10:36:37 INFO    ] Running training epoch 40
[20250123 10:37:48 INFO    ] train epoch:40 / loss:0.0004581 / SRCC:0.9942 / PLCC:0.9956
[20250123 10:37:48 INFO    ] Starting eval...
[20250123 10:37:48 INFO    ] Running testing in epoch 40
[20250123 10:37:56 INFO    ] Epoch:40 ===== loss:0.01056 ===== SRCC:0.9175 ===== PLCC:0.9227
[20250123 10:37:56 INFO    ] Eval done...
[20250123 10:37:56 INFO    ] Epoch 40 done. Time: 1.3min
[20250123 10:37:56 INFO    ] Running training epoch 41
[20250123 10:39:07 INFO    ] train epoch:41 / loss:0.0006 / SRCC:0.9925 / PLCC:0.9941
[20250123 10:39:07 INFO    ] Starting eval...
[20250123 10:39:07 INFO    ] Running testing in epoch 41
[20250123 10:39:16 INFO    ] Epoch:41 ===== loss:0.01032 ===== SRCC:0.9184 ===== PLCC:0.9247
[20250123 10:39:16 INFO    ] Eval done...
[20250123 10:39:16 INFO    ] Epoch 41 done. Time: 1.3min
[20250123 10:39:16 INFO    ] Running training epoch 42
[20250123 10:40:27 INFO    ] train epoch:42 / loss:0.0007885 / SRCC:0.9909 / PLCC:0.9922
[20250123 10:40:27 INFO    ] Starting eval...
[20250123 10:40:27 INFO    ] Running testing in epoch 42
[20250123 10:40:35 INFO    ] Epoch:42 ===== loss:0.01103 ===== SRCC:0.9151 ===== PLCC:0.9172
[20250123 10:40:35 INFO    ] Eval done...
[20250123 10:40:35 INFO    ] Epoch 42 done. Time: 1.3min
[20250123 10:40:35 INFO    ] Running training epoch 43
[20250123 10:41:46 INFO    ] train epoch:43 / loss:0.0009712 / SRCC:0.9878 / PLCC:0.9906
[20250123 10:41:46 INFO    ] Starting eval...
[20250123 10:41:46 INFO    ] Running testing in epoch 43
[20250123 10:41:54 INFO    ] Epoch:43 ===== loss:0.01285 ===== SRCC:0.902 ===== PLCC:0.9137
[20250123 10:41:54 INFO    ] Eval done...
[20250123 10:41:54 INFO    ] Epoch 43 done. Time: 1.3min
[20250123 10:41:54 INFO    ] Running training epoch 44
[20250123 10:43:05 INFO    ] train epoch:44 / loss:0.001139 / SRCC:0.9858 / PLCC:0.9889
[20250123 10:43:05 INFO    ] Starting eval...
[20250123 10:43:05 INFO    ] Running testing in epoch 44
[20250123 10:43:13 INFO    ] Epoch:44 ===== loss:0.01162 ===== SRCC:0.9135 ===== PLCC:0.9187
[20250123 10:43:13 INFO    ] Eval done...
[20250123 10:43:13 INFO    ] Epoch 44 done. Time: 1.3min
[20250123 10:43:13 INFO    ] Running training epoch 45
[20250123 10:44:24 INFO    ] train epoch:45 / loss:0.001399 / SRCC:0.983 / PLCC:0.9864
[20250123 10:44:24 INFO    ] Starting eval...
[20250123 10:44:24 INFO    ] Running testing in epoch 45
[20250123 10:44:32 INFO    ] Epoch:45 ===== loss:0.01066 ===== SRCC:0.9198 ===== PLCC:0.9232
[20250123 10:44:32 INFO    ] Eval done...
[20250123 10:44:32 INFO    ] Epoch 45 done. Time: 1.3min
[20250123 10:44:32 INFO    ] Running training epoch 46
[20250123 10:45:43 INFO    ] train epoch:46 / loss:0.001013 / SRCC:0.9876 / PLCC:0.9901
[20250123 10:45:43 INFO    ] Starting eval...
[20250123 10:45:43 INFO    ] Running testing in epoch 46
[20250123 10:45:51 INFO    ] Epoch:46 ===== loss:0.01078 ===== SRCC:0.9152 ===== PLCC:0.9211
[20250123 10:45:51 INFO    ] Eval done...
[20250123 10:45:51 INFO    ] Epoch 46 done. Time: 1.3min
[20250123 10:45:51 INFO    ] Running training epoch 47
[20250123 10:47:02 INFO    ] train epoch:47 / loss:0.0006481 / SRCC:0.9923 / PLCC:0.9937
[20250123 10:47:02 INFO    ] Starting eval...
[20250123 10:47:02 INFO    ] Running testing in epoch 47
[20250123 10:47:11 INFO    ] Epoch:47 ===== loss:0.0105 ===== SRCC:0.9165 ===== PLCC:0.9222
[20250123 10:47:11 INFO    ] Eval done...
[20250123 10:47:11 INFO    ] Epoch 47 done. Time: 1.3min
[20250123 10:47:11 INFO    ] Running training epoch 48
[20250123 10:48:21 INFO    ] train epoch:48 / loss:0.0003996 / SRCC:0.9956 / PLCC:0.9961
[20250123 10:48:21 INFO    ] Starting eval...
[20250123 10:48:21 INFO    ] Running testing in epoch 48
[20250123 10:48:30 INFO    ] Epoch:48 ===== loss:0.01036 ===== SRCC:0.9184 ===== PLCC:0.9221
[20250123 10:48:30 INFO    ] Eval done...
[20250123 10:48:30 INFO    ] Epoch 48 done. Time: 1.3min
[20250123 10:48:30 INFO    ] Running training epoch 49
[20250123 10:49:40 INFO    ] train epoch:49 / loss:0.0004194 / SRCC:0.9956 / PLCC:0.9959
[20250123 10:49:40 INFO    ] Starting eval...
[20250123 10:49:40 INFO    ] Running testing in epoch 49
[20250123 10:49:49 INFO    ] Epoch:49 ===== loss:0.01091 ===== SRCC:0.9168 ===== PLCC:0.922
[20250123 10:49:49 INFO    ] Eval done...
[20250123 10:49:49 INFO    ] Epoch 49 done. Time: 1.3min
[20250123 10:49:49 INFO    ] Running training epoch 50
[20250123 10:51:00 INFO    ] train epoch:50 / loss:0.0004682 / SRCC:0.9949 / PLCC:0.9954
[20250123 10:51:00 INFO    ] Starting eval...
[20250123 10:51:00 INFO    ] Running testing in epoch 50
[20250123 10:51:08 INFO    ] Epoch:50 ===== loss:0.01057 ===== SRCC:0.918 ===== PLCC:0.9227
[20250123 10:51:08 INFO    ] Eval done...
[20250123 10:51:08 INFO    ] Epoch 50 done. Time: 1.3min
[20250123 10:51:08 INFO    ] Running training epoch 51
[20250123 10:52:19 INFO    ] train epoch:51 / loss:0.0003987 / SRCC:0.9955 / PLCC:0.9961
[20250123 10:52:19 INFO    ] Starting eval...
[20250123 10:52:19 INFO    ] Running testing in epoch 51
[20250123 10:52:27 INFO    ] Epoch:51 ===== loss:0.01171 ===== SRCC:0.9145 ===== PLCC:0.9185
[20250123 10:52:27 INFO    ] Eval done...
[20250123 10:52:27 INFO    ] Epoch 51 done. Time: 1.3min
[20250123 10:52:27 INFO    ] Running training epoch 52
[20250123 10:53:39 INFO    ] train epoch:52 / loss:0.000372 / SRCC:0.9954 / PLCC:0.9964
[20250123 10:53:39 INFO    ] Starting eval...
[20250123 10:53:39 INFO    ] Running testing in epoch 52
[20250123 10:53:47 INFO    ] Epoch:52 ===== loss:0.01144 ===== SRCC:0.9144 ===== PLCC:0.919
[20250123 10:53:47 INFO    ] Eval done...
[20250123 10:53:47 INFO    ] Epoch 52 done. Time: 1.3min
[20250123 10:53:47 INFO    ] Running training epoch 53
[20250123 10:54:58 INFO    ] train epoch:53 / loss:0.000294 / SRCC:0.9963 / PLCC:0.9971
[20250123 10:54:58 INFO    ] Starting eval...
[20250123 10:54:58 INFO    ] Running testing in epoch 53
[20250123 10:55:06 INFO    ] Epoch:53 ===== loss:0.01072 ===== SRCC:0.919 ===== PLCC:0.9226
[20250123 10:55:06 INFO    ] Eval done...
[20250123 10:55:06 INFO    ] Epoch 53 done. Time: 1.3min
[20250123 10:55:06 INFO    ] Running training epoch 54
[20250123 10:56:17 INFO    ] train epoch:54 / loss:0.0002144 / SRCC:0.9972 / PLCC:0.9979
[20250123 10:56:17 INFO    ] Starting eval...
[20250123 10:56:17 INFO    ] Running testing in epoch 54
[20250123 10:56:25 INFO    ] Epoch:54 ===== loss:0.01071 ===== SRCC:0.9184 ===== PLCC:0.9232
[20250123 10:56:25 INFO    ] Eval done...
[20250123 10:56:25 INFO    ] Epoch 54 done. Time: 1.3min
[20250123 10:56:25 INFO    ] Running training epoch 55
[20250123 10:57:36 INFO    ] train epoch:55 / loss:0.0002811 / SRCC:0.997 / PLCC:0.9973
[20250123 10:57:36 INFO    ] Starting eval...
[20250123 10:57:36 INFO    ] Running testing in epoch 55
[20250123 10:57:45 INFO    ] Epoch:55 ===== loss:0.01058 ===== SRCC:0.9183 ===== PLCC:0.9224
[20250123 10:57:45 INFO    ] Eval done...
[20250123 10:57:45 INFO    ] Epoch 55 done. Time: 1.3min
[20250123 10:57:45 INFO    ] Running training epoch 56
[20250123 10:58:55 INFO    ] train epoch:56 / loss:0.0003203 / SRCC:0.9964 / PLCC:0.9969
[20250123 10:58:55 INFO    ] Starting eval...
[20250123 10:58:55 INFO    ] Running testing in epoch 56
[20250123 10:59:04 INFO    ] Epoch:56 ===== loss:0.01066 ===== SRCC:0.915 ===== PLCC:0.9211
[20250123 10:59:04 INFO    ] Eval done...
[20250123 10:59:04 INFO    ] Epoch 56 done. Time: 1.3min
[20250123 10:59:04 INFO    ] Running training epoch 57
[20250123 11:00:15 INFO    ] train epoch:57 / loss:0.0003543 / SRCC:0.9957 / PLCC:0.9965
[20250123 11:00:15 INFO    ] Starting eval...
[20250123 11:00:15 INFO    ] Running testing in epoch 57
[20250123 11:00:23 INFO    ] Epoch:57 ===== loss:0.01061 ===== SRCC:0.9171 ===== PLCC:0.9222
[20250123 11:00:23 INFO    ] Eval done...
[20250123 11:00:23 INFO    ] Epoch 57 done. Time: 1.3min
[20250123 11:00:23 INFO    ] Running training epoch 58
[20250123 11:01:34 INFO    ] train epoch:58 / loss:0.0002877 / SRCC:0.9966 / PLCC:0.9972
[20250123 11:01:34 INFO    ] Starting eval...
[20250123 11:01:34 INFO    ] Running testing in epoch 58
[20250123 11:01:42 INFO    ] Epoch:58 ===== loss:0.01069 ===== SRCC:0.9196 ===== PLCC:0.9225
[20250123 11:01:42 INFO    ] Eval done...
[20250123 11:01:42 INFO    ] Epoch 58 done. Time: 1.3min
[20250123 11:01:42 INFO    ] Running training epoch 59
[20250123 11:02:53 INFO    ] train epoch:59 / loss:0.0003754 / SRCC:0.9953 / PLCC:0.9964
[20250123 11:02:53 INFO    ] Starting eval...
[20250123 11:02:53 INFO    ] Running testing in epoch 59
[20250123 11:03:01 INFO    ] Epoch:59 ===== loss:0.01121 ===== SRCC:0.9192 ===== PLCC:0.9219
[20250123 11:03:01 INFO    ] Eval done...
[20250123 11:03:01 INFO    ] Epoch 59 done. Time: 1.3min
[20250123 11:03:01 INFO    ] Running training epoch 60
[20250123 11:04:12 INFO    ] train epoch:60 / loss:0.0003819 / SRCC:0.9951 / PLCC:0.9963
[20250123 11:04:12 INFO    ] Starting eval...
[20250123 11:04:12 INFO    ] Running testing in epoch 60
[20250123 11:04:21 INFO    ] Epoch:60 ===== loss:0.01086 ===== SRCC:0.9202 ===== PLCC:0.9227
[20250123 11:04:21 INFO    ] Eval done...
[20250123 11:04:21 INFO    ] Epoch 60 done. Time: 1.3min
[20250123 11:04:21 INFO    ] Running training epoch 61
[20250123 11:05:32 INFO    ] train epoch:61 / loss:0.0003707 / SRCC:0.9955 / PLCC:0.9964
[20250123 11:05:32 INFO    ] Starting eval...
[20250123 11:05:32 INFO    ] Running testing in epoch 61
[20250123 11:05:40 INFO    ] Epoch:61 ===== loss:0.01142 ===== SRCC:0.9134 ===== PLCC:0.9179
[20250123 11:05:40 INFO    ] Eval done...
[20250123 11:05:40 INFO    ] Epoch 61 done. Time: 1.3min
[20250123 11:05:40 INFO    ] Running training epoch 62
[20250123 11:06:51 INFO    ] train epoch:62 / loss:0.0003712 / SRCC:0.9952 / PLCC:0.9964
[20250123 11:06:51 INFO    ] Starting eval...
[20250123 11:06:51 INFO    ] Running testing in epoch 62
[20250123 11:06:59 INFO    ] Epoch:62 ===== loss:0.01067 ===== SRCC:0.9168 ===== PLCC:0.9227
[20250123 11:06:59 INFO    ] Eval done...
[20250123 11:06:59 INFO    ] Epoch 62 done. Time: 1.3min
[20250123 11:06:59 INFO    ] Running training epoch 63
[20250123 11:08:10 INFO    ] train epoch:63 / loss:0.0004264 / SRCC:0.9946 / PLCC:0.9959
[20250123 11:08:10 INFO    ] Starting eval...
[20250123 11:08:10 INFO    ] Running testing in epoch 63
[20250123 11:08:18 INFO    ] Epoch:63 ===== loss:0.01051 ===== SRCC:0.917 ===== PLCC:0.9235
[20250123 11:08:18 INFO    ] Eval done...
[20250123 11:08:18 INFO    ] Epoch 63 done. Time: 1.3min
[20250123 11:08:18 INFO    ] Running training epoch 64
[20250123 11:09:29 INFO    ] train epoch:64 / loss:0.0004132 / SRCC:0.995 / PLCC:0.996
[20250123 11:09:29 INFO    ] Starting eval...
[20250123 11:09:29 INFO    ] Running testing in epoch 64
[20250123 11:09:38 INFO    ] Epoch:64 ===== loss:0.0115 ===== SRCC:0.9124 ===== PLCC:0.9175
[20250123 11:09:38 INFO    ] Eval done...
[20250123 11:09:38 INFO    ] Epoch 64 done. Time: 1.3min
[20250123 11:09:38 INFO    ] Running training epoch 65
[20250123 11:10:49 INFO    ] train epoch:65 / loss:0.0004338 / SRCC:0.995 / PLCC:0.9958
[20250123 11:10:49 INFO    ] Starting eval...
[20250123 11:10:49 INFO    ] Running testing in epoch 65
[20250123 11:10:57 INFO    ] Epoch:65 ===== loss:0.01096 ===== SRCC:0.9156 ===== PLCC:0.9181
[20250123 11:10:57 INFO    ] Eval done...
[20250123 11:10:57 INFO    ] Epoch 65 done. Time: 1.3min
[20250123 11:10:57 INFO    ] Running training epoch 66
[20250123 11:12:08 INFO    ] train epoch:66 / loss:0.0004232 / SRCC:0.9956 / PLCC:0.9958
[20250123 11:12:08 INFO    ] Starting eval...
[20250123 11:12:08 INFO    ] Running testing in epoch 66
[20250123 11:12:16 INFO    ] Epoch:66 ===== loss:0.01128 ===== SRCC:0.9147 ===== PLCC:0.9173
[20250123 11:12:16 INFO    ] Eval done...
[20250123 11:12:16 INFO    ] Epoch 66 done. Time: 1.3min
[20250123 11:12:16 INFO    ] Running training epoch 67
[20250123 11:13:27 INFO    ] train epoch:67 / loss:0.0003665 / SRCC:0.9956 / PLCC:0.9964
[20250123 11:13:27 INFO    ] Starting eval...
[20250123 11:13:27 INFO    ] Running testing in epoch 67
[20250123 11:13:35 INFO    ] Epoch:67 ===== loss:0.01108 ===== SRCC:0.9154 ===== PLCC:0.9184
[20250123 11:13:35 INFO    ] Eval done...
[20250123 11:13:35 INFO    ] Epoch 67 done. Time: 1.3min
[20250123 11:13:35 INFO    ] Running training epoch 68
[20250123 11:14:46 INFO    ] train epoch:68 / loss:0.000339 / SRCC:0.9961 / PLCC:0.9967
[20250123 11:14:46 INFO    ] Starting eval...
[20250123 11:14:46 INFO    ] Running testing in epoch 68
[20250123 11:14:54 INFO    ] Epoch:68 ===== loss:0.01085 ===== SRCC:0.9159 ===== PLCC:0.9203
[20250123 11:14:54 INFO    ] Eval done...
[20250123 11:14:54 INFO    ] Epoch 68 done. Time: 1.3min
[20250123 11:14:54 INFO    ] Running training epoch 69
[20250123 11:16:05 INFO    ] train epoch:69 / loss:0.0003373 / SRCC:0.9962 / PLCC:0.9967
[20250123 11:16:05 INFO    ] Starting eval...
[20250123 11:16:05 INFO    ] Running testing in epoch 69
[20250123 11:16:13 INFO    ] Epoch:69 ===== loss:0.01149 ===== SRCC:0.9151 ===== PLCC:0.9175
[20250123 11:16:13 INFO    ] Eval done...
[20250123 11:16:13 INFO    ] Epoch 69 done. Time: 1.3min
[20250123 11:16:13 INFO    ] Running training epoch 70
[20250123 11:17:24 INFO    ] train epoch:70 / loss:0.0004466 / SRCC:0.9949 / PLCC:0.9957
[20250123 11:17:24 INFO    ] Starting eval...
[20250123 11:17:24 INFO    ] Running testing in epoch 70
[20250123 11:17:32 INFO    ] Epoch:70 ===== loss:0.01034 ===== SRCC:0.9134 ===== PLCC:0.9211
[20250123 11:17:32 INFO    ] Eval done...
[20250123 11:17:32 INFO    ] Epoch 70 done. Time: 1.3min
[20250123 11:17:32 INFO    ] Running training epoch 71
[20250123 11:18:43 INFO    ] train epoch:71 / loss:0.0006759 / SRCC:0.9919 / PLCC:0.9934
[20250123 11:18:43 INFO    ] Starting eval...
[20250123 11:18:43 INFO    ] Running testing in epoch 71
[20250123 11:18:51 INFO    ] Epoch:71 ===== loss:0.01167 ===== SRCC:0.9114 ===== PLCC:0.9151
[20250123 11:18:51 INFO    ] Eval done...
[20250123 11:18:51 INFO    ] Epoch 71 done. Time: 1.3min
[20250123 11:18:51 INFO    ] Running training epoch 72
[20250123 11:20:02 INFO    ] train epoch:72 / loss:0.0007761 / SRCC:0.9903 / PLCC:0.9924
[20250123 11:20:02 INFO    ] Starting eval...
[20250123 11:20:02 INFO    ] Running testing in epoch 72
[20250123 11:20:11 INFO    ] Epoch:72 ===== loss:0.0109 ===== SRCC:0.9143 ===== PLCC:0.9196
[20250123 11:20:11 INFO    ] Eval done...
[20250123 11:20:11 INFO    ] Epoch 72 done. Time: 1.3min
[20250123 11:20:11 INFO    ] Running training epoch 73
[20250123 11:21:22 INFO    ] train epoch:73 / loss:0.0006534 / SRCC:0.9926 / PLCC:0.9937
[20250123 11:21:22 INFO    ] Starting eval...
[20250123 11:21:22 INFO    ] Running testing in epoch 73
[20250123 11:21:30 INFO    ] Epoch:73 ===== loss:0.0108 ===== SRCC:0.9201 ===== PLCC:0.9218
[20250123 11:21:30 INFO    ] Eval done...
[20250123 11:21:30 INFO    ] Epoch 73 done. Time: 1.3min
[20250123 11:21:30 INFO    ] Running training epoch 74
[20250123 11:22:41 INFO    ] train epoch:74 / loss:0.0004747 / SRCC:0.9945 / PLCC:0.9954
[20250123 11:22:41 INFO    ] Starting eval...
[20250123 11:22:41 INFO    ] Running testing in epoch 74
[20250123 11:22:49 INFO    ] Epoch:74 ===== loss:0.01093 ===== SRCC:0.9178 ===== PLCC:0.9203
[20250123 11:22:49 INFO    ] Eval done...
[20250123 11:22:49 INFO    ] Epoch 74 done. Time: 1.3min
[20250123 11:22:49 INFO    ] Running training epoch 75
[20250123 11:24:00 INFO    ] train epoch:75 / loss:0.0003792 / SRCC:0.9958 / PLCC:0.9963
[20250123 11:24:00 INFO    ] Starting eval...
[20250123 11:24:00 INFO    ] Running testing in epoch 75
[20250123 11:24:08 INFO    ] Epoch:75 ===== loss:0.01095 ===== SRCC:0.9138 ===== PLCC:0.9189
[20250123 11:24:08 INFO    ] Eval done...
[20250123 11:24:08 INFO    ] Epoch 75 done. Time: 1.3min
[20250123 11:24:08 INFO    ] Running training epoch 76
[20250123 11:25:19 INFO    ] train epoch:76 / loss:0.0002878 / SRCC:0.9968 / PLCC:0.9972
[20250123 11:25:19 INFO    ] Starting eval...
[20250123 11:25:19 INFO    ] Running testing in epoch 76
[20250123 11:25:27 INFO    ] Epoch:76 ===== loss:0.01072 ===== SRCC:0.9167 ===== PLCC:0.9222
[20250123 11:25:27 INFO    ] Eval done...
[20250123 11:25:27 INFO    ] Epoch 76 done. Time: 1.3min
[20250123 11:25:27 INFO    ] Running training epoch 77
[20250123 11:26:38 INFO    ] train epoch:77 / loss:0.0003332 / SRCC:0.9962 / PLCC:0.9968
[20250123 11:26:38 INFO    ] Starting eval...
[20250123 11:26:38 INFO    ] Running testing in epoch 77
[20250123 11:26:46 INFO    ] Epoch:77 ===== loss:0.01159 ===== SRCC:0.9114 ===== PLCC:0.9158
[20250123 11:26:46 INFO    ] Eval done...
[20250123 11:26:46 INFO    ] Epoch 77 done. Time: 1.3min
[20250123 11:26:46 INFO    ] Running training epoch 78
[20250123 11:27:57 INFO    ] train epoch:78 / loss:0.0002864 / SRCC:0.9967 / PLCC:0.9972
[20250123 11:27:57 INFO    ] Starting eval...
[20250123 11:27:57 INFO    ] Running testing in epoch 78
[20250123 11:28:05 INFO    ] Epoch:78 ===== loss:0.01177 ===== SRCC:0.9154 ===== PLCC:0.9181
[20250123 11:28:05 INFO    ] Eval done...
[20250123 11:28:05 INFO    ] Epoch 78 done. Time: 1.3min
[20250123 11:28:05 INFO    ] Running training epoch 79
[20250123 11:29:16 INFO    ] train epoch:79 / loss:0.0003405 / SRCC:0.9961 / PLCC:0.9967
[20250123 11:29:16 INFO    ] Starting eval...
[20250123 11:29:16 INFO    ] Running testing in epoch 79
[20250123 11:29:24 INFO    ] Epoch:79 ===== loss:0.01111 ===== SRCC:0.913 ===== PLCC:0.9196
[20250123 11:29:24 INFO    ] Eval done...
[20250123 11:29:24 INFO    ] Epoch 79 done. Time: 1.3min
[20250123 11:29:24 INFO    ] Running training epoch 80
[20250123 11:30:35 INFO    ] train epoch:80 / loss:0.0003277 / SRCC:0.9963 / PLCC:0.9968
[20250123 11:30:35 INFO    ] Starting eval...
[20250123 11:30:35 INFO    ] Running testing in epoch 80
[20250123 11:30:43 INFO    ] Epoch:80 ===== loss:0.01136 ===== SRCC:0.9129 ===== PLCC:0.9154
[20250123 11:30:43 INFO    ] Eval done...
[20250123 11:30:43 INFO    ] Epoch 80 done. Time: 1.3min
[20250123 11:30:43 INFO    ] Running training epoch 81
[20250123 11:31:54 INFO    ] train epoch:81 / loss:0.0004571 / SRCC:0.9944 / PLCC:0.9955
[20250123 11:31:54 INFO    ] Starting eval...
[20250123 11:31:54 INFO    ] Running testing in epoch 81
[20250123 11:32:02 INFO    ] Epoch:81 ===== loss:0.01065 ===== SRCC:0.9166 ===== PLCC:0.9219
[20250123 11:32:03 INFO    ] Eval done...
[20250123 11:32:03 INFO    ] Epoch 81 done. Time: 1.3min
[20250123 11:32:03 INFO    ] Running training epoch 82
[20250123 11:33:13 INFO    ] train epoch:82 / loss:0.0004714 / SRCC:0.9947 / PLCC:0.9954
[20250123 11:33:13 INFO    ] Starting eval...
[20250123 11:33:13 INFO    ] Running testing in epoch 82
[20250123 11:33:22 INFO    ] Epoch:82 ===== loss:0.01176 ===== SRCC:0.9001 ===== PLCC:0.9097
[20250123 11:33:22 INFO    ] Eval done...
[20250123 11:33:22 INFO    ] Epoch 82 done. Time: 1.3min
[20250123 11:33:22 INFO    ] Running training epoch 83
[20250123 11:34:33 INFO    ] train epoch:83 / loss:0.0005847 / SRCC:0.9933 / PLCC:0.9943
[20250123 11:34:33 INFO    ] Starting eval...
[20250123 11:34:33 INFO    ] Running testing in epoch 83
[20250123 11:34:41 INFO    ] Epoch:83 ===== loss:0.01143 ===== SRCC:0.9124 ===== PLCC:0.9191
[20250123 11:34:41 INFO    ] Eval done...
[20250123 11:34:41 INFO    ] Epoch 83 done. Time: 1.3min
[20250123 11:34:41 INFO    ] Running training epoch 84
[20250123 11:35:52 INFO    ] train epoch:84 / loss:0.0003734 / SRCC:0.9951 / PLCC:0.9964
[20250123 11:35:52 INFO    ] Starting eval...
[20250123 11:35:52 INFO    ] Running testing in epoch 84
[20250123 11:36:00 INFO    ] Epoch:84 ===== loss:0.01144 ===== SRCC:0.912 ===== PLCC:0.9153
[20250123 11:36:00 INFO    ] Eval done...
[20250123 11:36:00 INFO    ] Epoch 84 done. Time: 1.3min
[20250123 11:36:00 INFO    ] Running training epoch 85
[20250123 11:37:11 INFO    ] train epoch:85 / loss:0.0003298 / SRCC:0.9955 / PLCC:0.9968
[20250123 11:37:11 INFO    ] Starting eval...
[20250123 11:37:11 INFO    ] Running testing in epoch 85
[20250123 11:37:19 INFO    ] Epoch:85 ===== loss:0.0105 ===== SRCC:0.915 ===== PLCC:0.9227
[20250123 11:37:19 INFO    ] Eval done...
[20250123 11:37:19 INFO    ] Epoch 85 done. Time: 1.3min
[20250123 11:37:19 INFO    ] Running training epoch 86
[20250123 11:38:30 INFO    ] train epoch:86 / loss:0.0003342 / SRCC:0.9956 / PLCC:0.9967
[20250123 11:38:30 INFO    ] Starting eval...
[20250123 11:38:30 INFO    ] Running testing in epoch 86
[20250123 11:38:38 INFO    ] Epoch:86 ===== loss:0.01033 ===== SRCC:0.9154 ===== PLCC:0.9203
[20250123 11:38:39 INFO    ] Eval done...
[20250123 11:38:39 INFO    ] Epoch 86 done. Time: 1.3min
[20250123 11:38:39 INFO    ] Running training epoch 87
[20250123 11:39:49 INFO    ] train epoch:87 / loss:0.0003058 / SRCC:0.9962 / PLCC:0.997
[20250123 11:39:49 INFO    ] Starting eval...
[20250123 11:39:49 INFO    ] Running testing in epoch 87
[20250123 11:39:58 INFO    ] Epoch:87 ===== loss:0.01126 ===== SRCC:0.9137 ===== PLCC:0.9191
[20250123 11:39:58 INFO    ] Eval done...
[20250123 11:39:58 INFO    ] Epoch 87 done. Time: 1.3min
[20250123 11:39:58 INFO    ] Running training epoch 88
[20250123 11:41:09 INFO    ] train epoch:88 / loss:0.0003366 / SRCC:0.9961 / PLCC:0.9967
[20250123 11:41:09 INFO    ] Starting eval...
[20250123 11:41:09 INFO    ] Running testing in epoch 88
[20250123 11:41:17 INFO    ] Epoch:88 ===== loss:0.01103 ===== SRCC:0.9101 ===== PLCC:0.9191
[20250123 11:41:17 INFO    ] Eval done...
[20250123 11:41:17 INFO    ] Epoch 88 done. Time: 1.3min
[20250123 11:41:17 INFO    ] Running training epoch 89
[20250123 11:42:28 INFO    ] train epoch:89 / loss:0.0002578 / SRCC:0.9969 / PLCC:0.9975
[20250123 11:42:28 INFO    ] Starting eval...
[20250123 11:42:28 INFO    ] Running testing in epoch 89
[20250123 11:42:36 INFO    ] Epoch:89 ===== loss:0.01155 ===== SRCC:0.9131 ===== PLCC:0.916
[20250123 11:42:36 INFO    ] Eval done...
[20250123 11:42:36 INFO    ] Epoch 89 done. Time: 1.3min
[20250123 11:42:36 INFO    ] Running training epoch 90
[20250123 11:43:47 INFO    ] train epoch:90 / loss:0.0002309 / SRCC:0.9971 / PLCC:0.9977
[20250123 11:43:47 INFO    ] Starting eval...
[20250123 11:43:47 INFO    ] Running testing in epoch 90
[20250123 11:43:55 INFO    ] Epoch:90 ===== loss:0.01175 ===== SRCC:0.9106 ===== PLCC:0.9162
[20250123 11:43:55 INFO    ] Eval done...
[20250123 11:43:55 INFO    ] Epoch 90 done. Time: 1.3min
[20250123 11:43:55 INFO    ] Running training epoch 91
[20250123 11:45:06 INFO    ] train epoch:91 / loss:0.000216 / SRCC:0.9974 / PLCC:0.9979
[20250123 11:45:06 INFO    ] Starting eval...
[20250123 11:45:06 INFO    ] Running testing in epoch 91
[20250123 11:45:15 INFO    ] Epoch:91 ===== loss:0.01171 ===== SRCC:0.9152 ===== PLCC:0.9183
[20250123 11:45:15 INFO    ] Eval done...
[20250123 11:45:15 INFO    ] Epoch 91 done. Time: 1.3min
[20250123 11:45:15 INFO    ] Running training epoch 92
[20250123 11:46:25 INFO    ] train epoch:92 / loss:0.0002106 / SRCC:0.9975 / PLCC:0.998
[20250123 11:46:25 INFO    ] Starting eval...
[20250123 11:46:25 INFO    ] Running testing in epoch 92
[20250123 11:46:34 INFO    ] Epoch:92 ===== loss:0.01133 ===== SRCC:0.9127 ===== PLCC:0.9184
[20250123 11:46:34 INFO    ] Eval done...
[20250123 11:46:34 INFO    ] Epoch 92 done. Time: 1.3min
[20250123 11:46:34 INFO    ] Running training epoch 93
[20250123 11:47:44 INFO    ] train epoch:93 / loss:0.0002096 / SRCC:0.9976 / PLCC:0.998
[20250123 11:47:44 INFO    ] Starting eval...
[20250123 11:47:44 INFO    ] Running testing in epoch 93
[20250123 11:47:53 INFO    ] Epoch:93 ===== loss:0.01095 ===== SRCC:0.911 ===== PLCC:0.9205
[20250123 11:47:53 INFO    ] Eval done...
[20250123 11:47:53 INFO    ] Epoch 93 done. Time: 1.3min
[20250123 11:47:53 INFO    ] Running training epoch 94
[20250123 11:49:04 INFO    ] train epoch:94 / loss:0.0002251 / SRCC:0.9975 / PLCC:0.9978
[20250123 11:49:04 INFO    ] Starting eval...
[20250123 11:49:04 INFO    ] Running testing in epoch 94
[20250123 11:49:12 INFO    ] Epoch:94 ===== loss:0.01178 ===== SRCC:0.9151 ===== PLCC:0.9187
[20250123 11:49:12 INFO    ] Eval done...
[20250123 11:49:12 INFO    ] Epoch 94 done. Time: 1.3min
[20250123 11:49:12 INFO    ] Running training epoch 95
[20250123 11:50:23 INFO    ] train epoch:95 / loss:0.0003082 / SRCC:0.9962 / PLCC:0.997
[20250123 11:50:23 INFO    ] Starting eval...
[20250123 11:50:23 INFO    ] Running testing in epoch 95
[20250123 11:50:31 INFO    ] Epoch:95 ===== loss:0.01194 ===== SRCC:0.904 ===== PLCC:0.9144
[20250123 11:50:31 INFO    ] Eval done...
[20250123 11:50:31 INFO    ] Epoch 95 done. Time: 1.3min
[20250123 11:50:31 INFO    ] Running training epoch 96
[20250123 11:51:42 INFO    ] train epoch:96 / loss:0.000367 / SRCC:0.9956 / PLCC:0.9964
[20250123 11:51:42 INFO    ] Starting eval...
[20250123 11:51:42 INFO    ] Running testing in epoch 96
[20250123 11:51:50 INFO    ] Epoch:96 ===== loss:0.01096 ===== SRCC:0.9131 ===== PLCC:0.9189
[20250123 11:51:50 INFO    ] Eval done...
[20250123 11:51:50 INFO    ] Epoch 96 done. Time: 1.3min
[20250123 11:51:50 INFO    ] Running training epoch 97
[20250123 11:53:01 INFO    ] train epoch:97 / loss:0.0002781 / SRCC:0.9964 / PLCC:0.9973
[20250123 11:53:01 INFO    ] Starting eval...
[20250123 11:53:01 INFO    ] Running testing in epoch 97
[20250123 11:53:09 INFO    ] Epoch:97 ===== loss:0.01115 ===== SRCC:0.9116 ===== PLCC:0.918
[20250123 11:53:09 INFO    ] Eval done...
[20250123 11:53:09 INFO    ] Epoch 97 done. Time: 1.3min
[20250123 11:53:09 INFO    ] Running training epoch 98
[20250123 11:54:20 INFO    ] train epoch:98 / loss:0.0002348 / SRCC:0.997 / PLCC:0.9977
[20250123 11:54:20 INFO    ] Starting eval...
[20250123 11:54:20 INFO    ] Running testing in epoch 98
[20250123 11:54:29 INFO    ] Epoch:98 ===== loss:0.0111 ===== SRCC:0.9105 ===== PLCC:0.9177
[20250123 11:54:29 INFO    ] Eval done...
[20250123 11:54:29 INFO    ] Epoch 98 done. Time: 1.3min
[20250123 11:54:29 INFO    ] Running training epoch 99
[20250123 11:55:40 INFO    ] train epoch:99 / loss:0.00025 / SRCC:0.9972 / PLCC:0.9976
[20250123 11:55:40 INFO    ] Starting eval...
[20250123 11:55:40 INFO    ] Running testing in epoch 99
[20250123 11:55:48 INFO    ] Epoch:99 ===== loss:0.01101 ===== SRCC:0.912 ===== PLCC:0.9172
[20250123 11:55:48 INFO    ] Eval done...
[20250123 11:55:48 INFO    ] Epoch 99 done. Time: 1.3min
[20250123 11:55:48 INFO    ] Running training epoch 100
[20250123 11:56:59 INFO    ] train epoch:100 / loss:0.0003239 / SRCC:0.9962 / PLCC:0.9969
[20250123 11:56:59 INFO    ] Starting eval...
[20250123 11:56:59 INFO    ] Running testing in epoch 100
[20250123 11:57:07 INFO    ] Epoch:100 ===== loss:0.01261 ===== SRCC:0.9084 ===== PLCC:0.9151
[20250123 11:57:07 INFO    ] Eval done...
[20250123 11:57:07 INFO    ] Epoch 100 done. Time: 1.3min
[20250123 11:57:07 INFO    ] Running training epoch 101
[20250123 11:58:18 INFO    ] train epoch:101 / loss:0.0003758 / SRCC:0.9956 / PLCC:0.9963
[20250123 11:58:18 INFO    ] Starting eval...
[20250123 11:58:18 INFO    ] Running testing in epoch 101
[20250123 11:58:26 INFO    ] Epoch:101 ===== loss:0.01104 ===== SRCC:0.9127 ===== PLCC:0.9189
[20250123 11:58:26 INFO    ] Eval done...
[20250123 11:58:26 INFO    ] Epoch 101 done. Time: 1.3min
[20250123 11:58:26 INFO    ] Running training epoch 102
[20250123 11:59:37 INFO    ] train epoch:102 / loss:0.0003902 / SRCC:0.9956 / PLCC:0.9962
[20250123 11:59:37 INFO    ] Starting eval...
[20250123 11:59:37 INFO    ] Running testing in epoch 102
[20250123 11:59:46 INFO    ] Epoch:102 ===== loss:0.01149 ===== SRCC:0.9077 ===== PLCC:0.9171
[20250123 11:59:46 INFO    ] Eval done...
[20250123 11:59:46 INFO    ] Epoch 102 done. Time: 1.3min
[20250123 11:59:46 INFO    ] Running training epoch 103
[20250123 12:00:56 INFO    ] train epoch:103 / loss:0.0005313 / SRCC:0.9936 / PLCC:0.9948
[20250123 12:00:56 INFO    ] Starting eval...
[20250123 12:00:56 INFO    ] Running testing in epoch 103
[20250123 12:01:05 INFO    ] Epoch:103 ===== loss:0.01129 ===== SRCC:0.9109 ===== PLCC:0.9149
[20250123 12:01:05 INFO    ] Eval done...
[20250123 12:01:05 INFO    ] Epoch 103 done. Time: 1.3min
[20250123 12:01:05 INFO    ] Running training epoch 104
[20250123 12:02:15 INFO    ] train epoch:104 / loss:0.0006404 / SRCC:0.9921 / PLCC:0.9938
[20250123 12:02:15 INFO    ] Starting eval...
[20250123 12:02:15 INFO    ] Running testing in epoch 104
[20250123 12:02:24 INFO    ] Epoch:104 ===== loss:0.01369 ===== SRCC:0.8989 ===== PLCC:0.9072
[20250123 12:02:24 INFO    ] Eval done...
[20250123 12:02:24 INFO    ] Epoch 104 done. Time: 1.3min
[20250123 12:02:24 INFO    ] Running training epoch 105
[20250123 12:03:35 INFO    ] train epoch:105 / loss:0.0007083 / SRCC:0.9907 / PLCC:0.993
[20250123 12:03:35 INFO    ] Starting eval...
[20250123 12:03:35 INFO    ] Running testing in epoch 105
[20250123 12:03:43 INFO    ] Epoch:105 ===== loss:0.01228 ===== SRCC:0.9099 ===== PLCC:0.917
[20250123 12:03:43 INFO    ] Eval done...
[20250123 12:03:43 INFO    ] Epoch 105 done. Time: 1.3min
[20250123 12:03:43 INFO    ] Running training epoch 106
[20250123 12:04:54 INFO    ] train epoch:106 / loss:0.0004587 / SRCC:0.9944 / PLCC:0.9955
[20250123 12:04:54 INFO    ] Starting eval...
[20250123 12:04:54 INFO    ] Running testing in epoch 106
[20250123 12:05:02 INFO    ] Epoch:106 ===== loss:0.01117 ===== SRCC:0.9126 ===== PLCC:0.9182
[20250123 12:05:02 INFO    ] Eval done...
[20250123 12:05:02 INFO    ] Epoch 106 done. Time: 1.3min
[20250123 12:05:02 INFO    ] Running training epoch 107
[20250123 12:06:13 INFO    ] train epoch:107 / loss:0.0005786 / SRCC:0.9928 / PLCC:0.9944
[20250123 12:06:13 INFO    ] Starting eval...
[20250123 12:06:13 INFO    ] Running testing in epoch 107
[20250123 12:06:21 INFO    ] Epoch:107 ===== loss:0.01178 ===== SRCC:0.9092 ===== PLCC:0.9159
[20250123 12:06:21 INFO    ] Eval done...
[20250123 12:06:21 INFO    ] Epoch 107 done. Time: 1.3min
[20250123 12:06:21 INFO    ] Running training epoch 108
[20250123 12:07:32 INFO    ] train epoch:108 / loss:0.0005303 / SRCC:0.9934 / PLCC:0.9948
[20250123 12:07:32 INFO    ] Starting eval...
[20250123 12:07:32 INFO    ] Running testing in epoch 108
[20250123 12:07:40 INFO    ] Epoch:108 ===== loss:0.01228 ===== SRCC:0.9073 ===== PLCC:0.9142
[20250123 12:07:40 INFO    ] Eval done...
[20250123 12:07:40 INFO    ] Epoch 108 done. Time: 1.3min
[20250123 12:07:40 INFO    ] Running training epoch 109
[20250123 12:08:51 INFO    ] train epoch:109 / loss:0.000438 / SRCC:0.9951 / PLCC:0.9958
[20250123 12:08:51 INFO    ] Starting eval...
[20250123 12:08:51 INFO    ] Running testing in epoch 109
[20250123 12:08:59 INFO    ] Epoch:109 ===== loss:0.0118 ===== SRCC:0.9136 ===== PLCC:0.9181
[20250123 12:08:59 INFO    ] Eval done...
[20250123 12:08:59 INFO    ] Epoch 109 done. Time: 1.3min
[20250123 12:08:59 INFO    ] Running training epoch 110
[20250123 12:10:10 INFO    ] train epoch:110 / loss:0.0003921 / SRCC:0.9953 / PLCC:0.9962
[20250123 12:10:10 INFO    ] Starting eval...
[20250123 12:10:10 INFO    ] Running testing in epoch 110
[20250123 12:10:18 INFO    ] Epoch:110 ===== loss:0.01168 ===== SRCC:0.9085 ===== PLCC:0.9162
[20250123 12:10:18 INFO    ] Eval done...
[20250123 12:10:18 INFO    ] Epoch 110 done. Time: 1.3min
[20250123 12:10:18 INFO    ] Running training epoch 111
[20250123 12:11:29 INFO    ] train epoch:111 / loss:0.0003463 / SRCC:0.996 / PLCC:0.9966
[20250123 12:11:29 INFO    ] Starting eval...
[20250123 12:11:29 INFO    ] Running testing in epoch 111
[20250123 12:11:37 INFO    ] Epoch:111 ===== loss:0.01177 ===== SRCC:0.9081 ===== PLCC:0.9155
[20250123 12:11:37 INFO    ] Eval done...
[20250123 12:11:37 INFO    ] Epoch 111 done. Time: 1.3min
[20250123 12:11:37 INFO    ] Running training epoch 112
[20250123 12:12:48 INFO    ] train epoch:112 / loss:0.0002553 / SRCC:0.9973 / PLCC:0.9975
[20250123 12:12:48 INFO    ] Starting eval...
[20250123 12:12:48 INFO    ] Running testing in epoch 112
[20250123 12:12:57 INFO    ] Epoch:112 ===== loss:0.01154 ===== SRCC:0.9087 ===== PLCC:0.9157
[20250123 12:12:57 INFO    ] Eval done...
[20250123 12:12:57 INFO    ] Epoch 112 done. Time: 1.3min
[20250123 12:12:57 INFO    ] Running training epoch 113
[20250123 12:14:07 INFO    ] train epoch:113 / loss:0.0001996 / SRCC:0.9977 / PLCC:0.9981
[20250123 12:14:07 INFO    ] Starting eval...
[20250123 12:14:07 INFO    ] Running testing in epoch 113
[20250123 12:14:16 INFO    ] Epoch:113 ===== loss:0.01222 ===== SRCC:0.912 ===== PLCC:0.9152
[20250123 12:14:16 INFO    ] Eval done...
[20250123 12:14:16 INFO    ] Epoch 113 done. Time: 1.3min
[20250123 12:14:16 INFO    ] Running training epoch 114
[20250123 12:15:26 INFO    ] train epoch:114 / loss:0.0001935 / SRCC:0.9978 / PLCC:0.9981
[20250123 12:15:26 INFO    ] Starting eval...
[20250123 12:15:26 INFO    ] Running testing in epoch 114
[20250123 12:15:35 INFO    ] Epoch:114 ===== loss:0.01153 ===== SRCC:0.9112 ===== PLCC:0.916
[20250123 12:15:35 INFO    ] Eval done...
[20250123 12:15:35 INFO    ] Epoch 114 done. Time: 1.3min
[20250123 12:15:35 INFO    ] Running training epoch 115
[20250123 12:16:45 INFO    ] train epoch:115 / loss:0.0001296 / SRCC:0.9984 / PLCC:0.9987
[20250123 12:16:45 INFO    ] Starting eval...
[20250123 12:16:45 INFO    ] Running testing in epoch 115
[20250123 12:16:54 INFO    ] Epoch:115 ===== loss:0.01138 ===== SRCC:0.9102 ===== PLCC:0.9174
[20250123 12:16:54 INFO    ] Eval done...
[20250123 12:16:54 INFO    ] Epoch 115 done. Time: 1.3min
[20250123 12:16:54 INFO    ] Running training epoch 116
[20250123 12:18:05 INFO    ] train epoch:116 / loss:0.0001754 / SRCC:0.9978 / PLCC:0.9983
[20250123 12:18:05 INFO    ] Starting eval...
[20250123 12:18:05 INFO    ] Running testing in epoch 116
[20250123 12:18:13 INFO    ] Epoch:116 ===== loss:0.01158 ===== SRCC:0.9096 ===== PLCC:0.913
[20250123 12:18:13 INFO    ] Eval done...
[20250123 12:18:13 INFO    ] Epoch 116 done. Time: 1.3min
[20250123 12:18:13 INFO    ] Running training epoch 117
[20250123 12:19:24 INFO    ] train epoch:117 / loss:0.0001909 / SRCC:0.9975 / PLCC:0.9981
[20250123 12:19:24 INFO    ] Starting eval...
[20250123 12:19:24 INFO    ] Running testing in epoch 117
[20250123 12:19:32 INFO    ] Epoch:117 ===== loss:0.01182 ===== SRCC:0.909 ===== PLCC:0.9149
[20250123 12:19:32 INFO    ] Eval done...
[20250123 12:19:32 INFO    ] Epoch 117 done. Time: 1.3min
[20250123 12:19:32 INFO    ] Running training epoch 118
[20250123 12:20:43 INFO    ] train epoch:118 / loss:0.0002528 / SRCC:0.9969 / PLCC:0.9975
[20250123 12:20:43 INFO    ] Starting eval...
[20250123 12:20:43 INFO    ] Running testing in epoch 118
[20250123 12:20:51 INFO    ] Epoch:118 ===== loss:0.01205 ===== SRCC:0.9099 ===== PLCC:0.9152
[20250123 12:20:51 INFO    ] Eval done...
[20250123 12:20:51 INFO    ] Epoch 118 done. Time: 1.3min
[20250123 12:20:51 INFO    ] Running training epoch 119
[20250123 12:22:02 INFO    ] train epoch:119 / loss:0.0001848 / SRCC:0.9979 / PLCC:0.9982
[20250123 12:22:02 INFO    ] Starting eval...
[20250123 12:22:02 INFO    ] Running testing in epoch 119
[20250123 12:22:10 INFO    ] Epoch:119 ===== loss:0.01183 ===== SRCC:0.9074 ===== PLCC:0.912
[20250123 12:22:10 INFO    ] Eval done...
[20250123 12:22:10 INFO    ] Epoch 119 done. Time: 1.3min
[20250123 12:22:10 INFO    ] Running training epoch 120
[20250123 12:23:21 INFO    ] train epoch:120 / loss:0.0002769 / SRCC:0.9964 / PLCC:0.9973
[20250123 12:23:21 INFO    ] Starting eval...
[20250123 12:23:21 INFO    ] Running testing in epoch 120
[20250123 12:23:29 INFO    ] Epoch:120 ===== loss:0.0115 ===== SRCC:0.9064 ===== PLCC:0.9146
[20250123 12:23:29 INFO    ] Eval done...
[20250123 12:23:29 INFO    ] Epoch 120 done. Time: 1.3min
[20250123 12:23:29 INFO    ] Running training epoch 121
[20250123 12:24:40 INFO    ] train epoch:121 / loss:0.000278 / SRCC:0.9965 / PLCC:0.9973
[20250123 12:24:40 INFO    ] Starting eval...
[20250123 12:24:40 INFO    ] Running testing in epoch 121
[20250123 12:24:49 INFO    ] Epoch:121 ===== loss:0.01195 ===== SRCC:0.9092 ===== PLCC:0.9122
[20250123 12:24:49 INFO    ] Eval done...
[20250123 12:24:49 INFO    ] Epoch 121 done. Time: 1.3min
[20250123 12:24:49 INFO    ] Running training epoch 122
[20250123 12:26:00 INFO    ] train epoch:122 / loss:0.0002576 / SRCC:0.9969 / PLCC:0.9975
[20250123 12:26:00 INFO    ] Starting eval...
[20250123 12:26:00 INFO    ] Running testing in epoch 122
[20250123 12:26:08 INFO    ] Epoch:122 ===== loss:0.0109 ===== SRCC:0.9126 ===== PLCC:0.9175
[20250123 12:26:08 INFO    ] Eval done...
[20250123 12:26:08 INFO    ] Epoch 122 done. Time: 1.3min
[20250123 12:26:08 INFO    ] Running training epoch 123
[20250123 12:27:19 INFO    ] train epoch:123 / loss:0.000304 / SRCC:0.9961 / PLCC:0.997
[20250123 12:27:19 INFO    ] Starting eval...
[20250123 12:27:19 INFO    ] Running testing in epoch 123
[20250123 12:27:27 INFO    ] Epoch:123 ===== loss:0.01154 ===== SRCC:0.9131 ===== PLCC:0.917
[20250123 12:27:27 INFO    ] Eval done...
[20250123 12:27:27 INFO    ] Epoch 123 done. Time: 1.3min
[20250123 12:27:27 INFO    ] Running training epoch 124
[20250123 12:28:39 INFO    ] train epoch:124 / loss:0.0002793 / SRCC:0.9967 / PLCC:0.9973
[20250123 12:28:39 INFO    ] Starting eval...
[20250123 12:28:39 INFO    ] Running testing in epoch 124
[20250123 12:28:47 INFO    ] Epoch:124 ===== loss:0.01155 ===== SRCC:0.9084 ===== PLCC:0.9159
[20250123 12:28:47 INFO    ] Eval done...
[20250123 12:28:47 INFO    ] Epoch 124 done. Time: 1.3min
[20250123 12:28:47 INFO    ] Running training epoch 125
[20250123 12:29:58 INFO    ] train epoch:125 / loss:0.0003782 / SRCC:0.9958 / PLCC:0.9963
[20250123 12:29:58 INFO    ] Starting eval...
[20250123 12:29:58 INFO    ] Running testing in epoch 125
[20250123 12:30:06 INFO    ] Epoch:125 ===== loss:0.01152 ===== SRCC:0.9096 ===== PLCC:0.914
[20250123 12:30:06 INFO    ] Eval done...
[20250123 12:30:06 INFO    ] Epoch 125 done. Time: 1.3min
[20250123 12:30:06 INFO    ] Running training epoch 126
[20250123 12:31:17 INFO    ] train epoch:126 / loss:0.0003603 / SRCC:0.9961 / PLCC:0.9965
[20250123 12:31:17 INFO    ] Starting eval...
[20250123 12:31:17 INFO    ] Running testing in epoch 126
[20250123 12:31:25 INFO    ] Epoch:126 ===== loss:0.01042 ===== SRCC:0.9069 ===== PLCC:0.9171
[20250123 12:31:25 INFO    ] Eval done...
[20250123 12:31:25 INFO    ] Epoch 126 done. Time: 1.3min
[20250123 12:31:25 INFO    ] Running training epoch 127
[20250123 12:32:36 INFO    ] train epoch:127 / loss:0.0005651 / SRCC:0.9933 / PLCC:0.9945
[20250123 12:32:36 INFO    ] Starting eval...
[20250123 12:32:36 INFO    ] Running testing in epoch 127
[20250123 12:32:45 INFO    ] Epoch:127 ===== loss:0.01243 ===== SRCC:0.9099 ===== PLCC:0.9138
[20250123 12:32:45 INFO    ] Eval done...
[20250123 12:32:45 INFO    ] Epoch 127 done. Time: 1.3min
[20250123 12:32:45 INFO    ] Running training epoch 128
[20250123 12:33:55 INFO    ] train epoch:128 / loss:0.0005302 / SRCC:0.9936 / PLCC:0.9949
[20250123 12:33:55 INFO    ] Starting eval...
[20250123 12:33:55 INFO    ] Running testing in epoch 128
[20250123 12:34:04 INFO    ] Epoch:128 ===== loss:0.01127 ===== SRCC:0.9104 ===== PLCC:0.9165
[20250123 12:34:04 INFO    ] Eval done...
[20250123 12:34:04 INFO    ] Epoch 128 done. Time: 1.3min
[20250123 12:34:04 INFO    ] Running training epoch 129
[20250123 12:35:14 INFO    ] train epoch:129 / loss:0.0004696 / SRCC:0.9945 / PLCC:0.9954
[20250123 12:35:14 INFO    ] Starting eval...
[20250123 12:35:14 INFO    ] Running testing in epoch 129
[20250123 12:35:23 INFO    ] Epoch:129 ===== loss:0.01188 ===== SRCC:0.9018 ===== PLCC:0.9115
[20250123 12:35:23 INFO    ] Eval done...
[20250123 12:35:23 INFO    ] Epoch 129 done. Time: 1.3min
[20250123 12:35:23 INFO    ] Running training epoch 130
[20250123 12:36:34 INFO    ] train epoch:130 / loss:0.0004334 / SRCC:0.995 / PLCC:0.9958
[20250123 12:36:34 INFO    ] Starting eval...
[20250123 12:36:34 INFO    ] Running testing in epoch 130
[20250123 12:36:42 INFO    ] Epoch:130 ===== loss:0.01211 ===== SRCC:0.9105 ===== PLCC:0.913
[20250123 12:36:42 INFO    ] Eval done...
[20250123 12:36:42 INFO    ] Epoch 130 done. Time: 1.3min
[20250123 12:36:42 INFO    ] Running training epoch 131
[20250123 12:37:53 INFO    ] train epoch:131 / loss:0.000407 / SRCC:0.9951 / PLCC:0.996
[20250123 12:37:53 INFO    ] Starting eval...
[20250123 12:37:53 INFO    ] Running testing in epoch 131
[20250123 12:38:01 INFO    ] Epoch:131 ===== loss:0.0118 ===== SRCC:0.9075 ===== PLCC:0.9145
[20250123 12:38:01 INFO    ] Eval done...
[20250123 12:38:01 INFO    ] Epoch 131 done. Time: 1.3min
[20250123 12:38:01 INFO    ] Running training epoch 132
[20250123 12:39:12 INFO    ] train epoch:132 / loss:0.0002876 / SRCC:0.9964 / PLCC:0.9972
[20250123 12:39:12 INFO    ] Starting eval...
[20250123 12:39:12 INFO    ] Running testing in epoch 132
[20250123 12:39:21 INFO    ] Epoch:132 ===== loss:0.01184 ===== SRCC:0.9052 ===== PLCC:0.9132
[20250123 12:39:21 INFO    ] Eval done...
[20250123 12:39:21 INFO    ] Epoch 132 done. Time: 1.3min
[20250123 12:39:21 INFO    ] Running training epoch 133
[20250123 12:40:32 INFO    ] train epoch:133 / loss:0.0003265 / SRCC:0.996 / PLCC:0.9968
[20250123 12:40:32 INFO    ] Starting eval...
[20250123 12:40:32 INFO    ] Running testing in epoch 133
[20250123 12:40:40 INFO    ] Epoch:133 ===== loss:0.01155 ===== SRCC:0.9126 ===== PLCC:0.9187
[20250123 12:40:40 INFO    ] Eval done...
[20250123 12:40:40 INFO    ] Epoch 133 done. Time: 1.3min
[20250123 12:40:40 INFO    ] Running training epoch 134
[20250123 12:41:51 INFO    ] train epoch:134 / loss:0.0003105 / SRCC:0.9962 / PLCC:0.997
[20250123 12:41:51 INFO    ] Starting eval...
[20250123 12:41:51 INFO    ] Running testing in epoch 134
[20250123 12:41:59 INFO    ] Epoch:134 ===== loss:0.01259 ===== SRCC:0.892 ===== PLCC:0.9059
[20250123 12:41:59 INFO    ] Eval done...
[20250123 12:41:59 INFO    ] Epoch 134 done. Time: 1.3min
[20250123 12:41:59 INFO    ] Running training epoch 135
[20250123 12:43:10 INFO    ] train epoch:135 / loss:0.0003374 / SRCC:0.9962 / PLCC:0.9967
[20250123 12:43:10 INFO    ] Starting eval...
[20250123 12:43:10 INFO    ] Running testing in epoch 135
[20250123 12:43:18 INFO    ] Epoch:135 ===== loss:0.01188 ===== SRCC:0.905 ===== PLCC:0.9126
[20250123 12:43:18 INFO    ] Eval done...
[20250123 12:43:18 INFO    ] Epoch 135 done. Time: 1.3min
[20250123 12:43:18 INFO    ] Running training epoch 136
[20250123 12:44:29 INFO    ] train epoch:136 / loss:0.0002774 / SRCC:0.997 / PLCC:0.9973
[20250123 12:44:29 INFO    ] Starting eval...
[20250123 12:44:29 INFO    ] Running testing in epoch 136
[20250123 12:44:38 INFO    ] Epoch:136 ===== loss:0.01145 ===== SRCC:0.9077 ===== PLCC:0.9142
[20250123 12:44:38 INFO    ] Eval done...
[20250123 12:44:38 INFO    ] Epoch 136 done. Time: 1.3min
[20250123 12:44:38 INFO    ] Running training epoch 137
[20250123 12:45:49 INFO    ] train epoch:137 / loss:0.0002082 / SRCC:0.9977 / PLCC:0.998
[20250123 12:45:49 INFO    ] Starting eval...
[20250123 12:45:49 INFO    ] Running testing in epoch 137
[20250123 12:45:57 INFO    ] Epoch:137 ===== loss:0.01211 ===== SRCC:0.9062 ===== PLCC:0.9122
[20250123 12:45:57 INFO    ] Eval done...
[20250123 12:45:57 INFO    ] Epoch 137 done. Time: 1.3min
[20250123 12:45:57 INFO    ] Running training epoch 138
[20250123 12:47:08 INFO    ] train epoch:138 / loss:0.0002316 / SRCC:0.9974 / PLCC:0.9978
[20250123 12:47:08 INFO    ] Starting eval...
[20250123 12:47:08 INFO    ] Running testing in epoch 138
[20250123 12:47:16 INFO    ] Epoch:138 ===== loss:0.01211 ===== SRCC:0.9043 ===== PLCC:0.9109
[20250123 12:47:16 INFO    ] Eval done...
[20250123 12:47:16 INFO    ] Epoch 138 done. Time: 1.3min
[20250123 12:47:16 INFO    ] Running training epoch 139
[20250123 12:48:27 INFO    ] train epoch:139 / loss:0.0002219 / SRCC:0.9975 / PLCC:0.9978
[20250123 12:48:27 INFO    ] Starting eval...
[20250123 12:48:27 INFO    ] Running testing in epoch 139
[20250123 12:48:35 INFO    ] Epoch:139 ===== loss:0.01157 ===== SRCC:0.9099 ===== PLCC:0.9144
[20250123 12:48:35 INFO    ] Eval done...
[20250123 12:48:35 INFO    ] Epoch 139 done. Time: 1.3min
[20250123 12:48:35 INFO    ] Running training epoch 140
[20250123 12:49:46 INFO    ] train epoch:140 / loss:0.0002028 / SRCC:0.9977 / PLCC:0.998
[20250123 12:49:46 INFO    ] Starting eval...
[20250123 12:49:46 INFO    ] Running testing in epoch 140
[20250123 12:49:55 INFO    ] Epoch:140 ===== loss:0.0118 ===== SRCC:0.9087 ===== PLCC:0.9157
[20250123 12:49:55 INFO    ] Eval done...
[20250123 12:49:55 INFO    ] Epoch 140 done. Time: 1.3min
[20250123 12:49:55 INFO    ] Running training epoch 141
[20250123 12:51:05 INFO    ] train epoch:141 / loss:0.0002203 / SRCC:0.9974 / PLCC:0.9979
[20250123 12:51:05 INFO    ] Starting eval...
[20250123 12:51:05 INFO    ] Running testing in epoch 141
[20250123 12:51:14 INFO    ] Epoch:141 ===== loss:0.01167 ===== SRCC:0.9057 ===== PLCC:0.9143
[20250123 12:51:14 INFO    ] Eval done...
[20250123 12:51:14 INFO    ] Epoch 141 done. Time: 1.3min
[20250123 12:51:14 INFO    ] Running training epoch 142
[20250123 12:52:24 INFO    ] train epoch:142 / loss:0.0002486 / SRCC:0.9972 / PLCC:0.9976
[20250123 12:52:24 INFO    ] Starting eval...
[20250123 12:52:24 INFO    ] Running testing in epoch 142
[20250123 12:52:32 INFO    ] Epoch:142 ===== loss:0.01226 ===== SRCC:0.9039 ===== PLCC:0.9111
[20250123 12:52:32 INFO    ] Eval done...
[20250123 12:52:32 INFO    ] Epoch 142 done. Time: 1.3min
[20250123 12:52:32 INFO    ] Running training epoch 143
[20250123 12:53:43 INFO    ] train epoch:143 / loss:0.0002301 / SRCC:0.9974 / PLCC:0.9978
[20250123 12:53:43 INFO    ] Starting eval...
[20250123 12:53:43 INFO    ] Running testing in epoch 143
[20250123 12:53:51 INFO    ] Epoch:143 ===== loss:0.012 ===== SRCC:0.9062 ===== PLCC:0.9127
[20250123 12:53:51 INFO    ] Eval done...
[20250123 12:53:51 INFO    ] Epoch 143 done. Time: 1.3min
[20250123 12:53:51 INFO    ] Running training epoch 144
[20250123 12:55:02 INFO    ] train epoch:144 / loss:0.0002441 / SRCC:0.9973 / PLCC:0.9976
[20250123 12:55:02 INFO    ] Starting eval...
[20250123 12:55:02 INFO    ] Running testing in epoch 144
[20250123 12:55:11 INFO    ] Epoch:144 ===== loss:0.0122 ===== SRCC:0.9069 ===== PLCC:0.9132
[20250123 12:55:11 INFO    ] Eval done...
[20250123 12:55:11 INFO    ] Epoch 144 done. Time: 1.3min
[20250123 12:55:11 INFO    ] Running training epoch 145
[20250123 12:56:22 INFO    ] train epoch:145 / loss:0.0002177 / SRCC:0.9976 / PLCC:0.9979
[20250123 12:56:22 INFO    ] Starting eval...
[20250123 12:56:22 INFO    ] Running testing in epoch 145
[20250123 12:56:30 INFO    ] Epoch:145 ===== loss:0.01196 ===== SRCC:0.9049 ===== PLCC:0.9124
[20250123 12:56:30 INFO    ] Eval done...
[20250123 12:56:30 INFO    ] Epoch 145 done. Time: 1.3min
[20250123 12:56:30 INFO    ] Running training epoch 146
[20250123 12:57:41 INFO    ] train epoch:146 / loss:0.0003387 / SRCC:0.9968 / PLCC:0.9967
[20250123 12:57:41 INFO    ] Starting eval...
[20250123 12:57:41 INFO    ] Running testing in epoch 146
[20250123 12:57:49 INFO    ] Epoch:146 ===== loss:0.01201 ===== SRCC:0.9034 ===== PLCC:0.9107
[20250123 12:57:49 INFO    ] Eval done...
[20250123 12:57:49 INFO    ] Epoch 146 done. Time: 1.3min
[20250123 12:57:49 INFO    ] Running training epoch 147
[20250123 12:59:00 INFO    ] train epoch:147 / loss:0.0004907 / SRCC:0.9942 / PLCC:0.9952
[20250123 12:59:00 INFO    ] Starting eval...
[20250123 12:59:00 INFO    ] Running testing in epoch 147
[20250123 12:59:08 INFO    ] Epoch:147 ===== loss:0.01476 ===== SRCC:0.8977 ===== PLCC:0.8998
[20250123 12:59:08 INFO    ] Eval done...
[20250123 12:59:08 INFO    ] Epoch 147 done. Time: 1.3min
[20250123 12:59:08 INFO    ] Running training epoch 148
[20250123 13:00:19 INFO    ] train epoch:148 / loss:0.000616 / SRCC:0.9928 / PLCC:0.994
[20250123 13:00:19 INFO    ] Starting eval...
[20250123 13:00:19 INFO    ] Running testing in epoch 148
[20250123 13:00:27 INFO    ] Epoch:148 ===== loss:0.01243 ===== SRCC:0.9018 ===== PLCC:0.9089
[20250123 13:00:27 INFO    ] Eval done...
[20250123 13:00:27 INFO    ] Epoch 148 done. Time: 1.3min
[20250123 13:00:27 INFO    ] Running training epoch 149
[20250123 13:01:38 INFO    ] train epoch:149 / loss:0.0003727 / SRCC:0.9952 / PLCC:0.9964
[20250123 13:01:38 INFO    ] Starting eval...
[20250123 13:01:38 INFO    ] Running testing in epoch 149
[20250123 13:01:46 INFO    ] Epoch:149 ===== loss:0.01203 ===== SRCC:0.9044 ===== PLCC:0.9116
[20250123 13:01:46 INFO    ] Eval done...
[20250123 13:01:46 INFO    ] Epoch 149 done. Time: 1.3min
[20250123 13:01:46 INFO    ] Running training epoch 150
[20250123 13:02:57 INFO    ] train epoch:150 / loss:0.0003124 / SRCC:0.9965 / PLCC:0.997
[20250123 13:02:57 INFO    ] Starting eval...
[20250123 13:02:57 INFO    ] Running testing in epoch 150
[20250123 13:03:05 INFO    ] Epoch:150 ===== loss:0.01203 ===== SRCC:0.9035 ===== PLCC:0.9091
[20250123 13:03:05 INFO    ] Eval done...
[20250123 13:03:05 INFO    ] Epoch 150 done. Time: 1.3min
[20250123 13:03:05 INFO    ] Running training epoch 151
[20250123 13:04:16 INFO    ] train epoch:151 / loss:0.0002635 / SRCC:0.9971 / PLCC:0.9974
[20250123 13:04:16 INFO    ] Starting eval...
[20250123 13:04:16 INFO    ] Running testing in epoch 151
[20250123 13:04:24 INFO    ] Epoch:151 ===== loss:0.01239 ===== SRCC:0.9043 ===== PLCC:0.9072
[20250123 13:04:24 INFO    ] Eval done...
[20250123 13:04:24 INFO    ] Epoch 151 done. Time: 1.3min
[20250123 13:04:24 INFO    ] Running training epoch 152
[20250123 13:05:35 INFO    ] train epoch:152 / loss:0.0002484 / SRCC:0.9974 / PLCC:0.9976
[20250123 13:05:35 INFO    ] Starting eval...
[20250123 13:05:35 INFO    ] Running testing in epoch 152
[20250123 13:05:43 INFO    ] Epoch:152 ===== loss:0.01348 ===== SRCC:0.9004 ===== PLCC:0.9056
[20250123 13:05:43 INFO    ] Eval done...
[20250123 13:05:43 INFO    ] Epoch 152 done. Time: 1.3min
[20250123 13:05:43 INFO    ] Running training epoch 153
[20250123 13:06:54 INFO    ] train epoch:153 / loss:0.0003034 / SRCC:0.9965 / PLCC:0.9971
[20250123 13:06:54 INFO    ] Starting eval...
[20250123 13:06:54 INFO    ] Running testing in epoch 153
[20250123 13:07:03 INFO    ] Epoch:153 ===== loss:0.0124 ===== SRCC:0.9029 ===== PLCC:0.9083
[20250123 13:07:03 INFO    ] Eval done...
[20250123 13:07:03 INFO    ] Epoch 153 done. Time: 1.3min
[20250123 13:07:03 INFO    ] Running training epoch 154
[20250123 13:08:13 INFO    ] train epoch:154 / loss:0.0002205 / SRCC:0.9975 / PLCC:0.9979
[20250123 13:08:13 INFO    ] Starting eval...
[20250123 13:08:13 INFO    ] Running testing in epoch 154
[20250123 13:08:22 INFO    ] Epoch:154 ===== loss:0.01177 ===== SRCC:0.9057 ===== PLCC:0.9123
[20250123 13:08:22 INFO    ] Eval done...
[20250123 13:08:22 INFO    ] Epoch 154 done. Time: 1.3min
[20250123 13:08:22 INFO    ] Running training epoch 155
[20250123 13:09:32 INFO    ] train epoch:155 / loss:0.0002337 / SRCC:0.9975 / PLCC:0.9977
[20250123 13:09:32 INFO    ] Starting eval...
[20250123 13:09:32 INFO    ] Running testing in epoch 155
[20250123 13:09:41 INFO    ] Epoch:155 ===== loss:0.01257 ===== SRCC:0.9005 ===== PLCC:0.9089
[20250123 13:09:41 INFO    ] Eval done...
[20250123 13:09:41 INFO    ] Epoch 155 done. Time: 1.3min
[20250123 13:09:41 INFO    ] Running training epoch 156
[20250123 13:10:52 INFO    ] train epoch:156 / loss:0.0002212 / SRCC:0.9975 / PLCC:0.9979
[20250123 13:10:52 INFO    ] Starting eval...
[20250123 13:10:52 INFO    ] Running testing in epoch 156
[20250123 13:11:00 INFO    ] Epoch:156 ===== loss:0.01214 ===== SRCC:0.9028 ===== PLCC:0.9106
[20250123 13:11:00 INFO    ] Eval done...
[20250123 13:11:00 INFO    ] Epoch 156 done. Time: 1.3min
[20250123 13:11:00 INFO    ] Running training epoch 157
[20250123 13:12:11 INFO    ] train epoch:157 / loss:0.0002116 / SRCC:0.9974 / PLCC:0.998
[20250123 13:12:11 INFO    ] Starting eval...
[20250123 13:12:11 INFO    ] Running testing in epoch 157
[20250123 13:12:19 INFO    ] Epoch:157 ===== loss:0.01241 ===== SRCC:0.9027 ===== PLCC:0.9094
[20250123 13:12:19 INFO    ] Eval done...
[20250123 13:12:19 INFO    ] Epoch 157 done. Time: 1.3min
[20250123 13:12:19 INFO    ] Running training epoch 158
[20250123 13:13:29 INFO    ] train epoch:158 / loss:0.0001681 / SRCC:0.9979 / PLCC:0.9984
[20250123 13:13:29 INFO    ] Starting eval...
[20250123 13:13:29 INFO    ] Running testing in epoch 158
[20250123 13:13:38 INFO    ] Epoch:158 ===== loss:0.01192 ===== SRCC:0.9065 ===== PLCC:0.9126
[20250123 13:13:38 INFO    ] Eval done...
[20250123 13:13:38 INFO    ] Epoch 158 done. Time: 1.3min
[20250123 13:13:38 INFO    ] Running training epoch 159
[20250123 13:14:48 INFO    ] train epoch:159 / loss:0.0001929 / SRCC:0.9978 / PLCC:0.9981
[20250123 13:14:48 INFO    ] Starting eval...
[20250123 13:14:48 INFO    ] Running testing in epoch 159
[20250123 13:14:57 INFO    ] Epoch:159 ===== loss:0.01233 ===== SRCC:0.9051 ===== PLCC:0.9098
[20250123 13:14:57 INFO    ] Eval done...
[20250123 13:14:57 INFO    ] Epoch 159 done. Time: 1.3min
[20250123 13:14:57 INFO    ] Running training epoch 160
[20250123 13:16:07 INFO    ] train epoch:160 / loss:0.0002438 / SRCC:0.9974 / PLCC:0.9976
[20250123 13:16:07 INFO    ] Starting eval...
[20250123 13:16:07 INFO    ] Running testing in epoch 160
[20250123 13:16:16 INFO    ] Epoch:160 ===== loss:0.01186 ===== SRCC:0.9023 ===== PLCC:0.9093
[20250123 13:16:16 INFO    ] Eval done...
[20250123 13:16:16 INFO    ] Epoch 160 done. Time: 1.3min
[20250123 13:16:16 INFO    ] Running training epoch 161
[20250123 13:17:26 INFO    ] train epoch:161 / loss:0.0003074 / SRCC:0.9966 / PLCC:0.997
[20250123 13:17:26 INFO    ] Starting eval...
[20250123 13:17:26 INFO    ] Running testing in epoch 161
[20250123 13:17:35 INFO    ] Epoch:161 ===== loss:0.01198 ===== SRCC:0.9055 ===== PLCC:0.9139
[20250123 13:17:35 INFO    ] Eval done...
[20250123 13:17:35 INFO    ] Epoch 161 done. Time: 1.3min
[20250123 13:17:35 INFO    ] Running training epoch 162
[20250123 13:18:46 INFO    ] train epoch:162 / loss:0.0004177 / SRCC:0.9947 / PLCC:0.996
[20250123 13:18:46 INFO    ] Starting eval...
[20250123 13:18:46 INFO    ] Running testing in epoch 162
[20250123 13:18:54 INFO    ] Epoch:162 ===== loss:0.01254 ===== SRCC:0.8978 ===== PLCC:0.9087
[20250123 13:18:54 INFO    ] Eval done...
[20250123 13:18:54 INFO    ] Epoch 162 done. Time: 1.3min
[20250123 13:18:54 INFO    ] Running training epoch 163
[20250123 13:20:05 INFO    ] train epoch:163 / loss:0.0003711 / SRCC:0.9952 / PLCC:0.9964
[20250123 13:20:05 INFO    ] Starting eval...
[20250123 13:20:05 INFO    ] Running testing in epoch 163
[20250123 13:20:13 INFO    ] Epoch:163 ===== loss:0.01244 ===== SRCC:0.9004 ===== PLCC:0.9075
[20250123 13:20:13 INFO    ] Eval done...
[20250123 13:20:13 INFO    ] Epoch 163 done. Time: 1.3min
[20250123 13:20:13 INFO    ] Running training epoch 164
[20250123 13:21:24 INFO    ] train epoch:164 / loss:0.0003603 / SRCC:0.9959 / PLCC:0.9965
[20250123 13:21:24 INFO    ] Starting eval...
[20250123 13:21:24 INFO    ] Running testing in epoch 164
[20250123 13:21:32 INFO    ] Epoch:164 ===== loss:0.01341 ===== SRCC:0.8999 ===== PLCC:0.9049
[20250123 13:21:32 INFO    ] Eval done...
[20250123 13:21:32 INFO    ] Epoch 164 done. Time: 1.3min
[20250123 13:21:32 INFO    ] Running training epoch 165
[20250123 13:22:43 INFO    ] train epoch:165 / loss:0.0003115 / SRCC:0.9963 / PLCC:0.997
[20250123 13:22:43 INFO    ] Starting eval...
[20250123 13:22:43 INFO    ] Running testing in epoch 165
[20250123 13:22:51 INFO    ] Epoch:165 ===== loss:0.01198 ===== SRCC:0.9037 ===== PLCC:0.9084
[20250123 13:22:51 INFO    ] Eval done...
[20250123 13:22:51 INFO    ] Epoch 165 done. Time: 1.3min
[20250123 13:22:51 INFO    ] Running training epoch 166
[20250123 13:24:02 INFO    ] train epoch:166 / loss:0.000316 / SRCC:0.9959 / PLCC:0.9969
[20250123 13:24:02 INFO    ] Starting eval...
[20250123 13:24:02 INFO    ] Running testing in epoch 166
[20250123 13:24:10 INFO    ] Epoch:166 ===== loss:0.01258 ===== SRCC:0.8992 ===== PLCC:0.9073
[20250123 13:24:10 INFO    ] Eval done...
[20250123 13:24:10 INFO    ] Epoch 166 done. Time: 1.3min
[20250123 13:24:10 INFO    ] Running training epoch 167
[20250123 13:25:21 INFO    ] train epoch:167 / loss:0.0001916 / SRCC:0.9977 / PLCC:0.9981
[20250123 13:25:21 INFO    ] Starting eval...
[20250123 13:25:21 INFO    ] Running testing in epoch 167
[20250123 13:25:29 INFO    ] Epoch:167 ===== loss:0.01224 ===== SRCC:0.8994 ===== PLCC:0.9092
[20250123 13:25:29 INFO    ] Eval done...
[20250123 13:25:29 INFO    ] Epoch 167 done. Time: 1.3min
[20250123 13:25:29 INFO    ] Running training epoch 168
[20250123 13:26:40 INFO    ] train epoch:168 / loss:0.0001895 / SRCC:0.9976 / PLCC:0.9981
[20250123 13:26:40 INFO    ] Starting eval...
[20250123 13:26:40 INFO    ] Running testing in epoch 168
[20250123 13:26:48 INFO    ] Epoch:168 ===== loss:0.0127 ===== SRCC:0.9 ===== PLCC:0.9065
[20250123 13:26:48 INFO    ] Eval done...
[20250123 13:26:48 INFO    ] Epoch 168 done. Time: 1.3min
[20250123 13:26:48 INFO    ] Running training epoch 169
[20250123 13:27:59 INFO    ] train epoch:169 / loss:0.0001989 / SRCC:0.9975 / PLCC:0.9981
[20250123 13:27:59 INFO    ] Starting eval...
[20250123 13:27:59 INFO    ] Running testing in epoch 169
[20250123 13:28:07 INFO    ] Epoch:169 ===== loss:0.01259 ===== SRCC:0.9028 ===== PLCC:0.907
[20250123 13:28:07 INFO    ] Eval done...
[20250123 13:28:07 INFO    ] Epoch 169 done. Time: 1.3min
[20250123 13:28:07 INFO    ] Running training epoch 170
[20250123 13:29:18 INFO    ] train epoch:170 / loss:0.0002125 / SRCC:0.9974 / PLCC:0.9979
[20250123 13:29:18 INFO    ] Starting eval...
[20250123 13:29:18 INFO    ] Running testing in epoch 170
[20250123 13:29:26 INFO    ] Epoch:170 ===== loss:0.0125 ===== SRCC:0.9019 ===== PLCC:0.908
[20250123 13:29:26 INFO    ] Eval done...
[20250123 13:29:26 INFO    ] Epoch 170 done. Time: 1.3min
[20250123 13:29:26 INFO    ] Running training epoch 171
[20250123 13:30:36 INFO    ] train epoch:171 / loss:0.0002329 / SRCC:0.9975 / PLCC:0.9977
[20250123 13:30:36 INFO    ] Starting eval...
[20250123 13:30:36 INFO    ] Running testing in epoch 171
[20250123 13:30:45 INFO    ] Epoch:171 ===== loss:0.0123 ===== SRCC:0.8998 ===== PLCC:0.909
[20250123 13:30:45 INFO    ] Eval done...
[20250123 13:30:45 INFO    ] Epoch 171 done. Time: 1.3min
[20250123 13:30:45 INFO    ] Running training epoch 172
[20250123 13:31:55 INFO    ] train epoch:172 / loss:0.0002084 / SRCC:0.9977 / PLCC:0.998
[20250123 13:31:55 INFO    ] Starting eval...
[20250123 13:31:55 INFO    ] Running testing in epoch 172
[20250123 13:32:04 INFO    ] Epoch:172 ===== loss:0.01162 ===== SRCC:0.906 ===== PLCC:0.9126
[20250123 13:32:04 INFO    ] Eval done...
[20250123 13:32:04 INFO    ] Epoch 172 done. Time: 1.3min
[20250123 13:32:04 INFO    ] Running training epoch 173
[20250123 13:33:14 INFO    ] train epoch:173 / loss:0.000373 / SRCC:0.995 / PLCC:0.9964
[20250123 13:33:14 INFO    ] Starting eval...
[20250123 13:33:14 INFO    ] Running testing in epoch 173
[20250123 13:33:23 INFO    ] Epoch:173 ===== loss:0.01317 ===== SRCC:0.9032 ===== PLCC:0.9056
[20250123 13:33:23 INFO    ] Eval done...
[20250123 13:33:23 INFO    ] Epoch 173 done. Time: 1.3min
[20250123 13:33:23 INFO    ] Running training epoch 174
[20250123 13:34:33 INFO    ] train epoch:174 / loss:0.0004379 / SRCC:0.9941 / PLCC:0.9957
[20250123 13:34:33 INFO    ] Starting eval...
[20250123 13:34:33 INFO    ] Running testing in epoch 174
[20250123 13:34:41 INFO    ] Epoch:174 ===== loss:0.01177 ===== SRCC:0.905 ===== PLCC:0.9129
[20250123 13:34:41 INFO    ] Eval done...
[20250123 13:34:41 INFO    ] Epoch 174 done. Time: 1.3min
[20250123 13:34:41 INFO    ] Running training epoch 175
[20250123 13:35:52 INFO    ] train epoch:175 / loss:0.0002456 / SRCC:0.9971 / PLCC:0.9976
[20250123 13:35:52 INFO    ] Starting eval...
[20250123 13:35:52 INFO    ] Running testing in epoch 175
[20250123 13:36:00 INFO    ] Epoch:175 ===== loss:0.0125 ===== SRCC:0.9036 ===== PLCC:0.9072
[20250123 13:36:00 INFO    ] Eval done...
[20250123 13:36:00 INFO    ] Epoch 175 done. Time: 1.3min
[20250123 13:36:00 INFO    ] Running training epoch 176
[20250123 13:37:11 INFO    ] train epoch:176 / loss:0.0003282 / SRCC:0.9965 / PLCC:0.9968
[20250123 13:37:11 INFO    ] Starting eval...
[20250123 13:37:11 INFO    ] Running testing in epoch 176
[20250123 13:37:19 INFO    ] Epoch:176 ===== loss:0.01129 ===== SRCC:0.9046 ===== PLCC:0.9146
[20250123 13:37:19 INFO    ] Eval done...
[20250123 13:37:19 INFO    ] Epoch 176 done. Time: 1.3min
[20250123 13:37:19 INFO    ] Running training epoch 177
[20250123 13:38:30 INFO    ] train epoch:177 / loss:0.0003986 / SRCC:0.9956 / PLCC:0.9961
[20250123 13:38:30 INFO    ] Starting eval...
[20250123 13:38:30 INFO    ] Running testing in epoch 177
[20250123 13:38:38 INFO    ] Epoch:177 ===== loss:0.01207 ===== SRCC:0.9019 ===== PLCC:0.9079
[20250123 13:38:38 INFO    ] Eval done...
[20250123 13:38:38 INFO    ] Epoch 177 done. Time: 1.3min
[20250123 13:38:38 INFO    ] Running training epoch 178
[20250123 13:39:49 INFO    ] train epoch:178 / loss:0.0002873 / SRCC:0.9966 / PLCC:0.9972
[20250123 13:39:49 INFO    ] Starting eval...
[20250123 13:39:49 INFO    ] Running testing in epoch 178
[20250123 13:39:58 INFO    ] Epoch:178 ===== loss:0.01213 ===== SRCC:0.9 ===== PLCC:0.9092
[20250123 13:39:58 INFO    ] Eval done...
[20250123 13:39:58 INFO    ] Epoch 178 done. Time: 1.3min
[20250123 13:39:58 INFO    ] Running training epoch 179
[20250123 13:41:08 INFO    ] train epoch:179 / loss:0.0002472 / SRCC:0.9971 / PLCC:0.9976
[20250123 13:41:08 INFO    ] Starting eval...
[20250123 13:41:08 INFO    ] Running testing in epoch 179
[20250123 13:41:17 INFO    ] Epoch:179 ===== loss:0.01215 ===== SRCC:0.9039 ===== PLCC:0.9119
[20250123 13:41:17 INFO    ] Eval done...
[20250123 13:41:17 INFO    ] Epoch 179 done. Time: 1.3min
[20250123 13:41:17 INFO    ] Running training epoch 180
[20250123 13:42:27 INFO    ] train epoch:180 / loss:0.0003375 / SRCC:0.9956 / PLCC:0.9967
[20250123 13:42:27 INFO    ] Starting eval...
[20250123 13:42:27 INFO    ] Running testing in epoch 180
[20250123 13:42:36 INFO    ] Epoch:180 ===== loss:0.01181 ===== SRCC:0.9019 ===== PLCC:0.9115
[20250123 13:42:36 INFO    ] Eval done...
[20250123 13:42:36 INFO    ] Epoch 180 done. Time: 1.3min
[20250123 13:42:36 INFO    ] Running training epoch 181
[20250123 13:43:46 INFO    ] train epoch:181 / loss:0.0004139 / SRCC:0.9945 / PLCC:0.996
[20250123 13:43:46 INFO    ] Starting eval...
[20250123 13:43:46 INFO    ] Running testing in epoch 181
[20250123 13:43:55 INFO    ] Epoch:181 ===== loss:0.01202 ===== SRCC:0.903 ===== PLCC:0.9107
[20250123 13:43:55 INFO    ] Eval done...
[20250123 13:43:55 INFO    ] Epoch 181 done. Time: 1.3min
[20250123 13:43:55 INFO    ] Running training epoch 182
[20250123 13:45:05 INFO    ] train epoch:182 / loss:0.0003474 / SRCC:0.9956 / PLCC:0.9966
[20250123 13:45:05 INFO    ] Starting eval...
[20250123 13:45:05 INFO    ] Running testing in epoch 182
[20250123 13:45:14 INFO    ] Epoch:182 ===== loss:0.01225 ===== SRCC:0.8986 ===== PLCC:0.9077
[20250123 13:45:14 INFO    ] Eval done...
[20250123 13:45:14 INFO    ] Epoch 182 done. Time: 1.3min
[20250123 13:45:14 INFO    ] Running training epoch 183
[20250123 13:46:25 INFO    ] train epoch:183 / loss:0.0002912 / SRCC:0.9963 / PLCC:0.9971
[20250123 13:46:25 INFO    ] Starting eval...
[20250123 13:46:25 INFO    ] Running testing in epoch 183
[20250123 13:46:33 INFO    ] Epoch:183 ===== loss:0.01282 ===== SRCC:0.8971 ===== PLCC:0.9062
[20250123 13:46:33 INFO    ] Eval done...
[20250123 13:46:33 INFO    ] Epoch 183 done. Time: 1.3min
[20250123 13:46:33 INFO    ] Running training epoch 184
[20250123 13:47:44 INFO    ] train epoch:184 / loss:0.000341 / SRCC:0.9955 / PLCC:0.9967
[20250123 13:47:44 INFO    ] Starting eval...
[20250123 13:47:44 INFO    ] Running testing in epoch 184
[20250123 13:47:52 INFO    ] Epoch:184 ===== loss:0.01172 ===== SRCC:0.9019 ===== PLCC:0.9106
[20250123 13:47:52 INFO    ] Eval done...
[20250123 13:47:52 INFO    ] Epoch 184 done. Time: 1.3min
[20250123 13:47:52 INFO    ] Running training epoch 185
[20250123 13:49:03 INFO    ] train epoch:185 / loss:0.0002931 / SRCC:0.9965 / PLCC:0.9971
[20250123 13:49:03 INFO    ] Starting eval...
[20250123 13:49:03 INFO    ] Running testing in epoch 185
[20250123 13:49:11 INFO    ] Epoch:185 ===== loss:0.01223 ===== SRCC:0.9009 ===== PLCC:0.9086
[20250123 13:49:11 INFO    ] Eval done...
[20250123 13:49:11 INFO    ] Epoch 185 done. Time: 1.3min
[20250123 13:49:11 INFO    ] Running training epoch 186
[20250123 13:50:22 INFO    ] train epoch:186 / loss:0.0003097 / SRCC:0.9963 / PLCC:0.997
[20250123 13:50:22 INFO    ] Starting eval...
[20250123 13:50:22 INFO    ] Running testing in epoch 186
[20250123 13:50:30 INFO    ] Epoch:186 ===== loss:0.01244 ===== SRCC:0.894 ===== PLCC:0.9049
[20250123 13:50:30 INFO    ] Eval done...
[20250123 13:50:30 INFO    ] Epoch 186 done. Time: 1.3min
[20250123 13:50:30 INFO    ] Running training epoch 187
[20250123 13:51:41 INFO    ] train epoch:187 / loss:0.0002696 / SRCC:0.997 / PLCC:0.9974
[20250123 13:51:41 INFO    ] Starting eval...
[20250123 13:51:41 INFO    ] Running testing in epoch 187
[20250123 13:51:49 INFO    ] Epoch:187 ===== loss:0.01284 ===== SRCC:0.8981 ===== PLCC:0.908
[20250123 13:51:49 INFO    ] Eval done...
[20250123 13:51:49 INFO    ] Epoch 187 done. Time: 1.3min
[20250123 13:51:49 INFO    ] Running training epoch 188
[20250123 13:53:00 INFO    ] train epoch:188 / loss:0.0001998 / SRCC:0.9976 / PLCC:0.9981
[20250123 13:53:00 INFO    ] Starting eval...
[20250123 13:53:00 INFO    ] Running testing in epoch 188
[20250123 13:53:08 INFO    ] Epoch:188 ===== loss:0.01233 ===== SRCC:0.9002 ===== PLCC:0.9086
[20250123 13:53:08 INFO    ] Eval done...
[20250123 13:53:08 INFO    ] Epoch 188 done. Time: 1.3min
[20250123 13:53:08 INFO    ] Running training epoch 189
[20250123 13:54:19 INFO    ] train epoch:189 / loss:0.0001505 / SRCC:0.9983 / PLCC:0.9985
[20250123 13:54:19 INFO    ] Starting eval...
[20250123 13:54:19 INFO    ] Running testing in epoch 189
[20250123 13:54:27 INFO    ] Epoch:189 ===== loss:0.01263 ===== SRCC:0.895 ===== PLCC:0.9059
[20250123 13:54:27 INFO    ] Eval done...
[20250123 13:54:27 INFO    ] Epoch 189 done. Time: 1.3min
[20250123 13:54:27 INFO    ] Running training epoch 190
[20250123 13:55:38 INFO    ] train epoch:190 / loss:0.0001625 / SRCC:0.9982 / PLCC:0.9984
[20250123 13:55:38 INFO    ] Starting eval...
[20250123 13:55:38 INFO    ] Running testing in epoch 190
[20250123 13:55:46 INFO    ] Epoch:190 ===== loss:0.0123 ===== SRCC:0.8979 ===== PLCC:0.9079
[20250123 13:55:46 INFO    ] Eval done...
[20250123 13:55:46 INFO    ] Epoch 190 done. Time: 1.3min
[20250123 13:55:46 INFO    ] Running training epoch 191
[20250123 13:56:57 INFO    ] train epoch:191 / loss:0.0001439 / SRCC:0.9983 / PLCC:0.9986
[20250123 13:56:57 INFO    ] Starting eval...
[20250123 13:56:57 INFO    ] Running testing in epoch 191
[20250123 13:57:05 INFO    ] Epoch:191 ===== loss:0.01231 ===== SRCC:0.9014 ===== PLCC:0.9093
[20250123 13:57:05 INFO    ] Eval done...
[20250123 13:57:05 INFO    ] Epoch 191 done. Time: 1.3min
[20250123 13:57:05 INFO    ] Running training epoch 192
[20250123 13:58:16 INFO    ] train epoch:192 / loss:0.0001779 / SRCC:0.9979 / PLCC:0.9983
[20250123 13:58:16 INFO    ] Starting eval...
[20250123 13:58:16 INFO    ] Running testing in epoch 192
[20250123 13:58:24 INFO    ] Epoch:192 ===== loss:0.01254 ===== SRCC:0.9013 ===== PLCC:0.9092
[20250123 13:58:24 INFO    ] Eval done...
[20250123 13:58:24 INFO    ] Epoch 192 done. Time: 1.3min
[20250123 13:58:24 INFO    ] Running training epoch 193
[20250123 13:59:35 INFO    ] train epoch:193 / loss:0.0001577 / SRCC:0.9981 / PLCC:0.9985
[20250123 13:59:35 INFO    ] Starting eval...
[20250123 13:59:35 INFO    ] Running testing in epoch 193
[20250123 13:59:43 INFO    ] Epoch:193 ===== loss:0.01226 ===== SRCC:0.8999 ===== PLCC:0.9083
[20250123 13:59:43 INFO    ] Eval done...
[20250123 13:59:43 INFO    ] Epoch 193 done. Time: 1.3min
[20250123 13:59:43 INFO    ] Running training epoch 194
[20250123 14:00:54 INFO    ] train epoch:194 / loss:0.0001567 / SRCC:0.998 / PLCC:0.9985
[20250123 14:00:54 INFO    ] Starting eval...
[20250123 14:00:54 INFO    ] Running testing in epoch 194
[20250123 14:01:02 INFO    ] Epoch:194 ===== loss:0.01233 ===== SRCC:0.8994 ===== PLCC:0.9078
[20250123 14:01:02 INFO    ] Eval done...
[20250123 14:01:02 INFO    ] Epoch 194 done. Time: 1.3min
[20250123 14:01:02 INFO    ] Running training epoch 195
[20250123 14:02:13 INFO    ] train epoch:195 / loss:0.0001927 / SRCC:0.9977 / PLCC:0.9981
[20250123 14:02:13 INFO    ] Starting eval...
[20250123 14:02:13 INFO    ] Running testing in epoch 195
[20250123 14:02:21 INFO    ] Epoch:195 ===== loss:0.01249 ===== SRCC:0.8984 ===== PLCC:0.9075
[20250123 14:02:21 INFO    ] Eval done...
[20250123 14:02:21 INFO    ] Epoch 195 done. Time: 1.3min
[20250123 14:02:21 INFO    ] Running training epoch 196
[20250123 14:03:32 INFO    ] train epoch:196 / loss:0.0002087 / SRCC:0.9974 / PLCC:0.9979
[20250123 14:03:32 INFO    ] Starting eval...
[20250123 14:03:32 INFO    ] Running testing in epoch 196
[20250123 14:03:40 INFO    ] Epoch:196 ===== loss:0.01305 ===== SRCC:0.9013 ===== PLCC:0.9084
[20250123 14:03:40 INFO    ] Eval done...
[20250123 14:03:40 INFO    ] Epoch 196 done. Time: 1.3min
[20250123 14:03:40 INFO    ] Running training epoch 197
[20250123 14:04:51 INFO    ] train epoch:197 / loss:0.0002776 / SRCC:0.9964 / PLCC:0.9973
[20250123 14:04:51 INFO    ] Starting eval...
[20250123 14:04:51 INFO    ] Running testing in epoch 197
[20250123 14:04:59 INFO    ] Epoch:197 ===== loss:0.01282 ===== SRCC:0.9013 ===== PLCC:0.9084
[20250123 14:04:59 INFO    ] Eval done...
[20250123 14:04:59 INFO    ] Epoch 197 done. Time: 1.3min
[20250123 14:04:59 INFO    ] Running training epoch 198
[20250123 14:06:10 INFO    ] train epoch:198 / loss:0.0002805 / SRCC:0.9966 / PLCC:0.9973
[20250123 14:06:10 INFO    ] Starting eval...
[20250123 14:06:10 INFO    ] Running testing in epoch 198
[20250123 14:06:18 INFO    ] Epoch:198 ===== loss:0.01335 ===== SRCC:0.8974 ===== PLCC:0.8999
[20250123 14:06:18 INFO    ] Eval done...
[20250123 14:06:18 INFO    ] Epoch 198 done. Time: 1.3min
[20250123 14:06:18 INFO    ] Running training epoch 199
[20250123 14:07:29 INFO    ] train epoch:199 / loss:0.0004287 / SRCC:0.9957 / PLCC:0.9958
[20250123 14:07:29 INFO    ] Starting eval...
[20250123 14:07:29 INFO    ] Running testing in epoch 199
[20250123 14:07:37 INFO    ] Epoch:199 ===== loss:0.01173 ===== SRCC:0.8961 ===== PLCC:0.9068
[20250123 14:07:37 INFO    ] Eval done...
[20250123 14:07:37 INFO    ] Epoch 199 done. Time: 1.3min
[20250123 14:07:37 INFO    ] Running training epoch 200
[20250123 14:08:48 INFO    ] train epoch:200 / loss:0.0004824 / SRCC:0.995 / PLCC:0.9953
[20250123 14:08:48 INFO    ] Starting eval...
[20250123 14:08:48 INFO    ] Running testing in epoch 200
[20250123 14:08:56 INFO    ] Epoch:200 ===== loss:0.01297 ===== SRCC:0.9009 ===== PLCC:0.9052
[20250123 14:08:56 INFO    ] Eval done...
[20250123 14:08:56 INFO    ] Epoch 200 done. Time: 1.3min
[20250123 14:08:56 INFO    ] Running training epoch 201
[20250123 14:10:07 INFO    ] train epoch:201 / loss:0.0003857 / SRCC:0.9956 / PLCC:0.9963
[20250123 14:10:07 INFO    ] Starting eval...
[20250123 14:10:07 INFO    ] Running testing in epoch 201
[20250123 14:10:15 INFO    ] Epoch:201 ===== loss:0.01261 ===== SRCC:0.8947 ===== PLCC:0.9053
[20250123 14:10:15 INFO    ] Eval done...
[20250123 14:10:15 INFO    ] Epoch 201 done. Time: 1.3min
[20250123 14:10:15 INFO    ] Running training epoch 202
[20250123 14:11:26 INFO    ] train epoch:202 / loss:0.0002763 / SRCC:0.9972 / PLCC:0.9973
[20250123 14:11:26 INFO    ] Starting eval...
[20250123 14:11:26 INFO    ] Running testing in epoch 202
[20250123 14:11:34 INFO    ] Epoch:202 ===== loss:0.01228 ===== SRCC:0.9004 ===== PLCC:0.9075
[20250123 14:11:34 INFO    ] Eval done...
[20250123 14:11:34 INFO    ] Epoch 202 done. Time: 1.3min
[20250123 14:11:34 INFO    ] Running training epoch 203
[20250123 14:12:45 INFO    ] train epoch:203 / loss:0.0002447 / SRCC:0.9973 / PLCC:0.9976
[20250123 14:12:45 INFO    ] Starting eval...
[20250123 14:12:45 INFO    ] Running testing in epoch 203
[20250123 14:12:53 INFO    ] Epoch:203 ===== loss:0.01215 ===== SRCC:0.901 ===== PLCC:0.9087
[20250123 14:12:53 INFO    ] Eval done...
[20250123 14:12:53 INFO    ] Epoch 203 done. Time: 1.3min
[20250123 14:12:53 INFO    ] Running training epoch 204
[20250123 14:14:04 INFO    ] train epoch:204 / loss:0.0001813 / SRCC:0.9977 / PLCC:0.9983
[20250123 14:14:04 INFO    ] Starting eval...
[20250123 14:14:04 INFO    ] Running testing in epoch 204
[20250123 14:14:13 INFO    ] Epoch:204 ===== loss:0.01331 ===== SRCC:0.8943 ===== PLCC:0.9055
[20250123 14:14:13 INFO    ] Eval done...
[20250123 14:14:13 INFO    ] Epoch 204 done. Time: 1.3min
[20250123 14:14:13 INFO    ] Running training epoch 205
[20250123 14:15:23 INFO    ] train epoch:205 / loss:0.0002055 / SRCC:0.9974 / PLCC:0.998
[20250123 14:15:23 INFO    ] Starting eval...
[20250123 14:15:23 INFO    ] Running testing in epoch 205
[20250123 14:15:32 INFO    ] Epoch:205 ===== loss:0.01339 ===== SRCC:0.897 ===== PLCC:0.9039
[20250123 14:15:32 INFO    ] Eval done...
[20250123 14:15:32 INFO    ] Epoch 205 done. Time: 1.3min
[20250123 14:15:32 INFO    ] Running training epoch 206
[20250123 14:16:43 INFO    ] train epoch:206 / loss:0.0001897 / SRCC:0.9976 / PLCC:0.9981
[20250123 14:16:43 INFO    ] Starting eval...
[20250123 14:16:43 INFO    ] Running testing in epoch 206
[20250123 14:16:51 INFO    ] Epoch:206 ===== loss:0.01244 ===== SRCC:0.895 ===== PLCC:0.9068
[20250123 14:16:51 INFO    ] Eval done...
[20250123 14:16:51 INFO    ] Epoch 206 done. Time: 1.3min
[20250123 14:16:51 INFO    ] Running training epoch 207
[20250123 14:18:01 INFO    ] train epoch:207 / loss:0.0002418 / SRCC:0.9971 / PLCC:0.9976
[20250123 14:18:01 INFO    ] Starting eval...
[20250123 14:18:01 INFO    ] Running testing in epoch 207
[20250123 14:18:10 INFO    ] Epoch:207 ===== loss:0.01278 ===== SRCC:0.8993 ===== PLCC:0.9065
[20250123 14:18:10 INFO    ] Eval done...
[20250123 14:18:10 INFO    ] Epoch 207 done. Time: 1.3min
[20250123 14:18:10 INFO    ] Running training epoch 208
[20250123 14:19:20 INFO    ] train epoch:208 / loss:0.0002349 / SRCC:0.9974 / PLCC:0.9977
[20250123 14:19:20 INFO    ] Starting eval...
[20250123 14:19:20 INFO    ] Running testing in epoch 208
[20250123 14:19:29 INFO    ] Epoch:208 ===== loss:0.01397 ===== SRCC:0.8827 ===== PLCC:0.8965
[20250123 14:19:29 INFO    ] Eval done...
[20250123 14:19:29 INFO    ] Epoch 208 done. Time: 1.3min
[20250123 14:19:29 INFO    ] Running training epoch 209
[20250123 14:20:39 INFO    ] train epoch:209 / loss:0.0002266 / SRCC:0.9972 / PLCC:0.9978
[20250123 14:20:39 INFO    ] Starting eval...
[20250123 14:20:39 INFO    ] Running testing in epoch 209
[20250123 14:20:48 INFO    ] Epoch:209 ===== loss:0.01328 ===== SRCC:0.8969 ===== PLCC:0.9044
[20250123 14:20:48 INFO    ] Eval done...
[20250123 14:20:48 INFO    ] Epoch 209 done. Time: 1.3min
[20250123 14:20:48 INFO    ] Running training epoch 210
[20250123 14:21:59 INFO    ] train epoch:210 / loss:0.0001385 / SRCC:0.9984 / PLCC:0.9987
[20250123 14:21:59 INFO    ] Starting eval...
[20250123 14:21:59 INFO    ] Running testing in epoch 210
[20250123 14:22:07 INFO    ] Epoch:210 ===== loss:0.01247 ===== SRCC:0.8982 ===== PLCC:0.9065
[20250123 14:22:07 INFO    ] Eval done...
[20250123 14:22:07 INFO    ] Epoch 210 done. Time: 1.3min
[20250123 14:22:07 INFO    ] Running training epoch 211
[20250123 14:23:18 INFO    ] train epoch:211 / loss:0.0001695 / SRCC:0.9979 / PLCC:0.9984
[20250123 14:23:18 INFO    ] Starting eval...
[20250123 14:23:18 INFO    ] Running testing in epoch 211
[20250123 14:23:26 INFO    ] Epoch:211 ===== loss:0.01287 ===== SRCC:0.8993 ===== PLCC:0.9051
[20250123 14:23:26 INFO    ] Eval done...
[20250123 14:23:26 INFO    ] Epoch 211 done. Time: 1.3min
[20250123 14:23:26 INFO    ] Running training epoch 212
[20250123 14:24:37 INFO    ] train epoch:212 / loss:0.0001728 / SRCC:0.998 / PLCC:0.9983
[20250123 14:24:37 INFO    ] Starting eval...
[20250123 14:24:37 INFO    ] Running testing in epoch 212
[20250123 14:24:45 INFO    ] Epoch:212 ===== loss:0.01212 ===== SRCC:0.9039 ===== PLCC:0.9092
[20250123 14:24:45 INFO    ] Eval done...
[20250123 14:24:45 INFO    ] Epoch 212 done. Time: 1.3min
[20250123 14:24:45 INFO    ] Running training epoch 213
[20250123 14:25:56 INFO    ] train epoch:213 / loss:0.0002388 / SRCC:0.9973 / PLCC:0.9977
[20250123 14:25:56 INFO    ] Starting eval...
[20250123 14:25:56 INFO    ] Running testing in epoch 213
[20250123 14:26:04 INFO    ] Epoch:213 ===== loss:0.01307 ===== SRCC:0.8858 ===== PLCC:0.8974
[20250123 14:26:04 INFO    ] Eval done...
[20250123 14:26:04 INFO    ] Epoch 213 done. Time: 1.3min
[20250123 14:26:04 INFO    ] Running training epoch 214
