[20250225 10:47:56 INFO    ] {'dataset_name': 'csiq', 'koniq10k_path': '../all_dataset/KonIQ-10K/1024x768', 'koniq10k_label': './data/koniq10k/koniq10k_label.txt', 'livec_path': '../all_dataset/LIVEC/Images/', 'livec_label': './data/livec/livec_label.txt', 'spaq_path': '../all_dataset/SPAQ/TestImage/', 'spaq_label': './data/spaq/spaq_label.txt', 'tid2013_path': '../all_dataset/tid2013/distorted_images/', 'tid2013_label': 'data/tid2013/tid2013_label.txt', 'kadid10k_path': '../all_dataset/KADID-10K/images/', 'kadid10k_label': './data/kadid10k/kadid10k_label.txt', 'csiq_path': '../all_dataset/CSIQ/dist_imgs/', 'csiq_label': './data/CSIQ/csiq_label.txt', 'batch_size': 12, 'learning_rate': 1e-05, 'weight_decay': 1e-05, 'n_epoch': 200, 'val_freq': 1, 'T_max': 50, 'eta_min': 0, 'num_avg_val': 1, 'num_workers': 8, 'split_seed': 20, 'train_keep_ratio': 1.0, 'val_keep_ratio': 1.0, 'crop_size': 224, 'prob_aug': 0.7, 'patch_size': 8, 'img_size': 224, 'embed_dim': 768, 'dim_mlp': 768, 'num_heads': [4, 4], 'window_size': 4, 'depths': [2, 2], 'num_outputs': 1, 'num_tab': 2, 'scale': 0.8, 'ckpt_path': './output_csiq_500/models/csiq', 'log_path': './output_csiq_500/log/csiq', 'log_file': 'csiq.log', 'tensorboard_path': './output_csiq_500/csiq'}
[20250225 10:47:57 INFO    ] number of train scenes: 692
[20250225 10:47:57 INFO    ] number of val scenes: 174
[20250225 10:48:00 INFO    ] #Params : 172.537214 [M]
[20250225 10:48:06 INFO    ] Running training epoch 1
[20250225 10:50:11 INFO    ] train epoch:1 / loss:0.03839 / SRCC:0.6473 / PLCC:0.6935
[20250225 10:50:11 INFO    ] Starting eval...
[20250225 10:50:11 INFO    ] Running testing in epoch 1
[20250225 10:50:26 INFO    ] Epoch:1 ===== loss:0.0149 ===== SRCC:0.8768 ===== PLCC:0.9026
[20250225 10:50:26 INFO    ] Eval done...
[20250225 10:50:26 INFO    ] ======================================================================================
[20250225 10:50:26 INFO    ] ============================== best main score is 1.7793573087814636 =================================
[20250225 10:50:26 INFO    ] ======================================================================================
[20250225 10:50:27 INFO    ] Saving weights and model of epoch1, SRCC:0.8768031625696874, PLCC:0.9025541462117761
[20250225 10:50:27 INFO    ] Epoch 1 done. Time: 2.4min
[20250225 10:50:27 INFO    ] Running training epoch 2
[20250225 10:51:18 INFO    ] train epoch:2 / loss:0.01071 / SRCC:0.9037 / PLCC:0.921
[20250225 10:51:18 INFO    ] Starting eval...
[20250225 10:51:18 INFO    ] Running testing in epoch 2
[20250225 10:51:25 INFO    ] Epoch:2 ===== loss:0.01651 ===== SRCC:0.8975 ===== PLCC:0.9177
[20250225 10:51:25 INFO    ] Eval done...
[20250225 10:51:25 INFO    ] ======================================================================================
[20250225 10:51:25 INFO    ] ============================== best main score is 1.8151680889968516 =================================
[20250225 10:51:25 INFO    ] ======================================================================================
[20250225 10:51:26 INFO    ] Saving weights and model of epoch2, SRCC:0.8974879261900186, PLCC:0.9176801628068331
[20250225 10:51:26 INFO    ] Epoch 2 done. Time: 0.98min
[20250225 10:51:26 INFO    ] Running training epoch 3
[20250225 10:52:17 INFO    ] train epoch:3 / loss:0.007188 / SRCC:0.9341 / PLCC:0.9479
[20250225 10:52:17 INFO    ] Starting eval...
[20250225 10:52:17 INFO    ] Running testing in epoch 3
[20250225 10:52:24 INFO    ] Epoch:3 ===== loss:0.007529 ===== SRCC:0.9276 ===== PLCC:0.9416
[20250225 10:52:24 INFO    ] Eval done...
[20250225 10:52:24 INFO    ] ======================================================================================
[20250225 10:52:24 INFO    ] ============================== best main score is 1.8691835341477812 =================================
[20250225 10:52:24 INFO    ] ======================================================================================
[20250225 10:52:25 INFO    ] Saving weights and model of epoch3, SRCC:0.9275925711507236, PLCC:0.9415909629970577
[20250225 10:52:25 INFO    ] Epoch 3 done. Time: 0.98min
[20250225 10:52:25 INFO    ] Running training epoch 4
[20250225 10:53:16 INFO    ] train epoch:4 / loss:0.00527 / SRCC:0.947 / PLCC:0.962
[20250225 10:53:16 INFO    ] Starting eval...
[20250225 10:53:16 INFO    ] Running testing in epoch 4
[20250225 10:53:23 INFO    ] Epoch:4 ===== loss:0.005496 ===== SRCC:0.9423 ===== PLCC:0.9554
[20250225 10:53:23 INFO    ] Eval done...
[20250225 10:53:23 INFO    ] ======================================================================================
[20250225 10:53:23 INFO    ] ============================== best main score is 1.8977097309631774 =================================
[20250225 10:53:23 INFO    ] ======================================================================================
[20250225 10:53:24 INFO    ] Saving weights and model of epoch4, SRCC:0.9422715909718321, PLCC:0.9554381399913454
[20250225 10:53:24 INFO    ] Epoch 4 done. Time: 0.98min
[20250225 10:53:24 INFO    ] Running training epoch 5
[20250225 10:54:15 INFO    ] train epoch:5 / loss:0.002966 / SRCC:0.9708 / PLCC:0.9788
[20250225 10:54:15 INFO    ] Starting eval...
[20250225 10:54:15 INFO    ] Running testing in epoch 5
[20250225 10:54:22 INFO    ] Epoch:5 ===== loss:0.004952 ===== SRCC:0.9493 ===== PLCC:0.9642
[20250225 10:54:22 INFO    ] Eval done...
[20250225 10:54:22 INFO    ] ======================================================================================
[20250225 10:54:22 INFO    ] ============================== best main score is 1.9135677447394204 =================================
[20250225 10:54:22 INFO    ] ======================================================================================
[20250225 10:54:23 INFO    ] Saving weights and model of epoch5, SRCC:0.949346625439058, PLCC:0.9642211193003623
[20250225 10:54:23 INFO    ] Epoch 5 done. Time: 0.98min
[20250225 10:54:23 INFO    ] Running training epoch 6
[20250225 10:55:14 INFO    ] train epoch:6 / loss:0.003566 / SRCC:0.9684 / PLCC:0.9746
[20250225 10:55:14 INFO    ] Starting eval...
[20250225 10:55:14 INFO    ] Running testing in epoch 6
[20250225 10:55:21 INFO    ] Epoch:6 ===== loss:0.004996 ===== SRCC:0.9504 ===== PLCC:0.9617
[20250225 10:55:21 INFO    ] Eval done...
[20250225 10:55:21 INFO    ] Epoch 6 done. Time: 0.97min
[20250225 10:55:21 INFO    ] Running training epoch 7
[20250225 10:56:13 INFO    ] train epoch:7 / loss:0.002583 / SRCC:0.975 / PLCC:0.9818
[20250225 10:56:13 INFO    ] Starting eval...
[20250225 10:56:13 INFO    ] Running testing in epoch 7
[20250225 10:56:20 INFO    ] Epoch:7 ===== loss:0.005849 ===== SRCC:0.9528 ===== PLCC:0.9555
[20250225 10:56:20 INFO    ] Eval done...
[20250225 10:56:20 INFO    ] Epoch 7 done. Time: 0.98min
[20250225 10:56:20 INFO    ] Running training epoch 8
[20250225 10:57:11 INFO    ] train epoch:8 / loss:0.002363 / SRCC:0.9751 / PLCC:0.9834
[20250225 10:57:11 INFO    ] Starting eval...
[20250225 10:57:11 INFO    ] Running testing in epoch 8
[20250225 10:57:18 INFO    ] Epoch:8 ===== loss:0.006689 ===== SRCC:0.9471 ===== PLCC:0.9534
[20250225 10:57:18 INFO    ] Eval done...
[20250225 10:57:18 INFO    ] Epoch 8 done. Time: 0.97min
[20250225 10:57:18 INFO    ] Running training epoch 9
[20250225 10:58:09 INFO    ] train epoch:9 / loss:0.002164 / SRCC:0.9792 / PLCC:0.9845
[20250225 10:58:09 INFO    ] Starting eval...
[20250225 10:58:09 INFO    ] Running testing in epoch 9
[20250225 10:58:17 INFO    ] Epoch:9 ===== loss:0.005801 ===== SRCC:0.9438 ===== PLCC:0.9536
[20250225 10:58:17 INFO    ] Eval done...
[20250225 10:58:17 INFO    ] Epoch 9 done. Time: 0.98min
[20250225 10:58:17 INFO    ] Running training epoch 10
[20250225 10:59:08 INFO    ] train epoch:10 / loss:0.001873 / SRCC:0.9821 / PLCC:0.9867
[20250225 10:59:08 INFO    ] Starting eval...
[20250225 10:59:08 INFO    ] Running testing in epoch 10
[20250225 10:59:15 INFO    ] Epoch:10 ===== loss:0.004588 ===== SRCC:0.9581 ===== PLCC:0.9636
[20250225 10:59:15 INFO    ] Eval done...
[20250225 10:59:15 INFO    ] ======================================================================================
[20250225 10:59:15 INFO    ] ============================== best main score is 1.9217312478686797 =================================
[20250225 10:59:15 INFO    ] ======================================================================================
[20250225 10:59:16 INFO    ] Saving weights and model of epoch10, SRCC:0.9581363212733184, PLCC:0.9635949265953614
[20250225 10:59:16 INFO    ] Epoch 10 done. Time: 0.99min
[20250225 10:59:16 INFO    ] Running training epoch 11
[20250225 11:00:07 INFO    ] train epoch:11 / loss:0.00207 / SRCC:0.9788 / PLCC:0.9853
[20250225 11:00:07 INFO    ] Starting eval...
[20250225 11:00:07 INFO    ] Running testing in epoch 11
[20250225 11:00:15 INFO    ] Epoch:11 ===== loss:0.00573 ===== SRCC:0.9494 ===== PLCC:0.9591
[20250225 11:00:15 INFO    ] Eval done...
[20250225 11:00:15 INFO    ] Epoch 11 done. Time: 0.97min
[20250225 11:00:15 INFO    ] Running training epoch 12
[20250225 11:01:06 INFO    ] train epoch:12 / loss:0.002068 / SRCC:0.9789 / PLCC:0.9853
[20250225 11:01:06 INFO    ] Starting eval...
[20250225 11:01:06 INFO    ] Running testing in epoch 12
[20250225 11:01:13 INFO    ] Epoch:12 ===== loss:0.005081 ===== SRCC:0.9615 ===== PLCC:0.9679
[20250225 11:01:13 INFO    ] Eval done...
[20250225 11:01:13 INFO    ] ======================================================================================
[20250225 11:01:13 INFO    ] ============================== best main score is 1.9294049008996268 =================================
[20250225 11:01:13 INFO    ] ======================================================================================
[20250225 11:01:14 INFO    ] Saving weights and model of epoch12, SRCC:0.9614618785224454, PLCC:0.9679430223771813
[20250225 11:01:14 INFO    ] Epoch 12 done. Time: 0.99min
[20250225 11:01:14 INFO    ] Running training epoch 13
[20250225 11:02:05 INFO    ] train epoch:13 / loss:0.002075 / SRCC:0.982 / PLCC:0.9853
[20250225 11:02:05 INFO    ] Starting eval...
[20250225 11:02:05 INFO    ] Running testing in epoch 13
[20250225 11:02:13 INFO    ] Epoch:13 ===== loss:0.004726 ===== SRCC:0.9461 ===== PLCC:0.9617
[20250225 11:02:13 INFO    ] Eval done...
[20250225 11:02:13 INFO    ] Epoch 13 done. Time: 0.98min
[20250225 11:02:13 INFO    ] Running training epoch 14
[20250225 11:03:04 INFO    ] train epoch:14 / loss:0.00131 / SRCC:0.9866 / PLCC:0.9908
[20250225 11:03:04 INFO    ] Starting eval...
[20250225 11:03:04 INFO    ] Running testing in epoch 14
[20250225 11:03:11 INFO    ] Epoch:14 ===== loss:0.00439 ===== SRCC:0.9606 ===== PLCC:0.9668
[20250225 11:03:11 INFO    ] Eval done...
[20250225 11:03:11 INFO    ] Epoch 14 done. Time: 0.97min
[20250225 11:03:11 INFO    ] Running training epoch 15
[20250225 11:04:02 INFO    ] train epoch:15 / loss:0.001567 / SRCC:0.9847 / PLCC:0.9889
[20250225 11:04:02 INFO    ] Starting eval...
[20250225 11:04:02 INFO    ] Running testing in epoch 15
[20250225 11:04:09 INFO    ] Epoch:15 ===== loss:0.006006 ===== SRCC:0.9484 ===== PLCC:0.9545
[20250225 11:04:09 INFO    ] Eval done...
[20250225 11:04:09 INFO    ] Epoch 15 done. Time: 0.97min
[20250225 11:04:09 INFO    ] Running training epoch 16
[20250225 11:05:00 INFO    ] train epoch:16 / loss:0.001729 / SRCC:0.9827 / PLCC:0.9875
[20250225 11:05:00 INFO    ] Starting eval...
[20250225 11:05:00 INFO    ] Running testing in epoch 16
[20250225 11:05:07 INFO    ] Epoch:16 ===== loss:0.009597 ===== SRCC:0.9326 ===== PLCC:0.9396
[20250225 11:05:07 INFO    ] Eval done...
[20250225 11:05:07 INFO    ] Epoch 16 done. Time: 0.97min
[20250225 11:05:07 INFO    ] Running training epoch 17
[20250225 11:05:58 INFO    ] train epoch:17 / loss:0.00185 / SRCC:0.9817 / PLCC:0.9869
[20250225 11:05:58 INFO    ] Starting eval...
[20250225 11:05:58 INFO    ] Running testing in epoch 17
[20250225 11:06:05 INFO    ] Epoch:17 ===== loss:0.00497 ===== SRCC:0.9521 ===== PLCC:0.96
[20250225 11:06:05 INFO    ] Eval done...
[20250225 11:06:05 INFO    ] Epoch 17 done. Time: 0.97min
[20250225 11:06:05 INFO    ] Running training epoch 18
[20250225 11:06:56 INFO    ] train epoch:18 / loss:0.001949 / SRCC:0.9827 / PLCC:0.986
[20250225 11:06:57 INFO    ] Starting eval...
[20250225 11:06:57 INFO    ] Running testing in epoch 18
[20250225 11:07:04 INFO    ] Epoch:18 ===== loss:0.005885 ===== SRCC:0.9585 ===== PLCC:0.9638
[20250225 11:07:04 INFO    ] Eval done...
[20250225 11:07:04 INFO    ] Epoch 18 done. Time: 0.97min
[20250225 11:07:04 INFO    ] Running training epoch 19
[20250225 11:07:55 INFO    ] train epoch:19 / loss:0.001543 / SRCC:0.9852 / PLCC:0.989
[20250225 11:07:55 INFO    ] Starting eval...
[20250225 11:07:55 INFO    ] Running testing in epoch 19
[20250225 11:08:02 INFO    ] Epoch:19 ===== loss:0.006177 ===== SRCC:0.955 ===== PLCC:0.9633
[20250225 11:08:02 INFO    ] Eval done...
[20250225 11:08:02 INFO    ] Epoch 19 done. Time: 0.98min
[20250225 11:08:02 INFO    ] Running training epoch 20
[20250225 11:08:54 INFO    ] train epoch:20 / loss:0.001611 / SRCC:0.9844 / PLCC:0.9884
[20250225 11:08:54 INFO    ] Starting eval...
[20250225 11:08:54 INFO    ] Running testing in epoch 20
[20250225 11:09:01 INFO    ] Epoch:20 ===== loss:0.005028 ===== SRCC:0.9616 ===== PLCC:0.9657
[20250225 11:09:01 INFO    ] Eval done...
[20250225 11:09:01 INFO    ] Epoch 20 done. Time: 0.97min
[20250225 11:09:01 INFO    ] Running training epoch 21
[20250225 11:09:52 INFO    ] train epoch:21 / loss:0.002571 / SRCC:0.9789 / PLCC:0.9815
[20250225 11:09:52 INFO    ] Starting eval...
[20250225 11:09:52 INFO    ] Running testing in epoch 21
[20250225 11:09:59 INFO    ] Epoch:21 ===== loss:0.008224 ===== SRCC:0.9591 ===== PLCC:0.9574
[20250225 11:09:59 INFO    ] Eval done...
[20250225 11:09:59 INFO    ] Epoch 21 done. Time: 0.97min
[20250225 11:09:59 INFO    ] Running training epoch 22
[20250225 11:10:50 INFO    ] train epoch:22 / loss:0.002616 / SRCC:0.9784 / PLCC:0.9815
[20250225 11:10:50 INFO    ] Starting eval...
[20250225 11:10:50 INFO    ] Running testing in epoch 22
[20250225 11:10:58 INFO    ] Epoch:22 ===== loss:0.004647 ===== SRCC:0.9544 ===== PLCC:0.9622
[20250225 11:10:58 INFO    ] Eval done...
[20250225 11:10:58 INFO    ] Epoch 22 done. Time: 0.97min
[20250225 11:10:58 INFO    ] Running training epoch 23
[20250225 11:11:48 INFO    ] train epoch:23 / loss:0.001496 / SRCC:0.9853 / PLCC:0.9894
[20250225 11:11:48 INFO    ] Starting eval...
[20250225 11:11:48 INFO    ] Running testing in epoch 23
[20250225 11:11:56 INFO    ] Epoch:23 ===== loss:0.004821 ===== SRCC:0.9506 ===== PLCC:0.9614
[20250225 11:11:56 INFO    ] Eval done...
[20250225 11:11:56 INFO    ] Epoch 23 done. Time: 0.97min
[20250225 11:11:56 INFO    ] Running training epoch 24
[20250225 11:12:47 INFO    ] train epoch:24 / loss:0.001278 / SRCC:0.9889 / PLCC:0.991
[20250225 11:12:47 INFO    ] Starting eval...
[20250225 11:12:47 INFO    ] Running testing in epoch 24
[20250225 11:12:54 INFO    ] Epoch:24 ===== loss:0.004423 ===== SRCC:0.9551 ===== PLCC:0.9642
[20250225 11:12:54 INFO    ] Eval done...
[20250225 11:12:54 INFO    ] Epoch 24 done. Time: 0.98min
[20250225 11:12:54 INFO    ] Running training epoch 25
[20250225 11:13:45 INFO    ] train epoch:25 / loss:0.00158 / SRCC:0.9852 / PLCC:0.9888
[20250225 11:13:45 INFO    ] Starting eval...
[20250225 11:13:45 INFO    ] Running testing in epoch 25
[20250225 11:13:53 INFO    ] Epoch:25 ===== loss:0.006254 ===== SRCC:0.9544 ===== PLCC:0.957
[20250225 11:13:53 INFO    ] Eval done...
[20250225 11:13:53 INFO    ] Epoch 25 done. Time: 0.97min
[20250225 11:13:53 INFO    ] Running training epoch 26
[20250225 11:14:44 INFO    ] train epoch:26 / loss:0.001562 / SRCC:0.9853 / PLCC:0.989
[20250225 11:14:44 INFO    ] Starting eval...
[20250225 11:14:44 INFO    ] Running testing in epoch 26
[20250225 11:14:51 INFO    ] Epoch:26 ===== loss:0.004919 ===== SRCC:0.9539 ===== PLCC:0.9608
[20250225 11:14:51 INFO    ] Eval done...
[20250225 11:14:51 INFO    ] Epoch 26 done. Time: 0.97min
[20250225 11:14:51 INFO    ] Running training epoch 27
[20250225 11:15:42 INFO    ] train epoch:27 / loss:0.001673 / SRCC:0.9824 / PLCC:0.9881
[20250225 11:15:42 INFO    ] Starting eval...
[20250225 11:15:42 INFO    ] Running testing in epoch 27
[20250225 11:15:49 INFO    ] Epoch:27 ===== loss:0.005213 ===== SRCC:0.9504 ===== PLCC:0.9606
[20250225 11:15:49 INFO    ] Eval done...
[20250225 11:15:49 INFO    ] Epoch 27 done. Time: 0.97min
[20250225 11:15:49 INFO    ] Running training epoch 28
[20250225 11:16:41 INFO    ] train epoch:28 / loss:0.00097 / SRCC:0.9894 / PLCC:0.9931
[20250225 11:16:41 INFO    ] Starting eval...
[20250225 11:16:41 INFO    ] Running testing in epoch 28
[20250225 11:16:48 INFO    ] Epoch:28 ===== loss:0.005007 ===== SRCC:0.9532 ===== PLCC:0.9611
[20250225 11:16:48 INFO    ] Eval done...
[20250225 11:16:48 INFO    ] Epoch 28 done. Time: 0.97min
[20250225 11:16:48 INFO    ] Running training epoch 29
[20250225 11:17:39 INFO    ] train epoch:29 / loss:0.001063 / SRCC:0.988 / PLCC:0.9925
[20250225 11:17:39 INFO    ] Starting eval...
[20250225 11:17:39 INFO    ] Running testing in epoch 29
[20250225 11:17:46 INFO    ] Epoch:29 ===== loss:0.005171 ===== SRCC:0.9525 ===== PLCC:0.96
[20250225 11:17:46 INFO    ] Eval done...
[20250225 11:17:46 INFO    ] Epoch 29 done. Time: 0.97min
[20250225 11:17:46 INFO    ] Running training epoch 30
[20250225 11:18:37 INFO    ] train epoch:30 / loss:0.0009258 / SRCC:0.9895 / PLCC:0.9934
[20250225 11:18:37 INFO    ] Starting eval...
[20250225 11:18:37 INFO    ] Running testing in epoch 30
[20250225 11:18:45 INFO    ] Epoch:30 ===== loss:0.005721 ===== SRCC:0.953 ===== PLCC:0.9607
[20250225 11:18:45 INFO    ] Eval done...
[20250225 11:18:45 INFO    ] Epoch 30 done. Time: 0.97min
[20250225 11:18:45 INFO    ] Running training epoch 31
[20250225 11:19:36 INFO    ] train epoch:31 / loss:0.001138 / SRCC:0.9882 / PLCC:0.992
[20250225 11:19:36 INFO    ] Starting eval...
[20250225 11:19:36 INFO    ] Running testing in epoch 31
[20250225 11:19:43 INFO    ] Epoch:31 ===== loss:0.004862 ===== SRCC:0.949 ===== PLCC:0.9608
[20250225 11:19:43 INFO    ] Eval done...
[20250225 11:19:43 INFO    ] Epoch 31 done. Time: 0.97min
[20250225 11:19:43 INFO    ] Running training epoch 32
[20250225 11:20:34 INFO    ] train epoch:32 / loss:0.001413 / SRCC:0.9867 / PLCC:0.99
[20250225 11:20:34 INFO    ] Starting eval...
[20250225 11:20:34 INFO    ] Running testing in epoch 32
[20250225 11:20:41 INFO    ] Epoch:32 ===== loss:0.006534 ===== SRCC:0.942 ===== PLCC:0.9473
[20250225 11:20:41 INFO    ] Eval done...
[20250225 11:20:41 INFO    ] Epoch 32 done. Time: 0.97min
[20250225 11:20:41 INFO    ] Running training epoch 33
[20250225 11:21:32 INFO    ] train epoch:33 / loss:0.001383 / SRCC:0.9871 / PLCC:0.9902
[20250225 11:21:32 INFO    ] Starting eval...
[20250225 11:21:32 INFO    ] Running testing in epoch 33
[20250225 11:21:39 INFO    ] Epoch:33 ===== loss:0.005174 ===== SRCC:0.95 ===== PLCC:0.9582
[20250225 11:21:39 INFO    ] Eval done...
[20250225 11:21:39 INFO    ] Epoch 33 done. Time: 0.98min
[20250225 11:21:39 INFO    ] Running training epoch 34
[20250225 11:22:30 INFO    ] train epoch:34 / loss:0.0009885 / SRCC:0.9887 / PLCC:0.993
[20250225 11:22:30 INFO    ] Starting eval...
[20250225 11:22:30 INFO    ] Running testing in epoch 34
[20250225 11:22:38 INFO    ] Epoch:34 ===== loss:0.0059 ===== SRCC:0.9418 ===== PLCC:0.9541
[20250225 11:22:38 INFO    ] Eval done...
[20250225 11:22:38 INFO    ] Epoch 34 done. Time: 0.97min
[20250225 11:22:38 INFO    ] Running training epoch 35
[20250225 11:23:28 INFO    ] train epoch:35 / loss:0.0007714 / SRCC:0.9923 / PLCC:0.9945
[20250225 11:23:28 INFO    ] Starting eval...
[20250225 11:23:28 INFO    ] Running testing in epoch 35
[20250225 11:23:36 INFO    ] Epoch:35 ===== loss:0.004942 ===== SRCC:0.9527 ===== PLCC:0.9592
[20250225 11:23:36 INFO    ] Eval done...
[20250225 11:23:36 INFO    ] Epoch 35 done. Time: 0.97min
[20250225 11:23:36 INFO    ] Running training epoch 36
[20250225 11:24:26 INFO    ] train epoch:36 / loss:0.001591 / SRCC:0.9842 / PLCC:0.9887
[20250225 11:24:26 INFO    ] Starting eval...
[20250225 11:24:26 INFO    ] Running testing in epoch 36
[20250225 11:24:34 INFO    ] Epoch:36 ===== loss:0.00432 ===== SRCC:0.9594 ===== PLCC:0.9664
[20250225 11:24:34 INFO    ] Eval done...
[20250225 11:24:34 INFO    ] Epoch 36 done. Time: 0.97min
[20250225 11:24:34 INFO    ] Running training epoch 37
[20250225 11:25:25 INFO    ] train epoch:37 / loss:0.0009042 / SRCC:0.9899 / PLCC:0.9936
[20250225 11:25:25 INFO    ] Starting eval...
[20250225 11:25:25 INFO    ] Running testing in epoch 37
[20250225 11:25:32 INFO    ] Epoch:37 ===== loss:0.00685 ===== SRCC:0.9439 ===== PLCC:0.9557
[20250225 11:25:32 INFO    ] Eval done...
[20250225 11:25:32 INFO    ] Epoch 37 done. Time: 0.97min
[20250225 11:25:32 INFO    ] Running training epoch 38
[20250225 11:26:23 INFO    ] train epoch:38 / loss:0.0009126 / SRCC:0.9902 / PLCC:0.9935
[20250225 11:26:23 INFO    ] Starting eval...
[20250225 11:26:23 INFO    ] Running testing in epoch 38
[20250225 11:26:30 INFO    ] Epoch:38 ===== loss:0.004783 ===== SRCC:0.9534 ===== PLCC:0.9628
[20250225 11:26:30 INFO    ] Eval done...
[20250225 11:26:30 INFO    ] Epoch 38 done. Time: 0.97min
[20250225 11:26:30 INFO    ] Running training epoch 39
[20250225 11:27:22 INFO    ] train epoch:39 / loss:0.00105 / SRCC:0.9874 / PLCC:0.9926
[20250225 11:27:22 INFO    ] Starting eval...
[20250225 11:27:22 INFO    ] Running testing in epoch 39
[20250225 11:27:29 INFO    ] Epoch:39 ===== loss:0.005455 ===== SRCC:0.9463 ===== PLCC:0.9568
[20250225 11:27:29 INFO    ] Eval done...
[20250225 11:27:29 INFO    ] Epoch 39 done. Time: 0.97min
[20250225 11:27:29 INFO    ] Running training epoch 40
[20250225 11:28:20 INFO    ] train epoch:40 / loss:0.0008564 / SRCC:0.9911 / PLCC:0.9939
[20250225 11:28:20 INFO    ] Starting eval...
[20250225 11:28:20 INFO    ] Running testing in epoch 40
[20250225 11:28:27 INFO    ] Epoch:40 ===== loss:0.004946 ===== SRCC:0.9557 ===== PLCC:0.963
[20250225 11:28:27 INFO    ] Eval done...
[20250225 11:28:27 INFO    ] Epoch 40 done. Time: 0.98min
[20250225 11:28:27 INFO    ] Running training epoch 41
[20250225 11:29:18 INFO    ] train epoch:41 / loss:0.001132 / SRCC:0.9895 / PLCC:0.992
[20250225 11:29:18 INFO    ] Starting eval...
[20250225 11:29:18 INFO    ] Running testing in epoch 41
[20250225 11:29:26 INFO    ] Epoch:41 ===== loss:0.005217 ===== SRCC:0.9525 ===== PLCC:0.9613
[20250225 11:29:26 INFO    ] Eval done...
[20250225 11:29:26 INFO    ] Epoch 41 done. Time: 0.97min
[20250225 11:29:26 INFO    ] Running training epoch 42
[20250225 11:30:17 INFO    ] train epoch:42 / loss:0.0006829 / SRCC:0.9922 / PLCC:0.9952
[20250225 11:30:17 INFO    ] Starting eval...
[20250225 11:30:17 INFO    ] Running testing in epoch 42
[20250225 11:30:25 INFO    ] Epoch:42 ===== loss:0.005731 ===== SRCC:0.9486 ===== PLCC:0.9592
[20250225 11:30:25 INFO    ] Eval done...
[20250225 11:30:25 INFO    ] Epoch 42 done. Time: 0.98min
[20250225 11:30:25 INFO    ] Running training epoch 43
[20250225 11:31:16 INFO    ] train epoch:43 / loss:0.0007727 / SRCC:0.9918 / PLCC:0.9945
[20250225 11:31:16 INFO    ] Starting eval...
[20250225 11:31:16 INFO    ] Running testing in epoch 43
[20250225 11:31:23 INFO    ] Epoch:43 ===== loss:0.00517 ===== SRCC:0.9502 ===== PLCC:0.9606
[20250225 11:31:23 INFO    ] Eval done...
[20250225 11:31:23 INFO    ] Epoch 43 done. Time: 0.97min
[20250225 11:31:23 INFO    ] Running training epoch 44
[20250225 11:32:14 INFO    ] train epoch:44 / loss:0.0007907 / SRCC:0.9909 / PLCC:0.9944
[20250225 11:32:14 INFO    ] Starting eval...
[20250225 11:32:14 INFO    ] Running testing in epoch 44
[20250225 11:32:21 INFO    ] Epoch:44 ===== loss:0.005107 ===== SRCC:0.9499 ===== PLCC:0.9595
[20250225 11:32:21 INFO    ] Eval done...
[20250225 11:32:21 INFO    ] Epoch 44 done. Time: 0.97min
[20250225 11:32:21 INFO    ] Running training epoch 45
[20250225 11:33:13 INFO    ] train epoch:45 / loss:0.0008276 / SRCC:0.991 / PLCC:0.9942
[20250225 11:33:13 INFO    ] Starting eval...
[20250225 11:33:13 INFO    ] Running testing in epoch 45
[20250225 11:33:20 INFO    ] Epoch:45 ===== loss:0.00442 ===== SRCC:0.9528 ===== PLCC:0.9676
[20250225 11:33:20 INFO    ] Eval done...
[20250225 11:33:20 INFO    ] Epoch 45 done. Time: 0.98min
[20250225 11:33:20 INFO    ] Running training epoch 46
[20250225 11:34:11 INFO    ] train epoch:46 / loss:0.000977 / SRCC:0.989 / PLCC:0.9931
[20250225 11:34:11 INFO    ] Starting eval...
[20250225 11:34:11 INFO    ] Running testing in epoch 46
[20250225 11:34:18 INFO    ] Epoch:46 ===== loss:0.00462 ===== SRCC:0.956 ===== PLCC:0.9639
[20250225 11:34:18 INFO    ] Eval done...
[20250225 11:34:18 INFO    ] Epoch 46 done. Time: 0.97min
[20250225 11:34:18 INFO    ] Running training epoch 47
[20250225 11:35:09 INFO    ] train epoch:47 / loss:0.0007862 / SRCC:0.9915 / PLCC:0.9944
[20250225 11:35:09 INFO    ] Starting eval...
[20250225 11:35:09 INFO    ] Running testing in epoch 47
[20250225 11:35:17 INFO    ] Epoch:47 ===== loss:0.005135 ===== SRCC:0.9507 ===== PLCC:0.9591
[20250225 11:35:17 INFO    ] Eval done...
[20250225 11:35:17 INFO    ] Epoch 47 done. Time: 0.97min
[20250225 11:35:17 INFO    ] Running training epoch 48
[20250225 11:36:08 INFO    ] train epoch:48 / loss:0.000826 / SRCC:0.9903 / PLCC:0.9941
[20250225 11:36:08 INFO    ] Starting eval...
[20250225 11:36:08 INFO    ] Running testing in epoch 48
[20250225 11:36:16 INFO    ] Epoch:48 ===== loss:0.005199 ===== SRCC:0.9519 ===== PLCC:0.9599
[20250225 11:36:16 INFO    ] Eval done...
[20250225 11:36:16 INFO    ] Epoch 48 done. Time: 0.98min
[20250225 11:36:16 INFO    ] Running training epoch 49
[20250225 11:37:07 INFO    ] train epoch:49 / loss:0.0005812 / SRCC:0.9939 / PLCC:0.9959
[20250225 11:37:07 INFO    ] Starting eval...
[20250225 11:37:07 INFO    ] Running testing in epoch 49
[20250225 11:37:15 INFO    ] Epoch:49 ===== loss:0.005509 ===== SRCC:0.9479 ===== PLCC:0.9586
[20250225 11:37:15 INFO    ] Eval done...
[20250225 11:37:15 INFO    ] Epoch 49 done. Time: 0.98min
[20250225 11:37:15 INFO    ] Running training epoch 50
[20250225 11:38:05 INFO    ] train epoch:50 / loss:0.0009999 / SRCC:0.9904 / PLCC:0.9929
[20250225 11:38:05 INFO    ] Starting eval...
[20250225 11:38:05 INFO    ] Running testing in epoch 50
[20250225 11:38:13 INFO    ] Epoch:50 ===== loss:0.004893 ===== SRCC:0.9503 ===== PLCC:0.961
[20250225 11:38:13 INFO    ] Eval done...
[20250225 11:38:13 INFO    ] Epoch 50 done. Time: 0.97min
[20250225 11:38:13 INFO    ] Running training epoch 51
[20250225 11:39:04 INFO    ] train epoch:51 / loss:0.0005856 / SRCC:0.994 / PLCC:0.9958
[20250225 11:39:04 INFO    ] Starting eval...
[20250225 11:39:04 INFO    ] Running testing in epoch 51
[20250225 11:39:12 INFO    ] Epoch:51 ===== loss:0.006276 ===== SRCC:0.9467 ===== PLCC:0.9499
[20250225 11:39:12 INFO    ] Eval done...
[20250225 11:39:12 INFO    ] Epoch 51 done. Time: 0.98min
[20250225 11:39:12 INFO    ] Running training epoch 52
[20250225 11:40:03 INFO    ] train epoch:52 / loss:0.0006677 / SRCC:0.993 / PLCC:0.9953
[20250225 11:40:03 INFO    ] Starting eval...
[20250225 11:40:03 INFO    ] Running testing in epoch 52
[20250225 11:40:10 INFO    ] Epoch:52 ===== loss:0.004859 ===== SRCC:0.951 ===== PLCC:0.9608
[20250225 11:40:10 INFO    ] Eval done...
[20250225 11:40:10 INFO    ] Epoch 52 done. Time: 0.98min
[20250225 11:40:10 INFO    ] Running training epoch 53
[20250225 11:41:01 INFO    ] train epoch:53 / loss:0.001033 / SRCC:0.9899 / PLCC:0.9927
[20250225 11:41:02 INFO    ] Starting eval...
[20250225 11:41:02 INFO    ] Running testing in epoch 53
[20250225 11:41:09 INFO    ] Epoch:53 ===== loss:0.005892 ===== SRCC:0.9518 ===== PLCC:0.9577
[20250225 11:41:09 INFO    ] Eval done...
[20250225 11:41:09 INFO    ] Epoch 53 done. Time: 0.98min
[20250225 11:41:09 INFO    ] Running training epoch 54
[20250225 11:42:00 INFO    ] train epoch:54 / loss:0.0006922 / SRCC:0.9923 / PLCC:0.9951
[20250225 11:42:00 INFO    ] Starting eval...
[20250225 11:42:00 INFO    ] Running testing in epoch 54
[20250225 11:42:08 INFO    ] Epoch:54 ===== loss:0.005391 ===== SRCC:0.9513 ===== PLCC:0.9596
[20250225 11:42:08 INFO    ] Eval done...
[20250225 11:42:08 INFO    ] Epoch 54 done. Time: 0.98min
[20250225 11:42:08 INFO    ] Running training epoch 55
[20250225 11:42:59 INFO    ] train epoch:55 / loss:0.0009226 / SRCC:0.9903 / PLCC:0.9934
[20250225 11:42:59 INFO    ] Starting eval...
[20250225 11:42:59 INFO    ] Running testing in epoch 55
[20250225 11:43:06 INFO    ] Epoch:55 ===== loss:0.00494 ===== SRCC:0.9526 ===== PLCC:0.9615
[20250225 11:43:06 INFO    ] Eval done...
[20250225 11:43:06 INFO    ] Epoch 55 done. Time: 0.97min
[20250225 11:43:06 INFO    ] Running training epoch 56
[20250225 11:43:57 INFO    ] train epoch:56 / loss:0.0005373 / SRCC:0.9941 / PLCC:0.9962
[20250225 11:43:57 INFO    ] Starting eval...
[20250225 11:43:57 INFO    ] Running testing in epoch 56
[20250225 11:44:05 INFO    ] Epoch:56 ===== loss:0.004698 ===== SRCC:0.954 ===== PLCC:0.9632
[20250225 11:44:05 INFO    ] Eval done...
[20250225 11:44:05 INFO    ] Epoch 56 done. Time: 0.97min
[20250225 11:44:05 INFO    ] Running training epoch 57
[20250225 11:44:55 INFO    ] train epoch:57 / loss:0.0008351 / SRCC:0.9905 / PLCC:0.994
[20250225 11:44:55 INFO    ] Starting eval...
[20250225 11:44:55 INFO    ] Running testing in epoch 57
[20250225 11:45:03 INFO    ] Epoch:57 ===== loss:0.005141 ===== SRCC:0.9492 ===== PLCC:0.9595
[20250225 11:45:03 INFO    ] Eval done...
[20250225 11:45:03 INFO    ] Epoch 57 done. Time: 0.98min
[20250225 11:45:03 INFO    ] Running training epoch 58
[20250225 11:45:54 INFO    ] train epoch:58 / loss:0.0006825 / SRCC:0.9922 / PLCC:0.9952
[20250225 11:45:54 INFO    ] Starting eval...
[20250225 11:45:54 INFO    ] Running testing in epoch 58
[20250225 11:46:02 INFO    ] Epoch:58 ===== loss:0.005006 ===== SRCC:0.95 ===== PLCC:0.9603
[20250225 11:46:02 INFO    ] Eval done...
[20250225 11:46:02 INFO    ] Epoch 58 done. Time: 0.98min
[20250225 11:46:02 INFO    ] Running training epoch 59
[20250225 11:46:53 INFO    ] train epoch:59 / loss:0.001291 / SRCC:0.9867 / PLCC:0.9909
[20250225 11:46:53 INFO    ] Starting eval...
[20250225 11:46:53 INFO    ] Running testing in epoch 59
[20250225 11:47:00 INFO    ] Epoch:59 ===== loss:0.005325 ===== SRCC:0.9464 ===== PLCC:0.9579
[20250225 11:47:00 INFO    ] Eval done...
[20250225 11:47:00 INFO    ] Epoch 59 done. Time: 0.98min
[20250225 11:47:00 INFO    ] Running training epoch 60
[20250225 11:47:51 INFO    ] train epoch:60 / loss:0.0007915 / SRCC:0.9909 / PLCC:0.9944
[20250225 11:47:51 INFO    ] Starting eval...
[20250225 11:47:51 INFO    ] Running testing in epoch 60
[20250225 11:47:59 INFO    ] Epoch:60 ===== loss:0.005038 ===== SRCC:0.9497 ===== PLCC:0.9608
[20250225 11:47:59 INFO    ] Eval done...
[20250225 11:47:59 INFO    ] Epoch 60 done. Time: 0.97min
[20250225 11:47:59 INFO    ] Running training epoch 61
[20250225 11:48:50 INFO    ] train epoch:61 / loss:0.0005255 / SRCC:0.9936 / PLCC:0.9963
[20250225 11:48:50 INFO    ] Starting eval...
[20250225 11:48:50 INFO    ] Running testing in epoch 61
[20250225 11:48:57 INFO    ] Epoch:61 ===== loss:0.004169 ===== SRCC:0.96 ===== PLCC:0.9675
[20250225 11:48:57 INFO    ] Eval done...
[20250225 11:48:57 INFO    ] Epoch 61 done. Time: 0.98min
[20250225 11:48:57 INFO    ] Running training epoch 62
[20250225 11:49:48 INFO    ] train epoch:62 / loss:0.0009011 / SRCC:0.99 / PLCC:0.9936
[20250225 11:49:48 INFO    ] Starting eval...
[20250225 11:49:48 INFO    ] Running testing in epoch 62
[20250225 11:49:56 INFO    ] Epoch:62 ===== loss:0.005884 ===== SRCC:0.941 ===== PLCC:0.9515
[20250225 11:49:56 INFO    ] Eval done...
[20250225 11:49:56 INFO    ] Epoch 62 done. Time: 0.97min
[20250225 11:49:56 INFO    ] Running training epoch 63
[20250225 11:50:47 INFO    ] train epoch:63 / loss:0.0005746 / SRCC:0.9939 / PLCC:0.996
[20250225 11:50:47 INFO    ] Starting eval...
[20250225 11:50:47 INFO    ] Running testing in epoch 63
[20250225 11:50:54 INFO    ] Epoch:63 ===== loss:0.005523 ===== SRCC:0.9479 ===== PLCC:0.9559
[20250225 11:50:54 INFO    ] Eval done...
[20250225 11:50:54 INFO    ] Epoch 63 done. Time: 0.97min
[20250225 11:50:54 INFO    ] Running training epoch 64
[20250225 11:51:45 INFO    ] train epoch:64 / loss:0.0007893 / SRCC:0.9909 / PLCC:0.9944
[20250225 11:51:45 INFO    ] Starting eval...
[20250225 11:51:45 INFO    ] Running testing in epoch 64
[20250225 11:51:52 INFO    ] Epoch:64 ===== loss:0.004731 ===== SRCC:0.9562 ===== PLCC:0.9632
[20250225 11:51:52 INFO    ] Eval done...
[20250225 11:51:52 INFO    ] Epoch 64 done. Time: 0.97min
[20250225 11:51:52 INFO    ] Running training epoch 65
[20250225 11:52:43 INFO    ] train epoch:65 / loss:0.0006262 / SRCC:0.9928 / PLCC:0.9956
[20250225 11:52:43 INFO    ] Starting eval...
[20250225 11:52:43 INFO    ] Running testing in epoch 65
[20250225 11:52:51 INFO    ] Epoch:65 ===== loss:0.005863 ===== SRCC:0.9475 ===== PLCC:0.9537
[20250225 11:52:51 INFO    ] Eval done...
[20250225 11:52:51 INFO    ] Epoch 65 done. Time: 0.97min
[20250225 11:52:51 INFO    ] Running training epoch 66
[20250225 11:53:42 INFO    ] train epoch:66 / loss:0.000582 / SRCC:0.9937 / PLCC:0.9959
[20250225 11:53:42 INFO    ] Starting eval...
[20250225 11:53:42 INFO    ] Running testing in epoch 66
[20250225 11:53:49 INFO    ] Epoch:66 ===== loss:0.00532 ===== SRCC:0.951 ===== PLCC:0.9572
[20250225 11:53:49 INFO    ] Eval done...
[20250225 11:53:49 INFO    ] Epoch 66 done. Time: 0.97min
[20250225 11:53:49 INFO    ] Running training epoch 67
[20250225 11:54:40 INFO    ] train epoch:67 / loss:0.0006418 / SRCC:0.9927 / PLCC:0.9955
[20250225 11:54:40 INFO    ] Starting eval...
[20250225 11:54:40 INFO    ] Running testing in epoch 67
[20250225 11:54:47 INFO    ] Epoch:67 ===== loss:0.005428 ===== SRCC:0.9536 ===== PLCC:0.9616
[20250225 11:54:47 INFO    ] Eval done...
[20250225 11:54:47 INFO    ] Epoch 67 done. Time: 0.97min
[20250225 11:54:47 INFO    ] Running training epoch 68
[20250225 11:55:38 INFO    ] train epoch:68 / loss:0.0006557 / SRCC:0.9932 / PLCC:0.9954
[20250225 11:55:38 INFO    ] Starting eval...
[20250225 11:55:38 INFO    ] Running testing in epoch 68
[20250225 11:55:46 INFO    ] Epoch:68 ===== loss:0.004366 ===== SRCC:0.9569 ===== PLCC:0.9643
[20250225 11:55:46 INFO    ] Eval done...
[20250225 11:55:46 INFO    ] Epoch 68 done. Time: 0.97min
[20250225 11:55:46 INFO    ] Running training epoch 69
[20250225 11:56:37 INFO    ] train epoch:69 / loss:0.0006844 / SRCC:0.9918 / PLCC:0.9951
[20250225 11:56:37 INFO    ] Starting eval...
[20250225 11:56:37 INFO    ] Running testing in epoch 69
[20250225 11:56:44 INFO    ] Epoch:69 ===== loss:0.004887 ===== SRCC:0.9502 ===== PLCC:0.9609
[20250225 11:56:44 INFO    ] Eval done...
[20250225 11:56:44 INFO    ] Epoch 69 done. Time: 0.97min
[20250225 11:56:44 INFO    ] Running training epoch 70
[20250225 11:57:35 INFO    ] train epoch:70 / loss:0.0005257 / SRCC:0.9938 / PLCC:0.9963
[20250225 11:57:35 INFO    ] Starting eval...
[20250225 11:57:35 INFO    ] Running testing in epoch 70
[20250225 11:57:42 INFO    ] Epoch:70 ===== loss:0.005115 ===== SRCC:0.9535 ===== PLCC:0.962
[20250225 11:57:42 INFO    ] Eval done...
[20250225 11:57:42 INFO    ] Epoch 70 done. Time: 0.97min
[20250225 11:57:42 INFO    ] Running training epoch 71
[20250225 11:58:33 INFO    ] train epoch:71 / loss:0.0006658 / SRCC:0.9937 / PLCC:0.9953
[20250225 11:58:33 INFO    ] Starting eval...
[20250225 11:58:33 INFO    ] Running testing in epoch 71
[20250225 11:58:41 INFO    ] Epoch:71 ===== loss:0.004624 ===== SRCC:0.9528 ===== PLCC:0.9621
[20250225 11:58:41 INFO    ] Eval done...
[20250225 11:58:41 INFO    ] Epoch 71 done. Time: 0.97min
[20250225 11:58:41 INFO    ] Running training epoch 72
[20250225 11:59:32 INFO    ] train epoch:72 / loss:0.0005338 / SRCC:0.994 / PLCC:0.9962
[20250225 11:59:32 INFO    ] Starting eval...
[20250225 11:59:32 INFO    ] Running testing in epoch 72
[20250225 11:59:39 INFO    ] Epoch:72 ===== loss:0.005647 ===== SRCC:0.9448 ===== PLCC:0.9555
[20250225 11:59:39 INFO    ] Eval done...
[20250225 11:59:39 INFO    ] Epoch 72 done. Time: 0.97min
[20250225 11:59:39 INFO    ] Running training epoch 73
[20250225 12:00:30 INFO    ] train epoch:73 / loss:0.0006648 / SRCC:0.9918 / PLCC:0.9953
[20250225 12:00:30 INFO    ] Starting eval...
[20250225 12:00:30 INFO    ] Running testing in epoch 73
[20250225 12:00:37 INFO    ] Epoch:73 ===== loss:0.004599 ===== SRCC:0.9564 ===== PLCC:0.9631
[20250225 12:00:37 INFO    ] Eval done...
[20250225 12:00:37 INFO    ] Epoch 73 done. Time: 0.97min
[20250225 12:00:37 INFO    ] Running training epoch 74
[20250225 12:01:28 INFO    ] train epoch:74 / loss:0.0006832 / SRCC:0.9923 / PLCC:0.9951
[20250225 12:01:28 INFO    ] Starting eval...
[20250225 12:01:28 INFO    ] Running testing in epoch 74
[20250225 12:01:36 INFO    ] Epoch:74 ===== loss:0.005037 ===== SRCC:0.951 ===== PLCC:0.9607
[20250225 12:01:36 INFO    ] Eval done...
[20250225 12:01:36 INFO    ] Epoch 74 done. Time: 0.98min
[20250225 12:01:36 INFO    ] Running training epoch 75
[20250225 12:02:26 INFO    ] train epoch:75 / loss:0.0004984 / SRCC:0.995 / PLCC:0.9965
[20250225 12:02:27 INFO    ] Starting eval...
[20250225 12:02:27 INFO    ] Running testing in epoch 75
[20250225 12:02:34 INFO    ] Epoch:75 ===== loss:0.0043 ===== SRCC:0.96 ===== PLCC:0.9645
[20250225 12:02:34 INFO    ] Eval done...
[20250225 12:02:34 INFO    ] Epoch 75 done. Time: 0.97min
[20250225 12:02:34 INFO    ] Running training epoch 76
[20250225 12:03:25 INFO    ] train epoch:76 / loss:0.001519 / SRCC:0.9851 / PLCC:0.9892
[20250225 12:03:25 INFO    ] Starting eval...
[20250225 12:03:25 INFO    ] Running testing in epoch 76
[20250225 12:03:32 INFO    ] Epoch:76 ===== loss:0.006578 ===== SRCC:0.9491 ===== PLCC:0.954
[20250225 12:03:32 INFO    ] Eval done...
[20250225 12:03:32 INFO    ] Epoch 76 done. Time: 0.97min
[20250225 12:03:32 INFO    ] Running training epoch 77
[20250225 12:04:23 INFO    ] train epoch:77 / loss:0.001052 / SRCC:0.9886 / PLCC:0.9925
[20250225 12:04:23 INFO    ] Starting eval...
[20250225 12:04:23 INFO    ] Running testing in epoch 77
[20250225 12:04:31 INFO    ] Epoch:77 ===== loss:0.004643 ===== SRCC:0.9539 ===== PLCC:0.9621
[20250225 12:04:31 INFO    ] Eval done...
[20250225 12:04:31 INFO    ] Epoch 77 done. Time: 0.98min
[20250225 12:04:31 INFO    ] Running training epoch 78
[20250225 12:05:22 INFO    ] train epoch:78 / loss:0.0007795 / SRCC:0.992 / PLCC:0.9945
[20250225 12:05:22 INFO    ] Starting eval...
[20250225 12:05:22 INFO    ] Running testing in epoch 78
[20250225 12:05:29 INFO    ] Epoch:78 ===== loss:0.004741 ===== SRCC:0.9577 ===== PLCC:0.9615
[20250225 12:05:29 INFO    ] Eval done...
[20250225 12:05:29 INFO    ] Epoch 78 done. Time: 0.97min
[20250225 12:05:29 INFO    ] Running training epoch 79
[20250225 12:06:20 INFO    ] train epoch:79 / loss:0.0004965 / SRCC:0.9943 / PLCC:0.9965
[20250225 12:06:20 INFO    ] Starting eval...
[20250225 12:06:20 INFO    ] Running testing in epoch 79
[20250225 12:06:28 INFO    ] Epoch:79 ===== loss:0.004582 ===== SRCC:0.9553 ===== PLCC:0.962
[20250225 12:06:28 INFO    ] Eval done...
[20250225 12:06:28 INFO    ] Epoch 79 done. Time: 0.98min
[20250225 12:06:28 INFO    ] Running training epoch 80
[20250225 12:07:19 INFO    ] train epoch:80 / loss:0.0005308 / SRCC:0.9941 / PLCC:0.9962
[20250225 12:07:19 INFO    ] Starting eval...
[20250225 12:07:19 INFO    ] Running testing in epoch 80
[20250225 12:07:27 INFO    ] Epoch:80 ===== loss:0.004437 ===== SRCC:0.9575 ===== PLCC:0.9645
[20250225 12:07:27 INFO    ] Eval done...
[20250225 12:07:27 INFO    ] Epoch 80 done. Time: 0.98min
[20250225 12:07:27 INFO    ] Running training epoch 81
[20250225 12:08:18 INFO    ] train epoch:81 / loss:0.0004328 / SRCC:0.9948 / PLCC:0.997
[20250225 12:08:18 INFO    ] Starting eval...
[20250225 12:08:18 INFO    ] Running testing in epoch 81
[20250225 12:08:25 INFO    ] Epoch:81 ===== loss:0.005653 ===== SRCC:0.9445 ===== PLCC:0.9549
[20250225 12:08:25 INFO    ] Eval done...
[20250225 12:08:25 INFO    ] Epoch 81 done. Time: 0.97min
[20250225 12:08:25 INFO    ] Running training epoch 82
[20250225 12:09:16 INFO    ] train epoch:82 / loss:0.0004148 / SRCC:0.9952 / PLCC:0.9971
[20250225 12:09:16 INFO    ] Starting eval...
[20250225 12:09:16 INFO    ] Running testing in epoch 82
[20250225 12:09:24 INFO    ] Epoch:82 ===== loss:0.004715 ===== SRCC:0.9523 ===== PLCC:0.9615
[20250225 12:09:24 INFO    ] Eval done...
[20250225 12:09:24 INFO    ] Epoch 82 done. Time: 0.98min
[20250225 12:09:24 INFO    ] Running training epoch 83
[20250225 12:10:15 INFO    ] train epoch:83 / loss:0.0005328 / SRCC:0.9943 / PLCC:0.9963
[20250225 12:10:15 INFO    ] Starting eval...
[20250225 12:10:15 INFO    ] Running testing in epoch 83
[20250225 12:10:22 INFO    ] Epoch:83 ===== loss:0.004793 ===== SRCC:0.95 ===== PLCC:0.9608
[20250225 12:10:22 INFO    ] Eval done...
[20250225 12:10:22 INFO    ] Epoch 83 done. Time: 0.98min
[20250225 12:10:22 INFO    ] Running training epoch 84
[20250225 12:11:13 INFO    ] train epoch:84 / loss:0.0004234 / SRCC:0.9951 / PLCC:0.997
[20250225 12:11:13 INFO    ] Starting eval...
[20250225 12:11:13 INFO    ] Running testing in epoch 84
[20250225 12:11:21 INFO    ] Epoch:84 ===== loss:0.00482 ===== SRCC:0.9519 ===== PLCC:0.961
[20250225 12:11:21 INFO    ] Eval done...
[20250225 12:11:21 INFO    ] Epoch 84 done. Time: 0.98min
[20250225 12:11:21 INFO    ] Running training epoch 85
[20250225 12:12:12 INFO    ] train epoch:85 / loss:0.0009067 / SRCC:0.9909 / PLCC:0.9935
[20250225 12:12:12 INFO    ] Starting eval...
[20250225 12:12:12 INFO    ] Running testing in epoch 85
[20250225 12:12:20 INFO    ] Epoch:85 ===== loss:0.004745 ===== SRCC:0.9556 ===== PLCC:0.9625
[20250225 12:12:20 INFO    ] Eval done...
[20250225 12:12:20 INFO    ] Epoch 85 done. Time: 0.98min
[20250225 12:12:20 INFO    ] Running training epoch 86
[20250225 12:13:11 INFO    ] train epoch:86 / loss:0.000585 / SRCC:0.9929 / PLCC:0.9959
[20250225 12:13:11 INFO    ] Starting eval...
[20250225 12:13:11 INFO    ] Running testing in epoch 86
[20250225 12:13:18 INFO    ] Epoch:86 ===== loss:0.00503 ===== SRCC:0.9524 ===== PLCC:0.9589
[20250225 12:13:18 INFO    ] Eval done...
[20250225 12:13:18 INFO    ] Epoch 86 done. Time: 0.97min
[20250225 12:13:18 INFO    ] Running training epoch 87
[20250225 12:14:09 INFO    ] train epoch:87 / loss:0.0006178 / SRCC:0.9938 / PLCC:0.9956
[20250225 12:14:09 INFO    ] Starting eval...
[20250225 12:14:09 INFO    ] Running testing in epoch 87
[20250225 12:14:16 INFO    ] Epoch:87 ===== loss:0.005011 ===== SRCC:0.952 ===== PLCC:0.9595
[20250225 12:14:16 INFO    ] Eval done...
[20250225 12:14:16 INFO    ] Epoch 87 done. Time: 0.98min
[20250225 12:14:16 INFO    ] Running training epoch 88
[20250225 12:15:07 INFO    ] train epoch:88 / loss:0.0005505 / SRCC:0.9935 / PLCC:0.9961
[20250225 12:15:08 INFO    ] Starting eval...
[20250225 12:15:08 INFO    ] Running testing in epoch 88
[20250225 12:15:15 INFO    ] Epoch:88 ===== loss:0.004626 ===== SRCC:0.9552 ===== PLCC:0.962
[20250225 12:15:15 INFO    ] Eval done...
[20250225 12:15:15 INFO    ] Epoch 88 done. Time: 0.98min
[20250225 12:15:15 INFO    ] Running training epoch 89
[20250225 12:16:06 INFO    ] train epoch:89 / loss:0.000496 / SRCC:0.9948 / PLCC:0.9965
[20250225 12:16:06 INFO    ] Starting eval...
[20250225 12:16:06 INFO    ] Running testing in epoch 89
[20250225 12:16:13 INFO    ] Epoch:89 ===== loss:0.004125 ===== SRCC:0.9568 ===== PLCC:0.9666
[20250225 12:16:13 INFO    ] Eval done...
[20250225 12:16:13 INFO    ] Epoch 89 done. Time: 0.97min
[20250225 12:16:13 INFO    ] Running training epoch 90
[20250225 12:17:04 INFO    ] train epoch:90 / loss:0.0007852 / SRCC:0.9911 / PLCC:0.9944
[20250225 12:17:04 INFO    ] Starting eval...
[20250225 12:17:04 INFO    ] Running testing in epoch 90
[20250225 12:17:12 INFO    ] Epoch:90 ===== loss:0.005928 ===== SRCC:0.9429 ===== PLCC:0.9508
[20250225 12:17:12 INFO    ] Eval done...
[20250225 12:17:12 INFO    ] Epoch 90 done. Time: 0.98min
[20250225 12:17:12 INFO    ] Running training epoch 91
[20250225 12:18:03 INFO    ] train epoch:91 / loss:0.0005598 / SRCC:0.9935 / PLCC:0.9961
[20250225 12:18:03 INFO    ] Starting eval...
[20250225 12:18:03 INFO    ] Running testing in epoch 91
[20250225 12:18:11 INFO    ] Epoch:91 ===== loss:0.004906 ===== SRCC:0.9551 ===== PLCC:0.963
[20250225 12:18:11 INFO    ] Eval done...
[20250225 12:18:11 INFO    ] Epoch 91 done. Time: 0.98min
[20250225 12:18:11 INFO    ] Running training epoch 92
[20250225 12:19:02 INFO    ] train epoch:92 / loss:0.000625 / SRCC:0.9927 / PLCC:0.9956
[20250225 12:19:02 INFO    ] Starting eval...
[20250225 12:19:02 INFO    ] Running testing in epoch 92
[20250225 12:19:09 INFO    ] Epoch:92 ===== loss:0.004461 ===== SRCC:0.9543 ===== PLCC:0.964
[20250225 12:19:09 INFO    ] Eval done...
[20250225 12:19:09 INFO    ] Epoch 92 done. Time: 0.98min
[20250225 12:19:09 INFO    ] Running training epoch 93
[20250225 12:20:01 INFO    ] train epoch:93 / loss:0.0004487 / SRCC:0.9955 / PLCC:0.9968
[20250225 12:20:01 INFO    ] Starting eval...
[20250225 12:20:01 INFO    ] Running testing in epoch 93
[20250225 12:20:08 INFO    ] Epoch:93 ===== loss:0.005341 ===== SRCC:0.9514 ===== PLCC:0.9562
[20250225 12:20:08 INFO    ] Eval done...
[20250225 12:20:08 INFO    ] Epoch 93 done. Time: 0.98min
[20250225 12:20:08 INFO    ] Running training epoch 94
[20250225 12:21:00 INFO    ] train epoch:94 / loss:0.0005912 / SRCC:0.994 / PLCC:0.9958
[20250225 12:21:00 INFO    ] Starting eval...
[20250225 12:21:00 INFO    ] Running testing in epoch 94
[20250225 12:21:07 INFO    ] Epoch:94 ===== loss:0.005489 ===== SRCC:0.9469 ===== PLCC:0.9552
[20250225 12:21:07 INFO    ] Eval done...
[20250225 12:21:07 INFO    ] Epoch 94 done. Time: 0.98min
[20250225 12:21:07 INFO    ] Running training epoch 95
[20250225 12:21:58 INFO    ] train epoch:95 / loss:0.0005205 / SRCC:0.9945 / PLCC:0.9963
[20250225 12:21:58 INFO    ] Starting eval...
[20250225 12:21:58 INFO    ] Running testing in epoch 95
[20250225 12:22:06 INFO    ] Epoch:95 ===== loss:0.0043 ===== SRCC:0.9564 ===== PLCC:0.9651
[20250225 12:22:06 INFO    ] Eval done...
[20250225 12:22:06 INFO    ] Epoch 95 done. Time: 0.98min
[20250225 12:22:06 INFO    ] Running training epoch 96
[20250225 12:22:57 INFO    ] train epoch:96 / loss:0.0005745 / SRCC:0.9934 / PLCC:0.9959
[20250225 12:22:57 INFO    ] Starting eval...
[20250225 12:22:57 INFO    ] Running testing in epoch 96
[20250225 12:23:05 INFO    ] Epoch:96 ===== loss:0.005841 ===== SRCC:0.9451 ===== PLCC:0.9533
[20250225 12:23:05 INFO    ] Eval done...
[20250225 12:23:05 INFO    ] Epoch 96 done. Time: 0.98min
[20250225 12:23:05 INFO    ] Running training epoch 97
[20250225 12:23:56 INFO    ] train epoch:97 / loss:0.001025 / SRCC:0.9886 / PLCC:0.9927
[20250225 12:23:56 INFO    ] Starting eval...
[20250225 12:23:56 INFO    ] Running testing in epoch 97
[20250225 12:24:04 INFO    ] Epoch:97 ===== loss:0.004093 ===== SRCC:0.9638 ===== PLCC:0.9667
[20250225 12:24:04 INFO    ] Eval done...
[20250225 12:24:04 INFO    ] ======================================================================================
[20250225 12:24:04 INFO    ] ============================== best main score is 1.930489030541641 =================================
[20250225 12:24:04 INFO    ] ======================================================================================
[20250225 12:24:04 INFO    ] Saving weights and model of epoch97, SRCC:0.9638358303486868, PLCC:0.966653200192954
[20250225 12:24:04 INFO    ] Epoch 97 done. Time: 0.99min
[20250225 12:24:04 INFO    ] Running training epoch 98
[20250225 12:24:56 INFO    ] train epoch:98 / loss:0.0006931 / SRCC:0.9925 / PLCC:0.9951
[20250225 12:24:56 INFO    ] Starting eval...
[20250225 12:24:56 INFO    ] Running testing in epoch 98
[20250225 12:25:03 INFO    ] Epoch:98 ===== loss:0.004201 ===== SRCC:0.9587 ===== PLCC:0.9653
[20250225 12:25:03 INFO    ] Eval done...
[20250225 12:25:03 INFO    ] Epoch 98 done. Time: 0.98min
[20250225 12:25:03 INFO    ] Running training epoch 99
[20250225 12:25:54 INFO    ] train epoch:99 / loss:0.0006401 / SRCC:0.9929 / PLCC:0.9954
[20250225 12:25:54 INFO    ] Starting eval...
[20250225 12:25:54 INFO    ] Running testing in epoch 99
[20250225 12:26:02 INFO    ] Epoch:99 ===== loss:0.004283 ===== SRCC:0.9602 ===== PLCC:0.9657
[20250225 12:26:02 INFO    ] Eval done...
[20250225 12:26:02 INFO    ] Epoch 99 done. Time: 0.98min
[20250225 12:26:02 INFO    ] Running training epoch 100
[20250225 12:26:53 INFO    ] train epoch:100 / loss:0.0004043 / SRCC:0.995 / PLCC:0.9971
[20250225 12:26:53 INFO    ] Starting eval...
[20250225 12:26:53 INFO    ] Running testing in epoch 100
[20250225 12:27:01 INFO    ] Epoch:100 ===== loss:0.004821 ===== SRCC:0.957 ===== PLCC:0.9631
[20250225 12:27:01 INFO    ] Eval done...
[20250225 12:27:01 INFO    ] Epoch 100 done. Time: 0.99min
[20250225 12:27:01 INFO    ] Running training epoch 101
[20250225 12:27:52 INFO    ] train epoch:101 / loss:0.0005413 / SRCC:0.9941 / PLCC:0.9962
[20250225 12:27:52 INFO    ] Starting eval...
[20250225 12:27:52 INFO    ] Running testing in epoch 101
[20250225 12:28:00 INFO    ] Epoch:101 ===== loss:0.004873 ===== SRCC:0.9553 ===== PLCC:0.9602
[20250225 12:28:00 INFO    ] Eval done...
[20250225 12:28:00 INFO    ] Epoch 101 done. Time: 0.98min
[20250225 12:28:00 INFO    ] Running training epoch 102
[20250225 12:28:51 INFO    ] train epoch:102 / loss:0.0005525 / SRCC:0.9945 / PLCC:0.9961
[20250225 12:28:51 INFO    ] Starting eval...
[20250225 12:28:51 INFO    ] Running testing in epoch 102
[20250225 12:28:58 INFO    ] Epoch:102 ===== loss:0.005455 ===== SRCC:0.9511 ===== PLCC:0.9588
[20250225 12:28:58 INFO    ] Eval done...
[20250225 12:28:58 INFO    ] Epoch 102 done. Time: 0.98min
[20250225 12:28:58 INFO    ] Running training epoch 103
[20250225 12:29:50 INFO    ] train epoch:103 / loss:0.0004626 / SRCC:0.9951 / PLCC:0.9967
[20250225 12:29:50 INFO    ] Starting eval...
[20250225 12:29:50 INFO    ] Running testing in epoch 103
[20250225 12:29:57 INFO    ] Epoch:103 ===== loss:0.004677 ===== SRCC:0.9532 ===== PLCC:0.9619
[20250225 12:29:57 INFO    ] Eval done...
[20250225 12:29:57 INFO    ] Epoch 103 done. Time: 0.98min
[20250225 12:29:57 INFO    ] Running training epoch 104
[20250225 12:30:48 INFO    ] train epoch:104 / loss:0.0006311 / SRCC:0.993 / PLCC:0.9955
[20250225 12:30:48 INFO    ] Starting eval...
[20250225 12:30:48 INFO    ] Running testing in epoch 104
[20250225 12:30:55 INFO    ] Epoch:104 ===== loss:0.004862 ===== SRCC:0.9499 ===== PLCC:0.9604
[20250225 12:30:55 INFO    ] Eval done...
[20250225 12:30:55 INFO    ] Epoch 104 done. Time: 0.97min
[20250225 12:30:55 INFO    ] Running training epoch 105
[20250225 12:31:46 INFO    ] train epoch:105 / loss:0.0004557 / SRCC:0.9951 / PLCC:0.9968
[20250225 12:31:46 INFO    ] Starting eval...
[20250225 12:31:46 INFO    ] Running testing in epoch 105
[20250225 12:31:54 INFO    ] Epoch:105 ===== loss:0.004082 ===== SRCC:0.9583 ===== PLCC:0.9669
[20250225 12:31:54 INFO    ] Eval done...
[20250225 12:31:54 INFO    ] Epoch 105 done. Time: 0.98min
[20250225 12:31:54 INFO    ] Running training epoch 106
[20250225 12:32:45 INFO    ] train epoch:106 / loss:0.0004116 / SRCC:0.9958 / PLCC:0.9971
[20250225 12:32:45 INFO    ] Starting eval...
[20250225 12:32:45 INFO    ] Running testing in epoch 106
[20250225 12:32:53 INFO    ] Epoch:106 ===== loss:0.005036 ===== SRCC:0.9521 ===== PLCC:0.9601
[20250225 12:32:53 INFO    ] Eval done...
[20250225 12:32:53 INFO    ] Epoch 106 done. Time: 0.98min
[20250225 12:32:53 INFO    ] Running training epoch 107
[20250225 12:33:44 INFO    ] train epoch:107 / loss:0.0004327 / SRCC:0.9949 / PLCC:0.9969
[20250225 12:33:44 INFO    ] Starting eval...
[20250225 12:33:44 INFO    ] Running testing in epoch 107
[20250225 12:33:51 INFO    ] Epoch:107 ===== loss:0.003902 ===== SRCC:0.9602 ===== PLCC:0.9681
[20250225 12:33:51 INFO    ] Eval done...
[20250225 12:33:51 INFO    ] Epoch 107 done. Time: 0.97min
[20250225 12:33:51 INFO    ] Running training epoch 108
[20250225 12:34:43 INFO    ] train epoch:108 / loss:0.0005095 / SRCC:0.9947 / PLCC:0.9964
[20250225 12:34:43 INFO    ] Starting eval...
[20250225 12:34:43 INFO    ] Running testing in epoch 108
[20250225 12:34:50 INFO    ] Epoch:108 ===== loss:0.004052 ===== SRCC:0.9617 ===== PLCC:0.9679
[20250225 12:34:50 INFO    ] Eval done...
[20250225 12:34:50 INFO    ] Epoch 108 done. Time: 0.98min
[20250225 12:34:50 INFO    ] Running training epoch 109
[20250225 12:35:41 INFO    ] train epoch:109 / loss:0.0005173 / SRCC:0.9941 / PLCC:0.9963
[20250225 12:35:41 INFO    ] Starting eval...
[20250225 12:35:41 INFO    ] Running testing in epoch 109
[20250225 12:35:49 INFO    ] Epoch:109 ===== loss:0.00545 ===== SRCC:0.9504 ===== PLCC:0.9576
[20250225 12:35:49 INFO    ] Eval done...
[20250225 12:35:49 INFO    ] Epoch 109 done. Time: 0.98min
[20250225 12:35:49 INFO    ] Running training epoch 110
[20250225 12:36:40 INFO    ] train epoch:110 / loss:0.0005323 / SRCC:0.9946 / PLCC:0.9962
[20250225 12:36:40 INFO    ] Starting eval...
[20250225 12:36:40 INFO    ] Running testing in epoch 110
[20250225 12:36:47 INFO    ] Epoch:110 ===== loss:0.004397 ===== SRCC:0.9589 ===== PLCC:0.9645
[20250225 12:36:47 INFO    ] Eval done...
[20250225 12:36:47 INFO    ] Epoch 110 done. Time: 0.98min
[20250225 12:36:47 INFO    ] Running training epoch 111
[20250225 12:37:39 INFO    ] train epoch:111 / loss:0.0005604 / SRCC:0.9932 / PLCC:0.996
[20250225 12:37:39 INFO    ] Starting eval...
[20250225 12:37:39 INFO    ] Running testing in epoch 111
[20250225 12:37:46 INFO    ] Epoch:111 ===== loss:0.004771 ===== SRCC:0.9561 ===== PLCC:0.9618
[20250225 12:37:46 INFO    ] Eval done...
[20250225 12:37:46 INFO    ] Epoch 111 done. Time: 0.98min
[20250225 12:37:46 INFO    ] Running training epoch 112
[20250225 12:38:37 INFO    ] train epoch:112 / loss:0.0004089 / SRCC:0.9953 / PLCC:0.9971
[20250225 12:38:37 INFO    ] Starting eval...
[20250225 12:38:37 INFO    ] Running testing in epoch 112
[20250225 12:38:45 INFO    ] Epoch:112 ===== loss:0.005679 ===== SRCC:0.9514 ===== PLCC:0.9545
[20250225 12:38:45 INFO    ] Eval done...
[20250225 12:38:45 INFO    ] Epoch 112 done. Time: 0.98min
[20250225 12:38:45 INFO    ] Running training epoch 113
[20250225 12:39:36 INFO    ] train epoch:113 / loss:0.0006723 / SRCC:0.9932 / PLCC:0.9952
[20250225 12:39:36 INFO    ] Starting eval...
[20250225 12:39:36 INFO    ] Running testing in epoch 113
[20250225 12:39:43 INFO    ] Epoch:113 ===== loss:0.004655 ===== SRCC:0.9536 ===== PLCC:0.9617
[20250225 12:39:43 INFO    ] Eval done...
[20250225 12:39:43 INFO    ] Epoch 113 done. Time: 0.97min
[20250225 12:39:43 INFO    ] Running training epoch 114
[20250225 12:40:34 INFO    ] train epoch:114 / loss:0.0004676 / SRCC:0.9945 / PLCC:0.9967
[20250225 12:40:34 INFO    ] Starting eval...
[20250225 12:40:34 INFO    ] Running testing in epoch 114
[20250225 12:40:42 INFO    ] Epoch:114 ===== loss:0.004706 ===== SRCC:0.9552 ===== PLCC:0.9649
[20250225 12:40:42 INFO    ] Eval done...
[20250225 12:40:42 INFO    ] Epoch 114 done. Time: 0.98min
[20250225 12:40:42 INFO    ] Running training epoch 115
[20250225 12:41:33 INFO    ] train epoch:115 / loss:0.0005621 / SRCC:0.9939 / PLCC:0.996
[20250225 12:41:33 INFO    ] Starting eval...
[20250225 12:41:33 INFO    ] Running testing in epoch 115
[20250225 12:41:41 INFO    ] Epoch:115 ===== loss:0.00459 ===== SRCC:0.953 ===== PLCC:0.9627
[20250225 12:41:41 INFO    ] Eval done...
[20250225 12:41:41 INFO    ] Epoch 115 done. Time: 0.98min
[20250225 12:41:41 INFO    ] Running training epoch 116
[20250225 12:42:32 INFO    ] train epoch:116 / loss:0.0004164 / SRCC:0.9958 / PLCC:0.997
[20250225 12:42:32 INFO    ] Starting eval...
[20250225 12:42:32 INFO    ] Running testing in epoch 116
[20250225 12:42:39 INFO    ] Epoch:116 ===== loss:0.005007 ===== SRCC:0.9497 ===== PLCC:0.9607
[20250225 12:42:40 INFO    ] Eval done...
[20250225 12:42:40 INFO    ] Epoch 116 done. Time: 0.98min
[20250225 12:42:40 INFO    ] Running training epoch 117
[20250225 12:43:31 INFO    ] train epoch:117 / loss:0.0006166 / SRCC:0.9936 / PLCC:0.9957
[20250225 12:43:31 INFO    ] Starting eval...
[20250225 12:43:31 INFO    ] Running testing in epoch 117
[20250225 12:43:38 INFO    ] Epoch:117 ===== loss:0.004819 ===== SRCC:0.9518 ===== PLCC:0.9612
[20250225 12:43:38 INFO    ] Eval done...
[20250225 12:43:38 INFO    ] Epoch 117 done. Time: 0.98min
[20250225 12:43:38 INFO    ] Running training epoch 118
[20250225 12:44:29 INFO    ] train epoch:118 / loss:0.0003996 / SRCC:0.9953 / PLCC:0.9972
[20250225 12:44:29 INFO    ] Starting eval...
[20250225 12:44:29 INFO    ] Running testing in epoch 118
[20250225 12:44:37 INFO    ] Epoch:118 ===== loss:0.004965 ===== SRCC:0.9535 ===== PLCC:0.9594
[20250225 12:44:37 INFO    ] Eval done...
[20250225 12:44:37 INFO    ] Epoch 118 done. Time: 0.98min
[20250225 12:44:37 INFO    ] Running training epoch 119
[20250225 12:45:28 INFO    ] train epoch:119 / loss:0.0004898 / SRCC:0.9941 / PLCC:0.9965
[20250225 12:45:28 INFO    ] Starting eval...
[20250225 12:45:28 INFO    ] Running testing in epoch 119
[20250225 12:45:35 INFO    ] Epoch:119 ===== loss:0.005287 ===== SRCC:0.9563 ===== PLCC:0.96
[20250225 12:45:35 INFO    ] Eval done...
[20250225 12:45:35 INFO    ] Epoch 119 done. Time: 0.98min
[20250225 12:45:35 INFO    ] Running training epoch 120
[20250225 12:46:27 INFO    ] train epoch:120 / loss:0.000659 / SRCC:0.9923 / PLCC:0.9953
[20250225 12:46:27 INFO    ] Starting eval...
[20250225 12:46:27 INFO    ] Running testing in epoch 120
[20250225 12:46:34 INFO    ] Epoch:120 ===== loss:0.005056 ===== SRCC:0.9525 ===== PLCC:0.9593
[20250225 12:46:34 INFO    ] Eval done...
[20250225 12:46:34 INFO    ] Epoch 120 done. Time: 0.98min
[20250225 12:46:34 INFO    ] Running training epoch 121
[20250225 12:47:25 INFO    ] train epoch:121 / loss:0.000441 / SRCC:0.9953 / PLCC:0.9969
[20250225 12:47:25 INFO    ] Starting eval...
[20250225 12:47:25 INFO    ] Running testing in epoch 121
[20250225 12:47:33 INFO    ] Epoch:121 ===== loss:0.004642 ===== SRCC:0.9569 ===== PLCC:0.9631
[20250225 12:47:33 INFO    ] Eval done...
[20250225 12:47:33 INFO    ] Epoch 121 done. Time: 0.98min
[20250225 12:47:33 INFO    ] Running training epoch 122
[20250225 12:48:25 INFO    ] train epoch:122 / loss:0.0004253 / SRCC:0.9952 / PLCC:0.997
[20250225 12:48:25 INFO    ] Starting eval...
[20250225 12:48:25 INFO    ] Running testing in epoch 122
[20250225 12:48:32 INFO    ] Epoch:122 ===== loss:0.004437 ===== SRCC:0.9569 ===== PLCC:0.9643
[20250225 12:48:32 INFO    ] Eval done...
[20250225 12:48:32 INFO    ] Epoch 122 done. Time: 0.98min
[20250225 12:48:32 INFO    ] Running training epoch 123
[20250225 12:49:23 INFO    ] train epoch:123 / loss:0.0004169 / SRCC:0.9955 / PLCC:0.997
[20250225 12:49:23 INFO    ] Starting eval...
[20250225 12:49:23 INFO    ] Running testing in epoch 123
[20250225 12:49:30 INFO    ] Epoch:123 ===== loss:0.006239 ===== SRCC:0.9457 ===== PLCC:0.952
[20250225 12:49:30 INFO    ] Eval done...
[20250225 12:49:30 INFO    ] Epoch 123 done. Time: 0.97min
[20250225 12:49:30 INFO    ] Running training epoch 124
[20250225 12:50:22 INFO    ] train epoch:124 / loss:0.0006717 / SRCC:0.993 / PLCC:0.9953
[20250225 12:50:22 INFO    ] Starting eval...
[20250225 12:50:22 INFO    ] Running testing in epoch 124
[20250225 12:50:30 INFO    ] Epoch:124 ===== loss:0.004378 ===== SRCC:0.9575 ===== PLCC:0.9667
[20250225 12:50:30 INFO    ] Eval done...
[20250225 12:50:30 INFO    ] Epoch 124 done. Time: 0.99min
[20250225 12:50:30 INFO    ] Running training epoch 125
[20250225 12:51:22 INFO    ] train epoch:125 / loss:0.003365 / SRCC:0.9773 / PLCC:0.976
[20250225 12:51:22 INFO    ] Starting eval...
[20250225 12:51:22 INFO    ] Running testing in epoch 125
[20250225 12:51:30 INFO    ] Epoch:125 ===== loss:0.00707 ===== SRCC:0.9409 ===== PLCC:0.9441
[20250225 12:51:30 INFO    ] Eval done...
[20250225 12:51:30 INFO    ] Epoch 125 done. Time: 1.0min
[20250225 12:51:30 INFO    ] Running training epoch 126
[20250225 12:52:22 INFO    ] train epoch:126 / loss:0.001164 / SRCC:0.9894 / PLCC:0.9917
[20250225 12:52:22 INFO    ] Starting eval...
[20250225 12:52:22 INFO    ] Running testing in epoch 126
[20250225 12:52:31 INFO    ] Epoch:126 ===== loss:0.004912 ===== SRCC:0.9547 ===== PLCC:0.9597
[20250225 12:52:31 INFO    ] Eval done...
[20250225 12:52:31 INFO    ] Epoch 126 done. Time: 1.0min
[20250225 12:52:31 INFO    ] Running training epoch 127
[20250225 12:53:24 INFO    ] train epoch:127 / loss:0.0008496 / SRCC:0.9923 / PLCC:0.994
[20250225 12:53:24 INFO    ] Starting eval...
[20250225 12:53:24 INFO    ] Running testing in epoch 127
[20250225 12:53:32 INFO    ] Epoch:127 ===== loss:0.0064 ===== SRCC:0.9442 ===== PLCC:0.9487
[20250225 12:53:32 INFO    ] Eval done...
[20250225 12:53:32 INFO    ] Epoch 127 done. Time: 1.0min
[20250225 12:53:32 INFO    ] Running training epoch 128
[20250225 12:54:23 INFO    ] train epoch:128 / loss:0.0005314 / SRCC:0.9944 / PLCC:0.9962
[20250225 12:54:23 INFO    ] Starting eval...
[20250225 12:54:23 INFO    ] Running testing in epoch 128
[20250225 12:54:31 INFO    ] Epoch:128 ===== loss:0.005718 ===== SRCC:0.9485 ===== PLCC:0.9528
[20250225 12:54:31 INFO    ] Eval done...
[20250225 12:54:31 INFO    ] Epoch 128 done. Time: 0.99min
[20250225 12:54:31 INFO    ] Running training epoch 129
[20250225 12:55:23 INFO    ] train epoch:129 / loss:0.0007716 / SRCC:0.9918 / PLCC:0.9945
[20250225 12:55:23 INFO    ] Starting eval...
[20250225 12:55:23 INFO    ] Running testing in epoch 129
[20250225 12:55:31 INFO    ] Epoch:129 ===== loss:0.004927 ===== SRCC:0.9523 ===== PLCC:0.9609
[20250225 12:55:31 INFO    ] Eval done...
[20250225 12:55:31 INFO    ] Epoch 129 done. Time: 1.0min
[20250225 12:55:31 INFO    ] Running training epoch 130
[20250225 12:56:23 INFO    ] train epoch:130 / loss:0.0005724 / SRCC:0.9947 / PLCC:0.996
[20250225 12:56:23 INFO    ] Starting eval...
[20250225 12:56:23 INFO    ] Running testing in epoch 130
[20250225 12:56:31 INFO    ] Epoch:130 ===== loss:0.004614 ===== SRCC:0.9561 ===== PLCC:0.9651
[20250225 12:56:31 INFO    ] Eval done...
[20250225 12:56:31 INFO    ] Epoch 130 done. Time: 0.99min
[20250225 12:56:31 INFO    ] Running training epoch 131
[20250225 12:57:23 INFO    ] train epoch:131 / loss:0.0006751 / SRCC:0.9931 / PLCC:0.9952
[20250225 12:57:23 INFO    ] Starting eval...
[20250225 12:57:23 INFO    ] Running testing in epoch 131
[20250225 12:57:32 INFO    ] Epoch:131 ===== loss:0.005104 ===== SRCC:0.9533 ===== PLCC:0.959
[20250225 12:57:32 INFO    ] Eval done...
[20250225 12:57:32 INFO    ] Epoch 131 done. Time: 1.0min
[20250225 12:57:32 INFO    ] Running training epoch 132
[20250225 12:58:25 INFO    ] train epoch:132 / loss:0.0004581 / SRCC:0.995 / PLCC:0.9968
[20250225 12:58:25 INFO    ] Starting eval...
[20250225 12:58:25 INFO    ] Running testing in epoch 132
[20250225 12:58:33 INFO    ] Epoch:132 ===== loss:0.004976 ===== SRCC:0.9516 ===== PLCC:0.9599
[20250225 12:58:33 INFO    ] Eval done...
[20250225 12:58:33 INFO    ] Epoch 132 done. Time: 1.0min
[20250225 12:58:33 INFO    ] Running training epoch 133
[20250225 12:59:24 INFO    ] train epoch:133 / loss:0.0003786 / SRCC:0.996 / PLCC:0.9973
[20250225 12:59:24 INFO    ] Starting eval...
[20250225 12:59:24 INFO    ] Running testing in epoch 133
[20250225 12:59:32 INFO    ] Epoch:133 ===== loss:0.005023 ===== SRCC:0.9522 ===== PLCC:0.959
[20250225 12:59:32 INFO    ] Eval done...
[20250225 12:59:32 INFO    ] Epoch 133 done. Time: 1.0min
[20250225 12:59:32 INFO    ] Running training epoch 134
[20250225 13:00:25 INFO    ] train epoch:134 / loss:0.0007461 / SRCC:0.9929 / PLCC:0.9947
[20250225 13:00:25 INFO    ] Starting eval...
[20250225 13:00:25 INFO    ] Running testing in epoch 134
[20250225 13:00:33 INFO    ] Epoch:134 ===== loss:0.004716 ===== SRCC:0.9577 ===== PLCC:0.961
[20250225 13:00:33 INFO    ] Eval done...
[20250225 13:00:33 INFO    ] Epoch 134 done. Time: 1.0min
[20250225 13:00:33 INFO    ] Running training epoch 135
[20250225 13:01:25 INFO    ] train epoch:135 / loss:0.0009024 / SRCC:0.9908 / PLCC:0.9937
[20250225 13:01:25 INFO    ] Starting eval...
[20250225 13:01:25 INFO    ] Running testing in epoch 135
[20250225 13:01:33 INFO    ] Epoch:135 ===== loss:0.004767 ===== SRCC:0.9573 ===== PLCC:0.9645
[20250225 13:01:33 INFO    ] Eval done...
[20250225 13:01:33 INFO    ] Epoch 135 done. Time: 1.0min
[20250225 13:01:33 INFO    ] Running training epoch 136
[20250225 13:02:25 INFO    ] train epoch:136 / loss:0.0005411 / SRCC:0.9941 / PLCC:0.9961
[20250225 13:02:25 INFO    ] Starting eval...
[20250225 13:02:25 INFO    ] Running testing in epoch 136
[20250225 13:02:34 INFO    ] Epoch:136 ===== loss:0.00424 ===== SRCC:0.9571 ===== PLCC:0.9659
[20250225 13:02:34 INFO    ] Eval done...
[20250225 13:02:34 INFO    ] Epoch 136 done. Time: 1.0min
[20250225 13:02:34 INFO    ] Running training epoch 137
[20250225 13:03:27 INFO    ] train epoch:137 / loss:0.0004559 / SRCC:0.9953 / PLCC:0.9967
[20250225 13:03:27 INFO    ] Starting eval...
[20250225 13:03:27 INFO    ] Running testing in epoch 137
[20250225 13:03:35 INFO    ] Epoch:137 ===== loss:0.004427 ===== SRCC:0.9562 ===== PLCC:0.9635
[20250225 13:03:35 INFO    ] Eval done...
[20250225 13:03:35 INFO    ] Epoch 137 done. Time: 1.0min
[20250225 13:03:35 INFO    ] Running training epoch 138
[20250225 13:04:27 INFO    ] train epoch:138 / loss:0.0004283 / SRCC:0.9946 / PLCC:0.997
[20250225 13:04:27 INFO    ] Starting eval...
[20250225 13:04:27 INFO    ] Running testing in epoch 138
[20250225 13:04:35 INFO    ] Epoch:138 ===== loss:0.004375 ===== SRCC:0.9564 ===== PLCC:0.9648
[20250225 13:04:35 INFO    ] Eval done...
[20250225 13:04:35 INFO    ] Epoch 138 done. Time: 1.0min
[20250225 13:04:35 INFO    ] Running training epoch 139
[20250225 13:05:27 INFO    ] train epoch:139 / loss:0.0004929 / SRCC:0.9941 / PLCC:0.9965
[20250225 13:05:27 INFO    ] Starting eval...
[20250225 13:05:27 INFO    ] Running testing in epoch 139
[20250225 13:05:35 INFO    ] Epoch:139 ===== loss:0.004956 ===== SRCC:0.9529 ===== PLCC:0.959
[20250225 13:05:35 INFO    ] Eval done...
[20250225 13:05:35 INFO    ] Epoch 139 done. Time: 1.0min
[20250225 13:05:35 INFO    ] Running training epoch 140
[20250225 13:06:26 INFO    ] train epoch:140 / loss:0.00042 / SRCC:0.9956 / PLCC:0.997
[20250225 13:06:26 INFO    ] Starting eval...
[20250225 13:06:26 INFO    ] Running testing in epoch 140
[20250225 13:06:35 INFO    ] Epoch:140 ===== loss:0.003994 ===== SRCC:0.9592 ===== PLCC:0.9679
[20250225 13:06:35 INFO    ] Eval done...
[20250225 13:06:35 INFO    ] Epoch 140 done. Time: 1.0min
[20250225 13:06:35 INFO    ] Running training epoch 141
[20250225 13:07:26 INFO    ] train epoch:141 / loss:0.0004293 / SRCC:0.9951 / PLCC:0.997
[20250225 13:07:26 INFO    ] Starting eval...
[20250225 13:07:26 INFO    ] Running testing in epoch 141
[20250225 13:07:34 INFO    ] Epoch:141 ===== loss:0.005639 ===== SRCC:0.9477 ===== PLCC:0.9557
[20250225 13:07:34 INFO    ] Eval done...
[20250225 13:07:34 INFO    ] Epoch 141 done. Time: 1.0min
[20250225 13:07:34 INFO    ] Running training epoch 142
[20250225 13:08:27 INFO    ] train epoch:142 / loss:0.000481 / SRCC:0.996 / PLCC:0.9966
[20250225 13:08:27 INFO    ] Starting eval...
[20250225 13:08:27 INFO    ] Running testing in epoch 142
[20250225 13:08:35 INFO    ] Epoch:142 ===== loss:0.004623 ===== SRCC:0.9532 ===== PLCC:0.962
[20250225 13:08:35 INFO    ] Eval done...
[20250225 13:08:35 INFO    ] Epoch 142 done. Time: 1.0min
[20250225 13:08:35 INFO    ] Running training epoch 143
[20250225 13:09:27 INFO    ] train epoch:143 / loss:0.0009348 / SRCC:0.9923 / PLCC:0.9934
[20250225 13:09:27 INFO    ] Starting eval...
[20250225 13:09:27 INFO    ] Running testing in epoch 143
[20250225 13:09:37 INFO    ] Epoch:143 ===== loss:0.004857 ===== SRCC:0.9528 ===== PLCC:0.9598
[20250225 13:09:37 INFO    ] Eval done...
[20250225 13:09:37 INFO    ] Epoch 143 done. Time: 1.0min
[20250225 13:09:37 INFO    ] Running training epoch 144
[20250225 13:10:29 INFO    ] train epoch:144 / loss:0.0003786 / SRCC:0.9962 / PLCC:0.9973
[20250225 13:10:29 INFO    ] Starting eval...
[20250225 13:10:29 INFO    ] Running testing in epoch 144
[20250225 13:10:37 INFO    ] Epoch:144 ===== loss:0.005755 ===== SRCC:0.9447 ===== PLCC:0.9532
[20250225 13:10:37 INFO    ] Eval done...
[20250225 13:10:37 INFO    ] Epoch 144 done. Time: 1.0min
[20250225 13:10:37 INFO    ] Running training epoch 145
[20250225 13:11:29 INFO    ] train epoch:145 / loss:0.0003122 / SRCC:0.9961 / PLCC:0.9978
[20250225 13:11:29 INFO    ] Starting eval...
[20250225 13:11:29 INFO    ] Running testing in epoch 145
[20250225 13:11:37 INFO    ] Epoch:145 ===== loss:0.004778 ===== SRCC:0.9527 ===== PLCC:0.9617
[20250225 13:11:37 INFO    ] Eval done...
[20250225 13:11:37 INFO    ] Epoch 145 done. Time: 0.99min
[20250225 13:11:37 INFO    ] Running training epoch 146
[20250225 13:12:29 INFO    ] train epoch:146 / loss:0.0003483 / SRCC:0.9962 / PLCC:0.9975
[20250225 13:12:29 INFO    ] Starting eval...
[20250225 13:12:29 INFO    ] Running testing in epoch 146
[20250225 13:12:36 INFO    ] Epoch:146 ===== loss:0.004852 ===== SRCC:0.9554 ===== PLCC:0.96
[20250225 13:12:37 INFO    ] Eval done...
[20250225 13:12:37 INFO    ] Epoch 146 done. Time: 0.99min
[20250225 13:12:37 INFO    ] Running training epoch 147
[20250225 13:13:28 INFO    ] train epoch:147 / loss:0.000356 / SRCC:0.9961 / PLCC:0.9975
[20250225 13:13:28 INFO    ] Starting eval...
[20250225 13:13:28 INFO    ] Running testing in epoch 147
[20250225 13:13:37 INFO    ] Epoch:147 ===== loss:0.005463 ===== SRCC:0.9471 ===== PLCC:0.9567
[20250225 13:13:37 INFO    ] Eval done...
[20250225 13:13:37 INFO    ] Epoch 147 done. Time: 1.0min
[20250225 13:13:37 INFO    ] Running training epoch 148
[20250225 13:14:29 INFO    ] train epoch:148 / loss:0.0005076 / SRCC:0.994 / PLCC:0.9964
[20250225 13:14:29 INFO    ] Starting eval...
[20250225 13:14:29 INFO    ] Running testing in epoch 148
[20250225 13:14:37 INFO    ] Epoch:148 ===== loss:0.006436 ===== SRCC:0.9375 ===== PLCC:0.9467
[20250225 13:14:37 INFO    ] Eval done...
[20250225 13:14:37 INFO    ] Epoch 148 done. Time: 1.0min
[20250225 13:14:37 INFO    ] Running training epoch 149
[20250225 13:15:28 INFO    ] train epoch:149 / loss:0.0003417 / SRCC:0.9962 / PLCC:0.9976
[20250225 13:15:28 INFO    ] Starting eval...
[20250225 13:15:28 INFO    ] Running testing in epoch 149
[20250225 13:15:36 INFO    ] Epoch:149 ===== loss:0.005655 ===== SRCC:0.9515 ===== PLCC:0.9557
[20250225 13:15:36 INFO    ] Eval done...
[20250225 13:15:36 INFO    ] Epoch 149 done. Time: 1.0min
[20250225 13:15:36 INFO    ] Running training epoch 150
[20250225 13:16:29 INFO    ] train epoch:150 / loss:0.0004634 / SRCC:0.995 / PLCC:0.9967
[20250225 13:16:29 INFO    ] Starting eval...
[20250225 13:16:29 INFO    ] Running testing in epoch 150
[20250225 13:16:37 INFO    ] Epoch:150 ===== loss:0.004705 ===== SRCC:0.9541 ===== PLCC:0.9617
[20250225 13:16:37 INFO    ] Eval done...
[20250225 13:16:37 INFO    ] Epoch 150 done. Time: 1.0min
[20250225 13:16:37 INFO    ] Running training epoch 151
[20250225 13:17:29 INFO    ] train epoch:151 / loss:0.0003345 / SRCC:0.9962 / PLCC:0.9976
[20250225 13:17:29 INFO    ] Starting eval...
[20250225 13:17:29 INFO    ] Running testing in epoch 151
[20250225 13:17:38 INFO    ] Epoch:151 ===== loss:0.004914 ===== SRCC:0.9483 ===== PLCC:0.96
[20250225 13:17:38 INFO    ] Eval done...
[20250225 13:17:38 INFO    ] Epoch 151 done. Time: 1.0min
[20250225 13:17:38 INFO    ] Running training epoch 152
[20250225 13:18:30 INFO    ] train epoch:152 / loss:0.0004346 / SRCC:0.9953 / PLCC:0.9969
[20250225 13:18:30 INFO    ] Starting eval...
[20250225 13:18:30 INFO    ] Running testing in epoch 152
[20250225 13:18:38 INFO    ] Epoch:152 ===== loss:0.004691 ===== SRCC:0.9561 ===== PLCC:0.9619
[20250225 13:18:38 INFO    ] Eval done...
[20250225 13:18:38 INFO    ] Epoch 152 done. Time: 1.0min
[20250225 13:18:38 INFO    ] Running training epoch 153
[20250225 13:19:30 INFO    ] train epoch:153 / loss:0.0003344 / SRCC:0.9958 / PLCC:0.9977
[20250225 13:19:30 INFO    ] Starting eval...
[20250225 13:19:30 INFO    ] Running testing in epoch 153
[20250225 13:19:38 INFO    ] Epoch:153 ===== loss:0.004801 ===== SRCC:0.9537 ===== PLCC:0.9604
[20250225 13:19:38 INFO    ] Eval done...
[20250225 13:19:38 INFO    ] Epoch 153 done. Time: 0.99min
[20250225 13:19:38 INFO    ] Running training epoch 154
[20250225 13:20:29 INFO    ] train epoch:154 / loss:0.0002663 / SRCC:0.9972 / PLCC:0.9981
[20250225 13:20:29 INFO    ] Starting eval...
[20250225 13:20:29 INFO    ] Running testing in epoch 154
[20250225 13:20:37 INFO    ] Epoch:154 ===== loss:0.004905 ===== SRCC:0.9492 ===== PLCC:0.9605
[20250225 13:20:37 INFO    ] Eval done...
[20250225 13:20:37 INFO    ] Epoch 154 done. Time: 0.99min
[20250225 13:20:37 INFO    ] Running training epoch 155
[20250225 13:21:29 INFO    ] train epoch:155 / loss:0.0004416 / SRCC:0.9953 / PLCC:0.9969
[20250225 13:21:29 INFO    ] Starting eval...
[20250225 13:21:29 INFO    ] Running testing in epoch 155
[20250225 13:21:37 INFO    ] Epoch:155 ===== loss:0.005246 ===== SRCC:0.9515 ===== PLCC:0.9566
[20250225 13:21:37 INFO    ] Eval done...
[20250225 13:21:37 INFO    ] Epoch 155 done. Time: 1.0min
[20250225 13:21:37 INFO    ] Running training epoch 156
[20250225 13:22:29 INFO    ] train epoch:156 / loss:0.0002678 / SRCC:0.9971 / PLCC:0.9981
[20250225 13:22:29 INFO    ] Starting eval...
[20250225 13:22:29 INFO    ] Running testing in epoch 156
[20250225 13:22:37 INFO    ] Epoch:156 ===== loss:0.005315 ===== SRCC:0.9479 ===== PLCC:0.9579
[20250225 13:22:37 INFO    ] Eval done...
[20250225 13:22:37 INFO    ] Epoch 156 done. Time: 0.99min
[20250225 13:22:37 INFO    ] Running training epoch 157
[20250225 13:23:29 INFO    ] train epoch:157 / loss:0.0003864 / SRCC:0.9956 / PLCC:0.9973
[20250225 13:23:29 INFO    ] Starting eval...
[20250225 13:23:29 INFO    ] Running testing in epoch 157
[20250225 13:23:37 INFO    ] Epoch:157 ===== loss:0.005528 ===== SRCC:0.9459 ===== PLCC:0.955
[20250225 13:23:37 INFO    ] Eval done...
[20250225 13:23:37 INFO    ] Epoch 157 done. Time: 0.99min
[20250225 13:23:37 INFO    ] Running training epoch 158
[20250225 13:24:28 INFO    ] train epoch:158 / loss:0.0003359 / SRCC:0.9956 / PLCC:0.9976
[20250225 13:24:28 INFO    ] Starting eval...
[20250225 13:24:28 INFO    ] Running testing in epoch 158
[20250225 13:24:36 INFO    ] Epoch:158 ===== loss:0.004502 ===== SRCC:0.9584 ===== PLCC:0.9637
[20250225 13:24:36 INFO    ] Eval done...
[20250225 13:24:36 INFO    ] Epoch 158 done. Time: 0.99min
[20250225 13:24:36 INFO    ] Running training epoch 159
[20250225 13:25:28 INFO    ] train epoch:159 / loss:0.000396 / SRCC:0.9958 / PLCC:0.9972
[20250225 13:25:28 INFO    ] Starting eval...
[20250225 13:25:28 INFO    ] Running testing in epoch 159
[20250225 13:25:37 INFO    ] Epoch:159 ===== loss:0.004849 ===== SRCC:0.9529 ===== PLCC:0.9606
[20250225 13:25:37 INFO    ] Eval done...
[20250225 13:25:37 INFO    ] Epoch 159 done. Time: 1.0min
[20250225 13:25:37 INFO    ] Running training epoch 160
[20250225 13:26:30 INFO    ] train epoch:160 / loss:0.0003823 / SRCC:0.9955 / PLCC:0.9973
[20250225 13:26:30 INFO    ] Starting eval...
[20250225 13:26:30 INFO    ] Running testing in epoch 160
[20250225 13:26:38 INFO    ] Epoch:160 ===== loss:0.004958 ===== SRCC:0.9545 ===== PLCC:0.9618
[20250225 13:26:38 INFO    ] Eval done...
[20250225 13:26:38 INFO    ] Epoch 160 done. Time: 1.0min
[20250225 13:26:38 INFO    ] Running training epoch 161
[20250225 13:27:30 INFO    ] train epoch:161 / loss:0.0003919 / SRCC:0.995 / PLCC:0.9972
[20250225 13:27:30 INFO    ] Starting eval...
[20250225 13:27:30 INFO    ] Running testing in epoch 161
[20250225 13:27:39 INFO    ] Epoch:161 ===== loss:0.006835 ===== SRCC:0.9382 ===== PLCC:0.9452
[20250225 13:27:39 INFO    ] Eval done...
[20250225 13:27:39 INFO    ] Epoch 161 done. Time: 1.0min
[20250225 13:27:39 INFO    ] Running training epoch 162
[20250225 13:28:30 INFO    ] train epoch:162 / loss:0.0005301 / SRCC:0.9946 / PLCC:0.9963
[20250225 13:28:30 INFO    ] Starting eval...
[20250225 13:28:30 INFO    ] Running testing in epoch 162
[20250225 13:28:39 INFO    ] Epoch:162 ===== loss:0.00498 ===== SRCC:0.9508 ===== PLCC:0.9597
[20250225 13:28:39 INFO    ] Eval done...
[20250225 13:28:39 INFO    ] Epoch 162 done. Time: 1.0min
[20250225 13:28:39 INFO    ] Running training epoch 163
[20250225 13:29:30 INFO    ] train epoch:163 / loss:0.0004031 / SRCC:0.9953 / PLCC:0.9972
[20250225 13:29:30 INFO    ] Starting eval...
[20250225 13:29:30 INFO    ] Running testing in epoch 163
[20250225 13:29:38 INFO    ] Epoch:163 ===== loss:0.004726 ===== SRCC:0.9533 ===== PLCC:0.9631
[20250225 13:29:38 INFO    ] Eval done...
[20250225 13:29:38 INFO    ] Epoch 163 done. Time: 1.0min
[20250225 13:29:38 INFO    ] Running training epoch 164
[20250225 13:30:30 INFO    ] train epoch:164 / loss:0.0003833 / SRCC:0.9956 / PLCC:0.9973
[20250225 13:30:30 INFO    ] Starting eval...
[20250225 13:30:30 INFO    ] Running testing in epoch 164
[20250225 13:30:38 INFO    ] Epoch:164 ===== loss:0.004556 ===== SRCC:0.953 ===== PLCC:0.963
[20250225 13:30:38 INFO    ] Eval done...
[20250225 13:30:38 INFO    ] Epoch 164 done. Time: 1.0min
[20250225 13:30:38 INFO    ] Running training epoch 165
[20250225 13:31:30 INFO    ] train epoch:165 / loss:0.0003093 / SRCC:0.9966 / PLCC:0.9978
[20250225 13:31:30 INFO    ] Starting eval...
[20250225 13:31:30 INFO    ] Running testing in epoch 165
[20250225 13:31:39 INFO    ] Epoch:165 ===== loss:0.005263 ===== SRCC:0.9472 ===== PLCC:0.9582
[20250225 13:31:39 INFO    ] Eval done...
[20250225 13:31:39 INFO    ] Epoch 165 done. Time: 1.0min
[20250225 13:31:39 INFO    ] Running training epoch 166
[20250225 13:32:31 INFO    ] train epoch:166 / loss:0.0003132 / SRCC:0.9962 / PLCC:0.9978
[20250225 13:32:31 INFO    ] Starting eval...
[20250225 13:32:31 INFO    ] Running testing in epoch 166
[20250225 13:32:39 INFO    ] Epoch:166 ===== loss:0.004516 ===== SRCC:0.9528 ===== PLCC:0.9631
[20250225 13:32:39 INFO    ] Eval done...
[20250225 13:32:39 INFO    ] Epoch 166 done. Time: 1.0min
[20250225 13:32:39 INFO    ] Running training epoch 167
[20250225 13:33:32 INFO    ] train epoch:167 / loss:0.001436 / SRCC:0.9902 / PLCC:0.9898
[20250225 13:33:32 INFO    ] Starting eval...
[20250225 13:33:32 INFO    ] Running testing in epoch 167
[20250225 13:33:40 INFO    ] Epoch:167 ===== loss:0.008127 ===== SRCC:0.9405 ===== PLCC:0.9457
[20250225 13:33:40 INFO    ] Eval done...
[20250225 13:33:40 INFO    ] Epoch 167 done. Time: 1.0min
[20250225 13:33:40 INFO    ] Running training epoch 168
[20250225 13:34:33 INFO    ] train epoch:168 / loss:0.001106 / SRCC:0.992 / PLCC:0.9922
[20250225 13:34:33 INFO    ] Starting eval...
[20250225 13:34:33 INFO    ] Running testing in epoch 168
[20250225 13:34:41 INFO    ] Epoch:168 ===== loss:0.004966 ===== SRCC:0.9507 ===== PLCC:0.9625
[20250225 13:34:41 INFO    ] Eval done...
[20250225 13:34:41 INFO    ] Epoch 168 done. Time: 1.0min
[20250225 13:34:41 INFO    ] Running training epoch 169
[20250225 13:35:34 INFO    ] train epoch:169 / loss:0.001008 / SRCC:0.9919 / PLCC:0.9929
[20250225 13:35:34 INFO    ] Starting eval...
[20250225 13:35:34 INFO    ] Running testing in epoch 169
[20250225 13:35:41 INFO    ] Epoch:169 ===== loss:0.004482 ===== SRCC:0.9614 ===== PLCC:0.9676
[20250225 13:35:41 INFO    ] Eval done...
[20250225 13:35:41 INFO    ] Epoch 169 done. Time: 1.0min
[20250225 13:35:41 INFO    ] Running training epoch 170
[20250225 13:36:33 INFO    ] train epoch:170 / loss:0.001095 / SRCC:0.992 / PLCC:0.9924
[20250225 13:36:33 INFO    ] Starting eval...
[20250225 13:36:33 INFO    ] Running testing in epoch 170
[20250225 13:36:40 INFO    ] Epoch:170 ===== loss:0.004334 ===== SRCC:0.9592 ===== PLCC:0.9657
[20250225 13:36:40 INFO    ] Eval done...
[20250225 13:36:40 INFO    ] Epoch 170 done. Time: 0.98min
[20250225 13:36:40 INFO    ] Running training epoch 171
[20250225 13:37:31 INFO    ] train epoch:171 / loss:0.0005872 / SRCC:0.9944 / PLCC:0.9958
[20250225 13:37:31 INFO    ] Starting eval...
[20250225 13:37:31 INFO    ] Running testing in epoch 171
[20250225 13:37:39 INFO    ] Epoch:171 ===== loss:0.004371 ===== SRCC:0.9578 ===== PLCC:0.9653
[20250225 13:37:39 INFO    ] Eval done...
[20250225 13:37:39 INFO    ] Epoch 171 done. Time: 0.97min
[20250225 13:37:39 INFO    ] Running training epoch 172
[20250225 13:38:30 INFO    ] train epoch:172 / loss:0.0003964 / SRCC:0.996 / PLCC:0.9972
[20250225 13:38:30 INFO    ] Starting eval...
[20250225 13:38:30 INFO    ] Running testing in epoch 172
[20250225 13:38:37 INFO    ] Epoch:172 ===== loss:0.003979 ===== SRCC:0.9612 ===== PLCC:0.968
[20250225 13:38:37 INFO    ] Eval done...
[20250225 13:38:37 INFO    ] Epoch 172 done. Time: 0.97min
[20250225 13:38:37 INFO    ] Running training epoch 173
[20250225 13:39:28 INFO    ] train epoch:173 / loss:0.0004464 / SRCC:0.9957 / PLCC:0.9968
[20250225 13:39:28 INFO    ] Starting eval...
[20250225 13:39:28 INFO    ] Running testing in epoch 173
[20250225 13:39:36 INFO    ] Epoch:173 ===== loss:0.004088 ===== SRCC:0.9616 ===== PLCC:0.967
[20250225 13:39:36 INFO    ] Eval done...
[20250225 13:39:36 INFO    ] Epoch 173 done. Time: 0.97min
[20250225 13:39:36 INFO    ] Running training epoch 174
[20250225 13:40:27 INFO    ] train epoch:174 / loss:0.0003968 / SRCC:0.9959 / PLCC:0.9972
[20250225 13:40:27 INFO    ] Starting eval...
[20250225 13:40:27 INFO    ] Running testing in epoch 174
[20250225 13:40:34 INFO    ] Epoch:174 ===== loss:0.004222 ===== SRCC:0.9574 ===== PLCC:0.9654
[20250225 13:40:34 INFO    ] Eval done...
[20250225 13:40:34 INFO    ] Epoch 174 done. Time: 0.98min
[20250225 13:40:34 INFO    ] Running training epoch 175
[20250225 13:41:25 INFO    ] train epoch:175 / loss:0.0003447 / SRCC:0.9966 / PLCC:0.9976
[20250225 13:41:25 INFO    ] Starting eval...
[20250225 13:41:25 INFO    ] Running testing in epoch 175
[20250225 13:41:32 INFO    ] Epoch:175 ===== loss:0.004494 ===== SRCC:0.9566 ===== PLCC:0.965
[20250225 13:41:32 INFO    ] Eval done...
[20250225 13:41:32 INFO    ] Epoch 175 done. Time: 0.97min
[20250225 13:41:32 INFO    ] Running training epoch 176
[20250225 13:42:23 INFO    ] train epoch:176 / loss:0.0003374 / SRCC:0.9965 / PLCC:0.9976
[20250225 13:42:23 INFO    ] Starting eval...
[20250225 13:42:23 INFO    ] Running testing in epoch 176
[20250225 13:42:31 INFO    ] Epoch:176 ===== loss:0.004414 ===== SRCC:0.9568 ===== PLCC:0.964
[20250225 13:42:31 INFO    ] Eval done...
[20250225 13:42:31 INFO    ] Epoch 176 done. Time: 0.98min
[20250225 13:42:31 INFO    ] Running training epoch 177
[20250225 13:43:22 INFO    ] train epoch:177 / loss:0.0002505 / SRCC:0.9975 / PLCC:0.9982
[20250225 13:43:22 INFO    ] Starting eval...
[20250225 13:43:22 INFO    ] Running testing in epoch 177
[20250225 13:43:30 INFO    ] Epoch:177 ===== loss:0.00444 ===== SRCC:0.9584 ===== PLCC:0.9648
[20250225 13:43:30 INFO    ] Eval done...
[20250225 13:43:30 INFO    ] Epoch 177 done. Time: 0.98min
[20250225 13:43:30 INFO    ] Running training epoch 178
[20250225 13:44:21 INFO    ] train epoch:178 / loss:0.001267 / SRCC:0.9899 / PLCC:0.991
[20250225 13:44:21 INFO    ] Starting eval...
[20250225 13:44:21 INFO    ] Running testing in epoch 178
[20250225 13:44:28 INFO    ] Epoch:178 ===== loss:0.004077 ===== SRCC:0.9578 ===== PLCC:0.9678
[20250225 13:44:28 INFO    ] Eval done...
[20250225 13:44:28 INFO    ] Epoch 178 done. Time: 0.97min
[20250225 13:44:28 INFO    ] Running training epoch 179
[20250225 13:45:20 INFO    ] train epoch:179 / loss:0.0008996 / SRCC:0.9929 / PLCC:0.9936
[20250225 13:45:20 INFO    ] Starting eval...
[20250225 13:45:20 INFO    ] Running testing in epoch 179
[20250225 13:45:27 INFO    ] Epoch:179 ===== loss:0.005364 ===== SRCC:0.9519 ===== PLCC:0.9582
[20250225 13:45:27 INFO    ] Eval done...
[20250225 13:45:27 INFO    ] Epoch 179 done. Time: 0.98min
[20250225 13:45:27 INFO    ] Running training epoch 180
[20250225 13:46:18 INFO    ] train epoch:180 / loss:0.0006355 / SRCC:0.9942 / PLCC:0.9955
[20250225 13:46:18 INFO    ] Starting eval...
[20250225 13:46:18 INFO    ] Running testing in epoch 180
[20250225 13:46:25 INFO    ] Epoch:180 ===== loss:0.003727 ===== SRCC:0.9657 ===== PLCC:0.9707
[20250225 13:46:25 INFO    ] Eval done...
[20250225 13:46:25 INFO    ] ======================================================================================
[20250225 13:46:25 INFO    ] ============================== best main score is 1.936349768876441 =================================
[20250225 13:46:25 INFO    ] ======================================================================================
[20250225 13:46:26 INFO    ] Saving weights and model of epoch180, SRCC:0.9656605843643798, PLCC:0.9706891845120611
[20250225 13:46:26 INFO    ] Epoch 180 done. Time: 0.99min
[20250225 13:46:26 INFO    ] Running training epoch 181
[20250225 13:47:17 INFO    ] train epoch:181 / loss:0.0004791 / SRCC:0.996 / PLCC:0.9966
[20250225 13:47:17 INFO    ] Starting eval...
[20250225 13:47:17 INFO    ] Running testing in epoch 181
[20250225 13:47:24 INFO    ] Epoch:181 ===== loss:0.004315 ===== SRCC:0.9589 ===== PLCC:0.9647
[20250225 13:47:24 INFO    ] Eval done...
[20250225 13:47:24 INFO    ] Epoch 181 done. Time: 0.97min
[20250225 13:47:24 INFO    ] Running training epoch 182
[20250225 13:48:15 INFO    ] train epoch:182 / loss:0.0003873 / SRCC:0.9954 / PLCC:0.9973
[20250225 13:48:15 INFO    ] Starting eval...
[20250225 13:48:15 INFO    ] Running testing in epoch 182
[20250225 13:48:22 INFO    ] Epoch:182 ===== loss:0.004369 ===== SRCC:0.9601 ===== PLCC:0.9657
[20250225 13:48:22 INFO    ] Eval done...
[20250225 13:48:22 INFO    ] Epoch 182 done. Time: 0.97min
[20250225 13:48:22 INFO    ] Running training epoch 183
[20250225 13:49:13 INFO    ] train epoch:183 / loss:0.0003769 / SRCC:0.9957 / PLCC:0.9973
[20250225 13:49:13 INFO    ] Starting eval...
[20250225 13:49:13 INFO    ] Running testing in epoch 183
[20250225 13:49:20 INFO    ] Epoch:183 ===== loss:0.004692 ===== SRCC:0.9563 ===== PLCC:0.9619
[20250225 13:49:20 INFO    ] Eval done...
[20250225 13:49:20 INFO    ] Epoch 183 done. Time: 0.96min
[20250225 13:49:20 INFO    ] Running training epoch 184
[20250225 13:50:11 INFO    ] train epoch:184 / loss:0.0002735 / SRCC:0.9969 / PLCC:0.9981
[20250225 13:50:11 INFO    ] Starting eval...
[20250225 13:50:11 INFO    ] Running testing in epoch 184
[20250225 13:50:19 INFO    ] Epoch:184 ===== loss:0.00436 ===== SRCC:0.9605 ===== PLCC:0.9654
[20250225 13:50:19 INFO    ] Eval done...
[20250225 13:50:19 INFO    ] Epoch 184 done. Time: 0.98min
[20250225 13:50:19 INFO    ] Running training epoch 185
[20250225 13:51:10 INFO    ] train epoch:185 / loss:0.0003381 / SRCC:0.9961 / PLCC:0.9976
[20250225 13:51:10 INFO    ] Starting eval...
[20250225 13:51:10 INFO    ] Running testing in epoch 185
[20250225 13:51:18 INFO    ] Epoch:185 ===== loss:0.004555 ===== SRCC:0.9562 ===== PLCC:0.9634
[20250225 13:51:18 INFO    ] Eval done...
[20250225 13:51:18 INFO    ] Epoch 185 done. Time: 0.98min
[20250225 13:51:18 INFO    ] Running training epoch 186
[20250225 13:52:09 INFO    ] train epoch:186 / loss:0.0003285 / SRCC:0.9965 / PLCC:0.9977
[20250225 13:52:09 INFO    ] Starting eval...
[20250225 13:52:09 INFO    ] Running testing in epoch 186
[20250225 13:52:17 INFO    ] Epoch:186 ===== loss:0.00477 ===== SRCC:0.9545 ===== PLCC:0.9642
[20250225 13:52:17 INFO    ] Eval done...
[20250225 13:52:17 INFO    ] Epoch 186 done. Time: 0.99min
[20250225 13:52:17 INFO    ] Running training epoch 187
[20250225 13:53:08 INFO    ] train epoch:187 / loss:0.0004583 / SRCC:0.9957 / PLCC:0.9968
[20250225 13:53:08 INFO    ] Starting eval...
[20250225 13:53:08 INFO    ] Running testing in epoch 187
[20250225 13:53:15 INFO    ] Epoch:187 ===== loss:0.005187 ===== SRCC:0.9463 ===== PLCC:0.9588
[20250225 13:53:15 INFO    ] Eval done...
[20250225 13:53:15 INFO    ] Epoch 187 done. Time: 0.98min
[20250225 13:53:15 INFO    ] Running training epoch 188
[20250225 13:54:07 INFO    ] train epoch:188 / loss:0.0004054 / SRCC:0.9948 / PLCC:0.9971
[20250225 13:54:07 INFO    ] Starting eval...
[20250225 13:54:07 INFO    ] Running testing in epoch 188
[20250225 13:54:15 INFO    ] Epoch:188 ===== loss:0.004163 ===== SRCC:0.9584 ===== PLCC:0.9664
[20250225 13:54:15 INFO    ] Eval done...
[20250225 13:54:15 INFO    ] Epoch 188 done. Time: 0.99min
[20250225 13:54:15 INFO    ] Running training epoch 189
[20250225 13:55:06 INFO    ] train epoch:189 / loss:0.0004281 / SRCC:0.9952 / PLCC:0.997
[20250225 13:55:06 INFO    ] Starting eval...
[20250225 13:55:06 INFO    ] Running testing in epoch 189
[20250225 13:55:13 INFO    ] Epoch:189 ===== loss:0.004292 ===== SRCC:0.9573 ===== PLCC:0.9662
[20250225 13:55:13 INFO    ] Eval done...
[20250225 13:55:13 INFO    ] Epoch 189 done. Time: 0.98min
[20250225 13:55:13 INFO    ] Running training epoch 190
[20250225 13:56:04 INFO    ] train epoch:190 / loss:0.0004143 / SRCC:0.996 / PLCC:0.9971
[20250225 13:56:04 INFO    ] Starting eval...
[20250225 13:56:04 INFO    ] Running testing in epoch 190
[20250225 13:56:12 INFO    ] Epoch:190 ===== loss:0.004696 ===== SRCC:0.953 ===== PLCC:0.9621
[20250225 13:56:12 INFO    ] Eval done...
[20250225 13:56:12 INFO    ] Epoch 190 done. Time: 0.98min
[20250225 13:56:12 INFO    ] Running training epoch 191
[20250225 13:57:04 INFO    ] train epoch:191 / loss:0.0003462 / SRCC:0.996 / PLCC:0.9976
[20250225 13:57:04 INFO    ] Starting eval...
[20250225 13:57:04 INFO    ] Running testing in epoch 191
[20250225 13:57:11 INFO    ] Epoch:191 ===== loss:0.004913 ===== SRCC:0.9511 ===== PLCC:0.9598
[20250225 13:57:11 INFO    ] Eval done...
[20250225 13:57:11 INFO    ] Epoch 191 done. Time: 0.98min
[20250225 13:57:11 INFO    ] Running training epoch 192
[20250225 13:58:02 INFO    ] train epoch:192 / loss:0.000415 / SRCC:0.9963 / PLCC:0.9971
[20250225 13:58:02 INFO    ] Starting eval...
[20250225 13:58:02 INFO    ] Running testing in epoch 192
[20250225 13:58:10 INFO    ] Epoch:192 ===== loss:0.004698 ===== SRCC:0.9553 ===== PLCC:0.9622
[20250225 13:58:10 INFO    ] Eval done...
[20250225 13:58:10 INFO    ] Epoch 192 done. Time: 0.98min
[20250225 13:58:10 INFO    ] Running training epoch 193
[20250225 13:59:01 INFO    ] train epoch:193 / loss:0.0002909 / SRCC:0.9964 / PLCC:0.9979
[20250225 13:59:01 INFO    ] Starting eval...
[20250225 13:59:01 INFO    ] Running testing in epoch 193
[20250225 13:59:09 INFO    ] Epoch:193 ===== loss:0.004611 ===== SRCC:0.9538 ===== PLCC:0.9634
[20250225 13:59:09 INFO    ] Eval done...
[20250225 13:59:09 INFO    ] Epoch 193 done. Time: 0.98min
[20250225 13:59:09 INFO    ] Running training epoch 194
[20250225 14:00:00 INFO    ] train epoch:194 / loss:0.0003948 / SRCC:0.9957 / PLCC:0.9972
[20250225 14:00:00 INFO    ] Starting eval...
[20250225 14:00:00 INFO    ] Running testing in epoch 194
[20250225 14:00:07 INFO    ] Epoch:194 ===== loss:0.004888 ===== SRCC:0.9552 ===== PLCC:0.9616
[20250225 14:00:07 INFO    ] Eval done...
[20250225 14:00:07 INFO    ] Epoch 194 done. Time: 0.98min
[20250225 14:00:07 INFO    ] Running training epoch 195
[20250225 14:00:59 INFO    ] train epoch:195 / loss:0.0003462 / SRCC:0.9962 / PLCC:0.9975
[20250225 14:00:59 INFO    ] Starting eval...
[20250225 14:00:59 INFO    ] Running testing in epoch 195
[20250225 14:01:06 INFO    ] Epoch:195 ===== loss:0.005221 ===== SRCC:0.9522 ===== PLCC:0.9567
[20250225 14:01:06 INFO    ] Eval done...
[20250225 14:01:06 INFO    ] Epoch 195 done. Time: 0.99min
[20250225 14:01:06 INFO    ] Running training epoch 196
[20250225 14:01:57 INFO    ] train epoch:196 / loss:0.0005015 / SRCC:0.9956 / PLCC:0.9965
[20250225 14:01:57 INFO    ] Starting eval...
[20250225 14:01:57 INFO    ] Running testing in epoch 196
[20250225 14:02:05 INFO    ] Epoch:196 ===== loss:0.004833 ===== SRCC:0.9497 ===== PLCC:0.9613
[20250225 14:02:05 INFO    ] Eval done...
[20250225 14:02:05 INFO    ] Epoch 196 done. Time: 0.98min
[20250225 14:02:05 INFO    ] Running training epoch 197
[20250225 14:02:56 INFO    ] train epoch:197 / loss:0.0004621 / SRCC:0.9953 / PLCC:0.9967
[20250225 14:02:56 INFO    ] Starting eval...
[20250225 14:02:56 INFO    ] Running testing in epoch 197
[20250225 14:03:04 INFO    ] Epoch:197 ===== loss:0.00428 ===== SRCC:0.9575 ===== PLCC:0.966
[20250225 14:03:04 INFO    ] Eval done...
[20250225 14:03:04 INFO    ] Epoch 197 done. Time: 0.98min
[20250225 14:03:04 INFO    ] Running training epoch 198
[20250225 14:03:55 INFO    ] train epoch:198 / loss:0.0003276 / SRCC:0.9966 / PLCC:0.9977
[20250225 14:03:55 INFO    ] Starting eval...
[20250225 14:03:55 INFO    ] Running testing in epoch 198
[20250225 14:04:02 INFO    ] Epoch:198 ===== loss:0.004998 ===== SRCC:0.9519 ===== PLCC:0.9619
[20250225 14:04:02 INFO    ] Eval done...
[20250225 14:04:02 INFO    ] Epoch 198 done. Time: 0.98min
[20250225 14:04:02 INFO    ] Running training epoch 199
[20250225 14:04:53 INFO    ] train epoch:199 / loss:0.0003598 / SRCC:0.9962 / PLCC:0.9974
[20250225 14:04:54 INFO    ] Starting eval...
[20250225 14:04:54 INFO    ] Running testing in epoch 199
[20250225 14:05:01 INFO    ] Epoch:199 ===== loss:0.004317 ===== SRCC:0.9565 ===== PLCC:0.9651
[20250225 14:05:01 INFO    ] Eval done...
[20250225 14:05:01 INFO    ] Epoch 199 done. Time: 0.97min
[20250225 14:05:01 INFO    ] Running training epoch 200
[20250225 14:05:52 INFO    ] train epoch:200 / loss:0.0003397 / SRCC:0.9963 / PLCC:0.9976
[20250225 14:05:52 INFO    ] Starting eval...
[20250225 14:05:52 INFO    ] Running testing in epoch 200
[20250225 14:05:59 INFO    ] Epoch:200 ===== loss:0.005534 ===== SRCC:0.9516 ===== PLCC:0.9616
[20250225 14:05:59 INFO    ] Eval done...
[20250225 14:05:59 INFO    ] Epoch 200 done. Time: 0.97min
