[20250221 07:16:59 INFO    ] {'dataset_name': 'livec', 'koniq10k_path': '../all_dataset/KonIQ-10K/1024x768', 'koniq10k_label': './data/koniq10k/koniq10k_label.txt', 'livec_path': '../all_dataset/LIVEC/Images/', 'livec_label': './data/livec/livec_label.txt', 'spaq_path': '../all_dataset/SPAQ/TestImage/', 'spaq_label': './data/spaq/spaq_label.txt', 'tid2013_path': '../all_dataset/tid2013/distorted_images/', 'tid2013_label': 'data/tid2013/tid2013_label.txt', 'kadid10k_path': '../all_dataset/KADID-10K/images/', 'kadid10k_label': './data/kadid10k/kadid10k_label.txt', 'csiq_path': '../all_dataset/CSIQ/dist_imgs/', 'csiq_label': './data/CSIQ/csiq_label.txt', 'batch_size': 12, 'learning_rate': 1e-05, 'weight_decay': 1e-05, 'n_epoch': 200, 'val_freq': 1, 'T_max': 50, 'eta_min': 0, 'num_avg_val': 1, 'num_workers': 8, 'split_seed': 20, 'train_keep_ratio': 1.0, 'val_keep_ratio': 1.0, 'crop_size': 224, 'prob_aug': 0.7, 'patch_size': 8, 'img_size': 224, 'embed_dim': 768, 'dim_mlp': 768, 'num_heads': [4, 4], 'window_size': 4, 'depths': [2, 2], 'num_outputs': 1, 'num_tab': 2, 'scale': 0.8, 'ckpt_path': './output_livec_wo_texture/models/livec', 'log_path': './output_livec_wo_texture/log/livec', 'log_file': 'livec.log', 'tensorboard_path': './output_livec_wo_texture/livec'}
[20250221 07:16:59 INFO    ] number of train scenes: 935
[20250221 07:16:59 INFO    ] number of val scenes: 234
[20250221 07:17:02 INFO    ] #Params : 172.537214 [M]
[20250221 07:17:06 INFO    ] Running training epoch 1
[20250221 07:18:03 INFO    ] train epoch:1 / loss:0.04465 / SRCC:0.5747 / PLCC:0.4924
[20250221 07:18:03 INFO    ] Starting eval...
[20250221 07:18:03 INFO    ] Running testing in epoch 1
[20250221 07:18:10 INFO    ] Epoch:1 ===== loss:0.01905 ===== SRCC:0.8421 ===== PLCC:0.8607
[20250221 07:18:10 INFO    ] Eval done...
[20250221 07:18:10 INFO    ] ======================================================================================
[20250221 07:18:10 INFO    ] ============================== best main score is 1.7028423979148495 =================================
[20250221 07:18:10 INFO    ] ======================================================================================
[20250221 07:18:11 INFO    ] Saving weights and model of epoch1, SRCC:0.8420961508671357, PLCC:0.8607462470477136
[20250221 07:18:11 INFO    ] Epoch 1 done. Time: 1.1min
[20250221 07:18:11 INFO    ] Running training epoch 2
[20250221 07:19:06 INFO    ] train epoch:2 / loss:0.01206 / SRCC:0.8444 / PLCC:0.8755
[20250221 07:19:06 INFO    ] Starting eval...
[20250221 07:19:06 INFO    ] Running testing in epoch 2
[20250221 07:19:14 INFO    ] Epoch:2 ===== loss:0.01368 ===== SRCC:0.8842 ===== PLCC:0.8905
[20250221 07:19:14 INFO    ] Eval done...
[20250221 07:19:14 INFO    ] ======================================================================================
[20250221 07:19:14 INFO    ] ============================== best main score is 1.774621340453954 =================================
[20250221 07:19:14 INFO    ] ======================================================================================
[20250221 07:19:15 INFO    ] Saving weights and model of epoch2, SRCC:0.884166584824796, PLCC:0.8904547556291579
[20250221 07:19:15 INFO    ] Epoch 2 done. Time: 1.1min
[20250221 07:19:15 INFO    ] Running training epoch 3
[20250221 07:20:10 INFO    ] train epoch:3 / loss:0.008521 / SRCC:0.8926 / PLCC:0.9136
[20250221 07:20:10 INFO    ] Starting eval...
[20250221 07:20:10 INFO    ] Running testing in epoch 3
[20250221 07:20:17 INFO    ] Epoch:3 ===== loss:0.0152 ===== SRCC:0.8826 ===== PLCC:0.891
[20250221 07:20:17 INFO    ] Eval done...
[20250221 07:20:17 INFO    ] Epoch 3 done. Time: 1.0min
[20250221 07:20:17 INFO    ] Running training epoch 4
[20250221 07:21:12 INFO    ] train epoch:4 / loss:0.006086 / SRCC:0.9232 / PLCC:0.9392
[20250221 07:21:12 INFO    ] Starting eval...
[20250221 07:21:12 INFO    ] Running testing in epoch 4
[20250221 07:21:20 INFO    ] Epoch:4 ===== loss:0.01674 ===== SRCC:0.8995 ===== PLCC:0.9085
[20250221 07:21:20 INFO    ] Eval done...
[20250221 07:21:20 INFO    ] ======================================================================================
[20250221 07:21:20 INFO    ] ============================== best main score is 1.8079993170352942 =================================
[20250221 07:21:20 INFO    ] ======================================================================================
[20250221 07:21:21 INFO    ] Saving weights and model of epoch4, SRCC:0.8995400318120196, PLCC:0.9084592852232745
[20250221 07:21:21 INFO    ] Epoch 4 done. Time: 1.1min
[20250221 07:21:21 INFO    ] Running training epoch 5
[20250221 07:22:16 INFO    ] train epoch:5 / loss:0.004325 / SRCC:0.9452 / PLCC:0.9574
[20250221 07:22:16 INFO    ] Starting eval...
[20250221 07:22:16 INFO    ] Running testing in epoch 5
[20250221 07:22:24 INFO    ] Epoch:5 ===== loss:0.0159 ===== SRCC:0.9155 ===== PLCC:0.9191
[20250221 07:22:24 INFO    ] Eval done...
[20250221 07:22:24 INFO    ] ======================================================================================
[20250221 07:22:24 INFO    ] ============================== best main score is 1.8345861236827368 =================================
[20250221 07:22:24 INFO    ] ======================================================================================
[20250221 07:22:25 INFO    ] Saving weights and model of epoch5, SRCC:0.9154835032100577, PLCC:0.9191026204726792
[20250221 07:22:25 INFO    ] Epoch 5 done. Time: 1.1min
[20250221 07:22:25 INFO    ] Running training epoch 6
[20250221 07:23:20 INFO    ] train epoch:6 / loss:0.003438 / SRCC:0.9582 / PLCC:0.9662
[20250221 07:23:20 INFO    ] Starting eval...
[20250221 07:23:20 INFO    ] Running testing in epoch 6
[20250221 07:23:28 INFO    ] Epoch:6 ===== loss:0.01104 ===== SRCC:0.9088 ===== PLCC:0.9155
[20250221 07:23:28 INFO    ] Eval done...
[20250221 07:23:28 INFO    ] Epoch 6 done. Time: 1.0min
[20250221 07:23:28 INFO    ] Running training epoch 7
[20250221 07:24:23 INFO    ] train epoch:7 / loss:0.002703 / SRCC:0.9626 / PLCC:0.9734
[20250221 07:24:23 INFO    ] Starting eval...
[20250221 07:24:23 INFO    ] Running testing in epoch 7
[20250221 07:24:31 INFO    ] Epoch:7 ===== loss:0.01136 ===== SRCC:0.9039 ===== PLCC:0.9104
[20250221 07:24:31 INFO    ] Eval done...
[20250221 07:24:31 INFO    ] Epoch 7 done. Time: 1.1min
[20250221 07:24:31 INFO    ] Running training epoch 8
[20250221 07:25:26 INFO    ] train epoch:8 / loss:0.00321 / SRCC:0.9585 / PLCC:0.9684
[20250221 07:25:26 INFO    ] Starting eval...
[20250221 07:25:26 INFO    ] Running testing in epoch 8
[20250221 07:25:34 INFO    ] Epoch:8 ===== loss:0.01777 ===== SRCC:0.8954 ===== PLCC:0.9015
[20250221 07:25:34 INFO    ] Eval done...
[20250221 07:25:34 INFO    ] Epoch 8 done. Time: 1.1min
[20250221 07:25:34 INFO    ] Running training epoch 9
[20250221 07:26:29 INFO    ] train epoch:9 / loss:0.002862 / SRCC:0.9644 / PLCC:0.9718
[20250221 07:26:29 INFO    ] Starting eval...
[20250221 07:26:29 INFO    ] Running testing in epoch 9
[20250221 07:26:37 INFO    ] Epoch:9 ===== loss:0.01315 ===== SRCC:0.9101 ===== PLCC:0.9168
[20250221 07:26:37 INFO    ] Eval done...
[20250221 07:26:37 INFO    ] Epoch 9 done. Time: 1.1min
[20250221 07:26:37 INFO    ] Running training epoch 10
[20250221 07:27:33 INFO    ] train epoch:10 / loss:0.003158 / SRCC:0.9619 / PLCC:0.9686
[20250221 07:27:33 INFO    ] Starting eval...
[20250221 07:27:33 INFO    ] Running testing in epoch 10
[20250221 07:27:41 INFO    ] Epoch:10 ===== loss:0.01111 ===== SRCC:0.9112 ===== PLCC:0.9157
[20250221 07:27:41 INFO    ] Eval done...
[20250221 07:27:41 INFO    ] Epoch 10 done. Time: 1.1min
[20250221 07:27:41 INFO    ] Running training epoch 11
[20250221 07:28:36 INFO    ] train epoch:11 / loss:0.002333 / SRCC:0.9695 / PLCC:0.9772
[20250221 07:28:36 INFO    ] Starting eval...
[20250221 07:28:36 INFO    ] Running testing in epoch 11
[20250221 07:28:44 INFO    ] Epoch:11 ===== loss:0.01054 ===== SRCC:0.9149 ===== PLCC:0.9219
[20250221 07:28:44 INFO    ] Eval done...
[20250221 07:28:44 INFO    ] ======================================================================================
[20250221 07:28:44 INFO    ] ============================== best main score is 1.8368530618632637 =================================
[20250221 07:28:44 INFO    ] ======================================================================================
[20250221 07:28:45 INFO    ] Saving weights and model of epoch11, SRCC:0.9149053789852352, PLCC:0.9219476828780285
[20250221 07:28:45 INFO    ] Epoch 11 done. Time: 1.1min
[20250221 07:28:45 INFO    ] Running training epoch 12
[20250221 07:29:40 INFO    ] train epoch:12 / loss:0.001555 / SRCC:0.9793 / PLCC:0.9847
[20250221 07:29:40 INFO    ] Starting eval...
[20250221 07:29:40 INFO    ] Running testing in epoch 12
[20250221 07:29:48 INFO    ] Epoch:12 ===== loss:0.01367 ===== SRCC:0.9184 ===== PLCC:0.9159
[20250221 07:29:48 INFO    ] Eval done...
[20250221 07:29:48 INFO    ] Epoch 12 done. Time: 1.0min
[20250221 07:29:48 INFO    ] Running training epoch 13
[20250221 07:30:43 INFO    ] train epoch:13 / loss:0.001127 / SRCC:0.9853 / PLCC:0.989
[20250221 07:30:43 INFO    ] Starting eval...
[20250221 07:30:43 INFO    ] Running testing in epoch 13
[20250221 07:30:50 INFO    ] Epoch:13 ===== loss:0.01104 ===== SRCC:0.9187 ===== PLCC:0.9185
[20250221 07:30:50 INFO    ] Eval done...
[20250221 07:30:50 INFO    ] ======================================================================================
[20250221 07:30:50 INFO    ] ============================== best main score is 1.8372007287678498 =================================
[20250221 07:30:50 INFO    ] ======================================================================================
[20250221 07:30:51 INFO    ] Saving weights and model of epoch13, SRCC:0.9186859671734788, PLCC:0.918514761594371
[20250221 07:30:51 INFO    ] Epoch 13 done. Time: 1.1min
[20250221 07:30:51 INFO    ] Running training epoch 14
[20250221 07:31:46 INFO    ] train epoch:14 / loss:0.001152 / SRCC:0.9845 / PLCC:0.9886
[20250221 07:31:46 INFO    ] Starting eval...
[20250221 07:31:46 INFO    ] Running testing in epoch 14
[20250221 07:31:54 INFO    ] Epoch:14 ===== loss:0.0104 ===== SRCC:0.9195 ===== PLCC:0.9213
[20250221 07:31:54 INFO    ] Eval done...
[20250221 07:31:54 INFO    ] ======================================================================================
[20250221 07:31:54 INFO    ] ============================== best main score is 1.8407792558628788 =================================
[20250221 07:31:54 INFO    ] ======================================================================================
[20250221 07:31:55 INFO    ] Saving weights and model of epoch14, SRCC:0.919527335353562, PLCC:0.9212519205093167
[20250221 07:31:55 INFO    ] Epoch 14 done. Time: 1.1min
[20250221 07:31:55 INFO    ] Running training epoch 15
[20250221 07:32:50 INFO    ] train epoch:15 / loss:0.001049 / SRCC:0.9863 / PLCC:0.9898
[20250221 07:32:50 INFO    ] Starting eval...
[20250221 07:32:50 INFO    ] Running testing in epoch 15
[20250221 07:32:58 INFO    ] Epoch:15 ===== loss:0.01012 ===== SRCC:0.9211 ===== PLCC:0.9223
[20250221 07:32:58 INFO    ] Eval done...
[20250221 07:32:58 INFO    ] ======================================================================================
[20250221 07:32:58 INFO    ] ============================== best main score is 1.8433632561292057 =================================
[20250221 07:32:58 INFO    ] ======================================================================================
[20250221 07:32:59 INFO    ] Saving weights and model of epoch15, SRCC:0.921112873945632, PLCC:0.9222503821835737
[20250221 07:32:59 INFO    ] Epoch 15 done. Time: 1.1min
[20250221 07:32:59 INFO    ] Running training epoch 16
[20250221 07:33:54 INFO    ] train epoch:16 / loss:0.001185 / SRCC:0.9849 / PLCC:0.9884
[20250221 07:33:54 INFO    ] Starting eval...
[20250221 07:33:54 INFO    ] Running testing in epoch 16
[20250221 07:34:02 INFO    ] Epoch:16 ===== loss:0.01159 ===== SRCC:0.9143 ===== PLCC:0.9159
[20250221 07:34:02 INFO    ] Eval done...
[20250221 07:34:02 INFO    ] Epoch 16 done. Time: 1.1min
[20250221 07:34:02 INFO    ] Running training epoch 17
[20250221 07:34:57 INFO    ] train epoch:17 / loss:0.001678 / SRCC:0.9796 / PLCC:0.9837
[20250221 07:34:57 INFO    ] Starting eval...
[20250221 07:34:57 INFO    ] Running testing in epoch 17
[20250221 07:35:05 INFO    ] Epoch:17 ===== loss:0.01132 ===== SRCC:0.9113 ===== PLCC:0.9107
[20250221 07:35:05 INFO    ] Eval done...
[20250221 07:35:05 INFO    ] Epoch 17 done. Time: 1.1min
[20250221 07:35:05 INFO    ] Running training epoch 18
[20250221 07:36:00 INFO    ] train epoch:18 / loss:0.001173 / SRCC:0.9854 / PLCC:0.9885
[20250221 07:36:00 INFO    ] Starting eval...
[20250221 07:36:00 INFO    ] Running testing in epoch 18
[20250221 07:36:08 INFO    ] Epoch:18 ===== loss:0.01104 ===== SRCC:0.9188 ===== PLCC:0.9203
[20250221 07:36:08 INFO    ] Eval done...
[20250221 07:36:08 INFO    ] Epoch 18 done. Time: 1.0min
[20250221 07:36:08 INFO    ] Running training epoch 19
[20250221 07:37:03 INFO    ] train epoch:19 / loss:0.0008167 / SRCC:0.9894 / PLCC:0.992
[20250221 07:37:03 INFO    ] Starting eval...
[20250221 07:37:03 INFO    ] Running testing in epoch 19
[20250221 07:37:11 INFO    ] Epoch:19 ===== loss:0.01047 ===== SRCC:0.9224 ===== PLCC:0.9221
[20250221 07:37:11 INFO    ] Eval done...
[20250221 07:37:11 INFO    ] ======================================================================================
[20250221 07:37:11 INFO    ] ============================== best main score is 1.8444550649851656 =================================
[20250221 07:37:11 INFO    ] ======================================================================================
[20250221 07:37:12 INFO    ] Saving weights and model of epoch19, SRCC:0.9224047942799113, PLCC:0.9220502707052545
[20250221 07:37:12 INFO    ] Epoch 19 done. Time: 1.1min
[20250221 07:37:12 INFO    ] Running training epoch 20
[20250221 07:38:07 INFO    ] train epoch:20 / loss:0.0006822 / SRCC:0.9917 / PLCC:0.9933
[20250221 07:38:07 INFO    ] Starting eval...
[20250221 07:38:07 INFO    ] Running testing in epoch 20
[20250221 07:38:15 INFO    ] Epoch:20 ===== loss:0.01068 ===== SRCC:0.915 ===== PLCC:0.9186
[20250221 07:38:15 INFO    ] Eval done...
[20250221 07:38:15 INFO    ] Epoch 20 done. Time: 1.0min
[20250221 07:38:15 INFO    ] Running training epoch 21
[20250221 07:39:10 INFO    ] train epoch:21 / loss:0.000544 / SRCC:0.9934 / PLCC:0.9947
[20250221 07:39:10 INFO    ] Starting eval...
[20250221 07:39:10 INFO    ] Running testing in epoch 21
[20250221 07:39:18 INFO    ] Epoch:21 ===== loss:0.01004 ===== SRCC:0.9204 ===== PLCC:0.9218
[20250221 07:39:18 INFO    ] Eval done...
[20250221 07:39:18 INFO    ] Epoch 21 done. Time: 1.0min
[20250221 07:39:18 INFO    ] Running training epoch 22
[20250221 07:40:13 INFO    ] train epoch:22 / loss:0.0004495 / SRCC:0.9942 / PLCC:0.9957
[20250221 07:40:13 INFO    ] Starting eval...
[20250221 07:40:13 INFO    ] Running testing in epoch 22
[20250221 07:40:20 INFO    ] Epoch:22 ===== loss:0.0122 ===== SRCC:0.9194 ===== PLCC:0.923
[20250221 07:40:20 INFO    ] Eval done...
[20250221 07:40:20 INFO    ] Epoch 22 done. Time: 1.0min
[20250221 07:40:20 INFO    ] Running training epoch 23
[20250221 07:41:16 INFO    ] train epoch:23 / loss:0.0005132 / SRCC:0.9935 / PLCC:0.995
[20250221 07:41:16 INFO    ] Starting eval...
[20250221 07:41:16 INFO    ] Running testing in epoch 23
[20250221 07:41:23 INFO    ] Epoch:23 ===== loss:0.01042 ===== SRCC:0.9195 ===== PLCC:0.9209
[20250221 07:41:23 INFO    ] Eval done...
[20250221 07:41:23 INFO    ] Epoch 23 done. Time: 1.0min
[20250221 07:41:23 INFO    ] Running training epoch 24
[20250221 07:42:19 INFO    ] train epoch:24 / loss:0.0004602 / SRCC:0.994 / PLCC:0.9955
[20250221 07:42:19 INFO    ] Starting eval...
[20250221 07:42:19 INFO    ] Running testing in epoch 24
[20250221 07:42:26 INFO    ] Epoch:24 ===== loss:0.01068 ===== SRCC:0.9192 ===== PLCC:0.9193
[20250221 07:42:26 INFO    ] Eval done...
[20250221 07:42:26 INFO    ] Epoch 24 done. Time: 1.1min
[20250221 07:42:26 INFO    ] Running training epoch 25
[20250221 07:43:22 INFO    ] train epoch:25 / loss:0.0005685 / SRCC:0.9928 / PLCC:0.9945
[20250221 07:43:22 INFO    ] Starting eval...
[20250221 07:43:22 INFO    ] Running testing in epoch 25
[20250221 07:43:30 INFO    ] Epoch:25 ===== loss:0.01108 ===== SRCC:0.9175 ===== PLCC:0.9208
[20250221 07:43:30 INFO    ] Eval done...
[20250221 07:43:30 INFO    ] Epoch 25 done. Time: 1.1min
[20250221 07:43:30 INFO    ] Running training epoch 26
[20250221 07:44:25 INFO    ] train epoch:26 / loss:0.0006414 / SRCC:0.9927 / PLCC:0.9937
[20250221 07:44:25 INFO    ] Starting eval...
[20250221 07:44:25 INFO    ] Running testing in epoch 26
[20250221 07:44:32 INFO    ] Epoch:26 ===== loss:0.01392 ===== SRCC:0.9173 ===== PLCC:0.9164
[20250221 07:44:32 INFO    ] Eval done...
[20250221 07:44:32 INFO    ] Epoch 26 done. Time: 1.0min
[20250221 07:44:32 INFO    ] Running training epoch 27
[20250221 07:45:28 INFO    ] train epoch:27 / loss:0.0009604 / SRCC:0.9876 / PLCC:0.9906
[20250221 07:45:28 INFO    ] Starting eval...
[20250221 07:45:28 INFO    ] Running testing in epoch 27
[20250221 07:45:36 INFO    ] Epoch:27 ===== loss:0.01084 ===== SRCC:0.9224 ===== PLCC:0.9221
[20250221 07:45:36 INFO    ] Eval done...
[20250221 07:45:36 INFO    ] Epoch 27 done. Time: 1.1min
[20250221 07:45:36 INFO    ] Running training epoch 28
[20250221 07:46:31 INFO    ] train epoch:28 / loss:0.0005618 / SRCC:0.9931 / PLCC:0.9945
[20250221 07:46:31 INFO    ] Starting eval...
[20250221 07:46:31 INFO    ] Running testing in epoch 28
[20250221 07:46:39 INFO    ] Epoch:28 ===== loss:0.01075 ===== SRCC:0.919 ===== PLCC:0.9209
[20250221 07:46:39 INFO    ] Eval done...
[20250221 07:46:39 INFO    ] Epoch 28 done. Time: 1.1min
[20250221 07:46:39 INFO    ] Running training epoch 29
[20250221 07:47:34 INFO    ] train epoch:29 / loss:0.0006546 / SRCC:0.9914 / PLCC:0.9936
[20250221 07:47:34 INFO    ] Starting eval...
[20250221 07:47:34 INFO    ] Running testing in epoch 29
[20250221 07:47:42 INFO    ] Epoch:29 ===== loss:0.01083 ===== SRCC:0.9141 ===== PLCC:0.9194
[20250221 07:47:42 INFO    ] Eval done...
[20250221 07:47:42 INFO    ] Epoch 29 done. Time: 1.0min
[20250221 07:47:42 INFO    ] Running training epoch 30
[20250221 07:48:37 INFO    ] train epoch:30 / loss:0.0004812 / SRCC:0.9936 / PLCC:0.9953
[20250221 07:48:37 INFO    ] Starting eval...
[20250221 07:48:37 INFO    ] Running testing in epoch 30
[20250221 07:48:45 INFO    ] Epoch:30 ===== loss:0.01022 ===== SRCC:0.9134 ===== PLCC:0.92
[20250221 07:48:45 INFO    ] Eval done...
[20250221 07:48:45 INFO    ] Epoch 30 done. Time: 1.1min
[20250221 07:48:45 INFO    ] Running training epoch 31
[20250221 07:49:40 INFO    ] train epoch:31 / loss:0.0003685 / SRCC:0.9956 / PLCC:0.9964
[20250221 07:49:40 INFO    ] Starting eval...
[20250221 07:49:40 INFO    ] Running testing in epoch 31
[20250221 07:49:48 INFO    ] Epoch:31 ===== loss:0.01066 ===== SRCC:0.9204 ===== PLCC:0.9203
[20250221 07:49:48 INFO    ] Eval done...
[20250221 07:49:48 INFO    ] Epoch 31 done. Time: 1.1min
[20250221 07:49:48 INFO    ] Running training epoch 32
[20250221 07:50:43 INFO    ] train epoch:32 / loss:0.0006326 / SRCC:0.9917 / PLCC:0.9939
[20250221 07:50:43 INFO    ] Starting eval...
[20250221 07:50:43 INFO    ] Running testing in epoch 32
[20250221 07:50:51 INFO    ] Epoch:32 ===== loss:0.01068 ===== SRCC:0.9191 ===== PLCC:0.9208
[20250221 07:50:51 INFO    ] Eval done...
[20250221 07:50:51 INFO    ] Epoch 32 done. Time: 1.1min
[20250221 07:50:51 INFO    ] Running training epoch 33
[20250221 07:51:46 INFO    ] train epoch:33 / loss:0.0005612 / SRCC:0.9927 / PLCC:0.9945
[20250221 07:51:46 INFO    ] Starting eval...
[20250221 07:51:46 INFO    ] Running testing in epoch 33
[20250221 07:51:54 INFO    ] Epoch:33 ===== loss:0.01073 ===== SRCC:0.918 ===== PLCC:0.9196
[20250221 07:51:54 INFO    ] Eval done...
[20250221 07:51:54 INFO    ] Epoch 33 done. Time: 1.1min
[20250221 07:51:54 INFO    ] Running training epoch 34
[20250221 07:52:49 INFO    ] train epoch:34 / loss:0.0003994 / SRCC:0.9948 / PLCC:0.9961
[20250221 07:52:49 INFO    ] Starting eval...
[20250221 07:52:49 INFO    ] Running testing in epoch 34
[20250221 07:52:57 INFO    ] Epoch:34 ===== loss:0.01044 ===== SRCC:0.9208 ===== PLCC:0.923
[20250221 07:52:57 INFO    ] Eval done...
[20250221 07:52:57 INFO    ] Epoch 34 done. Time: 1.1min
[20250221 07:52:57 INFO    ] Running training epoch 35
[20250221 07:53:52 INFO    ] train epoch:35 / loss:0.000348 / SRCC:0.9962 / PLCC:0.9966
[20250221 07:53:52 INFO    ] Starting eval...
[20250221 07:53:52 INFO    ] Running testing in epoch 35
[20250221 07:54:00 INFO    ] Epoch:35 ===== loss:0.01065 ===== SRCC:0.9183 ===== PLCC:0.9197
[20250221 07:54:00 INFO    ] Eval done...
[20250221 07:54:00 INFO    ] Epoch 35 done. Time: 1.1min
[20250221 07:54:00 INFO    ] Running training epoch 36
[20250221 07:54:56 INFO    ] train epoch:36 / loss:0.0002631 / SRCC:0.9971 / PLCC:0.9974
[20250221 07:54:56 INFO    ] Starting eval...
[20250221 07:54:56 INFO    ] Running testing in epoch 36
[20250221 07:55:04 INFO    ] Epoch:36 ===== loss:0.01042 ===== SRCC:0.9229 ===== PLCC:0.9228
[20250221 07:55:04 INFO    ] Eval done...
[20250221 07:55:04 INFO    ] ======================================================================================
[20250221 07:55:04 INFO    ] ============================== best main score is 1.845706563877429 =================================
[20250221 07:55:04 INFO    ] ======================================================================================
[20250221 07:55:04 INFO    ] Saving weights and model of epoch36, SRCC:0.9228968579808987, PLCC:0.9228097058965303
[20250221 07:55:04 INFO    ] Epoch 36 done. Time: 1.1min
[20250221 07:55:04 INFO    ] Running training epoch 37
[20250221 07:56:00 INFO    ] train epoch:37 / loss:0.0002651 / SRCC:0.9969 / PLCC:0.9974
[20250221 07:56:00 INFO    ] Starting eval...
[20250221 07:56:00 INFO    ] Running testing in epoch 37
[20250221 07:56:08 INFO    ] Epoch:37 ===== loss:0.01056 ===== SRCC:0.9223 ===== PLCC:0.9225
[20250221 07:56:08 INFO    ] Eval done...
[20250221 07:56:08 INFO    ] Epoch 37 done. Time: 1.1min
[20250221 07:56:08 INFO    ] Running training epoch 38
[20250221 07:57:03 INFO    ] train epoch:38 / loss:0.000292 / SRCC:0.9963 / PLCC:0.9972
[20250221 07:57:03 INFO    ] Starting eval...
[20250221 07:57:03 INFO    ] Running testing in epoch 38
[20250221 07:57:10 INFO    ] Epoch:38 ===== loss:0.01051 ===== SRCC:0.92 ===== PLCC:0.9212
[20250221 07:57:10 INFO    ] Eval done...
[20250221 07:57:10 INFO    ] Epoch 38 done. Time: 1.0min
[20250221 07:57:10 INFO    ] Running training epoch 39
[20250221 07:58:05 INFO    ] train epoch:39 / loss:0.0003156 / SRCC:0.9962 / PLCC:0.9969
[20250221 07:58:05 INFO    ] Starting eval...
[20250221 07:58:05 INFO    ] Running testing in epoch 39
[20250221 07:58:13 INFO    ] Epoch:39 ===== loss:0.01065 ===== SRCC:0.9225 ===== PLCC:0.9243
[20250221 07:58:13 INFO    ] Eval done...
[20250221 07:58:13 INFO    ] ======================================================================================
[20250221 07:58:13 INFO    ] ============================== best main score is 1.8468223769640377 =================================
[20250221 07:58:13 INFO    ] ======================================================================================
[20250221 07:58:14 INFO    ] Saving weights and model of epoch39, SRCC:0.9224999670945057, PLCC:0.9243224098695322
[20250221 07:58:14 INFO    ] Epoch 39 done. Time: 1.1min
[20250221 07:58:14 INFO    ] Running training epoch 40
[20250221 07:59:09 INFO    ] train epoch:40 / loss:0.0004461 / SRCC:0.9947 / PLCC:0.9957
[20250221 07:59:09 INFO    ] Starting eval...
[20250221 07:59:09 INFO    ] Running testing in epoch 40
[20250221 07:59:17 INFO    ] Epoch:40 ===== loss:0.01068 ===== SRCC:0.9187 ===== PLCC:0.9213
[20250221 07:59:17 INFO    ] Eval done...
[20250221 07:59:17 INFO    ] Epoch 40 done. Time: 1.1min
[20250221 07:59:17 INFO    ] Running training epoch 41
[20250221 08:00:13 INFO    ] train epoch:41 / loss:0.000441 / SRCC:0.9947 / PLCC:0.9957
[20250221 08:00:13 INFO    ] Starting eval...
[20250221 08:00:13 INFO    ] Running testing in epoch 41
[20250221 08:00:20 INFO    ] Epoch:41 ===== loss:0.01103 ===== SRCC:0.9196 ===== PLCC:0.92
[20250221 08:00:20 INFO    ] Eval done...
[20250221 08:00:20 INFO    ] Epoch 41 done. Time: 1.1min
[20250221 08:00:20 INFO    ] Running training epoch 42
[20250221 08:01:16 INFO    ] train epoch:42 / loss:0.0005716 / SRCC:0.9933 / PLCC:0.9944
[20250221 08:01:16 INFO    ] Starting eval...
[20250221 08:01:16 INFO    ] Running testing in epoch 42
[20250221 08:01:24 INFO    ] Epoch:42 ===== loss:0.01123 ===== SRCC:0.9159 ===== PLCC:0.9165
[20250221 08:01:24 INFO    ] Eval done...
[20250221 08:01:24 INFO    ] Epoch 42 done. Time: 1.1min
[20250221 08:01:24 INFO    ] Running training epoch 43
[20250221 08:02:19 INFO    ] train epoch:43 / loss:0.0007031 / SRCC:0.9913 / PLCC:0.9932
[20250221 08:02:19 INFO    ] Starting eval...
[20250221 08:02:19 INFO    ] Running testing in epoch 43
[20250221 08:02:27 INFO    ] Epoch:43 ===== loss:0.01088 ===== SRCC:0.9085 ===== PLCC:0.9171
[20250221 08:02:27 INFO    ] Eval done...
[20250221 08:02:27 INFO    ] Epoch 43 done. Time: 1.1min
[20250221 08:02:27 INFO    ] Running training epoch 44
[20250221 08:03:22 INFO    ] train epoch:44 / loss:0.00059 / SRCC:0.9927 / PLCC:0.9942
[20250221 08:03:22 INFO    ] Starting eval...
[20250221 08:03:22 INFO    ] Running testing in epoch 44
[20250221 08:03:30 INFO    ] Epoch:44 ===== loss:0.01166 ===== SRCC:0.9145 ===== PLCC:0.9191
[20250221 08:03:30 INFO    ] Eval done...
[20250221 08:03:30 INFO    ] Epoch 44 done. Time: 1.1min
[20250221 08:03:30 INFO    ] Running training epoch 45
[20250221 08:04:25 INFO    ] train epoch:45 / loss:0.0006551 / SRCC:0.9918 / PLCC:0.9937
[20250221 08:04:25 INFO    ] Starting eval...
[20250221 08:04:25 INFO    ] Running testing in epoch 45
[20250221 08:04:33 INFO    ] Epoch:45 ===== loss:0.0107 ===== SRCC:0.9174 ===== PLCC:0.92
[20250221 08:04:33 INFO    ] Eval done...
[20250221 08:04:33 INFO    ] Epoch 45 done. Time: 1.0min
[20250221 08:04:33 INFO    ] Running training epoch 46
[20250221 08:05:28 INFO    ] train epoch:46 / loss:0.000538 / SRCC:0.9932 / PLCC:0.9948
[20250221 08:05:28 INFO    ] Starting eval...
[20250221 08:05:28 INFO    ] Running testing in epoch 46
[20250221 08:05:36 INFO    ] Epoch:46 ===== loss:0.0113 ===== SRCC:0.9155 ===== PLCC:0.9184
[20250221 08:05:36 INFO    ] Eval done...
[20250221 08:05:36 INFO    ] Epoch 46 done. Time: 1.1min
[20250221 08:05:36 INFO    ] Running training epoch 47
[20250221 08:06:31 INFO    ] train epoch:47 / loss:0.0004311 / SRCC:0.9947 / PLCC:0.9958
[20250221 08:06:31 INFO    ] Starting eval...
[20250221 08:06:31 INFO    ] Running testing in epoch 47
[20250221 08:06:39 INFO    ] Epoch:47 ===== loss:0.01127 ===== SRCC:0.9158 ===== PLCC:0.9184
[20250221 08:06:39 INFO    ] Eval done...
[20250221 08:06:39 INFO    ] Epoch 47 done. Time: 1.1min
[20250221 08:06:39 INFO    ] Running training epoch 48
[20250221 08:07:34 INFO    ] train epoch:48 / loss:0.0003886 / SRCC:0.9957 / PLCC:0.9962
[20250221 08:07:34 INFO    ] Starting eval...
[20250221 08:07:34 INFO    ] Running testing in epoch 48
[20250221 08:07:42 INFO    ] Epoch:48 ===== loss:0.01111 ===== SRCC:0.9175 ===== PLCC:0.9177
[20250221 08:07:42 INFO    ] Eval done...
[20250221 08:07:42 INFO    ] Epoch 48 done. Time: 1.1min
[20250221 08:07:42 INFO    ] Running training epoch 49
[20250221 08:08:37 INFO    ] train epoch:49 / loss:0.0004933 / SRCC:0.9943 / PLCC:0.9952
[20250221 08:08:37 INFO    ] Starting eval...
[20250221 08:08:37 INFO    ] Running testing in epoch 49
[20250221 08:08:45 INFO    ] Epoch:49 ===== loss:0.01084 ===== SRCC:0.9164 ===== PLCC:0.9198
[20250221 08:08:45 INFO    ] Eval done...
[20250221 08:08:45 INFO    ] Epoch 49 done. Time: 1.1min
[20250221 08:08:45 INFO    ] Running training epoch 50
[20250221 08:09:40 INFO    ] train epoch:50 / loss:0.0004161 / SRCC:0.9952 / PLCC:0.9959
[20250221 08:09:40 INFO    ] Starting eval...
[20250221 08:09:40 INFO    ] Running testing in epoch 50
[20250221 08:09:48 INFO    ] Epoch:50 ===== loss:0.01099 ===== SRCC:0.9166 ===== PLCC:0.919
[20250221 08:09:48 INFO    ] Eval done...
[20250221 08:09:48 INFO    ] Epoch 50 done. Time: 1.0min
[20250221 08:09:48 INFO    ] Running training epoch 51
[20250221 08:10:43 INFO    ] train epoch:51 / loss:0.000408 / SRCC:0.9957 / PLCC:0.996
[20250221 08:10:43 INFO    ] Starting eval...
[20250221 08:10:43 INFO    ] Running testing in epoch 51
[20250221 08:10:51 INFO    ] Epoch:51 ===== loss:0.01114 ===== SRCC:0.9145 ===== PLCC:0.9176
[20250221 08:10:51 INFO    ] Eval done...
[20250221 08:10:51 INFO    ] Epoch 51 done. Time: 1.0min
[20250221 08:10:51 INFO    ] Running training epoch 52
[20250221 08:11:46 INFO    ] train epoch:52 / loss:0.0004263 / SRCC:0.9953 / PLCC:0.9959
[20250221 08:11:46 INFO    ] Starting eval...
[20250221 08:11:46 INFO    ] Running testing in epoch 52
[20250221 08:11:54 INFO    ] Epoch:52 ===== loss:0.01162 ===== SRCC:0.9132 ===== PLCC:0.9137
[20250221 08:11:54 INFO    ] Eval done...
[20250221 08:11:54 INFO    ] Epoch 52 done. Time: 1.0min
[20250221 08:11:54 INFO    ] Running training epoch 53
[20250221 08:12:49 INFO    ] train epoch:53 / loss:0.000416 / SRCC:0.9953 / PLCC:0.996
[20250221 08:12:49 INFO    ] Starting eval...
[20250221 08:12:49 INFO    ] Running testing in epoch 53
[20250221 08:12:57 INFO    ] Epoch:53 ===== loss:0.01136 ===== SRCC:0.9155 ===== PLCC:0.917
[20250221 08:12:57 INFO    ] Eval done...
[20250221 08:12:57 INFO    ] Epoch 53 done. Time: 1.1min
[20250221 08:12:57 INFO    ] Running training epoch 54
[20250221 08:13:52 INFO    ] train epoch:54 / loss:0.0003128 / SRCC:0.9963 / PLCC:0.997
[20250221 08:13:52 INFO    ] Starting eval...
[20250221 08:13:52 INFO    ] Running testing in epoch 54
[20250221 08:14:00 INFO    ] Epoch:54 ===== loss:0.01106 ===== SRCC:0.9162 ===== PLCC:0.9198
[20250221 08:14:00 INFO    ] Eval done...
[20250221 08:14:00 INFO    ] Epoch 54 done. Time: 1.1min
[20250221 08:14:00 INFO    ] Running training epoch 55
[20250221 08:14:55 INFO    ] train epoch:55 / loss:0.0003391 / SRCC:0.9963 / PLCC:0.9967
[20250221 08:14:55 INFO    ] Starting eval...
[20250221 08:14:55 INFO    ] Running testing in epoch 55
[20250221 08:15:03 INFO    ] Epoch:55 ===== loss:0.01091 ===== SRCC:0.9169 ===== PLCC:0.9199
[20250221 08:15:03 INFO    ] Eval done...
[20250221 08:15:03 INFO    ] Epoch 55 done. Time: 1.0min
[20250221 08:15:03 INFO    ] Running training epoch 56
[20250221 08:15:58 INFO    ] train epoch:56 / loss:0.0003921 / SRCC:0.9957 / PLCC:0.9962
[20250221 08:15:58 INFO    ] Starting eval...
[20250221 08:15:58 INFO    ] Running testing in epoch 56
[20250221 08:16:06 INFO    ] Epoch:56 ===== loss:0.01175 ===== SRCC:0.9174 ===== PLCC:0.9194
[20250221 08:16:06 INFO    ] Eval done...
[20250221 08:16:06 INFO    ] Epoch 56 done. Time: 1.0min
[20250221 08:16:06 INFO    ] Running training epoch 57
[20250221 08:17:01 INFO    ] train epoch:57 / loss:0.0004208 / SRCC:0.9948 / PLCC:0.9959
[20250221 08:17:01 INFO    ] Starting eval...
[20250221 08:17:01 INFO    ] Running testing in epoch 57
[20250221 08:17:09 INFO    ] Epoch:57 ===== loss:0.0113 ===== SRCC:0.915 ===== PLCC:0.9194
[20250221 08:17:09 INFO    ] Eval done...
[20250221 08:17:09 INFO    ] Epoch 57 done. Time: 1.1min
[20250221 08:17:09 INFO    ] Running training epoch 58
[20250221 08:18:05 INFO    ] train epoch:58 / loss:0.0004694 / SRCC:0.9944 / PLCC:0.9954
[20250221 08:18:05 INFO    ] Starting eval...
[20250221 08:18:05 INFO    ] Running testing in epoch 58
[20250221 08:18:12 INFO    ] Epoch:58 ===== loss:0.01113 ===== SRCC:0.914 ===== PLCC:0.9175
[20250221 08:18:12 INFO    ] Eval done...
[20250221 08:18:12 INFO    ] Epoch 58 done. Time: 1.0min
[20250221 08:18:12 INFO    ] Running training epoch 59
[20250221 08:19:08 INFO    ] train epoch:59 / loss:0.0004796 / SRCC:0.9942 / PLCC:0.9953
[20250221 08:19:08 INFO    ] Starting eval...
[20250221 08:19:08 INFO    ] Running testing in epoch 59
[20250221 08:19:15 INFO    ] Epoch:59 ===== loss:0.01161 ===== SRCC:0.9161 ===== PLCC:0.9181
[20250221 08:19:15 INFO    ] Eval done...
[20250221 08:19:15 INFO    ] Epoch 59 done. Time: 1.1min
[20250221 08:19:15 INFO    ] Running training epoch 60
