[20250201 07:26:22 INFO    ] {'dataset_name': 'livec', 'koniq10k_path': '../all_dataset/KonIQ-10K/1024x768', 'koniq10k_label': './data/koniq10k/koniq10k_label.txt', 'livec_path': '../all_dataset/LIVEC/Images/', 'livec_label': './data/livec/livec_label.txt', 'spaq_path': '../all_dataset/SPAQ/TestImage/', 'spaq_label': './data/spaq/spaq_label.txt', 'tid2013_path': '../all_dataset/tid2013/distorted_images/', 'tid2013_label': 'data/tid2013/tid2013_label.txt', 'kadid10k_path': '../all_dataset/KADID-10K/images/', 'kadid10k_label': './data/kadid10k/kadid10k_label.txt', 'batch_size': 14, 'learning_rate': 1e-05, 'weight_decay': 1e-05, 'n_epoch': 300, 'val_freq': 1, 'T_max': 50, 'eta_min': 0, 'num_avg_val': 1, 'num_workers': 8, 'split_seed': 20, 'train_keep_ratio': 1.0, 'val_keep_ratio': 1.0, 'crop_size': 224, 'prob_aug': 0.7, 'patch_size': 8, 'img_size': 224, 'embed_dim': 768, 'dim_mlp': 768, 'num_heads': [4, 4], 'window_size': 4, 'depths': [2, 2], 'num_outputs': 1, 'num_tab': 2, 'scale': 0.8, 'ckpt_path': './output_livec/models/livec', 'log_path': './output_livec/log/livec', 'log_file': 'livec.log', 'tensorboard_path': './output_livec/livec'}
[20250201 07:26:23 INFO    ] number of train scenes: 935
[20250201 07:26:23 INFO    ] number of val scenes: 234
[20250201 07:26:26 INFO    ] #Params : 172.537214 [M]
[20250201 07:26:32 INFO    ] Running training epoch 1
[20250201 07:27:54 INFO    ] train epoch:1 / loss:0.03767 / SRCC:0.6286 / PLCC:0.5948
[20250201 07:27:54 INFO    ] Starting eval...
[20250201 07:27:54 INFO    ] Running testing in epoch 1
[20250201 07:28:12 INFO    ] Epoch:1 ===== loss:0.01781 ===== SRCC:0.8551 ===== PLCC:0.8624
[20250201 07:28:12 INFO    ] Eval done...
[20250201 07:28:12 INFO    ] ======================================================================================
[20250201 07:28:12 INFO    ] ============================== best main score is 1.7174886327405958 =================================
[20250201 07:28:12 INFO    ] ======================================================================================
[20250201 07:28:13 INFO    ] Saving weights and model of epoch1, SRCC:0.855052316890882, PLCC:0.8624363158497139
[20250201 07:28:13 INFO    ] Epoch 1 done. Time: 1.7min
[20250201 07:28:13 INFO    ] Running training epoch 2
[20250201 07:29:29 INFO    ] train epoch:2 / loss:0.0118 / SRCC:0.8493 / PLCC:0.878
[20250201 07:29:29 INFO    ] Starting eval...
[20250201 07:29:29 INFO    ] Running testing in epoch 2
[20250201 07:29:46 INFO    ] Epoch:2 ===== loss:0.0149 ===== SRCC:0.8852 ===== PLCC:0.8832
[20250201 07:29:46 INFO    ] Eval done...
[20250201 07:29:46 INFO    ] ======================================================================================
[20250201 07:29:46 INFO    ] ============================== best main score is 1.7684181085173383 =================================
[20250201 07:29:46 INFO    ] ======================================================================================
[20250201 07:29:47 INFO    ] Saving weights and model of epoch2, SRCC:0.8852327567798421, PLCC:0.8831853517374961
[20250201 07:29:47 INFO    ] Epoch 2 done. Time: 1.6min
[20250201 07:29:47 INFO    ] Running training epoch 3
[20250201 07:32:05 INFO    ] train epoch:3 / loss:0.006027 / SRCC:0.9216 / PLCC:0.9397
[20250201 07:32:05 INFO    ] Starting eval...
[20250201 07:32:05 INFO    ] Running testing in epoch 3
[20250201 07:33:23 INFO    ] Epoch:3 ===== loss:0.01968 ===== SRCC:0.9115 ===== PLCC:0.9131
[20250201 07:33:23 INFO    ] Eval done...
[20250201 07:33:23 INFO    ] ======================================================================================
[20250201 07:33:23 INFO    ] ============================== best main score is 1.824596329583841 =================================
[20250201 07:33:23 INFO    ] ======================================================================================
[20250201 07:33:25 INFO    ] Saving weights and model of epoch3, SRCC:0.9115150544522743, PLCC:0.9130812751315667
[20250201 07:33:25 INFO    ] Epoch 3 done. Time: 3.6min
[20250201 07:33:25 INFO    ] Running training epoch 4
[20250201 07:40:16 INFO    ] train epoch:4 / loss:0.007169 / SRCC:0.9122 / PLCC:0.9278
[20250201 07:40:16 INFO    ] Starting eval...
[20250201 07:40:16 INFO    ] Running testing in epoch 4
[20250201 07:41:57 INFO    ] Epoch:4 ===== loss:0.01151 ===== SRCC:0.9046 ===== PLCC:0.9109
[20250201 07:41:57 INFO    ] Eval done...
[20250201 07:41:57 INFO    ] Epoch 4 done. Time: 8.5min
[20250201 07:41:57 INFO    ] Running training epoch 5
[20250201 07:49:08 INFO    ] train epoch:5 / loss:0.006482 / SRCC:0.9243 / PLCC:0.9353
[20250201 07:49:08 INFO    ] Starting eval...
[20250201 07:49:08 INFO    ] Running testing in epoch 5
[20250201 07:50:50 INFO    ] Epoch:5 ===== loss:0.01749 ===== SRCC:0.9029 ===== PLCC:0.9058
[20250201 07:50:50 INFO    ] Eval done...
[20250201 07:50:50 INFO    ] Epoch 5 done. Time: 8.9min
[20250201 07:50:50 INFO    ] Running training epoch 6
[20250201 07:57:51 INFO    ] train epoch:6 / loss:0.004059 / SRCC:0.949 / PLCC:0.9612
[20250201 07:57:51 INFO    ] Starting eval...
[20250201 07:57:51 INFO    ] Running testing in epoch 6
[20250201 07:59:40 INFO    ] Epoch:6 ===== loss:0.02504 ===== SRCC:0.9113 ===== PLCC:0.9155
[20250201 07:59:40 INFO    ] Eval done...
[20250201 07:59:40 INFO    ] ======================================================================================
[20250201 07:59:40 INFO    ] ============================== best main score is 1.826757361013615 =================================
[20250201 07:59:40 INFO    ] ======================================================================================
[20250201 07:59:43 INFO    ] Saving weights and model of epoch6, SRCC:0.9112716207559257, PLCC:0.9154857402576893
[20250201 07:59:43 INFO    ] Epoch 6 done. Time: 8.9min
[20250201 07:59:43 INFO    ] Running training epoch 7
[20250201 08:06:56 INFO    ] train epoch:7 / loss:0.003085 / SRCC:0.9577 / PLCC:0.9698
[20250201 08:06:56 INFO    ] Starting eval...
[20250201 08:06:56 INFO    ] Running testing in epoch 7
[20250201 08:08:42 INFO    ] Epoch:7 ===== loss:0.01022 ===== SRCC:0.9141 ===== PLCC:0.9209
[20250201 08:08:42 INFO    ] Eval done...
[20250201 08:08:42 INFO    ] ======================================================================================
[20250201 08:08:42 INFO    ] ============================== best main score is 1.8349653958959127 =================================
[20250201 08:08:42 INFO    ] ======================================================================================
[20250201 08:08:47 INFO    ] Saving weights and model of epoch7, SRCC:0.9141138159299596, PLCC:0.9208515799659531
[20250201 08:08:47 INFO    ] Epoch 7 done. Time: 9.1min
[20250201 08:08:47 INFO    ] Running training epoch 8
[20250201 08:15:49 INFO    ] train epoch:8 / loss:0.003329 / SRCC:0.9535 / PLCC:0.9672
[20250201 08:15:49 INFO    ] Starting eval...
[20250201 08:15:49 INFO    ] Running testing in epoch 8
[20250201 08:17:31 INFO    ] Epoch:8 ===== loss:0.01927 ===== SRCC:0.9096 ===== PLCC:0.9114
[20250201 08:17:31 INFO    ] Eval done...
[20250201 08:17:31 INFO    ] Epoch 8 done. Time: 8.7min
[20250201 08:17:31 INFO    ] Running training epoch 9
[20250201 08:24:09 INFO    ] train epoch:9 / loss:0.002341 / SRCC:0.9716 / PLCC:0.9773
[20250201 08:24:09 INFO    ] Starting eval...
[20250201 08:24:09 INFO    ] Running testing in epoch 9
[20250201 08:25:56 INFO    ] Epoch:9 ===== loss:0.01289 ===== SRCC:0.9157 ===== PLCC:0.9188
[20250201 08:25:56 INFO    ] Eval done...
[20250201 08:25:56 INFO    ] Epoch 9 done. Time: 8.4min
[20250201 08:25:56 INFO    ] Running training epoch 10
[20250201 08:33:09 INFO    ] train epoch:10 / loss:0.00313 / SRCC:0.9635 / PLCC:0.9691
[20250201 08:33:09 INFO    ] Starting eval...
[20250201 08:33:09 INFO    ] Running testing in epoch 10
[20250201 08:34:48 INFO    ] Epoch:10 ===== loss:0.01084 ===== SRCC:0.9108 ===== PLCC:0.9136
[20250201 08:34:48 INFO    ] Eval done...
[20250201 08:34:48 INFO    ] Epoch 10 done. Time: 8.9min
[20250201 08:34:48 INFO    ] Running training epoch 11
[20250201 08:41:49 INFO    ] train epoch:11 / loss:0.002306 / SRCC:0.9718 / PLCC:0.9774
[20250201 08:41:49 INFO    ] Starting eval...
[20250201 08:41:49 INFO    ] Running testing in epoch 11
[20250201 08:43:33 INFO    ] Epoch:11 ===== loss:0.0101 ===== SRCC:0.914 ===== PLCC:0.9196
[20250201 08:43:33 INFO    ] Eval done...
[20250201 08:43:33 INFO    ] Epoch 11 done. Time: 8.8min
[20250201 08:43:33 INFO    ] Running training epoch 12
[20250201 08:50:49 INFO    ] train epoch:12 / loss:0.001654 / SRCC:0.9777 / PLCC:0.9837
[20250201 08:50:49 INFO    ] Starting eval...
[20250201 08:50:49 INFO    ] Running testing in epoch 12
[20250201 08:52:38 INFO    ] Epoch:12 ===== loss:0.01451 ===== SRCC:0.9136 ===== PLCC:0.9145
[20250201 08:52:38 INFO    ] Eval done...
[20250201 08:52:38 INFO    ] Epoch 12 done. Time: 9.1min
[20250201 08:52:38 INFO    ] Running training epoch 13
[20250201 08:59:37 INFO    ] train epoch:13 / loss:0.001598 / SRCC:0.98 / PLCC:0.9844
[20250201 08:59:37 INFO    ] Starting eval...
[20250201 08:59:37 INFO    ] Running testing in epoch 13
[20250201 09:01:23 INFO    ] Epoch:13 ===== loss:0.009754 ===== SRCC:0.9224 ===== PLCC:0.9236
[20250201 09:01:23 INFO    ] Eval done...
[20250201 09:01:23 INFO    ] ======================================================================================
[20250201 09:01:23 INFO    ] ============================== best main score is 1.846015605419943 =================================
[20250201 09:01:23 INFO    ] ======================================================================================
[20250201 09:01:28 INFO    ] Saving weights and model of epoch13, SRCC:0.9224140508221227, PLCC:0.9236015545978205
[20250201 09:01:28 INFO    ] Epoch 13 done. Time: 8.8min
[20250201 09:01:28 INFO    ] Running training epoch 14
[20250201 09:08:51 INFO    ] train epoch:14 / loss:0.001538 / SRCC:0.9806 / PLCC:0.9848
[20250201 09:08:52 INFO    ] Starting eval...
[20250201 09:08:52 INFO    ] Running testing in epoch 14
[20250201 09:10:39 INFO    ] Epoch:14 ===== loss:0.01005 ===== SRCC:0.9225 ===== PLCC:0.9219
[20250201 09:10:39 INFO    ] Eval done...
[20250201 09:10:39 INFO    ] Epoch 14 done. Time: 9.2min
[20250201 09:10:39 INFO    ] Running training epoch 15
[20250201 09:18:00 INFO    ] train epoch:15 / loss:0.001216 / SRCC:0.9855 / PLCC:0.9881
[20250201 09:18:00 INFO    ] Starting eval...
[20250201 09:18:00 INFO    ] Running testing in epoch 15
[20250201 09:19:50 INFO    ] Epoch:15 ===== loss:0.01131 ===== SRCC:0.9227 ===== PLCC:0.9234
[20250201 09:19:50 INFO    ] Eval done...
[20250201 09:19:50 INFO    ] ======================================================================================
[20250201 09:19:50 INFO    ] ============================== best main score is 1.846164653089251 =================================
[20250201 09:19:50 INFO    ] ======================================================================================
[20250201 09:19:54 INFO    ] Saving weights and model of epoch15, SRCC:0.9227418321588726, PLCC:0.9234228209303783
[20250201 09:19:54 INFO    ] Epoch 15 done. Time: 9.3min
[20250201 09:19:54 INFO    ] Running training epoch 16
[20250201 09:26:43 INFO    ] train epoch:16 / loss:0.001083 / SRCC:0.9861 / PLCC:0.9895
[20250201 09:26:43 INFO    ] Starting eval...
[20250201 09:26:43 INFO    ] Running testing in epoch 16
[20250201 09:28:33 INFO    ] Epoch:16 ===== loss:0.01062 ===== SRCC:0.921 ===== PLCC:0.9201
[20250201 09:28:33 INFO    ] Eval done...
[20250201 09:28:33 INFO    ] Epoch 16 done. Time: 8.7min
[20250201 09:28:33 INFO    ] Running training epoch 17
[20250201 09:35:34 INFO    ] train epoch:17 / loss:0.001101 / SRCC:0.986 / PLCC:0.9893
[20250201 09:35:34 INFO    ] Starting eval...
[20250201 09:35:34 INFO    ] Running testing in epoch 17
[20250201 09:37:18 INFO    ] Epoch:17 ===== loss:0.01083 ===== SRCC:0.9169 ===== PLCC:0.9146
[20250201 09:37:18 INFO    ] Eval done...
[20250201 09:37:18 INFO    ] Epoch 17 done. Time: 8.7min
[20250201 09:37:18 INFO    ] Running training epoch 18
[20250201 09:44:15 INFO    ] train epoch:18 / loss:0.0009143 / SRCC:0.9894 / PLCC:0.9911
[20250201 09:44:15 INFO    ] Starting eval...
[20250201 09:44:15 INFO    ] Running testing in epoch 18
[20250201 09:45:59 INFO    ] Epoch:18 ===== loss:0.01315 ===== SRCC:0.92 ===== PLCC:0.9207
[20250201 09:45:59 INFO    ] Eval done...
[20250201 09:45:59 INFO    ] Epoch 18 done. Time: 8.7min
[20250201 09:45:59 INFO    ] Running training epoch 19
[20250201 09:53:22 INFO    ] train epoch:19 / loss:0.0009286 / SRCC:0.9889 / PLCC:0.9909
[20250201 09:53:22 INFO    ] Starting eval...
[20250201 09:53:22 INFO    ] Running testing in epoch 19
[20250201 09:55:16 INFO    ] Epoch:19 ===== loss:0.009952 ===== SRCC:0.9239 ===== PLCC:0.9262
[20250201 09:55:16 INFO    ] Eval done...
[20250201 09:55:16 INFO    ] ======================================================================================
[20250201 09:55:16 INFO    ] ============================== best main score is 1.8500667395363166 =================================
[20250201 09:55:16 INFO    ] ======================================================================================
[20250201 09:55:20 INFO    ] Saving weights and model of epoch19, SRCC:0.9238682468503098, PLCC:0.9261984926860067
[20250201 09:55:20 INFO    ] Epoch 19 done. Time: 9.3min
[20250201 09:55:20 INFO    ] Running training epoch 20
[20250201 10:02:46 INFO    ] train epoch:20 / loss:0.0007582 / SRCC:0.9907 / PLCC:0.9926
[20250201 10:02:46 INFO    ] Starting eval...
[20250201 10:02:46 INFO    ] Running testing in epoch 20
[20250201 10:04:35 INFO    ] Epoch:20 ===== loss:0.01173 ===== SRCC:0.9172 ===== PLCC:0.9184
[20250201 10:04:35 INFO    ] Eval done...
[20250201 10:04:35 INFO    ] Epoch 20 done. Time: 9.2min
[20250201 10:04:35 INFO    ] Running training epoch 21
[20250201 10:11:30 INFO    ] train epoch:21 / loss:0.0008102 / SRCC:0.9898 / PLCC:0.9922
[20250201 10:11:30 INFO    ] Starting eval...
[20250201 10:11:30 INFO    ] Running testing in epoch 21
[20250201 10:13:17 INFO    ] Epoch:21 ===== loss:0.01032 ===== SRCC:0.9232 ===== PLCC:0.9249
[20250201 10:13:17 INFO    ] Eval done...
[20250201 10:13:17 INFO    ] Epoch 21 done. Time: 8.7min
[20250201 10:13:17 INFO    ] Running training epoch 22
[20250201 10:21:08 INFO    ] train epoch:22 / loss:0.0006909 / SRCC:0.992 / PLCC:0.9933
[20250201 10:21:08 INFO    ] Starting eval...
[20250201 10:21:08 INFO    ] Running testing in epoch 22
[20250201 10:22:53 INFO    ] Epoch:22 ===== loss:0.01033 ===== SRCC:0.9203 ===== PLCC:0.9223
[20250201 10:22:53 INFO    ] Eval done...
[20250201 10:22:53 INFO    ] Epoch 22 done. Time: 9.6min
[20250201 10:22:53 INFO    ] Running training epoch 23
[20250201 10:30:03 INFO    ] train epoch:23 / loss:0.0005317 / SRCC:0.9934 / PLCC:0.9948
[20250201 10:30:03 INFO    ] Starting eval...
[20250201 10:30:03 INFO    ] Running testing in epoch 23
[20250201 10:31:53 INFO    ] Epoch:23 ===== loss:0.01044 ===== SRCC:0.9222 ===== PLCC:0.9239
[20250201 10:31:53 INFO    ] Eval done...
[20250201 10:31:53 INFO    ] Epoch 23 done. Time: 9.0min
[20250201 10:31:53 INFO    ] Running training epoch 24
[20250201 10:39:20 INFO    ] train epoch:24 / loss:0.0005196 / SRCC:0.9929 / PLCC:0.995
[20250201 10:39:20 INFO    ] Starting eval...
[20250201 10:39:20 INFO    ] Running testing in epoch 24
[20250201 10:41:06 INFO    ] Epoch:24 ===== loss:0.01091 ===== SRCC:0.9251 ===== PLCC:0.9268
[20250201 10:41:06 INFO    ] Eval done...
[20250201 10:41:06 INFO    ] ======================================================================================
[20250201 10:41:06 INFO    ] ============================== best main score is 1.851896604563008 =================================
[20250201 10:41:06 INFO    ] ======================================================================================
[20250201 10:41:09 INFO    ] Saving weights and model of epoch24, SRCC:0.9250672645739911, PLCC:0.9268293399890171
[20250201 10:41:09 INFO    ] Epoch 24 done. Time: 9.3min
[20250201 10:41:09 INFO    ] Running training epoch 25
[20250201 10:48:20 INFO    ] train epoch:25 / loss:0.0007569 / SRCC:0.9907 / PLCC:0.9926
[20250201 10:48:20 INFO    ] Starting eval...
[20250201 10:48:20 INFO    ] Running testing in epoch 25
[20250201 10:50:11 INFO    ] Epoch:25 ===== loss:0.01025 ===== SRCC:0.9246 ===== PLCC:0.921
[20250201 10:50:11 INFO    ] Eval done...
[20250201 10:50:11 INFO    ] Epoch 25 done. Time: 9.0min
[20250201 10:50:11 INFO    ] Running training epoch 26
[20250201 10:57:14 INFO    ] train epoch:26 / loss:0.0006561 / SRCC:0.9922 / PLCC:0.9936
[20250201 10:57:14 INFO    ] Starting eval...
[20250201 10:57:14 INFO    ] Running testing in epoch 26
[20250201 10:59:00 INFO    ] Epoch:26 ===== loss:0.01049 ===== SRCC:0.9217 ===== PLCC:0.9262
[20250201 10:59:00 INFO    ] Eval done...
[20250201 10:59:00 INFO    ] Epoch 26 done. Time: 8.8min
[20250201 10:59:00 INFO    ] Running training epoch 27
[20250201 11:06:20 INFO    ] train epoch:27 / loss:0.0005307 / SRCC:0.9933 / PLCC:0.9948
[20250201 11:06:20 INFO    ] Starting eval...
[20250201 11:06:20 INFO    ] Running testing in epoch 27
[20250201 11:08:03 INFO    ] Epoch:27 ===== loss:0.01037 ===== SRCC:0.9235 ===== PLCC:0.9248
[20250201 11:08:03 INFO    ] Eval done...
[20250201 11:08:03 INFO    ] Epoch 27 done. Time: 9.1min
[20250201 11:08:03 INFO    ] Running training epoch 28
[20250201 11:15:03 INFO    ] train epoch:28 / loss:0.0004387 / SRCC:0.9944 / PLCC:0.9957
[20250201 11:15:03 INFO    ] Starting eval...
[20250201 11:15:03 INFO    ] Running testing in epoch 28
[20250201 11:16:45 INFO    ] Epoch:28 ===== loss:0.0102 ===== SRCC:0.9233 ===== PLCC:0.9237
[20250201 11:16:45 INFO    ] Eval done...
[20250201 11:16:45 INFO    ] Epoch 28 done. Time: 8.7min
[20250201 11:16:45 INFO    ] Running training epoch 29
[20250201 11:23:47 INFO    ] train epoch:29 / loss:0.0004433 / SRCC:0.9941 / PLCC:0.9957
[20250201 11:23:47 INFO    ] Starting eval...
[20250201 11:23:47 INFO    ] Running testing in epoch 29
[20250201 11:25:34 INFO    ] Epoch:29 ===== loss:0.01118 ===== SRCC:0.9202 ===== PLCC:0.9229
[20250201 11:25:34 INFO    ] Eval done...
[20250201 11:25:34 INFO    ] Epoch 29 done. Time: 8.8min
[20250201 11:25:34 INFO    ] Running training epoch 30
[20250201 11:32:40 INFO    ] train epoch:30 / loss:0.0004535 / SRCC:0.9941 / PLCC:0.9956
[20250201 11:32:40 INFO    ] Starting eval...
[20250201 11:32:40 INFO    ] Running testing in epoch 30
[20250201 11:34:23 INFO    ] Epoch:30 ===== loss:0.01078 ===== SRCC:0.9212 ===== PLCC:0.9227
[20250201 11:34:23 INFO    ] Eval done...
[20250201 11:34:23 INFO    ] Epoch 30 done. Time: 8.8min
[20250201 11:34:23 INFO    ] Running training epoch 31
[20250201 11:41:42 INFO    ] train epoch:31 / loss:0.0004325 / SRCC:0.9946 / PLCC:0.9958
[20250201 11:41:42 INFO    ] Starting eval...
[20250201 11:41:42 INFO    ] Running testing in epoch 31
[20250201 11:43:32 INFO    ] Epoch:31 ===== loss:0.009959 ===== SRCC:0.9214 ===== PLCC:0.9234
[20250201 11:43:32 INFO    ] Eval done...
[20250201 11:43:32 INFO    ] Epoch 31 done. Time: 9.2min
[20250201 11:43:32 INFO    ] Running training epoch 32
[20250201 11:50:42 INFO    ] train epoch:32 / loss:0.0004132 / SRCC:0.9948 / PLCC:0.996
[20250201 11:50:42 INFO    ] Starting eval...
[20250201 11:50:42 INFO    ] Running testing in epoch 32
[20250201 11:52:26 INFO    ] Epoch:32 ===== loss:0.01054 ===== SRCC:0.9185 ===== PLCC:0.9215
[20250201 11:52:26 INFO    ] Eval done...
[20250201 11:52:26 INFO    ] Epoch 32 done. Time: 8.9min
[20250201 11:52:26 INFO    ] Running training epoch 33
[20250201 11:59:24 INFO    ] train epoch:33 / loss:0.0006222 / SRCC:0.9917 / PLCC:0.9939
[20250201 11:59:24 INFO    ] Starting eval...
[20250201 11:59:24 INFO    ] Running testing in epoch 33
[20250201 12:01:11 INFO    ] Epoch:33 ===== loss:0.01008 ===== SRCC:0.925 ===== PLCC:0.9273
[20250201 12:01:11 INFO    ] Eval done...
[20250201 12:01:11 INFO    ] ======================================================================================
[20250201 12:01:11 INFO    ] ============================== best main score is 1.8523083232485162 =================================
[20250201 12:01:11 INFO    ] ======================================================================================
[20250201 12:01:13 INFO    ] Saving weights and model of epoch33, SRCC:0.9250384368994236, PLCC:0.9272698863490927
[20250201 12:01:13 INFO    ] Epoch 33 done. Time: 8.8min
[20250201 12:01:13 INFO    ] Running training epoch 34
[20250201 12:08:15 INFO    ] train epoch:34 / loss:0.000348 / SRCC:0.9954 / PLCC:0.9966
[20250201 12:08:15 INFO    ] Starting eval...
[20250201 12:08:15 INFO    ] Running testing in epoch 34
[20250201 12:10:05 INFO    ] Epoch:34 ===== loss:0.01049 ===== SRCC:0.9204 ===== PLCC:0.9217
[20250201 12:10:05 INFO    ] Eval done...
[20250201 12:10:05 INFO    ] Epoch 34 done. Time: 8.9min
[20250201 12:10:05 INFO    ] Running training epoch 35
[20250201 12:17:31 INFO    ] train epoch:35 / loss:0.0003064 / SRCC:0.9961 / PLCC:0.997
[20250201 12:17:31 INFO    ] Starting eval...
[20250201 12:17:31 INFO    ] Running testing in epoch 35
[20250201 12:19:11 INFO    ] Epoch:35 ===== loss:0.01082 ===== SRCC:0.9198 ===== PLCC:0.9219
[20250201 12:19:11 INFO    ] Eval done...
[20250201 12:19:11 INFO    ] Epoch 35 done. Time: 9.1min
[20250201 12:19:11 INFO    ] Running training epoch 36
[20250201 12:26:05 INFO    ] train epoch:36 / loss:0.0003393 / SRCC:0.9955 / PLCC:0.9967
[20250201 12:26:05 INFO    ] Starting eval...
[20250201 12:26:05 INFO    ] Running testing in epoch 36
[20250201 12:27:51 INFO    ] Epoch:36 ===== loss:0.01024 ===== SRCC:0.9221 ===== PLCC:0.9223
[20250201 12:27:51 INFO    ] Eval done...
[20250201 12:27:51 INFO    ] Epoch 36 done. Time: 8.7min
[20250201 12:27:51 INFO    ] Running training epoch 37
[20250201 12:35:12 INFO    ] train epoch:37 / loss:0.0003977 / SRCC:0.9949 / PLCC:0.9961
[20250201 12:35:12 INFO    ] Starting eval...
[20250201 12:35:12 INFO    ] Running testing in epoch 37
[20250201 12:36:56 INFO    ] Epoch:37 ===== loss:0.01033 ===== SRCC:0.9219 ===== PLCC:0.9236
[20250201 12:36:56 INFO    ] Eval done...
[20250201 12:36:56 INFO    ] Epoch 37 done. Time: 9.1min
[20250201 12:36:56 INFO    ] Running training epoch 38
[20250201 12:44:07 INFO    ] train epoch:38 / loss:0.0004134 / SRCC:0.9946 / PLCC:0.996
[20250201 12:44:07 INFO    ] Starting eval...
[20250201 12:44:07 INFO    ] Running testing in epoch 38
[20250201 12:45:47 INFO    ] Epoch:38 ===== loss:0.01103 ===== SRCC:0.9221 ===== PLCC:0.9222
[20250201 12:45:47 INFO    ] Eval done...
[20250201 12:45:47 INFO    ] Epoch 38 done. Time: 8.9min
[20250201 12:45:47 INFO    ] Running training epoch 39
[20250201 12:52:49 INFO    ] train epoch:39 / loss:0.0004886 / SRCC:0.9939 / PLCC:0.9952
[20250201 12:52:49 INFO    ] Starting eval...
[20250201 12:52:49 INFO    ] Running testing in epoch 39
[20250201 12:54:40 INFO    ] Epoch:39 ===== loss:0.01001 ===== SRCC:0.9235 ===== PLCC:0.9247
[20250201 12:54:40 INFO    ] Eval done...
[20250201 12:54:40 INFO    ] Epoch 39 done. Time: 8.9min
[20250201 12:54:40 INFO    ] Running training epoch 40
[20250201 13:01:54 INFO    ] train epoch:40 / loss:0.0005257 / SRCC:0.9931 / PLCC:0.9949
[20250201 13:01:54 INFO    ] Starting eval...
[20250201 13:01:54 INFO    ] Running testing in epoch 40
[20250201 13:03:30 INFO    ] Epoch:40 ===== loss:0.01003 ===== SRCC:0.9225 ===== PLCC:0.923
[20250201 13:03:30 INFO    ] Eval done...
[20250201 13:03:30 INFO    ] Epoch 40 done. Time: 8.8min
[20250201 13:03:30 INFO    ] Running training epoch 41
[20250201 13:10:39 INFO    ] train epoch:41 / loss:0.0004005 / SRCC:0.995 / PLCC:0.9961
[20250201 13:10:39 INFO    ] Starting eval...
[20250201 13:10:39 INFO    ] Running testing in epoch 41
[20250201 13:12:28 INFO    ] Epoch:41 ===== loss:0.01031 ===== SRCC:0.9203 ===== PLCC:0.9226
[20250201 13:12:28 INFO    ] Eval done...
[20250201 13:12:28 INFO    ] Epoch 41 done. Time: 9.0min
[20250201 13:12:28 INFO    ] Running training epoch 42
[20250201 13:19:41 INFO    ] train epoch:42 / loss:0.0003929 / SRCC:0.9953 / PLCC:0.9962
[20250201 13:19:41 INFO    ] Starting eval...
[20250201 13:19:41 INFO    ] Running testing in epoch 42
[20250201 13:21:27 INFO    ] Epoch:42 ===== loss:0.01025 ===== SRCC:0.9219 ===== PLCC:0.9233
[20250201 13:21:27 INFO    ] Eval done...
[20250201 13:21:27 INFO    ] Epoch 42 done. Time: 9.0min
[20250201 13:21:27 INFO    ] Running training epoch 43
[20250201 13:28:25 INFO    ] train epoch:43 / loss:0.0003719 / SRCC:0.9955 / PLCC:0.9964
[20250201 13:28:25 INFO    ] Starting eval...
[20250201 13:28:25 INFO    ] Running testing in epoch 43
[20250201 13:30:08 INFO    ] Epoch:43 ===== loss:0.01029 ===== SRCC:0.9218 ===== PLCC:0.9226
[20250201 13:30:08 INFO    ] Eval done...
[20250201 13:30:08 INFO    ] Epoch 43 done. Time: 8.7min
[20250201 13:30:08 INFO    ] Running training epoch 44
[20250201 13:37:40 INFO    ] train epoch:44 / loss:0.0003682 / SRCC:0.996 / PLCC:0.9964
[20250201 13:37:40 INFO    ] Starting eval...
[20250201 13:37:40 INFO    ] Running testing in epoch 44
[20250201 13:39:26 INFO    ] Epoch:44 ===== loss:0.01135 ===== SRCC:0.9197 ===== PLCC:0.9188
[20250201 13:39:26 INFO    ] Eval done...
[20250201 13:39:26 INFO    ] Epoch 44 done. Time: 9.3min
[20250201 13:39:26 INFO    ] Running training epoch 45
[20250201 13:46:46 INFO    ] train epoch:45 / loss:0.0004281 / SRCC:0.9951 / PLCC:0.9959
[20250201 13:46:46 INFO    ] Starting eval...
[20250201 13:46:46 INFO    ] Running testing in epoch 45
[20250201 13:48:25 INFO    ] Epoch:45 ===== loss:0.01051 ===== SRCC:0.922 ===== PLCC:0.9221
[20250201 13:48:25 INFO    ] Eval done...
[20250201 13:48:25 INFO    ] Epoch 45 done. Time: 9.0min
[20250201 13:48:25 INFO    ] Running training epoch 46
[20250201 13:55:40 INFO    ] train epoch:46 / loss:0.000386 / SRCC:0.9952 / PLCC:0.9963
[20250201 13:55:40 INFO    ] Starting eval...
[20250201 13:55:40 INFO    ] Running testing in epoch 46
[20250201 13:57:26 INFO    ] Epoch:46 ===== loss:0.01034 ===== SRCC:0.9183 ===== PLCC:0.9229
[20250201 13:57:26 INFO    ] Eval done...
[20250201 13:57:26 INFO    ] Epoch 46 done. Time: 9.0min
[20250201 13:57:26 INFO    ] Running training epoch 47
[20250201 14:04:19 INFO    ] train epoch:47 / loss:0.0003656 / SRCC:0.9957 / PLCC:0.9964
[20250201 14:04:19 INFO    ] Starting eval...
[20250201 14:04:19 INFO    ] Running testing in epoch 47
[20250201 14:06:09 INFO    ] Epoch:47 ===== loss:0.01095 ===== SRCC:0.9214 ===== PLCC:0.9221
[20250201 14:06:09 INFO    ] Eval done...
[20250201 14:06:09 INFO    ] Epoch 47 done. Time: 8.7min
[20250201 14:06:09 INFO    ] Running training epoch 48
[20250201 14:13:16 INFO    ] train epoch:48 / loss:0.0004923 / SRCC:0.9941 / PLCC:0.9952
[20250201 14:13:16 INFO    ] Starting eval...
[20250201 14:13:16 INFO    ] Running testing in epoch 48
[20250201 14:15:01 INFO    ] Epoch:48 ===== loss:0.01032 ===== SRCC:0.9188 ===== PLCC:0.9224
[20250201 14:15:01 INFO    ] Eval done...
[20250201 14:15:01 INFO    ] Epoch 48 done. Time: 8.9min
[20250201 14:15:01 INFO    ] Running training epoch 49
[20250201 14:22:18 INFO    ] train epoch:49 / loss:0.0005854 / SRCC:0.9926 / PLCC:0.9943
[20250201 14:22:18 INFO    ] Starting eval...
[20250201 14:22:18 INFO    ] Running testing in epoch 49
[20250201 14:24:07 INFO    ] Epoch:49 ===== loss:0.011 ===== SRCC:0.9156 ===== PLCC:0.9186
[20250201 14:24:07 INFO    ] Eval done...
[20250201 14:24:07 INFO    ] Epoch 49 done. Time: 9.1min
[20250201 14:24:07 INFO    ] Running training epoch 50
[20250201 14:31:08 INFO    ] train epoch:50 / loss:0.0005583 / SRCC:0.9932 / PLCC:0.9945
[20250201 14:31:08 INFO    ] Starting eval...
[20250201 14:31:08 INFO    ] Running testing in epoch 50
[20250201 14:32:53 INFO    ] Epoch:50 ===== loss:0.01057 ===== SRCC:0.9159 ===== PLCC:0.9203
[20250201 14:32:53 INFO    ] Eval done...
[20250201 14:32:53 INFO    ] Epoch 50 done. Time: 8.8min
[20250201 14:32:53 INFO    ] Running training epoch 51
[20250201 14:39:51 INFO    ] train epoch:51 / loss:0.0006243 / SRCC:0.9928 / PLCC:0.994
[20250201 14:39:51 INFO    ] Starting eval...
[20250201 14:39:51 INFO    ] Running testing in epoch 51
[20250201 14:41:40 INFO    ] Epoch:51 ===== loss:0.01054 ===== SRCC:0.9186 ===== PLCC:0.9218
[20250201 14:41:40 INFO    ] Eval done...
[20250201 14:41:40 INFO    ] Epoch 51 done. Time: 8.8min
[20250201 14:41:40 INFO    ] Running training epoch 52
[20250201 14:48:39 INFO    ] train epoch:52 / loss:0.0004833 / SRCC:0.9944 / PLCC:0.9953
[20250201 14:48:39 INFO    ] Starting eval...
[20250201 14:48:39 INFO    ] Running testing in epoch 52
[20250201 14:50:31 INFO    ] Epoch:52 ===== loss:0.01085 ===== SRCC:0.9167 ===== PLCC:0.9178
[20250201 14:50:31 INFO    ] Eval done...
[20250201 14:50:31 INFO    ] Epoch 52 done. Time: 8.9min
[20250201 14:50:31 INFO    ] Running training epoch 53
[20250201 14:57:33 INFO    ] train epoch:53 / loss:0.0003626 / SRCC:0.9961 / PLCC:0.9965
[20250201 14:57:33 INFO    ] Starting eval...
[20250201 14:57:33 INFO    ] Running testing in epoch 53
[20250201 14:59:13 INFO    ] Epoch:53 ===== loss:0.01018 ===== SRCC:0.9195 ===== PLCC:0.9217
[20250201 14:59:13 INFO    ] Eval done...
[20250201 14:59:13 INFO    ] Epoch 53 done. Time: 8.7min
[20250201 14:59:13 INFO    ] Running training epoch 54
[20250201 15:06:21 INFO    ] train epoch:54 / loss:0.0003457 / SRCC:0.9959 / PLCC:0.9967
[20250201 15:06:21 INFO    ] Starting eval...
[20250201 15:06:21 INFO    ] Running testing in epoch 54
[20250201 15:08:05 INFO    ] Epoch:54 ===== loss:0.01054 ===== SRCC:0.9197 ===== PLCC:0.9223
[20250201 15:08:05 INFO    ] Eval done...
[20250201 15:08:05 INFO    ] Epoch 54 done. Time: 8.9min
[20250201 15:08:05 INFO    ] Running training epoch 55
[20250201 15:15:10 INFO    ] train epoch:55 / loss:0.0003041 / SRCC:0.9962 / PLCC:0.997
[20250201 15:15:10 INFO    ] Starting eval...
[20250201 15:15:10 INFO    ] Running testing in epoch 55
[20250201 15:16:55 INFO    ] Epoch:55 ===== loss:0.01088 ===== SRCC:0.9161 ===== PLCC:0.9201
[20250201 15:16:55 INFO    ] Eval done...
[20250201 15:16:55 INFO    ] Epoch 55 done. Time: 8.8min
[20250201 15:16:55 INFO    ] Running training epoch 56
[20250201 15:24:19 INFO    ] train epoch:56 / loss:0.0002334 / SRCC:0.9969 / PLCC:0.9977
[20250201 15:24:19 INFO    ] Starting eval...
[20250201 15:24:19 INFO    ] Running testing in epoch 56
[20250201 15:25:57 INFO    ] Epoch:56 ===== loss:0.01031 ===== SRCC:0.9188 ===== PLCC:0.9222
[20250201 15:25:57 INFO    ] Eval done...
[20250201 15:25:57 INFO    ] Epoch 56 done. Time: 9.0min
[20250201 15:25:57 INFO    ] Running training epoch 57
[20250201 15:32:58 INFO    ] train epoch:57 / loss:0.0002581 / SRCC:0.9968 / PLCC:0.9975
[20250201 15:32:58 INFO    ] Starting eval...
[20250201 15:32:58 INFO    ] Running testing in epoch 57
[20250201 15:34:41 INFO    ] Epoch:57 ===== loss:0.01078 ===== SRCC:0.9166 ===== PLCC:0.9194
[20250201 15:34:41 INFO    ] Eval done...
[20250201 15:34:41 INFO    ] Epoch 57 done. Time: 8.7min
[20250201 15:34:41 INFO    ] Running training epoch 58
[20250201 15:41:49 INFO    ] train epoch:58 / loss:0.0002825 / SRCC:0.9969 / PLCC:0.9973
[20250201 15:41:49 INFO    ] Starting eval...
[20250201 15:41:49 INFO    ] Running testing in epoch 58
[20250201 15:43:32 INFO    ] Epoch:58 ===== loss:0.01123 ===== SRCC:0.9143 ===== PLCC:0.9185
[20250201 15:43:32 INFO    ] Eval done...
[20250201 15:43:32 INFO    ] Epoch 58 done. Time: 8.8min
[20250201 15:43:32 INFO    ] Running training epoch 59
[20250201 15:50:36 INFO    ] train epoch:59 / loss:0.0003014 / SRCC:0.9966 / PLCC:0.9971
[20250201 15:50:36 INFO    ] Starting eval...
[20250201 15:50:36 INFO    ] Running testing in epoch 59
[20250201 15:52:27 INFO    ] Epoch:59 ===== loss:0.01047 ===== SRCC:0.9167 ===== PLCC:0.9208
[20250201 15:52:27 INFO    ] Eval done...
[20250201 15:52:27 INFO    ] Epoch 59 done. Time: 8.9min
[20250201 15:52:27 INFO    ] Running training epoch 60
[20250201 15:59:31 INFO    ] train epoch:60 / loss:0.0004834 / SRCC:0.9937 / PLCC:0.9953
[20250201 15:59:31 INFO    ] Starting eval...
[20250201 15:59:31 INFO    ] Running testing in epoch 60
[20250201 16:01:10 INFO    ] Epoch:60 ===== loss:0.01043 ===== SRCC:0.916 ===== PLCC:0.9218
[20250201 16:01:10 INFO    ] Eval done...
[20250201 16:01:10 INFO    ] Epoch 60 done. Time: 8.7min
[20250201 16:01:10 INFO    ] Running training epoch 61
[20250201 16:08:26 INFO    ] train epoch:61 / loss:0.000839 / SRCC:0.9898 / PLCC:0.9918
[20250201 16:08:26 INFO    ] Starting eval...
[20250201 16:08:26 INFO    ] Running testing in epoch 61
[20250201 16:10:12 INFO    ] Epoch:61 ===== loss:0.01083 ===== SRCC:0.9144 ===== PLCC:0.9188
[20250201 16:10:12 INFO    ] Eval done...
[20250201 16:10:12 INFO    ] Epoch 61 done. Time: 9.0min
[20250201 16:10:12 INFO    ] Running training epoch 62
[20250201 16:17:20 INFO    ] train epoch:62 / loss:0.0006752 / SRCC:0.9925 / PLCC:0.9934
[20250201 16:17:20 INFO    ] Starting eval...
[20250201 16:17:20 INFO    ] Running testing in epoch 62
[20250201 16:19:03 INFO    ] Epoch:62 ===== loss:0.01117 ===== SRCC:0.9179 ===== PLCC:0.9173
[20250201 16:19:03 INFO    ] Eval done...
[20250201 16:19:03 INFO    ] Epoch 62 done. Time: 8.9min
[20250201 16:19:03 INFO    ] Running training epoch 63
[20250201 16:26:08 INFO    ] train epoch:63 / loss:0.000614 / SRCC:0.9928 / PLCC:0.994
[20250201 16:26:08 INFO    ] Starting eval...
[20250201 16:26:08 INFO    ] Running testing in epoch 63
[20250201 16:27:49 INFO    ] Epoch:63 ===== loss:0.011 ===== SRCC:0.9121 ===== PLCC:0.9187
[20250201 16:27:49 INFO    ] Eval done...
[20250201 16:27:49 INFO    ] Epoch 63 done. Time: 8.8min
[20250201 16:27:49 INFO    ] Running training epoch 64
[20250201 16:35:01 INFO    ] train epoch:64 / loss:0.0005234 / SRCC:0.9939 / PLCC:0.9949
[20250201 16:35:01 INFO    ] Starting eval...
[20250201 16:35:01 INFO    ] Running testing in epoch 64
[20250201 16:36:48 INFO    ] Epoch:64 ===== loss:0.01168 ===== SRCC:0.9216 ===== PLCC:0.9228
[20250201 16:36:48 INFO    ] Eval done...
[20250201 16:36:48 INFO    ] Epoch 64 done. Time: 9.0min
[20250201 16:36:48 INFO    ] Running training epoch 65
[20250201 16:44:02 INFO    ] train epoch:65 / loss:0.0004395 / SRCC:0.995 / PLCC:0.9957
[20250201 16:44:02 INFO    ] Starting eval...
[20250201 16:44:02 INFO    ] Running testing in epoch 65
[20250201 16:45:44 INFO    ] Epoch:65 ===== loss:0.01043 ===== SRCC:0.9175 ===== PLCC:0.9218
[20250201 16:45:44 INFO    ] Eval done...
[20250201 16:45:44 INFO    ] Epoch 65 done. Time: 8.9min
[20250201 16:45:44 INFO    ] Running training epoch 66
[20250201 16:52:54 INFO    ] train epoch:66 / loss:0.0003952 / SRCC:0.9953 / PLCC:0.9961
[20250201 16:52:54 INFO    ] Starting eval...
[20250201 16:52:54 INFO    ] Running testing in epoch 66
[20250201 16:54:37 INFO    ] Epoch:66 ===== loss:0.01094 ===== SRCC:0.9153 ===== PLCC:0.9181
[20250201 16:54:37 INFO    ] Eval done...
[20250201 16:54:37 INFO    ] Epoch 66 done. Time: 8.9min
[20250201 16:54:37 INFO    ] Running training epoch 67
[20250201 17:01:42 INFO    ] train epoch:67 / loss:0.0003292 / SRCC:0.9962 / PLCC:0.9968
[20250201 17:01:42 INFO    ] Starting eval...
[20250201 17:01:42 INFO    ] Running testing in epoch 67
[20250201 17:03:27 INFO    ] Epoch:67 ===== loss:0.01036 ===== SRCC:0.9196 ===== PLCC:0.9239
[20250201 17:03:27 INFO    ] Eval done...
[20250201 17:03:27 INFO    ] Epoch 67 done. Time: 8.8min
[20250201 17:03:27 INFO    ] Running training epoch 68
[20250201 17:10:52 INFO    ] train epoch:68 / loss:0.0002489 / SRCC:0.9974 / PLCC:0.9976
[20250201 17:10:52 INFO    ] Starting eval...
[20250201 17:10:52 INFO    ] Running testing in epoch 68
[20250201 17:12:38 INFO    ] Epoch:68 ===== loss:0.01029 ===== SRCC:0.9191 ===== PLCC:0.9231
[20250201 17:12:38 INFO    ] Eval done...
[20250201 17:12:38 INFO    ] Epoch 68 done. Time: 9.2min
[20250201 17:12:38 INFO    ] Running training epoch 69
[20250201 17:19:47 INFO    ] train epoch:69 / loss:0.000241 / SRCC:0.997 / PLCC:0.9977
[20250201 17:19:47 INFO    ] Starting eval...
[20250201 17:19:47 INFO    ] Running testing in epoch 69
[20250201 17:21:32 INFO    ] Epoch:69 ===== loss:0.01052 ===== SRCC:0.9212 ===== PLCC:0.9224
[20250201 17:21:32 INFO    ] Eval done...
[20250201 17:21:32 INFO    ] Epoch 69 done. Time: 8.9min
[20250201 17:21:32 INFO    ] Running training epoch 70
[20250201 17:28:28 INFO    ] train epoch:70 / loss:0.0002188 / SRCC:0.9976 / PLCC:0.9979
[20250201 17:28:28 INFO    ] Starting eval...
[20250201 17:28:28 INFO    ] Running testing in epoch 70
[20250201 17:30:07 INFO    ] Epoch:70 ===== loss:0.01041 ===== SRCC:0.916 ===== PLCC:0.9201
[20250201 17:30:07 INFO    ] Eval done...
[20250201 17:30:07 INFO    ] Epoch 70 done. Time: 8.6min
[20250201 17:30:07 INFO    ] Running training epoch 71
[20250201 17:37:11 INFO    ] train epoch:71 / loss:0.0001892 / SRCC:0.9978 / PLCC:0.9981
[20250201 17:37:11 INFO    ] Starting eval...
[20250201 17:37:11 INFO    ] Running testing in epoch 71
[20250201 17:38:57 INFO    ] Epoch:71 ===== loss:0.01063 ===== SRCC:0.9197 ===== PLCC:0.9218
[20250201 17:38:57 INFO    ] Eval done...
[20250201 17:38:57 INFO    ] Epoch 71 done. Time: 8.8min
[20250201 17:38:57 INFO    ] Running training epoch 72
[20250201 17:45:54 INFO    ] train epoch:72 / loss:0.0001522 / SRCC:0.9982 / PLCC:0.9985
[20250201 17:45:54 INFO    ] Starting eval...
[20250201 17:45:54 INFO    ] Running testing in epoch 72
[20250201 17:47:42 INFO    ] Epoch:72 ===== loss:0.01056 ===== SRCC:0.9177 ===== PLCC:0.9212
[20250201 17:47:42 INFO    ] Eval done...
[20250201 17:47:42 INFO    ] Epoch 72 done. Time: 8.8min
[20250201 17:47:42 INFO    ] Running training epoch 73
[20250201 17:54:52 INFO    ] train epoch:73 / loss:0.0002051 / SRCC:0.9977 / PLCC:0.998
[20250201 17:54:52 INFO    ] Starting eval...
[20250201 17:54:52 INFO    ] Running testing in epoch 73
[20250201 17:56:32 INFO    ] Epoch:73 ===== loss:0.011 ===== SRCC:0.9141 ===== PLCC:0.9171
[20250201 17:56:32 INFO    ] Eval done...
[20250201 17:56:32 INFO    ] Epoch 73 done. Time: 8.8min
[20250201 17:56:32 INFO    ] Running training epoch 74
[20250201 18:03:51 INFO    ] train epoch:74 / loss:0.0002562 / SRCC:0.9971 / PLCC:0.9975
[20250201 18:03:51 INFO    ] Starting eval...
[20250201 18:03:51 INFO    ] Running testing in epoch 74
[20250201 18:05:38 INFO    ] Epoch:74 ===== loss:0.01079 ===== SRCC:0.9142 ===== PLCC:0.9224
[20250201 18:05:38 INFO    ] Eval done...
[20250201 18:05:38 INFO    ] Epoch 74 done. Time: 9.1min
[20250201 18:05:38 INFO    ] Running training epoch 75
[20250201 18:12:40 INFO    ] train epoch:75 / loss:0.0002452 / SRCC:0.997 / PLCC:0.9976
[20250201 18:12:40 INFO    ] Starting eval...
[20250201 18:12:40 INFO    ] Running testing in epoch 75
[20250201 18:14:29 INFO    ] Epoch:75 ===== loss:0.0111 ===== SRCC:0.9144 ===== PLCC:0.9169
[20250201 18:14:29 INFO    ] Eval done...
[20250201 18:14:29 INFO    ] Epoch 75 done. Time: 8.9min
[20250201 18:14:29 INFO    ] Running training epoch 76
[20250201 18:21:38 INFO    ] train epoch:76 / loss:0.0003521 / SRCC:0.9959 / PLCC:0.9966
[20250201 18:21:38 INFO    ] Starting eval...
[20250201 18:21:38 INFO    ] Running testing in epoch 76
[20250201 18:23:24 INFO    ] Epoch:76 ===== loss:0.01195 ===== SRCC:0.9176 ===== PLCC:0.9202
[20250201 18:23:24 INFO    ] Eval done...
[20250201 18:23:24 INFO    ] Epoch 76 done. Time: 8.9min
[20250201 18:23:24 INFO    ] Running training epoch 77
[20250201 18:30:26 INFO    ] train epoch:77 / loss:0.0004305 / SRCC:0.9949 / PLCC:0.9958
[20250201 18:30:26 INFO    ] Starting eval...
[20250201 18:30:26 INFO    ] Running testing in epoch 77
[20250201 18:32:13 INFO    ] Epoch:77 ===== loss:0.0105 ===== SRCC:0.9206 ===== PLCC:0.922
[20250201 18:32:13 INFO    ] Eval done...
[20250201 18:32:13 INFO    ] Epoch 77 done. Time: 8.8min
[20250201 18:32:13 INFO    ] Running training epoch 78
[20250201 18:39:14 INFO    ] train epoch:78 / loss:0.0004319 / SRCC:0.9944 / PLCC:0.9958
[20250201 18:39:14 INFO    ] Starting eval...
[20250201 18:39:14 INFO    ] Running testing in epoch 78
[20250201 18:40:52 INFO    ] Epoch:78 ===== loss:0.01022 ===== SRCC:0.9164 ===== PLCC:0.9236
[20250201 18:40:52 INFO    ] Eval done...
[20250201 18:40:52 INFO    ] Epoch 78 done. Time: 8.7min
[20250201 18:40:52 INFO    ] Running training epoch 79
[20250201 18:48:11 INFO    ] train epoch:79 / loss:0.0006581 / SRCC:0.9932 / PLCC:0.9936
[20250201 18:48:11 INFO    ] Starting eval...
[20250201 18:48:11 INFO    ] Running testing in epoch 79
[20250201 18:49:57 INFO    ] Epoch:79 ===== loss:0.0128 ===== SRCC:0.9131 ===== PLCC:0.9148
[20250201 18:49:57 INFO    ] Eval done...
[20250201 18:49:57 INFO    ] Epoch 79 done. Time: 9.1min
[20250201 18:49:57 INFO    ] Running training epoch 80
[20250201 18:57:01 INFO    ] train epoch:80 / loss:0.0009494 / SRCC:0.9886 / PLCC:0.9908
[20250201 18:57:01 INFO    ] Starting eval...
[20250201 18:57:01 INFO    ] Running testing in epoch 80
[20250201 18:58:51 INFO    ] Epoch:80 ===== loss:0.0109 ===== SRCC:0.9155 ===== PLCC:0.9189
[20250201 18:58:51 INFO    ] Eval done...
[20250201 18:58:51 INFO    ] Epoch 80 done. Time: 8.9min
[20250201 18:58:51 INFO    ] Running training epoch 81
[20250201 19:06:05 INFO    ] train epoch:81 / loss:0.0009292 / SRCC:0.9888 / PLCC:0.9908
[20250201 19:06:05 INFO    ] Starting eval...
[20250201 19:06:05 INFO    ] Running testing in epoch 81
[20250201 19:07:52 INFO    ] Epoch:81 ===== loss:0.01084 ===== SRCC:0.9165 ===== PLCC:0.9213
[20250201 19:07:52 INFO    ] Eval done...
[20250201 19:07:52 INFO    ] Epoch 81 done. Time: 9.0min
[20250201 19:07:52 INFO    ] Running training epoch 82
[20250201 19:15:35 INFO    ] train epoch:82 / loss:0.0006395 / SRCC:0.9921 / PLCC:0.9938
[20250201 19:15:35 INFO    ] Starting eval...
[20250201 19:15:35 INFO    ] Running testing in epoch 82
[20250201 19:17:21 INFO    ] Epoch:82 ===== loss:0.0123 ===== SRCC:0.9105 ===== PLCC:0.9162
[20250201 19:17:21 INFO    ] Eval done...
[20250201 19:17:21 INFO    ] Epoch 82 done. Time: 9.5min
[20250201 19:17:21 INFO    ] Running training epoch 83
[20250201 19:24:18 INFO    ] train epoch:83 / loss:0.0006084 / SRCC:0.9927 / PLCC:0.994
[20250201 19:24:18 INFO    ] Starting eval...
[20250201 19:24:18 INFO    ] Running testing in epoch 83
[20250201 19:26:08 INFO    ] Epoch:83 ===== loss:0.01053 ===== SRCC:0.9143 ===== PLCC:0.9199
[20250201 19:26:08 INFO    ] Eval done...
[20250201 19:26:08 INFO    ] Epoch 83 done. Time: 8.8min
[20250201 19:26:08 INFO    ] Running training epoch 84
[20250201 19:33:10 INFO    ] train epoch:84 / loss:0.0006495 / SRCC:0.9917 / PLCC:0.9937
[20250201 19:33:10 INFO    ] Starting eval...
[20250201 19:33:10 INFO    ] Running testing in epoch 84
[20250201 19:34:56 INFO    ] Epoch:84 ===== loss:0.01098 ===== SRCC:0.9148 ===== PLCC:0.9184
[20250201 19:34:56 INFO    ] Eval done...
[20250201 19:34:56 INFO    ] Epoch 84 done. Time: 8.8min
[20250201 19:34:56 INFO    ] Running training epoch 85
[20250201 19:42:04 INFO    ] train epoch:85 / loss:0.0004584 / SRCC:0.9943 / PLCC:0.9955
[20250201 19:42:04 INFO    ] Starting eval...
[20250201 19:42:04 INFO    ] Running testing in epoch 85
[20250201 19:43:51 INFO    ] Epoch:85 ===== loss:0.01101 ===== SRCC:0.9102 ===== PLCC:0.9166
[20250201 19:43:51 INFO    ] Eval done...
[20250201 19:43:51 INFO    ] Epoch 85 done. Time: 8.9min
[20250201 19:43:51 INFO    ] Running training epoch 86
[20250201 19:51:01 INFO    ] train epoch:86 / loss:0.0002984 / SRCC:0.9967 / PLCC:0.9971
[20250201 19:51:01 INFO    ] Starting eval...
[20250201 19:51:01 INFO    ] Running testing in epoch 86
[20250201 19:52:50 INFO    ] Epoch:86 ===== loss:0.01119 ===== SRCC:0.9141 ===== PLCC:0.9169
[20250201 19:52:50 INFO    ] Eval done...
[20250201 19:52:50 INFO    ] Epoch 86 done. Time: 9.0min
[20250201 19:52:50 INFO    ] Running training epoch 87
[20250201 20:00:04 INFO    ] train epoch:87 / loss:0.0003207 / SRCC:0.9959 / PLCC:0.9969
[20250201 20:00:04 INFO    ] Starting eval...
[20250201 20:00:04 INFO    ] Running testing in epoch 87
[20250201 20:01:49 INFO    ] Epoch:87 ===== loss:0.01098 ===== SRCC:0.9138 ===== PLCC:0.9196
[20250201 20:01:49 INFO    ] Eval done...
[20250201 20:01:49 INFO    ] Epoch 87 done. Time: 9.0min
[20250201 20:01:49 INFO    ] Running training epoch 88
[20250201 20:09:12 INFO    ] train epoch:88 / loss:0.0002795 / SRCC:0.9966 / PLCC:0.9973
[20250201 20:09:12 INFO    ] Starting eval...
[20250201 20:09:12 INFO    ] Running testing in epoch 88
[20250201 20:11:05 INFO    ] Epoch:88 ===== loss:0.01101 ===== SRCC:0.9129 ===== PLCC:0.9175
[20250201 20:11:05 INFO    ] Eval done...
[20250201 20:11:05 INFO    ] Epoch 88 done. Time: 9.3min
[20250201 20:11:05 INFO    ] Running training epoch 89
[20250201 20:18:26 INFO    ] train epoch:89 / loss:0.0002387 / SRCC:0.997 / PLCC:0.9977
[20250201 20:18:26 INFO    ] Starting eval...
[20250201 20:18:26 INFO    ] Running testing in epoch 89
[20250201 20:20:16 INFO    ] Epoch:89 ===== loss:0.01069 ===== SRCC:0.9161 ===== PLCC:0.9212
[20250201 20:20:16 INFO    ] Eval done...
[20250201 20:20:16 INFO    ] Epoch 89 done. Time: 9.2min
[20250201 20:20:16 INFO    ] Running training epoch 90
[20250201 20:27:32 INFO    ] train epoch:90 / loss:0.0001765 / SRCC:0.9978 / PLCC:0.9983
[20250201 20:27:32 INFO    ] Starting eval...
[20250201 20:27:32 INFO    ] Running testing in epoch 90
[20250201 20:29:14 INFO    ] Epoch:90 ===== loss:0.01048 ===== SRCC:0.9165 ===== PLCC:0.9225
[20250201 20:29:14 INFO    ] Eval done...
[20250201 20:29:14 INFO    ] Epoch 90 done. Time: 9.0min
[20250201 20:29:14 INFO    ] Running training epoch 91
[20250201 20:36:12 INFO    ] train epoch:91 / loss:0.0001453 / SRCC:0.9982 / PLCC:0.9986
[20250201 20:36:12 INFO    ] Starting eval...
[20250201 20:36:12 INFO    ] Running testing in epoch 91
[20250201 20:37:58 INFO    ] Epoch:91 ===== loss:0.01127 ===== SRCC:0.9139 ===== PLCC:0.9178
[20250201 20:37:58 INFO    ] Eval done...
[20250201 20:37:58 INFO    ] Epoch 91 done. Time: 8.7min
[20250201 20:37:58 INFO    ] Running training epoch 92
[20250201 20:45:13 INFO    ] train epoch:92 / loss:0.0001373 / SRCC:0.9983 / PLCC:0.9987
[20250201 20:45:13 INFO    ] Starting eval...
[20250201 20:45:13 INFO    ] Running testing in epoch 92
[20250201 20:46:56 INFO    ] Epoch:92 ===== loss:0.01123 ===== SRCC:0.9136 ===== PLCC:0.9195
[20250201 20:46:56 INFO    ] Eval done...
[20250201 20:46:56 INFO    ] Epoch 92 done. Time: 9.0min
[20250201 20:46:56 INFO    ] Running training epoch 93
[20250201 20:54:19 INFO    ] train epoch:93 / loss:0.0001735 / SRCC:0.9978 / PLCC:0.9983
[20250201 20:54:19 INFO    ] Starting eval...
[20250201 20:54:19 INFO    ] Running testing in epoch 93
[20250201 20:56:08 INFO    ] Epoch:93 ===== loss:0.01058 ===== SRCC:0.9158 ===== PLCC:0.9225
[20250201 20:56:08 INFO    ] Eval done...
[20250201 20:56:08 INFO    ] Epoch 93 done. Time: 9.2min
[20250201 20:56:08 INFO    ] Running training epoch 94
[20250201 21:03:33 INFO    ] train epoch:94 / loss:0.0001555 / SRCC:0.998 / PLCC:0.9985
[20250201 21:03:33 INFO    ] Starting eval...
[20250201 21:03:33 INFO    ] Running testing in epoch 94
[20250201 21:05:22 INFO    ] Epoch:94 ===== loss:0.01122 ===== SRCC:0.9171 ===== PLCC:0.9205
[20250201 21:05:22 INFO    ] Eval done...
[20250201 21:05:22 INFO    ] Epoch 94 done. Time: 9.2min
[20250201 21:05:22 INFO    ] Running training epoch 95
[20250201 21:12:25 INFO    ] train epoch:95 / loss:0.0002162 / SRCC:0.9973 / PLCC:0.9979
[20250201 21:12:25 INFO    ] Starting eval...
[20250201 21:12:25 INFO    ] Running testing in epoch 95
[20250201 21:14:05 INFO    ] Epoch:95 ===== loss:0.01082 ===== SRCC:0.9137 ===== PLCC:0.9197
[20250201 21:14:05 INFO    ] Eval done...
[20250201 21:14:05 INFO    ] Epoch 95 done. Time: 8.7min
[20250201 21:14:05 INFO    ] Running training epoch 96
[20250201 21:20:54 INFO    ] train epoch:96 / loss:0.0001921 / SRCC:0.9977 / PLCC:0.9981
[20250201 21:20:54 INFO    ] Starting eval...
[20250201 21:20:54 INFO    ] Running testing in epoch 96
[20250201 21:22:48 INFO    ] Epoch:96 ===== loss:0.01108 ===== SRCC:0.9127 ===== PLCC:0.9169
[20250201 21:22:48 INFO    ] Eval done...
[20250201 21:22:48 INFO    ] Epoch 96 done. Time: 8.7min
[20250201 21:22:48 INFO    ] Running training epoch 97
[20250201 21:30:41 INFO    ] train epoch:97 / loss:0.0002002 / SRCC:0.9977 / PLCC:0.998
[20250201 21:30:41 INFO    ] Starting eval...
[20250201 21:30:41 INFO    ] Running testing in epoch 97
[20250201 21:32:25 INFO    ] Epoch:97 ===== loss:0.01111 ===== SRCC:0.9127 ===== PLCC:0.9208
[20250201 21:32:25 INFO    ] Eval done...
[20250201 21:32:25 INFO    ] Epoch 97 done. Time: 9.6min
[20250201 21:32:25 INFO    ] Running training epoch 98
[20250201 21:40:19 INFO    ] train epoch:98 / loss:0.0003196 / SRCC:0.9966 / PLCC:0.9969
[20250201 21:40:19 INFO    ] Starting eval...
[20250201 21:40:19 INFO    ] Running testing in epoch 98
[20250201 21:42:15 INFO    ] Epoch:98 ===== loss:0.01117 ===== SRCC:0.9133 ===== PLCC:0.9169
[20250201 21:42:15 INFO    ] Eval done...
[20250201 21:42:15 INFO    ] Epoch 98 done. Time: 9.8min
[20250201 21:42:15 INFO    ] Running training epoch 99
[20250201 21:49:23 INFO    ] train epoch:99 / loss:0.0002492 / SRCC:0.9972 / PLCC:0.9976
[20250201 21:49:23 INFO    ] Starting eval...
[20250201 21:49:23 INFO    ] Running testing in epoch 99
[20250201 21:51:08 INFO    ] Epoch:99 ===== loss:0.01073 ===== SRCC:0.9156 ===== PLCC:0.9191
[20250201 21:51:08 INFO    ] Eval done...
[20250201 21:51:08 INFO    ] Epoch 99 done. Time: 8.9min
[20250201 21:51:08 INFO    ] Running training epoch 100
[20250201 21:58:11 INFO    ] train epoch:100 / loss:0.0002229 / SRCC:0.9976 / PLCC:0.9978
[20250201 21:58:11 INFO    ] Starting eval...
[20250201 21:58:11 INFO    ] Running testing in epoch 100
[20250201 21:59:59 INFO    ] Epoch:100 ===== loss:0.01137 ===== SRCC:0.9143 ===== PLCC:0.9193
[20250201 21:59:59 INFO    ] Eval done...
[20250201 21:59:59 INFO    ] Epoch 100 done. Time: 8.9min
[20250201 21:59:59 INFO    ] Running training epoch 101
[20250201 22:07:06 INFO    ] train epoch:101 / loss:0.000236 / SRCC:0.9977 / PLCC:0.9977
[20250201 22:07:06 INFO    ] Starting eval...
[20250201 22:07:06 INFO    ] Running testing in epoch 101
[20250201 22:09:02 INFO    ] Epoch:101 ===== loss:0.01087 ===== SRCC:0.9143 ===== PLCC:0.9179
[20250201 22:09:02 INFO    ] Eval done...
[20250201 22:09:02 INFO    ] Epoch 101 done. Time: 9.0min
[20250201 22:09:02 INFO    ] Running training epoch 102
[20250201 22:15:49 INFO    ] train epoch:102 / loss:0.0002214 / SRCC:0.9974 / PLCC:0.9978
[20250201 22:15:49 INFO    ] Starting eval...
[20250201 22:15:49 INFO    ] Running testing in epoch 102
[20250201 22:17:32 INFO    ] Epoch:102 ===== loss:0.01095 ===== SRCC:0.9139 ===== PLCC:0.9189
[20250201 22:17:32 INFO    ] Eval done...
[20250201 22:17:32 INFO    ] Epoch 102 done. Time: 8.5min
[20250201 22:17:32 INFO    ] Running training epoch 103
[20250201 22:24:53 INFO    ] train epoch:103 / loss:0.0002412 / SRCC:0.9969 / PLCC:0.9977
[20250201 22:24:53 INFO    ] Starting eval...
[20250201 22:24:53 INFO    ] Running testing in epoch 103
[20250201 22:26:43 INFO    ] Epoch:103 ===== loss:0.01126 ===== SRCC:0.9075 ===== PLCC:0.914
[20250201 22:26:43 INFO    ] Eval done...
[20250201 22:26:43 INFO    ] Epoch 103 done. Time: 9.2min
[20250201 22:26:43 INFO    ] Running training epoch 104
[20250201 22:34:08 INFO    ] train epoch:104 / loss:0.0003673 / SRCC:0.9956 / PLCC:0.9964
[20250201 22:34:08 INFO    ] Starting eval...
[20250201 22:34:08 INFO    ] Running testing in epoch 104
[20250201 22:35:43 INFO    ] Epoch:104 ===== loss:0.01119 ===== SRCC:0.9129 ===== PLCC:0.9172
[20250201 22:35:43 INFO    ] Eval done...
[20250201 22:35:43 INFO    ] Epoch 104 done. Time: 9.0min
[20250201 22:35:43 INFO    ] Running training epoch 105
[20250201 22:42:43 INFO    ] train epoch:105 / loss:0.0009222 / SRCC:0.9893 / PLCC:0.9909
[20250201 22:42:43 INFO    ] Starting eval...
[20250201 22:42:43 INFO    ] Running testing in epoch 105
[20250201 22:44:34 INFO    ] Epoch:105 ===== loss:0.01352 ===== SRCC:0.9023 ===== PLCC:0.9081
[20250201 22:44:34 INFO    ] Eval done...
[20250201 22:44:34 INFO    ] Epoch 105 done. Time: 8.8min
[20250201 22:44:34 INFO    ] Running training epoch 106
[20250201 22:51:56 INFO    ] train epoch:106 / loss:0.0009195 / SRCC:0.9888 / PLCC:0.9911
[20250201 22:51:56 INFO    ] Starting eval...
[20250201 22:51:56 INFO    ] Running testing in epoch 106
[20250201 22:53:44 INFO    ] Epoch:106 ===== loss:0.01266 ===== SRCC:0.9097 ===== PLCC:0.9129
[20250201 22:53:44 INFO    ] Eval done...
[20250201 22:53:44 INFO    ] Epoch 106 done. Time: 9.2min
[20250201 22:53:44 INFO    ] Running training epoch 107
[20250201 23:00:58 INFO    ] train epoch:107 / loss:0.0009036 / SRCC:0.9885 / PLCC:0.9912
[20250201 23:00:59 INFO    ] Starting eval...
[20250201 23:00:59 INFO    ] Running testing in epoch 107
[20250201 23:02:44 INFO    ] Epoch:107 ===== loss:0.0116 ===== SRCC:0.9029 ===== PLCC:0.9141
[20250201 23:02:44 INFO    ] Eval done...
[20250201 23:02:44 INFO    ] Epoch 107 done. Time: 9.0min
[20250201 23:02:44 INFO    ] Running training epoch 108
[20250201 23:10:29 INFO    ] train epoch:108 / loss:0.0006275 / SRCC:0.9925 / PLCC:0.9939
[20250201 23:10:29 INFO    ] Starting eval...
[20250201 23:10:29 INFO    ] Running testing in epoch 108
[20250201 23:12:24 INFO    ] Epoch:108 ===== loss:0.01168 ===== SRCC:0.9113 ===== PLCC:0.9166
[20250201 23:12:24 INFO    ] Eval done...
[20250201 23:12:24 INFO    ] Epoch 108 done. Time: 9.7min
[20250201 23:12:24 INFO    ] Running training epoch 109
[20250201 23:19:55 INFO    ] train epoch:109 / loss:0.0003918 / SRCC:0.9957 / PLCC:0.9962
[20250201 23:19:55 INFO    ] Starting eval...
[20250201 23:19:55 INFO    ] Running testing in epoch 109
[20250201 23:21:48 INFO    ] Epoch:109 ===== loss:0.01275 ===== SRCC:0.91 ===== PLCC:0.9119
[20250201 23:21:48 INFO    ] Eval done...
[20250201 23:21:48 INFO    ] Epoch 109 done. Time: 9.4min
[20250201 23:21:48 INFO    ] Running training epoch 110
[20250201 23:29:06 INFO    ] train epoch:110 / loss:0.0004553 / SRCC:0.9947 / PLCC:0.9956
[20250201 23:29:06 INFO    ] Starting eval...
[20250201 23:29:06 INFO    ] Running testing in epoch 110
[20250201 23:31:00 INFO    ] Epoch:110 ===== loss:0.01195 ===== SRCC:0.9048 ===== PLCC:0.9118
[20250201 23:31:00 INFO    ] Eval done...
[20250201 23:31:00 INFO    ] Epoch 110 done. Time: 9.2min
[20250201 23:31:00 INFO    ] Running training epoch 111
[20250201 23:38:36 INFO    ] train epoch:111 / loss:0.0003649 / SRCC:0.9956 / PLCC:0.9965
[20250201 23:38:36 INFO    ] Starting eval...
[20250201 23:38:36 INFO    ] Running testing in epoch 111
[20250201 23:40:13 INFO    ] Epoch:111 ===== loss:0.01087 ===== SRCC:0.9102 ===== PLCC:0.9182
[20250201 23:40:13 INFO    ] Eval done...
[20250201 23:40:13 INFO    ] Epoch 111 done. Time: 9.2min
[20250201 23:40:13 INFO    ] Running training epoch 112
[20250201 23:47:21 INFO    ] train epoch:112 / loss:0.0002174 / SRCC:0.9975 / PLCC:0.9979
[20250201 23:47:21 INFO    ] Starting eval...
[20250201 23:47:21 INFO    ] Running testing in epoch 112
[20250201 23:49:13 INFO    ] Epoch:112 ===== loss:0.0114 ===== SRCC:0.9118 ===== PLCC:0.9182
[20250201 23:49:13 INFO    ] Eval done...
[20250201 23:49:13 INFO    ] Epoch 112 done. Time: 9.0min
[20250201 23:49:13 INFO    ] Running training epoch 113
[20250201 23:56:50 INFO    ] train epoch:113 / loss:0.000188 / SRCC:0.9978 / PLCC:0.9982
[20250201 23:56:50 INFO    ] Starting eval...
[20250201 23:56:50 INFO    ] Running testing in epoch 113
[20250201 23:58:32 INFO    ] Epoch:113 ===== loss:0.01139 ===== SRCC:0.9122 ===== PLCC:0.9159
[20250201 23:58:32 INFO    ] Eval done...
[20250201 23:58:32 INFO    ] Epoch 113 done. Time: 9.3min
[20250201 23:58:32 INFO    ] Running training epoch 114
[20250202 00:06:13 INFO    ] train epoch:114 / loss:0.0001984 / SRCC:0.9975 / PLCC:0.9981
[20250202 00:06:13 INFO    ] Starting eval...
[20250202 00:06:13 INFO    ] Running testing in epoch 114
[20250202 00:08:01 INFO    ] Epoch:114 ===== loss:0.01141 ===== SRCC:0.9099 ===== PLCC:0.9151
[20250202 00:08:01 INFO    ] Eval done...
[20250202 00:08:01 INFO    ] Epoch 114 done. Time: 9.5min
[20250202 00:08:01 INFO    ] Running training epoch 115
[20250202 00:15:18 INFO    ] train epoch:115 / loss:0.0001998 / SRCC:0.9973 / PLCC:0.9981
[20250202 00:15:18 INFO    ] Starting eval...
[20250202 00:15:18 INFO    ] Running testing in epoch 115
[20250202 00:17:15 INFO    ] Epoch:115 ===== loss:0.01189 ===== SRCC:0.9099 ===== PLCC:0.9149
[20250202 00:17:15 INFO    ] Eval done...
[20250202 00:17:15 INFO    ] Epoch 115 done. Time: 9.2min
[20250202 00:17:15 INFO    ] Running training epoch 116
[20250202 00:24:51 INFO    ] train epoch:116 / loss:0.0001437 / SRCC:0.9981 / PLCC:0.9986
[20250202 00:24:51 INFO    ] Starting eval...
[20250202 00:24:51 INFO    ] Running testing in epoch 116
[20250202 00:26:39 INFO    ] Epoch:116 ===== loss:0.01111 ===== SRCC:0.911 ===== PLCC:0.9188
[20250202 00:26:39 INFO    ] Eval done...
[20250202 00:26:39 INFO    ] Epoch 116 done. Time: 9.4min
[20250202 00:26:39 INFO    ] Running training epoch 117
[20250202 00:34:30 INFO    ] train epoch:117 / loss:0.0001705 / SRCC:0.9978 / PLCC:0.9983
[20250202 00:34:30 INFO    ] Starting eval...
[20250202 00:34:30 INFO    ] Running testing in epoch 117
[20250202 00:36:24 INFO    ] Epoch:117 ===== loss:0.01153 ===== SRCC:0.9079 ===== PLCC:0.9127
[20250202 00:36:24 INFO    ] Eval done...
[20250202 00:36:24 INFO    ] Epoch 117 done. Time: 9.8min
[20250202 00:36:24 INFO    ] Running training epoch 118
[20250202 00:43:24 INFO    ] train epoch:118 / loss:0.0001634 / SRCC:0.9981 / PLCC:0.9984
[20250202 00:43:24 INFO    ] Starting eval...
[20250202 00:43:24 INFO    ] Running testing in epoch 118
[20250202 00:44:50 INFO    ] Epoch:118 ===== loss:0.01247 ===== SRCC:0.9097 ===== PLCC:0.9149
[20250202 00:44:50 INFO    ] Eval done...
[20250202 00:44:50 INFO    ] Epoch 118 done. Time: 8.4min
[20250202 00:44:50 INFO    ] Running training epoch 119
[20250202 00:52:09 INFO    ] train epoch:119 / loss:0.000245 / SRCC:0.997 / PLCC:0.9976
[20250202 00:52:09 INFO    ] Starting eval...
[20250202 00:52:09 INFO    ] Running testing in epoch 119
[20250202 00:53:57 INFO    ] Epoch:119 ===== loss:0.01108 ===== SRCC:0.91 ===== PLCC:0.9166
[20250202 00:53:57 INFO    ] Eval done...
[20250202 00:53:57 INFO    ] Epoch 119 done. Time: 9.1min
[20250202 00:53:57 INFO    ] Running training epoch 120
[20250202 01:01:18 INFO    ] train epoch:120 / loss:0.0003359 / SRCC:0.9961 / PLCC:0.9967
[20250202 01:01:18 INFO    ] Starting eval...
[20250202 01:01:18 INFO    ] Running testing in epoch 120
[20250202 01:03:14 INFO    ] Epoch:120 ===== loss:0.01124 ===== SRCC:0.9022 ===== PLCC:0.9103
[20250202 01:03:14 INFO    ] Eval done...
[20250202 01:03:14 INFO    ] Epoch 120 done. Time: 9.3min
[20250202 01:03:14 INFO    ] Running training epoch 121
[20250202 01:10:33 INFO    ] train epoch:121 / loss:0.0003659 / SRCC:0.9957 / PLCC:0.9964
[20250202 01:10:33 INFO    ] Starting eval...
[20250202 01:10:33 INFO    ] Running testing in epoch 121
[20250202 01:12:23 INFO    ] Epoch:121 ===== loss:0.01167 ===== SRCC:0.9105 ===== PLCC:0.9147
[20250202 01:12:23 INFO    ] Eval done...
[20250202 01:12:23 INFO    ] Epoch 121 done. Time: 9.2min
[20250202 01:12:23 INFO    ] Running training epoch 122
[20250202 01:19:28 INFO    ] train epoch:122 / loss:0.0002541 / SRCC:0.9971 / PLCC:0.9975
[20250202 01:19:28 INFO    ] Starting eval...
[20250202 01:19:28 INFO    ] Running testing in epoch 122
[20250202 01:21:14 INFO    ] Epoch:122 ===== loss:0.01172 ===== SRCC:0.9075 ===== PLCC:0.9129
[20250202 01:21:14 INFO    ] Eval done...
[20250202 01:21:14 INFO    ] Epoch 122 done. Time: 8.9min
[20250202 01:21:14 INFO    ] Running training epoch 123
[20250202 01:28:23 INFO    ] train epoch:123 / loss:0.0003209 / SRCC:0.9963 / PLCC:0.9969
[20250202 01:28:23 INFO    ] Starting eval...
[20250202 01:28:23 INFO    ] Running testing in epoch 123
[20250202 01:30:09 INFO    ] Epoch:123 ===== loss:0.01252 ===== SRCC:0.9094 ===== PLCC:0.9155
[20250202 01:30:09 INFO    ] Eval done...
[20250202 01:30:09 INFO    ] Epoch 123 done. Time: 8.9min
[20250202 01:30:09 INFO    ] Running training epoch 124
[20250202 01:37:33 INFO    ] train epoch:124 / loss:0.0003607 / SRCC:0.9961 / PLCC:0.9965
[20250202 01:37:33 INFO    ] Starting eval...
[20250202 01:37:33 INFO    ] Running testing in epoch 124
[20250202 01:39:19 INFO    ] Epoch:124 ===== loss:0.01172 ===== SRCC:0.906 ===== PLCC:0.913
[20250202 01:39:19 INFO    ] Eval done...
[20250202 01:39:19 INFO    ] Epoch 124 done. Time: 9.2min
[20250202 01:39:19 INFO    ] Running training epoch 125
[20250202 01:46:16 INFO    ] train epoch:125 / loss:0.0002357 / SRCC:0.9972 / PLCC:0.9977
[20250202 01:46:16 INFO    ] Starting eval...
[20250202 01:46:16 INFO    ] Running testing in epoch 125
[20250202 01:48:01 INFO    ] Epoch:125 ===== loss:0.01157 ===== SRCC:0.9092 ===== PLCC:0.914
[20250202 01:48:01 INFO    ] Eval done...
[20250202 01:48:01 INFO    ] Epoch 125 done. Time: 8.7min
[20250202 01:48:01 INFO    ] Running training epoch 126
[20250202 01:54:47 INFO    ] train epoch:126 / loss:0.0002167 / SRCC:0.9974 / PLCC:0.9979
[20250202 01:54:47 INFO    ] Starting eval...
[20250202 01:54:47 INFO    ] Running testing in epoch 126
[20250202 01:56:32 INFO    ] Epoch:126 ===== loss:0.01222 ===== SRCC:0.9071 ===== PLCC:0.9127
[20250202 01:56:32 INFO    ] Eval done...
[20250202 01:56:32 INFO    ] Epoch 126 done. Time: 8.5min
[20250202 01:56:32 INFO    ] Running training epoch 127
[20250202 02:03:29 INFO    ] train epoch:127 / loss:0.0002042 / SRCC:0.9976 / PLCC:0.998
[20250202 02:03:29 INFO    ] Starting eval...
[20250202 02:03:29 INFO    ] Running testing in epoch 127
[20250202 02:05:09 INFO    ] Epoch:127 ===== loss:0.01168 ===== SRCC:0.9095 ===== PLCC:0.9153
[20250202 02:05:09 INFO    ] Eval done...
[20250202 02:05:09 INFO    ] Epoch 127 done. Time: 8.6min
[20250202 02:05:09 INFO    ] Running training epoch 128
[20250202 02:11:42 INFO    ] train epoch:128 / loss:0.000214 / SRCC:0.9973 / PLCC:0.9979
[20250202 02:11:43 INFO    ] Starting eval...
[20250202 02:11:43 INFO    ] Running testing in epoch 128
[20250202 02:13:31 INFO    ] Epoch:128 ===== loss:0.01156 ===== SRCC:0.9093 ===== PLCC:0.9144
[20250202 02:13:31 INFO    ] Eval done...
[20250202 02:13:31 INFO    ] Epoch 128 done. Time: 8.4min
[20250202 02:13:31 INFO    ] Running training epoch 129
[20250202 02:20:22 INFO    ] train epoch:129 / loss:0.0002473 / SRCC:0.9968 / PLCC:0.9976
[20250202 02:20:22 INFO    ] Starting eval...
[20250202 02:20:22 INFO    ] Running testing in epoch 129
[20250202 02:22:04 INFO    ] Epoch:129 ===== loss:0.01156 ===== SRCC:0.9101 ===== PLCC:0.9133
[20250202 02:22:04 INFO    ] Eval done...
[20250202 02:22:04 INFO    ] Epoch 129 done. Time: 8.6min
[20250202 02:22:04 INFO    ] Running training epoch 130
[20250202 02:28:59 INFO    ] train epoch:130 / loss:0.000248 / SRCC:0.9971 / PLCC:0.9976
[20250202 02:28:59 INFO    ] Starting eval...
[20250202 02:28:59 INFO    ] Running testing in epoch 130
[20250202 02:30:32 INFO    ] Epoch:130 ===== loss:0.01153 ===== SRCC:0.9071 ===== PLCC:0.9142
[20250202 02:30:32 INFO    ] Eval done...
[20250202 02:30:32 INFO    ] Epoch 130 done. Time: 8.5min
[20250202 02:30:32 INFO    ] Running training epoch 131
[20250202 02:38:02 INFO    ] train epoch:131 / loss:0.0002507 / SRCC:0.9969 / PLCC:0.9976
[20250202 02:38:02 INFO    ] Starting eval...
[20250202 02:38:02 INFO    ] Running testing in epoch 131
[20250202 02:39:46 INFO    ] Epoch:131 ===== loss:0.01177 ===== SRCC:0.9052 ===== PLCC:0.9118
[20250202 02:39:46 INFO    ] Eval done...
[20250202 02:39:46 INFO    ] Epoch 131 done. Time: 9.2min
[20250202 02:39:46 INFO    ] Running training epoch 132
[20250202 02:46:46 INFO    ] train epoch:132 / loss:0.0002321 / SRCC:0.997 / PLCC:0.9977
[20250202 02:46:46 INFO    ] Starting eval...
[20250202 02:46:46 INFO    ] Running testing in epoch 132
[20250202 02:48:20 INFO    ] Epoch:132 ===== loss:0.01213 ===== SRCC:0.909 ===== PLCC:0.9102
[20250202 02:48:20 INFO    ] Eval done...
[20250202 02:48:20 INFO    ] Epoch 132 done. Time: 8.6min
[20250202 02:48:20 INFO    ] Running training epoch 133
[20250202 02:54:51 INFO    ] train epoch:133 / loss:0.0002521 / SRCC:0.9966 / PLCC:0.9975
[20250202 02:54:51 INFO    ] Starting eval...
[20250202 02:54:51 INFO    ] Running testing in epoch 133
[20250202 02:56:31 INFO    ] Epoch:133 ===== loss:0.01222 ===== SRCC:0.9073 ===== PLCC:0.9115
[20250202 02:56:31 INFO    ] Eval done...
[20250202 02:56:31 INFO    ] Epoch 133 done. Time: 8.2min
[20250202 02:56:31 INFO    ] Running training epoch 134
[20250202 03:02:58 INFO    ] train epoch:134 / loss:0.0002596 / SRCC:0.9966 / PLCC:0.9975
[20250202 03:02:58 INFO    ] Starting eval...
[20250202 03:02:58 INFO    ] Running testing in epoch 134
[20250202 03:04:50 INFO    ] Epoch:134 ===== loss:0.01178 ===== SRCC:0.9049 ===== PLCC:0.9132
[20250202 03:04:50 INFO    ] Eval done...
[20250202 03:04:50 INFO    ] Epoch 134 done. Time: 8.3min
[20250202 03:04:50 INFO    ] Running training epoch 135
[20250202 03:12:38 INFO    ] train epoch:135 / loss:0.0002532 / SRCC:0.997 / PLCC:0.9975
[20250202 03:12:38 INFO    ] Starting eval...
[20250202 03:12:38 INFO    ] Running testing in epoch 135
[20250202 03:14:19 INFO    ] Epoch:135 ===== loss:0.01142 ===== SRCC:0.9119 ===== PLCC:0.9136
[20250202 03:14:19 INFO    ] Eval done...
[20250202 03:14:19 INFO    ] Epoch 135 done. Time: 9.5min
[20250202 03:14:19 INFO    ] Running training epoch 136
[20250202 03:20:50 INFO    ] train epoch:136 / loss:0.0002563 / SRCC:0.9972 / PLCC:0.9975
[20250202 03:20:50 INFO    ] Starting eval...
[20250202 03:20:50 INFO    ] Running testing in epoch 136
[20250202 03:22:30 INFO    ] Epoch:136 ===== loss:0.01205 ===== SRCC:0.9079 ===== PLCC:0.9128
[20250202 03:22:30 INFO    ] Eval done...
[20250202 03:22:30 INFO    ] Epoch 136 done. Time: 8.2min
[20250202 03:22:30 INFO    ] Running training epoch 137
[20250202 03:29:17 INFO    ] train epoch:137 / loss:0.0002235 / SRCC:0.9972 / PLCC:0.9978
[20250202 03:29:17 INFO    ] Starting eval...
[20250202 03:29:17 INFO    ] Running testing in epoch 137
[20250202 03:30:57 INFO    ] Epoch:137 ===== loss:0.01131 ===== SRCC:0.9114 ===== PLCC:0.9158
[20250202 03:30:57 INFO    ] Eval done...
[20250202 03:30:57 INFO    ] Epoch 137 done. Time: 8.4min
[20250202 03:30:57 INFO    ] Running training epoch 138
[20250202 03:37:46 INFO    ] train epoch:138 / loss:0.000186 / SRCC:0.9978 / PLCC:0.9982
[20250202 03:37:46 INFO    ] Starting eval...
[20250202 03:37:46 INFO    ] Running testing in epoch 138
[20250202 03:39:21 INFO    ] Epoch:138 ===== loss:0.01171 ===== SRCC:0.9043 ===== PLCC:0.9131
[20250202 03:39:22 INFO    ] Eval done...
[20250202 03:39:22 INFO    ] Epoch 138 done. Time: 8.4min
[20250202 03:39:22 INFO    ] Running training epoch 139
[20250202 03:46:05 INFO    ] train epoch:139 / loss:0.0002061 / SRCC:0.9976 / PLCC:0.998
[20250202 03:46:05 INFO    ] Starting eval...
[20250202 03:46:05 INFO    ] Running testing in epoch 139
[20250202 03:47:55 INFO    ] Epoch:139 ===== loss:0.0115 ===== SRCC:0.9075 ===== PLCC:0.9142
[20250202 03:47:55 INFO    ] Eval done...
[20250202 03:47:55 INFO    ] Epoch 139 done. Time: 8.6min
[20250202 03:47:55 INFO    ] Running training epoch 140
[20250202 03:54:40 INFO    ] train epoch:140 / loss:0.0001852 / SRCC:0.9976 / PLCC:0.9982
[20250202 03:54:40 INFO    ] Starting eval...
[20250202 03:54:40 INFO    ] Running testing in epoch 140
[20250202 03:56:23 INFO    ] Epoch:140 ===== loss:0.01164 ===== SRCC:0.9069 ===== PLCC:0.9125
[20250202 03:56:23 INFO    ] Eval done...
[20250202 03:56:23 INFO    ] Epoch 140 done. Time: 8.5min
[20250202 03:56:23 INFO    ] Running training epoch 141
[20250202 04:03:21 INFO    ] train epoch:141 / loss:0.0001898 / SRCC:0.9977 / PLCC:0.9982
[20250202 04:03:21 INFO    ] Starting eval...
[20250202 04:03:21 INFO    ] Running testing in epoch 141
[20250202 04:05:09 INFO    ] Epoch:141 ===== loss:0.0126 ===== SRCC:0.9091 ===== PLCC:0.9133
[20250202 04:05:09 INFO    ] Eval done...
[20250202 04:05:09 INFO    ] Epoch 141 done. Time: 8.8min
[20250202 04:05:09 INFO    ] Running training epoch 142
[20250202 04:12:19 INFO    ] train epoch:142 / loss:0.0003032 / SRCC:0.9967 / PLCC:0.9971
[20250202 04:12:19 INFO    ] Starting eval...
[20250202 04:12:19 INFO    ] Running testing in epoch 142
[20250202 04:14:04 INFO    ] Epoch:142 ===== loss:0.01198 ===== SRCC:0.9058 ===== PLCC:0.9107
[20250202 04:14:04 INFO    ] Eval done...
[20250202 04:14:04 INFO    ] Epoch 142 done. Time: 8.9min
[20250202 04:14:04 INFO    ] Running training epoch 143
[20250202 04:21:16 INFO    ] train epoch:143 / loss:0.0002967 / SRCC:0.9965 / PLCC:0.9971
[20250202 04:21:16 INFO    ] Starting eval...
[20250202 04:21:16 INFO    ] Running testing in epoch 143
[20250202 04:23:00 INFO    ] Epoch:143 ===== loss:0.01127 ===== SRCC:0.9071 ===== PLCC:0.9135
[20250202 04:23:00 INFO    ] Eval done...
[20250202 04:23:00 INFO    ] Epoch 143 done. Time: 8.9min
[20250202 04:23:00 INFO    ] Running training epoch 144
[20250202 04:30:02 INFO    ] train epoch:144 / loss:0.0003109 / SRCC:0.996 / PLCC:0.997
[20250202 04:30:02 INFO    ] Starting eval...
[20250202 04:30:02 INFO    ] Running testing in epoch 144
[20250202 04:31:50 INFO    ] Epoch:144 ===== loss:0.01125 ===== SRCC:0.9066 ===== PLCC:0.913
[20250202 04:31:50 INFO    ] Eval done...
[20250202 04:31:50 INFO    ] Epoch 144 done. Time: 8.8min
[20250202 04:31:50 INFO    ] Running training epoch 145
[20250202 04:39:06 INFO    ] train epoch:145 / loss:0.0003699 / SRCC:0.9952 / PLCC:0.9964
[20250202 04:39:06 INFO    ] Starting eval...
[20250202 04:39:06 INFO    ] Running testing in epoch 145
[20250202 04:40:53 INFO    ] Epoch:145 ===== loss:0.01162 ===== SRCC:0.906 ===== PLCC:0.913
[20250202 04:40:53 INFO    ] Eval done...
[20250202 04:40:53 INFO    ] Epoch 145 done. Time: 9.0min
[20250202 04:40:53 INFO    ] Running training epoch 146
[20250202 04:48:09 INFO    ] train epoch:146 / loss:0.0004332 / SRCC:0.995 / PLCC:0.9958
[20250202 04:48:09 INFO    ] Starting eval...
[20250202 04:48:09 INFO    ] Running testing in epoch 146
[20250202 04:49:57 INFO    ] Epoch:146 ===== loss:0.01201 ===== SRCC:0.9055 ===== PLCC:0.9111
[20250202 04:49:57 INFO    ] Eval done...
[20250202 04:49:57 INFO    ] Epoch 146 done. Time: 9.1min
[20250202 04:49:57 INFO    ] Running training epoch 147
[20250202 04:56:43 INFO    ] train epoch:147 / loss:0.0004656 / SRCC:0.9947 / PLCC:0.9955
[20250202 04:56:43 INFO    ] Starting eval...
[20250202 04:56:43 INFO    ] Running testing in epoch 147
[20250202 04:58:32 INFO    ] Epoch:147 ===== loss:0.0133 ===== SRCC:0.8998 ===== PLCC:0.9025
[20250202 04:58:32 INFO    ] Eval done...
[20250202 04:58:32 INFO    ] Epoch 147 done. Time: 8.6min
[20250202 04:58:32 INFO    ] Running training epoch 148
[20250202 05:05:54 INFO    ] train epoch:148 / loss:0.000588 / SRCC:0.9929 / PLCC:0.9943
[20250202 05:05:54 INFO    ] Starting eval...
[20250202 05:05:54 INFO    ] Running testing in epoch 148
[20250202 05:07:33 INFO    ] Epoch:148 ===== loss:0.01189 ===== SRCC:0.9035 ===== PLCC:0.9113
[20250202 05:07:33 INFO    ] Eval done...
[20250202 05:07:33 INFO    ] Epoch 148 done. Time: 9.0min
[20250202 05:07:33 INFO    ] Running training epoch 149
[20250202 05:14:30 INFO    ] train epoch:149 / loss:0.0003646 / SRCC:0.9958 / PLCC:0.9964
[20250202 05:14:30 INFO    ] Starting eval...
[20250202 05:14:30 INFO    ] Running testing in epoch 149
[20250202 05:16:17 INFO    ] Epoch:149 ===== loss:0.01246 ===== SRCC:0.9021 ===== PLCC:0.9073
[20250202 05:16:17 INFO    ] Eval done...
[20250202 05:16:17 INFO    ] Epoch 149 done. Time: 8.7min
[20250202 05:16:17 INFO    ] Running training epoch 150
[20250202 05:23:24 INFO    ] train epoch:150 / loss:0.0002912 / SRCC:0.9965 / PLCC:0.9972
[20250202 05:23:24 INFO    ] Starting eval...
[20250202 05:23:24 INFO    ] Running testing in epoch 150
[20250202 05:25:05 INFO    ] Epoch:150 ===== loss:0.01182 ===== SRCC:0.907 ===== PLCC:0.9113
[20250202 05:25:05 INFO    ] Eval done...
[20250202 05:25:05 INFO    ] Epoch 150 done. Time: 8.8min
[20250202 05:25:05 INFO    ] Running training epoch 151
[20250202 05:32:09 INFO    ] train epoch:151 / loss:0.0003413 / SRCC:0.9959 / PLCC:0.9967
[20250202 05:32:09 INFO    ] Starting eval...
[20250202 05:32:09 INFO    ] Running testing in epoch 151
[20250202 05:33:53 INFO    ] Epoch:151 ===== loss:0.01228 ===== SRCC:0.9032 ===== PLCC:0.9077
[20250202 05:33:53 INFO    ] Eval done...
[20250202 05:33:53 INFO    ] Epoch 151 done. Time: 8.8min
[20250202 05:33:53 INFO    ] Running training epoch 152
[20250202 05:40:51 INFO    ] train epoch:152 / loss:0.0002579 / SRCC:0.9969 / PLCC:0.9975
[20250202 05:40:51 INFO    ] Starting eval...
[20250202 05:40:51 INFO    ] Running testing in epoch 152
[20250202 05:42:35 INFO    ] Epoch:152 ===== loss:0.01153 ===== SRCC:0.9056 ===== PLCC:0.9128
[20250202 05:42:35 INFO    ] Eval done...
[20250202 05:42:35 INFO    ] Epoch 152 done. Time: 8.7min
[20250202 05:42:35 INFO    ] Running training epoch 153
[20250202 05:50:09 INFO    ] train epoch:153 / loss:0.0002431 / SRCC:0.9973 / PLCC:0.9976
[20250202 05:50:09 INFO    ] Starting eval...
[20250202 05:50:09 INFO    ] Running testing in epoch 153
[20250202 05:51:50 INFO    ] Epoch:153 ===== loss:0.01142 ===== SRCC:0.9067 ===== PLCC:0.9125
[20250202 05:51:50 INFO    ] Eval done...
[20250202 05:51:50 INFO    ] Epoch 153 done. Time: 9.3min
[20250202 05:51:50 INFO    ] Running training epoch 154
[20250202 05:58:32 INFO    ] train epoch:154 / loss:0.0002329 / SRCC:0.9974 / PLCC:0.9977
[20250202 05:58:32 INFO    ] Starting eval...
[20250202 05:58:32 INFO    ] Running testing in epoch 154
[20250202 06:00:16 INFO    ] Epoch:154 ===== loss:0.01189 ===== SRCC:0.9033 ===== PLCC:0.9111
[20250202 06:00:16 INFO    ] Eval done...
[20250202 06:00:16 INFO    ] Epoch 154 done. Time: 8.4min
[20250202 06:00:16 INFO    ] Running training epoch 155
[20250202 06:07:20 INFO    ] train epoch:155 / loss:0.0002928 / SRCC:0.9964 / PLCC:0.9972
[20250202 06:07:20 INFO    ] Starting eval...
[20250202 06:07:20 INFO    ] Running testing in epoch 155
[20250202 06:09:07 INFO    ] Epoch:155 ===== loss:0.01217 ===== SRCC:0.9004 ===== PLCC:0.9098
[20250202 06:09:07 INFO    ] Eval done...
[20250202 06:09:07 INFO    ] Epoch 155 done. Time: 8.8min
[20250202 06:09:07 INFO    ] Running training epoch 156
[20250202 06:16:12 INFO    ] train epoch:156 / loss:0.0002877 / SRCC:0.9965 / PLCC:0.9972
[20250202 06:16:12 INFO    ] Starting eval...
[20250202 06:16:12 INFO    ] Running testing in epoch 156
[20250202 06:18:04 INFO    ] Epoch:156 ===== loss:0.01183 ===== SRCC:0.9022 ===== PLCC:0.9107
[20250202 06:18:04 INFO    ] Eval done...
[20250202 06:18:04 INFO    ] Epoch 156 done. Time: 8.9min
[20250202 06:18:04 INFO    ] Running training epoch 157
[20250202 06:25:31 INFO    ] train epoch:157 / loss:0.0002009 / SRCC:0.9976 / PLCC:0.9981
[20250202 06:25:31 INFO    ] Starting eval...
[20250202 06:25:31 INFO    ] Running testing in epoch 157
[20250202 06:27:16 INFO    ] Epoch:157 ===== loss:0.01179 ===== SRCC:0.9053 ===== PLCC:0.9112
[20250202 06:27:16 INFO    ] Eval done...
[20250202 06:27:16 INFO    ] Epoch 157 done. Time: 9.2min
[20250202 06:27:16 INFO    ] Running training epoch 158
