[20250219 02:12:37 INFO    ] {'dataset_name': 'koniq10k', 'koniq10k_path': '../all_dataset/KonIQ-10K/1024x768', 'koniq10k_label': './data/koniq10k/koniq10k_label.txt', 'livec_path': '../all_dataset/LIVEC/Images/', 'livec_label': './data/livec/livec_label.txt', 'spaq_path': '../all_dataset/SPAQ/TestImage/', 'spaq_label': './data/spaq/spaq_label.txt', 'tid2013_path': '../all_dataset/tid2013/distorted_images/', 'tid2013_label': 'data/tid2013/tid2013_label.txt', 'kadid10k_path': '../all_dataset/KADID-10K/images/', 'kadid10k_label': './data/kadid10k/kadid10k_label.txt', 'batch_size': 12, 'learning_rate': 1e-05, 'weight_decay': 1e-05, 'n_epoch': 200, 'val_freq': 1, 'T_max': 50, 'eta_min': 0, 'num_avg_val': 1, 'num_workers': 8, 'split_seed': 20, 'train_keep_ratio': 1.0, 'val_keep_ratio': 1.0, 'crop_size': 224, 'prob_aug': 0.7, 'patch_size': 8, 'img_size': 224, 'embed_dim': 768, 'dim_mlp': 768, 'num_heads': [4, 4], 'window_size': 4, 'depths': [2, 2], 'num_outputs': 1, 'num_tab': 2, 'scale': 0.8, 'ckpt_path': './output_koniq10k/models/koniq10k', 'log_path': './output_koniq10k/log/koniq10k', 'log_file': 'koniq10k.log', 'tensorboard_path': './output_koniq10k/koniq10k'}
[20250219 02:12:40 INFO    ] number of train scenes: 8058
[20250219 02:12:40 INFO    ] number of val scenes: 2015
[20250219 02:12:43 INFO    ] #Params : 172.537214 [M]
[20250219 02:12:47 INFO    ] Running training epoch 1
[20250219 02:48:21 INFO    ] train epoch:1 / loss:0.009282 / SRCC:0.8315 / PLCC:0.8372
[20250219 02:48:21 INFO    ] Starting eval...
[20250219 02:48:21 INFO    ] Running testing in epoch 1
[20250219 02:57:01 INFO    ] Epoch:1 ===== loss:0.004511 ===== SRCC:0.9109 ===== PLCC:0.9322
[20250219 02:57:01 INFO    ] Eval done...
[20250219 02:57:01 INFO    ] ======================================================================================
[20250219 02:57:01 INFO    ] ============================== best main score is 1.8431079784941897 =================================
[20250219 02:57:01 INFO    ] ======================================================================================
[20250219 02:57:02 INFO    ] Saving weights and model of epoch1, SRCC:0.9109477333830767, PLCC:0.9321602451111131
[20250219 02:57:02 INFO    ] Epoch 1 done. Time: 4.4e+01min
[20250219 02:57:02 INFO    ] Running training epoch 2
[20250219 03:06:58 INFO    ] train epoch:2 / loss:0.003595 / SRCC:0.9181 / PLCC:0.939
[20250219 03:06:58 INFO    ] Starting eval...
[20250219 03:06:58 INFO    ] Running testing in epoch 2
[20250219 03:08:42 INFO    ] Epoch:2 ===== loss:0.004585 ===== SRCC:0.9126 ===== PLCC:0.9323
[20250219 03:08:42 INFO    ] Eval done...
[20250219 03:08:42 INFO    ] ======================================================================================
[20250219 03:08:42 INFO    ] ============================== best main score is 1.8449476379244172 =================================
[20250219 03:08:42 INFO    ] ======================================================================================
[20250219 03:08:43 INFO    ] Saving weights and model of epoch2, SRCC:0.9126038579957185, PLCC:0.9323437799286987
[20250219 03:08:43 INFO    ] Epoch 2 done. Time: 1.2e+01min
[20250219 03:08:43 INFO    ] Running training epoch 3
[20250219 03:18:32 INFO    ] train epoch:3 / loss:0.002552 / SRCC:0.9408 / PLCC:0.9571
[20250219 03:18:32 INFO    ] Starting eval...
[20250219 03:18:32 INFO    ] Running testing in epoch 3
[20250219 03:20:45 INFO    ] Epoch:3 ===== loss:0.004371 ===== SRCC:0.9147 ===== PLCC:0.9342
[20250219 03:20:45 INFO    ] Eval done...
[20250219 03:20:45 INFO    ] ======================================================================================
[20250219 03:20:45 INFO    ] ============================== best main score is 1.8488809939636335 =================================
[20250219 03:20:45 INFO    ] ======================================================================================
[20250219 03:20:46 INFO    ] Saving weights and model of epoch3, SRCC:0.9146526497788632, PLCC:0.9342283441847703
[20250219 03:20:46 INFO    ] Epoch 3 done. Time: 1.2e+01min
[20250219 03:20:46 INFO    ] Running training epoch 4
[20250219 03:30:41 INFO    ] train epoch:4 / loss:0.001881 / SRCC:0.9554 / PLCC:0.9686
[20250219 03:30:41 INFO    ] Starting eval...
[20250219 03:30:41 INFO    ] Running testing in epoch 4
[20250219 03:32:41 INFO    ] Epoch:4 ===== loss:0.004106 ===== SRCC:0.9251 ===== PLCC:0.9442
[20250219 03:32:41 INFO    ] Eval done...
[20250219 03:32:41 INFO    ] ======================================================================================
[20250219 03:32:41 INFO    ] ============================== best main score is 1.8692954874418923 =================================
[20250219 03:32:41 INFO    ] ======================================================================================
[20250219 03:32:42 INFO    ] Saving weights and model of epoch4, SRCC:0.9251169170568734, PLCC:0.9441785703850188
[20250219 03:32:42 INFO    ] Epoch 4 done. Time: 1.2e+01min
[20250219 03:32:42 INFO    ] Running training epoch 5
[20250219 03:42:35 INFO    ] train epoch:5 / loss:0.001466 / SRCC:0.9654 / PLCC:0.9756
[20250219 03:42:35 INFO    ] Starting eval...
[20250219 03:42:35 INFO    ] Running testing in epoch 5
[20250219 03:44:30 INFO    ] Epoch:5 ===== loss:0.004622 ===== SRCC:0.922 ===== PLCC:0.9425
[20250219 03:44:30 INFO    ] Eval done...
[20250219 03:44:30 INFO    ] Epoch 5 done. Time: 1.2e+01min
[20250219 03:44:30 INFO    ] Running training epoch 6
[20250219 03:54:28 INFO    ] train epoch:6 / loss:0.001135 / SRCC:0.9736 / PLCC:0.9811
[20250219 03:54:28 INFO    ] Starting eval...
[20250219 03:54:28 INFO    ] Running testing in epoch 6
[20250219 03:56:28 INFO    ] Epoch:6 ===== loss:0.004555 ===== SRCC:0.9218 ===== PLCC:0.941
[20250219 03:56:28 INFO    ] Eval done...
[20250219 03:56:28 INFO    ] Epoch 6 done. Time: 1.2e+01min
[20250219 03:56:28 INFO    ] Running training epoch 7
[20250219 04:06:30 INFO    ] train epoch:7 / loss:0.0009786 / SRCC:0.9773 / PLCC:0.9838
[20250219 04:06:30 INFO    ] Starting eval...
[20250219 04:06:30 INFO    ] Running testing in epoch 7
[20250219 04:08:30 INFO    ] Epoch:7 ===== loss:0.004446 ===== SRCC:0.921 ===== PLCC:0.9418
[20250219 04:08:30 INFO    ] Eval done...
[20250219 04:08:30 INFO    ] Epoch 7 done. Time: 1.2e+01min
[20250219 04:08:30 INFO    ] Running training epoch 8
[20250219 04:18:32 INFO    ] train epoch:8 / loss:0.0008297 / SRCC:0.9811 / PLCC:0.9863
[20250219 04:18:32 INFO    ] Starting eval...
[20250219 04:18:32 INFO    ] Running testing in epoch 8
[20250219 04:20:32 INFO    ] Epoch:8 ===== loss:0.003661 ===== SRCC:0.924 ===== PLCC:0.9449
[20250219 04:20:32 INFO    ] Eval done...
[20250219 04:20:32 INFO    ] Epoch 8 done. Time: 1.2e+01min
[20250219 04:20:32 INFO    ] Running training epoch 9
[20250219 04:30:24 INFO    ] train epoch:9 / loss:0.0007374 / SRCC:0.9831 / PLCC:0.9878
[20250219 04:30:24 INFO    ] Starting eval...
[20250219 04:30:24 INFO    ] Running testing in epoch 9
[20250219 04:32:18 INFO    ] Epoch:9 ===== loss:0.004278 ===== SRCC:0.923 ===== PLCC:0.9429
[20250219 04:32:18 INFO    ] Eval done...
[20250219 04:32:18 INFO    ] Epoch 9 done. Time: 1.2e+01min
[20250219 04:32:18 INFO    ] Running training epoch 10
[20250219 04:42:12 INFO    ] train epoch:10 / loss:0.0006773 / SRCC:0.9849 / PLCC:0.9888
[20250219 04:42:12 INFO    ] Starting eval...
[20250219 04:42:12 INFO    ] Running testing in epoch 10
[20250219 04:44:13 INFO    ] Epoch:10 ===== loss:0.005054 ===== SRCC:0.9185 ===== PLCC:0.9405
[20250219 04:44:13 INFO    ] Eval done...
[20250219 04:44:13 INFO    ] Epoch 10 done. Time: 1.2e+01min
[20250219 04:44:13 INFO    ] Running training epoch 11
[20250219 04:54:06 INFO    ] train epoch:11 / loss:0.0006882 / SRCC:0.9849 / PLCC:0.9886
[20250219 04:54:06 INFO    ] Starting eval...
[20250219 04:54:06 INFO    ] Running testing in epoch 11
[20250219 04:56:00 INFO    ] Epoch:11 ===== loss:0.004855 ===== SRCC:0.9216 ===== PLCC:0.9422
[20250219 04:56:00 INFO    ] Eval done...
[20250219 04:56:00 INFO    ] Epoch 11 done. Time: 1.2e+01min
[20250219 04:56:00 INFO    ] Running training epoch 12
[20250219 05:05:53 INFO    ] train epoch:12 / loss:0.0006921 / SRCC:0.9848 / PLCC:0.9886
[20250219 05:05:53 INFO    ] Starting eval...
[20250219 05:05:53 INFO    ] Running testing in epoch 12
[20250219 05:07:57 INFO    ] Epoch:12 ===== loss:0.003923 ===== SRCC:0.9204 ===== PLCC:0.9421
[20250219 05:07:57 INFO    ] Eval done...
[20250219 05:07:57 INFO    ] Epoch 12 done. Time: 1.2e+01min
[20250219 05:07:57 INFO    ] Running training epoch 13
[20250219 05:17:50 INFO    ] train epoch:13 / loss:0.0006325 / SRCC:0.9863 / PLCC:0.9895
[20250219 05:17:50 INFO    ] Starting eval...
[20250219 05:17:50 INFO    ] Running testing in epoch 13
[20250219 05:19:47 INFO    ] Epoch:13 ===== loss:0.003833 ===== SRCC:0.9232 ===== PLCC:0.9425
[20250219 05:19:47 INFO    ] Eval done...
[20250219 05:19:47 INFO    ] Epoch 13 done. Time: 1.2e+01min
[20250219 05:19:47 INFO    ] Running training epoch 14
[20250219 05:29:38 INFO    ] train epoch:14 / loss:0.0005694 / SRCC:0.9877 / PLCC:0.9906
[20250219 05:29:38 INFO    ] Starting eval...
[20250219 05:29:38 INFO    ] Running testing in epoch 14
[20250219 05:31:39 INFO    ] Epoch:14 ===== loss:0.004799 ===== SRCC:0.9206 ===== PLCC:0.9424
[20250219 05:31:39 INFO    ] Eval done...
[20250219 05:31:39 INFO    ] Epoch 14 done. Time: 1.2e+01min
[20250219 05:31:39 INFO    ] Running training epoch 15
[20250219 05:41:40 INFO    ] train epoch:15 / loss:0.0005494 / SRCC:0.9881 / PLCC:0.9909
[20250219 05:41:40 INFO    ] Starting eval...
[20250219 05:41:40 INFO    ] Running testing in epoch 15
[20250219 05:43:41 INFO    ] Epoch:15 ===== loss:0.004272 ===== SRCC:0.9222 ===== PLCC:0.944
[20250219 05:43:41 INFO    ] Eval done...
[20250219 05:43:41 INFO    ] Epoch 15 done. Time: 1.2e+01min
[20250219 05:43:41 INFO    ] Running training epoch 16
[20250219 05:53:35 INFO    ] train epoch:16 / loss:0.0006096 / SRCC:0.9867 / PLCC:0.9899
[20250219 05:53:35 INFO    ] Starting eval...
[20250219 05:53:35 INFO    ] Running testing in epoch 16
[20250219 05:55:38 INFO    ] Epoch:16 ===== loss:0.004653 ===== SRCC:0.9173 ===== PLCC:0.9386
[20250219 05:55:38 INFO    ] Eval done...
[20250219 05:55:38 INFO    ] Epoch 16 done. Time: 1.2e+01min
[20250219 05:55:38 INFO    ] Running training epoch 17
[20250219 06:05:34 INFO    ] train epoch:17 / loss:0.0005939 / SRCC:0.987 / PLCC:0.9902
[20250219 06:05:34 INFO    ] Starting eval...
[20250219 06:05:34 INFO    ] Running testing in epoch 17
[20250219 06:07:33 INFO    ] Epoch:17 ===== loss:0.003641 ===== SRCC:0.9201 ===== PLCC:0.9421
[20250219 06:07:33 INFO    ] Eval done...
[20250219 06:07:33 INFO    ] Epoch 17 done. Time: 1.2e+01min
[20250219 06:07:33 INFO    ] Running training epoch 18
[20250219 06:17:31 INFO    ] train epoch:18 / loss:0.000571 / SRCC:0.9878 / PLCC:0.9906
[20250219 06:17:31 INFO    ] Starting eval...
[20250219 06:17:31 INFO    ] Running testing in epoch 18
[20250219 06:19:37 INFO    ] Epoch:18 ===== loss:0.003868 ===== SRCC:0.918 ===== PLCC:0.9408
[20250219 06:19:37 INFO    ] Eval done...
[20250219 06:19:37 INFO    ] Epoch 18 done. Time: 1.2e+01min
[20250219 06:19:37 INFO    ] Running training epoch 19
[20250219 06:29:33 INFO    ] train epoch:19 / loss:0.0005342 / SRCC:0.9887 / PLCC:0.9912
[20250219 06:29:33 INFO    ] Starting eval...
[20250219 06:29:33 INFO    ] Running testing in epoch 19
[20250219 06:31:32 INFO    ] Epoch:19 ===== loss:0.00405 ===== SRCC:0.9183 ===== PLCC:0.9405
[20250219 06:31:32 INFO    ] Eval done...
[20250219 06:31:32 INFO    ] Epoch 19 done. Time: 1.2e+01min
[20250219 06:31:32 INFO    ] Running training epoch 20
[20250219 06:41:26 INFO    ] train epoch:20 / loss:0.00048 / SRCC:0.9898 / PLCC:0.9921
[20250219 06:41:26 INFO    ] Starting eval...
[20250219 06:41:26 INFO    ] Running testing in epoch 20
[20250219 06:43:28 INFO    ] Epoch:20 ===== loss:0.0051 ===== SRCC:0.9191 ===== PLCC:0.9414
[20250219 06:43:28 INFO    ] Eval done...
[20250219 06:43:28 INFO    ] Epoch 20 done. Time: 1.2e+01min
[20250219 06:43:28 INFO    ] Running training epoch 21
[20250219 06:53:22 INFO    ] train epoch:21 / loss:0.000532 / SRCC:0.9886 / PLCC:0.9912
[20250219 06:53:22 INFO    ] Starting eval...
[20250219 06:53:22 INFO    ] Running testing in epoch 21
[20250219 06:55:25 INFO    ] Epoch:21 ===== loss:0.003846 ===== SRCC:0.9187 ===== PLCC:0.9407
[20250219 06:55:25 INFO    ] Eval done...
[20250219 06:55:25 INFO    ] Epoch 21 done. Time: 1.2e+01min
[20250219 06:55:25 INFO    ] Running training epoch 22
[20250219 07:05:20 INFO    ] train epoch:22 / loss:0.0005067 / SRCC:0.9889 / PLCC:0.9916
[20250219 07:05:20 INFO    ] Starting eval...
[20250219 07:05:20 INFO    ] Running testing in epoch 22
[20250219 07:07:19 INFO    ] Epoch:22 ===== loss:0.004234 ===== SRCC:0.9158 ===== PLCC:0.94
[20250219 07:07:19 INFO    ] Eval done...
[20250219 07:07:19 INFO    ] Epoch 22 done. Time: 1.2e+01min
[20250219 07:07:19 INFO    ] Running training epoch 23
[20250219 07:17:14 INFO    ] train epoch:23 / loss:0.0005033 / SRCC:0.989 / PLCC:0.9917
[20250219 07:17:14 INFO    ] Starting eval...
[20250219 07:17:14 INFO    ] Running testing in epoch 23
[20250219 07:19:10 INFO    ] Epoch:23 ===== loss:0.003923 ===== SRCC:0.9152 ===== PLCC:0.9391
[20250219 07:19:10 INFO    ] Eval done...
[20250219 07:19:10 INFO    ] Epoch 23 done. Time: 1.2e+01min
[20250219 07:19:10 INFO    ] Running training epoch 24
[20250219 07:29:03 INFO    ] train epoch:24 / loss:0.0004694 / SRCC:0.9895 / PLCC:0.9922
[20250219 07:29:03 INFO    ] Starting eval...
[20250219 07:29:03 INFO    ] Running testing in epoch 24
[20250219 07:31:08 INFO    ] Epoch:24 ===== loss:0.004179 ===== SRCC:0.9117 ===== PLCC:0.937
[20250219 07:31:08 INFO    ] Eval done...
[20250219 07:31:08 INFO    ] Epoch 24 done. Time: 1.2e+01min
[20250219 07:31:08 INFO    ] Running training epoch 25
[20250219 07:41:08 INFO    ] train epoch:25 / loss:0.000502 / SRCC:0.989 / PLCC:0.9917
[20250219 07:41:08 INFO    ] Starting eval...
[20250219 07:41:08 INFO    ] Running testing in epoch 25
[20250219 07:43:12 INFO    ] Epoch:25 ===== loss:0.004332 ===== SRCC:0.9157 ===== PLCC:0.9399
[20250219 07:43:12 INFO    ] Eval done...
[20250219 07:43:12 INFO    ] Epoch 25 done. Time: 1.2e+01min
[20250219 07:43:12 INFO    ] Running training epoch 26
[20250219 07:53:10 INFO    ] train epoch:26 / loss:0.0004801 / SRCC:0.9899 / PLCC:0.9921
[20250219 07:53:10 INFO    ] Starting eval...
[20250219 07:53:10 INFO    ] Running testing in epoch 26
[20250219 07:55:08 INFO    ] Epoch:26 ===== loss:0.004685 ===== SRCC:0.9147 ===== PLCC:0.9388
[20250219 07:55:08 INFO    ] Eval done...
[20250219 07:55:08 INFO    ] Epoch 26 done. Time: 1.2e+01min
[20250219 07:55:08 INFO    ] Running training epoch 27
[20250219 08:05:09 INFO    ] train epoch:27 / loss:0.0004804 / SRCC:0.9898 / PLCC:0.9921
[20250219 08:05:09 INFO    ] Starting eval...
[20250219 08:05:09 INFO    ] Running testing in epoch 27
[20250219 08:07:12 INFO    ] Epoch:27 ===== loss:0.004384 ===== SRCC:0.9137 ===== PLCC:0.9372
[20250219 08:07:12 INFO    ] Eval done...
[20250219 08:07:12 INFO    ] Epoch 27 done. Time: 1.2e+01min
[20250219 08:07:12 INFO    ] Running training epoch 28
[20250219 08:17:11 INFO    ] train epoch:28 / loss:0.0004884 / SRCC:0.9895 / PLCC:0.9919
[20250219 08:17:11 INFO    ] Starting eval...
[20250219 08:17:11 INFO    ] Running testing in epoch 28
[20250219 08:19:10 INFO    ] Epoch:28 ===== loss:0.003928 ===== SRCC:0.9143 ===== PLCC:0.9389
[20250219 08:19:10 INFO    ] Eval done...
[20250219 08:19:10 INFO    ] Epoch 28 done. Time: 1.2e+01min
[20250219 08:19:10 INFO    ] Running training epoch 29
[20250219 08:29:09 INFO    ] train epoch:29 / loss:0.0005063 / SRCC:0.9891 / PLCC:0.9916
[20250219 08:29:09 INFO    ] Starting eval...
[20250219 08:29:09 INFO    ] Running testing in epoch 29
[20250219 08:31:07 INFO    ] Epoch:29 ===== loss:0.004507 ===== SRCC:0.9105 ===== PLCC:0.9356
[20250219 08:31:07 INFO    ] Eval done...
[20250219 08:31:07 INFO    ] Epoch 29 done. Time: 1.2e+01min
[20250219 08:31:07 INFO    ] Running training epoch 30
[20250219 08:41:06 INFO    ] train epoch:30 / loss:0.0005169 / SRCC:0.9889 / PLCC:0.9915
[20250219 08:41:06 INFO    ] Starting eval...
[20250219 08:41:06 INFO    ] Running testing in epoch 30
[20250219 08:43:09 INFO    ] Epoch:30 ===== loss:0.004665 ===== SRCC:0.9089 ===== PLCC:0.9344
[20250219 08:43:09 INFO    ] Eval done...
[20250219 08:43:09 INFO    ] Epoch 30 done. Time: 1.2e+01min
[20250219 08:43:09 INFO    ] Running training epoch 31
[20250219 08:53:03 INFO    ] train epoch:31 / loss:0.0004391 / SRCC:0.9905 / PLCC:0.9928
[20250219 08:53:03 INFO    ] Starting eval...
[20250219 08:53:03 INFO    ] Running testing in epoch 31
[20250219 08:55:11 INFO    ] Epoch:31 ===== loss:0.004556 ===== SRCC:0.9094 ===== PLCC:0.9352
[20250219 08:55:11 INFO    ] Eval done...
[20250219 08:55:11 INFO    ] Epoch 31 done. Time: 1.2e+01min
[20250219 08:55:11 INFO    ] Running training epoch 32
[20250219 09:05:07 INFO    ] train epoch:32 / loss:0.0004756 / SRCC:0.9897 / PLCC:0.9921
[20250219 09:05:07 INFO    ] Starting eval...
[20250219 09:05:07 INFO    ] Running testing in epoch 32
[20250219 09:07:06 INFO    ] Epoch:32 ===== loss:0.004914 ===== SRCC:0.9109 ===== PLCC:0.9363
[20250219 09:07:06 INFO    ] Eval done...
[20250219 09:07:06 INFO    ] Epoch 32 done. Time: 1.2e+01min
[20250219 09:07:06 INFO    ] Running training epoch 33
[20250219 09:17:01 INFO    ] train epoch:33 / loss:0.0004671 / SRCC:0.99 / PLCC:0.9923
[20250219 09:17:01 INFO    ] Starting eval...
[20250219 09:17:01 INFO    ] Running testing in epoch 33
[20250219 09:18:55 INFO    ] Epoch:33 ===== loss:0.004473 ===== SRCC:0.9078 ===== PLCC:0.9344
[20250219 09:18:55 INFO    ] Eval done...
[20250219 09:18:55 INFO    ] Epoch 33 done. Time: 1.2e+01min
[20250219 09:18:55 INFO    ] Running training epoch 34
[20250219 09:28:47 INFO    ] train epoch:34 / loss:0.0004518 / SRCC:0.9902 / PLCC:0.9925
[20250219 09:28:47 INFO    ] Starting eval...
[20250219 09:28:47 INFO    ] Running testing in epoch 34
[20250219 09:30:44 INFO    ] Epoch:34 ===== loss:0.00447 ===== SRCC:0.9062 ===== PLCC:0.9335
[20250219 09:30:44 INFO    ] Eval done...
[20250219 09:30:44 INFO    ] Epoch 34 done. Time: 1.2e+01min
[20250219 09:30:44 INFO    ] Running training epoch 35
[20250219 09:40:37 INFO    ] train epoch:35 / loss:0.0004618 / SRCC:0.9903 / PLCC:0.9924
[20250219 09:40:37 INFO    ] Starting eval...
[20250219 09:40:37 INFO    ] Running testing in epoch 35
[20250219 09:42:36 INFO    ] Epoch:35 ===== loss:0.004607 ===== SRCC:0.911 ===== PLCC:0.9363
[20250219 09:42:36 INFO    ] Eval done...
[20250219 09:42:36 INFO    ] Epoch 35 done. Time: 1.2e+01min
[20250219 09:42:36 INFO    ] Running training epoch 36
[20250219 09:52:27 INFO    ] train epoch:36 / loss:0.000446 / SRCC:0.9906 / PLCC:0.9926
[20250219 09:52:27 INFO    ] Starting eval...
[20250219 09:52:27 INFO    ] Running testing in epoch 36
[20250219 09:54:26 INFO    ] Epoch:36 ===== loss:0.004738 ===== SRCC:0.9071 ===== PLCC:0.9326
[20250219 09:54:26 INFO    ] Eval done...
[20250219 09:54:26 INFO    ] Epoch 36 done. Time: 1.2e+01min
[20250219 09:54:26 INFO    ] Running training epoch 37
[20250219 10:04:16 INFO    ] train epoch:37 / loss:0.0004834 / SRCC:0.9901 / PLCC:0.992
[20250219 10:04:16 INFO    ] Starting eval...
[20250219 10:04:16 INFO    ] Running testing in epoch 37
[20250219 10:06:13 INFO    ] Epoch:37 ===== loss:0.004715 ===== SRCC:0.9054 ===== PLCC:0.9323
[20250219 10:06:13 INFO    ] Eval done...
[20250219 10:06:13 INFO    ] Epoch 37 done. Time: 1.2e+01min
[20250219 10:06:13 INFO    ] Running training epoch 38
[20250219 10:16:02 INFO    ] train epoch:38 / loss:0.0004403 / SRCC:0.9906 / PLCC:0.9927
[20250219 10:16:02 INFO    ] Starting eval...
[20250219 10:16:02 INFO    ] Running testing in epoch 38
[20250219 10:18:09 INFO    ] Epoch:38 ===== loss:0.004285 ===== SRCC:0.9058 ===== PLCC:0.933
[20250219 10:18:09 INFO    ] Eval done...
[20250219 10:18:09 INFO    ] Epoch 38 done. Time: 1.2e+01min
[20250219 10:18:09 INFO    ] Running training epoch 39
[20250219 10:27:57 INFO    ] train epoch:39 / loss:0.0004667 / SRCC:0.9898 / PLCC:0.9923
[20250219 10:27:57 INFO    ] Starting eval...
[20250219 10:27:57 INFO    ] Running testing in epoch 39
[20250219 10:29:51 INFO    ] Epoch:39 ===== loss:0.00457 ===== SRCC:0.9053 ===== PLCC:0.9323
[20250219 10:29:51 INFO    ] Eval done...
[20250219 10:29:51 INFO    ] Epoch 39 done. Time: 1.2e+01min
[20250219 10:29:51 INFO    ] Running training epoch 40
[20250219 10:39:38 INFO    ] train epoch:40 / loss:0.0004362 / SRCC:0.9904 / PLCC:0.9928
[20250219 10:39:38 INFO    ] Starting eval...
[20250219 10:39:38 INFO    ] Running testing in epoch 40
[20250219 10:41:35 INFO    ] Epoch:40 ===== loss:0.004897 ===== SRCC:0.9069 ===== PLCC:0.9331
[20250219 10:41:35 INFO    ] Eval done...
[20250219 10:41:35 INFO    ] Epoch 40 done. Time: 1.2e+01min
[20250219 10:41:35 INFO    ] Running training epoch 41
[20250219 10:51:22 INFO    ] train epoch:41 / loss:0.0004196 / SRCC:0.9912 / PLCC:0.9931
[20250219 10:51:22 INFO    ] Starting eval...
[20250219 10:51:22 INFO    ] Running testing in epoch 41
[20250219 10:53:20 INFO    ] Epoch:41 ===== loss:0.004408 ===== SRCC:0.9023 ===== PLCC:0.9295
[20250219 10:53:20 INFO    ] Eval done...
[20250219 10:53:20 INFO    ] Epoch 41 done. Time: 1.2e+01min
[20250219 10:53:20 INFO    ] Running training epoch 42
[20250219 11:03:11 INFO    ] train epoch:42 / loss:0.0004951 / SRCC:0.9896 / PLCC:0.9918
[20250219 11:03:11 INFO    ] Starting eval...
[20250219 11:03:11 INFO    ] Running testing in epoch 42
[20250219 11:05:06 INFO    ] Epoch:42 ===== loss:0.005039 ===== SRCC:0.9026 ===== PLCC:0.9299
[20250219 11:05:06 INFO    ] Eval done...
[20250219 11:05:06 INFO    ] Epoch 42 done. Time: 1.2e+01min
[20250219 11:05:06 INFO    ] Running training epoch 43
[20250219 11:14:54 INFO    ] train epoch:43 / loss:0.0004765 / SRCC:0.9899 / PLCC:0.9921
[20250219 11:14:54 INFO    ] Starting eval...
[20250219 11:14:54 INFO    ] Running testing in epoch 43
[20250219 11:16:46 INFO    ] Epoch:43 ===== loss:0.005277 ===== SRCC:0.9018 ===== PLCC:0.9289
[20250219 11:16:46 INFO    ] Eval done...
[20250219 11:16:46 INFO    ] Epoch 43 done. Time: 1.2e+01min
[20250219 11:16:46 INFO    ] Running training epoch 44
[20250219 11:26:32 INFO    ] train epoch:44 / loss:0.0004385 / SRCC:0.9908 / PLCC:0.9928
[20250219 11:26:32 INFO    ] Starting eval...
[20250219 11:26:32 INFO    ] Running testing in epoch 44
[20250219 11:28:31 INFO    ] Epoch:44 ===== loss:0.005194 ===== SRCC:0.8984 ===== PLCC:0.9273
[20250219 11:28:31 INFO    ] Eval done...
[20250219 11:28:31 INFO    ] Epoch 44 done. Time: 1.2e+01min
[20250219 11:28:31 INFO    ] Running training epoch 45
[20250219 11:38:17 INFO    ] train epoch:45 / loss:0.0004676 / SRCC:0.9902 / PLCC:0.9923
[20250219 11:38:17 INFO    ] Starting eval...
[20250219 11:38:17 INFO    ] Running testing in epoch 45
[20250219 11:40:11 INFO    ] Epoch:45 ===== loss:0.004613 ===== SRCC:0.8998 ===== PLCC:0.9291
[20250219 11:40:11 INFO    ] Eval done...
[20250219 11:40:11 INFO    ] Epoch 45 done. Time: 1.2e+01min
[20250219 11:40:11 INFO    ] Running training epoch 46
[20250219 11:50:00 INFO    ] train epoch:46 / loss:0.000413 / SRCC:0.9915 / PLCC:0.9932
[20250219 11:50:00 INFO    ] Starting eval...
[20250219 11:50:00 INFO    ] Running testing in epoch 46
[20250219 11:51:57 INFO    ] Epoch:46 ===== loss:0.0048 ===== SRCC:0.9002 ===== PLCC:0.9293
[20250219 11:51:57 INFO    ] Eval done...
[20250219 11:51:57 INFO    ] Epoch 46 done. Time: 1.2e+01min
[20250219 11:51:57 INFO    ] Running training epoch 47
[20250219 12:01:43 INFO    ] train epoch:47 / loss:0.0004362 / SRCC:0.9909 / PLCC:0.9928
[20250219 12:01:43 INFO    ] Starting eval...
[20250219 12:01:43 INFO    ] Running testing in epoch 47
[20250219 12:03:36 INFO    ] Epoch:47 ===== loss:0.004759 ===== SRCC:0.8995 ===== PLCC:0.9264
[20250219 12:03:36 INFO    ] Eval done...
[20250219 12:03:36 INFO    ] Epoch 47 done. Time: 1.2e+01min
[20250219 12:03:36 INFO    ] Running training epoch 48
[20250219 12:13:22 INFO    ] train epoch:48 / loss:0.0004791 / SRCC:0.9899 / PLCC:0.9921
[20250219 12:13:22 INFO    ] Starting eval...
[20250219 12:13:22 INFO    ] Running testing in epoch 48
[20250219 12:15:20 INFO    ] Epoch:48 ===== loss:0.005759 ===== SRCC:0.8975 ===== PLCC:0.9258
[20250219 12:15:20 INFO    ] Eval done...
[20250219 12:15:20 INFO    ] Epoch 48 done. Time: 1.2e+01min
[20250219 12:15:20 INFO    ] Running training epoch 49
[20250219 12:25:04 INFO    ] train epoch:49 / loss:0.0004779 / SRCC:0.99 / PLCC:0.9921
[20250219 12:25:04 INFO    ] Starting eval...
[20250219 12:25:04 INFO    ] Running testing in epoch 49
[20250219 12:26:59 INFO    ] Epoch:49 ===== loss:0.004912 ===== SRCC:0.9032 ===== PLCC:0.9307
[20250219 12:26:59 INFO    ] Eval done...
[20250219 12:26:59 INFO    ] Epoch 49 done. Time: 1.2e+01min
[20250219 12:26:59 INFO    ] Running training epoch 50
[20250219 12:36:44 INFO    ] train epoch:50 / loss:0.0004395 / SRCC:0.9908 / PLCC:0.9927
[20250219 12:36:44 INFO    ] Starting eval...
[20250219 12:36:44 INFO    ] Running testing in epoch 50
[20250219 12:38:36 INFO    ] Epoch:50 ===== loss:0.005153 ===== SRCC:0.8952 ===== PLCC:0.925
[20250219 12:38:36 INFO    ] Eval done...
[20250219 12:38:36 INFO    ] Epoch 50 done. Time: 1.2e+01min
[20250219 12:38:36 INFO    ] Running training epoch 51
[20250219 12:48:19 INFO    ] train epoch:51 / loss:0.000437 / SRCC:0.9912 / PLCC:0.9928
[20250219 12:48:19 INFO    ] Starting eval...
[20250219 12:48:19 INFO    ] Running testing in epoch 51
[20250219 12:50:11 INFO    ] Epoch:51 ===== loss:0.005255 ===== SRCC:0.8935 ===== PLCC:0.9248
[20250219 12:50:11 INFO    ] Eval done...
[20250219 12:50:11 INFO    ] Epoch 51 done. Time: 1.2e+01min
[20250219 12:50:11 INFO    ] Running training epoch 52
[20250219 12:59:53 INFO    ] train epoch:52 / loss:0.0004151 / SRCC:0.991 / PLCC:0.9931
[20250219 12:59:53 INFO    ] Starting eval...
[20250219 12:59:53 INFO    ] Running testing in epoch 52
[20250219 13:01:45 INFO    ] Epoch:52 ===== loss:0.004602 ===== SRCC:0.9007 ===== PLCC:0.9283
[20250219 13:01:45 INFO    ] Eval done...
[20250219 13:01:45 INFO    ] Epoch 52 done. Time: 1.2e+01min
[20250219 13:01:45 INFO    ] Running training epoch 53
[20250219 13:11:28 INFO    ] train epoch:53 / loss:0.0003998 / SRCC:0.9915 / PLCC:0.9934
[20250219 13:11:28 INFO    ] Starting eval...
[20250219 13:11:28 INFO    ] Running testing in epoch 53
[20250219 13:13:18 INFO    ] Epoch:53 ===== loss:0.004923 ===== SRCC:0.8987 ===== PLCC:0.9263
[20250219 13:13:18 INFO    ] Eval done...
[20250219 13:13:18 INFO    ] Epoch 53 done. Time: 1.2e+01min
[20250219 13:13:18 INFO    ] Running training epoch 54
[20250219 13:23:00 INFO    ] train epoch:54 / loss:0.0004357 / SRCC:0.9907 / PLCC:0.9928
[20250219 13:23:00 INFO    ] Starting eval...
[20250219 13:23:00 INFO    ] Running testing in epoch 54
[20250219 13:24:50 INFO    ] Epoch:54 ===== loss:0.00485 ===== SRCC:0.8992 ===== PLCC:0.9259
[20250219 13:24:50 INFO    ] Eval done...
[20250219 13:24:50 INFO    ] Epoch 54 done. Time: 1.2e+01min
[20250219 13:24:50 INFO    ] Running training epoch 55
[20250219 13:34:32 INFO    ] train epoch:55 / loss:0.0004772 / SRCC:0.99 / PLCC:0.9921
[20250219 13:34:32 INFO    ] Starting eval...
[20250219 13:34:32 INFO    ] Running testing in epoch 55
[20250219 13:36:32 INFO    ] Epoch:55 ===== loss:0.005074 ===== SRCC:0.8974 ===== PLCC:0.9249
[20250219 13:36:32 INFO    ] Eval done...
[20250219 13:36:32 INFO    ] Epoch 55 done. Time: 1.2e+01min
[20250219 13:36:32 INFO    ] Running training epoch 56
[20250219 13:46:15 INFO    ] train epoch:56 / loss:0.0004911 / SRCC:0.9898 / PLCC:0.9919
[20250219 13:46:15 INFO    ] Starting eval...
[20250219 13:46:15 INFO    ] Running testing in epoch 56
[20250219 13:48:10 INFO    ] Epoch:56 ===== loss:0.005008 ===== SRCC:0.8983 ===== PLCC:0.9265
[20250219 13:48:10 INFO    ] Eval done...
[20250219 13:48:10 INFO    ] Epoch 56 done. Time: 1.2e+01min
[20250219 13:48:10 INFO    ] Running training epoch 57
[20250219 13:57:54 INFO    ] train epoch:57 / loss:0.0004316 / SRCC:0.9913 / PLCC:0.9929
[20250219 13:57:54 INFO    ] Starting eval...
[20250219 13:57:54 INFO    ] Running testing in epoch 57
[20250219 13:59:45 INFO    ] Epoch:57 ===== loss:0.005336 ===== SRCC:0.8983 ===== PLCC:0.9249
[20250219 13:59:45 INFO    ] Eval done...
[20250219 13:59:45 INFO    ] Epoch 57 done. Time: 1.2e+01min
[20250219 13:59:45 INFO    ] Running training epoch 58
[20250219 14:09:30 INFO    ] train epoch:58 / loss:0.0004207 / SRCC:0.9913 / PLCC:0.9931
[20250219 14:09:30 INFO    ] Starting eval...
[20250219 14:09:30 INFO    ] Running testing in epoch 58
[20250219 14:11:21 INFO    ] Epoch:58 ===== loss:0.005415 ===== SRCC:0.886 ===== PLCC:0.9158
[20250219 14:11:21 INFO    ] Eval done...
[20250219 14:11:21 INFO    ] Epoch 58 done. Time: 1.2e+01min
[20250219 14:11:21 INFO    ] Running training epoch 59
[20250219 14:21:04 INFO    ] train epoch:59 / loss:0.0004325 / SRCC:0.991 / PLCC:0.9929
[20250219 14:21:04 INFO    ] Starting eval...
[20250219 14:21:04 INFO    ] Running testing in epoch 59
[20250219 14:22:53 INFO    ] Epoch:59 ===== loss:0.005317 ===== SRCC:0.898 ===== PLCC:0.9261
[20250219 14:22:54 INFO    ] Eval done...
[20250219 14:22:54 INFO    ] Epoch 59 done. Time: 1.2e+01min
[20250219 14:22:54 INFO    ] Running training epoch 60
[20250219 14:32:37 INFO    ] train epoch:60 / loss:0.0004369 / SRCC:0.991 / PLCC:0.9928
[20250219 14:32:37 INFO    ] Starting eval...
[20250219 14:32:38 INFO    ] Running testing in epoch 60
[20250219 14:34:28 INFO    ] Epoch:60 ===== loss:0.0054 ===== SRCC:0.8914 ===== PLCC:0.9199
[20250219 14:34:28 INFO    ] Eval done...
[20250219 14:34:28 INFO    ] Epoch 60 done. Time: 1.2e+01min
[20250219 14:34:28 INFO    ] Running training epoch 61
[20250219 14:44:13 INFO    ] train epoch:61 / loss:0.000482 / SRCC:0.9897 / PLCC:0.992
[20250219 14:44:13 INFO    ] Starting eval...
[20250219 14:44:13 INFO    ] Running testing in epoch 61
[20250219 14:46:05 INFO    ] Epoch:61 ===== loss:0.005222 ===== SRCC:0.8953 ===== PLCC:0.9244
[20250219 14:46:05 INFO    ] Eval done...
[20250219 14:46:05 INFO    ] Epoch 61 done. Time: 1.2e+01min
[20250219 14:46:05 INFO    ] Running training epoch 62
[20250219 14:55:50 INFO    ] train epoch:62 / loss:0.0004144 / SRCC:0.9915 / PLCC:0.9932
[20250219 14:55:50 INFO    ] Starting eval...
[20250219 14:55:50 INFO    ] Running testing in epoch 62
[20250219 14:57:45 INFO    ] Epoch:62 ===== loss:0.005063 ===== SRCC:0.8948 ===== PLCC:0.9222
[20250219 14:57:45 INFO    ] Eval done...
[20250219 14:57:45 INFO    ] Epoch 62 done. Time: 1.2e+01min
[20250219 14:57:45 INFO    ] Running training epoch 63
[20250219 15:07:29 INFO    ] train epoch:63 / loss:0.0003888 / SRCC:0.9917 / PLCC:0.9936
[20250219 15:07:29 INFO    ] Starting eval...
[20250219 15:07:29 INFO    ] Running testing in epoch 63
[20250219 15:09:20 INFO    ] Epoch:63 ===== loss:0.005306 ===== SRCC:0.8966 ===== PLCC:0.9245
[20250219 15:09:20 INFO    ] Eval done...
[20250219 15:09:20 INFO    ] Epoch 63 done. Time: 1.2e+01min
[20250219 15:09:20 INFO    ] Running training epoch 64
[20250219 15:19:04 INFO    ] train epoch:64 / loss:0.0004337 / SRCC:0.9908 / PLCC:0.9928
[20250219 15:19:04 INFO    ] Starting eval...
[20250219 15:19:04 INFO    ] Running testing in epoch 64
[20250219 15:21:00 INFO    ] Epoch:64 ===== loss:0.005346 ===== SRCC:0.8943 ===== PLCC:0.9217
[20250219 15:21:00 INFO    ] Eval done...
[20250219 15:21:00 INFO    ] Epoch 64 done. Time: 1.2e+01min
[20250219 15:21:00 INFO    ] Running training epoch 65
[20250219 15:30:45 INFO    ] train epoch:65 / loss:0.0004132 / SRCC:0.9912 / PLCC:0.9932
[20250219 15:30:45 INFO    ] Starting eval...
[20250219 15:30:45 INFO    ] Running testing in epoch 65
[20250219 15:32:36 INFO    ] Epoch:65 ===== loss:0.006086 ===== SRCC:0.8875 ===== PLCC:0.919
[20250219 15:32:36 INFO    ] Eval done...
[20250219 15:32:36 INFO    ] Epoch 65 done. Time: 1.2e+01min
[20250219 15:32:36 INFO    ] Running training epoch 66
[20250219 15:42:21 INFO    ] train epoch:66 / loss:0.0004379 / SRCC:0.9908 / PLCC:0.9928
[20250219 15:42:21 INFO    ] Starting eval...
[20250219 15:42:21 INFO    ] Running testing in epoch 66
[20250219 15:44:10 INFO    ] Epoch:66 ===== loss:0.006147 ===== SRCC:0.8946 ===== PLCC:0.9227
[20250219 15:44:10 INFO    ] Eval done...
[20250219 15:44:10 INFO    ] Epoch 66 done. Time: 1.2e+01min
[20250219 15:44:10 INFO    ] Running training epoch 67
[20250219 15:53:53 INFO    ] train epoch:67 / loss:0.0004834 / SRCC:0.9898 / PLCC:0.992
[20250219 15:53:53 INFO    ] Starting eval...
[20250219 15:53:53 INFO    ] Running testing in epoch 67
[20250219 15:55:44 INFO    ] Epoch:67 ===== loss:0.00536 ===== SRCC:0.8943 ===== PLCC:0.9217
[20250219 15:55:44 INFO    ] Eval done...
[20250219 15:55:44 INFO    ] Epoch 67 done. Time: 1.2e+01min
[20250219 15:55:44 INFO    ] Running training epoch 68
[20250219 16:05:28 INFO    ] train epoch:68 / loss:0.0004282 / SRCC:0.9912 / PLCC:0.9929
[20250219 16:05:28 INFO    ] Starting eval...
[20250219 16:05:28 INFO    ] Running testing in epoch 68
[20250219 16:07:22 INFO    ] Epoch:68 ===== loss:0.005604 ===== SRCC:0.8887 ===== PLCC:0.9188
[20250219 16:07:22 INFO    ] Eval done...
[20250219 16:07:22 INFO    ] Epoch 68 done. Time: 1.2e+01min
[20250219 16:07:22 INFO    ] Running training epoch 69
[20250219 16:17:09 INFO    ] train epoch:69 / loss:0.0004468 / SRCC:0.9908 / PLCC:0.9926
[20250219 16:17:09 INFO    ] Starting eval...
[20250219 16:17:09 INFO    ] Running testing in epoch 69
[20250219 16:19:03 INFO    ] Epoch:69 ===== loss:0.005599 ===== SRCC:0.8915 ===== PLCC:0.9201
[20250219 16:19:03 INFO    ] Eval done...
[20250219 16:19:03 INFO    ] Epoch 69 done. Time: 1.2e+01min
[20250219 16:19:03 INFO    ] Running training epoch 70
[20250219 16:28:49 INFO    ] train epoch:70 / loss:0.0004237 / SRCC:0.9912 / PLCC:0.993
[20250219 16:28:49 INFO    ] Starting eval...
[20250219 16:28:49 INFO    ] Running testing in epoch 70
[20250219 16:30:41 INFO    ] Epoch:70 ===== loss:0.005612 ===== SRCC:0.8929 ===== PLCC:0.9216
[20250219 16:30:41 INFO    ] Eval done...
[20250219 16:30:41 INFO    ] Epoch 70 done. Time: 1.2e+01min
[20250219 16:30:41 INFO    ] Running training epoch 71
[20250219 16:40:27 INFO    ] train epoch:71 / loss:0.0004058 / SRCC:0.9914 / PLCC:0.9933
[20250219 16:40:27 INFO    ] Starting eval...
[20250219 16:40:27 INFO    ] Running testing in epoch 71
[20250219 16:42:20 INFO    ] Epoch:71 ===== loss:0.005651 ===== SRCC:0.8903 ===== PLCC:0.9193
[20250219 16:42:20 INFO    ] Eval done...
[20250219 16:42:20 INFO    ] Epoch 71 done. Time: 1.2e+01min
[20250219 16:42:20 INFO    ] Running training epoch 72
[20250219 16:52:07 INFO    ] train epoch:72 / loss:0.0004267 / SRCC:0.9907 / PLCC:0.993
[20250219 16:52:07 INFO    ] Starting eval...
[20250219 16:52:07 INFO    ] Running testing in epoch 72
[20250219 16:54:01 INFO    ] Epoch:72 ===== loss:0.005481 ===== SRCC:0.8887 ===== PLCC:0.9195
[20250219 16:54:01 INFO    ] Eval done...
[20250219 16:54:01 INFO    ] Epoch 72 done. Time: 1.2e+01min
[20250219 16:54:01 INFO    ] Running training epoch 73
[20250219 17:03:45 INFO    ] train epoch:73 / loss:0.0004398 / SRCC:0.9907 / PLCC:0.9927
[20250219 17:03:45 INFO    ] Starting eval...
[20250219 17:03:45 INFO    ] Running testing in epoch 73
[20250219 17:05:36 INFO    ] Epoch:73 ===== loss:0.005156 ===== SRCC:0.8935 ===== PLCC:0.9212
[20250219 17:05:36 INFO    ] Eval done...
[20250219 17:05:36 INFO    ] Epoch 73 done. Time: 1.2e+01min
[20250219 17:05:36 INFO    ] Running training epoch 74
[20250219 17:15:17 INFO    ] train epoch:74 / loss:0.0004452 / SRCC:0.9907 / PLCC:0.9927
[20250219 17:15:17 INFO    ] Starting eval...
[20250219 17:15:17 INFO    ] Running testing in epoch 74
[20250219 17:17:07 INFO    ] Epoch:74 ===== loss:0.005648 ===== SRCC:0.8889 ===== PLCC:0.9166
[20250219 17:17:07 INFO    ] Eval done...
[20250219 17:17:07 INFO    ] Epoch 74 done. Time: 1.2e+01min
[20250219 17:17:07 INFO    ] Running training epoch 75
[20250219 17:26:48 INFO    ] train epoch:75 / loss:0.0004283 / SRCC:0.9909 / PLCC:0.9929
[20250219 17:26:48 INFO    ] Starting eval...
[20250219 17:26:48 INFO    ] Running testing in epoch 75
[20250219 17:28:40 INFO    ] Epoch:75 ===== loss:0.005883 ===== SRCC:0.8788 ===== PLCC:0.9089
[20250219 17:28:40 INFO    ] Eval done...
[20250219 17:28:40 INFO    ] Epoch 75 done. Time: 1.2e+01min
[20250219 17:28:40 INFO    ] Running training epoch 76
[20250219 17:38:27 INFO    ] train epoch:76 / loss:0.000424 / SRCC:0.9911 / PLCC:0.993
[20250219 17:38:27 INFO    ] Starting eval...
[20250219 17:38:27 INFO    ] Running testing in epoch 76
[20250219 17:40:22 INFO    ] Epoch:76 ===== loss:0.005505 ===== SRCC:0.8872 ===== PLCC:0.9164
[20250219 17:40:22 INFO    ] Eval done...
[20250219 17:40:22 INFO    ] Epoch 76 done. Time: 1.2e+01min
[20250219 17:40:22 INFO    ] Running training epoch 77
[20250219 17:50:08 INFO    ] train epoch:77 / loss:0.0004504 / SRCC:0.9907 / PLCC:0.9926
[20250219 17:50:08 INFO    ] Starting eval...
[20250219 17:50:08 INFO    ] Running testing in epoch 77
[20250219 17:51:59 INFO    ] Epoch:77 ===== loss:0.005929 ===== SRCC:0.8892 ===== PLCC:0.9182
[20250219 17:51:59 INFO    ] Eval done...
[20250219 17:51:59 INFO    ] Epoch 77 done. Time: 1.2e+01min
[20250219 17:51:59 INFO    ] Running training epoch 78
[20250219 18:01:46 INFO    ] train epoch:78 / loss:0.0004648 / SRCC:0.9905 / PLCC:0.9923
[20250219 18:01:46 INFO    ] Starting eval...
[20250219 18:01:46 INFO    ] Running testing in epoch 78
[20250219 18:03:42 INFO    ] Epoch:78 ===== loss:0.005757 ===== SRCC:0.8862 ===== PLCC:0.9148
[20250219 18:03:42 INFO    ] Eval done...
[20250219 18:03:42 INFO    ] Epoch 78 done. Time: 1.2e+01min
[20250219 18:03:42 INFO    ] Running training epoch 79
[20250219 18:13:28 INFO    ] train epoch:79 / loss:0.0005067 / SRCC:0.9894 / PLCC:0.9916
[20250219 18:13:28 INFO    ] Starting eval...
[20250219 18:13:28 INFO    ] Running testing in epoch 79
[20250219 18:15:23 INFO    ] Epoch:79 ===== loss:0.005515 ===== SRCC:0.8855 ===== PLCC:0.9132
[20250219 18:15:23 INFO    ] Eval done...
[20250219 18:15:23 INFO    ] Epoch 79 done. Time: 1.2e+01min
[20250219 18:15:23 INFO    ] Running training epoch 80
[20250219 18:25:10 INFO    ] train epoch:80 / loss:0.0004472 / SRCC:0.9908 / PLCC:0.9926
[20250219 18:25:10 INFO    ] Starting eval...
[20250219 18:25:10 INFO    ] Running testing in epoch 80
[20250219 18:27:08 INFO    ] Epoch:80 ===== loss:0.005363 ===== SRCC:0.8886 ===== PLCC:0.9182
[20250219 18:27:08 INFO    ] Eval done...
[20250219 18:27:08 INFO    ] Epoch 80 done. Time: 1.2e+01min
[20250219 18:27:08 INFO    ] Running training epoch 81
[20250219 18:36:51 INFO    ] train epoch:81 / loss:0.0003762 / SRCC:0.9921 / PLCC:0.9938
[20250219 18:36:51 INFO    ] Starting eval...
[20250219 18:36:51 INFO    ] Running testing in epoch 81
[20250219 18:38:46 INFO    ] Epoch:81 ===== loss:0.005732 ===== SRCC:0.8881 ===== PLCC:0.9165
[20250219 18:38:46 INFO    ] Eval done...
[20250219 18:38:46 INFO    ] Epoch 81 done. Time: 1.2e+01min
[20250219 18:38:46 INFO    ] Running training epoch 82
[20250219 18:48:28 INFO    ] train epoch:82 / loss:0.000421 / SRCC:0.9912 / PLCC:0.9931
[20250219 18:48:28 INFO    ] Starting eval...
[20250219 18:48:28 INFO    ] Running testing in epoch 82
[20250219 18:50:18 INFO    ] Epoch:82 ===== loss:0.0055 ===== SRCC:0.8889 ===== PLCC:0.9163
[20250219 18:50:18 INFO    ] Eval done...
[20250219 18:50:18 INFO    ] Epoch 82 done. Time: 1.2e+01min
[20250219 18:50:18 INFO    ] Running training epoch 83
[20250219 19:00:00 INFO    ] train epoch:83 / loss:0.0003999 / SRCC:0.9916 / PLCC:0.9934
[20250219 19:00:00 INFO    ] Starting eval...
[20250219 19:00:00 INFO    ] Running testing in epoch 83
[20250219 19:01:50 INFO    ] Epoch:83 ===== loss:0.005361 ===== SRCC:0.8879 ===== PLCC:0.9182
[20250219 19:01:50 INFO    ] Eval done...
[20250219 19:01:50 INFO    ] Epoch 83 done. Time: 1.2e+01min
[20250219 19:01:50 INFO    ] Running training epoch 84
[20250219 19:11:32 INFO    ] train epoch:84 / loss:0.0005912 / SRCC:0.988 / PLCC:0.9902
[20250219 19:11:32 INFO    ] Starting eval...
[20250219 19:11:32 INFO    ] Running testing in epoch 84
[20250219 19:13:24 INFO    ] Epoch:84 ===== loss:0.005711 ===== SRCC:0.8852 ===== PLCC:0.9159
[20250219 19:13:24 INFO    ] Eval done...
[20250219 19:13:24 INFO    ] Epoch 84 done. Time: 1.2e+01min
[20250219 19:13:24 INFO    ] Running training epoch 85
[20250219 19:23:07 INFO    ] train epoch:85 / loss:0.000441 / SRCC:0.9908 / PLCC:0.9927
[20250219 19:23:07 INFO    ] Starting eval...
[20250219 19:23:07 INFO    ] Running testing in epoch 85
[20250219 19:24:57 INFO    ] Epoch:85 ===== loss:0.005442 ===== SRCC:0.8848 ===== PLCC:0.9138
[20250219 19:24:57 INFO    ] Eval done...
[20250219 19:24:57 INFO    ] Epoch 85 done. Time: 1.2e+01min
[20250219 19:24:57 INFO    ] Running training epoch 86
[20250219 19:34:41 INFO    ] train epoch:86 / loss:0.0003719 / SRCC:0.9923 / PLCC:0.9939
[20250219 19:34:41 INFO    ] Starting eval...
[20250219 19:34:41 INFO    ] Running testing in epoch 86
[20250219 19:36:38 INFO    ] Epoch:86 ===== loss:0.006968 ===== SRCC:0.8817 ===== PLCC:0.9095
[20250219 19:36:38 INFO    ] Eval done...
[20250219 19:36:38 INFO    ] Epoch 86 done. Time: 1.2e+01min
[20250219 19:36:38 INFO    ] Running training epoch 87
[20250219 19:46:21 INFO    ] train epoch:87 / loss:0.0003732 / SRCC:0.9923 / PLCC:0.9938
[20250219 19:46:21 INFO    ] Starting eval...
[20250219 19:46:21 INFO    ] Running testing in epoch 87
[20250219 19:48:16 INFO    ] Epoch:87 ===== loss:0.005769 ===== SRCC:0.8873 ===== PLCC:0.915
[20250219 19:48:16 INFO    ] Eval done...
[20250219 19:48:16 INFO    ] Epoch 87 done. Time: 1.2e+01min
[20250219 19:48:16 INFO    ] Running training epoch 88
[20250219 19:57:58 INFO    ] train epoch:88 / loss:0.0004105 / SRCC:0.9913 / PLCC:0.9932
[20250219 19:57:58 INFO    ] Starting eval...
[20250219 19:57:58 INFO    ] Running testing in epoch 88
[20250219 19:59:49 INFO    ] Epoch:88 ===== loss:0.006069 ===== SRCC:0.8792 ===== PLCC:0.91
[20250219 19:59:49 INFO    ] Eval done...
[20250219 19:59:49 INFO    ] Epoch 88 done. Time: 1.2e+01min
[20250219 19:59:49 INFO    ] Running training epoch 89
[20250219 20:09:31 INFO    ] train epoch:89 / loss:0.0004748 / SRCC:0.9899 / PLCC:0.9922
[20250219 20:09:31 INFO    ] Starting eval...
[20250219 20:09:31 INFO    ] Running testing in epoch 89
[20250219 20:11:26 INFO    ] Epoch:89 ===== loss:0.005631 ===== SRCC:0.879 ===== PLCC:0.9121
[20250219 20:11:26 INFO    ] Eval done...
[20250219 20:11:26 INFO    ] Epoch 89 done. Time: 1.2e+01min
[20250219 20:11:26 INFO    ] Running training epoch 90
[20250219 20:21:09 INFO    ] train epoch:90 / loss:0.0004306 / SRCC:0.9911 / PLCC:0.9929
[20250219 20:21:09 INFO    ] Starting eval...
[20250219 20:21:09 INFO    ] Running testing in epoch 90
[20250219 20:22:59 INFO    ] Epoch:90 ===== loss:0.005777 ===== SRCC:0.8809 ===== PLCC:0.9106
[20250219 20:22:59 INFO    ] Eval done...
[20250219 20:22:59 INFO    ] Epoch 90 done. Time: 1.2e+01min
[20250219 20:22:59 INFO    ] Running training epoch 91
[20250219 20:32:41 INFO    ] train epoch:91 / loss:0.0004173 / SRCC:0.9914 / PLCC:0.9931
[20250219 20:32:41 INFO    ] Starting eval...
[20250219 20:32:41 INFO    ] Running testing in epoch 91
[20250219 20:34:31 INFO    ] Epoch:91 ===== loss:0.005844 ===== SRCC:0.8826 ===== PLCC:0.9113
[20250219 20:34:31 INFO    ] Eval done...
[20250219 20:34:31 INFO    ] Epoch 91 done. Time: 1.2e+01min
[20250219 20:34:31 INFO    ] Running training epoch 92
[20250219 20:44:13 INFO    ] train epoch:92 / loss:0.0004184 / SRCC:0.9916 / PLCC:0.9931
[20250219 20:44:13 INFO    ] Starting eval...
[20250219 20:44:13 INFO    ] Running testing in epoch 92
[20250219 20:46:03 INFO    ] Epoch:92 ===== loss:0.006043 ===== SRCC:0.8812 ===== PLCC:0.9091
[20250219 20:46:03 INFO    ] Eval done...
[20250219 20:46:03 INFO    ] Epoch 92 done. Time: 1.2e+01min
[20250219 20:46:03 INFO    ] Running training epoch 93
[20250219 20:55:45 INFO    ] train epoch:93 / loss:0.0004323 / SRCC:0.9909 / PLCC:0.9929
[20250219 20:55:45 INFO    ] Starting eval...
[20250219 20:55:45 INFO    ] Running testing in epoch 93
[20250219 20:57:42 INFO    ] Epoch:93 ===== loss:0.006206 ===== SRCC:0.8776 ===== PLCC:0.9068
[20250219 20:57:42 INFO    ] Eval done...
[20250219 20:57:42 INFO    ] Epoch 93 done. Time: 1.2e+01min
[20250219 20:57:42 INFO    ] Running training epoch 94
[20250219 21:07:25 INFO    ] train epoch:94 / loss:0.0004001 / SRCC:0.9919 / PLCC:0.9934
[20250219 21:07:25 INFO    ] Starting eval...
[20250219 21:07:25 INFO    ] Running testing in epoch 94
[20250219 21:09:16 INFO    ] Epoch:94 ===== loss:0.006234 ===== SRCC:0.8827 ===== PLCC:0.9111
[20250219 21:09:16 INFO    ] Eval done...
[20250219 21:09:16 INFO    ] Epoch 94 done. Time: 1.2e+01min
[20250219 21:09:16 INFO    ] Running training epoch 95
[20250219 21:19:00 INFO    ] train epoch:95 / loss:0.0004365 / SRCC:0.9907 / PLCC:0.9928
[20250219 21:19:00 INFO    ] Starting eval...
[20250219 21:19:00 INFO    ] Running testing in epoch 95
[20250219 21:20:56 INFO    ] Epoch:95 ===== loss:0.00625 ===== SRCC:0.8809 ===== PLCC:0.9094
[20250219 21:20:56 INFO    ] Eval done...
[20250219 21:20:56 INFO    ] Epoch 95 done. Time: 1.2e+01min
[20250219 21:20:56 INFO    ] Running training epoch 96
[20250219 21:30:37 INFO    ] train epoch:96 / loss:0.0004279 / SRCC:0.9912 / PLCC:0.9929
[20250219 21:30:37 INFO    ] Starting eval...
[20250219 21:30:37 INFO    ] Running testing in epoch 96
[20250219 21:32:27 INFO    ] Epoch:96 ===== loss:0.006699 ===== SRCC:0.8784 ===== PLCC:0.9068
[20250219 21:32:27 INFO    ] Eval done...
[20250219 21:32:27 INFO    ] Epoch 96 done. Time: 1.2e+01min
[20250219 21:32:27 INFO    ] Running training epoch 97
[20250219 21:42:09 INFO    ] train epoch:97 / loss:0.0004863 / SRCC:0.9897 / PLCC:0.992
[20250219 21:42:09 INFO    ] Starting eval...
[20250219 21:42:09 INFO    ] Running testing in epoch 97
[20250219 21:44:00 INFO    ] Epoch:97 ===== loss:0.00593 ===== SRCC:0.8783 ===== PLCC:0.9091
[20250219 21:44:00 INFO    ] Eval done...
[20250219 21:44:00 INFO    ] Epoch 97 done. Time: 1.2e+01min
[20250219 21:44:00 INFO    ] Running training epoch 98
[20250219 21:53:42 INFO    ] train epoch:98 / loss:0.0004338 / SRCC:0.9908 / PLCC:0.9928
[20250219 21:53:42 INFO    ] Starting eval...
[20250219 21:53:42 INFO    ] Running testing in epoch 98
[20250219 21:55:32 INFO    ] Epoch:98 ===== loss:0.006202 ===== SRCC:0.8769 ===== PLCC:0.9064
[20250219 21:55:32 INFO    ] Eval done...
[20250219 21:55:32 INFO    ] Epoch 98 done. Time: 1.2e+01min
[20250219 21:55:32 INFO    ] Running training epoch 99
[20250219 22:05:12 INFO    ] train epoch:99 / loss:0.000385 / SRCC:0.9919 / PLCC:0.9936
[20250219 22:05:12 INFO    ] Starting eval...
[20250219 22:05:12 INFO    ] Running testing in epoch 99
[20250219 22:07:06 INFO    ] Epoch:99 ===== loss:0.005996 ===== SRCC:0.8813 ===== PLCC:0.9106
[20250219 22:07:06 INFO    ] Eval done...
[20250219 22:07:06 INFO    ] Epoch 99 done. Time: 1.2e+01min
[20250219 22:07:06 INFO    ] Running training epoch 100
[20250219 22:16:48 INFO    ] train epoch:100 / loss:0.0003666 / SRCC:0.9924 / PLCC:0.994
[20250219 22:16:48 INFO    ] Starting eval...
[20250219 22:16:48 INFO    ] Running testing in epoch 100
[20250219 22:18:40 INFO    ] Epoch:100 ===== loss:0.006492 ===== SRCC:0.8769 ===== PLCC:0.9085
[20250219 22:18:40 INFO    ] Eval done...
[20250219 22:18:40 INFO    ] Epoch 100 done. Time: 1.2e+01min
[20250219 22:18:40 INFO    ] Running training epoch 101
[20250219 22:28:22 INFO    ] train epoch:101 / loss:0.0004451 / SRCC:0.9906 / PLCC:0.9927
[20250219 22:28:22 INFO    ] Starting eval...
[20250219 22:28:22 INFO    ] Running testing in epoch 101
[20250219 22:30:15 INFO    ] Epoch:101 ===== loss:0.006093 ===== SRCC:0.8794 ===== PLCC:0.9086
[20250219 22:30:15 INFO    ] Eval done...
[20250219 22:30:15 INFO    ] Epoch 101 done. Time: 1.2e+01min
[20250219 22:30:15 INFO    ] Running training epoch 102
[20250219 22:39:58 INFO    ] train epoch:102 / loss:0.000435 / SRCC:0.9908 / PLCC:0.9928
[20250219 22:39:58 INFO    ] Starting eval...
[20250219 22:39:58 INFO    ] Running testing in epoch 102
[20250219 22:41:50 INFO    ] Epoch:102 ===== loss:0.006055 ===== SRCC:0.8769 ===== PLCC:0.9077
[20250219 22:41:50 INFO    ] Eval done...
[20250219 22:41:50 INFO    ] Epoch 102 done. Time: 1.2e+01min
[20250219 22:41:50 INFO    ] Running training epoch 103
[20250219 22:51:32 INFO    ] train epoch:103 / loss:0.0004585 / SRCC:0.9909 / PLCC:0.9924
[20250219 22:51:32 INFO    ] Starting eval...
[20250219 22:51:32 INFO    ] Running testing in epoch 103
[20250219 22:53:24 INFO    ] Epoch:103 ===== loss:0.00651 ===== SRCC:0.8754 ===== PLCC:0.9048
[20250219 22:53:24 INFO    ] Eval done...
[20250219 22:53:24 INFO    ] Epoch 103 done. Time: 1.2e+01min
[20250219 22:53:24 INFO    ] Running training epoch 104
[20250219 23:03:06 INFO    ] train epoch:104 / loss:0.0004359 / SRCC:0.991 / PLCC:0.9928
[20250219 23:03:06 INFO    ] Starting eval...
[20250219 23:03:06 INFO    ] Running testing in epoch 104
[20250219 23:04:59 INFO    ] Epoch:104 ===== loss:0.006188 ===== SRCC:0.8811 ===== PLCC:0.9092
[20250219 23:04:59 INFO    ] Eval done...
[20250219 23:04:59 INFO    ] Epoch 104 done. Time: 1.2e+01min
[20250219 23:04:59 INFO    ] Running training epoch 105
[20250219 23:14:41 INFO    ] train epoch:105 / loss:0.0003524 / SRCC:0.9924 / PLCC:0.9942
[20250219 23:14:41 INFO    ] Starting eval...
[20250219 23:14:41 INFO    ] Running testing in epoch 105
[20250219 23:16:32 INFO    ] Epoch:105 ===== loss:0.00628 ===== SRCC:0.8751 ===== PLCC:0.9064
[20250219 23:16:32 INFO    ] Eval done...
[20250219 23:16:32 INFO    ] Epoch 105 done. Time: 1.2e+01min
[20250219 23:16:32 INFO    ] Running training epoch 106
[20250219 23:26:13 INFO    ] train epoch:106 / loss:0.0004472 / SRCC:0.9903 / PLCC:0.9926
[20250219 23:26:13 INFO    ] Starting eval...
[20250219 23:26:13 INFO    ] Running testing in epoch 106
[20250219 23:28:03 INFO    ] Epoch:106 ===== loss:0.006332 ===== SRCC:0.8717 ===== PLCC:0.9027
[20250219 23:28:03 INFO    ] Eval done...
[20250219 23:28:03 INFO    ] Epoch 106 done. Time: 1.2e+01min
[20250219 23:28:03 INFO    ] Running training epoch 107
[20250219 23:37:45 INFO    ] train epoch:107 / loss:0.0004286 / SRCC:0.9911 / PLCC:0.9929
[20250219 23:37:45 INFO    ] Starting eval...
[20250219 23:37:45 INFO    ] Running testing in epoch 107
[20250219 23:39:41 INFO    ] Epoch:107 ===== loss:0.00605 ===== SRCC:0.8742 ===== PLCC:0.9047
[20250219 23:39:41 INFO    ] Eval done...
[20250219 23:39:41 INFO    ] Epoch 107 done. Time: 1.2e+01min
[20250219 23:39:41 INFO    ] Running training epoch 108
[20250219 23:49:23 INFO    ] train epoch:108 / loss:0.0003706 / SRCC:0.992 / PLCC:0.9939
[20250219 23:49:23 INFO    ] Starting eval...
[20250219 23:49:23 INFO    ] Running testing in epoch 108
[20250219 23:51:15 INFO    ] Epoch:108 ===== loss:0.006513 ===== SRCC:0.8764 ===== PLCC:0.9044
[20250219 23:51:15 INFO    ] Eval done...
[20250219 23:51:15 INFO    ] Epoch 108 done. Time: 1.2e+01min
[20250219 23:51:15 INFO    ] Running training epoch 109
[20250220 00:00:58 INFO    ] train epoch:109 / loss:0.0004225 / SRCC:0.9915 / PLCC:0.993
[20250220 00:00:58 INFO    ] Starting eval...
[20250220 00:00:58 INFO    ] Running testing in epoch 109
[20250220 00:02:49 INFO    ] Epoch:109 ===== loss:0.006526 ===== SRCC:0.8755 ===== PLCC:0.9034
[20250220 00:02:49 INFO    ] Eval done...
[20250220 00:02:49 INFO    ] Epoch 109 done. Time: 1.2e+01min
[20250220 00:02:49 INFO    ] Running training epoch 110
[20250220 00:12:32 INFO    ] train epoch:110 / loss:0.0003805 / SRCC:0.9922 / PLCC:0.9937
[20250220 00:12:32 INFO    ] Starting eval...
[20250220 00:12:32 INFO    ] Running testing in epoch 110
[20250220 00:14:24 INFO    ] Epoch:110 ===== loss:0.006508 ===== SRCC:0.873 ===== PLCC:0.9039
[20250220 00:14:24 INFO    ] Eval done...
[20250220 00:14:24 INFO    ] Epoch 110 done. Time: 1.2e+01min
[20250220 00:14:24 INFO    ] Running training epoch 111
[20250220 00:24:06 INFO    ] train epoch:111 / loss:0.000434 / SRCC:0.9911 / PLCC:0.9928
[20250220 00:24:06 INFO    ] Starting eval...
[20250220 00:24:06 INFO    ] Running testing in epoch 111
[20250220 00:25:55 INFO    ] Epoch:111 ===== loss:0.006655 ===== SRCC:0.8708 ===== PLCC:0.9018
[20250220 00:25:55 INFO    ] Eval done...
[20250220 00:25:55 INFO    ] Epoch 111 done. Time: 1.2e+01min
[20250220 00:25:55 INFO    ] Running training epoch 112
[20250220 00:35:38 INFO    ] train epoch:112 / loss:0.0004307 / SRCC:0.9908 / PLCC:0.9929
[20250220 00:35:38 INFO    ] Starting eval...
[20250220 00:35:38 INFO    ] Running testing in epoch 112
[20250220 00:37:29 INFO    ] Epoch:112 ===== loss:0.00662 ===== SRCC:0.8743 ===== PLCC:0.904
[20250220 00:37:29 INFO    ] Eval done...
[20250220 00:37:29 INFO    ] Epoch 112 done. Time: 1.2e+01min
[20250220 00:37:29 INFO    ] Running training epoch 113
[20250220 00:47:12 INFO    ] train epoch:113 / loss:0.0004384 / SRCC:0.9906 / PLCC:0.9928
[20250220 00:47:12 INFO    ] Starting eval...
[20250220 00:47:12 INFO    ] Running testing in epoch 113
[20250220 00:49:04 INFO    ] Epoch:113 ===== loss:0.006554 ===== SRCC:0.8732 ===== PLCC:0.9013
[20250220 00:49:04 INFO    ] Eval done...
[20250220 00:49:04 INFO    ] Epoch 113 done. Time: 1.2e+01min
[20250220 00:49:04 INFO    ] Running training epoch 114
[20250220 00:58:46 INFO    ] train epoch:114 / loss:0.0005091 / SRCC:0.9895 / PLCC:0.9916
[20250220 00:58:46 INFO    ] Starting eval...
[20250220 00:58:46 INFO    ] Running testing in epoch 114
[20250220 01:00:36 INFO    ] Epoch:114 ===== loss:0.006451 ===== SRCC:0.8737 ===== PLCC:0.9013
[20250220 01:00:36 INFO    ] Eval done...
[20250220 01:00:36 INFO    ] Epoch 114 done. Time: 1.2e+01min
[20250220 01:00:36 INFO    ] Running training epoch 115
[20250220 01:10:17 INFO    ] train epoch:115 / loss:0.0004671 / SRCC:0.9904 / PLCC:0.9923
[20250220 01:10:17 INFO    ] Starting eval...
[20250220 01:10:17 INFO    ] Running testing in epoch 115
[20250220 01:12:12 INFO    ] Epoch:115 ===== loss:0.006233 ===== SRCC:0.8738 ===== PLCC:0.9037
[20250220 01:12:12 INFO    ] Eval done...
[20250220 01:12:12 INFO    ] Epoch 115 done. Time: 1.2e+01min
[20250220 01:12:12 INFO    ] Running training epoch 116
[20250220 01:21:57 INFO    ] train epoch:116 / loss:0.0003756 / SRCC:0.9921 / PLCC:0.9938
[20250220 01:21:57 INFO    ] Starting eval...
[20250220 01:21:57 INFO    ] Running testing in epoch 116
[20250220 01:23:50 INFO    ] Epoch:116 ===== loss:0.006623 ===== SRCC:0.8668 ===== PLCC:0.899
[20250220 01:23:50 INFO    ] Eval done...
[20250220 01:23:50 INFO    ] Epoch 116 done. Time: 1.2e+01min
[20250220 01:23:50 INFO    ] Running training epoch 117
[20250220 01:33:33 INFO    ] train epoch:117 / loss:0.0004087 / SRCC:0.9918 / PLCC:0.9933
[20250220 01:33:33 INFO    ] Starting eval...
[20250220 01:33:33 INFO    ] Running testing in epoch 117
[20250220 01:35:29 INFO    ] Epoch:117 ===== loss:0.006722 ===== SRCC:0.8693 ===== PLCC:0.9008
[20250220 01:35:29 INFO    ] Eval done...
[20250220 01:35:29 INFO    ] Epoch 117 done. Time: 1.2e+01min
[20250220 01:35:29 INFO    ] Running training epoch 118
[20250220 01:45:17 INFO    ] train epoch:118 / loss:0.0003603 / SRCC:0.9926 / PLCC:0.9941
[20250220 01:45:17 INFO    ] Starting eval...
[20250220 01:45:17 INFO    ] Running testing in epoch 118
[20250220 01:47:11 INFO    ] Epoch:118 ===== loss:0.006726 ===== SRCC:0.8727 ===== PLCC:0.9032
[20250220 01:47:11 INFO    ] Eval done...
[20250220 01:47:11 INFO    ] Epoch 118 done. Time: 1.2e+01min
[20250220 01:47:11 INFO    ] Running training epoch 119
[20250220 01:56:55 INFO    ] train epoch:119 / loss:0.000406 / SRCC:0.9914 / PLCC:0.9933
[20250220 01:56:55 INFO    ] Starting eval...
[20250220 01:56:55 INFO    ] Running testing in epoch 119
[20250220 01:58:50 INFO    ] Epoch:119 ===== loss:0.006536 ===== SRCC:0.869 ===== PLCC:0.8995
[20250220 01:58:50 INFO    ] Eval done...
[20250220 01:58:50 INFO    ] Epoch 119 done. Time: 1.2e+01min
[20250220 01:58:50 INFO    ] Running training epoch 120
