[20250225 16:03:07 INFO    ] {'dataset_name': 'csiq', 'koniq10k_path': '../all_dataset/KonIQ-10K/1024x768', 'koniq10k_label': './data/koniq10k/koniq10k_label.txt', 'livec_path': '../all_dataset/LIVEC/Images/', 'livec_label': './data/livec/livec_label.txt', 'spaq_path': '../all_dataset/SPAQ/TestImage/', 'spaq_label': './data/spaq/spaq_label.txt', 'tid2013_path': '../all_dataset/tid2013/distorted_images/', 'tid2013_label': 'data/tid2013/tid2013_label.txt', 'kadid10k_path': '../all_dataset/KADID-10K/images/', 'kadid10k_label': './data/kadid10k/kadid10k_label.txt', 'csiq_path': '../all_dataset/CSIQ/dist_imgs/', 'csiq_label': './data/CSIQ/csiq_label.txt', 'batch_size': 12, 'learning_rate': 1e-05, 'weight_decay': 1e-05, 'n_epoch': 200, 'val_freq': 1, 'T_max': 50, 'eta_min': 0, 'num_avg_val': 1, 'num_workers': 8, 'split_seed': 20, 'train_keep_ratio': 1.0, 'val_keep_ratio': 1.0, 'crop_size': 224, 'prob_aug': 0.7, 'patch_size': 8, 'img_size': 224, 'embed_dim': 768, 'dim_mlp': 768, 'num_heads': [4, 4], 'window_size': 4, 'depths': [2, 2], 'num_outputs': 1, 'num_tab': 2, 'scale': 0.8, 'ckpt_path': './output_csiq_wo_slic/models/csiq', 'log_path': './output_csiq_wo_slic/log/csiq', 'log_file': 'csiq.log', 'tensorboard_path': './output_csiq_wo_slic/csiq'}
[20250225 16:03:07 INFO    ] number of train scenes: 692
[20250225 16:03:07 INFO    ] number of val scenes: 174
[20250225 16:03:10 INFO    ] #Params : 172.537214 [M]
[20250225 16:03:17 INFO    ] Running training epoch 1
[20250225 16:03:58 INFO    ] train epoch:1 / loss:0.04275 / SRCC:0.5882 / PLCC:0.6519
[20250225 16:03:58 INFO    ] Starting eval...
[20250225 16:03:58 INFO    ] Running testing in epoch 1
[20250225 16:04:04 INFO    ] Epoch:1 ===== loss:0.01382 ===== SRCC:0.8603 ===== PLCC:0.8935
[20250225 16:04:04 INFO    ] Eval done...
[20250225 16:04:04 INFO    ] ======================================================================================
[20250225 16:04:04 INFO    ] ============================== best main score is 1.7537427495391351 =================================
[20250225 16:04:04 INFO    ] ======================================================================================
[20250225 16:04:05 INFO    ] Saving weights and model of epoch1, SRCC:0.8602601603178464, PLCC:0.8934825892212886
[20250225 16:04:05 INFO    ] Epoch 1 done. Time: 0.81min
[20250225 16:04:05 INFO    ] Running training epoch 2
[20250225 16:04:44 INFO    ] train epoch:2 / loss:0.01131 / SRCC:0.8987 / PLCC:0.9163
[20250225 16:04:44 INFO    ] Starting eval...
[20250225 16:04:44 INFO    ] Running testing in epoch 2
[20250225 16:04:50 INFO    ] Epoch:2 ===== loss:0.01429 ===== SRCC:0.9148 ===== PLCC:0.9275
[20250225 16:04:50 INFO    ] Eval done...
[20250225 16:04:50 INFO    ] ======================================================================================
[20250225 16:04:50 INFO    ] ============================== best main score is 1.8423116090634382 =================================
[20250225 16:04:50 INFO    ] ======================================================================================
[20250225 16:04:51 INFO    ] Saving weights and model of epoch2, SRCC:0.9148218239063589, PLCC:0.9274897851570792
[20250225 16:04:51 INFO    ] Epoch 2 done. Time: 0.77min
[20250225 16:04:51 INFO    ] Running training epoch 3
[20250225 16:05:31 INFO    ] train epoch:3 / loss:0.007038 / SRCC:0.9374 / PLCC:0.949
[20250225 16:05:31 INFO    ] Starting eval...
[20250225 16:05:31 INFO    ] Running testing in epoch 3
[20250225 16:05:37 INFO    ] Epoch:3 ===== loss:0.008142 ===== SRCC:0.9185 ===== PLCC:0.9364
[20250225 16:05:37 INFO    ] Eval done...
[20250225 16:05:37 INFO    ] ======================================================================================
[20250225 16:05:37 INFO    ] ============================== best main score is 1.8548462242856676 =================================
[20250225 16:05:37 INFO    ] ======================================================================================
[20250225 16:05:38 INFO    ] Saving weights and model of epoch3, SRCC:0.9184928442943794, PLCC:0.9363533799912882
[20250225 16:05:38 INFO    ] Epoch 3 done. Time: 0.78min
[20250225 16:05:38 INFO    ] Running training epoch 4
[20250225 16:06:17 INFO    ] train epoch:4 / loss:0.005303 / SRCC:0.9487 / PLCC:0.9617
[20250225 16:06:17 INFO    ] Starting eval...
[20250225 16:06:17 INFO    ] Running testing in epoch 4
[20250225 16:06:24 INFO    ] Epoch:4 ===== loss:0.007361 ===== SRCC:0.9284 ===== PLCC:0.9467
[20250225 16:06:24 INFO    ] Eval done...
[20250225 16:06:24 INFO    ] ======================================================================================
[20250225 16:06:24 INFO    ] ============================== best main score is 1.8750958751305669 =================================
[20250225 16:06:24 INFO    ] ======================================================================================
[20250225 16:06:25 INFO    ] Saving weights and model of epoch4, SRCC:0.9283885283461957, PLCC:0.9467073467843712
[20250225 16:06:25 INFO    ] Epoch 4 done. Time: 0.78min
[20250225 16:06:25 INFO    ] Running training epoch 5
[20250225 16:07:04 INFO    ] train epoch:5 / loss:0.0031 / SRCC:0.9679 / PLCC:0.9779
[20250225 16:07:04 INFO    ] Starting eval...
[20250225 16:07:04 INFO    ] Running testing in epoch 5
[20250225 16:07:10 INFO    ] Epoch:5 ===== loss:0.006563 ===== SRCC:0.9434 ===== PLCC:0.9569
[20250225 16:07:10 INFO    ] Eval done...
[20250225 16:07:10 INFO    ] ======================================================================================
[20250225 16:07:10 INFO    ] ============================== best main score is 1.9002450238643844 =================================
[20250225 16:07:10 INFO    ] ======================================================================================
[20250225 16:07:11 INFO    ] Saving weights and model of epoch5, SRCC:0.9433801100548744, PLCC:0.95686491380951
[20250225 16:07:11 INFO    ] Epoch 5 done. Time: 0.78min
[20250225 16:07:11 INFO    ] Running training epoch 6
[20250225 16:07:51 INFO    ] train epoch:6 / loss:0.00369 / SRCC:0.9662 / PLCC:0.9737
[20250225 16:07:51 INFO    ] Starting eval...
[20250225 16:07:51 INFO    ] Running testing in epoch 6
[20250225 16:07:57 INFO    ] Epoch:6 ===== loss:0.006635 ===== SRCC:0.937 ===== PLCC:0.9505
[20250225 16:07:57 INFO    ] Eval done...
[20250225 16:07:57 INFO    ] Epoch 6 done. Time: 0.76min
[20250225 16:07:57 INFO    ] Running training epoch 7
[20250225 16:08:37 INFO    ] train epoch:7 / loss:0.002642 / SRCC:0.9751 / PLCC:0.9814
[20250225 16:08:37 INFO    ] Starting eval...
[20250225 16:08:37 INFO    ] Running testing in epoch 7
[20250225 16:08:43 INFO    ] Epoch:7 ===== loss:0.00574 ===== SRCC:0.9474 ===== PLCC:0.9539
[20250225 16:08:43 INFO    ] Eval done...
[20250225 16:08:43 INFO    ] ======================================================================================
[20250225 16:08:43 INFO    ] ============================== best main score is 1.9012387777107358 =================================
[20250225 16:08:43 INFO    ] ======================================================================================
[20250225 16:08:44 INFO    ] Saving weights and model of epoch7, SRCC:0.9473649577632084, PLCC:0.9538738199475274
[20250225 16:08:44 INFO    ] Epoch 7 done. Time: 0.78min
[20250225 16:08:44 INFO    ] Running training epoch 8
[20250225 16:09:24 INFO    ] train epoch:8 / loss:0.002407 / SRCC:0.9757 / PLCC:0.983
[20250225 16:09:24 INFO    ] Starting eval...
[20250225 16:09:24 INFO    ] Running testing in epoch 8
[20250225 16:09:30 INFO    ] Epoch:8 ===== loss:0.006352 ===== SRCC:0.9427 ===== PLCC:0.9517
[20250225 16:09:30 INFO    ] Eval done...
[20250225 16:09:30 INFO    ] Epoch 8 done. Time: 0.77min
[20250225 16:09:30 INFO    ] Running training epoch 9
[20250225 16:10:09 INFO    ] train epoch:9 / loss:0.002279 / SRCC:0.9786 / PLCC:0.9837
[20250225 16:10:09 INFO    ] Starting eval...
[20250225 16:10:09 INFO    ] Running testing in epoch 9
[20250225 16:10:16 INFO    ] Epoch:9 ===== loss:0.00742 ===== SRCC:0.9336 ===== PLCC:0.942
[20250225 16:10:16 INFO    ] Eval done...
[20250225 16:10:16 INFO    ] Epoch 9 done. Time: 0.76min
[20250225 16:10:16 INFO    ] Running training epoch 10
[20250225 16:10:55 INFO    ] train epoch:10 / loss:0.001906 / SRCC:0.9812 / PLCC:0.9865
[20250225 16:10:55 INFO    ] Starting eval...
[20250225 16:10:55 INFO    ] Running testing in epoch 10
[20250225 16:11:01 INFO    ] Epoch:10 ===== loss:0.005225 ===== SRCC:0.9468 ===== PLCC:0.9574
[20250225 16:11:01 INFO    ] Eval done...
[20250225 16:11:01 INFO    ] ======================================================================================
[20250225 16:11:01 INFO    ] ============================== best main score is 1.9042214921664802 =================================
[20250225 16:11:01 INFO    ] ======================================================================================
[20250225 16:11:02 INFO    ] Saving weights and model of epoch10, SRCC:0.9468296797128352, PLCC:0.9573918124536451
[20250225 16:11:02 INFO    ] Epoch 10 done. Time: 0.78min
[20250225 16:11:02 INFO    ] Running training epoch 11
[20250225 16:11:42 INFO    ] train epoch:11 / loss:0.002344 / SRCC:0.9756 / PLCC:0.9833
[20250225 16:11:42 INFO    ] Starting eval...
[20250225 16:11:42 INFO    ] Running testing in epoch 11
[20250225 16:11:48 INFO    ] Epoch:11 ===== loss:0.006159 ===== SRCC:0.9394 ===== PLCC:0.95
[20250225 16:11:48 INFO    ] Eval done...
[20250225 16:11:48 INFO    ] Epoch 11 done. Time: 0.76min
[20250225 16:11:48 INFO    ] Running training epoch 12
[20250225 16:12:28 INFO    ] train epoch:12 / loss:0.002207 / SRCC:0.9776 / PLCC:0.9843
[20250225 16:12:28 INFO    ] Starting eval...
[20250225 16:12:28 INFO    ] Running testing in epoch 12
[20250225 16:12:34 INFO    ] Epoch:12 ===== loss:0.005845 ===== SRCC:0.9539 ===== PLCC:0.9597
[20250225 16:12:34 INFO    ] Eval done...
[20250225 16:12:34 INFO    ] ======================================================================================
[20250225 16:12:34 INFO    ] ============================== best main score is 1.9135659277368653 =================================
[20250225 16:12:34 INFO    ] ======================================================================================
[20250225 16:12:35 INFO    ] Saving weights and model of epoch12, SRCC:0.9538642203322786, PLCC:0.9597017074045868
[20250225 16:12:35 INFO    ] Epoch 12 done. Time: 0.78min
[20250225 16:12:35 INFO    ] Running training epoch 13
[20250225 16:13:15 INFO    ] train epoch:13 / loss:0.002707 / SRCC:0.9772 / PLCC:0.9808
[20250225 16:13:15 INFO    ] Starting eval...
[20250225 16:13:15 INFO    ] Running testing in epoch 13
[20250225 16:13:21 INFO    ] Epoch:13 ===== loss:0.005549 ===== SRCC:0.9428 ===== PLCC:0.9562
[20250225 16:13:21 INFO    ] Eval done...
[20250225 16:13:21 INFO    ] Epoch 13 done. Time: 0.77min
[20250225 16:13:21 INFO    ] Running training epoch 14
[20250225 16:14:01 INFO    ] train epoch:14 / loss:0.001335 / SRCC:0.9851 / PLCC:0.9906
[20250225 16:14:01 INFO    ] Starting eval...
[20250225 16:14:01 INFO    ] Running testing in epoch 14
[20250225 16:14:07 INFO    ] Epoch:14 ===== loss:0.005301 ===== SRCC:0.95 ===== PLCC:0.9583
[20250225 16:14:07 INFO    ] Eval done...
[20250225 16:14:07 INFO    ] Epoch 14 done. Time: 0.77min
[20250225 16:14:07 INFO    ] Running training epoch 15
[20250225 16:14:47 INFO    ] train epoch:15 / loss:0.001287 / SRCC:0.9868 / PLCC:0.9909
[20250225 16:14:47 INFO    ] Starting eval...
[20250225 16:14:47 INFO    ] Running testing in epoch 15
[20250225 16:14:53 INFO    ] Epoch:15 ===== loss:0.006474 ===== SRCC:0.9417 ===== PLCC:0.9496
[20250225 16:14:53 INFO    ] Eval done...
[20250225 16:14:53 INFO    ] Epoch 15 done. Time: 0.77min
[20250225 16:14:53 INFO    ] Running training epoch 16
[20250225 16:15:33 INFO    ] train epoch:16 / loss:0.001854 / SRCC:0.9827 / PLCC:0.9866
[20250225 16:15:33 INFO    ] Starting eval...
[20250225 16:15:33 INFO    ] Running testing in epoch 16
[20250225 16:15:39 INFO    ] Epoch:16 ===== loss:0.01277 ===== SRCC:0.9323 ===== PLCC:0.9385
[20250225 16:15:39 INFO    ] Eval done...
[20250225 16:15:39 INFO    ] Epoch 16 done. Time: 0.77min
[20250225 16:15:39 INFO    ] Running training epoch 17
[20250225 16:16:19 INFO    ] train epoch:17 / loss:0.002072 / SRCC:0.979 / PLCC:0.9853
[20250225 16:16:19 INFO    ] Starting eval...
[20250225 16:16:19 INFO    ] Running testing in epoch 17
[20250225 16:16:25 INFO    ] Epoch:17 ===== loss:0.005084 ===== SRCC:0.9484 ===== PLCC:0.9593
[20250225 16:16:25 INFO    ] Eval done...
[20250225 16:16:25 INFO    ] Epoch 17 done. Time: 0.77min
[20250225 16:16:25 INFO    ] Running training epoch 18
[20250225 16:17:05 INFO    ] train epoch:18 / loss:0.001858 / SRCC:0.9827 / PLCC:0.9867
[20250225 16:17:05 INFO    ] Starting eval...
[20250225 16:17:05 INFO    ] Running testing in epoch 18
[20250225 16:17:11 INFO    ] Epoch:18 ===== loss:0.005716 ===== SRCC:0.9612 ===== PLCC:0.9664
[20250225 16:17:11 INFO    ] Eval done...
[20250225 16:17:11 INFO    ] ======================================================================================
[20250225 16:17:11 INFO    ] ============================== best main score is 1.9276091079915343 =================================
[20250225 16:17:11 INFO    ] ======================================================================================
[20250225 16:17:12 INFO    ] Saving weights and model of epoch18, SRCC:0.9611986685118601, PLCC:0.9664104394796741
[20250225 16:17:12 INFO    ] Epoch 18 done. Time: 0.78min
[20250225 16:17:12 INFO    ] Running training epoch 19
[20250225 16:17:52 INFO    ] train epoch:19 / loss:0.001505 / SRCC:0.9849 / PLCC:0.9893
[20250225 16:17:52 INFO    ] Starting eval...
[20250225 16:17:52 INFO    ] Running testing in epoch 19
[20250225 16:17:58 INFO    ] Epoch:19 ===== loss:0.005159 ===== SRCC:0.9548 ===== PLCC:0.9618
[20250225 16:17:58 INFO    ] Eval done...
[20250225 16:17:58 INFO    ] Epoch 19 done. Time: 0.77min
[20250225 16:17:58 INFO    ] Running training epoch 20
[20250225 16:18:38 INFO    ] train epoch:20 / loss:0.001132 / SRCC:0.9879 / PLCC:0.9919
[20250225 16:18:38 INFO    ] Starting eval...
[20250225 16:18:38 INFO    ] Running testing in epoch 20
[20250225 16:18:44 INFO    ] Epoch:20 ===== loss:0.00472 ===== SRCC:0.9564 ===== PLCC:0.9636
[20250225 16:18:44 INFO    ] Eval done...
[20250225 16:18:44 INFO    ] Epoch 20 done. Time: 0.77min
[20250225 16:18:44 INFO    ] Running training epoch 21
[20250225 16:19:24 INFO    ] train epoch:21 / loss:0.002171 / SRCC:0.9814 / PLCC:0.9844
[20250225 16:19:24 INFO    ] Starting eval...
[20250225 16:19:24 INFO    ] Running testing in epoch 21
[20250225 16:19:30 INFO    ] Epoch:21 ===== loss:0.0049 ===== SRCC:0.956 ===== PLCC:0.9617
[20250225 16:19:30 INFO    ] Eval done...
[20250225 16:19:30 INFO    ] Epoch 21 done. Time: 0.76min
[20250225 16:19:30 INFO    ] Running training epoch 22
[20250225 16:20:10 INFO    ] train epoch:22 / loss:0.001801 / SRCC:0.9845 / PLCC:0.9873
[20250225 16:20:10 INFO    ] Starting eval...
[20250225 16:20:10 INFO    ] Running testing in epoch 22
[20250225 16:20:16 INFO    ] Epoch:22 ===== loss:0.004567 ===== SRCC:0.9564 ===== PLCC:0.9627
[20250225 16:20:16 INFO    ] Eval done...
[20250225 16:20:16 INFO    ] Epoch 22 done. Time: 0.77min
[20250225 16:20:16 INFO    ] Running training epoch 23
[20250225 16:20:56 INFO    ] train epoch:23 / loss:0.001111 / SRCC:0.9887 / PLCC:0.9922
[20250225 16:20:56 INFO    ] Starting eval...
[20250225 16:20:56 INFO    ] Running testing in epoch 23
[20250225 16:21:03 INFO    ] Epoch:23 ===== loss:0.005036 ===== SRCC:0.9483 ===== PLCC:0.9592
[20250225 16:21:03 INFO    ] Eval done...
[20250225 16:21:03 INFO    ] Epoch 23 done. Time: 0.77min
[20250225 16:21:03 INFO    ] Running training epoch 24
[20250225 16:21:43 INFO    ] train epoch:24 / loss:0.001149 / SRCC:0.989 / PLCC:0.9919
[20250225 16:21:43 INFO    ] Starting eval...
[20250225 16:21:43 INFO    ] Running testing in epoch 24
[20250225 16:21:49 INFO    ] Epoch:24 ===== loss:0.004575 ===== SRCC:0.955 ===== PLCC:0.9629
[20250225 16:21:49 INFO    ] Eval done...
[20250225 16:21:49 INFO    ] Epoch 24 done. Time: 0.77min
[20250225 16:21:49 INFO    ] Running training epoch 25
[20250225 16:22:29 INFO    ] train epoch:25 / loss:0.001662 / SRCC:0.9831 / PLCC:0.9882
[20250225 16:22:29 INFO    ] Starting eval...
[20250225 16:22:29 INFO    ] Running testing in epoch 25
[20250225 16:22:35 INFO    ] Epoch:25 ===== loss:0.005598 ===== SRCC:0.9522 ===== PLCC:0.9597
[20250225 16:22:35 INFO    ] Eval done...
[20250225 16:22:35 INFO    ] Epoch 25 done. Time: 0.77min
[20250225 16:22:35 INFO    ] Running training epoch 26
[20250225 16:23:15 INFO    ] train epoch:26 / loss:0.001206 / SRCC:0.9878 / PLCC:0.9915
[20250225 16:23:15 INFO    ] Starting eval...
[20250225 16:23:15 INFO    ] Running testing in epoch 26
[20250225 16:23:21 INFO    ] Epoch:26 ===== loss:0.004881 ===== SRCC:0.9533 ===== PLCC:0.9612
[20250225 16:23:21 INFO    ] Eval done...
[20250225 16:23:21 INFO    ] Epoch 26 done. Time: 0.76min
[20250225 16:23:21 INFO    ] Running training epoch 27
[20250225 16:24:01 INFO    ] train epoch:27 / loss:0.001323 / SRCC:0.9861 / PLCC:0.9906
[20250225 16:24:01 INFO    ] Starting eval...
[20250225 16:24:01 INFO    ] Running testing in epoch 27
[20250225 16:24:07 INFO    ] Epoch:27 ===== loss:0.004658 ===== SRCC:0.9546 ===== PLCC:0.9639
[20250225 16:24:07 INFO    ] Eval done...
[20250225 16:24:07 INFO    ] Epoch 27 done. Time: 0.77min
[20250225 16:24:07 INFO    ] Running training epoch 28
[20250225 16:24:47 INFO    ] train epoch:28 / loss:0.0009048 / SRCC:0.9908 / PLCC:0.9936
[20250225 16:24:47 INFO    ] Starting eval...
[20250225 16:24:47 INFO    ] Running testing in epoch 28
[20250225 16:24:53 INFO    ] Epoch:28 ===== loss:0.005872 ===== SRCC:0.9491 ===== PLCC:0.9581
[20250225 16:24:53 INFO    ] Eval done...
[20250225 16:24:53 INFO    ] Epoch 28 done. Time: 0.77min
[20250225 16:24:53 INFO    ] Running training epoch 29
[20250225 16:25:33 INFO    ] train epoch:29 / loss:0.001015 / SRCC:0.9884 / PLCC:0.9928
[20250225 16:25:33 INFO    ] Starting eval...
[20250225 16:25:33 INFO    ] Running testing in epoch 29
[20250225 16:25:39 INFO    ] Epoch:29 ===== loss:0.004745 ===== SRCC:0.9531 ===== PLCC:0.9625
[20250225 16:25:39 INFO    ] Eval done...
[20250225 16:25:39 INFO    ] Epoch 29 done. Time: 0.77min
[20250225 16:25:39 INFO    ] Running training epoch 30
[20250225 16:26:19 INFO    ] train epoch:30 / loss:0.0009894 / SRCC:0.989 / PLCC:0.993
[20250225 16:26:19 INFO    ] Starting eval...
[20250225 16:26:19 INFO    ] Running testing in epoch 30
[20250225 16:26:25 INFO    ] Epoch:30 ===== loss:0.006154 ===== SRCC:0.9521 ===== PLCC:0.9611
[20250225 16:26:25 INFO    ] Eval done...
[20250225 16:26:25 INFO    ] Epoch 30 done. Time: 0.77min
[20250225 16:26:25 INFO    ] Running training epoch 31
[20250225 16:27:05 INFO    ] train epoch:31 / loss:0.001209 / SRCC:0.9868 / PLCC:0.9915
[20250225 16:27:05 INFO    ] Starting eval...
[20250225 16:27:05 INFO    ] Running testing in epoch 31
[20250225 16:27:11 INFO    ] Epoch:31 ===== loss:0.005018 ===== SRCC:0.9528 ===== PLCC:0.963
[20250225 16:27:11 INFO    ] Eval done...
[20250225 16:27:11 INFO    ] Epoch 31 done. Time: 0.77min
[20250225 16:27:11 INFO    ] Running training epoch 32
[20250225 16:27:51 INFO    ] train epoch:32 / loss:0.001449 / SRCC:0.986 / PLCC:0.9897
[20250225 16:27:51 INFO    ] Starting eval...
[20250225 16:27:51 INFO    ] Running testing in epoch 32
[20250225 16:27:58 INFO    ] Epoch:32 ===== loss:0.005679 ===== SRCC:0.9483 ===== PLCC:0.9546
[20250225 16:27:58 INFO    ] Eval done...
[20250225 16:27:58 INFO    ] Epoch 32 done. Time: 0.77min
[20250225 16:27:58 INFO    ] Running training epoch 33
[20250225 16:28:38 INFO    ] train epoch:33 / loss:0.001576 / SRCC:0.9869 / PLCC:0.9888
[20250225 16:28:38 INFO    ] Starting eval...
[20250225 16:28:38 INFO    ] Running testing in epoch 33
[20250225 16:28:44 INFO    ] Epoch:33 ===== loss:0.00487 ===== SRCC:0.9543 ===== PLCC:0.9612
[20250225 16:28:44 INFO    ] Eval done...
[20250225 16:28:44 INFO    ] Epoch 33 done. Time: 0.77min
[20250225 16:28:44 INFO    ] Running training epoch 34
[20250225 16:29:24 INFO    ] train epoch:34 / loss:0.001116 / SRCC:0.9892 / PLCC:0.9921
[20250225 16:29:24 INFO    ] Starting eval...
[20250225 16:29:24 INFO    ] Running testing in epoch 34
[20250225 16:29:30 INFO    ] Epoch:34 ===== loss:0.005189 ===== SRCC:0.9472 ===== PLCC:0.9591
[20250225 16:29:30 INFO    ] Eval done...
[20250225 16:29:30 INFO    ] Epoch 34 done. Time: 0.77min
[20250225 16:29:30 INFO    ] Running training epoch 35
[20250225 16:30:10 INFO    ] train epoch:35 / loss:0.0009298 / SRCC:0.992 / PLCC:0.9934
[20250225 16:30:10 INFO    ] Starting eval...
[20250225 16:30:10 INFO    ] Running testing in epoch 35
[20250225 16:30:16 INFO    ] Epoch:35 ===== loss:0.00478 ===== SRCC:0.9544 ===== PLCC:0.9614
[20250225 16:30:16 INFO    ] Eval done...
[20250225 16:30:16 INFO    ] Epoch 35 done. Time: 0.77min
[20250225 16:30:16 INFO    ] Running training epoch 36
[20250225 16:30:56 INFO    ] train epoch:36 / loss:0.001651 / SRCC:0.9843 / PLCC:0.9883
[20250225 16:30:56 INFO    ] Starting eval...
[20250225 16:30:56 INFO    ] Running testing in epoch 36
[20250225 16:31:02 INFO    ] Epoch:36 ===== loss:0.005106 ===== SRCC:0.9547 ===== PLCC:0.9621
[20250225 16:31:02 INFO    ] Eval done...
[20250225 16:31:02 INFO    ] Epoch 36 done. Time: 0.77min
[20250225 16:31:02 INFO    ] Running training epoch 37
[20250225 16:31:42 INFO    ] train epoch:37 / loss:0.001248 / SRCC:0.9893 / PLCC:0.9911
[20250225 16:31:42 INFO    ] Starting eval...
[20250225 16:31:42 INFO    ] Running testing in epoch 37
[20250225 16:31:48 INFO    ] Epoch:37 ===== loss:0.005445 ===== SRCC:0.9496 ===== PLCC:0.9598
[20250225 16:31:48 INFO    ] Eval done...
[20250225 16:31:48 INFO    ] Epoch 37 done. Time: 0.77min
[20250225 16:31:48 INFO    ] Running training epoch 38
[20250225 16:32:28 INFO    ] train epoch:38 / loss:0.0008511 / SRCC:0.9906 / PLCC:0.994
[20250225 16:32:28 INFO    ] Starting eval...
[20250225 16:32:28 INFO    ] Running testing in epoch 38
[20250225 16:32:34 INFO    ] Epoch:38 ===== loss:0.004365 ===== SRCC:0.9579 ===== PLCC:0.9655
[20250225 16:32:34 INFO    ] Eval done...
[20250225 16:32:34 INFO    ] Epoch 38 done. Time: 0.76min
[20250225 16:32:34 INFO    ] Running training epoch 39
[20250225 16:33:14 INFO    ] train epoch:39 / loss:0.001241 / SRCC:0.9873 / PLCC:0.9912
[20250225 16:33:14 INFO    ] Starting eval...
[20250225 16:33:14 INFO    ] Running testing in epoch 39
[20250225 16:33:20 INFO    ] Epoch:39 ===== loss:0.005486 ===== SRCC:0.9519 ===== PLCC:0.9557
[20250225 16:33:20 INFO    ] Eval done...
[20250225 16:33:20 INFO    ] Epoch 39 done. Time: 0.76min
[20250225 16:33:20 INFO    ] Running training epoch 40
[20250225 16:34:00 INFO    ] train epoch:40 / loss:0.0009912 / SRCC:0.9909 / PLCC:0.993
[20250225 16:34:00 INFO    ] Starting eval...
[20250225 16:34:00 INFO    ] Running testing in epoch 40
[20250225 16:34:06 INFO    ] Epoch:40 ===== loss:0.00487 ===== SRCC:0.9572 ===== PLCC:0.9653
[20250225 16:34:06 INFO    ] Eval done...
[20250225 16:34:06 INFO    ] Epoch 40 done. Time: 0.77min
[20250225 16:34:06 INFO    ] Running training epoch 41
[20250225 16:34:45 INFO    ] train epoch:41 / loss:0.001031 / SRCC:0.9906 / PLCC:0.9927
[20250225 16:34:45 INFO    ] Starting eval...
[20250225 16:34:45 INFO    ] Running testing in epoch 41
[20250225 16:34:52 INFO    ] Epoch:41 ===== loss:0.004885 ===== SRCC:0.9552 ===== PLCC:0.9631
[20250225 16:34:52 INFO    ] Eval done...
[20250225 16:34:52 INFO    ] Epoch 41 done. Time: 0.76min
[20250225 16:34:52 INFO    ] Running training epoch 42
[20250225 16:35:31 INFO    ] train epoch:42 / loss:0.0006869 / SRCC:0.9923 / PLCC:0.9952
[20250225 16:35:31 INFO    ] Starting eval...
[20250225 16:35:31 INFO    ] Running testing in epoch 42
[20250225 16:35:38 INFO    ] Epoch:42 ===== loss:0.005685 ===== SRCC:0.9516 ===== PLCC:0.9609
[20250225 16:35:38 INFO    ] Eval done...
[20250225 16:35:38 INFO    ] Epoch 42 done. Time: 0.76min
[20250225 16:35:38 INFO    ] Running training epoch 43
[20250225 16:36:17 INFO    ] train epoch:43 / loss:0.0007697 / SRCC:0.9921 / PLCC:0.9946
[20250225 16:36:17 INFO    ] Starting eval...
[20250225 16:36:17 INFO    ] Running testing in epoch 43
[20250225 16:36:23 INFO    ] Epoch:43 ===== loss:0.004985 ===== SRCC:0.9513 ===== PLCC:0.9617
[20250225 16:36:23 INFO    ] Eval done...
[20250225 16:36:23 INFO    ] Epoch 43 done. Time: 0.76min
[20250225 16:36:23 INFO    ] Running training epoch 44
[20250225 16:37:03 INFO    ] train epoch:44 / loss:0.0008233 / SRCC:0.991 / PLCC:0.9942
[20250225 16:37:03 INFO    ] Starting eval...
[20250225 16:37:03 INFO    ] Running testing in epoch 44
[20250225 16:37:09 INFO    ] Epoch:44 ===== loss:0.00474 ===== SRCC:0.9531 ===== PLCC:0.9625
[20250225 16:37:09 INFO    ] Eval done...
[20250225 16:37:09 INFO    ] Epoch 44 done. Time: 0.76min
[20250225 16:37:09 INFO    ] Running training epoch 45
[20250225 16:37:49 INFO    ] train epoch:45 / loss:0.0008644 / SRCC:0.9914 / PLCC:0.9939
[20250225 16:37:49 INFO    ] Starting eval...
[20250225 16:37:49 INFO    ] Running testing in epoch 45
[20250225 16:37:55 INFO    ] Epoch:45 ===== loss:0.004641 ===== SRCC:0.9543 ===== PLCC:0.965
[20250225 16:37:55 INFO    ] Eval done...
[20250225 16:37:55 INFO    ] Epoch 45 done. Time: 0.77min
[20250225 16:37:55 INFO    ] Running training epoch 46
[20250225 16:38:35 INFO    ] train epoch:46 / loss:0.0009548 / SRCC:0.99 / PLCC:0.9932
[20250225 16:38:35 INFO    ] Starting eval...
[20250225 16:38:35 INFO    ] Running testing in epoch 46
[20250225 16:38:41 INFO    ] Epoch:46 ===== loss:0.004186 ===== SRCC:0.9607 ===== PLCC:0.9656
[20250225 16:38:41 INFO    ] Eval done...
[20250225 16:38:41 INFO    ] Epoch 46 done. Time: 0.77min
[20250225 16:38:41 INFO    ] Running training epoch 47
[20250225 16:39:21 INFO    ] train epoch:47 / loss:0.0007305 / SRCC:0.9922 / PLCC:0.9948
[20250225 16:39:21 INFO    ] Starting eval...
[20250225 16:39:21 INFO    ] Running testing in epoch 47
[20250225 16:39:27 INFO    ] Epoch:47 ===== loss:0.00505 ===== SRCC:0.9555 ===== PLCC:0.9627
[20250225 16:39:27 INFO    ] Eval done...
[20250225 16:39:27 INFO    ] Epoch 47 done. Time: 0.76min
[20250225 16:39:27 INFO    ] Running training epoch 48
[20250225 16:40:07 INFO    ] train epoch:48 / loss:0.0007167 / SRCC:0.9921 / PLCC:0.9949
[20250225 16:40:07 INFO    ] Starting eval...
[20250225 16:40:07 INFO    ] Running testing in epoch 48
[20250225 16:40:13 INFO    ] Epoch:48 ===== loss:0.004704 ===== SRCC:0.9563 ===== PLCC:0.9634
[20250225 16:40:13 INFO    ] Eval done...
[20250225 16:40:13 INFO    ] Epoch 48 done. Time: 0.76min
[20250225 16:40:13 INFO    ] Running training epoch 49
[20250225 16:40:53 INFO    ] train epoch:49 / loss:0.0005745 / SRCC:0.994 / PLCC:0.9959
[20250225 16:40:53 INFO    ] Starting eval...
[20250225 16:40:53 INFO    ] Running testing in epoch 49
[20250225 16:40:59 INFO    ] Epoch:49 ===== loss:0.005519 ===== SRCC:0.9551 ===== PLCC:0.9641
[20250225 16:40:59 INFO    ] Eval done...
[20250225 16:40:59 INFO    ] Epoch 49 done. Time: 0.76min
[20250225 16:40:59 INFO    ] Running training epoch 50
[20250225 16:41:38 INFO    ] train epoch:50 / loss:0.001103 / SRCC:0.9891 / PLCC:0.9922
[20250225 16:41:38 INFO    ] Starting eval...
[20250225 16:41:38 INFO    ] Running testing in epoch 50
[20250225 16:41:45 INFO    ] Epoch:50 ===== loss:0.0045 ===== SRCC:0.9528 ===== PLCC:0.9634
[20250225 16:41:45 INFO    ] Eval done...
[20250225 16:41:45 INFO    ] Epoch 50 done. Time: 0.76min
[20250225 16:41:45 INFO    ] Running training epoch 51
[20250225 16:42:25 INFO    ] train epoch:51 / loss:0.0006181 / SRCC:0.9934 / PLCC:0.9956
[20250225 16:42:25 INFO    ] Starting eval...
[20250225 16:42:25 INFO    ] Running testing in epoch 51
[20250225 16:42:31 INFO    ] Epoch:51 ===== loss:0.006335 ===== SRCC:0.9496 ===== PLCC:0.9524
[20250225 16:42:31 INFO    ] Eval done...
[20250225 16:42:31 INFO    ] Epoch 51 done. Time: 0.77min
[20250225 16:42:31 INFO    ] Running training epoch 52
[20250225 16:43:10 INFO    ] train epoch:52 / loss:0.0006489 / SRCC:0.9929 / PLCC:0.9954
[20250225 16:43:10 INFO    ] Starting eval...
[20250225 16:43:10 INFO    ] Running testing in epoch 52
[20250225 16:43:17 INFO    ] Epoch:52 ===== loss:0.004974 ===== SRCC:0.9515 ===== PLCC:0.961
[20250225 16:43:17 INFO    ] Eval done...
[20250225 16:43:17 INFO    ] Epoch 52 done. Time: 0.77min
[20250225 16:43:17 INFO    ] Running training epoch 53
[20250225 16:43:56 INFO    ] train epoch:53 / loss:0.000961 / SRCC:0.9906 / PLCC:0.9932
[20250225 16:43:56 INFO    ] Starting eval...
[20250225 16:43:56 INFO    ] Running testing in epoch 53
[20250225 16:44:03 INFO    ] Epoch:53 ===== loss:0.004648 ===== SRCC:0.9549 ===== PLCC:0.9625
[20250225 16:44:03 INFO    ] Eval done...
[20250225 16:44:03 INFO    ] Epoch 53 done. Time: 0.77min
[20250225 16:44:03 INFO    ] Running training epoch 54
[20250225 16:44:43 INFO    ] train epoch:54 / loss:0.0006169 / SRCC:0.993 / PLCC:0.9956
[20250225 16:44:43 INFO    ] Starting eval...
[20250225 16:44:43 INFO    ] Running testing in epoch 54
[20250225 16:44:49 INFO    ] Epoch:54 ===== loss:0.005095 ===== SRCC:0.9557 ===== PLCC:0.9618
[20250225 16:44:49 INFO    ] Eval done...
[20250225 16:44:49 INFO    ] Epoch 54 done. Time: 0.77min
[20250225 16:44:49 INFO    ] Running training epoch 55
[20250225 16:45:29 INFO    ] train epoch:55 / loss:0.0009613 / SRCC:0.9912 / PLCC:0.9931
[20250225 16:45:29 INFO    ] Starting eval...
[20250225 16:45:29 INFO    ] Running testing in epoch 55
[20250225 16:45:35 INFO    ] Epoch:55 ===== loss:0.005274 ===== SRCC:0.9561 ===== PLCC:0.9609
[20250225 16:45:35 INFO    ] Eval done...
[20250225 16:45:35 INFO    ] Epoch 55 done. Time: 0.77min
[20250225 16:45:35 INFO    ] Running training epoch 56
[20250225 16:46:15 INFO    ] train epoch:56 / loss:0.0006549 / SRCC:0.9934 / PLCC:0.9954
[20250225 16:46:15 INFO    ] Starting eval...
[20250225 16:46:15 INFO    ] Running testing in epoch 56
[20250225 16:46:21 INFO    ] Epoch:56 ===== loss:0.004762 ===== SRCC:0.9539 ===== PLCC:0.9634
[20250225 16:46:21 INFO    ] Eval done...
[20250225 16:46:21 INFO    ] Epoch 56 done. Time: 0.76min
[20250225 16:46:21 INFO    ] Running training epoch 57
[20250225 16:47:00 INFO    ] train epoch:57 / loss:0.0009097 / SRCC:0.99 / PLCC:0.9935
[20250225 16:47:00 INFO    ] Starting eval...
[20250225 16:47:00 INFO    ] Running testing in epoch 57
[20250225 16:47:06 INFO    ] Epoch:57 ===== loss:0.005118 ===== SRCC:0.9486 ===== PLCC:0.9593
[20250225 16:47:06 INFO    ] Eval done...
[20250225 16:47:06 INFO    ] Epoch 57 done. Time: 0.76min
[20250225 16:47:06 INFO    ] Running training epoch 58
[20250225 16:47:46 INFO    ] train epoch:58 / loss:0.0007747 / SRCC:0.9917 / PLCC:0.9945
[20250225 16:47:46 INFO    ] Starting eval...
[20250225 16:47:46 INFO    ] Running testing in epoch 58
[20250225 16:47:52 INFO    ] Epoch:58 ===== loss:0.004541 ===== SRCC:0.9514 ===== PLCC:0.9626
[20250225 16:47:52 INFO    ] Eval done...
[20250225 16:47:52 INFO    ] Epoch 58 done. Time: 0.76min
[20250225 16:47:52 INFO    ] Running training epoch 59
[20250225 16:48:32 INFO    ] train epoch:59 / loss:0.0009643 / SRCC:0.9907 / PLCC:0.9932
[20250225 16:48:32 INFO    ] Starting eval...
[20250225 16:48:32 INFO    ] Running testing in epoch 59
[20250225 16:48:38 INFO    ] Epoch:59 ===== loss:0.00492 ===== SRCC:0.9507 ===== PLCC:0.9604
[20250225 16:48:38 INFO    ] Eval done...
[20250225 16:48:38 INFO    ] Epoch 59 done. Time: 0.76min
[20250225 16:48:38 INFO    ] Running training epoch 60
[20250225 16:49:17 INFO    ] train epoch:60 / loss:0.0007122 / SRCC:0.9926 / PLCC:0.995
[20250225 16:49:17 INFO    ] Starting eval...
[20250225 16:49:17 INFO    ] Running testing in epoch 60
[20250225 16:49:24 INFO    ] Epoch:60 ===== loss:0.005479 ===== SRCC:0.9486 ===== PLCC:0.9572
[20250225 16:49:24 INFO    ] Eval done...
[20250225 16:49:24 INFO    ] Epoch 60 done. Time: 0.76min
[20250225 16:49:24 INFO    ] Running training epoch 61
[20250225 16:50:03 INFO    ] train epoch:61 / loss:0.00046 / SRCC:0.9946 / PLCC:0.9968
[20250225 16:50:03 INFO    ] Starting eval...
[20250225 16:50:03 INFO    ] Running testing in epoch 61
[20250225 16:50:09 INFO    ] Epoch:61 ===== loss:0.004055 ===== SRCC:0.9582 ===== PLCC:0.967
[20250225 16:50:09 INFO    ] Eval done...
[20250225 16:50:09 INFO    ] Epoch 61 done. Time: 0.76min
[20250225 16:50:09 INFO    ] Running training epoch 62
[20250225 16:50:49 INFO    ] train epoch:62 / loss:0.0006991 / SRCC:0.9924 / PLCC:0.995
[20250225 16:50:49 INFO    ] Starting eval...
[20250225 16:50:49 INFO    ] Running testing in epoch 62
[20250225 16:50:55 INFO    ] Epoch:62 ===== loss:0.005989 ===== SRCC:0.942 ===== PLCC:0.9511
[20250225 16:50:55 INFO    ] Eval done...
[20250225 16:50:55 INFO    ] Epoch 62 done. Time: 0.76min
[20250225 16:50:55 INFO    ] Running training epoch 63
[20250225 16:51:34 INFO    ] train epoch:63 / loss:0.0007942 / SRCC:0.9932 / PLCC:0.9944
[20250225 16:51:34 INFO    ] Starting eval...
[20250225 16:51:34 INFO    ] Running testing in epoch 63
[20250225 16:51:41 INFO    ] Epoch:63 ===== loss:0.006307 ===== SRCC:0.9503 ===== PLCC:0.9501
[20250225 16:51:41 INFO    ] Eval done...
[20250225 16:51:41 INFO    ] Epoch 63 done. Time: 0.76min
[20250225 16:51:41 INFO    ] Running training epoch 64
[20250225 16:52:20 INFO    ] train epoch:64 / loss:0.0007724 / SRCC:0.9922 / PLCC:0.9945
[20250225 16:52:20 INFO    ] Starting eval...
[20250225 16:52:20 INFO    ] Running testing in epoch 64
[20250225 16:52:26 INFO    ] Epoch:64 ===== loss:0.004761 ===== SRCC:0.9563 ===== PLCC:0.9629
[20250225 16:52:26 INFO    ] Eval done...
[20250225 16:52:26 INFO    ] Epoch 64 done. Time: 0.76min
[20250225 16:52:26 INFO    ] Running training epoch 65
[20250225 16:53:06 INFO    ] train epoch:65 / loss:0.0006434 / SRCC:0.9928 / PLCC:0.9955
[20250225 16:53:06 INFO    ] Starting eval...
[20250225 16:53:06 INFO    ] Running testing in epoch 65
[20250225 16:53:12 INFO    ] Epoch:65 ===== loss:0.005732 ===== SRCC:0.9499 ===== PLCC:0.9552
[20250225 16:53:12 INFO    ] Eval done...
[20250225 16:53:12 INFO    ] Epoch 65 done. Time: 0.76min
[20250225 16:53:12 INFO    ] Running training epoch 66
[20250225 16:53:51 INFO    ] train epoch:66 / loss:0.0006584 / SRCC:0.9931 / PLCC:0.9953
[20250225 16:53:51 INFO    ] Starting eval...
[20250225 16:53:51 INFO    ] Running testing in epoch 66
[20250225 16:53:57 INFO    ] Epoch:66 ===== loss:0.005404 ===== SRCC:0.9527 ===== PLCC:0.9571
[20250225 16:53:57 INFO    ] Eval done...
[20250225 16:53:57 INFO    ] Epoch 66 done. Time: 0.76min
[20250225 16:53:57 INFO    ] Running training epoch 67
[20250225 16:54:37 INFO    ] train epoch:67 / loss:0.0006638 / SRCC:0.9924 / PLCC:0.9953
[20250225 16:54:37 INFO    ] Starting eval...
[20250225 16:54:37 INFO    ] Running testing in epoch 67
[20250225 16:54:43 INFO    ] Epoch:67 ===== loss:0.005699 ===== SRCC:0.9551 ===== PLCC:0.9631
[20250225 16:54:43 INFO    ] Eval done...
[20250225 16:54:43 INFO    ] Epoch 67 done. Time: 0.76min
[20250225 16:54:43 INFO    ] Running training epoch 68
[20250225 16:55:22 INFO    ] train epoch:68 / loss:0.0005426 / SRCC:0.994 / PLCC:0.9962
[20250225 16:55:22 INFO    ] Starting eval...
[20250225 16:55:22 INFO    ] Running testing in epoch 68
[20250225 16:55:28 INFO    ] Epoch:68 ===== loss:0.004656 ===== SRCC:0.9551 ===== PLCC:0.9631
[20250225 16:55:28 INFO    ] Eval done...
[20250225 16:55:28 INFO    ] Epoch 68 done. Time: 0.76min
[20250225 16:55:28 INFO    ] Running training epoch 69
[20250225 16:56:08 INFO    ] train epoch:69 / loss:0.0006777 / SRCC:0.9919 / PLCC:0.9952
[20250225 16:56:08 INFO    ] Starting eval...
[20250225 16:56:08 INFO    ] Running testing in epoch 69
[20250225 16:56:14 INFO    ] Epoch:69 ===== loss:0.00528 ===== SRCC:0.951 ===== PLCC:0.9596
[20250225 16:56:14 INFO    ] Eval done...
[20250225 16:56:14 INFO    ] Epoch 69 done. Time: 0.76min
[20250225 16:56:14 INFO    ] Running training epoch 70
[20250225 16:56:53 INFO    ] train epoch:70 / loss:0.0004854 / SRCC:0.9942 / PLCC:0.9966
[20250225 16:56:53 INFO    ] Starting eval...
[20250225 16:56:53 INFO    ] Running testing in epoch 70
[20250225 16:57:00 INFO    ] Epoch:70 ===== loss:0.005094 ===== SRCC:0.9572 ===== PLCC:0.9641
[20250225 16:57:00 INFO    ] Eval done...
[20250225 16:57:00 INFO    ] Epoch 70 done. Time: 0.76min
[20250225 16:57:00 INFO    ] Running training epoch 71
[20250225 16:57:39 INFO    ] train epoch:71 / loss:0.0006376 / SRCC:0.9939 / PLCC:0.9955
[20250225 16:57:39 INFO    ] Starting eval...
[20250225 16:57:39 INFO    ] Running testing in epoch 71
[20250225 16:57:45 INFO    ] Epoch:71 ===== loss:0.004607 ===== SRCC:0.953 ===== PLCC:0.9636
[20250225 16:57:45 INFO    ] Eval done...
[20250225 16:57:45 INFO    ] Epoch 71 done. Time: 0.76min
[20250225 16:57:45 INFO    ] Running training epoch 72
[20250225 16:58:25 INFO    ] train epoch:72 / loss:0.0005341 / SRCC:0.9946 / PLCC:0.9962
[20250225 16:58:25 INFO    ] Starting eval...
[20250225 16:58:25 INFO    ] Running testing in epoch 72
[20250225 16:58:31 INFO    ] Epoch:72 ===== loss:0.005329 ===== SRCC:0.9452 ===== PLCC:0.9576
[20250225 16:58:31 INFO    ] Eval done...
[20250225 16:58:31 INFO    ] Epoch 72 done. Time: 0.76min
[20250225 16:58:31 INFO    ] Running training epoch 73
[20250225 16:59:11 INFO    ] train epoch:73 / loss:0.0005178 / SRCC:0.9938 / PLCC:0.9963
[20250225 16:59:11 INFO    ] Starting eval...
[20250225 16:59:11 INFO    ] Running testing in epoch 73
[20250225 16:59:17 INFO    ] Epoch:73 ===== loss:0.00464 ===== SRCC:0.9584 ===== PLCC:0.9632
[20250225 16:59:17 INFO    ] Eval done...
[20250225 16:59:17 INFO    ] Epoch 73 done. Time: 0.77min
[20250225 16:59:17 INFO    ] Running training epoch 74
[20250225 16:59:57 INFO    ] train epoch:74 / loss:0.0005953 / SRCC:0.9933 / PLCC:0.9957
[20250225 16:59:57 INFO    ] Starting eval...
[20250225 16:59:57 INFO    ] Running testing in epoch 74
[20250225 17:00:03 INFO    ] Epoch:74 ===== loss:0.004402 ===== SRCC:0.9573 ===== PLCC:0.965
[20250225 17:00:03 INFO    ] Eval done...
[20250225 17:00:03 INFO    ] Epoch 74 done. Time: 0.77min
[20250225 17:00:03 INFO    ] Running training epoch 75
[20250225 17:00:43 INFO    ] train epoch:75 / loss:0.0004847 / SRCC:0.995 / PLCC:0.9966
[20250225 17:00:43 INFO    ] Starting eval...
[20250225 17:00:43 INFO    ] Running testing in epoch 75
[20250225 17:00:49 INFO    ] Epoch:75 ===== loss:0.004553 ===== SRCC:0.9586 ===== PLCC:0.9647
[20250225 17:00:49 INFO    ] Eval done...
[20250225 17:00:49 INFO    ] Epoch 75 done. Time: 0.76min
[20250225 17:00:49 INFO    ] Running training epoch 76
[20250225 17:01:28 INFO    ] train epoch:76 / loss:0.001142 / SRCC:0.9893 / PLCC:0.9919
[20250225 17:01:28 INFO    ] Starting eval...
[20250225 17:01:28 INFO    ] Running testing in epoch 76
[20250225 17:01:34 INFO    ] Epoch:76 ===== loss:0.005384 ===== SRCC:0.9523 ===== PLCC:0.9593
[20250225 17:01:34 INFO    ] Eval done...
[20250225 17:01:34 INFO    ] Epoch 76 done. Time: 0.76min
[20250225 17:01:34 INFO    ] Running training epoch 77
[20250225 17:02:14 INFO    ] train epoch:77 / loss:0.0007399 / SRCC:0.9921 / PLCC:0.9948
[20250225 17:02:14 INFO    ] Starting eval...
[20250225 17:02:14 INFO    ] Running testing in epoch 77
[20250225 17:02:20 INFO    ] Epoch:77 ===== loss:0.004426 ===== SRCC:0.9575 ===== PLCC:0.9635
[20250225 17:02:20 INFO    ] Eval done...
[20250225 17:02:20 INFO    ] Epoch 77 done. Time: 0.76min
[20250225 17:02:20 INFO    ] Running training epoch 78
[20250225 17:03:00 INFO    ] train epoch:78 / loss:0.0005962 / SRCC:0.9934 / PLCC:0.9958
[20250225 17:03:00 INFO    ] Starting eval...
[20250225 17:03:00 INFO    ] Running testing in epoch 78
[20250225 17:03:06 INFO    ] Epoch:78 ===== loss:0.005104 ===== SRCC:0.9578 ===== PLCC:0.9608
[20250225 17:03:06 INFO    ] Eval done...
[20250225 17:03:06 INFO    ] Epoch 78 done. Time: 0.76min
[20250225 17:03:06 INFO    ] Running training epoch 79
[20250225 17:03:45 INFO    ] train epoch:79 / loss:0.0003965 / SRCC:0.9953 / PLCC:0.9972
[20250225 17:03:45 INFO    ] Starting eval...
[20250225 17:03:45 INFO    ] Running testing in epoch 79
[20250225 17:03:52 INFO    ] Epoch:79 ===== loss:0.004957 ===== SRCC:0.9562 ===== PLCC:0.9604
[20250225 17:03:52 INFO    ] Eval done...
[20250225 17:03:52 INFO    ] Epoch 79 done. Time: 0.76min
[20250225 17:03:52 INFO    ] Running training epoch 80
[20250225 17:04:31 INFO    ] train epoch:80 / loss:0.0005368 / SRCC:0.9941 / PLCC:0.9962
[20250225 17:04:31 INFO    ] Starting eval...
[20250225 17:04:31 INFO    ] Running testing in epoch 80
[20250225 17:04:37 INFO    ] Epoch:80 ===== loss:0.004894 ===== SRCC:0.9535 ===== PLCC:0.9615
[20250225 17:04:37 INFO    ] Eval done...
[20250225 17:04:37 INFO    ] Epoch 80 done. Time: 0.77min
[20250225 17:04:37 INFO    ] Running training epoch 81
[20250225 17:05:17 INFO    ] train epoch:81 / loss:0.0009234 / SRCC:0.9924 / PLCC:0.9935
[20250225 17:05:17 INFO    ] Starting eval...
[20250225 17:05:17 INFO    ] Running testing in epoch 81
[20250225 17:05:23 INFO    ] Epoch:81 ===== loss:0.007586 ===== SRCC:0.9396 ===== PLCC:0.948
[20250225 17:05:23 INFO    ] Eval done...
[20250225 17:05:23 INFO    ] Epoch 81 done. Time: 0.76min
[20250225 17:05:23 INFO    ] Running training epoch 82
[20250225 17:06:03 INFO    ] train epoch:82 / loss:0.000965 / SRCC:0.9907 / PLCC:0.9932
[20250225 17:06:03 INFO    ] Starting eval...
[20250225 17:06:03 INFO    ] Running testing in epoch 82
[20250225 17:06:09 INFO    ] Epoch:82 ===== loss:0.004982 ===== SRCC:0.9504 ===== PLCC:0.9592
[20250225 17:06:09 INFO    ] Eval done...
[20250225 17:06:09 INFO    ] Epoch 82 done. Time: 0.77min
[20250225 17:06:09 INFO    ] Running training epoch 83
[20250225 17:06:49 INFO    ] train epoch:83 / loss:0.0007016 / SRCC:0.9931 / PLCC:0.9951
[20250225 17:06:49 INFO    ] Starting eval...
[20250225 17:06:49 INFO    ] Running testing in epoch 83
[20250225 17:06:55 INFO    ] Epoch:83 ===== loss:0.004501 ===== SRCC:0.9541 ===== PLCC:0.9633
[20250225 17:06:55 INFO    ] Eval done...
[20250225 17:06:55 INFO    ] Epoch 83 done. Time: 0.76min
[20250225 17:06:55 INFO    ] Running training epoch 84
[20250225 17:07:35 INFO    ] train epoch:84 / loss:0.0005282 / SRCC:0.9944 / PLCC:0.9963
[20250225 17:07:35 INFO    ] Starting eval...
[20250225 17:07:35 INFO    ] Running testing in epoch 84
[20250225 17:07:41 INFO    ] Epoch:84 ===== loss:0.005324 ===== SRCC:0.9497 ===== PLCC:0.96
[20250225 17:07:41 INFO    ] Eval done...
[20250225 17:07:41 INFO    ] Epoch 84 done. Time: 0.76min
[20250225 17:07:41 INFO    ] Running training epoch 85
[20250225 17:08:20 INFO    ] train epoch:85 / loss:0.0007184 / SRCC:0.9924 / PLCC:0.9949
[20250225 17:08:20 INFO    ] Starting eval...
[20250225 17:08:20 INFO    ] Running testing in epoch 85
[20250225 17:08:27 INFO    ] Epoch:85 ===== loss:0.004986 ===== SRCC:0.9539 ===== PLCC:0.9615
[20250225 17:08:27 INFO    ] Eval done...
[20250225 17:08:27 INFO    ] Epoch 85 done. Time: 0.77min
[20250225 17:08:27 INFO    ] Running training epoch 86
[20250225 17:09:06 INFO    ] train epoch:86 / loss:0.0005467 / SRCC:0.9943 / PLCC:0.9961
[20250225 17:09:06 INFO    ] Starting eval...
[20250225 17:09:06 INFO    ] Running testing in epoch 86
[20250225 17:09:13 INFO    ] Epoch:86 ===== loss:0.005081 ===== SRCC:0.9544 ===== PLCC:0.9604
[20250225 17:09:13 INFO    ] Eval done...
[20250225 17:09:13 INFO    ] Epoch 86 done. Time: 0.76min
[20250225 17:09:13 INFO    ] Running training epoch 87
[20250225 17:09:52 INFO    ] train epoch:87 / loss:0.0006689 / SRCC:0.993 / PLCC:0.9952
[20250225 17:09:52 INFO    ] Starting eval...
[20250225 17:09:52 INFO    ] Running testing in epoch 87
[20250225 17:09:58 INFO    ] Epoch:87 ===== loss:0.005034 ===== SRCC:0.9511 ===== PLCC:0.9597
[20250225 17:09:58 INFO    ] Eval done...
[20250225 17:09:58 INFO    ] Epoch 87 done. Time: 0.76min
[20250225 17:09:58 INFO    ] Running training epoch 88
[20250225 17:10:38 INFO    ] train epoch:88 / loss:0.0007499 / SRCC:0.9923 / PLCC:0.9947
[20250225 17:10:38 INFO    ] Starting eval...
[20250225 17:10:38 INFO    ] Running testing in epoch 88
[20250225 17:10:45 INFO    ] Epoch:88 ===== loss:0.005072 ===== SRCC:0.9538 ===== PLCC:0.9579
[20250225 17:10:45 INFO    ] Eval done...
[20250225 17:10:45 INFO    ] Epoch 88 done. Time: 0.77min
[20250225 17:10:45 INFO    ] Running training epoch 89
[20250225 17:11:24 INFO    ] train epoch:89 / loss:0.0008811 / SRCC:0.993 / PLCC:0.9937
[20250225 17:11:24 INFO    ] Starting eval...
[20250225 17:11:24 INFO    ] Running testing in epoch 89
[20250225 17:11:30 INFO    ] Epoch:89 ===== loss:0.004684 ===== SRCC:0.9541 ===== PLCC:0.963
[20250225 17:11:30 INFO    ] Eval done...
[20250225 17:11:30 INFO    ] Epoch 89 done. Time: 0.76min
[20250225 17:11:30 INFO    ] Running training epoch 90
[20250225 17:12:10 INFO    ] train epoch:90 / loss:0.0006153 / SRCC:0.9935 / PLCC:0.9956
[20250225 17:12:10 INFO    ] Starting eval...
[20250225 17:12:10 INFO    ] Running testing in epoch 90
[20250225 17:12:16 INFO    ] Epoch:90 ===== loss:0.005949 ===== SRCC:0.942 ===== PLCC:0.9516
[20250225 17:12:16 INFO    ] Eval done...
[20250225 17:12:16 INFO    ] Epoch 90 done. Time: 0.76min
[20250225 17:12:16 INFO    ] Running training epoch 91
[20250225 17:12:56 INFO    ] train epoch:91 / loss:0.0004575 / SRCC:0.9947 / PLCC:0.9968
[20250225 17:12:56 INFO    ] Starting eval...
[20250225 17:12:56 INFO    ] Running testing in epoch 91
[20250225 17:13:02 INFO    ] Epoch:91 ===== loss:0.00516 ===== SRCC:0.951 ===== PLCC:0.9595
[20250225 17:13:02 INFO    ] Eval done...
[20250225 17:13:02 INFO    ] Epoch 91 done. Time: 0.76min
[20250225 17:13:02 INFO    ] Running training epoch 92
[20250225 17:13:41 INFO    ] train epoch:92 / loss:0.0006707 / SRCC:0.9926 / PLCC:0.9952
[20250225 17:13:41 INFO    ] Starting eval...
[20250225 17:13:41 INFO    ] Running testing in epoch 92
[20250225 17:13:47 INFO    ] Epoch:92 ===== loss:0.004745 ===== SRCC:0.9547 ===== PLCC:0.9618
[20250225 17:13:47 INFO    ] Eval done...
[20250225 17:13:48 INFO    ] Epoch 92 done. Time: 0.76min
[20250225 17:13:48 INFO    ] Running training epoch 93
[20250225 17:14:27 INFO    ] train epoch:93 / loss:0.0004361 / SRCC:0.9953 / PLCC:0.9969
[20250225 17:14:27 INFO    ] Starting eval...
[20250225 17:14:27 INFO    ] Running testing in epoch 93
[20250225 17:14:33 INFO    ] Epoch:93 ===== loss:0.006172 ===== SRCC:0.9508 ===== PLCC:0.9557
[20250225 17:14:33 INFO    ] Eval done...
[20250225 17:14:33 INFO    ] Epoch 93 done. Time: 0.76min
[20250225 17:14:33 INFO    ] Running training epoch 94
[20250225 17:15:13 INFO    ] train epoch:94 / loss:0.0006378 / SRCC:0.9931 / PLCC:0.9954
[20250225 17:15:13 INFO    ] Starting eval...
[20250225 17:15:13 INFO    ] Running testing in epoch 94
[20250225 17:15:19 INFO    ] Epoch:94 ===== loss:0.005907 ===== SRCC:0.944 ===== PLCC:0.9524
[20250225 17:15:19 INFO    ] Eval done...
[20250225 17:15:19 INFO    ] Epoch 94 done. Time: 0.76min
[20250225 17:15:19 INFO    ] Running training epoch 95
[20250225 17:15:58 INFO    ] train epoch:95 / loss:0.000517 / SRCC:0.9942 / PLCC:0.9964
[20250225 17:15:58 INFO    ] Starting eval...
[20250225 17:15:58 INFO    ] Running testing in epoch 95
[20250225 17:16:05 INFO    ] Epoch:95 ===== loss:0.00474 ===== SRCC:0.9567 ===== PLCC:0.9656
[20250225 17:16:05 INFO    ] Eval done...
[20250225 17:16:05 INFO    ] Epoch 95 done. Time: 0.76min
[20250225 17:16:05 INFO    ] Running training epoch 96
[20250225 17:16:44 INFO    ] train epoch:96 / loss:0.0007236 / SRCC:0.9923 / PLCC:0.9949
[20250225 17:16:44 INFO    ] Starting eval...
[20250225 17:16:44 INFO    ] Running testing in epoch 96
[20250225 17:16:50 INFO    ] Epoch:96 ===== loss:0.006057 ===== SRCC:0.9451 ===== PLCC:0.953
[20250225 17:16:50 INFO    ] Eval done...
[20250225 17:16:50 INFO    ] Epoch 96 done. Time: 0.76min
[20250225 17:16:50 INFO    ] Running training epoch 97
[20250225 17:17:30 INFO    ] train epoch:97 / loss:0.0009578 / SRCC:0.9894 / PLCC:0.9932
[20250225 17:17:30 INFO    ] Starting eval...
[20250225 17:17:30 INFO    ] Running testing in epoch 97
[20250225 17:17:36 INFO    ] Epoch:97 ===== loss:0.004073 ===== SRCC:0.9618 ===== PLCC:0.9667
[20250225 17:17:36 INFO    ] Eval done...
[20250225 17:17:36 INFO    ] ======================================================================================
[20250225 17:17:36 INFO    ] ============================== best main score is 1.928427190533045 =================================
[20250225 17:17:36 INFO    ] ======================================================================================
[20250225 17:17:37 INFO    ] Saving weights and model of epoch97, SRCC:0.9617541934861243, PLCC:0.9666729970469208
[20250225 17:17:37 INFO    ] Epoch 97 done. Time: 0.78min
[20250225 17:17:37 INFO    ] Running training epoch 98
[20250225 17:18:16 INFO    ] train epoch:98 / loss:0.0007209 / SRCC:0.9915 / PLCC:0.9949
[20250225 17:18:16 INFO    ] Starting eval...
[20250225 17:18:16 INFO    ] Running testing in epoch 98
[20250225 17:18:22 INFO    ] Epoch:98 ===== loss:0.004568 ===== SRCC:0.9557 ===== PLCC:0.9629
[20250225 17:18:22 INFO    ] Eval done...
[20250225 17:18:22 INFO    ] Epoch 98 done. Time: 0.76min
[20250225 17:18:22 INFO    ] Running training epoch 99
[20250225 17:19:02 INFO    ] train epoch:99 / loss:0.000506 / SRCC:0.9943 / PLCC:0.9964
[20250225 17:19:02 INFO    ] Starting eval...
[20250225 17:19:02 INFO    ] Running testing in epoch 99
[20250225 17:19:08 INFO    ] Epoch:99 ===== loss:0.004602 ===== SRCC:0.9601 ===== PLCC:0.9651
[20250225 17:19:08 INFO    ] Eval done...
[20250225 17:19:08 INFO    ] Epoch 99 done. Time: 0.76min
[20250225 17:19:08 INFO    ] Running training epoch 100
[20250225 17:19:47 INFO    ] train epoch:100 / loss:0.0003781 / SRCC:0.9956 / PLCC:0.9973
[20250225 17:19:47 INFO    ] Starting eval...
[20250225 17:19:47 INFO    ] Running testing in epoch 100
[20250225 17:19:54 INFO    ] Epoch:100 ===== loss:0.004803 ===== SRCC:0.9575 ===== PLCC:0.9617
[20250225 17:19:54 INFO    ] Eval done...
[20250225 17:19:54 INFO    ] Epoch 100 done. Time: 0.76min
[20250225 17:19:54 INFO    ] Running training epoch 101
[20250225 17:20:33 INFO    ] train epoch:101 / loss:0.0006553 / SRCC:0.9935 / PLCC:0.9954
[20250225 17:20:33 INFO    ] Starting eval...
[20250225 17:20:33 INFO    ] Running testing in epoch 101
[20250225 17:20:39 INFO    ] Epoch:101 ===== loss:0.005121 ===== SRCC:0.955 ===== PLCC:0.9594
[20250225 17:20:39 INFO    ] Eval done...
[20250225 17:20:39 INFO    ] Epoch 101 done. Time: 0.76min
[20250225 17:20:39 INFO    ] Running training epoch 102
[20250225 17:21:19 INFO    ] train epoch:102 / loss:0.0005547 / SRCC:0.9942 / PLCC:0.9961
[20250225 17:21:19 INFO    ] Starting eval...
[20250225 17:21:19 INFO    ] Running testing in epoch 102
[20250225 17:21:25 INFO    ] Epoch:102 ===== loss:0.005549 ===== SRCC:0.9503 ===== PLCC:0.9588
[20250225 17:21:25 INFO    ] Eval done...
[20250225 17:21:25 INFO    ] Epoch 102 done. Time: 0.76min
[20250225 17:21:25 INFO    ] Running training epoch 103
[20250225 17:22:05 INFO    ] train epoch:103 / loss:0.0005806 / SRCC:0.9938 / PLCC:0.9959
[20250225 17:22:05 INFO    ] Starting eval...
[20250225 17:22:05 INFO    ] Running testing in epoch 103
[20250225 17:22:11 INFO    ] Epoch:103 ===== loss:0.004893 ===== SRCC:0.9542 ===== PLCC:0.9603
[20250225 17:22:11 INFO    ] Eval done...
[20250225 17:22:11 INFO    ] Epoch 103 done. Time: 0.76min
[20250225 17:22:11 INFO    ] Running training epoch 104
[20250225 17:22:50 INFO    ] train epoch:104 / loss:0.0005113 / SRCC:0.9942 / PLCC:0.9964
[20250225 17:22:50 INFO    ] Starting eval...
[20250225 17:22:50 INFO    ] Running testing in epoch 104
[20250225 17:22:57 INFO    ] Epoch:104 ===== loss:0.004828 ===== SRCC:0.9518 ===== PLCC:0.9609
[20250225 17:22:57 INFO    ] Eval done...
[20250225 17:22:57 INFO    ] Epoch 104 done. Time: 0.76min
[20250225 17:22:57 INFO    ] Running training epoch 105
[20250225 17:23:36 INFO    ] train epoch:105 / loss:0.000419 / SRCC:0.9954 / PLCC:0.997
[20250225 17:23:36 INFO    ] Starting eval...
[20250225 17:23:36 INFO    ] Running testing in epoch 105
[20250225 17:23:42 INFO    ] Epoch:105 ===== loss:0.004373 ===== SRCC:0.9569 ===== PLCC:0.9647
[20250225 17:23:42 INFO    ] Eval done...
[20250225 17:23:42 INFO    ] Epoch 105 done. Time: 0.76min
[20250225 17:23:42 INFO    ] Running training epoch 106
[20250225 17:24:22 INFO    ] train epoch:106 / loss:0.0003984 / SRCC:0.9959 / PLCC:0.9972
[20250225 17:24:22 INFO    ] Starting eval...
[20250225 17:24:22 INFO    ] Running testing in epoch 106
[20250225 17:24:28 INFO    ] Epoch:106 ===== loss:0.005184 ===== SRCC:0.9537 ===== PLCC:0.9591
[20250225 17:24:28 INFO    ] Eval done...
[20250225 17:24:28 INFO    ] Epoch 106 done. Time: 0.77min
[20250225 17:24:28 INFO    ] Running training epoch 107
[20250225 17:25:08 INFO    ] train epoch:107 / loss:0.0004135 / SRCC:0.9957 / PLCC:0.9971
[20250225 17:25:08 INFO    ] Starting eval...
[20250225 17:25:08 INFO    ] Running testing in epoch 107
[20250225 17:25:14 INFO    ] Epoch:107 ===== loss:0.004477 ===== SRCC:0.9602 ===== PLCC:0.9654
[20250225 17:25:14 INFO    ] Eval done...
[20250225 17:25:14 INFO    ] Epoch 107 done. Time: 0.76min
[20250225 17:25:14 INFO    ] Running training epoch 108
[20250225 17:25:53 INFO    ] train epoch:108 / loss:0.0005758 / SRCC:0.9942 / PLCC:0.9959
[20250225 17:25:53 INFO    ] Starting eval...
[20250225 17:25:53 INFO    ] Running testing in epoch 108
[20250225 17:25:59 INFO    ] Epoch:108 ===== loss:0.004607 ===== SRCC:0.9566 ===== PLCC:0.963
[20250225 17:25:59 INFO    ] Eval done...
[20250225 17:25:59 INFO    ] Epoch 108 done. Time: 0.76min
[20250225 17:25:59 INFO    ] Running training epoch 109
[20250225 17:26:39 INFO    ] train epoch:109 / loss:0.0005205 / SRCC:0.994 / PLCC:0.9963
[20250225 17:26:39 INFO    ] Starting eval...
[20250225 17:26:39 INFO    ] Running testing in epoch 109
[20250225 17:26:45 INFO    ] Epoch:109 ===== loss:0.005769 ===== SRCC:0.9494 ===== PLCC:0.9554
[20250225 17:26:45 INFO    ] Eval done...
[20250225 17:26:45 INFO    ] Epoch 109 done. Time: 0.76min
[20250225 17:26:45 INFO    ] Running training epoch 110
[20250225 17:27:25 INFO    ] train epoch:110 / loss:0.0005849 / SRCC:0.9945 / PLCC:0.9959
[20250225 17:27:25 INFO    ] Starting eval...
[20250225 17:27:25 INFO    ] Running testing in epoch 110
[20250225 17:27:31 INFO    ] Epoch:110 ===== loss:0.005024 ===== SRCC:0.955 ===== PLCC:0.9596
[20250225 17:27:31 INFO    ] Eval done...
[20250225 17:27:31 INFO    ] Epoch 110 done. Time: 0.76min
[20250225 17:27:31 INFO    ] Running training epoch 111
[20250225 17:28:10 INFO    ] train epoch:111 / loss:0.0004654 / SRCC:0.9946 / PLCC:0.9967
[20250225 17:28:10 INFO    ] Starting eval...
[20250225 17:28:10 INFO    ] Running testing in epoch 111
[20250225 17:28:16 INFO    ] Epoch:111 ===== loss:0.004897 ===== SRCC:0.956 ===== PLCC:0.9614
[20250225 17:28:16 INFO    ] Eval done...
[20250225 17:28:16 INFO    ] Epoch 111 done. Time: 0.76min
[20250225 17:28:16 INFO    ] Running training epoch 112
[20250225 17:28:56 INFO    ] train epoch:112 / loss:0.0003375 / SRCC:0.9964 / PLCC:0.9976
[20250225 17:28:56 INFO    ] Starting eval...
[20250225 17:28:56 INFO    ] Running testing in epoch 112
[20250225 17:29:02 INFO    ] Epoch:112 ===== loss:0.006162 ===== SRCC:0.9503 ===== PLCC:0.9515
[20250225 17:29:02 INFO    ] Eval done...
[20250225 17:29:02 INFO    ] Epoch 112 done. Time: 0.77min
[20250225 17:29:02 INFO    ] Running training epoch 113
[20250225 17:29:42 INFO    ] train epoch:113 / loss:0.0004775 / SRCC:0.9944 / PLCC:0.9966
[20250225 17:29:42 INFO    ] Starting eval...
[20250225 17:29:42 INFO    ] Running testing in epoch 113
[20250225 17:29:48 INFO    ] Epoch:113 ===== loss:0.004622 ===== SRCC:0.9542 ===== PLCC:0.9635
[20250225 17:29:48 INFO    ] Eval done...
[20250225 17:29:48 INFO    ] Epoch 113 done. Time: 0.76min
[20250225 17:29:48 INFO    ] Running training epoch 114
[20250225 17:30:28 INFO    ] train epoch:114 / loss:0.0004026 / SRCC:0.9951 / PLCC:0.9972
[20250225 17:30:28 INFO    ] Starting eval...
[20250225 17:30:28 INFO    ] Running testing in epoch 114
[20250225 17:30:34 INFO    ] Epoch:114 ===== loss:0.005138 ===== SRCC:0.9529 ===== PLCC:0.9618
[20250225 17:30:34 INFO    ] Eval done...
[20250225 17:30:34 INFO    ] Epoch 114 done. Time: 0.76min
[20250225 17:30:34 INFO    ] Running training epoch 115
[20250225 17:31:13 INFO    ] train epoch:115 / loss:0.000448 / SRCC:0.9954 / PLCC:0.9968
[20250225 17:31:13 INFO    ] Starting eval...
[20250225 17:31:13 INFO    ] Running testing in epoch 115
[20250225 17:31:19 INFO    ] Epoch:115 ===== loss:0.004927 ===== SRCC:0.954 ===== PLCC:0.9618
[20250225 17:31:19 INFO    ] Eval done...
[20250225 17:31:19 INFO    ] Epoch 115 done. Time: 0.76min
[20250225 17:31:19 INFO    ] Running training epoch 116
[20250225 17:31:59 INFO    ] train epoch:116 / loss:0.0004005 / SRCC:0.996 / PLCC:0.9971
[20250225 17:31:59 INFO    ] Starting eval...
[20250225 17:31:59 INFO    ] Running testing in epoch 116
[20250225 17:32:05 INFO    ] Epoch:116 ===== loss:0.005152 ===== SRCC:0.9511 ===== PLCC:0.9606
[20250225 17:32:05 INFO    ] Eval done...
[20250225 17:32:05 INFO    ] Epoch 116 done. Time: 0.76min
[20250225 17:32:05 INFO    ] Running training epoch 117
[20250225 17:32:45 INFO    ] train epoch:117 / loss:0.0005716 / SRCC:0.9942 / PLCC:0.996
[20250225 17:32:45 INFO    ] Starting eval...
[20250225 17:32:45 INFO    ] Running testing in epoch 117
[20250225 17:32:51 INFO    ] Epoch:117 ===== loss:0.005841 ===== SRCC:0.9504 ===== PLCC:0.9557
[20250225 17:32:51 INFO    ] Eval done...
[20250225 17:32:51 INFO    ] Epoch 117 done. Time: 0.77min
[20250225 17:32:51 INFO    ] Running training epoch 118
[20250225 17:33:31 INFO    ] train epoch:118 / loss:0.0004319 / SRCC:0.9953 / PLCC:0.997
[20250225 17:33:31 INFO    ] Starting eval...
[20250225 17:33:31 INFO    ] Running testing in epoch 118
[20250225 17:33:37 INFO    ] Epoch:118 ===== loss:0.005027 ===== SRCC:0.9524 ===== PLCC:0.9587
[20250225 17:33:37 INFO    ] Eval done...
[20250225 17:33:37 INFO    ] Epoch 118 done. Time: 0.76min
[20250225 17:33:37 INFO    ] Running training epoch 119
[20250225 17:34:17 INFO    ] train epoch:119 / loss:0.0005372 / SRCC:0.9944 / PLCC:0.9962
[20250225 17:34:17 INFO    ] Starting eval...
[20250225 17:34:17 INFO    ] Running testing in epoch 119
[20250225 17:34:23 INFO    ] Epoch:119 ===== loss:0.005625 ===== SRCC:0.954 ===== PLCC:0.9593
[20250225 17:34:23 INFO    ] Eval done...
[20250225 17:34:23 INFO    ] Epoch 119 done. Time: 0.77min
[20250225 17:34:23 INFO    ] Running training epoch 120
[20250225 17:35:03 INFO    ] train epoch:120 / loss:0.0005872 / SRCC:0.9937 / PLCC:0.9958
[20250225 17:35:03 INFO    ] Starting eval...
[20250225 17:35:03 INFO    ] Running testing in epoch 120
[20250225 17:35:09 INFO    ] Epoch:120 ===== loss:0.005215 ===== SRCC:0.9497 ===== PLCC:0.9583
[20250225 17:35:09 INFO    ] Eval done...
[20250225 17:35:09 INFO    ] Epoch 120 done. Time: 0.76min
[20250225 17:35:09 INFO    ] Running training epoch 121
[20250225 17:35:48 INFO    ] train epoch:121 / loss:0.0003702 / SRCC:0.9965 / PLCC:0.9974
[20250225 17:35:48 INFO    ] Starting eval...
[20250225 17:35:48 INFO    ] Running testing in epoch 121
[20250225 17:35:54 INFO    ] Epoch:121 ===== loss:0.004942 ===== SRCC:0.9572 ===== PLCC:0.962
[20250225 17:35:54 INFO    ] Eval done...
[20250225 17:35:54 INFO    ] Epoch 121 done. Time: 0.76min
[20250225 17:35:54 INFO    ] Running training epoch 122
[20250225 17:36:34 INFO    ] train epoch:122 / loss:0.0004454 / SRCC:0.9953 / PLCC:0.9968
[20250225 17:36:34 INFO    ] Starting eval...
[20250225 17:36:34 INFO    ] Running testing in epoch 122
[20250225 17:36:40 INFO    ] Epoch:122 ===== loss:0.004693 ===== SRCC:0.9569 ===== PLCC:0.9623
[20250225 17:36:40 INFO    ] Eval done...
[20250225 17:36:40 INFO    ] Epoch 122 done. Time: 0.76min
[20250225 17:36:40 INFO    ] Running training epoch 123
[20250225 17:37:20 INFO    ] train epoch:123 / loss:0.0004455 / SRCC:0.9953 / PLCC:0.9968
[20250225 17:37:20 INFO    ] Starting eval...
[20250225 17:37:20 INFO    ] Running testing in epoch 123
[20250225 17:37:26 INFO    ] Epoch:123 ===== loss:0.005654 ===== SRCC:0.9506 ===== PLCC:0.9567
[20250225 17:37:26 INFO    ] Eval done...
[20250225 17:37:26 INFO    ] Epoch 123 done. Time: 0.77min
[20250225 17:37:26 INFO    ] Running training epoch 124
[20250225 17:38:06 INFO    ] train epoch:124 / loss:0.0007388 / SRCC:0.9925 / PLCC:0.9948
[20250225 17:38:06 INFO    ] Starting eval...
[20250225 17:38:06 INFO    ] Running testing in epoch 124
[20250225 17:38:12 INFO    ] Epoch:124 ===== loss:0.004906 ===== SRCC:0.9566 ===== PLCC:0.9672
[20250225 17:38:12 INFO    ] Eval done...
[20250225 17:38:12 INFO    ] Epoch 124 done. Time: 0.76min
[20250225 17:38:12 INFO    ] Running training epoch 125
[20250225 17:38:51 INFO    ] train epoch:125 / loss:0.002591 / SRCC:0.9838 / PLCC:0.9815
[20250225 17:38:51 INFO    ] Starting eval...
[20250225 17:38:51 INFO    ] Running testing in epoch 125
[20250225 17:38:57 INFO    ] Epoch:125 ===== loss:0.007268 ===== SRCC:0.9496 ===== PLCC:0.9479
[20250225 17:38:57 INFO    ] Eval done...
[20250225 17:38:57 INFO    ] Epoch 125 done. Time: 0.76min
[20250225 17:38:57 INFO    ] Running training epoch 126
[20250225 17:39:37 INFO    ] train epoch:126 / loss:0.0008831 / SRCC:0.9919 / PLCC:0.9937
[20250225 17:39:37 INFO    ] Starting eval...
[20250225 17:39:37 INFO    ] Running testing in epoch 126
[20250225 17:39:43 INFO    ] Epoch:126 ===== loss:0.005196 ===== SRCC:0.9555 ===== PLCC:0.9602
[20250225 17:39:43 INFO    ] Eval done...
[20250225 17:39:43 INFO    ] Epoch 126 done. Time: 0.76min
[20250225 17:39:43 INFO    ] Running training epoch 127
[20250225 17:40:23 INFO    ] train epoch:127 / loss:0.0007377 / SRCC:0.9931 / PLCC:0.9948
[20250225 17:40:23 INFO    ] Starting eval...
[20250225 17:40:23 INFO    ] Running testing in epoch 127
[20250225 17:40:29 INFO    ] Epoch:127 ===== loss:0.006754 ===== SRCC:0.9429 ===== PLCC:0.9472
[20250225 17:40:29 INFO    ] Eval done...
[20250225 17:40:29 INFO    ] Epoch 127 done. Time: 0.76min
[20250225 17:40:29 INFO    ] Running training epoch 128
[20250225 17:41:09 INFO    ] train epoch:128 / loss:0.000474 / SRCC:0.9949 / PLCC:0.9966
[20250225 17:41:09 INFO    ] Starting eval...
[20250225 17:41:09 INFO    ] Running testing in epoch 128
[20250225 17:41:15 INFO    ] Epoch:128 ===== loss:0.005616 ===== SRCC:0.95 ===== PLCC:0.9553
[20250225 17:41:15 INFO    ] Eval done...
[20250225 17:41:15 INFO    ] Epoch 128 done. Time: 0.76min
[20250225 17:41:15 INFO    ] Running training epoch 129
[20250225 17:41:54 INFO    ] train epoch:129 / loss:0.0006739 / SRCC:0.9937 / PLCC:0.9952
[20250225 17:41:54 INFO    ] Starting eval...
[20250225 17:41:54 INFO    ] Running testing in epoch 129
[20250225 17:42:00 INFO    ] Epoch:129 ===== loss:0.005037 ===== SRCC:0.9523 ===== PLCC:0.9606
[20250225 17:42:00 INFO    ] Eval done...
[20250225 17:42:00 INFO    ] Epoch 129 done. Time: 0.76min
[20250225 17:42:00 INFO    ] Running training epoch 130
[20250225 17:42:40 INFO    ] train epoch:130 / loss:0.0004911 / SRCC:0.9953 / PLCC:0.9965
[20250225 17:42:40 INFO    ] Starting eval...
[20250225 17:42:40 INFO    ] Running testing in epoch 130
[20250225 17:42:46 INFO    ] Epoch:130 ===== loss:0.004974 ===== SRCC:0.9516 ===== PLCC:0.9609
[20250225 17:42:46 INFO    ] Eval done...
[20250225 17:42:46 INFO    ] Epoch 130 done. Time: 0.76min
[20250225 17:42:46 INFO    ] Running training epoch 131
[20250225 17:43:26 INFO    ] train epoch:131 / loss:0.0006023 / SRCC:0.9942 / PLCC:0.9957
[20250225 17:43:26 INFO    ] Starting eval...
[20250225 17:43:26 INFO    ] Running testing in epoch 131
[20250225 17:43:32 INFO    ] Epoch:131 ===== loss:0.005375 ===== SRCC:0.9516 ===== PLCC:0.9591
[20250225 17:43:32 INFO    ] Eval done...
[20250225 17:43:32 INFO    ] Epoch 131 done. Time: 0.76min
[20250225 17:43:32 INFO    ] Running training epoch 132
[20250225 17:44:12 INFO    ] train epoch:132 / loss:0.0004485 / SRCC:0.995 / PLCC:0.9968
[20250225 17:44:12 INFO    ] Starting eval...
[20250225 17:44:12 INFO    ] Running testing in epoch 132
[20250225 17:44:18 INFO    ] Epoch:132 ===== loss:0.005061 ===== SRCC:0.954 ===== PLCC:0.9608
[20250225 17:44:18 INFO    ] Eval done...
[20250225 17:44:18 INFO    ] Epoch 132 done. Time: 0.77min
[20250225 17:44:18 INFO    ] Running training epoch 133
[20250225 17:44:58 INFO    ] train epoch:133 / loss:0.0002929 / SRCC:0.9967 / PLCC:0.9979
[20250225 17:44:58 INFO    ] Starting eval...
[20250225 17:44:58 INFO    ] Running testing in epoch 133
[20250225 17:45:04 INFO    ] Epoch:133 ===== loss:0.005216 ===== SRCC:0.9521 ===== PLCC:0.9577
[20250225 17:45:04 INFO    ] Eval done...
[20250225 17:45:04 INFO    ] Epoch 133 done. Time: 0.76min
[20250225 17:45:04 INFO    ] Running training epoch 134
[20250225 17:45:44 INFO    ] train epoch:134 / loss:0.0005886 / SRCC:0.9942 / PLCC:0.9958
[20250225 17:45:44 INFO    ] Starting eval...
[20250225 17:45:44 INFO    ] Running testing in epoch 134
[20250225 17:45:50 INFO    ] Epoch:134 ===== loss:0.004853 ===== SRCC:0.9573 ===== PLCC:0.9613
[20250225 17:45:50 INFO    ] Eval done...
[20250225 17:45:50 INFO    ] Epoch 134 done. Time: 0.76min
[20250225 17:45:50 INFO    ] Running training epoch 135
[20250225 17:46:29 INFO    ] train epoch:135 / loss:0.0006069 / SRCC:0.9936 / PLCC:0.9957
[20250225 17:46:29 INFO    ] Starting eval...
[20250225 17:46:29 INFO    ] Running testing in epoch 135
[20250225 17:46:35 INFO    ] Epoch:135 ===== loss:0.004623 ===== SRCC:0.9604 ===== PLCC:0.9656
[20250225 17:46:35 INFO    ] Eval done...
[20250225 17:46:35 INFO    ] Epoch 135 done. Time: 0.76min
[20250225 17:46:35 INFO    ] Running training epoch 136
[20250225 17:47:15 INFO    ] train epoch:136 / loss:0.0005758 / SRCC:0.994 / PLCC:0.9959
[20250225 17:47:15 INFO    ] Starting eval...
[20250225 17:47:15 INFO    ] Running testing in epoch 136
[20250225 17:47:21 INFO    ] Epoch:136 ===== loss:0.004517 ===== SRCC:0.9545 ===== PLCC:0.9641
[20250225 17:47:21 INFO    ] Eval done...
[20250225 17:47:21 INFO    ] Epoch 136 done. Time: 0.76min
[20250225 17:47:21 INFO    ] Running training epoch 137
[20250225 17:48:00 INFO    ] train epoch:137 / loss:0.0004524 / SRCC:0.9957 / PLCC:0.9968
[20250225 17:48:00 INFO    ] Starting eval...
[20250225 17:48:00 INFO    ] Running testing in epoch 137
[20250225 17:48:06 INFO    ] Epoch:137 ===== loss:0.004532 ===== SRCC:0.9565 ===== PLCC:0.9633
[20250225 17:48:06 INFO    ] Eval done...
[20250225 17:48:06 INFO    ] Epoch 137 done. Time: 0.76min
[20250225 17:48:06 INFO    ] Running training epoch 138
[20250225 17:48:46 INFO    ] train epoch:138 / loss:0.0004143 / SRCC:0.9957 / PLCC:0.9971
[20250225 17:48:46 INFO    ] Starting eval...
[20250225 17:48:46 INFO    ] Running testing in epoch 138
[20250225 17:48:52 INFO    ] Epoch:138 ===== loss:0.004842 ===== SRCC:0.9537 ===== PLCC:0.9619
[20250225 17:48:52 INFO    ] Eval done...
[20250225 17:48:52 INFO    ] Epoch 138 done. Time: 0.76min
[20250225 17:48:52 INFO    ] Running training epoch 139
[20250225 17:49:32 INFO    ] train epoch:139 / loss:0.0004573 / SRCC:0.9948 / PLCC:0.9968
[20250225 17:49:32 INFO    ] Starting eval...
[20250225 17:49:32 INFO    ] Running testing in epoch 139
[20250225 17:49:38 INFO    ] Epoch:139 ===== loss:0.005081 ===== SRCC:0.9534 ===== PLCC:0.9602
[20250225 17:49:38 INFO    ] Eval done...
[20250225 17:49:38 INFO    ] Epoch 139 done. Time: 0.76min
[20250225 17:49:38 INFO    ] Running training epoch 140
[20250225 17:50:17 INFO    ] train epoch:140 / loss:0.0003563 / SRCC:0.9959 / PLCC:0.9975
[20250225 17:50:17 INFO    ] Starting eval...
[20250225 17:50:17 INFO    ] Running testing in epoch 140
[20250225 17:50:23 INFO    ] Epoch:140 ===== loss:0.004074 ===== SRCC:0.9605 ===== PLCC:0.968
[20250225 17:50:23 INFO    ] Eval done...
[20250225 17:50:23 INFO    ] ======================================================================================
[20250225 17:50:23 INFO    ] ============================== best main score is 1.9285253185101259 =================================
[20250225 17:50:23 INFO    ] ======================================================================================
[20250225 17:50:24 INFO    ] Saving weights and model of epoch140, SRCC:0.9604912916084117, PLCC:0.9680340269017143
[20250225 17:50:24 INFO    ] Epoch 140 done. Time: 0.78min
[20250225 17:50:24 INFO    ] Running training epoch 141
[20250225 17:51:04 INFO    ] train epoch:141 / loss:0.0004602 / SRCC:0.9949 / PLCC:0.9967
[20250225 17:51:04 INFO    ] Starting eval...
[20250225 17:51:04 INFO    ] Running testing in epoch 141
[20250225 17:51:10 INFO    ] Epoch:141 ===== loss:0.006653 ===== SRCC:0.9436 ===== PLCC:0.9494
[20250225 17:51:10 INFO    ] Eval done...
[20250225 17:51:10 INFO    ] Epoch 141 done. Time: 0.76min
[20250225 17:51:10 INFO    ] Running training epoch 142
[20250225 17:51:50 INFO    ] train epoch:142 / loss:0.0003792 / SRCC:0.9962 / PLCC:0.9973
[20250225 17:51:50 INFO    ] Starting eval...
[20250225 17:51:50 INFO    ] Running testing in epoch 142
[20250225 17:51:56 INFO    ] Epoch:142 ===== loss:0.004618 ===== SRCC:0.952 ===== PLCC:0.9627
[20250225 17:51:56 INFO    ] Eval done...
[20250225 17:51:56 INFO    ] Epoch 142 done. Time: 0.77min
[20250225 17:51:56 INFO    ] Running training epoch 143
[20250225 17:52:36 INFO    ] train epoch:143 / loss:0.0005007 / SRCC:0.995 / PLCC:0.9965
[20250225 17:52:36 INFO    ] Starting eval...
[20250225 17:52:36 INFO    ] Running testing in epoch 143
[20250225 17:52:42 INFO    ] Epoch:143 ===== loss:0.004555 ===== SRCC:0.9582 ===== PLCC:0.9634
[20250225 17:52:42 INFO    ] Eval done...
[20250225 17:52:42 INFO    ] Epoch 143 done. Time: 0.77min
[20250225 17:52:42 INFO    ] Running training epoch 144
[20250225 17:53:22 INFO    ] train epoch:144 / loss:0.0003677 / SRCC:0.9962 / PLCC:0.9974
[20250225 17:53:22 INFO    ] Starting eval...
[20250225 17:53:22 INFO    ] Running testing in epoch 144
[20250225 17:53:29 INFO    ] Epoch:144 ===== loss:0.005327 ===== SRCC:0.9468 ===== PLCC:0.956
[20250225 17:53:29 INFO    ] Eval done...
[20250225 17:53:29 INFO    ] Epoch 144 done. Time: 0.77min
[20250225 17:53:29 INFO    ] Running training epoch 145
[20250225 17:54:08 INFO    ] train epoch:145 / loss:0.0003556 / SRCC:0.9961 / PLCC:0.9975
[20250225 17:54:08 INFO    ] Starting eval...
[20250225 17:54:08 INFO    ] Running testing in epoch 145
[20250225 17:54:15 INFO    ] Epoch:145 ===== loss:0.004912 ===== SRCC:0.9527 ===== PLCC:0.9618
[20250225 17:54:15 INFO    ] Eval done...
[20250225 17:54:15 INFO    ] Epoch 145 done. Time: 0.77min
[20250225 17:54:15 INFO    ] Running training epoch 146
[20250225 17:54:54 INFO    ] train epoch:146 / loss:0.0003353 / SRCC:0.9962 / PLCC:0.9976
[20250225 17:54:54 INFO    ] Starting eval...
[20250225 17:54:54 INFO    ] Running testing in epoch 146
[20250225 17:55:01 INFO    ] Epoch:146 ===== loss:0.004818 ===== SRCC:0.9552 ===== PLCC:0.9617
[20250225 17:55:01 INFO    ] Eval done...
[20250225 17:55:01 INFO    ] Epoch 146 done. Time: 0.77min
[20250225 17:55:01 INFO    ] Running training epoch 147
[20250225 17:55:41 INFO    ] train epoch:147 / loss:0.0003477 / SRCC:0.9962 / PLCC:0.9976
[20250225 17:55:41 INFO    ] Starting eval...
[20250225 17:55:41 INFO    ] Running testing in epoch 147
[20250225 17:55:47 INFO    ] Epoch:147 ===== loss:0.005065 ===== SRCC:0.9515 ===== PLCC:0.9603
[20250225 17:55:47 INFO    ] Eval done...
[20250225 17:55:47 INFO    ] Epoch 147 done. Time: 0.77min
[20250225 17:55:47 INFO    ] Running training epoch 148
[20250225 17:56:27 INFO    ] train epoch:148 / loss:0.0005175 / SRCC:0.9941 / PLCC:0.9963
[20250225 17:56:27 INFO    ] Starting eval...
[20250225 17:56:27 INFO    ] Running testing in epoch 148
[20250225 17:56:34 INFO    ] Epoch:148 ===== loss:0.005619 ===== SRCC:0.9432 ===== PLCC:0.9548
[20250225 17:56:34 INFO    ] Eval done...
[20250225 17:56:34 INFO    ] Epoch 148 done. Time: 0.78min
[20250225 17:56:34 INFO    ] Running training epoch 149
[20250225 17:57:14 INFO    ] train epoch:149 / loss:0.0003685 / SRCC:0.9961 / PLCC:0.9974
[20250225 17:57:14 INFO    ] Starting eval...
[20250225 17:57:14 INFO    ] Running testing in epoch 149
[20250225 17:57:20 INFO    ] Epoch:149 ===== loss:0.00513 ===== SRCC:0.957 ===== PLCC:0.9602
[20250225 17:57:20 INFO    ] Eval done...
[20250225 17:57:20 INFO    ] Epoch 149 done. Time: 0.78min
[20250225 17:57:20 INFO    ] Running training epoch 150
[20250225 17:58:00 INFO    ] train epoch:150 / loss:0.0004616 / SRCC:0.995 / PLCC:0.9967
[20250225 17:58:00 INFO    ] Starting eval...
[20250225 17:58:00 INFO    ] Running testing in epoch 150
[20250225 17:58:06 INFO    ] Epoch:150 ===== loss:0.004644 ===== SRCC:0.9574 ===== PLCC:0.9643
[20250225 17:58:06 INFO    ] Eval done...
[20250225 17:58:06 INFO    ] Epoch 150 done. Time: 0.77min
[20250225 17:58:06 INFO    ] Running training epoch 151
[20250225 17:58:46 INFO    ] train epoch:151 / loss:0.0004373 / SRCC:0.9955 / PLCC:0.9969
[20250225 17:58:46 INFO    ] Starting eval...
[20250225 17:58:46 INFO    ] Running testing in epoch 151
[20250225 17:58:53 INFO    ] Epoch:151 ===== loss:0.00512 ===== SRCC:0.9532 ===== PLCC:0.96
[20250225 17:58:53 INFO    ] Eval done...
[20250225 17:58:53 INFO    ] Epoch 151 done. Time: 0.77min
[20250225 17:58:53 INFO    ] Running training epoch 152
[20250225 17:59:33 INFO    ] train epoch:152 / loss:0.0005383 / SRCC:0.9946 / PLCC:0.9962
[20250225 17:59:33 INFO    ] Starting eval...
[20250225 17:59:33 INFO    ] Running testing in epoch 152
[20250225 17:59:39 INFO    ] Epoch:152 ===== loss:0.004623 ===== SRCC:0.9559 ===== PLCC:0.9638
[20250225 17:59:39 INFO    ] Eval done...
[20250225 17:59:39 INFO    ] Epoch 152 done. Time: 0.76min
[20250225 17:59:39 INFO    ] Running training epoch 153
[20250225 18:00:18 INFO    ] train epoch:153 / loss:0.0003584 / SRCC:0.9963 / PLCC:0.9975
[20250225 18:00:18 INFO    ] Starting eval...
[20250225 18:00:18 INFO    ] Running testing in epoch 153
[20250225 18:00:25 INFO    ] Epoch:153 ===== loss:0.00452 ===== SRCC:0.9548 ===== PLCC:0.9628
[20250225 18:00:25 INFO    ] Eval done...
[20250225 18:00:25 INFO    ] Epoch 153 done. Time: 0.76min
[20250225 18:00:25 INFO    ] Running training epoch 154
[20250225 18:01:04 INFO    ] train epoch:154 / loss:0.000255 / SRCC:0.9973 / PLCC:0.9982
[20250225 18:01:04 INFO    ] Starting eval...
[20250225 18:01:04 INFO    ] Running testing in epoch 154
[20250225 18:01:10 INFO    ] Epoch:154 ===== loss:0.004984 ===== SRCC:0.9503 ===== PLCC:0.9602
[20250225 18:01:10 INFO    ] Eval done...
[20250225 18:01:10 INFO    ] Epoch 154 done. Time: 0.76min
[20250225 18:01:10 INFO    ] Running training epoch 155
[20250225 18:01:50 INFO    ] train epoch:155 / loss:0.0004611 / SRCC:0.9949 / PLCC:0.9967
[20250225 18:01:50 INFO    ] Starting eval...
[20250225 18:01:50 INFO    ] Running testing in epoch 155
[20250225 18:01:56 INFO    ] Epoch:155 ===== loss:0.005276 ===== SRCC:0.953 ===== PLCC:0.9581
[20250225 18:01:56 INFO    ] Eval done...
[20250225 18:01:56 INFO    ] Epoch 155 done. Time: 0.76min
[20250225 18:01:56 INFO    ] Running training epoch 156
[20250225 18:02:36 INFO    ] train epoch:156 / loss:0.0002968 / SRCC:0.9966 / PLCC:0.9979
[20250225 18:02:36 INFO    ] Starting eval...
[20250225 18:02:36 INFO    ] Running testing in epoch 156
[20250225 18:02:42 INFO    ] Epoch:156 ===== loss:0.005289 ===== SRCC:0.949 ===== PLCC:0.9595
[20250225 18:02:42 INFO    ] Eval done...
[20250225 18:02:42 INFO    ] Epoch 156 done. Time: 0.76min
[20250225 18:02:42 INFO    ] Running training epoch 157
[20250225 18:03:21 INFO    ] train epoch:157 / loss:0.0004796 / SRCC:0.9935 / PLCC:0.9966
[20250225 18:03:21 INFO    ] Starting eval...
[20250225 18:03:21 INFO    ] Running testing in epoch 157
[20250225 18:03:27 INFO    ] Epoch:157 ===== loss:0.005123 ===== SRCC:0.9518 ===== PLCC:0.96
[20250225 18:03:27 INFO    ] Eval done...
[20250225 18:03:27 INFO    ] Epoch 157 done. Time: 0.76min
[20250225 18:03:27 INFO    ] Running training epoch 158
[20250225 18:04:07 INFO    ] train epoch:158 / loss:0.0003534 / SRCC:0.9954 / PLCC:0.9975
[20250225 18:04:07 INFO    ] Starting eval...
[20250225 18:04:07 INFO    ] Running testing in epoch 158
[20250225 18:04:13 INFO    ] Epoch:158 ===== loss:0.005348 ===== SRCC:0.9569 ===== PLCC:0.9607
[20250225 18:04:13 INFO    ] Eval done...
[20250225 18:04:13 INFO    ] Epoch 158 done. Time: 0.76min
[20250225 18:04:13 INFO    ] Running training epoch 159
[20250225 18:04:53 INFO    ] train epoch:159 / loss:0.0003397 / SRCC:0.9963 / PLCC:0.9976
[20250225 18:04:53 INFO    ] Starting eval...
[20250225 18:04:53 INFO    ] Running testing in epoch 159
[20250225 18:04:59 INFO    ] Epoch:159 ===== loss:0.004942 ===== SRCC:0.9518 ===== PLCC:0.9604
[20250225 18:04:59 INFO    ] Eval done...
[20250225 18:04:59 INFO    ] Epoch 159 done. Time: 0.76min
[20250225 18:04:59 INFO    ] Running training epoch 160
[20250225 18:05:39 INFO    ] train epoch:160 / loss:0.00037 / SRCC:0.9959 / PLCC:0.9974
[20250225 18:05:39 INFO    ] Starting eval...
[20250225 18:05:39 INFO    ] Running testing in epoch 160
[20250225 18:05:45 INFO    ] Epoch:160 ===== loss:0.00497 ===== SRCC:0.9549 ===== PLCC:0.9628
[20250225 18:05:45 INFO    ] Eval done...
[20250225 18:05:45 INFO    ] Epoch 160 done. Time: 0.76min
[20250225 18:05:45 INFO    ] Running training epoch 161
[20250225 18:06:24 INFO    ] train epoch:161 / loss:0.0003665 / SRCC:0.996 / PLCC:0.9974
[20250225 18:06:24 INFO    ] Starting eval...
[20250225 18:06:24 INFO    ] Running testing in epoch 161
[20250225 18:06:30 INFO    ] Epoch:161 ===== loss:0.006819 ===== SRCC:0.9388 ===== PLCC:0.9464
[20250225 18:06:30 INFO    ] Eval done...
[20250225 18:06:30 INFO    ] Epoch 161 done. Time: 0.76min
[20250225 18:06:30 INFO    ] Running training epoch 162
[20250225 18:07:10 INFO    ] train epoch:162 / loss:0.0004163 / SRCC:0.996 / PLCC:0.9971
[20250225 18:07:10 INFO    ] Starting eval...
[20250225 18:07:10 INFO    ] Running testing in epoch 162
[20250225 18:07:16 INFO    ] Epoch:162 ===== loss:0.005053 ===== SRCC:0.9518 ===== PLCC:0.9598
[20250225 18:07:16 INFO    ] Eval done...
[20250225 18:07:16 INFO    ] Epoch 162 done. Time: 0.77min
[20250225 18:07:16 INFO    ] Running training epoch 163
[20250225 18:07:56 INFO    ] train epoch:163 / loss:0.0004017 / SRCC:0.9958 / PLCC:0.9972
[20250225 18:07:56 INFO    ] Starting eval...
[20250225 18:07:56 INFO    ] Running testing in epoch 163
[20250225 18:08:02 INFO    ] Epoch:163 ===== loss:0.004897 ===== SRCC:0.9552 ===== PLCC:0.9638
[20250225 18:08:02 INFO    ] Eval done...
[20250225 18:08:02 INFO    ] Epoch 163 done. Time: 0.76min
[20250225 18:08:02 INFO    ] Running training epoch 164
[20250225 18:08:41 INFO    ] train epoch:164 / loss:0.0004887 / SRCC:0.9948 / PLCC:0.9966
[20250225 18:08:41 INFO    ] Starting eval...
[20250225 18:08:41 INFO    ] Running testing in epoch 164
[20250225 18:08:48 INFO    ] Epoch:164 ===== loss:0.005125 ===== SRCC:0.9508 ===== PLCC:0.9597
[20250225 18:08:48 INFO    ] Eval done...
[20250225 18:08:48 INFO    ] Epoch 164 done. Time: 0.77min
[20250225 18:08:48 INFO    ] Running training epoch 165
[20250225 18:09:27 INFO    ] train epoch:165 / loss:0.0004009 / SRCC:0.9961 / PLCC:0.9972
[20250225 18:09:27 INFO    ] Starting eval...
[20250225 18:09:27 INFO    ] Running testing in epoch 165
[20250225 18:09:33 INFO    ] Epoch:165 ===== loss:0.005321 ===== SRCC:0.9482 ===== PLCC:0.9566
[20250225 18:09:33 INFO    ] Eval done...
[20250225 18:09:33 INFO    ] Epoch 165 done. Time: 0.76min
[20250225 18:09:33 INFO    ] Running training epoch 166
[20250225 18:10:13 INFO    ] train epoch:166 / loss:0.0003774 / SRCC:0.9961 / PLCC:0.9973
[20250225 18:10:13 INFO    ] Starting eval...
[20250225 18:10:13 INFO    ] Running testing in epoch 166
[20250225 18:10:20 INFO    ] Epoch:166 ===== loss:0.004731 ===== SRCC:0.9558 ===== PLCC:0.9632
[20250225 18:10:20 INFO    ] Eval done...
[20250225 18:10:20 INFO    ] Epoch 166 done. Time: 0.77min
[20250225 18:10:20 INFO    ] Running training epoch 167
[20250225 18:10:59 INFO    ] train epoch:167 / loss:0.0003923 / SRCC:0.9957 / PLCC:0.9972
[20250225 18:10:59 INFO    ] Starting eval...
[20250225 18:10:59 INFO    ] Running testing in epoch 167
[20250225 18:11:06 INFO    ] Epoch:167 ===== loss:0.005443 ===== SRCC:0.9519 ===== PLCC:0.9556
[20250225 18:11:06 INFO    ] Eval done...
[20250225 18:11:06 INFO    ] Epoch 167 done. Time: 0.77min
[20250225 18:11:06 INFO    ] Running training epoch 168
[20250225 18:11:45 INFO    ] train epoch:168 / loss:0.0003857 / SRCC:0.9957 / PLCC:0.9973
[20250225 18:11:45 INFO    ] Starting eval...
[20250225 18:11:45 INFO    ] Running testing in epoch 168
[20250225 18:11:52 INFO    ] Epoch:168 ===== loss:0.004722 ===== SRCC:0.9549 ===== PLCC:0.9611
[20250225 18:11:52 INFO    ] Eval done...
[20250225 18:11:52 INFO    ] Epoch 168 done. Time: 0.77min
[20250225 18:11:52 INFO    ] Running training epoch 169
[20250225 18:12:31 INFO    ] train epoch:169 / loss:0.0003392 / SRCC:0.9962 / PLCC:0.9976
[20250225 18:12:31 INFO    ] Starting eval...
[20250225 18:12:31 INFO    ] Running testing in epoch 169
[20250225 18:12:38 INFO    ] Epoch:169 ===== loss:0.005077 ===== SRCC:0.9518 ===== PLCC:0.9589
[20250225 18:12:38 INFO    ] Eval done...
[20250225 18:12:38 INFO    ] Epoch 169 done. Time: 0.77min
[20250225 18:12:38 INFO    ] Running training epoch 170
[20250225 18:13:17 INFO    ] train epoch:170 / loss:0.0002939 / SRCC:0.9967 / PLCC:0.9979
[20250225 18:13:17 INFO    ] Starting eval...
[20250225 18:13:17 INFO    ] Running testing in epoch 170
[20250225 18:13:23 INFO    ] Epoch:170 ===== loss:0.005241 ===== SRCC:0.9536 ===== PLCC:0.9602
[20250225 18:13:23 INFO    ] Eval done...
[20250225 18:13:23 INFO    ] Epoch 170 done. Time: 0.76min
[20250225 18:13:23 INFO    ] Running training epoch 171
[20250225 18:14:03 INFO    ] train epoch:171 / loss:0.0004827 / SRCC:0.9953 / PLCC:0.9966
[20250225 18:14:03 INFO    ] Starting eval...
[20250225 18:14:03 INFO    ] Running testing in epoch 171
[20250225 18:14:10 INFO    ] Epoch:171 ===== loss:0.005166 ===== SRCC:0.9513 ===== PLCC:0.9601
[20250225 18:14:10 INFO    ] Eval done...
[20250225 18:14:10 INFO    ] Epoch 171 done. Time: 0.77min
[20250225 18:14:10 INFO    ] Running training epoch 172
[20250225 18:14:50 INFO    ] train epoch:172 / loss:0.0003349 / SRCC:0.996 / PLCC:0.9976
[20250225 18:14:50 INFO    ] Starting eval...
[20250225 18:14:50 INFO    ] Running testing in epoch 172
[20250225 18:14:56 INFO    ] Epoch:172 ===== loss:0.005967 ===== SRCC:0.9514 ===== PLCC:0.9542
[20250225 18:14:56 INFO    ] Eval done...
[20250225 18:14:56 INFO    ] Epoch 172 done. Time: 0.76min
[20250225 18:14:56 INFO    ] Running training epoch 173
[20250225 18:15:35 INFO    ] train epoch:173 / loss:0.0003741 / SRCC:0.9963 / PLCC:0.9974
[20250225 18:15:35 INFO    ] Starting eval...
[20250225 18:15:35 INFO    ] Running testing in epoch 173
[20250225 18:15:42 INFO    ] Epoch:173 ===== loss:0.005523 ===== SRCC:0.9497 ===== PLCC:0.9561
[20250225 18:15:42 INFO    ] Eval done...
[20250225 18:15:42 INFO    ] Epoch 173 done. Time: 0.76min
[20250225 18:15:42 INFO    ] Running training epoch 174
[20250225 18:16:21 INFO    ] train epoch:174 / loss:0.0003203 / SRCC:0.9961 / PLCC:0.9977
[20250225 18:16:21 INFO    ] Starting eval...
[20250225 18:16:21 INFO    ] Running testing in epoch 174
[20250225 18:16:27 INFO    ] Epoch:174 ===== loss:0.005056 ===== SRCC:0.9518 ===== PLCC:0.9597
[20250225 18:16:27 INFO    ] Eval done...
[20250225 18:16:27 INFO    ] Epoch 174 done. Time: 0.76min
[20250225 18:16:27 INFO    ] Running training epoch 175
[20250225 18:17:07 INFO    ] train epoch:175 / loss:0.0003131 / SRCC:0.9966 / PLCC:0.9978
[20250225 18:17:07 INFO    ] Starting eval...
[20250225 18:17:07 INFO    ] Running testing in epoch 175
[20250225 18:17:14 INFO    ] Epoch:175 ===== loss:0.005366 ===== SRCC:0.9488 ===== PLCC:0.9591
[20250225 18:17:14 INFO    ] Eval done...
[20250225 18:17:14 INFO    ] Epoch 175 done. Time: 0.77min
[20250225 18:17:14 INFO    ] Running training epoch 176
[20250225 18:17:53 INFO    ] train epoch:176 / loss:0.0003105 / SRCC:0.9967 / PLCC:0.9978
[20250225 18:17:53 INFO    ] Starting eval...
[20250225 18:17:53 INFO    ] Running testing in epoch 176
[20250225 18:18:00 INFO    ] Epoch:176 ===== loss:0.005762 ===== SRCC:0.95 ===== PLCC:0.9551
[20250225 18:18:00 INFO    ] Eval done...
[20250225 18:18:00 INFO    ] Epoch 176 done. Time: 0.77min
[20250225 18:18:00 INFO    ] Running training epoch 177
[20250225 18:18:39 INFO    ] train epoch:177 / loss:0.0002766 / SRCC:0.9971 / PLCC:0.998
[20250225 18:18:39 INFO    ] Starting eval...
[20250225 18:18:39 INFO    ] Running testing in epoch 177
[20250225 18:18:46 INFO    ] Epoch:177 ===== loss:0.004775 ===== SRCC:0.956 ===== PLCC:0.9621
[20250225 18:18:46 INFO    ] Eval done...
[20250225 18:18:46 INFO    ] Epoch 177 done. Time: 0.77min
[20250225 18:18:46 INFO    ] Running training epoch 178
[20250225 18:19:25 INFO    ] train epoch:178 / loss:0.001414 / SRCC:0.9884 / PLCC:0.9899
[20250225 18:19:25 INFO    ] Starting eval...
[20250225 18:19:25 INFO    ] Running testing in epoch 178
[20250225 18:19:32 INFO    ] Epoch:178 ===== loss:0.004615 ===== SRCC:0.9532 ===== PLCC:0.9637
[20250225 18:19:32 INFO    ] Eval done...
[20250225 18:19:32 INFO    ] Epoch 178 done. Time: 0.77min
[20250225 18:19:32 INFO    ] Running training epoch 179
[20250225 18:20:11 INFO    ] train epoch:179 / loss:0.000851 / SRCC:0.9924 / PLCC:0.994
[20250225 18:20:11 INFO    ] Starting eval...
[20250225 18:20:11 INFO    ] Running testing in epoch 179
[20250225 18:20:18 INFO    ] Epoch:179 ===== loss:0.006899 ===== SRCC:0.9465 ===== PLCC:0.9539
[20250225 18:20:18 INFO    ] Eval done...
[20250225 18:20:18 INFO    ] Epoch 179 done. Time: 0.77min
[20250225 18:20:18 INFO    ] Running training epoch 180
[20250225 18:20:58 INFO    ] train epoch:180 / loss:0.0009097 / SRCC:0.9913 / PLCC:0.9935
[20250225 18:20:58 INFO    ] Starting eval...
[20250225 18:20:58 INFO    ] Running testing in epoch 180
[20250225 18:21:04 INFO    ] Epoch:180 ===== loss:0.004187 ===== SRCC:0.9596 ===== PLCC:0.9681
[20250225 18:21:04 INFO    ] Eval done...
[20250225 18:21:04 INFO    ] Epoch 180 done. Time: 0.77min
[20250225 18:21:04 INFO    ] Running training epoch 181
[20250225 18:21:44 INFO    ] train epoch:181 / loss:0.0004349 / SRCC:0.9955 / PLCC:0.9969
[20250225 18:21:44 INFO    ] Starting eval...
[20250225 18:21:44 INFO    ] Running testing in epoch 181
[20250225 18:21:50 INFO    ] Epoch:181 ===== loss:0.004796 ===== SRCC:0.9562 ===== PLCC:0.9655
[20250225 18:21:50 INFO    ] Eval done...
[20250225 18:21:50 INFO    ] Epoch 181 done. Time: 0.76min
[20250225 18:21:50 INFO    ] Running training epoch 182
[20250225 18:22:30 INFO    ] train epoch:182 / loss:0.0003777 / SRCC:0.9958 / PLCC:0.9973
[20250225 18:22:30 INFO    ] Starting eval...
[20250225 18:22:30 INFO    ] Running testing in epoch 182
[20250225 18:22:36 INFO    ] Epoch:182 ===== loss:0.004683 ===== SRCC:0.9554 ===== PLCC:0.9634
[20250225 18:22:36 INFO    ] Eval done...
[20250225 18:22:36 INFO    ] Epoch 182 done. Time: 0.77min
[20250225 18:22:36 INFO    ] Running training epoch 183
[20250225 18:23:16 INFO    ] train epoch:183 / loss:0.0004654 / SRCC:0.9945 / PLCC:0.9967
[20250225 18:23:16 INFO    ] Starting eval...
[20250225 18:23:16 INFO    ] Running testing in epoch 183
[20250225 18:23:22 INFO    ] Epoch:183 ===== loss:0.005487 ===== SRCC:0.9517 ===== PLCC:0.9569
[20250225 18:23:22 INFO    ] Eval done...
[20250225 18:23:22 INFO    ] Epoch 183 done. Time: 0.77min
[20250225 18:23:22 INFO    ] Running training epoch 184
[20250225 18:24:02 INFO    ] train epoch:184 / loss:0.0003208 / SRCC:0.9964 / PLCC:0.9977
[20250225 18:24:02 INFO    ] Starting eval...
[20250225 18:24:02 INFO    ] Running testing in epoch 184
[20250225 18:24:09 INFO    ] Epoch:184 ===== loss:0.005279 ===== SRCC:0.9537 ===== PLCC:0.9581
[20250225 18:24:09 INFO    ] Eval done...
[20250225 18:24:09 INFO    ] Epoch 184 done. Time: 0.77min
[20250225 18:24:09 INFO    ] Running training epoch 185
[20250225 18:24:48 INFO    ] train epoch:185 / loss:0.0004347 / SRCC:0.9954 / PLCC:0.9969
[20250225 18:24:48 INFO    ] Starting eval...
[20250225 18:24:48 INFO    ] Running testing in epoch 185
[20250225 18:24:55 INFO    ] Epoch:185 ===== loss:0.004735 ===== SRCC:0.954 ===== PLCC:0.9626
[20250225 18:24:55 INFO    ] Eval done...
[20250225 18:24:55 INFO    ] Epoch 185 done. Time: 0.77min
[20250225 18:24:55 INFO    ] Running training epoch 186
[20250225 18:25:34 INFO    ] train epoch:186 / loss:0.00028 / SRCC:0.9971 / PLCC:0.998
[20250225 18:25:34 INFO    ] Starting eval...
[20250225 18:25:34 INFO    ] Running testing in epoch 186
[20250225 18:25:41 INFO    ] Epoch:186 ===== loss:0.00574 ===== SRCC:0.9443 ===== PLCC:0.9568
[20250225 18:25:41 INFO    ] Eval done...
[20250225 18:25:41 INFO    ] Epoch 186 done. Time: 0.77min
[20250225 18:25:41 INFO    ] Running training epoch 187
[20250225 18:26:20 INFO    ] train epoch:187 / loss:0.0004228 / SRCC:0.9957 / PLCC:0.997
[20250225 18:26:20 INFO    ] Starting eval...
[20250225 18:26:20 INFO    ] Running testing in epoch 187
[20250225 18:26:27 INFO    ] Epoch:187 ===== loss:0.005915 ===== SRCC:0.9452 ===== PLCC:0.9541
[20250225 18:26:27 INFO    ] Eval done...
[20250225 18:26:27 INFO    ] Epoch 187 done. Time: 0.77min
[20250225 18:26:27 INFO    ] Running training epoch 188
[20250225 18:27:06 INFO    ] train epoch:188 / loss:0.0004258 / SRCC:0.9951 / PLCC:0.997
[20250225 18:27:06 INFO    ] Starting eval...
[20250225 18:27:06 INFO    ] Running testing in epoch 188
[20250225 18:27:13 INFO    ] Epoch:188 ===== loss:0.005457 ===== SRCC:0.947 ===== PLCC:0.9556
[20250225 18:27:13 INFO    ] Eval done...
[20250225 18:27:13 INFO    ] Epoch 188 done. Time: 0.76min
[20250225 18:27:13 INFO    ] Running training epoch 189
[20250225 18:27:52 INFO    ] train epoch:189 / loss:0.0003906 / SRCC:0.9958 / PLCC:0.9972
[20250225 18:27:52 INFO    ] Starting eval...
[20250225 18:27:52 INFO    ] Running testing in epoch 189
[20250225 18:27:58 INFO    ] Epoch:189 ===== loss:0.004892 ===== SRCC:0.9541 ===== PLCC:0.9625
[20250225 18:27:58 INFO    ] Eval done...
[20250225 18:27:58 INFO    ] Epoch 189 done. Time: 0.77min
[20250225 18:27:58 INFO    ] Running training epoch 190
[20250225 18:28:38 INFO    ] train epoch:190 / loss:0.0003679 / SRCC:0.996 / PLCC:0.9974
[20250225 18:28:38 INFO    ] Starting eval...
[20250225 18:28:38 INFO    ] Running testing in epoch 190
[20250225 18:28:45 INFO    ] Epoch:190 ===== loss:0.005781 ===== SRCC:0.9495 ===== PLCC:0.9568
[20250225 18:28:45 INFO    ] Eval done...
[20250225 18:28:45 INFO    ] Epoch 190 done. Time: 0.77min
[20250225 18:28:45 INFO    ] Running training epoch 191
[20250225 18:29:24 INFO    ] train epoch:191 / loss:0.0002974 / SRCC:0.9963 / PLCC:0.9979
[20250225 18:29:25 INFO    ] Starting eval...
[20250225 18:29:25 INFO    ] Running testing in epoch 191
[20250225 18:29:31 INFO    ] Epoch:191 ===== loss:0.005434 ===== SRCC:0.9455 ===== PLCC:0.9566
[20250225 18:29:31 INFO    ] Eval done...
[20250225 18:29:31 INFO    ] Epoch 191 done. Time: 0.77min
[20250225 18:29:31 INFO    ] Running training epoch 192
[20250225 18:30:10 INFO    ] train epoch:192 / loss:0.0003764 / SRCC:0.996 / PLCC:0.9973
[20250225 18:30:10 INFO    ] Starting eval...
[20250225 18:30:10 INFO    ] Running testing in epoch 192
[20250225 18:30:17 INFO    ] Epoch:192 ===== loss:0.005078 ===== SRCC:0.9548 ===== PLCC:0.961
[20250225 18:30:17 INFO    ] Eval done...
[20250225 18:30:17 INFO    ] Epoch 192 done. Time: 0.76min
[20250225 18:30:17 INFO    ] Running training epoch 193
[20250225 18:30:56 INFO    ] train epoch:193 / loss:0.0003274 / SRCC:0.9961 / PLCC:0.9977
[20250225 18:30:56 INFO    ] Starting eval...
[20250225 18:30:56 INFO    ] Running testing in epoch 193
[20250225 18:31:03 INFO    ] Epoch:193 ===== loss:0.005134 ===== SRCC:0.9508 ===== PLCC:0.9613
[20250225 18:31:03 INFO    ] Eval done...
[20250225 18:31:03 INFO    ] Epoch 193 done. Time: 0.76min
[20250225 18:31:03 INFO    ] Running training epoch 194
[20250225 18:31:42 INFO    ] train epoch:194 / loss:0.0003261 / SRCC:0.9964 / PLCC:0.9977
[20250225 18:31:42 INFO    ] Starting eval...
[20250225 18:31:42 INFO    ] Running testing in epoch 194
[20250225 18:31:48 INFO    ] Epoch:194 ===== loss:0.00518 ===== SRCC:0.9551 ===== PLCC:0.9598
[20250225 18:31:48 INFO    ] Eval done...
[20250225 18:31:48 INFO    ] Epoch 194 done. Time: 0.76min
[20250225 18:31:48 INFO    ] Running training epoch 195
[20250225 18:32:28 INFO    ] train epoch:195 / loss:0.0003604 / SRCC:0.9963 / PLCC:0.9974
[20250225 18:32:28 INFO    ] Starting eval...
[20250225 18:32:28 INFO    ] Running testing in epoch 195
[20250225 18:32:34 INFO    ] Epoch:195 ===== loss:0.004889 ===== SRCC:0.9546 ===== PLCC:0.9615
[20250225 18:32:34 INFO    ] Eval done...
[20250225 18:32:34 INFO    ] Epoch 195 done. Time: 0.77min
[20250225 18:32:34 INFO    ] Running training epoch 196
[20250225 18:33:14 INFO    ] train epoch:196 / loss:0.0003765 / SRCC:0.9959 / PLCC:0.9974
[20250225 18:33:14 INFO    ] Starting eval...
[20250225 18:33:14 INFO    ] Running testing in epoch 196
[20250225 18:33:20 INFO    ] Epoch:196 ===== loss:0.004881 ===== SRCC:0.9535 ===== PLCC:0.9617
[20250225 18:33:20 INFO    ] Eval done...
[20250225 18:33:20 INFO    ] Epoch 196 done. Time: 0.76min
[20250225 18:33:20 INFO    ] Running training epoch 197
[20250225 18:34:00 INFO    ] train epoch:197 / loss:0.0004089 / SRCC:0.9956 / PLCC:0.9971
[20250225 18:34:00 INFO    ] Starting eval...
[20250225 18:34:00 INFO    ] Running testing in epoch 197
[20250225 18:34:06 INFO    ] Epoch:197 ===== loss:0.00596 ===== SRCC:0.9507 ===== PLCC:0.955
[20250225 18:34:06 INFO    ] Eval done...
[20250225 18:34:06 INFO    ] Epoch 197 done. Time: 0.77min
[20250225 18:34:06 INFO    ] Running training epoch 198
[20250225 18:34:45 INFO    ] train epoch:198 / loss:0.0003434 / SRCC:0.9961 / PLCC:0.9976
[20250225 18:34:45 INFO    ] Starting eval...
[20250225 18:34:45 INFO    ] Running testing in epoch 198
[20250225 18:34:52 INFO    ] Epoch:198 ===== loss:0.005528 ===== SRCC:0.9537 ===== PLCC:0.9605
[20250225 18:34:52 INFO    ] Eval done...
[20250225 18:34:52 INFO    ] Epoch 198 done. Time: 0.76min
[20250225 18:34:52 INFO    ] Running training epoch 199
[20250225 18:35:31 INFO    ] train epoch:199 / loss:0.0003968 / SRCC:0.996 / PLCC:0.9972
[20250225 18:35:31 INFO    ] Starting eval...
[20250225 18:35:31 INFO    ] Running testing in epoch 199
[20250225 18:35:37 INFO    ] Epoch:199 ===== loss:0.004789 ===== SRCC:0.9553 ===== PLCC:0.9624
[20250225 18:35:37 INFO    ] Eval done...
[20250225 18:35:37 INFO    ] Epoch 199 done. Time: 0.76min
[20250225 18:35:37 INFO    ] Running training epoch 200
[20250225 18:36:17 INFO    ] train epoch:200 / loss:0.0004456 / SRCC:0.9956 / PLCC:0.9969
[20250225 18:36:17 INFO    ] Starting eval...
[20250225 18:36:17 INFO    ] Running testing in epoch 200
[20250225 18:36:23 INFO    ] Epoch:200 ===== loss:0.005217 ===== SRCC:0.9506 ===== PLCC:0.9598
[20250225 18:36:23 INFO    ] Eval done...
[20250225 18:36:23 INFO    ] Epoch 200 done. Time: 0.76min
