[20250221 03:07:05 INFO    ] {'dataset_name': 'livec', 'koniq10k_path': '../all_dataset/KonIQ-10K/1024x768', 'koniq10k_label': './data/koniq10k/koniq10k_label.txt', 'livec_path': '../all_dataset/LIVEC/Images/', 'livec_label': './data/livec/livec_label.txt', 'spaq_path': '../all_dataset/SPAQ/TestImage/', 'spaq_label': './data/spaq/spaq_label.txt', 'tid2013_path': '../all_dataset/tid2013/distorted_images/', 'tid2013_label': 'data/tid2013/tid2013_label.txt', 'kadid10k_path': '../all_dataset/KADID-10K/images/', 'kadid10k_label': './data/kadid10k/kadid10k_label.txt', 'csiq_path': '../all_dataset/CSIQ/dist_imgs/', 'csiq_label': './data/CSIQ/csiq_label.txt', 'batch_size': 12, 'learning_rate': 1e-05, 'weight_decay': 1e-05, 'n_epoch': 200, 'val_freq': 1, 'T_max': 50, 'eta_min': 0, 'num_avg_val': 1, 'num_workers': 8, 'split_seed': 20, 'train_keep_ratio': 1.0, 'val_keep_ratio': 1.0, 'crop_size': 224, 'prob_aug': 0.7, 'patch_size': 8, 'img_size': 224, 'embed_dim': 768, 'dim_mlp': 768, 'num_heads': [4, 4], 'window_size': 4, 'depths': [2, 2], 'num_outputs': 1, 'num_tab': 2, 'scale': 0.8, 'ckpt_path': './output_livec_wo_slic/models/livec', 'log_path': './output_livec_wo_slic/log/livec', 'log_file': 'livec.log', 'tensorboard_path': './output_livec_wo_slic/livec'}
[20250221 03:07:05 INFO    ] number of train scenes: 935
[20250221 03:07:05 INFO    ] number of val scenes: 234
[20250221 03:07:08 INFO    ] #Params : 172.537214 [M]
[20250221 03:07:12 INFO    ] Running training epoch 1
[20250221 03:08:07 INFO    ] train epoch:1 / loss:0.04486 / SRCC:0.5724 / PLCC:0.4884
[20250221 03:08:07 INFO    ] Starting eval...
[20250221 03:08:07 INFO    ] Running testing in epoch 1
[20250221 03:08:14 INFO    ] Epoch:1 ===== loss:0.01888 ===== SRCC:0.8429 ===== PLCC:0.8607
[20250221 03:08:14 INFO    ] Eval done...
[20250221 03:08:14 INFO    ] ======================================================================================
[20250221 03:08:14 INFO    ] ============================== best main score is 1.7036370024245746 =================================
[20250221 03:08:14 INFO    ] ======================================================================================
[20250221 03:08:15 INFO    ] Saving weights and model of epoch1, SRCC:0.842945618861227, PLCC:0.8606913835633476
[20250221 03:08:15 INFO    ] Epoch 1 done. Time: 1.0min
[20250221 03:08:15 INFO    ] Running training epoch 2
[20250221 03:09:08 INFO    ] train epoch:2 / loss:0.01208 / SRCC:0.8442 / PLCC:0.8752
[20250221 03:09:08 INFO    ] Starting eval...
[20250221 03:09:08 INFO    ] Running testing in epoch 2
[20250221 03:09:15 INFO    ] Epoch:2 ===== loss:0.01364 ===== SRCC:0.8844 ===== PLCC:0.8909
[20250221 03:09:15 INFO    ] Eval done...
[20250221 03:09:15 INFO    ] ======================================================================================
[20250221 03:09:15 INFO    ] ============================== best main score is 1.7753192615910318 =================================
[20250221 03:09:15 INFO    ] ======================================================================================
[20250221 03:09:16 INFO    ] Saving weights and model of epoch2, SRCC:0.8844318537335587, PLCC:0.8908874078574731
[20250221 03:09:16 INFO    ] Epoch 2 done. Time: 1.0min
[20250221 03:09:16 INFO    ] Running training epoch 3
[20250221 03:10:09 INFO    ] train epoch:3 / loss:0.008555 / SRCC:0.8929 / PLCC:0.9133
[20250221 03:10:09 INFO    ] Starting eval...
[20250221 03:10:09 INFO    ] Running testing in epoch 3
[20250221 03:10:17 INFO    ] Epoch:3 ===== loss:0.01497 ===== SRCC:0.8831 ===== PLCC:0.8922
[20250221 03:10:17 INFO    ] Eval done...
[20250221 03:10:17 INFO    ] Epoch 3 done. Time: 1.0min
[20250221 03:10:17 INFO    ] Running training epoch 4
[20250221 03:11:10 INFO    ] train epoch:4 / loss:0.006108 / SRCC:0.9232 / PLCC:0.939
[20250221 03:11:10 INFO    ] Starting eval...
[20250221 03:11:10 INFO    ] Running testing in epoch 4
[20250221 03:11:17 INFO    ] Epoch:4 ===== loss:0.01727 ===== SRCC:0.9001 ===== PLCC:0.9079
[20250221 03:11:17 INFO    ] Eval done...
[20250221 03:11:17 INFO    ] ======================================================================================
[20250221 03:11:17 INFO    ] ============================== best main score is 1.8080803970720596 =================================
[20250221 03:11:17 INFO    ] ======================================================================================
[20250221 03:11:18 INFO    ] Saving weights and model of epoch4, SRCC:0.9001404305253641, PLCC:0.9079399665466956
[20250221 03:11:18 INFO    ] Epoch 4 done. Time: 1.0min
[20250221 03:11:18 INFO    ] Running training epoch 5
[20250221 03:12:12 INFO    ] train epoch:5 / loss:0.004367 / SRCC:0.9448 / PLCC:0.9569
[20250221 03:12:12 INFO    ] Starting eval...
[20250221 03:12:12 INFO    ] Running testing in epoch 5
[20250221 03:12:19 INFO    ] Epoch:5 ===== loss:0.01597 ===== SRCC:0.9153 ===== PLCC:0.9195
[20250221 03:12:19 INFO    ] Eval done...
[20250221 03:12:19 INFO    ] ======================================================================================
[20250221 03:12:19 INFO    ] ============================== best main score is 1.8347882800368198 =================================
[20250221 03:12:19 INFO    ] ======================================================================================
[20250221 03:12:20 INFO    ] Saving weights and model of epoch5, SRCC:0.9153265693136522, PLCC:0.9194617107231676
[20250221 03:12:20 INFO    ] Epoch 5 done. Time: 1.0min
[20250221 03:12:20 INFO    ] Running training epoch 6
[20250221 03:13:13 INFO    ] train epoch:6 / loss:0.003459 / SRCC:0.958 / PLCC:0.966
[20250221 03:13:13 INFO    ] Starting eval...
[20250221 03:13:13 INFO    ] Running testing in epoch 6
[20250221 03:13:21 INFO    ] Epoch:6 ===== loss:0.01109 ===== SRCC:0.9081 ===== PLCC:0.9149
[20250221 03:13:21 INFO    ] Eval done...
[20250221 03:13:21 INFO    ] Epoch 6 done. Time: 1.0min
[20250221 03:13:21 INFO    ] Running training epoch 7
[20250221 03:14:14 INFO    ] train epoch:7 / loss:0.002737 / SRCC:0.9622 / PLCC:0.973
[20250221 03:14:14 INFO    ] Starting eval...
[20250221 03:14:14 INFO    ] Running testing in epoch 7
[20250221 03:14:21 INFO    ] Epoch:7 ===== loss:0.01144 ===== SRCC:0.9021 ===== PLCC:0.9099
[20250221 03:14:21 INFO    ] Eval done...
[20250221 03:14:21 INFO    ] Epoch 7 done. Time: 1.0min
[20250221 03:14:21 INFO    ] Running training epoch 8
[20250221 03:15:14 INFO    ] train epoch:8 / loss:0.003257 / SRCC:0.9576 / PLCC:0.968
[20250221 03:15:14 INFO    ] Starting eval...
[20250221 03:15:14 INFO    ] Running testing in epoch 8
[20250221 03:15:22 INFO    ] Epoch:8 ===== loss:0.01815 ===== SRCC:0.8965 ===== PLCC:0.9025
[20250221 03:15:22 INFO    ] Eval done...
[20250221 03:15:22 INFO    ] Epoch 8 done. Time: 1.0min
[20250221 03:15:22 INFO    ] Running training epoch 9
[20250221 03:16:15 INFO    ] train epoch:9 / loss:0.002839 / SRCC:0.9647 / PLCC:0.972
[20250221 03:16:15 INFO    ] Starting eval...
[20250221 03:16:15 INFO    ] Running testing in epoch 9
[20250221 03:16:22 INFO    ] Epoch:9 ===== loss:0.01317 ===== SRCC:0.909 ===== PLCC:0.9163
[20250221 03:16:22 INFO    ] Eval done...
[20250221 03:16:22 INFO    ] Epoch 9 done. Time: 1.0min
[20250221 03:16:22 INFO    ] Running training epoch 10
[20250221 03:17:15 INFO    ] train epoch:10 / loss:0.003128 / SRCC:0.9624 / PLCC:0.9689
[20250221 03:17:15 INFO    ] Starting eval...
[20250221 03:17:15 INFO    ] Running testing in epoch 10
[20250221 03:17:23 INFO    ] Epoch:10 ===== loss:0.01115 ===== SRCC:0.9101 ===== PLCC:0.9156
[20250221 03:17:23 INFO    ] Eval done...
[20250221 03:17:23 INFO    ] Epoch 10 done. Time: 1.0min
[20250221 03:17:23 INFO    ] Running training epoch 11
[20250221 03:18:16 INFO    ] train epoch:11 / loss:0.002314 / SRCC:0.9696 / PLCC:0.9774
[20250221 03:18:16 INFO    ] Starting eval...
[20250221 03:18:16 INFO    ] Running testing in epoch 11
[20250221 03:18:23 INFO    ] Epoch:11 ===== loss:0.01053 ===== SRCC:0.9143 ===== PLCC:0.922
[20250221 03:18:23 INFO    ] Eval done...
[20250221 03:18:23 INFO    ] ======================================================================================
[20250221 03:18:23 INFO    ] ============================== best main score is 1.8362783451134417 =================================
[20250221 03:18:23 INFO    ] ======================================================================================
[20250221 03:18:24 INFO    ] Saving weights and model of epoch11, SRCC:0.9142877681671235, PLCC:0.9219905769463181
[20250221 03:18:24 INFO    ] Epoch 11 done. Time: 1.0min
[20250221 03:18:24 INFO    ] Running training epoch 12
[20250221 03:19:17 INFO    ] train epoch:12 / loss:0.001538 / SRCC:0.9795 / PLCC:0.9848
[20250221 03:19:17 INFO    ] Starting eval...
[20250221 03:19:17 INFO    ] Running testing in epoch 12
[20250221 03:19:25 INFO    ] Epoch:12 ===== loss:0.01375 ===== SRCC:0.919 ===== PLCC:0.9162
[20250221 03:19:25 INFO    ] Eval done...
[20250221 03:19:25 INFO    ] Epoch 12 done. Time: 1.0min
[20250221 03:19:25 INFO    ] Running training epoch 13
[20250221 03:20:18 INFO    ] train epoch:13 / loss:0.001125 / SRCC:0.9854 / PLCC:0.989
[20250221 03:20:18 INFO    ] Starting eval...
[20250221 03:20:18 INFO    ] Running testing in epoch 13
[20250221 03:20:26 INFO    ] Epoch:13 ===== loss:0.01105 ===== SRCC:0.9192 ===== PLCC:0.9191
[20250221 03:20:26 INFO    ] Eval done...
[20250221 03:20:26 INFO    ] ======================================================================================
[20250221 03:20:26 INFO    ] ============================== best main score is 1.8383029643101971 =================================
[20250221 03:20:26 INFO    ] ======================================================================================
[20250221 03:20:27 INFO    ] Saving weights and model of epoch13, SRCC:0.9192316921422692, PLCC:0.9190712721679279
[20250221 03:20:27 INFO    ] Epoch 13 done. Time: 1.0min
[20250221 03:20:27 INFO    ] Running training epoch 14
[20250221 03:21:20 INFO    ] train epoch:14 / loss:0.00116 / SRCC:0.9845 / PLCC:0.9885
[20250221 03:21:20 INFO    ] Starting eval...
[20250221 03:21:20 INFO    ] Running testing in epoch 14
[20250221 03:21:28 INFO    ] Epoch:14 ===== loss:0.01032 ===== SRCC:0.9202 ===== PLCC:0.9216
[20250221 03:21:28 INFO    ] Eval done...
[20250221 03:21:28 INFO    ] ======================================================================================
[20250221 03:21:28 INFO    ] ============================== best main score is 1.8418105138918026 =================================
[20250221 03:21:28 INFO    ] ======================================================================================
[20250221 03:21:28 INFO    ] Saving weights and model of epoch14, SRCC:0.9202350566025127, PLCC:0.9215754572892898
[20250221 03:21:28 INFO    ] Epoch 14 done. Time: 1.0min
[20250221 03:21:28 INFO    ] Running training epoch 15
[20250221 03:22:21 INFO    ] train epoch:15 / loss:0.001069 / SRCC:0.9861 / PLCC:0.9896
[20250221 03:22:21 INFO    ] Starting eval...
[20250221 03:22:21 INFO    ] Running testing in epoch 15
[20250221 03:22:29 INFO    ] Epoch:15 ===== loss:0.01008 ===== SRCC:0.9232 ===== PLCC:0.9227
[20250221 03:22:29 INFO    ] Eval done...
[20250221 03:22:29 INFO    ] ======================================================================================
[20250221 03:22:29 INFO    ] ============================== best main score is 1.8458959813628097 =================================
[20250221 03:22:29 INFO    ] ======================================================================================
[20250221 03:22:30 INFO    ] Saving weights and model of epoch15, SRCC:0.9231530145989022, PLCC:0.9227429667639077
[20250221 03:22:30 INFO    ] Epoch 15 done. Time: 1.0min
[20250221 03:22:30 INFO    ] Running training epoch 16
[20250221 03:23:23 INFO    ] train epoch:16 / loss:0.001196 / SRCC:0.9849 / PLCC:0.9883
[20250221 03:23:23 INFO    ] Starting eval...
[20250221 03:23:23 INFO    ] Running testing in epoch 16
[20250221 03:23:30 INFO    ] Epoch:16 ===== loss:0.01145 ===== SRCC:0.9147 ===== PLCC:0.9165
[20250221 03:23:30 INFO    ] Eval done...
[20250221 03:23:30 INFO    ] Epoch 16 done. Time: 1.0min
[20250221 03:23:30 INFO    ] Running training epoch 17
[20250221 03:24:24 INFO    ] train epoch:17 / loss:0.001668 / SRCC:0.9797 / PLCC:0.9838
[20250221 03:24:24 INFO    ] Starting eval...
[20250221 03:24:24 INFO    ] Running testing in epoch 17
[20250221 03:24:31 INFO    ] Epoch:17 ===== loss:0.01118 ===== SRCC:0.9114 ===== PLCC:0.9119
[20250221 03:24:31 INFO    ] Eval done...
[20250221 03:24:31 INFO    ] Epoch 17 done. Time: 1.0min
[20250221 03:24:31 INFO    ] Running training epoch 18
[20250221 03:25:24 INFO    ] train epoch:18 / loss:0.001184 / SRCC:0.9854 / PLCC:0.9884
[20250221 03:25:25 INFO    ] Starting eval...
[20250221 03:25:25 INFO    ] Running testing in epoch 18
[20250221 03:25:32 INFO    ] Epoch:18 ===== loss:0.01089 ===== SRCC:0.9189 ===== PLCC:0.9209
[20250221 03:25:32 INFO    ] Eval done...
[20250221 03:25:32 INFO    ] Epoch 18 done. Time: 1.0min
[20250221 03:25:32 INFO    ] Running training epoch 19
[20250221 03:26:25 INFO    ] train epoch:19 / loss:0.0008235 / SRCC:0.9894 / PLCC:0.9919
[20250221 03:26:25 INFO    ] Starting eval...
[20250221 03:26:25 INFO    ] Running testing in epoch 19
[20250221 03:26:32 INFO    ] Epoch:19 ===== loss:0.01045 ===== SRCC:0.9204 ===== PLCC:0.9224
[20250221 03:26:32 INFO    ] Eval done...
[20250221 03:26:32 INFO    ] Epoch 19 done. Time: 1.0min
[20250221 03:26:32 INFO    ] Running training epoch 20
[20250221 03:27:26 INFO    ] train epoch:20 / loss:0.0006705 / SRCC:0.9919 / PLCC:0.9934
[20250221 03:27:26 INFO    ] Starting eval...
[20250221 03:27:26 INFO    ] Running testing in epoch 20
[20250221 03:27:33 INFO    ] Epoch:20 ===== loss:0.01065 ===== SRCC:0.9157 ===== PLCC:0.919
[20250221 03:27:33 INFO    ] Eval done...
[20250221 03:27:33 INFO    ] Epoch 20 done. Time: 1.0min
[20250221 03:27:33 INFO    ] Running training epoch 21
[20250221 03:28:27 INFO    ] train epoch:21 / loss:0.0005371 / SRCC:0.9934 / PLCC:0.9948
[20250221 03:28:27 INFO    ] Starting eval...
[20250221 03:28:27 INFO    ] Running testing in epoch 21
[20250221 03:28:34 INFO    ] Epoch:21 ===== loss:0.01004 ===== SRCC:0.9196 ===== PLCC:0.922
[20250221 03:28:34 INFO    ] Eval done...
[20250221 03:28:34 INFO    ] Epoch 21 done. Time: 1.0min
[20250221 03:28:34 INFO    ] Running training epoch 22
[20250221 03:29:27 INFO    ] train epoch:22 / loss:0.0004563 / SRCC:0.9942 / PLCC:0.9956
[20250221 03:29:27 INFO    ] Starting eval...
[20250221 03:29:27 INFO    ] Running testing in epoch 22
[20250221 03:29:35 INFO    ] Epoch:22 ===== loss:0.01222 ===== SRCC:0.9187 ===== PLCC:0.9231
[20250221 03:29:35 INFO    ] Eval done...
[20250221 03:29:35 INFO    ] Epoch 22 done. Time: 1.0min
[20250221 03:29:35 INFO    ] Running training epoch 23
[20250221 03:30:28 INFO    ] train epoch:23 / loss:0.0005164 / SRCC:0.9935 / PLCC:0.995
[20250221 03:30:28 INFO    ] Starting eval...
[20250221 03:30:28 INFO    ] Running testing in epoch 23
[20250221 03:30:36 INFO    ] Epoch:23 ===== loss:0.01045 ===== SRCC:0.9192 ===== PLCC:0.921
[20250221 03:30:36 INFO    ] Eval done...
[20250221 03:30:36 INFO    ] Epoch 23 done. Time: 1.0min
[20250221 03:30:36 INFO    ] Running training epoch 24
[20250221 03:31:29 INFO    ] train epoch:24 / loss:0.000453 / SRCC:0.9941 / PLCC:0.9956
[20250221 03:31:29 INFO    ] Starting eval...
[20250221 03:31:29 INFO    ] Running testing in epoch 24
[20250221 03:31:36 INFO    ] Epoch:24 ===== loss:0.01061 ===== SRCC:0.92 ===== PLCC:0.92
[20250221 03:31:36 INFO    ] Eval done...
[20250221 03:31:36 INFO    ] Epoch 24 done. Time: 1.0min
[20250221 03:31:36 INFO    ] Running training epoch 25
[20250221 03:32:29 INFO    ] train epoch:25 / loss:0.0005669 / SRCC:0.9929 / PLCC:0.9945
[20250221 03:32:29 INFO    ] Starting eval...
[20250221 03:32:29 INFO    ] Running testing in epoch 25
[20250221 03:32:37 INFO    ] Epoch:25 ===== loss:0.01112 ===== SRCC:0.9178 ===== PLCC:0.9211
[20250221 03:32:37 INFO    ] Eval done...
[20250221 03:32:37 INFO    ] Epoch 25 done. Time: 1.0min
[20250221 03:32:37 INFO    ] Running training epoch 26
[20250221 03:33:30 INFO    ] train epoch:26 / loss:0.0006546 / SRCC:0.9925 / PLCC:0.9936
[20250221 03:33:30 INFO    ] Starting eval...
[20250221 03:33:30 INFO    ] Running testing in epoch 26
[20250221 03:33:37 INFO    ] Epoch:26 ===== loss:0.01412 ===== SRCC:0.9172 ===== PLCC:0.9163
[20250221 03:33:37 INFO    ] Eval done...
[20250221 03:33:37 INFO    ] Epoch 26 done. Time: 1.0min
[20250221 03:33:37 INFO    ] Running training epoch 27
[20250221 03:34:31 INFO    ] train epoch:27 / loss:0.001017 / SRCC:0.9869 / PLCC:0.99
[20250221 03:34:31 INFO    ] Starting eval...
[20250221 03:34:31 INFO    ] Running testing in epoch 27
[20250221 03:34:38 INFO    ] Epoch:27 ===== loss:0.01082 ===== SRCC:0.9227 ===== PLCC:0.9223
[20250221 03:34:38 INFO    ] Eval done...
[20250221 03:34:38 INFO    ] Epoch 27 done. Time: 1.0min
[20250221 03:34:38 INFO    ] Running training epoch 28
[20250221 03:35:31 INFO    ] train epoch:28 / loss:0.000597 / SRCC:0.9927 / PLCC:0.9942
[20250221 03:35:31 INFO    ] Starting eval...
[20250221 03:35:31 INFO    ] Running testing in epoch 28
[20250221 03:35:39 INFO    ] Epoch:28 ===== loss:0.01068 ===== SRCC:0.9189 ===== PLCC:0.921
[20250221 03:35:39 INFO    ] Eval done...
[20250221 03:35:39 INFO    ] Epoch 28 done. Time: 1.0min
[20250221 03:35:39 INFO    ] Running training epoch 29
[20250221 03:36:32 INFO    ] train epoch:29 / loss:0.0006693 / SRCC:0.9911 / PLCC:0.9935
[20250221 03:36:32 INFO    ] Starting eval...
[20250221 03:36:32 INFO    ] Running testing in epoch 29
[20250221 03:36:39 INFO    ] Epoch:29 ===== loss:0.01084 ===== SRCC:0.9146 ===== PLCC:0.9189
[20250221 03:36:39 INFO    ] Eval done...
[20250221 03:36:39 INFO    ] Epoch 29 done. Time: 1.0min
[20250221 03:36:39 INFO    ] Running training epoch 30
[20250221 03:37:32 INFO    ] train epoch:30 / loss:0.0004741 / SRCC:0.9937 / PLCC:0.9954
[20250221 03:37:32 INFO    ] Starting eval...
[20250221 03:37:32 INFO    ] Running testing in epoch 30
[20250221 03:37:40 INFO    ] Epoch:30 ===== loss:0.01028 ===== SRCC:0.9147 ===== PLCC:0.92
[20250221 03:37:40 INFO    ] Eval done...
[20250221 03:37:40 INFO    ] Epoch 30 done. Time: 1.0min
[20250221 03:37:40 INFO    ] Running training epoch 31
[20250221 03:38:33 INFO    ] train epoch:31 / loss:0.0003617 / SRCC:0.9956 / PLCC:0.9965
[20250221 03:38:33 INFO    ] Starting eval...
[20250221 03:38:33 INFO    ] Running testing in epoch 31
[20250221 03:38:40 INFO    ] Epoch:31 ===== loss:0.0107 ===== SRCC:0.9198 ===== PLCC:0.92
[20250221 03:38:40 INFO    ] Eval done...
[20250221 03:38:40 INFO    ] Epoch 31 done. Time: 1.0min
[20250221 03:38:40 INFO    ] Running training epoch 32
[20250221 03:39:33 INFO    ] train epoch:32 / loss:0.0006444 / SRCC:0.9915 / PLCC:0.9938
[20250221 03:39:33 INFO    ] Starting eval...
[20250221 03:39:33 INFO    ] Running testing in epoch 32
[20250221 03:39:41 INFO    ] Epoch:32 ===== loss:0.01074 ===== SRCC:0.9193 ===== PLCC:0.9202
[20250221 03:39:41 INFO    ] Eval done...
[20250221 03:39:41 INFO    ] Epoch 32 done. Time: 1.0min
[20250221 03:39:41 INFO    ] Running training epoch 33
[20250221 03:40:34 INFO    ] train epoch:33 / loss:0.000563 / SRCC:0.9927 / PLCC:0.9945
[20250221 03:40:34 INFO    ] Starting eval...
[20250221 03:40:34 INFO    ] Running testing in epoch 33
[20250221 03:40:41 INFO    ] Epoch:33 ===== loss:0.01075 ===== SRCC:0.9182 ===== PLCC:0.9194
[20250221 03:40:41 INFO    ] Eval done...
[20250221 03:40:41 INFO    ] Epoch 33 done. Time: 1.0min
[20250221 03:40:41 INFO    ] Running training epoch 34
[20250221 03:41:34 INFO    ] train epoch:34 / loss:0.0003918 / SRCC:0.9949 / PLCC:0.9962
[20250221 03:41:34 INFO    ] Starting eval...
[20250221 03:41:34 INFO    ] Running testing in epoch 34
[20250221 03:41:42 INFO    ] Epoch:34 ===== loss:0.01042 ===== SRCC:0.9215 ===== PLCC:0.9229
[20250221 03:41:42 INFO    ] Eval done...
[20250221 03:41:42 INFO    ] Epoch 34 done. Time: 1.0min
[20250221 03:41:42 INFO    ] Running training epoch 35
[20250221 03:42:35 INFO    ] train epoch:35 / loss:0.0003442 / SRCC:0.9962 / PLCC:0.9967
[20250221 03:42:35 INFO    ] Starting eval...
[20250221 03:42:35 INFO    ] Running testing in epoch 35
[20250221 03:42:42 INFO    ] Epoch:35 ===== loss:0.01069 ===== SRCC:0.9185 ===== PLCC:0.9193
[20250221 03:42:42 INFO    ] Eval done...
[20250221 03:42:42 INFO    ] Epoch 35 done. Time: 1.0min
[20250221 03:42:42 INFO    ] Running training epoch 36
[20250221 03:43:35 INFO    ] train epoch:36 / loss:0.0002705 / SRCC:0.997 / PLCC:0.9974
[20250221 03:43:35 INFO    ] Starting eval...
[20250221 03:43:35 INFO    ] Running testing in epoch 36
[20250221 03:43:43 INFO    ] Epoch:36 ===== loss:0.01052 ===== SRCC:0.9218 ===== PLCC:0.9222
[20250221 03:43:43 INFO    ] Eval done...
[20250221 03:43:43 INFO    ] Epoch 36 done. Time: 1.0min
[20250221 03:43:43 INFO    ] Running training epoch 37
[20250221 03:44:36 INFO    ] train epoch:37 / loss:0.0002673 / SRCC:0.9969 / PLCC:0.9974
[20250221 03:44:36 INFO    ] Starting eval...
[20250221 03:44:36 INFO    ] Running testing in epoch 37
[20250221 03:44:43 INFO    ] Epoch:37 ===== loss:0.01064 ===== SRCC:0.922 ===== PLCC:0.9219
[20250221 03:44:43 INFO    ] Eval done...
[20250221 03:44:43 INFO    ] Epoch 37 done. Time: 1.0min
[20250221 03:44:43 INFO    ] Running training epoch 38
[20250221 03:45:36 INFO    ] train epoch:38 / loss:0.0002926 / SRCC:0.9964 / PLCC:0.9972
[20250221 03:45:36 INFO    ] Starting eval...
[20250221 03:45:36 INFO    ] Running testing in epoch 38
[20250221 03:45:44 INFO    ] Epoch:38 ===== loss:0.01053 ===== SRCC:0.9206 ===== PLCC:0.9212
[20250221 03:45:44 INFO    ] Eval done...
[20250221 03:45:44 INFO    ] Epoch 38 done. Time: 1.0min
[20250221 03:45:44 INFO    ] Running training epoch 39
[20250221 03:46:37 INFO    ] train epoch:39 / loss:0.000317 / SRCC:0.9962 / PLCC:0.9969
[20250221 03:46:37 INFO    ] Starting eval...
[20250221 03:46:37 INFO    ] Running testing in epoch 39
[20250221 03:46:44 INFO    ] Epoch:39 ===== loss:0.01072 ===== SRCC:0.9222 ===== PLCC:0.9239
[20250221 03:46:44 INFO    ] Eval done...
[20250221 03:46:44 INFO    ] ======================================================================================
[20250221 03:46:44 INFO    ] ============================== best main score is 1.84614124684497 =================================
[20250221 03:46:44 INFO    ] ======================================================================================
[20250221 03:46:45 INFO    ] Saving weights and model of epoch39, SRCC:0.922243810476502, PLCC:0.9238974363684682
[20250221 03:46:45 INFO    ] Epoch 39 done. Time: 1.0min
[20250221 03:46:45 INFO    ] Running training epoch 40
[20250221 03:47:39 INFO    ] train epoch:40 / loss:0.0004456 / SRCC:0.9946 / PLCC:0.9957
[20250221 03:47:39 INFO    ] Starting eval...
[20250221 03:47:39 INFO    ] Running testing in epoch 40
[20250221 03:47:46 INFO    ] Epoch:40 ===== loss:0.01073 ===== SRCC:0.9189 ===== PLCC:0.9211
[20250221 03:47:46 INFO    ] Eval done...
[20250221 03:47:46 INFO    ] Epoch 40 done. Time: 1.0min
[20250221 03:47:46 INFO    ] Running training epoch 41
[20250221 03:48:39 INFO    ] train epoch:41 / loss:0.0004548 / SRCC:0.9945 / PLCC:0.9956
[20250221 03:48:39 INFO    ] Starting eval...
[20250221 03:48:39 INFO    ] Running testing in epoch 41
[20250221 03:48:47 INFO    ] Epoch:41 ===== loss:0.0111 ===== SRCC:0.9196 ===== PLCC:0.9193
[20250221 03:48:47 INFO    ] Eval done...
[20250221 03:48:47 INFO    ] Epoch 41 done. Time: 1.0min
[20250221 03:48:47 INFO    ] Running training epoch 42
[20250221 03:49:40 INFO    ] train epoch:42 / loss:0.0005501 / SRCC:0.9935 / PLCC:0.9946
[20250221 03:49:40 INFO    ] Starting eval...
[20250221 03:49:40 INFO    ] Running testing in epoch 42
[20250221 03:49:48 INFO    ] Epoch:42 ===== loss:0.01134 ===== SRCC:0.9161 ===== PLCC:0.9157
[20250221 03:49:48 INFO    ] Eval done...
[20250221 03:49:48 INFO    ] Epoch 42 done. Time: 1.0min
[20250221 03:49:48 INFO    ] Running training epoch 43
[20250221 03:50:42 INFO    ] train epoch:43 / loss:0.0006253 / SRCC:0.9923 / PLCC:0.994
[20250221 03:50:42 INFO    ] Starting eval...
[20250221 03:50:42 INFO    ] Running testing in epoch 43
[20250221 03:50:49 INFO    ] Epoch:43 ===== loss:0.01089 ===== SRCC:0.9094 ===== PLCC:0.9168
[20250221 03:50:49 INFO    ] Eval done...
[20250221 03:50:49 INFO    ] Epoch 43 done. Time: 1.0min
[20250221 03:50:49 INFO    ] Running training epoch 44
[20250221 03:51:43 INFO    ] train epoch:44 / loss:0.0004932 / SRCC:0.9938 / PLCC:0.9952
[20250221 03:51:43 INFO    ] Starting eval...
[20250221 03:51:43 INFO    ] Running testing in epoch 44
[20250221 03:51:50 INFO    ] Epoch:44 ===== loss:0.01137 ===== SRCC:0.9141 ===== PLCC:0.9188
[20250221 03:51:50 INFO    ] Eval done...
[20250221 03:51:50 INFO    ] Epoch 44 done. Time: 1.0min
[20250221 03:51:50 INFO    ] Running training epoch 45
[20250221 03:52:44 INFO    ] train epoch:45 / loss:0.0004909 / SRCC:0.9939 / PLCC:0.9953
[20250221 03:52:44 INFO    ] Starting eval...
[20250221 03:52:44 INFO    ] Running testing in epoch 45
[20250221 03:52:51 INFO    ] Epoch:45 ===== loss:0.01085 ===== SRCC:0.9186 ===== PLCC:0.9199
[20250221 03:52:51 INFO    ] Eval done...
[20250221 03:52:51 INFO    ] Epoch 45 done. Time: 1.0min
[20250221 03:52:51 INFO    ] Running training epoch 46
[20250221 03:53:44 INFO    ] train epoch:46 / loss:0.0004466 / SRCC:0.9943 / PLCC:0.9957
[20250221 03:53:44 INFO    ] Starting eval...
[20250221 03:53:44 INFO    ] Running testing in epoch 46
[20250221 03:53:52 INFO    ] Epoch:46 ===== loss:0.01135 ===== SRCC:0.9152 ===== PLCC:0.9174
[20250221 03:53:52 INFO    ] Eval done...
[20250221 03:53:52 INFO    ] Epoch 46 done. Time: 1.0min
[20250221 03:53:52 INFO    ] Running training epoch 47
[20250221 03:54:46 INFO    ] train epoch:47 / loss:0.0003695 / SRCC:0.9955 / PLCC:0.9964
[20250221 03:54:46 INFO    ] Starting eval...
[20250221 03:54:46 INFO    ] Running testing in epoch 47
[20250221 03:54:54 INFO    ] Epoch:47 ===== loss:0.01124 ===== SRCC:0.9172 ===== PLCC:0.9182
[20250221 03:54:54 INFO    ] Eval done...
[20250221 03:54:54 INFO    ] Epoch 47 done. Time: 1.0min
[20250221 03:54:54 INFO    ] Running training epoch 48
[20250221 03:55:47 INFO    ] train epoch:48 / loss:0.0003716 / SRCC:0.9958 / PLCC:0.9964
[20250221 03:55:47 INFO    ] Starting eval...
[20250221 03:55:47 INFO    ] Running testing in epoch 48
[20250221 03:55:55 INFO    ] Epoch:48 ===== loss:0.01151 ===== SRCC:0.9177 ===== PLCC:0.9168
[20250221 03:55:55 INFO    ] Eval done...
[20250221 03:55:55 INFO    ] Epoch 48 done. Time: 1.0min
[20250221 03:55:55 INFO    ] Running training epoch 49
[20250221 03:56:48 INFO    ] train epoch:49 / loss:0.0006134 / SRCC:0.9929 / PLCC:0.994
[20250221 03:56:48 INFO    ] Starting eval...
[20250221 03:56:48 INFO    ] Running testing in epoch 49
[20250221 03:56:56 INFO    ] Epoch:49 ===== loss:0.01089 ===== SRCC:0.9158 ===== PLCC:0.9181
[20250221 03:56:56 INFO    ] Eval done...
[20250221 03:56:56 INFO    ] Epoch 49 done. Time: 1.0min
[20250221 03:56:56 INFO    ] Running training epoch 50
[20250221 03:57:50 INFO    ] train epoch:50 / loss:0.0004452 / SRCC:0.9946 / PLCC:0.9957
[20250221 03:57:50 INFO    ] Starting eval...
[20250221 03:57:50 INFO    ] Running testing in epoch 50
[20250221 03:57:57 INFO    ] Epoch:50 ===== loss:0.01103 ===== SRCC:0.9149 ===== PLCC:0.9184
[20250221 03:57:57 INFO    ] Eval done...
[20250221 03:57:57 INFO    ] Epoch 50 done. Time: 1.0min
[20250221 03:57:57 INFO    ] Running training epoch 51
[20250221 03:58:51 INFO    ] train epoch:51 / loss:0.0004194 / SRCC:0.9953 / PLCC:0.9959
[20250221 03:58:51 INFO    ] Starting eval...
[20250221 03:58:51 INFO    ] Running testing in epoch 51
[20250221 03:58:58 INFO    ] Epoch:51 ===== loss:0.01124 ===== SRCC:0.9159 ===== PLCC:0.9176
[20250221 03:58:58 INFO    ] Eval done...
[20250221 03:58:58 INFO    ] Epoch 51 done. Time: 1.0min
[20250221 03:58:58 INFO    ] Running training epoch 52
[20250221 03:59:52 INFO    ] train epoch:52 / loss:0.0004813 / SRCC:0.9944 / PLCC:0.9953
[20250221 03:59:52 INFO    ] Starting eval...
[20250221 03:59:52 INFO    ] Running testing in epoch 52
[20250221 03:59:59 INFO    ] Epoch:52 ===== loss:0.01194 ===== SRCC:0.913 ===== PLCC:0.9122
[20250221 04:00:00 INFO    ] Eval done...
[20250221 04:00:00 INFO    ] Epoch 52 done. Time: 1.0min
[20250221 04:00:00 INFO    ] Running training epoch 53
[20250221 04:00:53 INFO    ] train epoch:53 / loss:0.0004698 / SRCC:0.9945 / PLCC:0.9954
[20250221 04:00:53 INFO    ] Starting eval...
[20250221 04:00:53 INFO    ] Running testing in epoch 53
[20250221 04:01:01 INFO    ] Epoch:53 ===== loss:0.01159 ===== SRCC:0.9146 ===== PLCC:0.9159
[20250221 04:01:01 INFO    ] Eval done...
[20250221 04:01:01 INFO    ] Epoch 53 done. Time: 1.0min
[20250221 04:01:01 INFO    ] Running training epoch 54
[20250221 04:01:54 INFO    ] train epoch:54 / loss:0.0003303 / SRCC:0.9963 / PLCC:0.9968
[20250221 04:01:54 INFO    ] Starting eval...
[20250221 04:01:54 INFO    ] Running testing in epoch 54
[20250221 04:02:02 INFO    ] Epoch:54 ===== loss:0.01126 ===== SRCC:0.9146 ===== PLCC:0.9178
[20250221 04:02:02 INFO    ] Eval done...
[20250221 04:02:02 INFO    ] Epoch 54 done. Time: 1.0min
[20250221 04:02:02 INFO    ] Running training epoch 55
[20250221 04:02:55 INFO    ] train epoch:55 / loss:0.0003553 / SRCC:0.996 / PLCC:0.9965
[20250221 04:02:55 INFO    ] Starting eval...
[20250221 04:02:55 INFO    ] Running testing in epoch 55
[20250221 04:03:03 INFO    ] Epoch:55 ===== loss:0.01075 ===== SRCC:0.9176 ===== PLCC:0.9209
[20250221 04:03:03 INFO    ] Eval done...
[20250221 04:03:03 INFO    ] Epoch 55 done. Time: 1.0min
[20250221 04:03:03 INFO    ] Running training epoch 56
[20250221 04:03:56 INFO    ] train epoch:56 / loss:0.0003837 / SRCC:0.9957 / PLCC:0.9963
[20250221 04:03:56 INFO    ] Starting eval...
[20250221 04:03:56 INFO    ] Running testing in epoch 56
[20250221 04:04:04 INFO    ] Epoch:56 ===== loss:0.01146 ===== SRCC:0.9159 ===== PLCC:0.9199
[20250221 04:04:04 INFO    ] Eval done...
[20250221 04:04:04 INFO    ] Epoch 56 done. Time: 1.0min
[20250221 04:04:04 INFO    ] Running training epoch 57
[20250221 04:04:57 INFO    ] train epoch:57 / loss:0.000389 / SRCC:0.9953 / PLCC:0.9962
[20250221 04:04:57 INFO    ] Starting eval...
[20250221 04:04:57 INFO    ] Running testing in epoch 57
[20250221 04:05:05 INFO    ] Epoch:57 ===== loss:0.01076 ===== SRCC:0.9161 ===== PLCC:0.9188
[20250221 04:05:05 INFO    ] Eval done...
[20250221 04:05:05 INFO    ] Epoch 57 done. Time: 1.0min
[20250221 04:05:05 INFO    ] Running training epoch 58
[20250221 04:05:59 INFO    ] train epoch:58 / loss:0.0004108 / SRCC:0.9953 / PLCC:0.996
[20250221 04:05:59 INFO    ] Starting eval...
[20250221 04:05:59 INFO    ] Running testing in epoch 58
[20250221 04:06:06 INFO    ] Epoch:58 ===== loss:0.01104 ===== SRCC:0.9147 ===== PLCC:0.9171
[20250221 04:06:06 INFO    ] Eval done...
[20250221 04:06:06 INFO    ] Epoch 58 done. Time: 1.0min
[20250221 04:06:06 INFO    ] Running training epoch 59
[20250221 04:07:00 INFO    ] train epoch:59 / loss:0.0004569 / SRCC:0.9944 / PLCC:0.9956
[20250221 04:07:00 INFO    ] Starting eval...
[20250221 04:07:00 INFO    ] Running testing in epoch 59
[20250221 04:07:07 INFO    ] Epoch:59 ===== loss:0.01164 ===== SRCC:0.9165 ===== PLCC:0.9171
[20250221 04:07:07 INFO    ] Eval done...
[20250221 04:07:07 INFO    ] Epoch 59 done. Time: 1.0min
[20250221 04:07:07 INFO    ] Running training epoch 60
[20250221 04:08:01 INFO    ] train epoch:60 / loss:0.0006685 / SRCC:0.9916 / PLCC:0.9934
[20250221 04:08:01 INFO    ] Starting eval...
[20250221 04:08:01 INFO    ] Running testing in epoch 60
[20250221 04:08:09 INFO    ] Epoch:60 ===== loss:0.01208 ===== SRCC:0.9186 ===== PLCC:0.9153
[20250221 04:08:09 INFO    ] Eval done...
[20250221 04:08:09 INFO    ] Epoch 60 done. Time: 1.0min
[20250221 04:08:09 INFO    ] Running training epoch 61
[20250221 04:09:02 INFO    ] train epoch:61 / loss:0.0008433 / SRCC:0.9894 / PLCC:0.9917
[20250221 04:09:02 INFO    ] Starting eval...
[20250221 04:09:02 INFO    ] Running testing in epoch 61
[20250221 04:09:10 INFO    ] Epoch:61 ===== loss:0.01293 ===== SRCC:0.9097 ===== PLCC:0.9067
[20250221 04:09:10 INFO    ] Eval done...
[20250221 04:09:10 INFO    ] Epoch 61 done. Time: 1.0min
[20250221 04:09:10 INFO    ] Running training epoch 62
[20250221 04:10:03 INFO    ] train epoch:62 / loss:0.0005508 / SRCC:0.9931 / PLCC:0.9946
[20250221 04:10:03 INFO    ] Starting eval...
[20250221 04:10:03 INFO    ] Running testing in epoch 62
[20250221 04:10:11 INFO    ] Epoch:62 ===== loss:0.01116 ===== SRCC:0.9139 ===== PLCC:0.92
[20250221 04:10:11 INFO    ] Eval done...
[20250221 04:10:11 INFO    ] Epoch 62 done. Time: 1.0min
[20250221 04:10:11 INFO    ] Running training epoch 63
[20250221 04:11:05 INFO    ] train epoch:63 / loss:0.0005708 / SRCC:0.9928 / PLCC:0.9944
[20250221 04:11:05 INFO    ] Starting eval...
[20250221 04:11:05 INFO    ] Running testing in epoch 63
[20250221 04:11:12 INFO    ] Epoch:63 ===== loss:0.01144 ===== SRCC:0.9104 ===== PLCC:0.9142
[20250221 04:11:12 INFO    ] Eval done...
[20250221 04:11:12 INFO    ] Epoch 63 done. Time: 1.0min
[20250221 04:11:12 INFO    ] Running training epoch 64
[20250221 04:12:06 INFO    ] train epoch:64 / loss:0.0007677 / SRCC:0.9904 / PLCC:0.9925
[20250221 04:12:06 INFO    ] Starting eval...
[20250221 04:12:06 INFO    ] Running testing in epoch 64
[20250221 04:12:13 INFO    ] Epoch:64 ===== loss:0.01217 ===== SRCC:0.9129 ===== PLCC:0.9161
[20250221 04:12:13 INFO    ] Eval done...
[20250221 04:12:13 INFO    ] Epoch 64 done. Time: 1.0min
[20250221 04:12:13 INFO    ] Running training epoch 65
[20250221 04:13:07 INFO    ] train epoch:65 / loss:0.0005562 / SRCC:0.9934 / PLCC:0.9946
[20250221 04:13:07 INFO    ] Starting eval...
[20250221 04:13:07 INFO    ] Running testing in epoch 65
[20250221 04:13:15 INFO    ] Epoch:65 ===== loss:0.01159 ===== SRCC:0.9113 ===== PLCC:0.9123
[20250221 04:13:15 INFO    ] Eval done...
[20250221 04:13:15 INFO    ] Epoch 65 done. Time: 1.0min
[20250221 04:13:15 INFO    ] Running training epoch 66
[20250221 04:14:08 INFO    ] train epoch:66 / loss:0.0005424 / SRCC:0.9937 / PLCC:0.9947
[20250221 04:14:08 INFO    ] Starting eval...
[20250221 04:14:08 INFO    ] Running testing in epoch 66
[20250221 04:14:16 INFO    ] Epoch:66 ===== loss:0.01118 ===== SRCC:0.9154 ===== PLCC:0.9181
[20250221 04:14:16 INFO    ] Eval done...
[20250221 04:14:16 INFO    ] Epoch 66 done. Time: 1.0min
[20250221 04:14:16 INFO    ] Running training epoch 67
[20250221 04:15:09 INFO    ] train epoch:67 / loss:0.000502 / SRCC:0.9936 / PLCC:0.9951
[20250221 04:15:09 INFO    ] Starting eval...
[20250221 04:15:09 INFO    ] Running testing in epoch 67
[20250221 04:15:17 INFO    ] Epoch:67 ===== loss:0.01128 ===== SRCC:0.9143 ===== PLCC:0.9173
[20250221 04:15:17 INFO    ] Eval done...
[20250221 04:15:17 INFO    ] Epoch 67 done. Time: 1.0min
[20250221 04:15:17 INFO    ] Running training epoch 68
[20250221 04:16:10 INFO    ] train epoch:68 / loss:0.0003815 / SRCC:0.9954 / PLCC:0.9963
[20250221 04:16:10 INFO    ] Starting eval...
[20250221 04:16:10 INFO    ] Running testing in epoch 68
[20250221 04:16:18 INFO    ] Epoch:68 ===== loss:0.01073 ===== SRCC:0.9176 ===== PLCC:0.9205
[20250221 04:16:18 INFO    ] Eval done...
[20250221 04:16:18 INFO    ] Epoch 68 done. Time: 1.0min
[20250221 04:16:18 INFO    ] Running training epoch 69
[20250221 04:17:12 INFO    ] train epoch:69 / loss:0.0002852 / SRCC:0.9967 / PLCC:0.9972
[20250221 04:17:12 INFO    ] Starting eval...
[20250221 04:17:12 INFO    ] Running testing in epoch 69
[20250221 04:17:19 INFO    ] Epoch:69 ===== loss:0.0107 ===== SRCC:0.9167 ===== PLCC:0.9176
[20250221 04:17:19 INFO    ] Eval done...
[20250221 04:17:19 INFO    ] Epoch 69 done. Time: 1.0min
[20250221 04:17:19 INFO    ] Running training epoch 70
[20250221 04:18:13 INFO    ] train epoch:70 / loss:0.0003594 / SRCC:0.9957 / PLCC:0.9965
[20250221 04:18:13 INFO    ] Starting eval...
[20250221 04:18:13 INFO    ] Running testing in epoch 70
[20250221 04:18:20 INFO    ] Epoch:70 ===== loss:0.01119 ===== SRCC:0.916 ===== PLCC:0.9192
[20250221 04:18:20 INFO    ] Eval done...
[20250221 04:18:20 INFO    ] Epoch 70 done. Time: 1.0min
[20250221 04:18:20 INFO    ] Running training epoch 71
[20250221 04:19:14 INFO    ] train epoch:71 / loss:0.0003223 / SRCC:0.9958 / PLCC:0.9968
[20250221 04:19:14 INFO    ] Starting eval...
[20250221 04:19:14 INFO    ] Running testing in epoch 71
[20250221 04:19:21 INFO    ] Epoch:71 ===== loss:0.01149 ===== SRCC:0.913 ===== PLCC:0.9164
[20250221 04:19:21 INFO    ] Eval done...
[20250221 04:19:21 INFO    ] Epoch 71 done. Time: 1.0min
[20250221 04:19:21 INFO    ] Running training epoch 72
[20250221 04:20:14 INFO    ] train epoch:72 / loss:0.000323 / SRCC:0.9958 / PLCC:0.9969
[20250221 04:20:14 INFO    ] Starting eval...
[20250221 04:20:14 INFO    ] Running testing in epoch 72
[20250221 04:20:22 INFO    ] Epoch:72 ===== loss:0.01138 ===== SRCC:0.9127 ===== PLCC:0.9174
[20250221 04:20:22 INFO    ] Eval done...
[20250221 04:20:22 INFO    ] Epoch 72 done. Time: 1.0min
[20250221 04:20:22 INFO    ] Running training epoch 73
[20250221 04:21:16 INFO    ] train epoch:73 / loss:0.0004203 / SRCC:0.9949 / PLCC:0.9959
[20250221 04:21:16 INFO    ] Starting eval...
[20250221 04:21:16 INFO    ] Running testing in epoch 73
[20250221 04:21:23 INFO    ] Epoch:73 ===== loss:0.01165 ===== SRCC:0.9147 ===== PLCC:0.9174
[20250221 04:21:23 INFO    ] Eval done...
[20250221 04:21:23 INFO    ] Epoch 73 done. Time: 1.0min
[20250221 04:21:23 INFO    ] Running training epoch 74
[20250221 04:22:17 INFO    ] train epoch:74 / loss:0.0005615 / SRCC:0.9937 / PLCC:0.9946
[20250221 04:22:17 INFO    ] Starting eval...
[20250221 04:22:17 INFO    ] Running testing in epoch 74
[20250221 04:22:24 INFO    ] Epoch:74 ===== loss:0.01128 ===== SRCC:0.9166 ===== PLCC:0.9156
[20250221 04:22:24 INFO    ] Eval done...
[20250221 04:22:24 INFO    ] Epoch 74 done. Time: 1.0min
[20250221 04:22:24 INFO    ] Running training epoch 75
[20250221 04:23:17 INFO    ] train epoch:75 / loss:0.0004637 / SRCC:0.995 / PLCC:0.9955
[20250221 04:23:17 INFO    ] Starting eval...
[20250221 04:23:17 INFO    ] Running testing in epoch 75
[20250221 04:23:25 INFO    ] Epoch:75 ===== loss:0.0113 ===== SRCC:0.9119 ===== PLCC:0.9162
[20250221 04:23:25 INFO    ] Eval done...
[20250221 04:23:25 INFO    ] Epoch 75 done. Time: 1.0min
[20250221 04:23:25 INFO    ] Running training epoch 76
[20250221 04:24:19 INFO    ] train epoch:76 / loss:0.0003379 / SRCC:0.9959 / PLCC:0.9967
[20250221 04:24:19 INFO    ] Starting eval...
[20250221 04:24:19 INFO    ] Running testing in epoch 76
[20250221 04:24:26 INFO    ] Epoch:76 ===== loss:0.01138 ===== SRCC:0.9126 ===== PLCC:0.9164
[20250221 04:24:26 INFO    ] Eval done...
[20250221 04:24:26 INFO    ] Epoch 76 done. Time: 1.0min
[20250221 04:24:26 INFO    ] Running training epoch 77
[20250221 04:25:20 INFO    ] train epoch:77 / loss:0.0002432 / SRCC:0.9973 / PLCC:0.9976
[20250221 04:25:20 INFO    ] Starting eval...
[20250221 04:25:20 INFO    ] Running testing in epoch 77
[20250221 04:25:28 INFO    ] Epoch:77 ===== loss:0.01205 ===== SRCC:0.9123 ===== PLCC:0.9137
[20250221 04:25:28 INFO    ] Eval done...
[20250221 04:25:28 INFO    ] Epoch 77 done. Time: 1.0min
[20250221 04:25:28 INFO    ] Running training epoch 78
[20250221 04:26:21 INFO    ] train epoch:78 / loss:0.0002286 / SRCC:0.9973 / PLCC:0.9978
[20250221 04:26:21 INFO    ] Starting eval...
[20250221 04:26:21 INFO    ] Running testing in epoch 78
[20250221 04:26:28 INFO    ] Epoch:78 ===== loss:0.01134 ===== SRCC:0.916 ===== PLCC:0.9175
[20250221 04:26:28 INFO    ] Eval done...
[20250221 04:26:28 INFO    ] Epoch 78 done. Time: 1.0min
[20250221 04:26:28 INFO    ] Running training epoch 79
[20250221 04:27:22 INFO    ] train epoch:79 / loss:0.0002503 / SRCC:0.9968 / PLCC:0.9976
[20250221 04:27:22 INFO    ] Starting eval...
[20250221 04:27:22 INFO    ] Running testing in epoch 79
[20250221 04:27:29 INFO    ] Epoch:79 ===== loss:0.01137 ===== SRCC:0.9163 ===== PLCC:0.9171
[20250221 04:27:29 INFO    ] Eval done...
[20250221 04:27:29 INFO    ] Epoch 79 done. Time: 1.0min
[20250221 04:27:29 INFO    ] Running training epoch 80
[20250221 04:28:23 INFO    ] train epoch:80 / loss:0.0002841 / SRCC:0.9966 / PLCC:0.9972
[20250221 04:28:23 INFO    ] Starting eval...
[20250221 04:28:23 INFO    ] Running testing in epoch 80
[20250221 04:28:31 INFO    ] Epoch:80 ===== loss:0.01151 ===== SRCC:0.9122 ===== PLCC:0.9158
[20250221 04:28:31 INFO    ] Eval done...
[20250221 04:28:31 INFO    ] Epoch 80 done. Time: 1.0min
[20250221 04:28:31 INFO    ] Running training epoch 81
[20250221 04:29:24 INFO    ] train epoch:81 / loss:0.000409 / SRCC:0.9952 / PLCC:0.996
[20250221 04:29:24 INFO    ] Starting eval...
[20250221 04:29:24 INFO    ] Running testing in epoch 81
[20250221 04:29:32 INFO    ] Epoch:81 ===== loss:0.01143 ===== SRCC:0.916 ===== PLCC:0.9188
[20250221 04:29:32 INFO    ] Eval done...
[20250221 04:29:32 INFO    ] Epoch 81 done. Time: 1.0min
[20250221 04:29:32 INFO    ] Running training epoch 82
[20250221 04:30:25 INFO    ] train epoch:82 / loss:0.0005771 / SRCC:0.9942 / PLCC:0.9944
[20250221 04:30:25 INFO    ] Starting eval...
[20250221 04:30:25 INFO    ] Running testing in epoch 82
[20250221 04:30:32 INFO    ] Epoch:82 ===== loss:0.01207 ===== SRCC:0.9051 ===== PLCC:0.9073
[20250221 04:30:32 INFO    ] Eval done...
[20250221 04:30:32 INFO    ] Epoch 82 done. Time: 1.0min
[20250221 04:30:32 INFO    ] Running training epoch 83
[20250221 04:31:25 INFO    ] train epoch:83 / loss:0.0007327 / SRCC:0.992 / PLCC:0.9928
[20250221 04:31:25 INFO    ] Starting eval...
[20250221 04:31:25 INFO    ] Running testing in epoch 83
[20250221 04:31:33 INFO    ] Epoch:83 ===== loss:0.01094 ===== SRCC:0.9151 ===== PLCC:0.9186
[20250221 04:31:33 INFO    ] Eval done...
[20250221 04:31:33 INFO    ] Epoch 83 done. Time: 1.0min
[20250221 04:31:33 INFO    ] Running training epoch 84
[20250221 04:32:27 INFO    ] train epoch:84 / loss:0.0004893 / SRCC:0.9944 / PLCC:0.9952
[20250221 04:32:27 INFO    ] Starting eval...
[20250221 04:32:27 INFO    ] Running testing in epoch 84
[20250221 04:32:34 INFO    ] Epoch:84 ===== loss:0.01213 ===== SRCC:0.9108 ===== PLCC:0.9123
[20250221 04:32:34 INFO    ] Eval done...
[20250221 04:32:34 INFO    ] Epoch 84 done. Time: 1.0min
[20250221 04:32:34 INFO    ] Running training epoch 85
[20250221 04:33:28 INFO    ] train epoch:85 / loss:0.0003687 / SRCC:0.9958 / PLCC:0.9964
[20250221 04:33:28 INFO    ] Starting eval...
[20250221 04:33:28 INFO    ] Running testing in epoch 85
[20250221 04:33:35 INFO    ] Epoch:85 ===== loss:0.01128 ===== SRCC:0.9139 ===== PLCC:0.9173
[20250221 04:33:35 INFO    ] Eval done...
[20250221 04:33:35 INFO    ] Epoch 85 done. Time: 1.0min
[20250221 04:33:35 INFO    ] Running training epoch 86
[20250221 04:34:28 INFO    ] train epoch:86 / loss:0.0003546 / SRCC:0.9958 / PLCC:0.9965
[20250221 04:34:28 INFO    ] Starting eval...
[20250221 04:34:28 INFO    ] Running testing in epoch 86
[20250221 04:34:36 INFO    ] Epoch:86 ===== loss:0.01159 ===== SRCC:0.9111 ===== PLCC:0.9149
[20250221 04:34:36 INFO    ] Eval done...
[20250221 04:34:36 INFO    ] Epoch 86 done. Time: 1.0min
[20250221 04:34:36 INFO    ] Running training epoch 87
[20250221 04:35:29 INFO    ] train epoch:87 / loss:0.000295 / SRCC:0.9967 / PLCC:0.9971
[20250221 04:35:29 INFO    ] Starting eval...
[20250221 04:35:29 INFO    ] Running testing in epoch 87
[20250221 04:35:37 INFO    ] Epoch:87 ===== loss:0.01162 ===== SRCC:0.9128 ===== PLCC:0.9181
[20250221 04:35:37 INFO    ] Eval done...
[20250221 04:35:37 INFO    ] Epoch 87 done. Time: 1.0min
[20250221 04:35:37 INFO    ] Running training epoch 88
[20250221 04:36:30 INFO    ] train epoch:88 / loss:0.000315 / SRCC:0.9962 / PLCC:0.9969
[20250221 04:36:30 INFO    ] Starting eval...
[20250221 04:36:30 INFO    ] Running testing in epoch 88
[20250221 04:36:38 INFO    ] Epoch:88 ===== loss:0.01125 ===== SRCC:0.9157 ===== PLCC:0.9193
[20250221 04:36:38 INFO    ] Eval done...
[20250221 04:36:38 INFO    ] Epoch 88 done. Time: 1.0min
[20250221 04:36:38 INFO    ] Running training epoch 89
[20250221 04:37:32 INFO    ] train epoch:89 / loss:0.0002528 / SRCC:0.9971 / PLCC:0.9975
[20250221 04:37:32 INFO    ] Starting eval...
[20250221 04:37:32 INFO    ] Running testing in epoch 89
[20250221 04:37:39 INFO    ] Epoch:89 ===== loss:0.01195 ===== SRCC:0.9101 ===== PLCC:0.9129
[20250221 04:37:39 INFO    ] Eval done...
[20250221 04:37:39 INFO    ] Epoch 89 done. Time: 1.0min
[20250221 04:37:39 INFO    ] Running training epoch 90
[20250221 04:38:33 INFO    ] train epoch:90 / loss:0.0002434 / SRCC:0.9971 / PLCC:0.9976
[20250221 04:38:33 INFO    ] Starting eval...
[20250221 04:38:33 INFO    ] Running testing in epoch 90
[20250221 04:38:40 INFO    ] Epoch:90 ===== loss:0.0117 ===== SRCC:0.9157 ===== PLCC:0.9173
[20250221 04:38:40 INFO    ] Eval done...
[20250221 04:38:40 INFO    ] Epoch 90 done. Time: 1.0min
[20250221 04:38:40 INFO    ] Running training epoch 91
[20250221 04:39:34 INFO    ] train epoch:91 / loss:0.0002193 / SRCC:0.9973 / PLCC:0.9979
[20250221 04:39:34 INFO    ] Starting eval...
[20250221 04:39:34 INFO    ] Running testing in epoch 91
[20250221 04:39:41 INFO    ] Epoch:91 ===== loss:0.01182 ===== SRCC:0.9108 ===== PLCC:0.913
[20250221 04:39:41 INFO    ] Eval done...
[20250221 04:39:41 INFO    ] Epoch 91 done. Time: 1.0min
[20250221 04:39:41 INFO    ] Running training epoch 92
[20250221 04:40:35 INFO    ] train epoch:92 / loss:0.0002108 / SRCC:0.9977 / PLCC:0.998
[20250221 04:40:35 INFO    ] Starting eval...
[20250221 04:40:35 INFO    ] Running testing in epoch 92
[20250221 04:40:42 INFO    ] Epoch:92 ===== loss:0.01174 ===== SRCC:0.9124 ===== PLCC:0.9153
[20250221 04:40:42 INFO    ] Eval done...
[20250221 04:40:42 INFO    ] Epoch 92 done. Time: 1.0min
[20250221 04:40:42 INFO    ] Running training epoch 93
[20250221 04:41:36 INFO    ] train epoch:93 / loss:0.000168 / SRCC:0.998 / PLCC:0.9984
[20250221 04:41:36 INFO    ] Starting eval...
[20250221 04:41:36 INFO    ] Running testing in epoch 93
[20250221 04:41:43 INFO    ] Epoch:93 ===== loss:0.01135 ===== SRCC:0.9152 ===== PLCC:0.9177
[20250221 04:41:43 INFO    ] Eval done...
[20250221 04:41:43 INFO    ] Epoch 93 done. Time: 1.0min
[20250221 04:41:43 INFO    ] Running training epoch 94
[20250221 04:42:37 INFO    ] train epoch:94 / loss:0.0002012 / SRCC:0.9975 / PLCC:0.998
[20250221 04:42:37 INFO    ] Starting eval...
[20250221 04:42:37 INFO    ] Running testing in epoch 94
[20250221 04:42:44 INFO    ] Epoch:94 ===== loss:0.01135 ===== SRCC:0.9139 ===== PLCC:0.9163
[20250221 04:42:44 INFO    ] Eval done...
[20250221 04:42:44 INFO    ] Epoch 94 done. Time: 1.0min
[20250221 04:42:44 INFO    ] Running training epoch 95
[20250221 04:43:38 INFO    ] train epoch:95 / loss:0.0002249 / SRCC:0.9976 / PLCC:0.9978
[20250221 04:43:38 INFO    ] Starting eval...
[20250221 04:43:38 INFO    ] Running testing in epoch 95
[20250221 04:43:46 INFO    ] Epoch:95 ===== loss:0.01083 ===== SRCC:0.9155 ===== PLCC:0.9192
[20250221 04:43:46 INFO    ] Eval done...
[20250221 04:43:46 INFO    ] Epoch 95 done. Time: 1.0min
[20250221 04:43:46 INFO    ] Running training epoch 96
[20250221 04:44:39 INFO    ] train epoch:96 / loss:0.0002573 / SRCC:0.9971 / PLCC:0.9975
[20250221 04:44:39 INFO    ] Starting eval...
[20250221 04:44:39 INFO    ] Running testing in epoch 96
[20250221 04:44:47 INFO    ] Epoch:96 ===== loss:0.01146 ===== SRCC:0.9133 ===== PLCC:0.9158
[20250221 04:44:47 INFO    ] Eval done...
[20250221 04:44:47 INFO    ] Epoch 96 done. Time: 1.0min
[20250221 04:44:47 INFO    ] Running training epoch 97
[20250221 04:45:40 INFO    ] train epoch:97 / loss:0.0002464 / SRCC:0.9969 / PLCC:0.9976
[20250221 04:45:40 INFO    ] Starting eval...
[20250221 04:45:40 INFO    ] Running testing in epoch 97
[20250221 04:45:48 INFO    ] Epoch:97 ===== loss:0.01154 ===== SRCC:0.912 ===== PLCC:0.9147
[20250221 04:45:48 INFO    ] Eval done...
[20250221 04:45:48 INFO    ] Epoch 97 done. Time: 1.0min
[20250221 04:45:48 INFO    ] Running training epoch 98
[20250221 04:46:41 INFO    ] train epoch:98 / loss:0.0002031 / SRCC:0.9976 / PLCC:0.998
[20250221 04:46:41 INFO    ] Starting eval...
[20250221 04:46:41 INFO    ] Running testing in epoch 98
[20250221 04:46:49 INFO    ] Epoch:98 ===== loss:0.0115 ===== SRCC:0.9141 ===== PLCC:0.9155
[20250221 04:46:49 INFO    ] Eval done...
[20250221 04:46:49 INFO    ] Epoch 98 done. Time: 1.0min
[20250221 04:46:49 INFO    ] Running training epoch 99
[20250221 04:47:42 INFO    ] train epoch:99 / loss:0.0002433 / SRCC:0.9971 / PLCC:0.9976
[20250221 04:47:42 INFO    ] Starting eval...
[20250221 04:47:42 INFO    ] Running testing in epoch 99
[20250221 04:47:50 INFO    ] Epoch:99 ===== loss:0.01147 ===== SRCC:0.9105 ===== PLCC:0.9147
[20250221 04:47:50 INFO    ] Eval done...
[20250221 04:47:50 INFO    ] Epoch 99 done. Time: 1.0min
[20250221 04:47:50 INFO    ] Running training epoch 100
[20250221 04:48:43 INFO    ] train epoch:100 / loss:0.0003068 / SRCC:0.9963 / PLCC:0.997
[20250221 04:48:43 INFO    ] Starting eval...
[20250221 04:48:43 INFO    ] Running testing in epoch 100
[20250221 04:48:50 INFO    ] Epoch:100 ===== loss:0.01193 ===== SRCC:0.9102 ===== PLCC:0.917
[20250221 04:48:50 INFO    ] Eval done...
[20250221 04:48:50 INFO    ] Epoch 100 done. Time: 1.0min
[20250221 04:48:50 INFO    ] Running training epoch 101
[20250221 04:49:43 INFO    ] train epoch:101 / loss:0.0005104 / SRCC:0.9935 / PLCC:0.995
[20250221 04:49:43 INFO    ] Starting eval...
[20250221 04:49:43 INFO    ] Running testing in epoch 101
[20250221 04:49:50 INFO    ] Epoch:101 ===== loss:0.01126 ===== SRCC:0.9108 ===== PLCC:0.9147
[20250221 04:49:50 INFO    ] Eval done...
[20250221 04:49:50 INFO    ] Epoch 101 done. Time: 1.0min
[20250221 04:49:50 INFO    ] Running training epoch 102
[20250221 04:50:43 INFO    ] train epoch:102 / loss:0.0003776 / SRCC:0.9954 / PLCC:0.9963
[20250221 04:50:43 INFO    ] Starting eval...
[20250221 04:50:43 INFO    ] Running testing in epoch 102
[20250221 04:50:51 INFO    ] Epoch:102 ===== loss:0.01185 ===== SRCC:0.9134 ===== PLCC:0.9147
[20250221 04:50:51 INFO    ] Eval done...
[20250221 04:50:51 INFO    ] Epoch 102 done. Time: 1.0min
[20250221 04:50:51 INFO    ] Running training epoch 103
[20250221 04:51:44 INFO    ] train epoch:103 / loss:0.0003961 / SRCC:0.9952 / PLCC:0.9962
[20250221 04:51:44 INFO    ] Starting eval...
[20250221 04:51:44 INFO    ] Running testing in epoch 103
[20250221 04:51:51 INFO    ] Epoch:103 ===== loss:0.01217 ===== SRCC:0.9084 ===== PLCC:0.9101
[20250221 04:51:51 INFO    ] Eval done...
[20250221 04:51:51 INFO    ] Epoch 103 done. Time: 1.0min
[20250221 04:51:51 INFO    ] Running training epoch 104
[20250221 04:52:44 INFO    ] train epoch:104 / loss:0.0004197 / SRCC:0.9951 / PLCC:0.9959
[20250221 04:52:44 INFO    ] Starting eval...
[20250221 04:52:44 INFO    ] Running testing in epoch 104
[20250221 04:52:52 INFO    ] Epoch:104 ===== loss:0.01319 ===== SRCC:0.9084 ===== PLCC:0.9064
[20250221 04:52:52 INFO    ] Eval done...
[20250221 04:52:52 INFO    ] Epoch 104 done. Time: 1.0min
[20250221 04:52:52 INFO    ] Running training epoch 105
[20250221 04:53:45 INFO    ] train epoch:105 / loss:0.0005334 / SRCC:0.9938 / PLCC:0.9948
[20250221 04:53:45 INFO    ] Starting eval...
[20250221 04:53:45 INFO    ] Running testing in epoch 105
[20250221 04:53:52 INFO    ] Epoch:105 ===== loss:0.01212 ===== SRCC:0.9104 ===== PLCC:0.9122
[20250221 04:53:52 INFO    ] Eval done...
[20250221 04:53:52 INFO    ] Epoch 105 done. Time: 1.0min
[20250221 04:53:52 INFO    ] Running training epoch 106
[20250221 04:54:45 INFO    ] train epoch:106 / loss:0.0003683 / SRCC:0.9959 / PLCC:0.9964
[20250221 04:54:45 INFO    ] Starting eval...
[20250221 04:54:45 INFO    ] Running testing in epoch 106
[20250221 04:54:53 INFO    ] Epoch:106 ===== loss:0.01166 ===== SRCC:0.9127 ===== PLCC:0.9159
[20250221 04:54:53 INFO    ] Eval done...
[20250221 04:54:53 INFO    ] Epoch 106 done. Time: 1.0min
[20250221 04:54:53 INFO    ] Running training epoch 107
[20250221 04:55:46 INFO    ] train epoch:107 / loss:0.000406 / SRCC:0.9955 / PLCC:0.996
[20250221 04:55:46 INFO    ] Starting eval...
[20250221 04:55:46 INFO    ] Running testing in epoch 107
[20250221 04:55:53 INFO    ] Epoch:107 ===== loss:0.01184 ===== SRCC:0.9099 ===== PLCC:0.9131
[20250221 04:55:53 INFO    ] Eval done...
[20250221 04:55:53 INFO    ] Epoch 107 done. Time: 1.0min
[20250221 04:55:53 INFO    ] Running training epoch 108
[20250221 04:56:46 INFO    ] train epoch:108 / loss:0.0004042 / SRCC:0.9951 / PLCC:0.9961
[20250221 04:56:46 INFO    ] Starting eval...
[20250221 04:56:46 INFO    ] Running testing in epoch 108
[20250221 04:56:53 INFO    ] Epoch:108 ===== loss:0.01276 ===== SRCC:0.9142 ===== PLCC:0.913
[20250221 04:56:54 INFO    ] Eval done...
[20250221 04:56:54 INFO    ] Epoch 108 done. Time: 1.0min
[20250221 04:56:54 INFO    ] Running training epoch 109
[20250221 04:57:46 INFO    ] train epoch:109 / loss:0.0004516 / SRCC:0.9948 / PLCC:0.9956
[20250221 04:57:46 INFO    ] Starting eval...
[20250221 04:57:46 INFO    ] Running testing in epoch 109
[20250221 04:57:54 INFO    ] Epoch:109 ===== loss:0.01236 ===== SRCC:0.9083 ===== PLCC:0.9104
[20250221 04:57:54 INFO    ] Eval done...
[20250221 04:57:54 INFO    ] Epoch 109 done. Time: 1.0min
[20250221 04:57:54 INFO    ] Running training epoch 110
[20250221 04:58:47 INFO    ] train epoch:110 / loss:0.0004843 / SRCC:0.9934 / PLCC:0.9953
[20250221 04:58:47 INFO    ] Starting eval...
[20250221 04:58:47 INFO    ] Running testing in epoch 110
[20250221 04:58:54 INFO    ] Epoch:110 ===== loss:0.01206 ===== SRCC:0.9061 ===== PLCC:0.9107
[20250221 04:58:54 INFO    ] Eval done...
[20250221 04:58:54 INFO    ] Epoch 110 done. Time: 1.0min
[20250221 04:58:54 INFO    ] Running training epoch 111
[20250221 04:59:47 INFO    ] train epoch:111 / loss:0.0003378 / SRCC:0.9956 / PLCC:0.9967
[20250221 04:59:47 INFO    ] Starting eval...
[20250221 04:59:47 INFO    ] Running testing in epoch 111
[20250221 04:59:55 INFO    ] Epoch:111 ===== loss:0.01177 ===== SRCC:0.9097 ===== PLCC:0.9139
[20250221 04:59:55 INFO    ] Eval done...
[20250221 04:59:55 INFO    ] Epoch 111 done. Time: 1.0min
[20250221 04:59:55 INFO    ] Running training epoch 112
[20250221 05:00:48 INFO    ] train epoch:112 / loss:0.0003265 / SRCC:0.996 / PLCC:0.9968
[20250221 05:00:48 INFO    ] Starting eval...
[20250221 05:00:48 INFO    ] Running testing in epoch 112
[20250221 05:00:55 INFO    ] Epoch:112 ===== loss:0.01281 ===== SRCC:0.9079 ===== PLCC:0.9096
[20250221 05:00:55 INFO    ] Eval done...
[20250221 05:00:55 INFO    ] Epoch 112 done. Time: 1.0min
[20250221 05:00:55 INFO    ] Running training epoch 113
[20250221 05:01:48 INFO    ] train epoch:113 / loss:0.0003377 / SRCC:0.9959 / PLCC:0.9967
[20250221 05:01:48 INFO    ] Starting eval...
[20250221 05:01:48 INFO    ] Running testing in epoch 113
[20250221 05:01:56 INFO    ] Epoch:113 ===== loss:0.01251 ===== SRCC:0.9106 ===== PLCC:0.9119
[20250221 05:01:56 INFO    ] Eval done...
[20250221 05:01:56 INFO    ] Epoch 113 done. Time: 1.0min
[20250221 05:01:56 INFO    ] Running training epoch 114
[20250221 05:02:48 INFO    ] train epoch:114 / loss:0.0002888 / SRCC:0.9969 / PLCC:0.9972
[20250221 05:02:48 INFO    ] Starting eval...
[20250221 05:02:48 INFO    ] Running testing in epoch 114
[20250221 05:02:56 INFO    ] Epoch:114 ===== loss:0.01157 ===== SRCC:0.9136 ===== PLCC:0.9137
[20250221 05:02:56 INFO    ] Eval done...
[20250221 05:02:56 INFO    ] Epoch 114 done. Time: 1.0min
[20250221 05:02:56 INFO    ] Running training epoch 115
[20250221 05:03:49 INFO    ] train epoch:115 / loss:0.0002652 / SRCC:0.997 / PLCC:0.9974
[20250221 05:03:49 INFO    ] Starting eval...
[20250221 05:03:49 INFO    ] Running testing in epoch 115
[20250221 05:03:56 INFO    ] Epoch:115 ===== loss:0.0116 ===== SRCC:0.9146 ===== PLCC:0.9161
[20250221 05:03:56 INFO    ] Eval done...
[20250221 05:03:56 INFO    ] Epoch 115 done. Time: 1.0min
[20250221 05:03:56 INFO    ] Running training epoch 116
[20250221 05:04:49 INFO    ] train epoch:116 / loss:0.000266 / SRCC:0.9968 / PLCC:0.9974
[20250221 05:04:49 INFO    ] Starting eval...
[20250221 05:04:49 INFO    ] Running testing in epoch 116
[20250221 05:04:57 INFO    ] Epoch:116 ===== loss:0.01173 ===== SRCC:0.9069 ===== PLCC:0.9112
[20250221 05:04:57 INFO    ] Eval done...
[20250221 05:04:57 INFO    ] Epoch 116 done. Time: 1.0min
[20250221 05:04:57 INFO    ] Running training epoch 117
[20250221 05:05:49 INFO    ] train epoch:117 / loss:0.0002564 / SRCC:0.9968 / PLCC:0.9975
[20250221 05:05:49 INFO    ] Starting eval...
[20250221 05:05:49 INFO    ] Running testing in epoch 117
[20250221 05:05:57 INFO    ] Epoch:117 ===== loss:0.01336 ===== SRCC:0.9071 ===== PLCC:0.9079
[20250221 05:05:57 INFO    ] Eval done...
[20250221 05:05:57 INFO    ] Epoch 117 done. Time: 1.0min
[20250221 05:05:57 INFO    ] Running training epoch 118
[20250221 05:06:50 INFO    ] train epoch:118 / loss:0.0002726 / SRCC:0.9965 / PLCC:0.9974
[20250221 05:06:50 INFO    ] Starting eval...
[20250221 05:06:50 INFO    ] Running testing in epoch 118
[20250221 05:06:57 INFO    ] Epoch:118 ===== loss:0.01179 ===== SRCC:0.9127 ===== PLCC:0.9135
[20250221 05:06:57 INFO    ] Eval done...
[20250221 05:06:57 INFO    ] Epoch 118 done. Time: 1.0min
[20250221 05:06:57 INFO    ] Running training epoch 119
[20250221 05:07:50 INFO    ] train epoch:119 / loss:0.0002765 / SRCC:0.9967 / PLCC:0.9973
[20250221 05:07:50 INFO    ] Starting eval...
[20250221 05:07:50 INFO    ] Running testing in epoch 119
[20250221 05:07:58 INFO    ] Epoch:119 ===== loss:0.01206 ===== SRCC:0.9074 ===== PLCC:0.9109
[20250221 05:07:58 INFO    ] Eval done...
[20250221 05:07:58 INFO    ] Epoch 119 done. Time: 1.0min
[20250221 05:07:58 INFO    ] Running training epoch 120
[20250221 05:08:51 INFO    ] train epoch:120 / loss:0.0002835 / SRCC:0.9963 / PLCC:0.9972
[20250221 05:08:51 INFO    ] Starting eval...
[20250221 05:08:51 INFO    ] Running testing in epoch 120
[20250221 05:08:58 INFO    ] Epoch:120 ===== loss:0.01218 ===== SRCC:0.903 ===== PLCC:0.9099
[20250221 05:08:58 INFO    ] Eval done...
[20250221 05:08:58 INFO    ] Epoch 120 done. Time: 1.0min
[20250221 05:08:58 INFO    ] Running training epoch 121
[20250221 05:09:51 INFO    ] train epoch:121 / loss:0.0002984 / SRCC:0.9961 / PLCC:0.9971
[20250221 05:09:51 INFO    ] Starting eval...
[20250221 05:09:51 INFO    ] Running testing in epoch 121
[20250221 05:09:59 INFO    ] Epoch:121 ===== loss:0.01187 ===== SRCC:0.9095 ===== PLCC:0.9123
[20250221 05:09:59 INFO    ] Eval done...
[20250221 05:09:59 INFO    ] Epoch 121 done. Time: 1.0min
[20250221 05:09:59 INFO    ] Running training epoch 122
[20250221 05:10:52 INFO    ] train epoch:122 / loss:0.0002838 / SRCC:0.9965 / PLCC:0.9972
[20250221 05:10:52 INFO    ] Starting eval...
[20250221 05:10:52 INFO    ] Running testing in epoch 122
[20250221 05:10:59 INFO    ] Epoch:122 ===== loss:0.01095 ===== SRCC:0.9108 ===== PLCC:0.9156
[20250221 05:10:59 INFO    ] Eval done...
[20250221 05:10:59 INFO    ] Epoch 122 done. Time: 1.0min
[20250221 05:10:59 INFO    ] Running training epoch 123
[20250221 05:11:52 INFO    ] train epoch:123 / loss:0.0002479 / SRCC:0.9969 / PLCC:0.9976
[20250221 05:11:52 INFO    ] Starting eval...
[20250221 05:11:52 INFO    ] Running testing in epoch 123
[20250221 05:12:00 INFO    ] Epoch:123 ===== loss:0.01159 ===== SRCC:0.9142 ===== PLCC:0.916
[20250221 05:12:00 INFO    ] Eval done...
[20250221 05:12:00 INFO    ] Epoch 123 done. Time: 1.0min
[20250221 05:12:00 INFO    ] Running training epoch 124
[20250221 05:12:53 INFO    ] train epoch:124 / loss:0.0003589 / SRCC:0.9958 / PLCC:0.9965
[20250221 05:12:53 INFO    ] Starting eval...
[20250221 05:12:53 INFO    ] Running testing in epoch 124
[20250221 05:13:00 INFO    ] Epoch:124 ===== loss:0.01206 ===== SRCC:0.908 ===== PLCC:0.9122
[20250221 05:13:00 INFO    ] Eval done...
[20250221 05:13:00 INFO    ] Epoch 124 done. Time: 1.0min
[20250221 05:13:00 INFO    ] Running training epoch 125
[20250221 05:13:53 INFO    ] train epoch:125 / loss:0.0004683 / SRCC:0.9945 / PLCC:0.9954
[20250221 05:13:53 INFO    ] Starting eval...
[20250221 05:13:53 INFO    ] Running testing in epoch 125
[20250221 05:14:00 INFO    ] Epoch:125 ===== loss:0.01204 ===== SRCC:0.9088 ===== PLCC:0.9107
[20250221 05:14:00 INFO    ] Eval done...
[20250221 05:14:00 INFO    ] Epoch 125 done. Time: 1.0min
[20250221 05:14:00 INFO    ] Running training epoch 126
[20250221 05:14:54 INFO    ] train epoch:126 / loss:0.0005089 / SRCC:0.994 / PLCC:0.995
[20250221 05:14:54 INFO    ] Starting eval...
[20250221 05:14:54 INFO    ] Running testing in epoch 126
[20250221 05:15:01 INFO    ] Epoch:126 ===== loss:0.01156 ===== SRCC:0.907 ===== PLCC:0.9115
[20250221 05:15:01 INFO    ] Eval done...
[20250221 05:15:01 INFO    ] Epoch 126 done. Time: 1.0min
[20250221 05:15:01 INFO    ] Running training epoch 127
[20250221 05:15:54 INFO    ] train epoch:127 / loss:0.0004709 / SRCC:0.9947 / PLCC:0.9954
[20250221 05:15:54 INFO    ] Starting eval...
[20250221 05:15:54 INFO    ] Running testing in epoch 127
[20250221 05:16:01 INFO    ] Epoch:127 ===== loss:0.01247 ===== SRCC:0.9098 ===== PLCC:0.9132
[20250221 05:16:01 INFO    ] Eval done...
[20250221 05:16:01 INFO    ] Epoch 127 done. Time: 1.0min
[20250221 05:16:01 INFO    ] Running training epoch 128
[20250221 05:16:54 INFO    ] train epoch:128 / loss:0.0004633 / SRCC:0.9945 / PLCC:0.9955
[20250221 05:16:54 INFO    ] Starting eval...
[20250221 05:16:54 INFO    ] Running testing in epoch 128
[20250221 05:17:02 INFO    ] Epoch:128 ===== loss:0.012 ===== SRCC:0.9092 ===== PLCC:0.9127
[20250221 05:17:02 INFO    ] Eval done...
[20250221 05:17:02 INFO    ] Epoch 128 done. Time: 1.0min
[20250221 05:17:02 INFO    ] Running training epoch 129
[20250221 05:17:55 INFO    ] train epoch:129 / loss:0.0003942 / SRCC:0.9951 / PLCC:0.9961
[20250221 05:17:55 INFO    ] Starting eval...
[20250221 05:17:55 INFO    ] Running testing in epoch 129
[20250221 05:18:02 INFO    ] Epoch:129 ===== loss:0.01261 ===== SRCC:0.905 ===== PLCC:0.9082
[20250221 05:18:02 INFO    ] Eval done...
[20250221 05:18:02 INFO    ] Epoch 129 done. Time: 1.0min
[20250221 05:18:02 INFO    ] Running training epoch 130
[20250221 05:18:55 INFO    ] train epoch:130 / loss:0.000294 / SRCC:0.9967 / PLCC:0.9971
[20250221 05:18:55 INFO    ] Starting eval...
[20250221 05:18:55 INFO    ] Running testing in epoch 130
[20250221 05:19:03 INFO    ] Epoch:130 ===== loss:0.01168 ===== SRCC:0.9077 ===== PLCC:0.9124
[20250221 05:19:03 INFO    ] Eval done...
[20250221 05:19:03 INFO    ] Epoch 130 done. Time: 1.0min
[20250221 05:19:03 INFO    ] Running training epoch 131
[20250221 05:19:56 INFO    ] train epoch:131 / loss:0.0002697 / SRCC:0.9969 / PLCC:0.9974
[20250221 05:19:56 INFO    ] Starting eval...
[20250221 05:19:56 INFO    ] Running testing in epoch 131
[20250221 05:20:03 INFO    ] Epoch:131 ===== loss:0.01119 ===== SRCC:0.9109 ===== PLCC:0.9155
[20250221 05:20:03 INFO    ] Eval done...
[20250221 05:20:03 INFO    ] Epoch 131 done. Time: 1.0min
[20250221 05:20:03 INFO    ] Running training epoch 132
[20250221 05:20:57 INFO    ] train epoch:132 / loss:0.0001934 / SRCC:0.9978 / PLCC:0.9981
[20250221 05:20:57 INFO    ] Starting eval...
[20250221 05:20:57 INFO    ] Running testing in epoch 132
[20250221 05:21:04 INFO    ] Epoch:132 ===== loss:0.012 ===== SRCC:0.9101 ===== PLCC:0.9133
[20250221 05:21:04 INFO    ] Eval done...
[20250221 05:21:04 INFO    ] Epoch 132 done. Time: 1.0min
[20250221 05:21:04 INFO    ] Running training epoch 133
[20250221 05:21:57 INFO    ] train epoch:133 / loss:0.0002565 / SRCC:0.9969 / PLCC:0.9975
[20250221 05:21:57 INFO    ] Starting eval...
[20250221 05:21:57 INFO    ] Running testing in epoch 133
[20250221 05:22:05 INFO    ] Epoch:133 ===== loss:0.01187 ===== SRCC:0.9109 ===== PLCC:0.9142
[20250221 05:22:05 INFO    ] Eval done...
[20250221 05:22:05 INFO    ] Epoch 133 done. Time: 1.0min
[20250221 05:22:05 INFO    ] Running training epoch 134
[20250221 05:22:58 INFO    ] train epoch:134 / loss:0.0003081 / SRCC:0.9958 / PLCC:0.997
[20250221 05:22:58 INFO    ] Starting eval...
[20250221 05:22:58 INFO    ] Running testing in epoch 134
[20250221 05:23:06 INFO    ] Epoch:134 ===== loss:0.01254 ===== SRCC:0.9008 ===== PLCC:0.9046
[20250221 05:23:06 INFO    ] Eval done...
[20250221 05:23:06 INFO    ] Epoch 134 done. Time: 1.0min
[20250221 05:23:06 INFO    ] Running training epoch 135
[20250221 05:23:59 INFO    ] train epoch:135 / loss:0.0002939 / SRCC:0.9961 / PLCC:0.9971
[20250221 05:23:59 INFO    ] Starting eval...
[20250221 05:23:59 INFO    ] Running testing in epoch 135
[20250221 05:24:06 INFO    ] Epoch:135 ===== loss:0.01312 ===== SRCC:0.905 ===== PLCC:0.9082
[20250221 05:24:06 INFO    ] Eval done...
[20250221 05:24:06 INFO    ] Epoch 135 done. Time: 1.0min
[20250221 05:24:06 INFO    ] Running training epoch 136
[20250221 05:25:00 INFO    ] train epoch:136 / loss:0.0002209 / SRCC:0.9972 / PLCC:0.9979
[20250221 05:25:00 INFO    ] Starting eval...
[20250221 05:25:00 INFO    ] Running testing in epoch 136
[20250221 05:25:07 INFO    ] Epoch:136 ===== loss:0.01221 ===== SRCC:0.9039 ===== PLCC:0.9093
[20250221 05:25:07 INFO    ] Eval done...
[20250221 05:25:07 INFO    ] Epoch 136 done. Time: 1.0min
[20250221 05:25:07 INFO    ] Running training epoch 137
[20250221 05:26:00 INFO    ] train epoch:137 / loss:0.0002003 / SRCC:0.9974 / PLCC:0.998
[20250221 05:26:00 INFO    ] Starting eval...
[20250221 05:26:00 INFO    ] Running testing in epoch 137
[20250221 05:26:07 INFO    ] Epoch:137 ===== loss:0.01256 ===== SRCC:0.9061 ===== PLCC:0.9085
[20250221 05:26:07 INFO    ] Eval done...
[20250221 05:26:07 INFO    ] Epoch 137 done. Time: 1.0min
[20250221 05:26:07 INFO    ] Running training epoch 138
[20250221 05:27:00 INFO    ] train epoch:138 / loss:0.0001854 / SRCC:0.9976 / PLCC:0.9982
[20250221 05:27:00 INFO    ] Starting eval...
[20250221 05:27:00 INFO    ] Running testing in epoch 138
[20250221 05:27:08 INFO    ] Epoch:138 ===== loss:0.01252 ===== SRCC:0.9049 ===== PLCC:0.9094
[20250221 05:27:08 INFO    ] Eval done...
[20250221 05:27:08 INFO    ] Epoch 138 done. Time: 1.0min
[20250221 05:27:08 INFO    ] Running training epoch 139
[20250221 05:28:01 INFO    ] train epoch:139 / loss:0.0001821 / SRCC:0.9979 / PLCC:0.9982
[20250221 05:28:01 INFO    ] Starting eval...
[20250221 05:28:01 INFO    ] Running testing in epoch 139
[20250221 05:28:09 INFO    ] Epoch:139 ===== loss:0.01317 ===== SRCC:0.9085 ===== PLCC:0.9127
[20250221 05:28:09 INFO    ] Eval done...
[20250221 05:28:09 INFO    ] Epoch 139 done. Time: 1.0min
[20250221 05:28:09 INFO    ] Running training epoch 140
[20250221 05:29:02 INFO    ] train epoch:140 / loss:0.0003222 / SRCC:0.996 / PLCC:0.9969
[20250221 05:29:02 INFO    ] Starting eval...
[20250221 05:29:02 INFO    ] Running testing in epoch 140
[20250221 05:29:09 INFO    ] Epoch:140 ===== loss:0.01209 ===== SRCC:0.9079 ===== PLCC:0.9114
[20250221 05:29:09 INFO    ] Eval done...
[20250221 05:29:09 INFO    ] Epoch 140 done. Time: 1.0min
[20250221 05:29:09 INFO    ] Running training epoch 141
[20250221 05:30:02 INFO    ] train epoch:141 / loss:0.0002472 / SRCC:0.9972 / PLCC:0.9976
[20250221 05:30:02 INFO    ] Starting eval...
[20250221 05:30:02 INFO    ] Running testing in epoch 141
[20250221 05:30:09 INFO    ] Epoch:141 ===== loss:0.01223 ===== SRCC:0.9063 ===== PLCC:0.9112
[20250221 05:30:09 INFO    ] Eval done...
[20250221 05:30:09 INFO    ] Epoch 141 done. Time: 1.0min
[20250221 05:30:09 INFO    ] Running training epoch 142
[20250221 05:31:02 INFO    ] train epoch:142 / loss:0.0002031 / SRCC:0.9977 / PLCC:0.998
[20250221 05:31:02 INFO    ] Starting eval...
[20250221 05:31:02 INFO    ] Running testing in epoch 142
[20250221 05:31:10 INFO    ] Epoch:142 ===== loss:0.01217 ===== SRCC:0.9047 ===== PLCC:0.9101
[20250221 05:31:10 INFO    ] Eval done...
[20250221 05:31:10 INFO    ] Epoch 142 done. Time: 1.0min
[20250221 05:31:10 INFO    ] Running training epoch 143
[20250221 05:32:03 INFO    ] train epoch:143 / loss:0.0002223 / SRCC:0.9973 / PLCC:0.9978
[20250221 05:32:03 INFO    ] Starting eval...
[20250221 05:32:03 INFO    ] Running testing in epoch 143
[20250221 05:32:10 INFO    ] Epoch:143 ===== loss:0.01206 ===== SRCC:0.9091 ===== PLCC:0.9136
[20250221 05:32:10 INFO    ] Eval done...
[20250221 05:32:10 INFO    ] Epoch 143 done. Time: 1.0min
[20250221 05:32:10 INFO    ] Running training epoch 144
[20250221 05:33:03 INFO    ] train epoch:144 / loss:0.0002573 / SRCC:0.9972 / PLCC:0.9975
[20250221 05:33:04 INFO    ] Starting eval...
[20250221 05:33:04 INFO    ] Running testing in epoch 144
[20250221 05:33:11 INFO    ] Epoch:144 ===== loss:0.01235 ===== SRCC:0.9067 ===== PLCC:0.9104
[20250221 05:33:11 INFO    ] Eval done...
[20250221 05:33:11 INFO    ] Epoch 144 done. Time: 1.0min
[20250221 05:33:11 INFO    ] Running training epoch 145
[20250221 05:34:04 INFO    ] train epoch:145 / loss:0.0001969 / SRCC:0.9976 / PLCC:0.9981
[20250221 05:34:04 INFO    ] Starting eval...
[20250221 05:34:04 INFO    ] Running testing in epoch 145
[20250221 05:34:11 INFO    ] Epoch:145 ===== loss:0.01241 ===== SRCC:0.9061 ===== PLCC:0.9079
[20250221 05:34:11 INFO    ] Eval done...
[20250221 05:34:11 INFO    ] Epoch 145 done. Time: 1.0min
[20250221 05:34:11 INFO    ] Running training epoch 146
[20250221 05:35:04 INFO    ] train epoch:146 / loss:0.0001451 / SRCC:0.9982 / PLCC:0.9986
[20250221 05:35:04 INFO    ] Starting eval...
[20250221 05:35:04 INFO    ] Running testing in epoch 146
[20250221 05:35:12 INFO    ] Epoch:146 ===== loss:0.0126 ===== SRCC:0.9049 ===== PLCC:0.9082
[20250221 05:35:12 INFO    ] Eval done...
[20250221 05:35:12 INFO    ] Epoch 146 done. Time: 1.0min
[20250221 05:35:12 INFO    ] Running training epoch 147
[20250221 05:36:05 INFO    ] train epoch:147 / loss:0.0001377 / SRCC:0.9983 / PLCC:0.9987
[20250221 05:36:05 INFO    ] Starting eval...
[20250221 05:36:05 INFO    ] Running testing in epoch 147
[20250221 05:36:12 INFO    ] Epoch:147 ===== loss:0.01286 ===== SRCC:0.9009 ===== PLCC:0.9058
[20250221 05:36:12 INFO    ] Eval done...
[20250221 05:36:12 INFO    ] Epoch 147 done. Time: 1.0min
[20250221 05:36:12 INFO    ] Running training epoch 148
[20250221 05:37:05 INFO    ] train epoch:148 / loss:0.000162 / SRCC:0.9982 / PLCC:0.9984
[20250221 05:37:05 INFO    ] Starting eval...
[20250221 05:37:05 INFO    ] Running testing in epoch 148
[20250221 05:37:13 INFO    ] Epoch:148 ===== loss:0.01245 ===== SRCC:0.9079 ===== PLCC:0.9109
[20250221 05:37:13 INFO    ] Eval done...
[20250221 05:37:13 INFO    ] Epoch 148 done. Time: 1.0min
[20250221 05:37:13 INFO    ] Running training epoch 149
[20250221 05:38:06 INFO    ] train epoch:149 / loss:0.0001667 / SRCC:0.9981 / PLCC:0.9984
[20250221 05:38:06 INFO    ] Starting eval...
[20250221 05:38:06 INFO    ] Running testing in epoch 149
[20250221 05:38:13 INFO    ] Epoch:149 ===== loss:0.0124 ===== SRCC:0.9053 ===== PLCC:0.9093
[20250221 05:38:13 INFO    ] Eval done...
[20250221 05:38:13 INFO    ] Epoch 149 done. Time: 1.0min
[20250221 05:38:13 INFO    ] Running training epoch 150
[20250221 05:39:06 INFO    ] train epoch:150 / loss:0.0002117 / SRCC:0.9975 / PLCC:0.9979
[20250221 05:39:06 INFO    ] Starting eval...
[20250221 05:39:06 INFO    ] Running testing in epoch 150
[20250221 05:39:14 INFO    ] Epoch:150 ===== loss:0.01225 ===== SRCC:0.9089 ===== PLCC:0.9105
[20250221 05:39:14 INFO    ] Eval done...
[20250221 05:39:14 INFO    ] Epoch 150 done. Time: 1.0min
[20250221 05:39:14 INFO    ] Running training epoch 151
[20250221 05:40:07 INFO    ] train epoch:151 / loss:0.0002915 / SRCC:0.9967 / PLCC:0.9971
[20250221 05:40:07 INFO    ] Starting eval...
[20250221 05:40:07 INFO    ] Running testing in epoch 151
[20250221 05:40:14 INFO    ] Epoch:151 ===== loss:0.01265 ===== SRCC:0.9012 ===== PLCC:0.9064
[20250221 05:40:14 INFO    ] Eval done...
[20250221 05:40:14 INFO    ] Epoch 151 done. Time: 1.0min
[20250221 05:40:14 INFO    ] Running training epoch 152
[20250221 05:41:08 INFO    ] train epoch:152 / loss:0.0003917 / SRCC:0.9957 / PLCC:0.9962
[20250221 05:41:08 INFO    ] Starting eval...
[20250221 05:41:08 INFO    ] Running testing in epoch 152
[20250221 05:41:15 INFO    ] Epoch:152 ===== loss:0.01492 ===== SRCC:0.9006 ===== PLCC:0.8964
[20250221 05:41:15 INFO    ] Eval done...
[20250221 05:41:15 INFO    ] Epoch 152 done. Time: 1.0min
[20250221 05:41:15 INFO    ] Running training epoch 153
[20250221 05:42:08 INFO    ] train epoch:153 / loss:0.0005369 / SRCC:0.9943 / PLCC:0.9948
[20250221 05:42:08 INFO    ] Starting eval...
[20250221 05:42:08 INFO    ] Running testing in epoch 153
[20250221 05:42:16 INFO    ] Epoch:153 ===== loss:0.01259 ===== SRCC:0.902 ===== PLCC:0.906
[20250221 05:42:16 INFO    ] Eval done...
[20250221 05:42:16 INFO    ] Epoch 153 done. Time: 1.0min
[20250221 05:42:16 INFO    ] Running training epoch 154
[20250221 05:43:09 INFO    ] train epoch:154 / loss:0.0004377 / SRCC:0.9953 / PLCC:0.9958
[20250221 05:43:09 INFO    ] Starting eval...
[20250221 05:43:09 INFO    ] Running testing in epoch 154
[20250221 05:43:16 INFO    ] Epoch:154 ===== loss:0.01276 ===== SRCC:0.8994 ===== PLCC:0.903
[20250221 05:43:16 INFO    ] Eval done...
[20250221 05:43:16 INFO    ] Epoch 154 done. Time: 1.0min
[20250221 05:43:16 INFO    ] Running training epoch 155
[20250221 05:44:09 INFO    ] train epoch:155 / loss:0.0005554 / SRCC:0.994 / PLCC:0.9946
[20250221 05:44:09 INFO    ] Starting eval...
[20250221 05:44:09 INFO    ] Running testing in epoch 155
[20250221 05:44:17 INFO    ] Epoch:155 ===== loss:0.01162 ===== SRCC:0.9074 ===== PLCC:0.9123
[20250221 05:44:17 INFO    ] Eval done...
[20250221 05:44:17 INFO    ] Epoch 155 done. Time: 1.0min
[20250221 05:44:17 INFO    ] Running training epoch 156
[20250221 05:45:10 INFO    ] train epoch:156 / loss:0.0004655 / SRCC:0.9947 / PLCC:0.9955
[20250221 05:45:10 INFO    ] Starting eval...
[20250221 05:45:10 INFO    ] Running testing in epoch 156
[20250221 05:45:17 INFO    ] Epoch:156 ===== loss:0.013 ===== SRCC:0.9022 ===== PLCC:0.907
[20250221 05:45:17 INFO    ] Eval done...
[20250221 05:45:17 INFO    ] Epoch 156 done. Time: 1.0min
[20250221 05:45:17 INFO    ] Running training epoch 157
[20250221 05:46:11 INFO    ] train epoch:157 / loss:0.0003764 / SRCC:0.9956 / PLCC:0.9964
[20250221 05:46:11 INFO    ] Starting eval...
[20250221 05:46:11 INFO    ] Running testing in epoch 157
[20250221 05:46:18 INFO    ] Epoch:157 ===== loss:0.01261 ===== SRCC:0.902 ===== PLCC:0.9058
[20250221 05:46:18 INFO    ] Eval done...
[20250221 05:46:18 INFO    ] Epoch 157 done. Time: 1.0min
[20250221 05:46:18 INFO    ] Running training epoch 158
[20250221 05:47:11 INFO    ] train epoch:158 / loss:0.0002717 / SRCC:0.9968 / PLCC:0.9974
[20250221 05:47:11 INFO    ] Starting eval...
[20250221 05:47:11 INFO    ] Running testing in epoch 158
[20250221 05:47:19 INFO    ] Epoch:158 ===== loss:0.01184 ===== SRCC:0.9059 ===== PLCC:0.9118
[20250221 05:47:19 INFO    ] Eval done...
[20250221 05:47:19 INFO    ] Epoch 158 done. Time: 1.0min
[20250221 05:47:19 INFO    ] Running training epoch 159
[20250221 05:48:12 INFO    ] train epoch:159 / loss:0.0002652 / SRCC:0.9967 / PLCC:0.9974
[20250221 05:48:12 INFO    ] Starting eval...
[20250221 05:48:12 INFO    ] Running testing in epoch 159
[20250221 05:48:20 INFO    ] Epoch:159 ===== loss:0.01267 ===== SRCC:0.9071 ===== PLCC:0.908
[20250221 05:48:20 INFO    ] Eval done...
[20250221 05:48:20 INFO    ] Epoch 159 done. Time: 1.0min
[20250221 05:48:20 INFO    ] Running training epoch 160
[20250221 05:49:13 INFO    ] train epoch:160 / loss:0.0002477 / SRCC:0.997 / PLCC:0.9976
[20250221 05:49:13 INFO    ] Starting eval...
[20250221 05:49:13 INFO    ] Running testing in epoch 160
[20250221 05:49:20 INFO    ] Epoch:160 ===== loss:0.01206 ===== SRCC:0.9033 ===== PLCC:0.9094
[20250221 05:49:20 INFO    ] Eval done...
[20250221 05:49:20 INFO    ] Epoch 160 done. Time: 1.0min
[20250221 05:49:20 INFO    ] Running training epoch 161
[20250221 05:50:13 INFO    ] train epoch:161 / loss:0.0002254 / SRCC:0.9972 / PLCC:0.9978
[20250221 05:50:13 INFO    ] Starting eval...
[20250221 05:50:13 INFO    ] Running testing in epoch 161
[20250221 05:50:21 INFO    ] Epoch:161 ===== loss:0.01278 ===== SRCC:0.9066 ===== PLCC:0.9118
[20250221 05:50:21 INFO    ] Eval done...
[20250221 05:50:21 INFO    ] Epoch 161 done. Time: 1.0min
[20250221 05:50:21 INFO    ] Running training epoch 162
[20250221 05:51:14 INFO    ] train epoch:162 / loss:0.0003511 / SRCC:0.9953 / PLCC:0.9966
[20250221 05:51:14 INFO    ] Starting eval...
[20250221 05:51:14 INFO    ] Running testing in epoch 162
[20250221 05:51:21 INFO    ] Epoch:162 ===== loss:0.01243 ===== SRCC:0.9007 ===== PLCC:0.909
[20250221 05:51:21 INFO    ] Eval done...
[20250221 05:51:21 INFO    ] Epoch 162 done. Time: 1.0min
[20250221 05:51:21 INFO    ] Running training epoch 163
[20250221 05:52:14 INFO    ] train epoch:163 / loss:0.000304 / SRCC:0.9963 / PLCC:0.997
[20250221 05:52:14 INFO    ] Starting eval...
[20250221 05:52:14 INFO    ] Running testing in epoch 163
[20250221 05:52:22 INFO    ] Epoch:163 ===== loss:0.0122 ===== SRCC:0.9065 ===== PLCC:0.9099
[20250221 05:52:22 INFO    ] Eval done...
[20250221 05:52:22 INFO    ] Epoch 163 done. Time: 1.0min
[20250221 05:52:22 INFO    ] Running training epoch 164
[20250221 05:53:15 INFO    ] train epoch:164 / loss:0.0002858 / SRCC:0.9964 / PLCC:0.9972
[20250221 05:53:15 INFO    ] Starting eval...
[20250221 05:53:15 INFO    ] Running testing in epoch 164
[20250221 05:53:22 INFO    ] Epoch:164 ===== loss:0.01247 ===== SRCC:0.9071 ===== PLCC:0.9101
[20250221 05:53:22 INFO    ] Eval done...
[20250221 05:53:22 INFO    ] Epoch 164 done. Time: 1.0min
[20250221 05:53:22 INFO    ] Running training epoch 165
[20250221 05:54:15 INFO    ] train epoch:165 / loss:0.0002234 / SRCC:0.9975 / PLCC:0.9978
[20250221 05:54:15 INFO    ] Starting eval...
[20250221 05:54:15 INFO    ] Running testing in epoch 165
[20250221 05:54:22 INFO    ] Epoch:165 ===== loss:0.01211 ===== SRCC:0.9094 ===== PLCC:0.9124
[20250221 05:54:22 INFO    ] Eval done...
[20250221 05:54:22 INFO    ] Epoch 165 done. Time: 1.0min
[20250221 05:54:22 INFO    ] Running training epoch 166
[20250221 05:55:15 INFO    ] train epoch:166 / loss:0.0001892 / SRCC:0.9975 / PLCC:0.9982
[20250221 05:55:15 INFO    ] Starting eval...
[20250221 05:55:15 INFO    ] Running testing in epoch 166
[20250221 05:55:23 INFO    ] Epoch:166 ===== loss:0.01264 ===== SRCC:0.9042 ===== PLCC:0.9096
[20250221 05:55:23 INFO    ] Eval done...
[20250221 05:55:23 INFO    ] Epoch 166 done. Time: 1.0min
[20250221 05:55:23 INFO    ] Running training epoch 167
[20250221 05:56:16 INFO    ] train epoch:167 / loss:0.0001738 / SRCC:0.9977 / PLCC:0.9983
[20250221 05:56:16 INFO    ] Starting eval...
[20250221 05:56:16 INFO    ] Running testing in epoch 167
[20250221 05:56:23 INFO    ] Epoch:167 ===== loss:0.01242 ===== SRCC:0.9009 ===== PLCC:0.9079
[20250221 05:56:23 INFO    ] Eval done...
[20250221 05:56:23 INFO    ] Epoch 167 done. Time: 1.0min
[20250221 05:56:23 INFO    ] Running training epoch 168
[20250221 05:57:16 INFO    ] train epoch:168 / loss:0.000166 / SRCC:0.998 / PLCC:0.9984
[20250221 05:57:16 INFO    ] Starting eval...
[20250221 05:57:16 INFO    ] Running testing in epoch 168
[20250221 05:57:23 INFO    ] Epoch:168 ===== loss:0.01255 ===== SRCC:0.9022 ===== PLCC:0.9086
[20250221 05:57:23 INFO    ] Eval done...
[20250221 05:57:23 INFO    ] Epoch 168 done. Time: 1.0min
[20250221 05:57:23 INFO    ] Running training epoch 169
[20250221 05:58:16 INFO    ] train epoch:169 / loss:0.0001412 / SRCC:0.9985 / PLCC:0.9986
[20250221 05:58:16 INFO    ] Starting eval...
[20250221 05:58:16 INFO    ] Running testing in epoch 169
[20250221 05:58:24 INFO    ] Epoch:169 ===== loss:0.01185 ===== SRCC:0.9072 ===== PLCC:0.9116
[20250221 05:58:24 INFO    ] Eval done...
[20250221 05:58:24 INFO    ] Epoch 169 done. Time: 1.0min
[20250221 05:58:24 INFO    ] Running training epoch 170
[20250221 05:59:17 INFO    ] train epoch:170 / loss:0.0001572 / SRCC:0.9982 / PLCC:0.9985
[20250221 05:59:17 INFO    ] Starting eval...
[20250221 05:59:17 INFO    ] Running testing in epoch 170
[20250221 05:59:24 INFO    ] Epoch:170 ===== loss:0.01274 ===== SRCC:0.9054 ===== PLCC:0.9099
[20250221 05:59:24 INFO    ] Eval done...
[20250221 05:59:24 INFO    ] Epoch 170 done. Time: 1.0min
[20250221 05:59:24 INFO    ] Running training epoch 171
[20250221 06:00:17 INFO    ] train epoch:171 / loss:0.0002148 / SRCC:0.9973 / PLCC:0.9979
[20250221 06:00:17 INFO    ] Starting eval...
[20250221 06:00:17 INFO    ] Running testing in epoch 171
[20250221 06:00:24 INFO    ] Epoch:171 ===== loss:0.01234 ===== SRCC:0.9024 ===== PLCC:0.9095
[20250221 06:00:24 INFO    ] Eval done...
[20250221 06:00:24 INFO    ] Epoch 171 done. Time: 1.0min
[20250221 06:00:24 INFO    ] Running training epoch 172
[20250221 06:01:17 INFO    ] train epoch:172 / loss:0.0002711 / SRCC:0.997 / PLCC:0.9973
[20250221 06:01:17 INFO    ] Starting eval...
[20250221 06:01:17 INFO    ] Running testing in epoch 172
[20250221 06:01:25 INFO    ] Epoch:172 ===== loss:0.01236 ===== SRCC:0.904 ===== PLCC:0.9095
[20250221 06:01:25 INFO    ] Eval done...
[20250221 06:01:25 INFO    ] Epoch 172 done. Time: 1.0min
[20250221 06:01:25 INFO    ] Running training epoch 173
[20250221 06:02:18 INFO    ] train epoch:173 / loss:0.0002406 / SRCC:0.9971 / PLCC:0.9977
[20250221 06:02:18 INFO    ] Starting eval...
[20250221 06:02:18 INFO    ] Running testing in epoch 173
[20250221 06:02:25 INFO    ] Epoch:173 ===== loss:0.01339 ===== SRCC:0.8988 ===== PLCC:0.9025
[20250221 06:02:25 INFO    ] Eval done...
[20250221 06:02:25 INFO    ] Epoch 173 done. Time: 1.0min
[20250221 06:02:25 INFO    ] Running training epoch 174
[20250221 06:03:18 INFO    ] train epoch:174 / loss:0.0002485 / SRCC:0.9968 / PLCC:0.9976
[20250221 06:03:18 INFO    ] Starting eval...
[20250221 06:03:18 INFO    ] Running testing in epoch 174
[20250221 06:03:26 INFO    ] Epoch:174 ===== loss:0.01306 ===== SRCC:0.8971 ===== PLCC:0.9061
[20250221 06:03:26 INFO    ] Eval done...
[20250221 06:03:26 INFO    ] Epoch 174 done. Time: 1.0min
[20250221 06:03:26 INFO    ] Running training epoch 175
[20250221 06:04:18 INFO    ] train epoch:175 / loss:0.0002315 / SRCC:0.997 / PLCC:0.9978
[20250221 06:04:18 INFO    ] Starting eval...
[20250221 06:04:18 INFO    ] Running testing in epoch 175
[20250221 06:04:26 INFO    ] Epoch:175 ===== loss:0.01181 ===== SRCC:0.9078 ===== PLCC:0.9115
[20250221 06:04:26 INFO    ] Eval done...
[20250221 06:04:26 INFO    ] Epoch 175 done. Time: 1.0min
[20250221 06:04:26 INFO    ] Running training epoch 176
[20250221 06:05:19 INFO    ] train epoch:176 / loss:0.0002603 / SRCC:0.9971 / PLCC:0.9975
[20250221 06:05:19 INFO    ] Starting eval...
[20250221 06:05:19 INFO    ] Running testing in epoch 176
[20250221 06:05:26 INFO    ] Epoch:176 ===== loss:0.01207 ===== SRCC:0.9064 ===== PLCC:0.9092
[20250221 06:05:26 INFO    ] Eval done...
[20250221 06:05:26 INFO    ] Epoch 176 done. Time: 1.0min
[20250221 06:05:26 INFO    ] Running training epoch 177
[20250221 06:06:19 INFO    ] train epoch:177 / loss:0.0003039 / SRCC:0.9965 / PLCC:0.9971
[20250221 06:06:19 INFO    ] Starting eval...
[20250221 06:06:19 INFO    ] Running testing in epoch 177
[20250221 06:06:27 INFO    ] Epoch:177 ===== loss:0.01218 ===== SRCC:0.9057 ===== PLCC:0.9082
[20250221 06:06:27 INFO    ] Eval done...
[20250221 06:06:27 INFO    ] Epoch 177 done. Time: 1.0min
[20250221 06:06:27 INFO    ] Running training epoch 178
[20250221 06:07:19 INFO    ] train epoch:178 / loss:0.0002965 / SRCC:0.9966 / PLCC:0.9971
[20250221 06:07:19 INFO    ] Starting eval...
[20250221 06:07:19 INFO    ] Running testing in epoch 178
[20250221 06:07:27 INFO    ] Epoch:178 ===== loss:0.01302 ===== SRCC:0.9053 ===== PLCC:0.9062
[20250221 06:07:27 INFO    ] Eval done...
[20250221 06:07:27 INFO    ] Epoch 178 done. Time: 1.0min
[20250221 06:07:27 INFO    ] Running training epoch 179
[20250221 06:08:20 INFO    ] train epoch:179 / loss:0.0002851 / SRCC:0.9967 / PLCC:0.9972
[20250221 06:08:20 INFO    ] Starting eval...
[20250221 06:08:20 INFO    ] Running testing in epoch 179
[20250221 06:08:27 INFO    ] Epoch:179 ===== loss:0.01196 ===== SRCC:0.9039 ===== PLCC:0.9092
[20250221 06:08:27 INFO    ] Eval done...
[20250221 06:08:27 INFO    ] Epoch 179 done. Time: 1.0min
[20250221 06:08:27 INFO    ] Running training epoch 180
[20250221 06:09:20 INFO    ] train epoch:180 / loss:0.0002524 / SRCC:0.9971 / PLCC:0.9975
[20250221 06:09:20 INFO    ] Starting eval...
[20250221 06:09:20 INFO    ] Running testing in epoch 180
[20250221 06:09:28 INFO    ] Epoch:180 ===== loss:0.01277 ===== SRCC:0.9022 ===== PLCC:0.9058
[20250221 06:09:28 INFO    ] Eval done...
[20250221 06:09:28 INFO    ] Epoch 180 done. Time: 1.0min
[20250221 06:09:28 INFO    ] Running training epoch 181
[20250221 06:10:21 INFO    ] train epoch:181 / loss:0.0003498 / SRCC:0.9961 / PLCC:0.9966
[20250221 06:10:21 INFO    ] Starting eval...
[20250221 06:10:21 INFO    ] Running testing in epoch 181
[20250221 06:10:28 INFO    ] Epoch:181 ===== loss:0.0125 ===== SRCC:0.8998 ===== PLCC:0.9064
[20250221 06:10:28 INFO    ] Eval done...
[20250221 06:10:28 INFO    ] Epoch 181 done. Time: 1.0min
[20250221 06:10:28 INFO    ] Running training epoch 182
[20250221 06:11:21 INFO    ] train epoch:182 / loss:0.0003484 / SRCC:0.9963 / PLCC:0.9966
[20250221 06:11:21 INFO    ] Starting eval...
[20250221 06:11:21 INFO    ] Running testing in epoch 182
[20250221 06:11:28 INFO    ] Epoch:182 ===== loss:0.01285 ===== SRCC:0.898 ===== PLCC:0.9047
[20250221 06:11:28 INFO    ] Eval done...
[20250221 06:11:28 INFO    ] Epoch 182 done. Time: 1.0min
[20250221 06:11:28 INFO    ] Running training epoch 183
[20250221 06:12:21 INFO    ] train epoch:183 / loss:0.0002667 / SRCC:0.9969 / PLCC:0.9974
[20250221 06:12:21 INFO    ] Starting eval...
[20250221 06:12:21 INFO    ] Running testing in epoch 183
[20250221 06:12:29 INFO    ] Epoch:183 ===== loss:0.01268 ===== SRCC:0.898 ===== PLCC:0.9048
[20250221 06:12:29 INFO    ] Eval done...
[20250221 06:12:29 INFO    ] Epoch 183 done. Time: 1.0min
[20250221 06:12:29 INFO    ] Running training epoch 184
[20250221 06:13:22 INFO    ] train epoch:184 / loss:0.0003537 / SRCC:0.9954 / PLCC:0.9966
[20250221 06:13:22 INFO    ] Starting eval...
[20250221 06:13:22 INFO    ] Running testing in epoch 184
[20250221 06:13:29 INFO    ] Epoch:184 ===== loss:0.01267 ===== SRCC:0.9048 ===== PLCC:0.9051
[20250221 06:13:29 INFO    ] Eval done...
[20250221 06:13:29 INFO    ] Epoch 184 done. Time: 1.0min
[20250221 06:13:29 INFO    ] Running training epoch 185
[20250221 06:14:22 INFO    ] train epoch:185 / loss:0.0002648 / SRCC:0.9968 / PLCC:0.9974
[20250221 06:14:22 INFO    ] Starting eval...
[20250221 06:14:22 INFO    ] Running testing in epoch 185
[20250221 06:14:29 INFO    ] Epoch:185 ===== loss:0.01253 ===== SRCC:0.9054 ===== PLCC:0.9085
[20250221 06:14:29 INFO    ] Eval done...
[20250221 06:14:29 INFO    ] Epoch 185 done. Time: 1.0min
[20250221 06:14:29 INFO    ] Running training epoch 186
[20250221 06:15:22 INFO    ] train epoch:186 / loss:0.0002267 / SRCC:0.9972 / PLCC:0.9978
[20250221 06:15:22 INFO    ] Starting eval...
[20250221 06:15:22 INFO    ] Running testing in epoch 186
[20250221 06:15:30 INFO    ] Epoch:186 ===== loss:0.01321 ===== SRCC:0.8989 ===== PLCC:0.9019
[20250221 06:15:30 INFO    ] Eval done...
[20250221 06:15:30 INFO    ] Epoch 186 done. Time: 1.0min
[20250221 06:15:30 INFO    ] Running training epoch 187
[20250221 06:16:23 INFO    ] train epoch:187 / loss:0.0001934 / SRCC:0.9976 / PLCC:0.9981
[20250221 06:16:23 INFO    ] Starting eval...
[20250221 06:16:23 INFO    ] Running testing in epoch 187
[20250221 06:16:30 INFO    ] Epoch:187 ===== loss:0.01316 ===== SRCC:0.9006 ===== PLCC:0.9046
[20250221 06:16:30 INFO    ] Eval done...
[20250221 06:16:30 INFO    ] Epoch 187 done. Time: 1.0min
[20250221 06:16:30 INFO    ] Running training epoch 188
[20250221 06:17:23 INFO    ] train epoch:188 / loss:0.0001953 / SRCC:0.9975 / PLCC:0.9981
[20250221 06:17:23 INFO    ] Starting eval...
[20250221 06:17:23 INFO    ] Running testing in epoch 188
[20250221 06:17:31 INFO    ] Epoch:188 ===== loss:0.01287 ===== SRCC:0.901 ===== PLCC:0.9044
[20250221 06:17:31 INFO    ] Eval done...
[20250221 06:17:31 INFO    ] Epoch 188 done. Time: 1.0min
[20250221 06:17:31 INFO    ] Running training epoch 189
[20250221 06:18:24 INFO    ] train epoch:189 / loss:0.0001578 / SRCC:0.998 / PLCC:0.9985
[20250221 06:18:24 INFO    ] Starting eval...
[20250221 06:18:24 INFO    ] Running testing in epoch 189
[20250221 06:18:31 INFO    ] Epoch:189 ===== loss:0.01296 ===== SRCC:0.8987 ===== PLCC:0.9044
[20250221 06:18:31 INFO    ] Eval done...
[20250221 06:18:31 INFO    ] Epoch 189 done. Time: 1.0min
[20250221 06:18:31 INFO    ] Running training epoch 190
[20250221 06:19:24 INFO    ] train epoch:190 / loss:0.0001618 / SRCC:0.9981 / PLCC:0.9984
[20250221 06:19:24 INFO    ] Starting eval...
[20250221 06:19:24 INFO    ] Running testing in epoch 190
[20250221 06:19:32 INFO    ] Epoch:190 ===== loss:0.01279 ===== SRCC:0.898 ===== PLCC:0.9029
[20250221 06:19:32 INFO    ] Eval done...
[20250221 06:19:32 INFO    ] Epoch 190 done. Time: 1.0min
[20250221 06:19:32 INFO    ] Running training epoch 191
[20250221 06:20:25 INFO    ] train epoch:191 / loss:0.000159 / SRCC:0.9981 / PLCC:0.9984
[20250221 06:20:25 INFO    ] Starting eval...
[20250221 06:20:25 INFO    ] Running testing in epoch 191
[20250221 06:20:32 INFO    ] Epoch:191 ===== loss:0.01205 ===== SRCC:0.9029 ===== PLCC:0.9094
[20250221 06:20:32 INFO    ] Eval done...
[20250221 06:20:32 INFO    ] Epoch 191 done. Time: 1.0min
[20250221 06:20:32 INFO    ] Running training epoch 192
[20250221 06:21:25 INFO    ] train epoch:192 / loss:0.0002333 / SRCC:0.9975 / PLCC:0.9978
[20250221 06:21:25 INFO    ] Starting eval...
[20250221 06:21:25 INFO    ] Running testing in epoch 192
[20250221 06:21:32 INFO    ] Epoch:192 ===== loss:0.01277 ===== SRCC:0.8986 ===== PLCC:0.9045
[20250221 06:21:32 INFO    ] Eval done...
[20250221 06:21:32 INFO    ] Epoch 192 done. Time: 1.0min
[20250221 06:21:32 INFO    ] Running training epoch 193
[20250221 06:22:25 INFO    ] train epoch:193 / loss:0.000182 / SRCC:0.9982 / PLCC:0.9982
[20250221 06:22:25 INFO    ] Starting eval...
[20250221 06:22:25 INFO    ] Running testing in epoch 193
[20250221 06:22:33 INFO    ] Epoch:193 ===== loss:0.01321 ===== SRCC:0.9003 ===== PLCC:0.9025
[20250221 06:22:33 INFO    ] Eval done...
[20250221 06:22:33 INFO    ] Epoch 193 done. Time: 1.0min
[20250221 06:22:33 INFO    ] Running training epoch 194
[20250221 06:23:26 INFO    ] train epoch:194 / loss:0.0001745 / SRCC:0.998 / PLCC:0.9983
[20250221 06:23:26 INFO    ] Starting eval...
[20250221 06:23:26 INFO    ] Running testing in epoch 194
[20250221 06:23:33 INFO    ] Epoch:194 ===== loss:0.01277 ===== SRCC:0.9005 ===== PLCC:0.9061
[20250221 06:23:33 INFO    ] Eval done...
[20250221 06:23:33 INFO    ] Epoch 194 done. Time: 1.0min
[20250221 06:23:33 INFO    ] Running training epoch 195
[20250221 06:24:27 INFO    ] train epoch:195 / loss:0.0001698 / SRCC:0.998 / PLCC:0.9984
[20250221 06:24:27 INFO    ] Starting eval...
[20250221 06:24:27 INFO    ] Running testing in epoch 195
[20250221 06:24:34 INFO    ] Epoch:195 ===== loss:0.01504 ===== SRCC:0.8907 ===== PLCC:0.8974
[20250221 06:24:34 INFO    ] Eval done...
[20250221 06:24:34 INFO    ] Epoch 195 done. Time: 1.0min
[20250221 06:24:34 INFO    ] Running training epoch 196
[20250221 06:25:27 INFO    ] train epoch:196 / loss:0.0002342 / SRCC:0.9972 / PLCC:0.9977
[20250221 06:25:27 INFO    ] Starting eval...
[20250221 06:25:27 INFO    ] Running testing in epoch 196
[20250221 06:25:35 INFO    ] Epoch:196 ===== loss:0.01327 ===== SRCC:0.9049 ===== PLCC:0.9062
[20250221 06:25:35 INFO    ] Eval done...
[20250221 06:25:35 INFO    ] Epoch 196 done. Time: 1.0min
[20250221 06:25:35 INFO    ] Running training epoch 197
[20250221 06:26:28 INFO    ] train epoch:197 / loss:0.0002653 / SRCC:0.9969 / PLCC:0.9974
[20250221 06:26:28 INFO    ] Starting eval...
[20250221 06:26:28 INFO    ] Running testing in epoch 197
[20250221 06:26:35 INFO    ] Epoch:197 ===== loss:0.01248 ===== SRCC:0.9031 ===== PLCC:0.9074
[20250221 06:26:35 INFO    ] Eval done...
[20250221 06:26:35 INFO    ] Epoch 197 done. Time: 1.0min
[20250221 06:26:35 INFO    ] Running training epoch 198
[20250221 06:27:28 INFO    ] train epoch:198 / loss:0.0004252 / SRCC:0.9947 / PLCC:0.9959
[20250221 06:27:28 INFO    ] Starting eval...
[20250221 06:27:28 INFO    ] Running testing in epoch 198
[20250221 06:27:36 INFO    ] Epoch:198 ===== loss:0.01279 ===== SRCC:0.8982 ===== PLCC:0.9031
[20250221 06:27:36 INFO    ] Eval done...
[20250221 06:27:36 INFO    ] Epoch 198 done. Time: 1.0min
[20250221 06:27:36 INFO    ] Running training epoch 199
[20250221 06:28:29 INFO    ] train epoch:199 / loss:0.0003259 / SRCC:0.9961 / PLCC:0.9968
[20250221 06:28:29 INFO    ] Starting eval...
[20250221 06:28:29 INFO    ] Running testing in epoch 199
[20250221 06:28:36 INFO    ] Epoch:199 ===== loss:0.01227 ===== SRCC:0.9029 ===== PLCC:0.9053
[20250221 06:28:36 INFO    ] Eval done...
[20250221 06:28:36 INFO    ] Epoch 199 done. Time: 1.0min
[20250221 06:28:36 INFO    ] Running training epoch 200
[20250221 06:29:30 INFO    ] train epoch:200 / loss:0.0003402 / SRCC:0.9966 / PLCC:0.9967
[20250221 06:29:30 INFO    ] Starting eval...
[20250221 06:29:30 INFO    ] Running testing in epoch 200
[20250221 06:29:37 INFO    ] Epoch:200 ===== loss:0.01305 ===== SRCC:0.8964 ===== PLCC:0.9021
[20250221 06:29:37 INFO    ] Eval done...
[20250221 06:29:37 INFO    ] Epoch 200 done. Time: 1.0min
