[20250225 02:15:22 INFO    ] {'dataset_name': 'livec', 'koniq10k_path': '../all_dataset/KonIQ-10K/1024x768', 'koniq10k_label': './data/koniq10k/koniq10k_label.txt', 'livec_path': '../all_dataset/LIVEC/Images/', 'livec_label': './data/livec/livec_label.txt', 'spaq_path': '../all_dataset/SPAQ/TestImage/', 'spaq_label': './data/spaq/spaq_label.txt', 'tid2013_path': '../all_dataset/tid2013/distorted_images/', 'tid2013_label': 'data/tid2013/tid2013_label.txt', 'kadid10k_path': '../all_dataset/KADID-10K/images/', 'kadid10k_label': './data/kadid10k/kadid10k_label.txt', 'csiq_path': '../all_dataset/CSIQ/dist_imgs/', 'csiq_label': './data/CSIQ/csiq_label.txt', 'batch_size': 12, 'learning_rate': 1e-05, 'weight_decay': 1e-05, 'n_epoch': 200, 'val_freq': 1, 'T_max': 50, 'eta_min': 0, 'num_avg_val': 1, 'num_workers': 8, 'split_seed': 20, 'train_keep_ratio': 1.0, 'val_keep_ratio': 1.0, 'crop_size': 224, 'prob_aug': 0.7, 'patch_size': 8, 'img_size': 224, 'embed_dim': 768, 'dim_mlp': 768, 'num_heads': [4, 4], 'window_size': 4, 'depths': [2, 2], 'num_outputs': 1, 'num_tab': 2, 'scale': 0.8, 'ckpt_path': './output_livec_wo_dy_block/models/livec', 'log_path': './output_livec_wo_dy_block/log/livec', 'log_file': 'livec.log', 'tensorboard_path': './output_livec_wo_dy_block/livec'}
[20250225 02:15:22 INFO    ] number of train scenes: 935
[20250225 02:15:22 INFO    ] number of val scenes: 234
[20250225 02:15:25 INFO    ] #Params : 172.537214 [M]
[20250225 02:15:29 INFO    ] Running training epoch 1
[20250225 02:16:38 INFO    ] train epoch:1 / loss:0.03785 / SRCC:0.6321 / PLCC:0.6098
[20250225 02:16:38 INFO    ] Starting eval...
[20250225 02:16:38 INFO    ] Running testing in epoch 1
[20250225 02:16:48 INFO    ] Epoch:1 ===== loss:0.01857 ===== SRCC:0.8644 ===== PLCC:0.8692
[20250225 02:16:48 INFO    ] Eval done...
[20250225 02:16:48 INFO    ] ======================================================================================
[20250225 02:16:48 INFO    ] ============================== best main score is 1.733639266785918 =================================
[20250225 02:16:48 INFO    ] ======================================================================================
[20250225 02:16:49 INFO    ] Saving weights and model of epoch1, SRCC:0.8644111384592331, PLCC:0.8692281283266847
[20250225 02:16:49 INFO    ] Epoch 1 done. Time: 1.3min
[20250225 02:16:49 INFO    ] Running training epoch 2
[20250225 02:17:56 INFO    ] train epoch:2 / loss:0.01156 / SRCC:0.8511 / PLCC:0.8812
[20250225 02:17:56 INFO    ] Starting eval...
[20250225 02:17:56 INFO    ] Running testing in epoch 2
[20250225 02:18:05 INFO    ] Epoch:2 ===== loss:0.01359 ===== SRCC:0.8947 ===== PLCC:0.896
[20250225 02:18:05 INFO    ] Eval done...
[20250225 02:18:05 INFO    ] ======================================================================================
[20250225 02:18:05 INFO    ] ============================== best main score is 1.7906660465773627 =================================
[20250225 02:18:05 INFO    ] ======================================================================================
[20250225 02:18:06 INFO    ] Saving weights and model of epoch2, SRCC:0.894686218267713, PLCC:0.8959798283096498
[20250225 02:18:06 INFO    ] Epoch 2 done. Time: 1.3min
[20250225 02:18:06 INFO    ] Running training epoch 3
[20250225 02:19:13 INFO    ] train epoch:3 / loss:0.008436 / SRCC:0.8932 / PLCC:0.9144
[20250225 02:19:13 INFO    ] Starting eval...
[20250225 02:19:13 INFO    ] Running testing in epoch 3
[20250225 02:19:22 INFO    ] Epoch:3 ===== loss:0.01272 ===== SRCC:0.8984 ===== PLCC:0.9074
[20250225 02:19:22 INFO    ] Eval done...
[20250225 02:19:22 INFO    ] ======================================================================================
[20250225 02:19:22 INFO    ] ============================== best main score is 1.805803333915991 =================================
[20250225 02:19:22 INFO    ] ======================================================================================
[20250225 02:19:23 INFO    ] Saving weights and model of epoch3, SRCC:0.8984313697696716, PLCC:0.9073719641463194
[20250225 02:19:23 INFO    ] Epoch 3 done. Time: 1.3min
[20250225 02:19:23 INFO    ] Running training epoch 4
[20250225 02:20:30 INFO    ] train epoch:4 / loss:0.006313 / SRCC:0.9199 / PLCC:0.9367
[20250225 02:20:30 INFO    ] Starting eval...
[20250225 02:20:30 INFO    ] Running testing in epoch 4
[20250225 02:20:39 INFO    ] Epoch:4 ===== loss:0.02055 ===== SRCC:0.8909 ===== PLCC:0.9006
[20250225 02:20:39 INFO    ] Eval done...
[20250225 02:20:39 INFO    ] Epoch 4 done. Time: 1.3min
[20250225 02:20:39 INFO    ] Running training epoch 5
[20250225 02:21:47 INFO    ] train epoch:5 / loss:0.004903 / SRCC:0.9385 / PLCC:0.9515
[20250225 02:21:47 INFO    ] Starting eval...
[20250225 02:21:47 INFO    ] Running testing in epoch 5
[20250225 02:21:56 INFO    ] Epoch:5 ===== loss:0.01174 ===== SRCC:0.9171 ===== PLCC:0.9185
[20250225 02:21:56 INFO    ] Eval done...
[20250225 02:21:56 INFO    ] ======================================================================================
[20250225 02:21:56 INFO    ] ============================== best main score is 1.8356247069738372 =================================
[20250225 02:21:56 INFO    ] ======================================================================================
[20250225 02:21:56 INFO    ] Saving weights and model of epoch5, SRCC:0.9171409276514488, PLCC:0.9184837793223883
[20250225 02:21:56 INFO    ] Epoch 5 done. Time: 1.3min
[20250225 02:21:56 INFO    ] Running training epoch 6
[20250225 02:23:04 INFO    ] train epoch:6 / loss:0.004118 / SRCC:0.9496 / PLCC:0.9592
[20250225 02:23:04 INFO    ] Starting eval...
[20250225 02:23:04 INFO    ] Running testing in epoch 6
[20250225 02:23:13 INFO    ] Epoch:6 ===== loss:0.01055 ===== SRCC:0.9143 ===== PLCC:0.9198
[20250225 02:23:13 INFO    ] Eval done...
[20250225 02:23:13 INFO    ] Epoch 6 done. Time: 1.3min
[20250225 02:23:13 INFO    ] Running training epoch 7
[20250225 02:24:20 INFO    ] train epoch:7 / loss:0.003284 / SRCC:0.9543 / PLCC:0.9675
[20250225 02:24:20 INFO    ] Starting eval...
[20250225 02:24:20 INFO    ] Running testing in epoch 7
[20250225 02:24:29 INFO    ] Epoch:7 ===== loss:0.01157 ===== SRCC:0.9031 ===== PLCC:0.91
[20250225 02:24:29 INFO    ] Eval done...
[20250225 02:24:29 INFO    ] Epoch 7 done. Time: 1.3min
[20250225 02:24:29 INFO    ] Running training epoch 8
[20250225 02:25:37 INFO    ] train epoch:8 / loss:0.00372 / SRCC:0.9513 / PLCC:0.9635
[20250225 02:25:37 INFO    ] Starting eval...
[20250225 02:25:37 INFO    ] Running testing in epoch 8
[20250225 02:25:46 INFO    ] Epoch:8 ===== loss:0.01925 ===== SRCC:0.8925 ===== PLCC:0.8996
[20250225 02:25:46 INFO    ] Eval done...
[20250225 02:25:46 INFO    ] Epoch 8 done. Time: 1.3min
[20250225 02:25:46 INFO    ] Running training epoch 9
[20250225 02:26:53 INFO    ] train epoch:9 / loss:0.003586 / SRCC:0.9591 / PLCC:0.9646
[20250225 02:26:53 INFO    ] Starting eval...
[20250225 02:26:53 INFO    ] Running testing in epoch 9
[20250225 02:27:03 INFO    ] Epoch:9 ===== loss:0.01408 ===== SRCC:0.9049 ===== PLCC:0.9103
[20250225 02:27:03 INFO    ] Eval done...
[20250225 02:27:03 INFO    ] Epoch 9 done. Time: 1.3min
[20250225 02:27:03 INFO    ] Running training epoch 10
[20250225 02:28:10 INFO    ] train epoch:10 / loss:0.003966 / SRCC:0.9535 / PLCC:0.9605
[20250225 02:28:10 INFO    ] Starting eval...
[20250225 02:28:10 INFO    ] Running testing in epoch 10
[20250225 02:28:19 INFO    ] Epoch:10 ===== loss:0.01111 ===== SRCC:0.9089 ===== PLCC:0.9143
[20250225 02:28:19 INFO    ] Eval done...
[20250225 02:28:19 INFO    ] Epoch 10 done. Time: 1.3min
[20250225 02:28:19 INFO    ] Running training epoch 11
[20250225 02:29:26 INFO    ] train epoch:11 / loss:0.00248 / SRCC:0.9658 / PLCC:0.9758
[20250225 02:29:26 INFO    ] Starting eval...
[20250225 02:29:26 INFO    ] Running testing in epoch 11
[20250225 02:29:35 INFO    ] Epoch:11 ===== loss:0.01083 ===== SRCC:0.9147 ===== PLCC:0.9199
[20250225 02:29:35 INFO    ] Eval done...
[20250225 02:29:35 INFO    ] Epoch 11 done. Time: 1.3min
[20250225 02:29:35 INFO    ] Running training epoch 12
[20250225 02:30:43 INFO    ] train epoch:12 / loss:0.001842 / SRCC:0.9761 / PLCC:0.9818
[20250225 02:30:43 INFO    ] Starting eval...
[20250225 02:30:43 INFO    ] Running testing in epoch 12
[20250225 02:30:52 INFO    ] Epoch:12 ===== loss:0.01314 ===== SRCC:0.9139 ===== PLCC:0.9125
[20250225 02:30:52 INFO    ] Eval done...
[20250225 02:30:52 INFO    ] Epoch 12 done. Time: 1.3min
[20250225 02:30:52 INFO    ] Running training epoch 13
[20250225 02:31:59 INFO    ] train epoch:13 / loss:0.001337 / SRCC:0.983 / PLCC:0.9869
[20250225 02:31:59 INFO    ] Starting eval...
[20250225 02:31:59 INFO    ] Running testing in epoch 13
[20250225 02:32:08 INFO    ] Epoch:13 ===== loss:0.01227 ===== SRCC:0.9164 ===== PLCC:0.917
[20250225 02:32:08 INFO    ] Eval done...
[20250225 02:32:08 INFO    ] Epoch 13 done. Time: 1.3min
[20250225 02:32:08 INFO    ] Running training epoch 14
[20250225 02:33:15 INFO    ] train epoch:14 / loss:0.001271 / SRCC:0.9833 / PLCC:0.9874
[20250225 02:33:15 INFO    ] Starting eval...
[20250225 02:33:15 INFO    ] Running testing in epoch 14
[20250225 02:33:24 INFO    ] Epoch:14 ===== loss:0.01051 ===== SRCC:0.9162 ===== PLCC:0.9213
[20250225 02:33:24 INFO    ] Eval done...
[20250225 02:33:24 INFO    ] ======================================================================================
[20250225 02:33:24 INFO    ] ============================== best main score is 1.8374964072165456 =================================
[20250225 02:33:24 INFO    ] ======================================================================================
[20250225 02:33:25 INFO    ] Saving weights and model of epoch14, SRCC:0.9162094490405265, PLCC:0.9212869581760192
[20250225 02:33:25 INFO    ] Epoch 14 done. Time: 1.3min
[20250225 02:33:25 INFO    ] Running training epoch 15
[20250225 02:34:32 INFO    ] train epoch:15 / loss:0.001157 / SRCC:0.9856 / PLCC:0.9887
[20250225 02:34:32 INFO    ] Starting eval...
[20250225 02:34:32 INFO    ] Running testing in epoch 15
[20250225 02:34:41 INFO    ] Epoch:15 ===== loss:0.01022 ===== SRCC:0.9184 ===== PLCC:0.9212
[20250225 02:34:41 INFO    ] Eval done...
[20250225 02:34:41 INFO    ] ======================================================================================
[20250225 02:34:41 INFO    ] ============================== best main score is 1.8395317836842224 =================================
[20250225 02:34:41 INFO    ] ======================================================================================
[20250225 02:34:42 INFO    ] Saving weights and model of epoch15, SRCC:0.9183741243341701, PLCC:0.9211576593500523
[20250225 02:34:42 INFO    ] Epoch 15 done. Time: 1.3min
[20250225 02:34:42 INFO    ] Running training epoch 16
[20250225 02:35:49 INFO    ] train epoch:16 / loss:0.001253 / SRCC:0.9842 / PLCC:0.9878
[20250225 02:35:49 INFO    ] Starting eval...
[20250225 02:35:49 INFO    ] Running testing in epoch 16
[20250225 02:35:58 INFO    ] Epoch:16 ===== loss:0.0106 ===== SRCC:0.9136 ===== PLCC:0.9196
[20250225 02:35:58 INFO    ] Eval done...
[20250225 02:35:58 INFO    ] Epoch 16 done. Time: 1.3min
[20250225 02:35:58 INFO    ] Running training epoch 17
[20250225 02:37:06 INFO    ] train epoch:17 / loss:0.001753 / SRCC:0.9796 / PLCC:0.9829
[20250225 02:37:06 INFO    ] Starting eval...
[20250225 02:37:06 INFO    ] Running testing in epoch 17
[20250225 02:37:14 INFO    ] Epoch:17 ===== loss:0.01347 ===== SRCC:0.9043 ===== PLCC:0.9067
[20250225 02:37:14 INFO    ] Eval done...
[20250225 02:37:14 INFO    ] Epoch 17 done. Time: 1.3min
[20250225 02:37:14 INFO    ] Running training epoch 18
[20250225 02:38:22 INFO    ] train epoch:18 / loss:0.001476 / SRCC:0.9829 / PLCC:0.9855
[20250225 02:38:22 INFO    ] Starting eval...
[20250225 02:38:22 INFO    ] Running testing in epoch 18
[20250225 02:38:31 INFO    ] Epoch:18 ===== loss:0.01139 ===== SRCC:0.9131 ===== PLCC:0.9193
[20250225 02:38:31 INFO    ] Eval done...
[20250225 02:38:31 INFO    ] Epoch 18 done. Time: 1.3min
[20250225 02:38:31 INFO    ] Running training epoch 19
[20250225 02:39:38 INFO    ] train epoch:19 / loss:0.001019 / SRCC:0.987 / PLCC:0.99
[20250225 02:39:38 INFO    ] Starting eval...
[20250225 02:39:38 INFO    ] Running testing in epoch 19
[20250225 02:39:47 INFO    ] Epoch:19 ===== loss:0.01048 ===== SRCC:0.9192 ===== PLCC:0.9228
[20250225 02:39:47 INFO    ] Eval done...
[20250225 02:39:47 INFO    ] ======================================================================================
[20250225 02:39:47 INFO    ] ============================== best main score is 1.8420023784895883 =================================
[20250225 02:39:47 INFO    ] ======================================================================================
[20250225 02:39:48 INFO    ] Saving weights and model of epoch19, SRCC:0.9192003053629882, PLCC:0.9228020731266
[20250225 02:39:48 INFO    ] Epoch 19 done. Time: 1.3min
[20250225 02:39:48 INFO    ] Running training epoch 20
[20250225 02:40:56 INFO    ] train epoch:20 / loss:0.000758 / SRCC:0.9913 / PLCC:0.9926
[20250225 02:40:56 INFO    ] Starting eval...
[20250225 02:40:56 INFO    ] Running testing in epoch 20
[20250225 02:41:05 INFO    ] Epoch:20 ===== loss:0.01008 ===== SRCC:0.9174 ===== PLCC:0.9239
[20250225 02:41:05 INFO    ] Eval done...
[20250225 02:41:05 INFO    ] Epoch 20 done. Time: 1.3min
[20250225 02:41:05 INFO    ] Running training epoch 21
[20250225 02:42:13 INFO    ] train epoch:21 / loss:0.0005867 / SRCC:0.9927 / PLCC:0.9943
[20250225 02:42:13 INFO    ] Starting eval...
[20250225 02:42:13 INFO    ] Running testing in epoch 21
[20250225 02:42:22 INFO    ] Epoch:21 ===== loss:0.01 ===== SRCC:0.9186 ===== PLCC:0.9239
[20250225 02:42:22 INFO    ] Eval done...
[20250225 02:42:22 INFO    ] ======================================================================================
[20250225 02:42:22 INFO    ] ============================== best main score is 1.842516605415912 =================================
[20250225 02:42:22 INFO    ] ======================================================================================
[20250225 02:42:23 INFO    ] Saving weights and model of epoch21, SRCC:0.9186110438939047, PLCC:0.9239055615220073
[20250225 02:42:23 INFO    ] Epoch 21 done. Time: 1.3min
[20250225 02:42:23 INFO    ] Running training epoch 22
[20250225 02:43:31 INFO    ] train epoch:22 / loss:0.0004982 / SRCC:0.994 / PLCC:0.9952
[20250225 02:43:31 INFO    ] Starting eval...
[20250225 02:43:31 INFO    ] Running testing in epoch 22
[20250225 02:43:40 INFO    ] Epoch:22 ===== loss:0.01035 ===== SRCC:0.9176 ===== PLCC:0.925
[20250225 02:43:40 INFO    ] Eval done...
[20250225 02:43:40 INFO    ] ======================================================================================
[20250225 02:43:40 INFO    ] ============================== best main score is 1.8425988729572405 =================================
[20250225 02:43:40 INFO    ] ======================================================================================
[20250225 02:43:41 INFO    ] Saving weights and model of epoch22, SRCC:0.917559080549613, PLCC:0.9250397924076275
[20250225 02:43:41 INFO    ] Epoch 22 done. Time: 1.3min
[20250225 02:43:41 INFO    ] Running training epoch 23
[20250225 02:44:48 INFO    ] train epoch:23 / loss:0.000461 / SRCC:0.994 / PLCC:0.9955
[20250225 02:44:48 INFO    ] Starting eval...
[20250225 02:44:48 INFO    ] Running testing in epoch 23
[20250225 02:44:57 INFO    ] Epoch:23 ===== loss:0.01022 ===== SRCC:0.9176 ===== PLCC:0.9239
[20250225 02:44:57 INFO    ] Eval done...
[20250225 02:44:57 INFO    ] Epoch 23 done. Time: 1.3min
[20250225 02:44:57 INFO    ] Running training epoch 24
[20250225 02:46:05 INFO    ] train epoch:24 / loss:0.0004375 / SRCC:0.9945 / PLCC:0.9958
[20250225 02:46:05 INFO    ] Starting eval...
[20250225 02:46:05 INFO    ] Running testing in epoch 24
[20250225 02:46:14 INFO    ] Epoch:24 ===== loss:0.01027 ===== SRCC:0.9179 ===== PLCC:0.923
[20250225 02:46:14 INFO    ] Eval done...
[20250225 02:46:14 INFO    ] Epoch 24 done. Time: 1.3min
[20250225 02:46:14 INFO    ] Running training epoch 25
[20250225 02:47:21 INFO    ] train epoch:25 / loss:0.0005217 / SRCC:0.9935 / PLCC:0.9949
[20250225 02:47:21 INFO    ] Starting eval...
[20250225 02:47:21 INFO    ] Running testing in epoch 25
[20250225 02:47:30 INFO    ] Epoch:25 ===== loss:0.01036 ===== SRCC:0.9179 ===== PLCC:0.9232
[20250225 02:47:30 INFO    ] Eval done...
[20250225 02:47:30 INFO    ] Epoch 25 done. Time: 1.3min
[20250225 02:47:30 INFO    ] Running training epoch 26
[20250225 02:48:37 INFO    ] train epoch:26 / loss:0.0005365 / SRCC:0.9936 / PLCC:0.9947
[20250225 02:48:37 INFO    ] Starting eval...
[20250225 02:48:37 INFO    ] Running testing in epoch 26
[20250225 02:48:46 INFO    ] Epoch:26 ===== loss:0.01204 ===== SRCC:0.9152 ===== PLCC:0.9167
[20250225 02:48:46 INFO    ] Eval done...
[20250225 02:48:46 INFO    ] Epoch 26 done. Time: 1.3min
[20250225 02:48:46 INFO    ] Running training epoch 27
[20250225 02:49:54 INFO    ] train epoch:27 / loss:0.0007115 / SRCC:0.9911 / PLCC:0.993
[20250225 02:49:54 INFO    ] Starting eval...
[20250225 02:49:54 INFO    ] Running testing in epoch 27
[20250225 02:50:02 INFO    ] Epoch:27 ===== loss:0.01083 ===== SRCC:0.915 ===== PLCC:0.9229
[20250225 02:50:02 INFO    ] Eval done...
[20250225 02:50:02 INFO    ] Epoch 27 done. Time: 1.3min
[20250225 02:50:02 INFO    ] Running training epoch 28
[20250225 02:51:10 INFO    ] train epoch:28 / loss:0.0005341 / SRCC:0.9934 / PLCC:0.9948
[20250225 02:51:10 INFO    ] Starting eval...
[20250225 02:51:10 INFO    ] Running testing in epoch 28
[20250225 02:51:19 INFO    ] Epoch:28 ===== loss:0.01053 ===== SRCC:0.9159 ===== PLCC:0.9221
[20250225 02:51:19 INFO    ] Eval done...
[20250225 02:51:19 INFO    ] Epoch 28 done. Time: 1.3min
[20250225 02:51:19 INFO    ] Running training epoch 29
[20250225 02:52:26 INFO    ] train epoch:29 / loss:0.0005573 / SRCC:0.9931 / PLCC:0.9946
[20250225 02:52:26 INFO    ] Starting eval...
[20250225 02:52:26 INFO    ] Running testing in epoch 29
[20250225 02:52:35 INFO    ] Epoch:29 ===== loss:0.01084 ===== SRCC:0.9155 ===== PLCC:0.9219
[20250225 02:52:35 INFO    ] Eval done...
[20250225 02:52:35 INFO    ] Epoch 29 done. Time: 1.3min
[20250225 02:52:35 INFO    ] Running training epoch 30
[20250225 02:53:43 INFO    ] train epoch:30 / loss:0.0005668 / SRCC:0.9936 / PLCC:0.9945
[20250225 02:53:43 INFO    ] Starting eval...
[20250225 02:53:43 INFO    ] Running testing in epoch 30
[20250225 02:53:52 INFO    ] Epoch:30 ===== loss:0.009743 ===== SRCC:0.9149 ===== PLCC:0.9236
[20250225 02:53:52 INFO    ] Eval done...
[20250225 02:53:52 INFO    ] Epoch 30 done. Time: 1.3min
[20250225 02:53:52 INFO    ] Running training epoch 31
[20250225 02:54:59 INFO    ] train epoch:31 / loss:0.000606 / SRCC:0.9936 / PLCC:0.9941
[20250225 02:54:59 INFO    ] Starting eval...
[20250225 02:54:59 INFO    ] Running testing in epoch 31
[20250225 02:55:08 INFO    ] Epoch:31 ===== loss:0.01031 ===== SRCC:0.9177 ===== PLCC:0.9235
[20250225 02:55:08 INFO    ] Eval done...
[20250225 02:55:08 INFO    ] Epoch 31 done. Time: 1.3min
[20250225 02:55:08 INFO    ] Running training epoch 32
[20250225 02:56:16 INFO    ] train epoch:32 / loss:0.0006845 / SRCC:0.9921 / PLCC:0.9934
[20250225 02:56:16 INFO    ] Starting eval...
[20250225 02:56:16 INFO    ] Running testing in epoch 32
[20250225 02:56:25 INFO    ] Epoch:32 ===== loss:0.01065 ===== SRCC:0.9154 ===== PLCC:0.9201
[20250225 02:56:25 INFO    ] Eval done...
[20250225 02:56:25 INFO    ] Epoch 32 done. Time: 1.3min
[20250225 02:56:25 INFO    ] Running training epoch 33
[20250225 02:57:33 INFO    ] train epoch:33 / loss:0.0005146 / SRCC:0.9934 / PLCC:0.995
[20250225 02:57:33 INFO    ] Starting eval...
[20250225 02:57:33 INFO    ] Running testing in epoch 33
[20250225 02:57:42 INFO    ] Epoch:33 ===== loss:0.01044 ===== SRCC:0.9212 ===== PLCC:0.923
[20250225 02:57:42 INFO    ] Eval done...
[20250225 02:57:42 INFO    ] ======================================================================================
[20250225 02:57:42 INFO    ] ============================== best main score is 1.844233146778399 =================================
[20250225 02:57:42 INFO    ] ======================================================================================
[20250225 02:57:42 INFO    ] Saving weights and model of epoch33, SRCC:0.9212455084000133, PLCC:0.9229876383783857
[20250225 02:57:42 INFO    ] Epoch 33 done. Time: 1.3min
[20250225 02:57:42 INFO    ] Running training epoch 34
[20250225 02:58:50 INFO    ] train epoch:34 / loss:0.000477 / SRCC:0.994 / PLCC:0.9953
[20250225 02:58:50 INFO    ] Starting eval...
[20250225 02:58:50 INFO    ] Running testing in epoch 34
[20250225 02:58:59 INFO    ] Epoch:34 ===== loss:0.01122 ===== SRCC:0.921 ===== PLCC:0.9234
[20250225 02:58:59 INFO    ] Eval done...
[20250225 02:58:59 INFO    ] ======================================================================================
[20250225 02:58:59 INFO    ] ============================== best main score is 1.84441736589152 =================================
[20250225 02:58:59 INFO    ] ======================================================================================
[20250225 02:59:00 INFO    ] Saving weights and model of epoch34, SRCC:0.92103997561956, PLCC:0.92337739027196
[20250225 02:59:00 INFO    ] Epoch 34 done. Time: 1.3min
[20250225 02:59:00 INFO    ] Running training epoch 35
[20250225 03:00:07 INFO    ] train epoch:35 / loss:0.0005261 / SRCC:0.994 / PLCC:0.9949
[20250225 03:00:07 INFO    ] Starting eval...
[20250225 03:00:07 INFO    ] Running testing in epoch 35
[20250225 03:00:16 INFO    ] Epoch:35 ===== loss:0.01024 ===== SRCC:0.9183 ===== PLCC:0.9255
[20250225 03:00:16 INFO    ] Eval done...
[20250225 03:00:16 INFO    ] Epoch 35 done. Time: 1.3min
[20250225 03:00:16 INFO    ] Running training epoch 36
[20250225 03:01:24 INFO    ] train epoch:36 / loss:0.0004585 / SRCC:0.9946 / PLCC:0.9956
[20250225 03:01:24 INFO    ] Starting eval...
[20250225 03:01:24 INFO    ] Running testing in epoch 36
[20250225 03:01:33 INFO    ] Epoch:36 ===== loss:0.01027 ===== SRCC:0.9183 ===== PLCC:0.9249
[20250225 03:01:33 INFO    ] Eval done...
[20250225 03:01:33 INFO    ] Epoch 36 done. Time: 1.3min
[20250225 03:01:33 INFO    ] Running training epoch 37
[20250225 03:02:41 INFO    ] train epoch:37 / loss:0.0005148 / SRCC:0.9937 / PLCC:0.995
[20250225 03:02:41 INFO    ] Starting eval...
[20250225 03:02:41 INFO    ] Running testing in epoch 37
[20250225 03:02:49 INFO    ] Epoch:37 ===== loss:0.01052 ===== SRCC:0.9214 ===== PLCC:0.9251
[20250225 03:02:49 INFO    ] Eval done...
[20250225 03:02:49 INFO    ] ======================================================================================
[20250225 03:02:49 INFO    ] ============================== best main score is 1.8465336628553788 =================================
[20250225 03:02:49 INFO    ] ======================================================================================
[20250225 03:02:50 INFO    ] Saving weights and model of epoch37, SRCC:0.9214156044941819, PLCC:0.9251180583611969
[20250225 03:02:50 INFO    ] Epoch 37 done. Time: 1.3min
[20250225 03:02:50 INFO    ] Running training epoch 38
[20250225 03:03:58 INFO    ] train epoch:38 / loss:0.0004104 / SRCC:0.9949 / PLCC:0.996
[20250225 03:03:58 INFO    ] Starting eval...
[20250225 03:03:58 INFO    ] Running testing in epoch 38
[20250225 03:04:07 INFO    ] Epoch:38 ===== loss:0.01046 ===== SRCC:0.9199 ===== PLCC:0.9226
[20250225 03:04:07 INFO    ] Eval done...
[20250225 03:04:07 INFO    ] Epoch 38 done. Time: 1.3min
[20250225 03:04:07 INFO    ] Running training epoch 39
[20250225 03:05:14 INFO    ] train epoch:39 / loss:0.0003813 / SRCC:0.9955 / PLCC:0.9963
[20250225 03:05:14 INFO    ] Starting eval...
[20250225 03:05:14 INFO    ] Running testing in epoch 39
[20250225 03:05:23 INFO    ] Epoch:39 ===== loss:0.01075 ===== SRCC:0.9182 ===== PLCC:0.9231
[20250225 03:05:23 INFO    ] Eval done...
[20250225 03:05:23 INFO    ] Epoch 39 done. Time: 1.3min
[20250225 03:05:23 INFO    ] Running training epoch 40
[20250225 03:06:30 INFO    ] train epoch:40 / loss:0.0005899 / SRCC:0.9935 / PLCC:0.9943
[20250225 03:06:30 INFO    ] Starting eval...
[20250225 03:06:30 INFO    ] Running testing in epoch 40
[20250225 03:06:39 INFO    ] Epoch:40 ===== loss:0.0106 ===== SRCC:0.9135 ===== PLCC:0.9211
[20250225 03:06:39 INFO    ] Eval done...
[20250225 03:06:39 INFO    ] Epoch 40 done. Time: 1.3min
[20250225 03:06:39 INFO    ] Running training epoch 41
[20250225 03:07:47 INFO    ] train epoch:41 / loss:0.0004407 / SRCC:0.9948 / PLCC:0.9957
[20250225 03:07:47 INFO    ] Starting eval...
[20250225 03:07:47 INFO    ] Running testing in epoch 41
[20250225 03:07:56 INFO    ] Epoch:41 ===== loss:0.01084 ===== SRCC:0.918 ===== PLCC:0.9215
[20250225 03:07:56 INFO    ] Eval done...
[20250225 03:07:56 INFO    ] Epoch 41 done. Time: 1.3min
[20250225 03:07:56 INFO    ] Running training epoch 42
[20250225 03:09:03 INFO    ] train epoch:42 / loss:0.0008026 / SRCC:0.9911 / PLCC:0.9921
[20250225 03:09:03 INFO    ] Starting eval...
[20250225 03:09:03 INFO    ] Running testing in epoch 42
[20250225 03:09:12 INFO    ] Epoch:42 ===== loss:0.01158 ===== SRCC:0.9131 ===== PLCC:0.9148
[20250225 03:09:12 INFO    ] Eval done...
[20250225 03:09:12 INFO    ] Epoch 42 done. Time: 1.3min
[20250225 03:09:12 INFO    ] Running training epoch 43
[20250225 03:10:20 INFO    ] train epoch:43 / loss:0.0009675 / SRCC:0.9891 / PLCC:0.9906
[20250225 03:10:20 INFO    ] Starting eval...
[20250225 03:10:20 INFO    ] Running testing in epoch 43
[20250225 03:10:29 INFO    ] Epoch:43 ===== loss:0.01111 ===== SRCC:0.908 ===== PLCC:0.9177
[20250225 03:10:29 INFO    ] Eval done...
[20250225 03:10:29 INFO    ] Epoch 43 done. Time: 1.3min
[20250225 03:10:29 INFO    ] Running training epoch 44
[20250225 03:11:36 INFO    ] train epoch:44 / loss:0.0009878 / SRCC:0.9876 / PLCC:0.9904
[20250225 03:11:36 INFO    ] Starting eval...
[20250225 03:11:36 INFO    ] Running testing in epoch 44
[20250225 03:11:45 INFO    ] Epoch:44 ===== loss:0.01144 ===== SRCC:0.9115 ===== PLCC:0.9182
[20250225 03:11:45 INFO    ] Eval done...
[20250225 03:11:45 INFO    ] Epoch 44 done. Time: 1.3min
[20250225 03:11:45 INFO    ] Running training epoch 45
[20250225 03:12:53 INFO    ] train epoch:45 / loss:0.000996 / SRCC:0.9877 / PLCC:0.9904
[20250225 03:12:53 INFO    ] Starting eval...
[20250225 03:12:53 INFO    ] Running testing in epoch 45
[20250225 03:13:01 INFO    ] Epoch:45 ===== loss:0.0109 ===== SRCC:0.9157 ===== PLCC:0.9203
[20250225 03:13:01 INFO    ] Eval done...
[20250225 03:13:01 INFO    ] Epoch 45 done. Time: 1.3min
[20250225 03:13:01 INFO    ] Running training epoch 46
[20250225 03:14:09 INFO    ] train epoch:46 / loss:0.0007003 / SRCC:0.9919 / PLCC:0.9932
[20250225 03:14:09 INFO    ] Starting eval...
[20250225 03:14:09 INFO    ] Running testing in epoch 46
[20250225 03:14:18 INFO    ] Epoch:46 ===== loss:0.01058 ===== SRCC:0.9148 ===== PLCC:0.9229
[20250225 03:14:18 INFO    ] Eval done...
[20250225 03:14:18 INFO    ] Epoch 46 done. Time: 1.3min
[20250225 03:14:18 INFO    ] Running training epoch 47
[20250225 03:15:25 INFO    ] train epoch:47 / loss:0.0005018 / SRCC:0.9941 / PLCC:0.9951
[20250225 03:15:25 INFO    ] Starting eval...
[20250225 03:15:25 INFO    ] Running testing in epoch 47
[20250225 03:15:34 INFO    ] Epoch:47 ===== loss:0.01064 ===== SRCC:0.9141 ===== PLCC:0.9208
[20250225 03:15:34 INFO    ] Eval done...
[20250225 03:15:34 INFO    ] Epoch 47 done. Time: 1.3min
[20250225 03:15:34 INFO    ] Running training epoch 48
[20250225 03:16:42 INFO    ] train epoch:48 / loss:0.0003678 / SRCC:0.9958 / PLCC:0.9964
[20250225 03:16:42 INFO    ] Starting eval...
[20250225 03:16:42 INFO    ] Running testing in epoch 48
[20250225 03:16:51 INFO    ] Epoch:48 ===== loss:0.01123 ===== SRCC:0.916 ===== PLCC:0.9201
[20250225 03:16:51 INFO    ] Eval done...
[20250225 03:16:51 INFO    ] Epoch 48 done. Time: 1.3min
[20250225 03:16:51 INFO    ] Running training epoch 49
[20250225 03:17:58 INFO    ] train epoch:49 / loss:0.0005449 / SRCC:0.9935 / PLCC:0.9947
[20250225 03:17:58 INFO    ] Starting eval...
[20250225 03:17:58 INFO    ] Running testing in epoch 49
[20250225 03:18:07 INFO    ] Epoch:49 ===== loss:0.01087 ===== SRCC:0.9157 ===== PLCC:0.9237
[20250225 03:18:07 INFO    ] Eval done...
[20250225 03:18:07 INFO    ] Epoch 49 done. Time: 1.3min
[20250225 03:18:07 INFO    ] Running training epoch 50
[20250225 03:19:15 INFO    ] train epoch:50 / loss:0.0004826 / SRCC:0.9945 / PLCC:0.9953
[20250225 03:19:15 INFO    ] Starting eval...
[20250225 03:19:15 INFO    ] Running testing in epoch 50
[20250225 03:19:24 INFO    ] Epoch:50 ===== loss:0.01076 ===== SRCC:0.9173 ===== PLCC:0.9209
[20250225 03:19:24 INFO    ] Eval done...
[20250225 03:19:24 INFO    ] Epoch 50 done. Time: 1.3min
[20250225 03:19:24 INFO    ] Running training epoch 51
[20250225 03:20:31 INFO    ] train epoch:51 / loss:0.000445 / SRCC:0.995 / PLCC:0.9957
[20250225 03:20:31 INFO    ] Starting eval...
[20250225 03:20:31 INFO    ] Running testing in epoch 51
[20250225 03:20:41 INFO    ] Epoch:51 ===== loss:0.01153 ===== SRCC:0.914 ===== PLCC:0.9203
[20250225 03:20:41 INFO    ] Eval done...
[20250225 03:20:41 INFO    ] Epoch 51 done. Time: 1.3min
[20250225 03:20:41 INFO    ] Running training epoch 52
[20250225 03:21:48 INFO    ] train epoch:52 / loss:0.0004239 / SRCC:0.9948 / PLCC:0.9959
[20250225 03:21:48 INFO    ] Starting eval...
[20250225 03:21:48 INFO    ] Running testing in epoch 52
[20250225 03:21:57 INFO    ] Epoch:52 ===== loss:0.01116 ===== SRCC:0.9127 ===== PLCC:0.9178
[20250225 03:21:57 INFO    ] Eval done...
[20250225 03:21:57 INFO    ] Epoch 52 done. Time: 1.3min
[20250225 03:21:57 INFO    ] Running training epoch 53
[20250225 03:23:04 INFO    ] train epoch:53 / loss:0.0004416 / SRCC:0.995 / PLCC:0.9957
[20250225 03:23:04 INFO    ] Starting eval...
[20250225 03:23:04 INFO    ] Running testing in epoch 53
[20250225 03:23:13 INFO    ] Epoch:53 ===== loss:0.01099 ===== SRCC:0.9158 ===== PLCC:0.9208
[20250225 03:23:13 INFO    ] Eval done...
[20250225 03:23:13 INFO    ] Epoch 53 done. Time: 1.3min
[20250225 03:23:13 INFO    ] Running training epoch 54
[20250225 03:24:21 INFO    ] train epoch:54 / loss:0.000324 / SRCC:0.9958 / PLCC:0.9969
[20250225 03:24:21 INFO    ] Starting eval...
[20250225 03:24:21 INFO    ] Running testing in epoch 54
[20250225 03:24:30 INFO    ] Epoch:54 ===== loss:0.01093 ===== SRCC:0.9144 ===== PLCC:0.9204
[20250225 03:24:30 INFO    ] Eval done...
[20250225 03:24:30 INFO    ] Epoch 54 done. Time: 1.3min
[20250225 03:24:30 INFO    ] Running training epoch 55
[20250225 03:25:37 INFO    ] train epoch:55 / loss:0.000549 / SRCC:0.9945 / PLCC:0.9947
[20250225 03:25:37 INFO    ] Starting eval...
[20250225 03:25:37 INFO    ] Running testing in epoch 55
[20250225 03:25:46 INFO    ] Epoch:55 ===== loss:0.01202 ===== SRCC:0.9136 ===== PLCC:0.9145
[20250225 03:25:46 INFO    ] Eval done...
[20250225 03:25:46 INFO    ] Epoch 55 done. Time: 1.3min
[20250225 03:25:46 INFO    ] Running training epoch 56
[20250225 03:26:54 INFO    ] train epoch:56 / loss:0.0005848 / SRCC:0.9939 / PLCC:0.9943
[20250225 03:26:54 INFO    ] Starting eval...
[20250225 03:26:54 INFO    ] Running testing in epoch 56
[20250225 03:27:03 INFO    ] Epoch:56 ===== loss:0.01146 ===== SRCC:0.9126 ===== PLCC:0.9201
[20250225 03:27:03 INFO    ] Eval done...
[20250225 03:27:03 INFO    ] Epoch 56 done. Time: 1.3min
[20250225 03:27:03 INFO    ] Running training epoch 57
[20250225 03:28:11 INFO    ] train epoch:57 / loss:0.0006049 / SRCC:0.9925 / PLCC:0.9941
[20250225 03:28:11 INFO    ] Starting eval...
[20250225 03:28:11 INFO    ] Running testing in epoch 57
[20250225 03:28:20 INFO    ] Epoch:57 ===== loss:0.01118 ===== SRCC:0.9149 ===== PLCC:0.9217
[20250225 03:28:20 INFO    ] Eval done...
[20250225 03:28:20 INFO    ] Epoch 57 done. Time: 1.3min
[20250225 03:28:20 INFO    ] Running training epoch 58
[20250225 03:29:27 INFO    ] train epoch:58 / loss:0.0004189 / SRCC:0.9956 / PLCC:0.9959
[20250225 03:29:27 INFO    ] Starting eval...
[20250225 03:29:27 INFO    ] Running testing in epoch 58
[20250225 03:29:36 INFO    ] Epoch:58 ===== loss:0.01081 ===== SRCC:0.9146 ===== PLCC:0.9207
[20250225 03:29:36 INFO    ] Eval done...
[20250225 03:29:36 INFO    ] Epoch 58 done. Time: 1.3min
[20250225 03:29:36 INFO    ] Running training epoch 59
[20250225 03:30:43 INFO    ] train epoch:59 / loss:0.000509 / SRCC:0.9941 / PLCC:0.9951
[20250225 03:30:43 INFO    ] Starting eval...
[20250225 03:30:43 INFO    ] Running testing in epoch 59
[20250225 03:30:52 INFO    ] Epoch:59 ===== loss:0.01158 ===== SRCC:0.9164 ===== PLCC:0.9199
[20250225 03:30:52 INFO    ] Eval done...
[20250225 03:30:52 INFO    ] Epoch 59 done. Time: 1.3min
[20250225 03:30:52 INFO    ] Running training epoch 60
[20250225 03:32:00 INFO    ] train epoch:60 / loss:0.0007926 / SRCC:0.9913 / PLCC:0.9922
[20250225 03:32:00 INFO    ] Starting eval...
[20250225 03:32:00 INFO    ] Running testing in epoch 60
[20250225 03:32:09 INFO    ] Epoch:60 ===== loss:0.01104 ===== SRCC:0.9167 ===== PLCC:0.9163
[20250225 03:32:09 INFO    ] Eval done...
[20250225 03:32:09 INFO    ] Epoch 60 done. Time: 1.3min
[20250225 03:32:09 INFO    ] Running training epoch 61
[20250225 03:33:16 INFO    ] train epoch:61 / loss:0.0009154 / SRCC:0.9895 / PLCC:0.991
[20250225 03:33:16 INFO    ] Starting eval...
[20250225 03:33:16 INFO    ] Running testing in epoch 61
[20250225 03:33:25 INFO    ] Epoch:61 ===== loss:0.01335 ===== SRCC:0.9069 ===== PLCC:0.911
[20250225 03:33:25 INFO    ] Eval done...
[20250225 03:33:25 INFO    ] Epoch 61 done. Time: 1.3min
[20250225 03:33:25 INFO    ] Running training epoch 62
[20250225 03:34:32 INFO    ] train epoch:62 / loss:0.0006842 / SRCC:0.9914 / PLCC:0.9933
[20250225 03:34:32 INFO    ] Starting eval...
[20250225 03:34:32 INFO    ] Running testing in epoch 62
[20250225 03:34:41 INFO    ] Epoch:62 ===== loss:0.01101 ===== SRCC:0.9152 ===== PLCC:0.9212
[20250225 03:34:41 INFO    ] Eval done...
[20250225 03:34:41 INFO    ] Epoch 62 done. Time: 1.3min
[20250225 03:34:41 INFO    ] Running training epoch 63
[20250225 03:35:49 INFO    ] train epoch:63 / loss:0.0006044 / SRCC:0.9925 / PLCC:0.9941
[20250225 03:35:49 INFO    ] Starting eval...
[20250225 03:35:49 INFO    ] Running testing in epoch 63
[20250225 03:35:58 INFO    ] Epoch:63 ===== loss:0.01103 ===== SRCC:0.9108 ===== PLCC:0.9186
[20250225 03:35:58 INFO    ] Eval done...
[20250225 03:35:58 INFO    ] Epoch 63 done. Time: 1.3min
[20250225 03:35:58 INFO    ] Running training epoch 64
[20250225 03:37:05 INFO    ] train epoch:64 / loss:0.0005446 / SRCC:0.9934 / PLCC:0.9947
[20250225 03:37:05 INFO    ] Starting eval...
[20250225 03:37:05 INFO    ] Running testing in epoch 64
[20250225 03:37:14 INFO    ] Epoch:64 ===== loss:0.01091 ===== SRCC:0.9104 ===== PLCC:0.9187
[20250225 03:37:14 INFO    ] Eval done...
[20250225 03:37:14 INFO    ] Epoch 64 done. Time: 1.3min
[20250225 03:37:14 INFO    ] Running training epoch 65
[20250225 03:38:22 INFO    ] train epoch:65 / loss:0.000411 / SRCC:0.9951 / PLCC:0.996
[20250225 03:38:22 INFO    ] Starting eval...
[20250225 03:38:22 INFO    ] Running testing in epoch 65
[20250225 03:38:30 INFO    ] Epoch:65 ===== loss:0.01146 ===== SRCC:0.9128 ===== PLCC:0.9173
[20250225 03:38:30 INFO    ] Eval done...
[20250225 03:38:30 INFO    ] Epoch 65 done. Time: 1.3min
[20250225 03:38:30 INFO    ] Running training epoch 66
[20250225 03:39:38 INFO    ] train epoch:66 / loss:0.0003367 / SRCC:0.9961 / PLCC:0.9967
[20250225 03:39:38 INFO    ] Starting eval...
[20250225 03:39:38 INFO    ] Running testing in epoch 66
[20250225 03:39:47 INFO    ] Epoch:66 ===== loss:0.01169 ===== SRCC:0.9153 ===== PLCC:0.9188
[20250225 03:39:47 INFO    ] Eval done...
[20250225 03:39:47 INFO    ] Epoch 66 done. Time: 1.3min
[20250225 03:39:47 INFO    ] Running training epoch 67
[20250225 03:40:54 INFO    ] train epoch:67 / loss:0.0002706 / SRCC:0.9969 / PLCC:0.9974
[20250225 03:40:54 INFO    ] Starting eval...
[20250225 03:40:54 INFO    ] Running testing in epoch 67
[20250225 03:41:03 INFO    ] Epoch:67 ===== loss:0.01118 ===== SRCC:0.914 ===== PLCC:0.9189
[20250225 03:41:03 INFO    ] Eval done...
[20250225 03:41:03 INFO    ] Epoch 67 done. Time: 1.3min
[20250225 03:41:03 INFO    ] Running training epoch 68
[20250225 03:42:11 INFO    ] train epoch:68 / loss:0.0003854 / SRCC:0.9957 / PLCC:0.9963
[20250225 03:42:11 INFO    ] Starting eval...
[20250225 03:42:11 INFO    ] Running testing in epoch 68
[20250225 03:42:20 INFO    ] Epoch:68 ===== loss:0.01102 ===== SRCC:0.9137 ===== PLCC:0.9194
[20250225 03:42:20 INFO    ] Eval done...
[20250225 03:42:20 INFO    ] Epoch 68 done. Time: 1.3min
[20250225 03:42:20 INFO    ] Running training epoch 69
[20250225 03:43:27 INFO    ] train epoch:69 / loss:0.0003649 / SRCC:0.9958 / PLCC:0.9965
[20250225 03:43:27 INFO    ] Starting eval...
[20250225 03:43:27 INFO    ] Running testing in epoch 69
[20250225 03:43:36 INFO    ] Epoch:69 ===== loss:0.01149 ===== SRCC:0.9127 ===== PLCC:0.9151
[20250225 03:43:36 INFO    ] Eval done...
[20250225 03:43:36 INFO    ] Epoch 69 done. Time: 1.3min
[20250225 03:43:36 INFO    ] Running training epoch 70
[20250225 03:44:44 INFO    ] train epoch:70 / loss:0.0004146 / SRCC:0.9947 / PLCC:0.996
[20250225 03:44:44 INFO    ] Starting eval...
[20250225 03:44:44 INFO    ] Running testing in epoch 70
[20250225 03:44:53 INFO    ] Epoch:70 ===== loss:0.01048 ===== SRCC:0.9141 ===== PLCC:0.9216
[20250225 03:44:53 INFO    ] Eval done...
[20250225 03:44:53 INFO    ] Epoch 70 done. Time: 1.3min
[20250225 03:44:53 INFO    ] Running training epoch 71
[20250225 03:46:00 INFO    ] train epoch:71 / loss:0.0004188 / SRCC:0.9945 / PLCC:0.9959
[20250225 03:46:00 INFO    ] Starting eval...
[20250225 03:46:00 INFO    ] Running testing in epoch 71
[20250225 03:46:09 INFO    ] Epoch:71 ===== loss:0.01131 ===== SRCC:0.9129 ===== PLCC:0.9169
[20250225 03:46:09 INFO    ] Eval done...
[20250225 03:46:09 INFO    ] Epoch 71 done. Time: 1.3min
[20250225 03:46:09 INFO    ] Running training epoch 72
[20250225 03:47:17 INFO    ] train epoch:72 / loss:0.000736 / SRCC:0.9903 / PLCC:0.9928
[20250225 03:47:17 INFO    ] Starting eval...
[20250225 03:47:17 INFO    ] Running testing in epoch 72
[20250225 03:47:26 INFO    ] Epoch:72 ===== loss:0.01077 ===== SRCC:0.9142 ===== PLCC:0.92
[20250225 03:47:26 INFO    ] Eval done...
[20250225 03:47:26 INFO    ] Epoch 72 done. Time: 1.3min
[20250225 03:47:26 INFO    ] Running training epoch 73
[20250225 03:48:33 INFO    ] train epoch:73 / loss:0.0006505 / SRCC:0.9922 / PLCC:0.9937
[20250225 03:48:33 INFO    ] Starting eval...
[20250225 03:48:33 INFO    ] Running testing in epoch 73
[20250225 03:48:42 INFO    ] Epoch:73 ===== loss:0.01058 ===== SRCC:0.9194 ===== PLCC:0.9247
[20250225 03:48:42 INFO    ] Eval done...
[20250225 03:48:42 INFO    ] Epoch 73 done. Time: 1.3min
[20250225 03:48:42 INFO    ] Running training epoch 74
[20250225 03:49:50 INFO    ] train epoch:74 / loss:0.0004952 / SRCC:0.9948 / PLCC:0.9952
[20250225 03:49:50 INFO    ] Starting eval...
[20250225 03:49:50 INFO    ] Running testing in epoch 74
[20250225 03:49:58 INFO    ] Epoch:74 ===== loss:0.01111 ===== SRCC:0.9151 ===== PLCC:0.9197
[20250225 03:49:58 INFO    ] Eval done...
[20250225 03:49:58 INFO    ] Epoch 74 done. Time: 1.3min
[20250225 03:49:58 INFO    ] Running training epoch 75
[20250225 03:51:06 INFO    ] train epoch:75 / loss:0.0004766 / SRCC:0.9948 / PLCC:0.9954
[20250225 03:51:06 INFO    ] Starting eval...
[20250225 03:51:06 INFO    ] Running testing in epoch 75
[20250225 03:51:15 INFO    ] Epoch:75 ===== loss:0.01071 ===== SRCC:0.9138 ===== PLCC:0.9202
[20250225 03:51:15 INFO    ] Eval done...
[20250225 03:51:15 INFO    ] Epoch 75 done. Time: 1.3min
[20250225 03:51:15 INFO    ] Running training epoch 76
[20250225 03:52:22 INFO    ] train epoch:76 / loss:0.000359 / SRCC:0.9957 / PLCC:0.9965
[20250225 03:52:22 INFO    ] Starting eval...
[20250225 03:52:22 INFO    ] Running testing in epoch 76
[20250225 03:52:31 INFO    ] Epoch:76 ===== loss:0.01126 ===== SRCC:0.9142 ===== PLCC:0.9178
[20250225 03:52:31 INFO    ] Eval done...
[20250225 03:52:31 INFO    ] Epoch 76 done. Time: 1.3min
[20250225 03:52:31 INFO    ] Running training epoch 77
[20250225 03:53:39 INFO    ] train epoch:77 / loss:0.0003946 / SRCC:0.996 / PLCC:0.9962
[20250225 03:53:39 INFO    ] Starting eval...
[20250225 03:53:39 INFO    ] Running testing in epoch 77
[20250225 03:53:48 INFO    ] Epoch:77 ===== loss:0.01113 ===== SRCC:0.9088 ===== PLCC:0.916
[20250225 03:53:48 INFO    ] Eval done...
[20250225 03:53:48 INFO    ] Epoch 77 done. Time: 1.3min
[20250225 03:53:48 INFO    ] Running training epoch 78
[20250225 03:54:55 INFO    ] train epoch:78 / loss:0.0003445 / SRCC:0.9963 / PLCC:0.9966
[20250225 03:54:55 INFO    ] Starting eval...
[20250225 03:54:55 INFO    ] Running testing in epoch 78
[20250225 03:55:04 INFO    ] Epoch:78 ===== loss:0.01142 ===== SRCC:0.9149 ===== PLCC:0.9155
[20250225 03:55:04 INFO    ] Eval done...
[20250225 03:55:04 INFO    ] Epoch 78 done. Time: 1.3min
[20250225 03:55:04 INFO    ] Running training epoch 79
[20250225 03:56:11 INFO    ] train epoch:79 / loss:0.0003337 / SRCC:0.9963 / PLCC:0.9967
[20250225 03:56:11 INFO    ] Starting eval...
[20250225 03:56:11 INFO    ] Running testing in epoch 79
[20250225 03:56:20 INFO    ] Epoch:79 ===== loss:0.01132 ===== SRCC:0.9104 ===== PLCC:0.9183
[20250225 03:56:20 INFO    ] Eval done...
[20250225 03:56:20 INFO    ] Epoch 79 done. Time: 1.3min
[20250225 03:56:20 INFO    ] Running training epoch 80
[20250225 03:57:28 INFO    ] train epoch:80 / loss:0.0003189 / SRCC:0.9963 / PLCC:0.9969
[20250225 03:57:28 INFO    ] Starting eval...
[20250225 03:57:28 INFO    ] Running testing in epoch 80
[20250225 03:57:37 INFO    ] Epoch:80 ===== loss:0.01132 ===== SRCC:0.9143 ===== PLCC:0.9187
[20250225 03:57:37 INFO    ] Eval done...
[20250225 03:57:37 INFO    ] Epoch 80 done. Time: 1.3min
[20250225 03:57:37 INFO    ] Running training epoch 81
[20250225 03:58:44 INFO    ] train epoch:81 / loss:0.000413 / SRCC:0.9951 / PLCC:0.9959
[20250225 03:58:44 INFO    ] Starting eval...
[20250225 03:58:44 INFO    ] Running testing in epoch 81
[20250225 03:58:53 INFO    ] Epoch:81 ===== loss:0.0111 ===== SRCC:0.915 ===== PLCC:0.9194
[20250225 03:58:53 INFO    ] Eval done...
[20250225 03:58:53 INFO    ] Epoch 81 done. Time: 1.3min
[20250225 03:58:53 INFO    ] Running training epoch 82
[20250225 04:00:01 INFO    ] train epoch:82 / loss:0.0004148 / SRCC:0.9954 / PLCC:0.996
[20250225 04:00:01 INFO    ] Starting eval...
[20250225 04:00:01 INFO    ] Running testing in epoch 82
[20250225 04:00:10 INFO    ] Epoch:82 ===== loss:0.01145 ===== SRCC:0.9078 ===== PLCC:0.9137
[20250225 04:00:10 INFO    ] Eval done...
[20250225 04:00:10 INFO    ] Epoch 82 done. Time: 1.3min
[20250225 04:00:10 INFO    ] Running training epoch 83
[20250225 04:01:17 INFO    ] train epoch:83 / loss:0.0005546 / SRCC:0.9929 / PLCC:0.9946
[20250225 04:01:17 INFO    ] Starting eval...
[20250225 04:01:17 INFO    ] Running testing in epoch 83
[20250225 04:01:26 INFO    ] Epoch:83 ===== loss:0.01118 ===== SRCC:0.9133 ===== PLCC:0.918
[20250225 04:01:26 INFO    ] Eval done...
[20250225 04:01:26 INFO    ] Epoch 83 done. Time: 1.3min
[20250225 04:01:26 INFO    ] Running training epoch 84
[20250225 04:02:34 INFO    ] train epoch:84 / loss:0.0005911 / SRCC:0.9922 / PLCC:0.9942
[20250225 04:02:34 INFO    ] Starting eval...
[20250225 04:02:34 INFO    ] Running testing in epoch 84
[20250225 04:02:43 INFO    ] Epoch:84 ===== loss:0.01176 ===== SRCC:0.9085 ===== PLCC:0.9118
[20250225 04:02:43 INFO    ] Eval done...
[20250225 04:02:43 INFO    ] Epoch 84 done. Time: 1.3min
[20250225 04:02:43 INFO    ] Running training epoch 85
[20250225 04:03:50 INFO    ] train epoch:85 / loss:0.0005496 / SRCC:0.9931 / PLCC:0.9946
[20250225 04:03:50 INFO    ] Starting eval...
[20250225 04:03:50 INFO    ] Running testing in epoch 85
[20250225 04:03:59 INFO    ] Epoch:85 ===== loss:0.01084 ===== SRCC:0.9148 ===== PLCC:0.9182
[20250225 04:03:59 INFO    ] Eval done...
[20250225 04:03:59 INFO    ] Epoch 85 done. Time: 1.3min
[20250225 04:03:59 INFO    ] Running training epoch 86
[20250225 04:05:06 INFO    ] train epoch:86 / loss:0.0005562 / SRCC:0.9935 / PLCC:0.9946
[20250225 04:05:06 INFO    ] Starting eval...
[20250225 04:05:06 INFO    ] Running testing in epoch 86
[20250225 04:05:15 INFO    ] Epoch:86 ===== loss:0.01092 ===== SRCC:0.9085 ===== PLCC:0.9154
[20250225 04:05:15 INFO    ] Eval done...
[20250225 04:05:15 INFO    ] Epoch 86 done. Time: 1.3min
[20250225 04:05:15 INFO    ] Running training epoch 87
[20250225 04:06:23 INFO    ] train epoch:87 / loss:0.0004976 / SRCC:0.9944 / PLCC:0.9952
[20250225 04:06:23 INFO    ] Starting eval...
[20250225 04:06:23 INFO    ] Running testing in epoch 87
[20250225 04:06:32 INFO    ] Epoch:87 ===== loss:0.01181 ===== SRCC:0.912 ===== PLCC:0.9199
[20250225 04:06:32 INFO    ] Eval done...
[20250225 04:06:32 INFO    ] Epoch 87 done. Time: 1.3min
[20250225 04:06:32 INFO    ] Running training epoch 88
[20250225 04:07:39 INFO    ] train epoch:88 / loss:0.0004515 / SRCC:0.9947 / PLCC:0.9956
[20250225 04:07:39 INFO    ] Starting eval...
[20250225 04:07:39 INFO    ] Running testing in epoch 88
[20250225 04:07:48 INFO    ] Epoch:88 ===== loss:0.01079 ===== SRCC:0.9108 ===== PLCC:0.9204
[20250225 04:07:48 INFO    ] Eval done...
[20250225 04:07:48 INFO    ] Epoch 88 done. Time: 1.3min
[20250225 04:07:48 INFO    ] Running training epoch 89
[20250225 04:08:55 INFO    ] train epoch:89 / loss:0.0002716 / SRCC:0.9968 / PLCC:0.9974
[20250225 04:08:55 INFO    ] Starting eval...
[20250225 04:08:55 INFO    ] Running testing in epoch 89
[20250225 04:09:04 INFO    ] Epoch:89 ===== loss:0.01162 ===== SRCC:0.9124 ===== PLCC:0.9163
[20250225 04:09:04 INFO    ] Eval done...
[20250225 04:09:04 INFO    ] Epoch 89 done. Time: 1.3min
[20250225 04:09:04 INFO    ] Running training epoch 90
[20250225 04:10:12 INFO    ] train epoch:90 / loss:0.0003262 / SRCC:0.9956 / PLCC:0.9968
[20250225 04:10:12 INFO    ] Starting eval...
[20250225 04:10:12 INFO    ] Running testing in epoch 90
[20250225 04:10:21 INFO    ] Epoch:90 ===== loss:0.01173 ===== SRCC:0.9083 ===== PLCC:0.9152
[20250225 04:10:21 INFO    ] Eval done...
[20250225 04:10:21 INFO    ] Epoch 90 done. Time: 1.3min
[20250225 04:10:21 INFO    ] Running training epoch 91
[20250225 04:11:28 INFO    ] train epoch:91 / loss:0.0003096 / SRCC:0.9962 / PLCC:0.997
[20250225 04:11:28 INFO    ] Starting eval...
[20250225 04:11:28 INFO    ] Running testing in epoch 91
[20250225 04:11:37 INFO    ] Epoch:91 ===== loss:0.01238 ===== SRCC:0.9146 ===== PLCC:0.9191
[20250225 04:11:37 INFO    ] Eval done...
[20250225 04:11:37 INFO    ] Epoch 91 done. Time: 1.3min
[20250225 04:11:37 INFO    ] Running training epoch 92
[20250225 04:12:45 INFO    ] train epoch:92 / loss:0.0002767 / SRCC:0.9967 / PLCC:0.9973
[20250225 04:12:45 INFO    ] Starting eval...
[20250225 04:12:45 INFO    ] Running testing in epoch 92
[20250225 04:12:54 INFO    ] Epoch:92 ===== loss:0.01175 ===== SRCC:0.9121 ===== PLCC:0.917
[20250225 04:12:54 INFO    ] Eval done...
[20250225 04:12:54 INFO    ] Epoch 92 done. Time: 1.3min
[20250225 04:12:54 INFO    ] Running training epoch 93
[20250225 04:14:02 INFO    ] train epoch:93 / loss:0.0002812 / SRCC:0.9965 / PLCC:0.9973
[20250225 04:14:02 INFO    ] Starting eval...
[20250225 04:14:02 INFO    ] Running testing in epoch 93
[20250225 04:14:11 INFO    ] Epoch:93 ===== loss:0.01133 ===== SRCC:0.9103 ===== PLCC:0.9173
[20250225 04:14:11 INFO    ] Eval done...
[20250225 04:14:11 INFO    ] Epoch 93 done. Time: 1.3min
[20250225 04:14:11 INFO    ] Running training epoch 94
[20250225 04:15:19 INFO    ] train epoch:94 / loss:0.0002967 / SRCC:0.9965 / PLCC:0.9971
[20250225 04:15:19 INFO    ] Starting eval...
[20250225 04:15:19 INFO    ] Running testing in epoch 94
[20250225 04:15:28 INFO    ] Epoch:94 ===== loss:0.01175 ===== SRCC:0.9136 ===== PLCC:0.9168
[20250225 04:15:28 INFO    ] Eval done...
[20250225 04:15:28 INFO    ] Epoch 94 done. Time: 1.3min
[20250225 04:15:28 INFO    ] Running training epoch 95
[20250225 04:16:35 INFO    ] train epoch:95 / loss:0.0002861 / SRCC:0.9967 / PLCC:0.9972
[20250225 04:16:35 INFO    ] Starting eval...
[20250225 04:16:35 INFO    ] Running testing in epoch 95
[20250225 04:16:44 INFO    ] Epoch:95 ===== loss:0.01155 ===== SRCC:0.9063 ===== PLCC:0.9164
[20250225 04:16:44 INFO    ] Eval done...
[20250225 04:16:44 INFO    ] Epoch 95 done. Time: 1.3min
[20250225 04:16:44 INFO    ] Running training epoch 96
[20250225 04:17:51 INFO    ] train epoch:96 / loss:0.0003368 / SRCC:0.9962 / PLCC:0.9967
[20250225 04:17:51 INFO    ] Starting eval...
[20250225 04:17:51 INFO    ] Running testing in epoch 96
[20250225 04:18:00 INFO    ] Epoch:96 ===== loss:0.01104 ===== SRCC:0.9122 ===== PLCC:0.917
[20250225 04:18:00 INFO    ] Eval done...
[20250225 04:18:00 INFO    ] Epoch 96 done. Time: 1.3min
[20250225 04:18:00 INFO    ] Running training epoch 97
[20250225 04:19:08 INFO    ] train epoch:97 / loss:0.0005113 / SRCC:0.9931 / PLCC:0.995
[20250225 04:19:08 INFO    ] Starting eval...
[20250225 04:19:08 INFO    ] Running testing in epoch 97
[20250225 04:19:16 INFO    ] Epoch:97 ===== loss:0.0118 ===== SRCC:0.909 ===== PLCC:0.9136
[20250225 04:19:16 INFO    ] Eval done...
[20250225 04:19:16 INFO    ] Epoch 97 done. Time: 1.3min
[20250225 04:19:16 INFO    ] Running training epoch 98
[20250225 04:20:24 INFO    ] train epoch:98 / loss:0.0003646 / SRCC:0.9956 / PLCC:0.9964
[20250225 04:20:24 INFO    ] Starting eval...
[20250225 04:20:24 INFO    ] Running testing in epoch 98
[20250225 04:20:33 INFO    ] Epoch:98 ===== loss:0.01093 ===== SRCC:0.9101 ===== PLCC:0.9188
[20250225 04:20:33 INFO    ] Eval done...
[20250225 04:20:33 INFO    ] Epoch 98 done. Time: 1.3min
[20250225 04:20:33 INFO    ] Running training epoch 99
[20250225 04:21:40 INFO    ] train epoch:99 / loss:0.0003932 / SRCC:0.9952 / PLCC:0.9962
[20250225 04:21:40 INFO    ] Starting eval...
[20250225 04:21:40 INFO    ] Running testing in epoch 99
[20250225 04:21:49 INFO    ] Epoch:99 ===== loss:0.01132 ===== SRCC:0.9103 ===== PLCC:0.9141
[20250225 04:21:49 INFO    ] Eval done...
[20250225 04:21:49 INFO    ] Epoch 99 done. Time: 1.3min
[20250225 04:21:49 INFO    ] Running training epoch 100
[20250225 04:22:56 INFO    ] train epoch:100 / loss:0.000472 / SRCC:0.9947 / PLCC:0.9954
[20250225 04:22:56 INFO    ] Starting eval...
[20250225 04:22:56 INFO    ] Running testing in epoch 100
[20250225 04:23:05 INFO    ] Epoch:100 ===== loss:0.01441 ===== SRCC:0.9054 ===== PLCC:0.9117
[20250225 04:23:05 INFO    ] Eval done...
[20250225 04:23:05 INFO    ] Epoch 100 done. Time: 1.3min
[20250225 04:23:05 INFO    ] Running training epoch 101
[20250225 04:24:13 INFO    ] train epoch:101 / loss:0.000602 / SRCC:0.9923 / PLCC:0.9941
[20250225 04:24:13 INFO    ] Starting eval...
[20250225 04:24:13 INFO    ] Running testing in epoch 101
[20250225 04:24:22 INFO    ] Epoch:101 ===== loss:0.01107 ===== SRCC:0.9136 ===== PLCC:0.9183
[20250225 04:24:22 INFO    ] Eval done...
[20250225 04:24:22 INFO    ] Epoch 101 done. Time: 1.3min
[20250225 04:24:22 INFO    ] Running training epoch 102
[20250225 04:25:29 INFO    ] train epoch:102 / loss:0.0005109 / SRCC:0.9941 / PLCC:0.995
[20250225 04:25:29 INFO    ] Starting eval...
[20250225 04:25:29 INFO    ] Running testing in epoch 102
[20250225 04:25:38 INFO    ] Epoch:102 ===== loss:0.01153 ===== SRCC:0.9144 ===== PLCC:0.917
[20250225 04:25:38 INFO    ] Eval done...
[20250225 04:25:38 INFO    ] Epoch 102 done. Time: 1.3min
[20250225 04:25:38 INFO    ] Running training epoch 103
[20250225 04:26:45 INFO    ] train epoch:103 / loss:0.000451 / SRCC:0.9939 / PLCC:0.9956
[20250225 04:26:45 INFO    ] Starting eval...
[20250225 04:26:45 INFO    ] Running testing in epoch 103
[20250225 04:26:54 INFO    ] Epoch:103 ===== loss:0.01135 ===== SRCC:0.909 ===== PLCC:0.9152
[20250225 04:26:54 INFO    ] Eval done...
[20250225 04:26:54 INFO    ] Epoch 103 done. Time: 1.3min
[20250225 04:26:54 INFO    ] Running training epoch 104
[20250225 04:28:02 INFO    ] train epoch:104 / loss:0.0004348 / SRCC:0.9948 / PLCC:0.9958
[20250225 04:28:02 INFO    ] Starting eval...
[20250225 04:28:02 INFO    ] Running testing in epoch 104
[20250225 04:28:10 INFO    ] Epoch:104 ===== loss:0.01125 ===== SRCC:0.9121 ===== PLCC:0.9175
[20250225 04:28:10 INFO    ] Eval done...
[20250225 04:28:10 INFO    ] Epoch 104 done. Time: 1.3min
[20250225 04:28:10 INFO    ] Running training epoch 105
[20250225 04:29:18 INFO    ] train epoch:105 / loss:0.0004287 / SRCC:0.9947 / PLCC:0.9958
[20250225 04:29:18 INFO    ] Starting eval...
[20250225 04:29:18 INFO    ] Running testing in epoch 105
[20250225 04:29:27 INFO    ] Epoch:105 ===== loss:0.01194 ===== SRCC:0.9132 ===== PLCC:0.9182
[20250225 04:29:27 INFO    ] Eval done...
[20250225 04:29:27 INFO    ] Epoch 105 done. Time: 1.3min
[20250225 04:29:27 INFO    ] Running training epoch 106
[20250225 04:30:34 INFO    ] train epoch:106 / loss:0.0003452 / SRCC:0.9961 / PLCC:0.9966
[20250225 04:30:34 INFO    ] Starting eval...
[20250225 04:30:34 INFO    ] Running testing in epoch 106
[20250225 04:30:43 INFO    ] Epoch:106 ===== loss:0.01128 ===== SRCC:0.9115 ===== PLCC:0.9198
[20250225 04:30:43 INFO    ] Eval done...
[20250225 04:30:43 INFO    ] Epoch 106 done. Time: 1.3min
[20250225 04:30:43 INFO    ] Running training epoch 107
[20250225 04:31:50 INFO    ] train epoch:107 / loss:0.0003135 / SRCC:0.9964 / PLCC:0.9969
[20250225 04:31:50 INFO    ] Starting eval...
[20250225 04:31:50 INFO    ] Running testing in epoch 107
[20250225 04:31:59 INFO    ] Epoch:107 ===== loss:0.0115 ===== SRCC:0.9117 ===== PLCC:0.9164
[20250225 04:31:59 INFO    ] Eval done...
[20250225 04:31:59 INFO    ] Epoch 107 done. Time: 1.3min
[20250225 04:31:59 INFO    ] Running training epoch 108
[20250225 04:33:07 INFO    ] train epoch:108 / loss:0.0003891 / SRCC:0.9952 / PLCC:0.9962
[20250225 04:33:07 INFO    ] Starting eval...
[20250225 04:33:07 INFO    ] Running testing in epoch 108
[20250225 04:33:16 INFO    ] Epoch:108 ===== loss:0.01154 ===== SRCC:0.9128 ===== PLCC:0.9182
[20250225 04:33:16 INFO    ] Eval done...
[20250225 04:33:16 INFO    ] Epoch 108 done. Time: 1.3min
[20250225 04:33:16 INFO    ] Running training epoch 109
[20250225 04:34:23 INFO    ] train epoch:109 / loss:0.0004678 / SRCC:0.9946 / PLCC:0.9955
[20250225 04:34:23 INFO    ] Starting eval...
[20250225 04:34:23 INFO    ] Running testing in epoch 109
[20250225 04:34:32 INFO    ] Epoch:109 ===== loss:0.01149 ===== SRCC:0.9118 ===== PLCC:0.9159
[20250225 04:34:32 INFO    ] Eval done...
[20250225 04:34:32 INFO    ] Epoch 109 done. Time: 1.3min
[20250225 04:34:32 INFO    ] Running training epoch 110
[20250225 04:35:39 INFO    ] train epoch:110 / loss:0.0008306 / SRCC:0.9893 / PLCC:0.9919
[20250225 04:35:39 INFO    ] Starting eval...
[20250225 04:35:39 INFO    ] Running testing in epoch 110
[20250225 04:35:48 INFO    ] Epoch:110 ===== loss:0.01202 ===== SRCC:0.9029 ===== PLCC:0.9118
[20250225 04:35:48 INFO    ] Eval done...
[20250225 04:35:48 INFO    ] Epoch 110 done. Time: 1.3min
[20250225 04:35:48 INFO    ] Running training epoch 111
[20250225 04:36:56 INFO    ] train epoch:111 / loss:0.0006957 / SRCC:0.9915 / PLCC:0.9932
[20250225 04:36:56 INFO    ] Starting eval...
[20250225 04:36:56 INFO    ] Running testing in epoch 111
[20250225 04:37:05 INFO    ] Epoch:111 ===== loss:0.01123 ===== SRCC:0.9086 ===== PLCC:0.9166
[20250225 04:37:05 INFO    ] Eval done...
[20250225 04:37:05 INFO    ] Epoch 111 done. Time: 1.3min
[20250225 04:37:05 INFO    ] Running training epoch 112
[20250225 04:38:12 INFO    ] train epoch:112 / loss:0.0004903 / SRCC:0.9941 / PLCC:0.9952
[20250225 04:38:12 INFO    ] Starting eval...
[20250225 04:38:12 INFO    ] Running testing in epoch 112
[20250225 04:38:21 INFO    ] Epoch:112 ===== loss:0.01228 ===== SRCC:0.9107 ===== PLCC:0.9109
[20250225 04:38:21 INFO    ] Eval done...
[20250225 04:38:21 INFO    ] Epoch 112 done. Time: 1.3min
[20250225 04:38:21 INFO    ] Running training epoch 113
[20250225 04:39:28 INFO    ] train epoch:113 / loss:0.0003535 / SRCC:0.9961 / PLCC:0.9966
[20250225 04:39:28 INFO    ] Starting eval...
[20250225 04:39:28 INFO    ] Running testing in epoch 113
[20250225 04:39:37 INFO    ] Epoch:113 ===== loss:0.01133 ===== SRCC:0.9111 ===== PLCC:0.9156
[20250225 04:39:37 INFO    ] Eval done...
[20250225 04:39:37 INFO    ] Epoch 113 done. Time: 1.3min
[20250225 04:39:37 INFO    ] Running training epoch 114
[20250225 04:40:45 INFO    ] train epoch:114 / loss:0.0003485 / SRCC:0.9963 / PLCC:0.9966
[20250225 04:40:45 INFO    ] Starting eval...
[20250225 04:40:45 INFO    ] Running testing in epoch 114
[20250225 04:40:54 INFO    ] Epoch:114 ===== loss:0.01162 ===== SRCC:0.9119 ===== PLCC:0.9145
[20250225 04:40:54 INFO    ] Eval done...
[20250225 04:40:54 INFO    ] Epoch 114 done. Time: 1.3min
[20250225 04:40:54 INFO    ] Running training epoch 115
[20250225 04:42:01 INFO    ] train epoch:115 / loss:0.000337 / SRCC:0.996 / PLCC:0.9967
[20250225 04:42:01 INFO    ] Starting eval...
[20250225 04:42:01 INFO    ] Running testing in epoch 115
[20250225 04:42:10 INFO    ] Epoch:115 ===== loss:0.01188 ===== SRCC:0.9095 ===== PLCC:0.9127
[20250225 04:42:10 INFO    ] Eval done...
[20250225 04:42:10 INFO    ] Epoch 115 done. Time: 1.3min
[20250225 04:42:10 INFO    ] Running training epoch 116
[20250225 04:43:17 INFO    ] train epoch:116 / loss:0.0003326 / SRCC:0.9959 / PLCC:0.9968
[20250225 04:43:17 INFO    ] Starting eval...
[20250225 04:43:17 INFO    ] Running testing in epoch 116
[20250225 04:43:26 INFO    ] Epoch:116 ===== loss:0.01127 ===== SRCC:0.9089 ===== PLCC:0.9149
[20250225 04:43:26 INFO    ] Eval done...
[20250225 04:43:26 INFO    ] Epoch 116 done. Time: 1.3min
[20250225 04:43:26 INFO    ] Running training epoch 117
[20250225 04:44:34 INFO    ] train epoch:117 / loss:0.0003185 / SRCC:0.9961 / PLCC:0.9969
[20250225 04:44:34 INFO    ] Starting eval...
[20250225 04:44:34 INFO    ] Running testing in epoch 117
[20250225 04:44:43 INFO    ] Epoch:117 ===== loss:0.01301 ===== SRCC:0.9032 ===== PLCC:0.91
[20250225 04:44:43 INFO    ] Eval done...
[20250225 04:44:43 INFO    ] Epoch 117 done. Time: 1.3min
[20250225 04:44:43 INFO    ] Running training epoch 118
[20250225 04:45:50 INFO    ] train epoch:118 / loss:0.0004462 / SRCC:0.9946 / PLCC:0.9957
[20250225 04:45:50 INFO    ] Starting eval...
[20250225 04:45:50 INFO    ] Running testing in epoch 118
[20250225 04:45:59 INFO    ] Epoch:118 ===== loss:0.01189 ===== SRCC:0.9088 ===== PLCC:0.9127
[20250225 04:45:59 INFO    ] Eval done...
[20250225 04:45:59 INFO    ] Epoch 118 done. Time: 1.3min
[20250225 04:45:59 INFO    ] Running training epoch 119
[20250225 04:47:06 INFO    ] train epoch:119 / loss:0.0003245 / SRCC:0.9962 / PLCC:0.9968
[20250225 04:47:06 INFO    ] Starting eval...
[20250225 04:47:06 INFO    ] Running testing in epoch 119
[20250225 04:47:15 INFO    ] Epoch:119 ===== loss:0.01171 ===== SRCC:0.909 ===== PLCC:0.9135
[20250225 04:47:15 INFO    ] Eval done...
[20250225 04:47:15 INFO    ] Epoch 119 done. Time: 1.3min
[20250225 04:47:15 INFO    ] Running training epoch 120
[20250225 04:48:22 INFO    ] train epoch:120 / loss:0.0002872 / SRCC:0.9966 / PLCC:0.9972
[20250225 04:48:22 INFO    ] Starting eval...
[20250225 04:48:22 INFO    ] Running testing in epoch 120
[20250225 04:48:31 INFO    ] Epoch:120 ===== loss:0.01186 ===== SRCC:0.9045 ===== PLCC:0.9132
[20250225 04:48:31 INFO    ] Eval done...
[20250225 04:48:31 INFO    ] Epoch 120 done. Time: 1.3min
[20250225 04:48:31 INFO    ] Running training epoch 121
[20250225 04:49:39 INFO    ] train epoch:121 / loss:0.0002311 / SRCC:0.9972 / PLCC:0.9977
[20250225 04:49:39 INFO    ] Starting eval...
[20250225 04:49:39 INFO    ] Running testing in epoch 121
[20250225 04:49:48 INFO    ] Epoch:121 ===== loss:0.01225 ===== SRCC:0.9075 ===== PLCC:0.9138
[20250225 04:49:48 INFO    ] Eval done...
[20250225 04:49:48 INFO    ] Epoch 121 done. Time: 1.3min
[20250225 04:49:48 INFO    ] Running training epoch 122
[20250225 04:50:55 INFO    ] train epoch:122 / loss:0.0002218 / SRCC:0.9973 / PLCC:0.9978
[20250225 04:50:55 INFO    ] Starting eval...
[20250225 04:50:55 INFO    ] Running testing in epoch 122
[20250225 04:51:04 INFO    ] Epoch:122 ===== loss:0.01139 ===== SRCC:0.9074 ===== PLCC:0.914
[20250225 04:51:04 INFO    ] Eval done...
[20250225 04:51:04 INFO    ] Epoch 122 done. Time: 1.3min
[20250225 04:51:04 INFO    ] Running training epoch 123
[20250225 04:52:11 INFO    ] train epoch:123 / loss:0.0002928 / SRCC:0.9962 / PLCC:0.9972
[20250225 04:52:11 INFO    ] Starting eval...
[20250225 04:52:11 INFO    ] Running testing in epoch 123
[20250225 04:52:20 INFO    ] Epoch:123 ===== loss:0.01182 ===== SRCC:0.9108 ===== PLCC:0.9159
[20250225 04:52:20 INFO    ] Eval done...
[20250225 04:52:20 INFO    ] Epoch 123 done. Time: 1.3min
[20250225 04:52:20 INFO    ] Running training epoch 124
[20250225 04:53:28 INFO    ] train epoch:124 / loss:0.0002759 / SRCC:0.9966 / PLCC:0.9973
[20250225 04:53:28 INFO    ] Starting eval...
[20250225 04:53:28 INFO    ] Running testing in epoch 124
[20250225 04:53:36 INFO    ] Epoch:124 ===== loss:0.01111 ===== SRCC:0.9142 ===== PLCC:0.9196
[20250225 04:53:36 INFO    ] Eval done...
[20250225 04:53:36 INFO    ] Epoch 124 done. Time: 1.3min
[20250225 04:53:36 INFO    ] Running training epoch 125
[20250225 04:54:44 INFO    ] train epoch:125 / loss:0.000414 / SRCC:0.9956 / PLCC:0.996
[20250225 04:54:44 INFO    ] Starting eval...
[20250225 04:54:44 INFO    ] Running testing in epoch 125
[20250225 04:54:53 INFO    ] Epoch:125 ===== loss:0.01338 ===== SRCC:0.9069 ===== PLCC:0.9129
[20250225 04:54:53 INFO    ] Eval done...
[20250225 04:54:53 INFO    ] Epoch 125 done. Time: 1.3min
[20250225 04:54:53 INFO    ] Running training epoch 126
[20250225 04:56:00 INFO    ] train epoch:126 / loss:0.0004414 / SRCC:0.9955 / PLCC:0.9957
[20250225 04:56:00 INFO    ] Starting eval...
[20250225 04:56:00 INFO    ] Running testing in epoch 126
[20250225 04:56:09 INFO    ] Epoch:126 ===== loss:0.01217 ===== SRCC:0.9058 ===== PLCC:0.911
[20250225 04:56:09 INFO    ] Eval done...
[20250225 04:56:09 INFO    ] Epoch 126 done. Time: 1.3min
[20250225 04:56:09 INFO    ] Running training epoch 127
[20250225 04:57:17 INFO    ] train epoch:127 / loss:0.0003891 / SRCC:0.9956 / PLCC:0.9962
[20250225 04:57:17 INFO    ] Starting eval...
[20250225 04:57:17 INFO    ] Running testing in epoch 127
[20250225 04:57:26 INFO    ] Epoch:127 ===== loss:0.01275 ===== SRCC:0.905 ===== PLCC:0.9096
[20250225 04:57:26 INFO    ] Eval done...
[20250225 04:57:26 INFO    ] Epoch 127 done. Time: 1.3min
[20250225 04:57:26 INFO    ] Running training epoch 128
[20250225 04:58:33 INFO    ] train epoch:128 / loss:0.0003883 / SRCC:0.9953 / PLCC:0.9962
[20250225 04:58:33 INFO    ] Starting eval...
[20250225 04:58:33 INFO    ] Running testing in epoch 128
[20250225 04:58:42 INFO    ] Epoch:128 ===== loss:0.01215 ===== SRCC:0.9073 ===== PLCC:0.9102
[20250225 04:58:42 INFO    ] Eval done...
[20250225 04:58:42 INFO    ] Epoch 128 done. Time: 1.3min
[20250225 04:58:42 INFO    ] Running training epoch 129
[20250225 04:59:49 INFO    ] train epoch:129 / loss:0.0003509 / SRCC:0.9955 / PLCC:0.9966
[20250225 04:59:49 INFO    ] Starting eval...
[20250225 04:59:49 INFO    ] Running testing in epoch 129
[20250225 04:59:58 INFO    ] Epoch:129 ===== loss:0.01187 ===== SRCC:0.9039 ===== PLCC:0.9132
[20250225 04:59:58 INFO    ] Eval done...
[20250225 04:59:58 INFO    ] Epoch 129 done. Time: 1.3min
[20250225 04:59:58 INFO    ] Running training epoch 130
[20250225 05:01:06 INFO    ] train epoch:130 / loss:0.0003099 / SRCC:0.9963 / PLCC:0.997
[20250225 05:01:06 INFO    ] Starting eval...
[20250225 05:01:06 INFO    ] Running testing in epoch 130
[20250225 05:01:15 INFO    ] Epoch:130 ===== loss:0.01139 ===== SRCC:0.9112 ===== PLCC:0.9135
[20250225 05:01:15 INFO    ] Eval done...
[20250225 05:01:15 INFO    ] Epoch 130 done. Time: 1.3min
[20250225 05:01:15 INFO    ] Running training epoch 131
[20250225 05:02:23 INFO    ] train epoch:131 / loss:0.0003317 / SRCC:0.9958 / PLCC:0.9968
[20250225 05:02:23 INFO    ] Starting eval...
[20250225 05:02:23 INFO    ] Running testing in epoch 131
[20250225 05:02:32 INFO    ] Epoch:131 ===== loss:0.0116 ===== SRCC:0.9091 ===== PLCC:0.9145
[20250225 05:02:32 INFO    ] Eval done...
[20250225 05:02:32 INFO    ] Epoch 131 done. Time: 1.3min
[20250225 05:02:32 INFO    ] Running training epoch 132
[20250225 05:03:39 INFO    ] train epoch:132 / loss:0.0002955 / SRCC:0.9963 / PLCC:0.9971
[20250225 05:03:39 INFO    ] Starting eval...
[20250225 05:03:39 INFO    ] Running testing in epoch 132
[20250225 05:03:48 INFO    ] Epoch:132 ===== loss:0.01204 ===== SRCC:0.9093 ===== PLCC:0.9127
[20250225 05:03:48 INFO    ] Eval done...
[20250225 05:03:48 INFO    ] Epoch 132 done. Time: 1.3min
[20250225 05:03:48 INFO    ] Running training epoch 133
[20250225 05:04:55 INFO    ] train epoch:133 / loss:0.0002775 / SRCC:0.9963 / PLCC:0.9973
[20250225 05:04:55 INFO    ] Starting eval...
[20250225 05:04:55 INFO    ] Running testing in epoch 133
[20250225 05:05:04 INFO    ] Epoch:133 ===== loss:0.01161 ===== SRCC:0.9103 ===== PLCC:0.9151
[20250225 05:05:04 INFO    ] Eval done...
[20250225 05:05:04 INFO    ] Epoch 133 done. Time: 1.3min
[20250225 05:05:04 INFO    ] Running training epoch 134
[20250225 05:06:12 INFO    ] train epoch:134 / loss:0.0003002 / SRCC:0.9964 / PLCC:0.9971
[20250225 05:06:12 INFO    ] Starting eval...
[20250225 05:06:12 INFO    ] Running testing in epoch 134
[20250225 05:06:20 INFO    ] Epoch:134 ===== loss:0.01233 ===== SRCC:0.9026 ===== PLCC:0.9055
[20250225 05:06:20 INFO    ] Eval done...
[20250225 05:06:20 INFO    ] Epoch 134 done. Time: 1.3min
[20250225 05:06:20 INFO    ] Running training epoch 135
[20250225 05:07:28 INFO    ] train epoch:135 / loss:0.0003841 / SRCC:0.9964 / PLCC:0.9963
[20250225 05:07:28 INFO    ] Starting eval...
[20250225 05:07:28 INFO    ] Running testing in epoch 135
[20250225 05:07:37 INFO    ] Epoch:135 ===== loss:0.01349 ===== SRCC:0.9047 ===== PLCC:0.9101
[20250225 05:07:37 INFO    ] Eval done...
[20250225 05:07:37 INFO    ] Epoch 135 done. Time: 1.3min
[20250225 05:07:37 INFO    ] Running training epoch 136
[20250225 05:08:44 INFO    ] train epoch:136 / loss:0.0003466 / SRCC:0.9962 / PLCC:0.9966
[20250225 05:08:44 INFO    ] Starting eval...
[20250225 05:08:44 INFO    ] Running testing in epoch 136
[20250225 05:08:53 INFO    ] Epoch:136 ===== loss:0.01223 ===== SRCC:0.9075 ===== PLCC:0.912
[20250225 05:08:53 INFO    ] Eval done...
[20250225 05:08:53 INFO    ] Epoch 136 done. Time: 1.3min
[20250225 05:08:53 INFO    ] Running training epoch 137
[20250225 05:10:00 INFO    ] train epoch:137 / loss:0.0003171 / SRCC:0.9961 / PLCC:0.9969
[20250225 05:10:00 INFO    ] Starting eval...
[20250225 05:10:00 INFO    ] Running testing in epoch 137
[20250225 05:10:10 INFO    ] Epoch:137 ===== loss:0.01207 ===== SRCC:0.9054 ===== PLCC:0.9117
[20250225 05:10:10 INFO    ] Eval done...
[20250225 05:10:10 INFO    ] Epoch 137 done. Time: 1.3min
[20250225 05:10:10 INFO    ] Running training epoch 138
[20250225 05:11:17 INFO    ] train epoch:138 / loss:0.0005129 / SRCC:0.9935 / PLCC:0.9951
[20250225 05:11:17 INFO    ] Starting eval...
[20250225 05:11:17 INFO    ] Running testing in epoch 138
[20250225 05:11:26 INFO    ] Epoch:138 ===== loss:0.01227 ===== SRCC:0.9048 ===== PLCC:0.9116
[20250225 05:11:26 INFO    ] Eval done...
[20250225 05:11:26 INFO    ] Epoch 138 done. Time: 1.3min
[20250225 05:11:26 INFO    ] Running training epoch 139
[20250225 05:12:33 INFO    ] train epoch:139 / loss:0.0005106 / SRCC:0.9937 / PLCC:0.995
[20250225 05:12:33 INFO    ] Starting eval...
[20250225 05:12:33 INFO    ] Running testing in epoch 139
[20250225 05:12:42 INFO    ] Epoch:139 ===== loss:0.01194 ===== SRCC:0.9079 ===== PLCC:0.9136
[20250225 05:12:42 INFO    ] Eval done...
[20250225 05:12:42 INFO    ] Epoch 139 done. Time: 1.3min
[20250225 05:12:42 INFO    ] Running training epoch 140
[20250225 05:13:49 INFO    ] train epoch:140 / loss:0.0005181 / SRCC:0.9938 / PLCC:0.995
[20250225 05:13:49 INFO    ] Starting eval...
[20250225 05:13:49 INFO    ] Running testing in epoch 140
[20250225 05:13:58 INFO    ] Epoch:140 ===== loss:0.01198 ===== SRCC:0.908 ===== PLCC:0.9112
[20250225 05:13:58 INFO    ] Eval done...
[20250225 05:13:58 INFO    ] Epoch 140 done. Time: 1.3min
[20250225 05:13:58 INFO    ] Running training epoch 141
[20250225 05:15:06 INFO    ] train epoch:141 / loss:0.0003454 / SRCC:0.9961 / PLCC:0.9967
[20250225 05:15:06 INFO    ] Starting eval...
[20250225 05:15:06 INFO    ] Running testing in epoch 141
[20250225 05:15:15 INFO    ] Epoch:141 ===== loss:0.0121 ===== SRCC:0.9036 ===== PLCC:0.9114
[20250225 05:15:15 INFO    ] Eval done...
[20250225 05:15:15 INFO    ] Epoch 141 done. Time: 1.3min
[20250225 05:15:15 INFO    ] Running training epoch 142
[20250225 05:16:22 INFO    ] train epoch:142 / loss:0.0003073 / SRCC:0.9967 / PLCC:0.997
[20250225 05:16:22 INFO    ] Starting eval...
[20250225 05:16:22 INFO    ] Running testing in epoch 142
[20250225 05:16:31 INFO    ] Epoch:142 ===== loss:0.01293 ===== SRCC:0.9026 ===== PLCC:0.9082
[20250225 05:16:31 INFO    ] Eval done...
[20250225 05:16:31 INFO    ] Epoch 142 done. Time: 1.3min
[20250225 05:16:31 INFO    ] Running training epoch 143
[20250225 05:17:39 INFO    ] train epoch:143 / loss:0.0003118 / SRCC:0.9967 / PLCC:0.997
[20250225 05:17:39 INFO    ] Starting eval...
[20250225 05:17:39 INFO    ] Running testing in epoch 143
[20250225 05:17:48 INFO    ] Epoch:143 ===== loss:0.01267 ===== SRCC:0.9038 ===== PLCC:0.9081
[20250225 05:17:48 INFO    ] Eval done...
[20250225 05:17:48 INFO    ] Epoch 143 done. Time: 1.3min
[20250225 05:17:48 INFO    ] Running training epoch 144
[20250225 05:18:55 INFO    ] train epoch:144 / loss:0.000285 / SRCC:0.9971 / PLCC:0.9972
[20250225 05:18:55 INFO    ] Starting eval...
[20250225 05:18:55 INFO    ] Running testing in epoch 144
[20250225 05:19:04 INFO    ] Epoch:144 ===== loss:0.01208 ===== SRCC:0.9063 ===== PLCC:0.9121
[20250225 05:19:04 INFO    ] Eval done...
[20250225 05:19:04 INFO    ] Epoch 144 done. Time: 1.3min
[20250225 05:19:04 INFO    ] Running training epoch 145
[20250225 05:20:12 INFO    ] train epoch:145 / loss:0.0002653 / SRCC:0.997 / PLCC:0.9974
[20250225 05:20:12 INFO    ] Starting eval...
[20250225 05:20:12 INFO    ] Running testing in epoch 145
[20250225 05:20:21 INFO    ] Epoch:145 ===== loss:0.01182 ===== SRCC:0.9037 ===== PLCC:0.9127
[20250225 05:20:21 INFO    ] Eval done...
[20250225 05:20:21 INFO    ] Epoch 145 done. Time: 1.3min
[20250225 05:20:21 INFO    ] Running training epoch 146
[20250225 05:21:29 INFO    ] train epoch:146 / loss:0.0002264 / SRCC:0.9973 / PLCC:0.9978
[20250225 05:21:29 INFO    ] Starting eval...
[20250225 05:21:29 INFO    ] Running testing in epoch 146
[20250225 05:21:37 INFO    ] Epoch:146 ===== loss:0.01144 ===== SRCC:0.9119 ===== PLCC:0.9169
[20250225 05:21:37 INFO    ] Eval done...
[20250225 05:21:37 INFO    ] Epoch 146 done. Time: 1.3min
[20250225 05:21:37 INFO    ] Running training epoch 147
[20250225 05:22:45 INFO    ] train epoch:147 / loss:0.0001916 / SRCC:0.9976 / PLCC:0.9981
[20250225 05:22:45 INFO    ] Starting eval...
[20250225 05:22:45 INFO    ] Running testing in epoch 147
[20250225 05:22:54 INFO    ] Epoch:147 ===== loss:0.01283 ===== SRCC:0.9081 ===== PLCC:0.9106
[20250225 05:22:54 INFO    ] Eval done...
[20250225 05:22:54 INFO    ] Epoch 147 done. Time: 1.3min
[20250225 05:22:54 INFO    ] Running training epoch 148
[20250225 05:24:01 INFO    ] train epoch:148 / loss:0.000196 / SRCC:0.9976 / PLCC:0.9981
[20250225 05:24:01 INFO    ] Starting eval...
[20250225 05:24:01 INFO    ] Running testing in epoch 148
[20250225 05:24:10 INFO    ] Epoch:148 ===== loss:0.01284 ===== SRCC:0.9081 ===== PLCC:0.9113
[20250225 05:24:10 INFO    ] Eval done...
[20250225 05:24:10 INFO    ] Epoch 148 done. Time: 1.3min
[20250225 05:24:10 INFO    ] Running training epoch 149
[20250225 05:25:18 INFO    ] train epoch:149 / loss:0.000196 / SRCC:0.9975 / PLCC:0.9981
[20250225 05:25:18 INFO    ] Starting eval...
[20250225 05:25:18 INFO    ] Running testing in epoch 149
[20250225 05:25:27 INFO    ] Epoch:149 ===== loss:0.01201 ===== SRCC:0.9042 ===== PLCC:0.9101
[20250225 05:25:27 INFO    ] Eval done...
[20250225 05:25:27 INFO    ] Epoch 149 done. Time: 1.3min
[20250225 05:25:27 INFO    ] Running training epoch 150
[20250225 05:26:34 INFO    ] train epoch:150 / loss:0.0002207 / SRCC:0.9973 / PLCC:0.9979
[20250225 05:26:34 INFO    ] Starting eval...
[20250225 05:26:34 INFO    ] Running testing in epoch 150
[20250225 05:26:43 INFO    ] Epoch:150 ===== loss:0.01189 ===== SRCC:0.9085 ===== PLCC:0.9145
[20250225 05:26:43 INFO    ] Eval done...
[20250225 05:26:43 INFO    ] Epoch 150 done. Time: 1.3min
[20250225 05:26:43 INFO    ] Running training epoch 151
[20250225 05:27:51 INFO    ] train epoch:151 / loss:0.0002175 / SRCC:0.9974 / PLCC:0.9979
[20250225 05:27:51 INFO    ] Starting eval...
[20250225 05:27:51 INFO    ] Running testing in epoch 151
[20250225 05:28:00 INFO    ] Epoch:151 ===== loss:0.01231 ===== SRCC:0.9047 ===== PLCC:0.9103
[20250225 05:28:00 INFO    ] Eval done...
[20250225 05:28:00 INFO    ] Epoch 151 done. Time: 1.3min
[20250225 05:28:00 INFO    ] Running training epoch 152
[20250225 05:29:07 INFO    ] train epoch:152 / loss:0.0002002 / SRCC:0.9977 / PLCC:0.9981
[20250225 05:29:07 INFO    ] Starting eval...
[20250225 05:29:07 INFO    ] Running testing in epoch 152
[20250225 05:29:17 INFO    ] Epoch:152 ===== loss:0.01312 ===== SRCC:0.8984 ===== PLCC:0.9033
[20250225 05:29:17 INFO    ] Eval done...
[20250225 05:29:17 INFO    ] Epoch 152 done. Time: 1.3min
[20250225 05:29:17 INFO    ] Running training epoch 153
[20250225 05:30:24 INFO    ] train epoch:153 / loss:0.000308 / SRCC:0.9963 / PLCC:0.997
[20250225 05:30:24 INFO    ] Starting eval...
[20250225 05:30:24 INFO    ] Running testing in epoch 153
[20250225 05:30:33 INFO    ] Epoch:153 ===== loss:0.01275 ===== SRCC:0.9077 ===== PLCC:0.9131
[20250225 05:30:33 INFO    ] Eval done...
[20250225 05:30:33 INFO    ] Epoch 153 done. Time: 1.3min
[20250225 05:30:33 INFO    ] Running training epoch 154
[20250225 05:31:41 INFO    ] train epoch:154 / loss:0.0002393 / SRCC:0.9968 / PLCC:0.9977
[20250225 05:31:41 INFO    ] Starting eval...
[20250225 05:31:41 INFO    ] Running testing in epoch 154
[20250225 05:31:50 INFO    ] Epoch:154 ===== loss:0.01151 ===== SRCC:0.9079 ===== PLCC:0.9158
[20250225 05:31:50 INFO    ] Eval done...
[20250225 05:31:50 INFO    ] Epoch 154 done. Time: 1.3min
[20250225 05:31:50 INFO    ] Running training epoch 155
[20250225 05:32:58 INFO    ] train epoch:155 / loss:0.0003529 / SRCC:0.9958 / PLCC:0.9966
[20250225 05:32:58 INFO    ] Starting eval...
[20250225 05:32:58 INFO    ] Running testing in epoch 155
[20250225 05:33:07 INFO    ] Epoch:155 ===== loss:0.01264 ===== SRCC:0.8975 ===== PLCC:0.9038
[20250225 05:33:07 INFO    ] Eval done...
[20250225 05:33:07 INFO    ] Epoch 155 done. Time: 1.3min
[20250225 05:33:07 INFO    ] Running training epoch 156
[20250225 05:34:15 INFO    ] train epoch:156 / loss:0.0003716 / SRCC:0.9956 / PLCC:0.9964
[20250225 05:34:15 INFO    ] Starting eval...
[20250225 05:34:15 INFO    ] Running testing in epoch 156
[20250225 05:34:24 INFO    ] Epoch:156 ===== loss:0.01205 ===== SRCC:0.9006 ===== PLCC:0.9087
[20250225 05:34:24 INFO    ] Eval done...
[20250225 05:34:24 INFO    ] Epoch 156 done. Time: 1.3min
[20250225 05:34:24 INFO    ] Running training epoch 157
[20250225 05:35:31 INFO    ] train epoch:157 / loss:0.0003624 / SRCC:0.9957 / PLCC:0.9965
[20250225 05:35:31 INFO    ] Starting eval...
[20250225 05:35:31 INFO    ] Running testing in epoch 157
[20250225 05:35:40 INFO    ] Epoch:157 ===== loss:0.01137 ===== SRCC:0.9027 ===== PLCC:0.9097
[20250225 05:35:40 INFO    ] Eval done...
[20250225 05:35:40 INFO    ] Epoch 157 done. Time: 1.3min
[20250225 05:35:40 INFO    ] Running training epoch 158
[20250225 05:36:48 INFO    ] train epoch:158 / loss:0.0005008 / SRCC:0.9951 / PLCC:0.9951
[20250225 05:36:48 INFO    ] Starting eval...
[20250225 05:36:48 INFO    ] Running testing in epoch 158
[20250225 05:36:57 INFO    ] Epoch:158 ===== loss:0.01255 ===== SRCC:0.8994 ===== PLCC:0.9076
[20250225 05:36:57 INFO    ] Eval done...
[20250225 05:36:57 INFO    ] Epoch 158 done. Time: 1.3min
[20250225 05:36:57 INFO    ] Running training epoch 159
[20250225 05:38:05 INFO    ] train epoch:159 / loss:0.0006304 / SRCC:0.993 / PLCC:0.9939
[20250225 05:38:05 INFO    ] Starting eval...
[20250225 05:38:05 INFO    ] Running testing in epoch 159
[20250225 05:38:14 INFO    ] Epoch:159 ===== loss:0.01181 ===== SRCC:0.905 ===== PLCC:0.9121
[20250225 05:38:14 INFO    ] Eval done...
[20250225 05:38:14 INFO    ] Epoch 159 done. Time: 1.3min
[20250225 05:38:14 INFO    ] Running training epoch 160
[20250225 05:39:22 INFO    ] train epoch:160 / loss:0.0005162 / SRCC:0.994 / PLCC:0.995
[20250225 05:39:22 INFO    ] Starting eval...
[20250225 05:39:22 INFO    ] Running testing in epoch 160
[20250225 05:39:31 INFO    ] Epoch:160 ===== loss:0.01312 ===== SRCC:0.8955 ===== PLCC:0.9029
[20250225 05:39:31 INFO    ] Eval done...
[20250225 05:39:31 INFO    ] Epoch 160 done. Time: 1.3min
[20250225 05:39:31 INFO    ] Running training epoch 161
[20250225 05:40:39 INFO    ] train epoch:161 / loss:0.0004811 / SRCC:0.9943 / PLCC:0.9953
[20250225 05:40:39 INFO    ] Starting eval...
[20250225 05:40:39 INFO    ] Running testing in epoch 161
[20250225 05:40:48 INFO    ] Epoch:161 ===== loss:0.01151 ===== SRCC:0.9023 ===== PLCC:0.9107
[20250225 05:40:48 INFO    ] Eval done...
[20250225 05:40:48 INFO    ] Epoch 161 done. Time: 1.3min
[20250225 05:40:48 INFO    ] Running training epoch 162
[20250225 05:41:55 INFO    ] train epoch:162 / loss:0.0004132 / SRCC:0.9949 / PLCC:0.996
[20250225 05:41:55 INFO    ] Starting eval...
[20250225 05:41:55 INFO    ] Running testing in epoch 162
[20250225 05:42:05 INFO    ] Epoch:162 ===== loss:0.01203 ===== SRCC:0.9019 ===== PLCC:0.9119
[20250225 05:42:05 INFO    ] Eval done...
[20250225 05:42:05 INFO    ] Epoch 162 done. Time: 1.3min
[20250225 05:42:05 INFO    ] Running training epoch 163
[20250225 05:43:12 INFO    ] train epoch:163 / loss:0.0003124 / SRCC:0.9963 / PLCC:0.9969
[20250225 05:43:12 INFO    ] Starting eval...
[20250225 05:43:12 INFO    ] Running testing in epoch 163
[20250225 05:43:22 INFO    ] Epoch:163 ===== loss:0.01236 ===== SRCC:0.9012 ===== PLCC:0.9099
[20250225 05:43:22 INFO    ] Eval done...
[20250225 05:43:22 INFO    ] Epoch 163 done. Time: 1.3min
[20250225 05:43:22 INFO    ] Running training epoch 164
[20250225 05:44:29 INFO    ] train epoch:164 / loss:0.000245 / SRCC:0.997 / PLCC:0.9976
[20250225 05:44:29 INFO    ] Starting eval...
[20250225 05:44:29 INFO    ] Running testing in epoch 164
[20250225 05:44:38 INFO    ] Epoch:164 ===== loss:0.01244 ===== SRCC:0.9008 ===== PLCC:0.9092
[20250225 05:44:38 INFO    ] Eval done...
[20250225 05:44:38 INFO    ] Epoch 164 done. Time: 1.3min
[20250225 05:44:38 INFO    ] Running training epoch 165
[20250225 05:45:46 INFO    ] train epoch:165 / loss:0.0001826 / SRCC:0.9977 / PLCC:0.9982
[20250225 05:45:46 INFO    ] Starting eval...
[20250225 05:45:46 INFO    ] Running testing in epoch 165
[20250225 05:45:55 INFO    ] Epoch:165 ===== loss:0.01227 ===== SRCC:0.9028 ===== PLCC:0.9116
[20250225 05:45:55 INFO    ] Eval done...
[20250225 05:45:55 INFO    ] Epoch 165 done. Time: 1.3min
[20250225 05:45:55 INFO    ] Running training epoch 166
[20250225 05:47:02 INFO    ] train epoch:166 / loss:0.0003126 / SRCC:0.9959 / PLCC:0.9969
[20250225 05:47:02 INFO    ] Starting eval...
[20250225 05:47:02 INFO    ] Running testing in epoch 166
[20250225 05:47:12 INFO    ] Epoch:166 ===== loss:0.01252 ===== SRCC:0.9025 ===== PLCC:0.9098
[20250225 05:47:12 INFO    ] Eval done...
[20250225 05:47:12 INFO    ] Epoch 166 done. Time: 1.3min
[20250225 05:47:12 INFO    ] Running training epoch 167
[20250225 05:48:19 INFO    ] train epoch:167 / loss:0.0001833 / SRCC:0.9977 / PLCC:0.9982
[20250225 05:48:19 INFO    ] Starting eval...
[20250225 05:48:19 INFO    ] Running testing in epoch 167
[20250225 05:48:28 INFO    ] Epoch:167 ===== loss:0.01226 ===== SRCC:0.9032 ===== PLCC:0.9098
[20250225 05:48:28 INFO    ] Eval done...
[20250225 05:48:28 INFO    ] Epoch 167 done. Time: 1.3min
[20250225 05:48:28 INFO    ] Running training epoch 168
[20250225 05:49:36 INFO    ] train epoch:168 / loss:0.0001679 / SRCC:0.9981 / PLCC:0.9984
[20250225 05:49:36 INFO    ] Starting eval...
[20250225 05:49:36 INFO    ] Running testing in epoch 168
[20250225 05:49:45 INFO    ] Epoch:168 ===== loss:0.01199 ===== SRCC:0.9075 ===== PLCC:0.9118
[20250225 05:49:45 INFO    ] Eval done...
[20250225 05:49:45 INFO    ] Epoch 168 done. Time: 1.3min
[20250225 05:49:45 INFO    ] Running training epoch 169
[20250225 05:50:52 INFO    ] train epoch:169 / loss:0.0002003 / SRCC:0.9977 / PLCC:0.998
[20250225 05:50:52 INFO    ] Starting eval...
[20250225 05:50:52 INFO    ] Running testing in epoch 169
[20250225 05:51:01 INFO    ] Epoch:169 ===== loss:0.01194 ===== SRCC:0.9078 ===== PLCC:0.9146
[20250225 05:51:01 INFO    ] Eval done...
[20250225 05:51:01 INFO    ] Epoch 169 done. Time: 1.3min
[20250225 05:51:01 INFO    ] Running training epoch 170
[20250225 05:52:09 INFO    ] train epoch:170 / loss:0.0002091 / SRCC:0.9976 / PLCC:0.998
[20250225 05:52:09 INFO    ] Starting eval...
[20250225 05:52:09 INFO    ] Running testing in epoch 170
[20250225 05:52:18 INFO    ] Epoch:170 ===== loss:0.0118 ===== SRCC:0.9061 ===== PLCC:0.9113
[20250225 05:52:18 INFO    ] Eval done...
[20250225 05:52:18 INFO    ] Epoch 170 done. Time: 1.3min
[20250225 05:52:18 INFO    ] Running training epoch 171
[20250225 05:53:25 INFO    ] train epoch:171 / loss:0.0001888 / SRCC:0.9975 / PLCC:0.9982
[20250225 05:53:25 INFO    ] Starting eval...
[20250225 05:53:25 INFO    ] Running testing in epoch 171
[20250225 05:53:35 INFO    ] Epoch:171 ===== loss:0.01192 ===== SRCC:0.9024 ===== PLCC:0.9125
[20250225 05:53:35 INFO    ] Eval done...
[20250225 05:53:35 INFO    ] Epoch 171 done. Time: 1.3min
[20250225 05:53:35 INFO    ] Running training epoch 172
[20250225 05:54:42 INFO    ] train epoch:172 / loss:0.0001678 / SRCC:0.9981 / PLCC:0.9983
[20250225 05:54:42 INFO    ] Starting eval...
[20250225 05:54:42 INFO    ] Running testing in epoch 172
[20250225 05:54:51 INFO    ] Epoch:172 ===== loss:0.01187 ===== SRCC:0.9016 ===== PLCC:0.9119
[20250225 05:54:51 INFO    ] Eval done...
[20250225 05:54:51 INFO    ] Epoch 172 done. Time: 1.3min
[20250225 05:54:51 INFO    ] Running training epoch 173
[20250225 05:55:58 INFO    ] train epoch:173 / loss:0.0001418 / SRCC:0.9983 / PLCC:0.9986
[20250225 05:55:58 INFO    ] Starting eval...
[20250225 05:55:58 INFO    ] Running testing in epoch 173
[20250225 05:56:08 INFO    ] Epoch:173 ===== loss:0.01195 ===== SRCC:0.9065 ===== PLCC:0.9132
[20250225 05:56:08 INFO    ] Eval done...
[20250225 05:56:08 INFO    ] Epoch 173 done. Time: 1.3min
[20250225 05:56:08 INFO    ] Running training epoch 174
[20250225 05:57:16 INFO    ] train epoch:174 / loss:0.0002026 / SRCC:0.9975 / PLCC:0.998
[20250225 05:57:16 INFO    ] Starting eval...
[20250225 05:57:16 INFO    ] Running testing in epoch 174
[20250225 05:57:25 INFO    ] Epoch:174 ===== loss:0.01264 ===== SRCC:0.9024 ===== PLCC:0.9095
[20250225 05:57:25 INFO    ] Eval done...
[20250225 05:57:25 INFO    ] Epoch 174 done. Time: 1.3min
[20250225 05:57:25 INFO    ] Running training epoch 175
[20250225 05:58:32 INFO    ] train epoch:175 / loss:0.0002105 / SRCC:0.9974 / PLCC:0.998
[20250225 05:58:32 INFO    ] Starting eval...
[20250225 05:58:32 INFO    ] Running testing in epoch 175
[20250225 05:58:41 INFO    ] Epoch:175 ===== loss:0.01204 ===== SRCC:0.9032 ===== PLCC:0.9119
[20250225 05:58:41 INFO    ] Eval done...
[20250225 05:58:41 INFO    ] Epoch 175 done. Time: 1.3min
[20250225 05:58:41 INFO    ] Running training epoch 176
[20250225 05:59:49 INFO    ] train epoch:176 / loss:0.0003106 / SRCC:0.9966 / PLCC:0.997
[20250225 05:59:49 INFO    ] Starting eval...
[20250225 05:59:49 INFO    ] Running testing in epoch 176
[20250225 05:59:58 INFO    ] Epoch:176 ===== loss:0.01243 ===== SRCC:0.8966 ===== PLCC:0.9055
[20250225 05:59:58 INFO    ] Eval done...
[20250225 05:59:58 INFO    ] Epoch 176 done. Time: 1.3min
[20250225 05:59:58 INFO    ] Running training epoch 177
[20250225 06:01:05 INFO    ] train epoch:177 / loss:0.0003823 / SRCC:0.9955 / PLCC:0.9963
[20250225 06:01:05 INFO    ] Starting eval...
[20250225 06:01:05 INFO    ] Running testing in epoch 177
[20250225 06:01:15 INFO    ] Epoch:177 ===== loss:0.01167 ===== SRCC:0.9017 ===== PLCC:0.9115
[20250225 06:01:15 INFO    ] Eval done...
[20250225 06:01:15 INFO    ] Epoch 177 done. Time: 1.3min
[20250225 06:01:15 INFO    ] Running training epoch 178
[20250225 06:02:22 INFO    ] train epoch:178 / loss:0.0004554 / SRCC:0.9946 / PLCC:0.9956
[20250225 06:02:22 INFO    ] Starting eval...
[20250225 06:02:22 INFO    ] Running testing in epoch 178
[20250225 06:02:31 INFO    ] Epoch:178 ===== loss:0.01345 ===== SRCC:0.8945 ===== PLCC:0.9015
[20250225 06:02:31 INFO    ] Eval done...
[20250225 06:02:31 INFO    ] Epoch 178 done. Time: 1.3min
[20250225 06:02:31 INFO    ] Running training epoch 179
[20250225 06:03:39 INFO    ] train epoch:179 / loss:0.0006102 / SRCC:0.9919 / PLCC:0.9941
[20250225 06:03:39 INFO    ] Starting eval...
[20250225 06:03:39 INFO    ] Running testing in epoch 179
[20250225 06:03:48 INFO    ] Epoch:179 ===== loss:0.01217 ===== SRCC:0.9027 ===== PLCC:0.9114
[20250225 06:03:48 INFO    ] Eval done...
[20250225 06:03:48 INFO    ] Epoch 179 done. Time: 1.3min
[20250225 06:03:48 INFO    ] Running training epoch 180
[20250225 06:04:55 INFO    ] train epoch:180 / loss:0.0002761 / SRCC:0.9965 / PLCC:0.9973
[20250225 06:04:55 INFO    ] Starting eval...
[20250225 06:04:55 INFO    ] Running testing in epoch 180
[20250225 06:05:05 INFO    ] Epoch:180 ===== loss:0.01201 ===== SRCC:0.9019 ===== PLCC:0.9113
[20250225 06:05:05 INFO    ] Eval done...
[20250225 06:05:05 INFO    ] Epoch 180 done. Time: 1.3min
[20250225 06:05:05 INFO    ] Running training epoch 181
[20250225 06:06:13 INFO    ] train epoch:181 / loss:0.0002632 / SRCC:0.997 / PLCC:0.9974
[20250225 06:06:13 INFO    ] Starting eval...
[20250225 06:06:13 INFO    ] Running testing in epoch 181
[20250225 06:06:22 INFO    ] Epoch:181 ===== loss:0.01281 ===== SRCC:0.897 ===== PLCC:0.9069
[20250225 06:06:22 INFO    ] Eval done...
[20250225 06:06:22 INFO    ] Epoch 181 done. Time: 1.3min
[20250225 06:06:22 INFO    ] Running training epoch 182
[20250225 06:07:29 INFO    ] train epoch:182 / loss:0.0002431 / SRCC:0.997 / PLCC:0.9976
[20250225 06:07:29 INFO    ] Starting eval...
[20250225 06:07:29 INFO    ] Running testing in epoch 182
[20250225 06:07:39 INFO    ] Epoch:182 ===== loss:0.01251 ===== SRCC:0.9012 ===== PLCC:0.9088
[20250225 06:07:39 INFO    ] Eval done...
[20250225 06:07:39 INFO    ] Epoch 182 done. Time: 1.3min
[20250225 06:07:39 INFO    ] Running training epoch 183
[20250225 06:08:46 INFO    ] train epoch:183 / loss:0.0002627 / SRCC:0.9967 / PLCC:0.9974
[20250225 06:08:46 INFO    ] Starting eval...
[20250225 06:08:46 INFO    ] Running testing in epoch 183
[20250225 06:08:55 INFO    ] Epoch:183 ===== loss:0.01245 ===== SRCC:0.8999 ===== PLCC:0.908
[20250225 06:08:55 INFO    ] Eval done...
[20250225 06:08:55 INFO    ] Epoch 183 done. Time: 1.3min
[20250225 06:08:55 INFO    ] Running training epoch 184
[20250225 06:10:02 INFO    ] train epoch:184 / loss:0.0002489 / SRCC:0.997 / PLCC:0.9976
[20250225 06:10:02 INFO    ] Starting eval...
[20250225 06:10:02 INFO    ] Running testing in epoch 184
[20250225 06:10:11 INFO    ] Epoch:184 ===== loss:0.01197 ===== SRCC:0.903 ===== PLCC:0.9093
[20250225 06:10:11 INFO    ] Eval done...
[20250225 06:10:11 INFO    ] Epoch 184 done. Time: 1.3min
[20250225 06:10:11 INFO    ] Running training epoch 185
[20250225 06:11:19 INFO    ] train epoch:185 / loss:0.0002143 / SRCC:0.9973 / PLCC:0.9979
[20250225 06:11:19 INFO    ] Starting eval...
[20250225 06:11:19 INFO    ] Running testing in epoch 185
[20250225 06:11:28 INFO    ] Epoch:185 ===== loss:0.01178 ===== SRCC:0.9054 ===== PLCC:0.9131
[20250225 06:11:28 INFO    ] Eval done...
[20250225 06:11:28 INFO    ] Epoch 185 done. Time: 1.3min
[20250225 06:11:28 INFO    ] Running training epoch 186
[20250225 06:12:35 INFO    ] train epoch:186 / loss:0.0002104 / SRCC:0.9976 / PLCC:0.998
[20250225 06:12:35 INFO    ] Starting eval...
[20250225 06:12:35 INFO    ] Running testing in epoch 186
[20250225 06:12:44 INFO    ] Epoch:186 ===== loss:0.01249 ===== SRCC:0.8993 ===== PLCC:0.9076
[20250225 06:12:44 INFO    ] Eval done...
[20250225 06:12:44 INFO    ] Epoch 186 done. Time: 1.3min
[20250225 06:12:44 INFO    ] Running training epoch 187
[20250225 06:13:52 INFO    ] train epoch:187 / loss:0.0002078 / SRCC:0.9975 / PLCC:0.998
[20250225 06:13:52 INFO    ] Starting eval...
[20250225 06:13:52 INFO    ] Running testing in epoch 187
[20250225 06:14:01 INFO    ] Epoch:187 ===== loss:0.01248 ===== SRCC:0.9008 ===== PLCC:0.9104
[20250225 06:14:01 INFO    ] Eval done...
[20250225 06:14:01 INFO    ] Epoch 187 done. Time: 1.3min
[20250225 06:14:01 INFO    ] Running training epoch 188
[20250225 06:15:09 INFO    ] train epoch:188 / loss:0.0001782 / SRCC:0.9976 / PLCC:0.9983
[20250225 06:15:09 INFO    ] Starting eval...
[20250225 06:15:09 INFO    ] Running testing in epoch 188
[20250225 06:15:18 INFO    ] Epoch:188 ===== loss:0.01239 ===== SRCC:0.9012 ===== PLCC:0.9093
[20250225 06:15:18 INFO    ] Eval done...
[20250225 06:15:18 INFO    ] Epoch 188 done. Time: 1.3min
[20250225 06:15:18 INFO    ] Running training epoch 189
[20250225 06:16:26 INFO    ] train epoch:189 / loss:0.0001581 / SRCC:0.998 / PLCC:0.9985
[20250225 06:16:26 INFO    ] Starting eval...
[20250225 06:16:26 INFO    ] Running testing in epoch 189
[20250225 06:16:35 INFO    ] Epoch:189 ===== loss:0.01214 ===== SRCC:0.9025 ===== PLCC:0.9109
[20250225 06:16:35 INFO    ] Eval done...
[20250225 06:16:35 INFO    ] Epoch 189 done. Time: 1.3min
[20250225 06:16:35 INFO    ] Running training epoch 190
[20250225 06:17:43 INFO    ] train epoch:190 / loss:0.0002104 / SRCC:0.9976 / PLCC:0.998
[20250225 06:17:43 INFO    ] Starting eval...
[20250225 06:17:43 INFO    ] Running testing in epoch 190
[20250225 06:17:52 INFO    ] Epoch:190 ===== loss:0.01221 ===== SRCC:0.8992 ===== PLCC:0.9089
[20250225 06:17:52 INFO    ] Eval done...
[20250225 06:17:52 INFO    ] Epoch 190 done. Time: 1.3min
[20250225 06:17:52 INFO    ] Running training epoch 191
[20250225 06:18:59 INFO    ] train epoch:191 / loss:0.0002261 / SRCC:0.9973 / PLCC:0.9978
[20250225 06:18:59 INFO    ] Starting eval...
[20250225 06:18:59 INFO    ] Running testing in epoch 191
[20250225 06:19:08 INFO    ] Epoch:191 ===== loss:0.0132 ===== SRCC:0.897 ===== PLCC:0.9057
[20250225 06:19:09 INFO    ] Eval done...
[20250225 06:19:09 INFO    ] Epoch 191 done. Time: 1.3min
[20250225 06:19:09 INFO    ] Running training epoch 192
[20250225 06:20:16 INFO    ] train epoch:192 / loss:0.0002621 / SRCC:0.997 / PLCC:0.9975
[20250225 06:20:16 INFO    ] Starting eval...
[20250225 06:20:16 INFO    ] Running testing in epoch 192
[20250225 06:20:25 INFO    ] Epoch:192 ===== loss:0.01233 ===== SRCC:0.9001 ===== PLCC:0.9089
[20250225 06:20:25 INFO    ] Eval done...
[20250225 06:20:25 INFO    ] Epoch 192 done. Time: 1.3min
[20250225 06:20:25 INFO    ] Running training epoch 193
[20250225 06:21:33 INFO    ] train epoch:193 / loss:0.0003036 / SRCC:0.996 / PLCC:0.9971
[20250225 06:21:33 INFO    ] Starting eval...
[20250225 06:21:33 INFO    ] Running testing in epoch 193
[20250225 06:21:42 INFO    ] Epoch:193 ===== loss:0.01256 ===== SRCC:0.896 ===== PLCC:0.9057
[20250225 06:21:42 INFO    ] Eval done...
[20250225 06:21:42 INFO    ] Epoch 193 done. Time: 1.3min
[20250225 06:21:42 INFO    ] Running training epoch 194
[20250225 06:22:49 INFO    ] train epoch:194 / loss:0.0005213 / SRCC:0.9932 / PLCC:0.9949
[20250225 06:22:49 INFO    ] Starting eval...
[20250225 06:22:49 INFO    ] Running testing in epoch 194
[20250225 06:22:59 INFO    ] Epoch:194 ===== loss:0.01347 ===== SRCC:0.8926 ===== PLCC:0.8994
[20250225 06:22:59 INFO    ] Eval done...
[20250225 06:22:59 INFO    ] Epoch 194 done. Time: 1.3min
[20250225 06:22:59 INFO    ] Running training epoch 195
[20250225 06:24:06 INFO    ] train epoch:195 / loss:0.0005615 / SRCC:0.9939 / PLCC:0.9945
[20250225 06:24:06 INFO    ] Starting eval...
[20250225 06:24:06 INFO    ] Running testing in epoch 195
[20250225 06:24:15 INFO    ] Epoch:195 ===== loss:0.0138 ===== SRCC:0.888 ===== PLCC:0.8956
[20250225 06:24:15 INFO    ] Eval done...
[20250225 06:24:15 INFO    ] Epoch 195 done. Time: 1.3min
[20250225 06:24:15 INFO    ] Running training epoch 196
[20250225 06:25:23 INFO    ] train epoch:196 / loss:0.0004185 / SRCC:0.9952 / PLCC:0.9959
[20250225 06:25:23 INFO    ] Starting eval...
[20250225 06:25:23 INFO    ] Running testing in epoch 196
[20250225 06:25:32 INFO    ] Epoch:196 ===== loss:0.01238 ===== SRCC:0.902 ===== PLCC:0.9074
[20250225 06:25:32 INFO    ] Eval done...
[20250225 06:25:32 INFO    ] Epoch 196 done. Time: 1.3min
[20250225 06:25:32 INFO    ] Running training epoch 197
[20250225 06:26:40 INFO    ] train epoch:197 / loss:0.0003991 / SRCC:0.9955 / PLCC:0.9961
[20250225 06:26:40 INFO    ] Starting eval...
[20250225 06:26:40 INFO    ] Running testing in epoch 197
[20250225 06:26:49 INFO    ] Epoch:197 ===== loss:0.01279 ===== SRCC:0.8977 ===== PLCC:0.9047
[20250225 06:26:49 INFO    ] Eval done...
[20250225 06:26:49 INFO    ] Epoch 197 done. Time: 1.3min
[20250225 06:26:49 INFO    ] Running training epoch 198
[20250225 06:27:56 INFO    ] train epoch:198 / loss:0.0005417 / SRCC:0.9936 / PLCC:0.9947
[20250225 06:27:56 INFO    ] Starting eval...
[20250225 06:27:56 INFO    ] Running testing in epoch 198
[20250225 06:28:05 INFO    ] Epoch:198 ===== loss:0.01279 ===== SRCC:0.8987 ===== PLCC:0.9053
[20250225 06:28:06 INFO    ] Eval done...
[20250225 06:28:06 INFO    ] Epoch 198 done. Time: 1.3min
[20250225 06:28:06 INFO    ] Running training epoch 199
[20250225 06:29:13 INFO    ] train epoch:199 / loss:0.0003639 / SRCC:0.9953 / PLCC:0.9964
[20250225 06:29:13 INFO    ] Starting eval...
[20250225 06:29:13 INFO    ] Running testing in epoch 199
[20250225 06:29:22 INFO    ] Epoch:199 ===== loss:0.01257 ===== SRCC:0.9018 ===== PLCC:0.9041
[20250225 06:29:22 INFO    ] Eval done...
[20250225 06:29:22 INFO    ] Epoch 199 done. Time: 1.3min
[20250225 06:29:22 INFO    ] Running training epoch 200
[20250225 06:30:30 INFO    ] train epoch:200 / loss:0.000295 / SRCC:0.9967 / PLCC:0.9971
[20250225 06:30:30 INFO    ] Starting eval...
[20250225 06:30:30 INFO    ] Running testing in epoch 200
[20250225 06:30:39 INFO    ] Epoch:200 ===== loss:0.01274 ===== SRCC:0.8959 ===== PLCC:0.9055
[20250225 06:30:39 INFO    ] Eval done...
[20250225 06:30:39 INFO    ] Epoch 200 done. Time: 1.3min
