[20250225 16:04:02 INFO    ] {'dataset_name': 'csiq', 'koniq10k_path': '../all_dataset/KonIQ-10K/1024x768', 'koniq10k_label': './data/koniq10k/koniq10k_label.txt', 'livec_path': '../all_dataset/LIVEC/Images/', 'livec_label': './data/livec/livec_label.txt', 'spaq_path': '../all_dataset/SPAQ/TestImage/', 'spaq_label': './data/spaq/spaq_label.txt', 'tid2013_path': '../all_dataset/tid2013/distorted_images/', 'tid2013_label': 'data/tid2013/tid2013_label.txt', 'kadid10k_path': '../all_dataset/KADID-10K/images/', 'kadid10k_label': './data/kadid10k/kadid10k_label.txt', 'csiq_path': '../all_dataset/CSIQ/dist_imgs/', 'csiq_label': './data/CSIQ/csiq_label.txt', 'batch_size': 12, 'learning_rate': 1e-05, 'weight_decay': 1e-05, 'n_epoch': 200, 'val_freq': 1, 'T_max': 50, 'eta_min': 0, 'num_avg_val': 1, 'num_workers': 8, 'split_seed': 20, 'train_keep_ratio': 1.0, 'val_keep_ratio': 1.0, 'crop_size': 224, 'prob_aug': 0.7, 'patch_size': 8, 'img_size': 224, 'embed_dim': 768, 'dim_mlp': 768, 'num_heads': [4, 4], 'window_size': 4, 'depths': [2, 2], 'num_outputs': 1, 'num_tab': 2, 'scale': 0.8, 'ckpt_path': './output_csiq_wo_texture/models/csiq', 'log_path': './output_csiq_wo_texture/log/csiq', 'log_file': 'csiq.log', 'tensorboard_path': './output_csiq_wo_texture/csiq'}
[20250225 16:04:02 INFO    ] number of train scenes: 692
[20250225 16:04:02 INFO    ] number of val scenes: 174
[20250225 16:04:05 INFO    ] #Params : 172.537214 [M]
[20250225 16:04:09 INFO    ] Running training epoch 1
[20250225 16:04:52 INFO    ] train epoch:1 / loss:0.04287 / SRCC:0.5873 / PLCC:0.6504
[20250225 16:04:52 INFO    ] Starting eval...
[20250225 16:04:52 INFO    ] Running testing in epoch 1
[20250225 16:04:58 INFO    ] Epoch:1 ===== loss:0.01385 ===== SRCC:0.8602 ===== PLCC:0.8933
[20250225 16:04:58 INFO    ] Eval done...
[20250225 16:04:58 INFO    ] ======================================================================================
[20250225 16:04:58 INFO    ] ============================== best main score is 1.7535285282122048 =================================
[20250225 16:04:58 INFO    ] ======================================================================================
[20250225 16:04:59 INFO    ] Saving weights and model of epoch1, SRCC:0.8602247282010369, PLCC:0.8933038000111678
[20250225 16:04:59 INFO    ] Epoch 1 done. Time: 0.83min
[20250225 16:04:59 INFO    ] Running training epoch 2
[20250225 16:05:40 INFO    ] train epoch:2 / loss:0.01134 / SRCC:0.8985 / PLCC:0.9161
[20250225 16:05:40 INFO    ] Starting eval...
[20250225 16:05:40 INFO    ] Running testing in epoch 2
[20250225 16:05:47 INFO    ] Epoch:2 ===== loss:0.01418 ===== SRCC:0.9125 ===== PLCC:0.9265
[20250225 16:05:47 INFO    ] Eval done...
[20250225 16:05:47 INFO    ] ======================================================================================
[20250225 16:05:47 INFO    ] ============================== best main score is 1.8390047394609608 =================================
[20250225 16:05:47 INFO    ] ======================================================================================
[20250225 16:05:48 INFO    ] Saving weights and model of epoch2, SRCC:0.9125060819863046, PLCC:0.9264986574746562
[20250225 16:05:48 INFO    ] Epoch 2 done. Time: 0.81min
[20250225 16:05:48 INFO    ] Running training epoch 3
[20250225 16:06:28 INFO    ] train epoch:3 / loss:0.007008 / SRCC:0.9378 / PLCC:0.9492
[20250225 16:06:28 INFO    ] Starting eval...
[20250225 16:06:28 INFO    ] Running testing in epoch 3
[20250225 16:06:35 INFO    ] Epoch:3 ===== loss:0.00809 ===== SRCC:0.9179 ===== PLCC:0.9361
[20250225 16:06:35 INFO    ] Eval done...
[20250225 16:06:35 INFO    ] ======================================================================================
[20250225 16:06:35 INFO    ] ============================== best main score is 1.8539998507651492 =================================
[20250225 16:06:35 INFO    ] ======================================================================================
[20250225 16:06:36 INFO    ] Saving weights and model of epoch3, SRCC:0.9179385847528582, PLCC:0.936061266012291
[20250225 16:06:36 INFO    ] Epoch 3 done. Time: 0.81min
[20250225 16:06:36 INFO    ] Running training epoch 4
[20250225 16:07:17 INFO    ] train epoch:4 / loss:0.00523 / SRCC:0.9496 / PLCC:0.9623
[20250225 16:07:17 INFO    ] Starting eval...
[20250225 16:07:17 INFO    ] Running testing in epoch 4
[20250225 16:07:23 INFO    ] Epoch:4 ===== loss:0.007416 ===== SRCC:0.9271 ===== PLCC:0.9461
[20250225 16:07:23 INFO    ] Eval done...
[20250225 16:07:23 INFO    ] ======================================================================================
[20250225 16:07:23 INFO    ] ============================== best main score is 1.8731695141200668 =================================
[20250225 16:07:23 INFO    ] ======================================================================================
[20250225 16:07:24 INFO    ] Saving weights and model of epoch4, SRCC:0.9270699474277821, PLCC:0.9460995666922847
[20250225 16:07:24 INFO    ] Epoch 4 done. Time: 0.81min
[20250225 16:07:24 INFO    ] Running training epoch 5
[20250225 16:08:05 INFO    ] train epoch:5 / loss:0.003036 / SRCC:0.9685 / PLCC:0.9783
[20250225 16:08:05 INFO    ] Starting eval...
[20250225 16:08:05 INFO    ] Running testing in epoch 5
[20250225 16:08:12 INFO    ] Epoch:5 ===== loss:0.006512 ===== SRCC:0.9435 ===== PLCC:0.9577
[20250225 16:08:12 INFO    ] Eval done...
[20250225 16:08:12 INFO    ] ======================================================================================
[20250225 16:08:12 INFO    ] ============================== best main score is 1.9012010716502248 =================================
[20250225 16:08:12 INFO    ] ======================================================================================
[20250225 16:08:13 INFO    ] Saving weights and model of epoch5, SRCC:0.9434661594814121, PLCC:0.9577349121688127
[20250225 16:08:13 INFO    ] Epoch 5 done. Time: 0.8min
[20250225 16:08:13 INFO    ] Running training epoch 6
[20250225 16:08:54 INFO    ] train epoch:6 / loss:0.003711 / SRCC:0.9659 / PLCC:0.9735
[20250225 16:08:54 INFO    ] Starting eval...
[20250225 16:08:54 INFO    ] Running testing in epoch 6
[20250225 16:09:00 INFO    ] Epoch:6 ===== loss:0.006544 ===== SRCC:0.9365 ===== PLCC:0.9506
[20250225 16:09:00 INFO    ] Eval done...
[20250225 16:09:00 INFO    ] Epoch 6 done. Time: 0.79min
[20250225 16:09:00 INFO    ] Running training epoch 7
[20250225 16:09:41 INFO    ] train epoch:7 / loss:0.00265 / SRCC:0.975 / PLCC:0.9814
[20250225 16:09:41 INFO    ] Starting eval...
[20250225 16:09:41 INFO    ] Running testing in epoch 7
[20250225 16:09:48 INFO    ] Epoch:7 ===== loss:0.005779 ===== SRCC:0.9481 ===== PLCC:0.9535
[20250225 16:09:48 INFO    ] Eval done...
[20250225 16:09:48 INFO    ] ======================================================================================
[20250225 16:09:48 INFO    ] ============================== best main score is 1.9015770759832957 =================================
[20250225 16:09:48 INFO    ] ======================================================================================
[20250225 16:09:49 INFO    ] Saving weights and model of epoch7, SRCC:0.9480558840409948, PLCC:0.9535211919423008
[20250225 16:09:49 INFO    ] Epoch 7 done. Time: 0.81min
[20250225 16:09:49 INFO    ] Running training epoch 8
[20250225 16:10:30 INFO    ] train epoch:8 / loss:0.002401 / SRCC:0.9754 / PLCC:0.983
[20250225 16:10:30 INFO    ] Starting eval...
[20250225 16:10:30 INFO    ] Running testing in epoch 8
[20250225 16:10:36 INFO    ] Epoch:8 ===== loss:0.006252 ===== SRCC:0.943 ===== PLCC:0.9523
[20250225 16:10:36 INFO    ] Eval done...
[20250225 16:10:36 INFO    ] Epoch 8 done. Time: 0.79min
[20250225 16:10:36 INFO    ] Running training epoch 9
[20250225 16:11:17 INFO    ] train epoch:9 / loss:0.00225 / SRCC:0.979 / PLCC:0.9839
[20250225 16:11:17 INFO    ] Starting eval...
[20250225 16:11:17 INFO    ] Running testing in epoch 9
[20250225 16:11:24 INFO    ] Epoch:9 ===== loss:0.007381 ===== SRCC:0.9332 ===== PLCC:0.9429
[20250225 16:11:24 INFO    ] Eval done...
[20250225 16:11:24 INFO    ] Epoch 9 done. Time: 0.79min
[20250225 16:11:24 INFO    ] Running training epoch 10
[20250225 16:12:05 INFO    ] train epoch:10 / loss:0.001881 / SRCC:0.9814 / PLCC:0.9867
[20250225 16:12:05 INFO    ] Starting eval...
[20250225 16:12:05 INFO    ] Running testing in epoch 10
[20250225 16:12:11 INFO    ] Epoch:10 ===== loss:0.005187 ===== SRCC:0.9469 ===== PLCC:0.9576
[20250225 16:12:11 INFO    ] Eval done...
[20250225 16:12:11 INFO    ] ======================================================================================
[20250225 16:12:11 INFO    ] ============================== best main score is 1.9044894561315757 =================================
[20250225 16:12:11 INFO    ] ======================================================================================
[20250225 16:12:12 INFO    ] Saving weights and model of epoch10, SRCC:0.946904340244684, PLCC:0.9575851158868918
[20250225 16:12:12 INFO    ] Epoch 10 done. Time: 0.81min
[20250225 16:12:12 INFO    ] Running training epoch 11
[20250225 16:12:53 INFO    ] train epoch:11 / loss:0.002273 / SRCC:0.9764 / PLCC:0.9838
[20250225 16:12:53 INFO    ] Starting eval...
[20250225 16:12:53 INFO    ] Running testing in epoch 11
[20250225 16:12:59 INFO    ] Epoch:11 ===== loss:0.006214 ===== SRCC:0.939 ===== PLCC:0.95
[20250225 16:12:59 INFO    ] Eval done...
[20250225 16:12:59 INFO    ] Epoch 11 done. Time: 0.79min
[20250225 16:12:59 INFO    ] Running training epoch 12
[20250225 16:13:40 INFO    ] train epoch:12 / loss:0.002205 / SRCC:0.978 / PLCC:0.9843
[20250225 16:13:40 INFO    ] Starting eval...
[20250225 16:13:40 INFO    ] Running testing in epoch 12
[20250225 16:13:47 INFO    ] Epoch:12 ===== loss:0.005981 ===== SRCC:0.9538 ===== PLCC:0.9595
[20250225 16:13:47 INFO    ] Eval done...
[20250225 16:13:47 INFO    ] ======================================================================================
[20250225 16:13:47 INFO    ] ============================== best main score is 1.9132567440624542 =================================
[20250225 16:13:47 INFO    ] ======================================================================================
[20250225 16:13:48 INFO    ] Saving weights and model of epoch12, SRCC:0.9537756400402545, PLCC:0.9594811040221997
[20250225 16:13:48 INFO    ] Epoch 12 done. Time: 0.81min
[20250225 16:13:48 INFO    ] Running training epoch 13
[20250225 16:14:29 INFO    ] train epoch:13 / loss:0.002681 / SRCC:0.9774 / PLCC:0.981
[20250225 16:14:29 INFO    ] Starting eval...
[20250225 16:14:29 INFO    ] Running testing in epoch 13
[20250225 16:14:36 INFO    ] Epoch:13 ===== loss:0.005484 ===== SRCC:0.9427 ===== PLCC:0.9565
[20250225 16:14:36 INFO    ] Eval done...
[20250225 16:14:36 INFO    ] Epoch 13 done. Time: 0.79min
[20250225 16:14:36 INFO    ] Running training epoch 14
[20250225 16:15:17 INFO    ] train epoch:14 / loss:0.001318 / SRCC:0.9853 / PLCC:0.9907
[20250225 16:15:17 INFO    ] Starting eval...
[20250225 16:15:17 INFO    ] Running testing in epoch 14
[20250225 16:15:23 INFO    ] Epoch:14 ===== loss:0.005173 ===== SRCC:0.9494 ===== PLCC:0.9592
[20250225 16:15:23 INFO    ] Eval done...
[20250225 16:15:23 INFO    ] Epoch 14 done. Time: 0.79min
[20250225 16:15:23 INFO    ] Running training epoch 15
[20250225 16:16:04 INFO    ] train epoch:15 / loss:0.001282 / SRCC:0.9868 / PLCC:0.9909
[20250225 16:16:04 INFO    ] Starting eval...
[20250225 16:16:04 INFO    ] Running testing in epoch 15
[20250225 16:16:11 INFO    ] Epoch:15 ===== loss:0.006445 ===== SRCC:0.9426 ===== PLCC:0.9499
[20250225 16:16:11 INFO    ] Eval done...
[20250225 16:16:11 INFO    ] Epoch 15 done. Time: 0.79min
[20250225 16:16:11 INFO    ] Running training epoch 16
[20250225 16:16:52 INFO    ] train epoch:16 / loss:0.001844 / SRCC:0.9822 / PLCC:0.9867
[20250225 16:16:52 INFO    ] Starting eval...
[20250225 16:16:52 INFO    ] Running testing in epoch 16
[20250225 16:16:58 INFO    ] Epoch:16 ===== loss:0.01217 ===== SRCC:0.9323 ===== PLCC:0.9405
[20250225 16:16:58 INFO    ] Eval done...
[20250225 16:16:58 INFO    ] Epoch 16 done. Time: 0.8min
[20250225 16:16:58 INFO    ] Running training epoch 17
[20250225 16:17:39 INFO    ] train epoch:17 / loss:0.002018 / SRCC:0.9798 / PLCC:0.9857
[20250225 16:17:39 INFO    ] Starting eval...
[20250225 16:17:39 INFO    ] Running testing in epoch 17
[20250225 16:17:46 INFO    ] Epoch:17 ===== loss:0.005273 ===== SRCC:0.9477 ===== PLCC:0.958
[20250225 16:17:46 INFO    ] Eval done...
[20250225 16:17:46 INFO    ] Epoch 17 done. Time: 0.79min
[20250225 16:17:46 INFO    ] Running training epoch 18
[20250225 16:18:27 INFO    ] train epoch:18 / loss:0.001804 / SRCC:0.9828 / PLCC:0.9871
[20250225 16:18:27 INFO    ] Starting eval...
[20250225 16:18:27 INFO    ] Running testing in epoch 18
[20250225 16:18:33 INFO    ] Epoch:18 ===== loss:0.00571 ===== SRCC:0.9601 ===== PLCC:0.9658
[20250225 16:18:33 INFO    ] Eval done...
[20250225 16:18:33 INFO    ] ======================================================================================
[20250225 16:18:33 INFO    ] ============================== best main score is 1.9258915514418278 =================================
[20250225 16:18:33 INFO    ] ======================================================================================
[20250225 16:18:34 INFO    ] Saving weights and model of epoch18, SRCC:0.9600736988031561, PLCC:0.9658178526386717
[20250225 16:18:34 INFO    ] Epoch 18 done. Time: 0.81min
[20250225 16:18:34 INFO    ] Running training epoch 19
[20250225 16:19:15 INFO    ] train epoch:19 / loss:0.001532 / SRCC:0.9847 / PLCC:0.9891
[20250225 16:19:15 INFO    ] Starting eval...
[20250225 16:19:15 INFO    ] Running testing in epoch 19
[20250225 16:19:22 INFO    ] Epoch:19 ===== loss:0.005304 ===== SRCC:0.9541 ===== PLCC:0.9618
[20250225 16:19:22 INFO    ] Eval done...
[20250225 16:19:22 INFO    ] Epoch 19 done. Time: 0.79min
[20250225 16:19:22 INFO    ] Running training epoch 20
[20250225 16:20:02 INFO    ] train epoch:20 / loss:0.001161 / SRCC:0.9876 / PLCC:0.9917
[20250225 16:20:02 INFO    ] Starting eval...
[20250225 16:20:02 INFO    ] Running testing in epoch 20
[20250225 16:20:09 INFO    ] Epoch:20 ===== loss:0.004758 ===== SRCC:0.9557 ===== PLCC:0.9632
[20250225 16:20:09 INFO    ] Eval done...
[20250225 16:20:09 INFO    ] Epoch 20 done. Time: 0.79min
[20250225 16:20:09 INFO    ] Running training epoch 21
[20250225 16:20:50 INFO    ] train epoch:21 / loss:0.002221 / SRCC:0.9811 / PLCC:0.984
[20250225 16:20:50 INFO    ] Starting eval...
[20250225 16:20:50 INFO    ] Running testing in epoch 21
[20250225 16:20:57 INFO    ] Epoch:21 ===== loss:0.005013 ===== SRCC:0.9554 ===== PLCC:0.9611
[20250225 16:20:57 INFO    ] Eval done...
[20250225 16:20:57 INFO    ] Epoch 21 done. Time: 0.8min
[20250225 16:20:57 INFO    ] Running training epoch 22
[20250225 16:21:38 INFO    ] train epoch:22 / loss:0.001712 / SRCC:0.9846 / PLCC:0.9879
[20250225 16:21:38 INFO    ] Starting eval...
[20250225 16:21:38 INFO    ] Running testing in epoch 22
[20250225 16:21:44 INFO    ] Epoch:22 ===== loss:0.004589 ===== SRCC:0.956 ===== PLCC:0.9625
[20250225 16:21:44 INFO    ] Eval done...
[20250225 16:21:44 INFO    ] Epoch 22 done. Time: 0.79min
[20250225 16:21:44 INFO    ] Running training epoch 23
[20250225 16:22:26 INFO    ] train epoch:23 / loss:0.001106 / SRCC:0.9886 / PLCC:0.9922
[20250225 16:22:26 INFO    ] Starting eval...
[20250225 16:22:26 INFO    ] Running testing in epoch 23
[20250225 16:22:32 INFO    ] Epoch:23 ===== loss:0.00499 ===== SRCC:0.9484 ===== PLCC:0.9594
[20250225 16:22:32 INFO    ] Eval done...
[20250225 16:22:32 INFO    ] Epoch 23 done. Time: 0.79min
[20250225 16:22:32 INFO    ] Running training epoch 24
[20250225 16:23:13 INFO    ] train epoch:24 / loss:0.001175 / SRCC:0.9888 / PLCC:0.9917
[20250225 16:23:13 INFO    ] Starting eval...
[20250225 16:23:13 INFO    ] Running testing in epoch 24
[20250225 16:23:19 INFO    ] Epoch:24 ===== loss:0.004594 ===== SRCC:0.9555 ===== PLCC:0.9628
[20250225 16:23:19 INFO    ] Eval done...
[20250225 16:23:19 INFO    ] Epoch 24 done. Time: 0.79min
[20250225 16:23:19 INFO    ] Running training epoch 25
[20250225 16:24:00 INFO    ] train epoch:25 / loss:0.001604 / SRCC:0.9836 / PLCC:0.9886
[20250225 16:24:00 INFO    ] Starting eval...
[20250225 16:24:00 INFO    ] Running testing in epoch 25
[20250225 16:24:07 INFO    ] Epoch:25 ===== loss:0.005697 ===== SRCC:0.9524 ===== PLCC:0.9596
[20250225 16:24:07 INFO    ] Eval done...
[20250225 16:24:07 INFO    ] Epoch 25 done. Time: 0.79min
[20250225 16:24:07 INFO    ] Running training epoch 26
[20250225 16:24:48 INFO    ] train epoch:26 / loss:0.001234 / SRCC:0.9877 / PLCC:0.9913
[20250225 16:24:48 INFO    ] Starting eval...
[20250225 16:24:48 INFO    ] Running testing in epoch 26
[20250225 16:24:54 INFO    ] Epoch:26 ===== loss:0.004927 ===== SRCC:0.9533 ===== PLCC:0.9605
[20250225 16:24:54 INFO    ] Eval done...
[20250225 16:24:54 INFO    ] Epoch 26 done. Time: 0.79min
[20250225 16:24:54 INFO    ] Running training epoch 27
[20250225 16:25:35 INFO    ] train epoch:27 / loss:0.001374 / SRCC:0.9857 / PLCC:0.9903
[20250225 16:25:35 INFO    ] Starting eval...
[20250225 16:25:35 INFO    ] Running testing in epoch 27
[20250225 16:25:42 INFO    ] Epoch:27 ===== loss:0.004723 ===== SRCC:0.9541 ===== PLCC:0.9635
[20250225 16:25:42 INFO    ] Eval done...
[20250225 16:25:42 INFO    ] Epoch 27 done. Time: 0.8min
[20250225 16:25:42 INFO    ] Running training epoch 28
[20250225 16:26:23 INFO    ] train epoch:28 / loss:0.0009381 / SRCC:0.9904 / PLCC:0.9933
[20250225 16:26:23 INFO    ] Starting eval...
[20250225 16:26:23 INFO    ] Running testing in epoch 28
[20250225 16:26:30 INFO    ] Epoch:28 ===== loss:0.005963 ===== SRCC:0.9493 ===== PLCC:0.9581
[20250225 16:26:30 INFO    ] Eval done...
[20250225 16:26:30 INFO    ] Epoch 28 done. Time: 0.79min
[20250225 16:26:30 INFO    ] Running training epoch 29
[20250225 16:27:11 INFO    ] train epoch:29 / loss:0.001029 / SRCC:0.9884 / PLCC:0.9927
[20250225 16:27:11 INFO    ] Starting eval...
[20250225 16:27:11 INFO    ] Running testing in epoch 29
[20250225 16:27:17 INFO    ] Epoch:29 ===== loss:0.004873 ===== SRCC:0.9526 ===== PLCC:0.9615
[20250225 16:27:17 INFO    ] Eval done...
[20250225 16:27:17 INFO    ] Epoch 29 done. Time: 0.79min
[20250225 16:27:17 INFO    ] Running training epoch 30
[20250225 16:27:58 INFO    ] train epoch:30 / loss:0.0009711 / SRCC:0.9892 / PLCC:0.9931
[20250225 16:27:58 INFO    ] Starting eval...
[20250225 16:27:58 INFO    ] Running testing in epoch 30
[20250225 16:28:05 INFO    ] Epoch:30 ===== loss:0.006182 ===== SRCC:0.9526 ===== PLCC:0.9611
[20250225 16:28:05 INFO    ] Eval done...
[20250225 16:28:05 INFO    ] Epoch 30 done. Time: 0.79min
[20250225 16:28:05 INFO    ] Running training epoch 31
[20250225 16:28:46 INFO    ] train epoch:31 / loss:0.001173 / SRCC:0.9873 / PLCC:0.9918
[20250225 16:28:46 INFO    ] Starting eval...
[20250225 16:28:46 INFO    ] Running testing in epoch 31
[20250225 16:28:52 INFO    ] Epoch:31 ===== loss:0.004975 ===== SRCC:0.9525 ===== PLCC:0.9633
[20250225 16:28:52 INFO    ] Eval done...
[20250225 16:28:52 INFO    ] Epoch 31 done. Time: 0.79min
[20250225 16:28:52 INFO    ] Running training epoch 32
[20250225 16:29:33 INFO    ] train epoch:32 / loss:0.001396 / SRCC:0.9866 / PLCC:0.9901
[20250225 16:29:33 INFO    ] Starting eval...
[20250225 16:29:33 INFO    ] Running testing in epoch 32
[20250225 16:29:40 INFO    ] Epoch:32 ===== loss:0.005852 ===== SRCC:0.9447 ===== PLCC:0.953
[20250225 16:29:40 INFO    ] Eval done...
[20250225 16:29:40 INFO    ] Epoch 32 done. Time: 0.79min
[20250225 16:29:40 INFO    ] Running training epoch 33
[20250225 16:30:21 INFO    ] train epoch:33 / loss:0.001633 / SRCC:0.9868 / PLCC:0.9884
[20250225 16:30:21 INFO    ] Starting eval...
[20250225 16:30:21 INFO    ] Running testing in epoch 33
[20250225 16:30:27 INFO    ] Epoch:33 ===== loss:0.004873 ===== SRCC:0.954 ===== PLCC:0.9614
[20250225 16:30:27 INFO    ] Eval done...
[20250225 16:30:27 INFO    ] Epoch 33 done. Time: 0.79min
[20250225 16:30:27 INFO    ] Running training epoch 34
[20250225 16:31:09 INFO    ] train epoch:34 / loss:0.001132 / SRCC:0.989 / PLCC:0.9919
[20250225 16:31:09 INFO    ] Starting eval...
[20250225 16:31:09 INFO    ] Running testing in epoch 34
[20250225 16:31:15 INFO    ] Epoch:34 ===== loss:0.005248 ===== SRCC:0.947 ===== PLCC:0.959
[20250225 16:31:15 INFO    ] Eval done...
[20250225 16:31:15 INFO    ] Epoch 34 done. Time: 0.79min
[20250225 16:31:15 INFO    ] Running training epoch 35
[20250225 16:31:56 INFO    ] train epoch:35 / loss:0.0009484 / SRCC:0.9918 / PLCC:0.9933
[20250225 16:31:56 INFO    ] Starting eval...
[20250225 16:31:56 INFO    ] Running testing in epoch 35
[20250225 16:32:03 INFO    ] Epoch:35 ===== loss:0.004753 ===== SRCC:0.9547 ===== PLCC:0.9616
[20250225 16:32:03 INFO    ] Eval done...
[20250225 16:32:03 INFO    ] Epoch 35 done. Time: 0.79min
[20250225 16:32:03 INFO    ] Running training epoch 36
[20250225 16:32:44 INFO    ] train epoch:36 / loss:0.001859 / SRCC:0.9833 / PLCC:0.9869
[20250225 16:32:44 INFO    ] Starting eval...
[20250225 16:32:44 INFO    ] Running testing in epoch 36
[20250225 16:32:50 INFO    ] Epoch:36 ===== loss:0.005187 ===== SRCC:0.9542 ===== PLCC:0.9616
[20250225 16:32:50 INFO    ] Eval done...
[20250225 16:32:50 INFO    ] Epoch 36 done. Time: 0.79min
[20250225 16:32:50 INFO    ] Running training epoch 37
[20250225 16:33:31 INFO    ] train epoch:37 / loss:0.00106 / SRCC:0.9898 / PLCC:0.9924
[20250225 16:33:31 INFO    ] Starting eval...
[20250225 16:33:31 INFO    ] Running testing in epoch 37
[20250225 16:33:38 INFO    ] Epoch:37 ===== loss:0.005602 ===== SRCC:0.9484 ===== PLCC:0.9591
[20250225 16:33:38 INFO    ] Eval done...
[20250225 16:33:38 INFO    ] Epoch 37 done. Time: 0.79min
[20250225 16:33:38 INFO    ] Running training epoch 38
[20250225 16:34:19 INFO    ] train epoch:38 / loss:0.0008495 / SRCC:0.9906 / PLCC:0.994
[20250225 16:34:19 INFO    ] Starting eval...
[20250225 16:34:19 INFO    ] Running testing in epoch 38
[20250225 16:34:25 INFO    ] Epoch:38 ===== loss:0.004333 ===== SRCC:0.9579 ===== PLCC:0.9658
[20250225 16:34:25 INFO    ] Eval done...
[20250225 16:34:25 INFO    ] Epoch 38 done. Time: 0.79min
[20250225 16:34:25 INFO    ] Running training epoch 39
[20250225 16:35:06 INFO    ] train epoch:39 / loss:0.001277 / SRCC:0.9868 / PLCC:0.9909
[20250225 16:35:06 INFO    ] Starting eval...
[20250225 16:35:06 INFO    ] Running testing in epoch 39
[20250225 16:35:13 INFO    ] Epoch:39 ===== loss:0.005615 ===== SRCC:0.9512 ===== PLCC:0.955
[20250225 16:35:13 INFO    ] Eval done...
[20250225 16:35:13 INFO    ] Epoch 39 done. Time: 0.79min
[20250225 16:35:13 INFO    ] Running training epoch 40
[20250225 16:35:54 INFO    ] train epoch:40 / loss:0.001023 / SRCC:0.9908 / PLCC:0.9927
[20250225 16:35:54 INFO    ] Starting eval...
[20250225 16:35:54 INFO    ] Running testing in epoch 40
[20250225 16:36:00 INFO    ] Epoch:40 ===== loss:0.00483 ===== SRCC:0.9567 ===== PLCC:0.9656
[20250225 16:36:00 INFO    ] Eval done...
[20250225 16:36:00 INFO    ] Epoch 40 done. Time: 0.79min
[20250225 16:36:00 INFO    ] Running training epoch 41
[20250225 16:36:41 INFO    ] train epoch:41 / loss:0.001057 / SRCC:0.9905 / PLCC:0.9925
[20250225 16:36:41 INFO    ] Starting eval...
[20250225 16:36:41 INFO    ] Running testing in epoch 41
[20250225 16:36:48 INFO    ] Epoch:41 ===== loss:0.004788 ===== SRCC:0.9562 ===== PLCC:0.9639
[20250225 16:36:48 INFO    ] Eval done...
[20250225 16:36:48 INFO    ] Epoch 41 done. Time: 0.79min
[20250225 16:36:48 INFO    ] Running training epoch 42
[20250225 16:37:28 INFO    ] train epoch:42 / loss:0.0007171 / SRCC:0.9919 / PLCC:0.9949
[20250225 16:37:28 INFO    ] Starting eval...
[20250225 16:37:28 INFO    ] Running testing in epoch 42
[20250225 16:37:35 INFO    ] Epoch:42 ===== loss:0.00574 ===== SRCC:0.9519 ===== PLCC:0.9615
[20250225 16:37:35 INFO    ] Eval done...
[20250225 16:37:35 INFO    ] Epoch 42 done. Time: 0.79min
[20250225 16:37:35 INFO    ] Running training epoch 43
[20250225 16:38:16 INFO    ] train epoch:43 / loss:0.0007818 / SRCC:0.992 / PLCC:0.9945
[20250225 16:38:16 INFO    ] Starting eval...
[20250225 16:38:16 INFO    ] Running testing in epoch 43
[20250225 16:38:22 INFO    ] Epoch:43 ===== loss:0.004911 ===== SRCC:0.952 ===== PLCC:0.9622
[20250225 16:38:22 INFO    ] Eval done...
[20250225 16:38:22 INFO    ] Epoch 43 done. Time: 0.79min
[20250225 16:38:22 INFO    ] Running training epoch 44
[20250225 16:39:03 INFO    ] train epoch:44 / loss:0.0008741 / SRCC:0.9907 / PLCC:0.9938
[20250225 16:39:03 INFO    ] Starting eval...
[20250225 16:39:03 INFO    ] Running testing in epoch 44
[20250225 16:39:09 INFO    ] Epoch:44 ===== loss:0.004493 ===== SRCC:0.9544 ===== PLCC:0.9644
[20250225 16:39:09 INFO    ] Eval done...
[20250225 16:39:09 INFO    ] Epoch 44 done. Time: 0.79min
[20250225 16:39:09 INFO    ] Running training epoch 45
[20250225 16:39:50 INFO    ] train epoch:45 / loss:0.0009136 / SRCC:0.9911 / PLCC:0.9936
[20250225 16:39:50 INFO    ] Starting eval...
[20250225 16:39:50 INFO    ] Running testing in epoch 45
[20250225 16:39:57 INFO    ] Epoch:45 ===== loss:0.004677 ===== SRCC:0.9546 ===== PLCC:0.965
[20250225 16:39:57 INFO    ] Eval done...
[20250225 16:39:57 INFO    ] Epoch 45 done. Time: 0.79min
[20250225 16:39:57 INFO    ] Running training epoch 46
[20250225 16:40:38 INFO    ] train epoch:46 / loss:0.001064 / SRCC:0.9896 / PLCC:0.9924
[20250225 16:40:38 INFO    ] Starting eval...
[20250225 16:40:38 INFO    ] Running testing in epoch 46
[20250225 16:40:44 INFO    ] Epoch:46 ===== loss:0.004336 ===== SRCC:0.9593 ===== PLCC:0.9643
[20250225 16:40:44 INFO    ] Eval done...
[20250225 16:40:44 INFO    ] Epoch 46 done. Time: 0.79min
[20250225 16:40:44 INFO    ] Running training epoch 47
[20250225 16:41:25 INFO    ] train epoch:47 / loss:0.0008107 / SRCC:0.9916 / PLCC:0.9943
[20250225 16:41:25 INFO    ] Starting eval...
[20250225 16:41:25 INFO    ] Running testing in epoch 47
[20250225 16:41:32 INFO    ] Epoch:47 ===== loss:0.005202 ===== SRCC:0.9555 ===== PLCC:0.9626
[20250225 16:41:32 INFO    ] Eval done...
[20250225 16:41:32 INFO    ] Epoch 47 done. Time: 0.8min
[20250225 16:41:32 INFO    ] Running training epoch 48
[20250225 16:42:13 INFO    ] train epoch:48 / loss:0.0007541 / SRCC:0.9918 / PLCC:0.9946
[20250225 16:42:13 INFO    ] Starting eval...
[20250225 16:42:13 INFO    ] Running testing in epoch 48
[20250225 16:42:19 INFO    ] Epoch:48 ===== loss:0.004866 ===== SRCC:0.9559 ===== PLCC:0.9622
[20250225 16:42:19 INFO    ] Eval done...
[20250225 16:42:19 INFO    ] Epoch 48 done. Time: 0.79min
[20250225 16:42:19 INFO    ] Running training epoch 49
[20250225 16:43:00 INFO    ] train epoch:49 / loss:0.0006054 / SRCC:0.9939 / PLCC:0.9957
[20250225 16:43:00 INFO    ] Starting eval...
[20250225 16:43:00 INFO    ] Running testing in epoch 49
[20250225 16:43:07 INFO    ] Epoch:49 ===== loss:0.006041 ===== SRCC:0.9551 ===== PLCC:0.9627
[20250225 16:43:07 INFO    ] Eval done...
[20250225 16:43:07 INFO    ] Epoch 49 done. Time: 0.79min
[20250225 16:43:07 INFO    ] Running training epoch 50
[20250225 16:43:48 INFO    ] train epoch:50 / loss:0.001187 / SRCC:0.9886 / PLCC:0.9916
[20250225 16:43:48 INFO    ] Starting eval...
[20250225 16:43:48 INFO    ] Running testing in epoch 50
[20250225 16:43:54 INFO    ] Epoch:50 ===== loss:0.004663 ===== SRCC:0.9522 ===== PLCC:0.9624
[20250225 16:43:54 INFO    ] Eval done...
[20250225 16:43:54 INFO    ] Epoch 50 done. Time: 0.79min
[20250225 16:43:54 INFO    ] Running training epoch 51
[20250225 16:44:35 INFO    ] train epoch:51 / loss:0.0006739 / SRCC:0.9932 / PLCC:0.9952
[20250225 16:44:35 INFO    ] Starting eval...
[20250225 16:44:35 INFO    ] Running testing in epoch 51
[20250225 16:44:41 INFO    ] Epoch:51 ===== loss:0.006403 ===== SRCC:0.9478 ===== PLCC:0.9514
[20250225 16:44:41 INFO    ] Eval done...
[20250225 16:44:41 INFO    ] Epoch 51 done. Time: 0.79min
[20250225 16:44:41 INFO    ] Running training epoch 52
[20250225 16:45:22 INFO    ] train epoch:52 / loss:0.0007256 / SRCC:0.9924 / PLCC:0.9949
[20250225 16:45:22 INFO    ] Starting eval...
[20250225 16:45:22 INFO    ] Running testing in epoch 52
[20250225 16:45:29 INFO    ] Epoch:52 ===== loss:0.004923 ===== SRCC:0.952 ===== PLCC:0.9616
[20250225 16:45:29 INFO    ] Eval done...
[20250225 16:45:29 INFO    ] Epoch 52 done. Time: 0.79min
[20250225 16:45:29 INFO    ] Running training epoch 53
[20250225 16:46:10 INFO    ] train epoch:53 / loss:0.0009803 / SRCC:0.9904 / PLCC:0.9931
[20250225 16:46:10 INFO    ] Starting eval...
[20250225 16:46:10 INFO    ] Running testing in epoch 53
[20250225 16:46:16 INFO    ] Epoch:53 ===== loss:0.004516 ===== SRCC:0.9564 ===== PLCC:0.9629
[20250225 16:46:16 INFO    ] Eval done...
[20250225 16:46:16 INFO    ] Epoch 53 done. Time: 0.8min
[20250225 16:46:16 INFO    ] Running training epoch 54
[20250225 16:46:57 INFO    ] train epoch:54 / loss:0.0006386 / SRCC:0.9928 / PLCC:0.9955
[20250225 16:46:57 INFO    ] Starting eval...
[20250225 16:46:57 INFO    ] Running testing in epoch 54
[20250225 16:47:04 INFO    ] Epoch:54 ===== loss:0.004979 ===== SRCC:0.9557 ===== PLCC:0.9626
[20250225 16:47:04 INFO    ] Eval done...
[20250225 16:47:04 INFO    ] Epoch 54 done. Time: 0.79min
[20250225 16:47:04 INFO    ] Running training epoch 55
[20250225 16:47:45 INFO    ] train epoch:55 / loss:0.0007492 / SRCC:0.9925 / PLCC:0.9946
[20250225 16:47:45 INFO    ] Starting eval...
[20250225 16:47:45 INFO    ] Running testing in epoch 55
[20250225 16:47:51 INFO    ] Epoch:55 ===== loss:0.005057 ===== SRCC:0.9574 ===== PLCC:0.9613
[20250225 16:47:51 INFO    ] Eval done...
[20250225 16:47:51 INFO    ] Epoch 55 done. Time: 0.79min
[20250225 16:47:51 INFO    ] Running training epoch 56
[20250225 16:48:32 INFO    ] train epoch:56 / loss:0.0006234 / SRCC:0.9936 / PLCC:0.9956
[20250225 16:48:32 INFO    ] Starting eval...
[20250225 16:48:32 INFO    ] Running testing in epoch 56
[20250225 16:48:39 INFO    ] Epoch:56 ===== loss:0.004621 ===== SRCC:0.9552 ===== PLCC:0.9638
[20250225 16:48:39 INFO    ] Eval done...
[20250225 16:48:39 INFO    ] Epoch 56 done. Time: 0.79min
[20250225 16:48:39 INFO    ] Running training epoch 57
[20250225 16:49:20 INFO    ] train epoch:57 / loss:0.0009106 / SRCC:0.9903 / PLCC:0.9935
[20250225 16:49:20 INFO    ] Starting eval...
[20250225 16:49:20 INFO    ] Running testing in epoch 57
[20250225 16:49:26 INFO    ] Epoch:57 ===== loss:0.004922 ===== SRCC:0.9506 ===== PLCC:0.9612
[20250225 16:49:26 INFO    ] Eval done...
[20250225 16:49:26 INFO    ] Epoch 57 done. Time: 0.79min
[20250225 16:49:26 INFO    ] Running training epoch 58
[20250225 16:50:07 INFO    ] train epoch:58 / loss:0.0006543 / SRCC:0.9927 / PLCC:0.9954
[20250225 16:50:07 INFO    ] Starting eval...
[20250225 16:50:07 INFO    ] Running testing in epoch 58
[20250225 16:50:14 INFO    ] Epoch:58 ===== loss:0.004608 ===== SRCC:0.9515 ===== PLCC:0.9618
[20250225 16:50:14 INFO    ] Eval done...
[20250225 16:50:14 INFO    ] Epoch 58 done. Time: 0.79min
[20250225 16:50:14 INFO    ] Running training epoch 59
[20250225 16:50:55 INFO    ] train epoch:59 / loss:0.0009115 / SRCC:0.9908 / PLCC:0.9936
[20250225 16:50:55 INFO    ] Starting eval...
[20250225 16:50:55 INFO    ] Running testing in epoch 59
[20250225 16:51:01 INFO    ] Epoch:59 ===== loss:0.004664 ===== SRCC:0.9516 ===== PLCC:0.9624
[20250225 16:51:01 INFO    ] Eval done...
[20250225 16:51:01 INFO    ] Epoch 59 done. Time: 0.79min
[20250225 16:51:01 INFO    ] Running training epoch 60
[20250225 16:51:42 INFO    ] train epoch:60 / loss:0.0006668 / SRCC:0.9929 / PLCC:0.9953
[20250225 16:51:42 INFO    ] Starting eval...
[20250225 16:51:42 INFO    ] Running testing in epoch 60
[20250225 16:51:49 INFO    ] Epoch:60 ===== loss:0.005313 ===== SRCC:0.9504 ===== PLCC:0.9587
[20250225 16:51:49 INFO    ] Eval done...
[20250225 16:51:49 INFO    ] Epoch 60 done. Time: 0.79min
[20250225 16:51:49 INFO    ] Running training epoch 61
[20250225 16:52:29 INFO    ] train epoch:61 / loss:0.0004376 / SRCC:0.9949 / PLCC:0.9969
[20250225 16:52:29 INFO    ] Starting eval...
[20250225 16:52:29 INFO    ] Running testing in epoch 61
[20250225 16:52:36 INFO    ] Epoch:61 ===== loss:0.003999 ===== SRCC:0.9587 ===== PLCC:0.9677
[20250225 16:52:36 INFO    ] Eval done...
[20250225 16:52:36 INFO    ] ======================================================================================
[20250225 16:52:36 INFO    ] ============================== best main score is 1.9263681489910005 =================================
[20250225 16:52:36 INFO    ] ======================================================================================
[20250225 16:52:37 INFO    ] Saving weights and model of epoch61, SRCC:0.9587095623059876, PLCC:0.9676585866850129
[20250225 16:52:37 INFO    ] Epoch 61 done. Time: 0.8min
[20250225 16:52:37 INFO    ] Running training epoch 62
[20250225 16:53:18 INFO    ] train epoch:62 / loss:0.0007478 / SRCC:0.9915 / PLCC:0.9947
[20250225 16:53:18 INFO    ] Starting eval...
[20250225 16:53:18 INFO    ] Running testing in epoch 62
[20250225 16:53:24 INFO    ] Epoch:62 ===== loss:0.005686 ===== SRCC:0.9442 ===== PLCC:0.9534
[20250225 16:53:24 INFO    ] Eval done...
[20250225 16:53:24 INFO    ] Epoch 62 done. Time: 0.79min
[20250225 16:53:24 INFO    ] Running training epoch 63
[20250225 16:54:05 INFO    ] train epoch:63 / loss:0.0007024 / SRCC:0.9935 / PLCC:0.9951
[20250225 16:54:05 INFO    ] Starting eval...
[20250225 16:54:05 INFO    ] Running testing in epoch 63
[20250225 16:54:11 INFO    ] Epoch:63 ===== loss:0.006188 ===== SRCC:0.9497 ===== PLCC:0.9513
[20250225 16:54:11 INFO    ] Eval done...
[20250225 16:54:11 INFO    ] Epoch 63 done. Time: 0.79min
[20250225 16:54:11 INFO    ] Running training epoch 64
[20250225 16:54:52 INFO    ] train epoch:64 / loss:0.0008227 / SRCC:0.9916 / PLCC:0.9941
[20250225 16:54:52 INFO    ] Starting eval...
[20250225 16:54:52 INFO    ] Running testing in epoch 64
[20250225 16:54:58 INFO    ] Epoch:64 ===== loss:0.00465 ===== SRCC:0.957 ===== PLCC:0.9636
[20250225 16:54:58 INFO    ] Eval done...
[20250225 16:54:58 INFO    ] Epoch 64 done. Time: 0.78min
[20250225 16:54:58 INFO    ] Running training epoch 65
[20250225 16:55:39 INFO    ] train epoch:65 / loss:0.000591 / SRCC:0.993 / PLCC:0.9958
[20250225 16:55:39 INFO    ] Starting eval...
[20250225 16:55:39 INFO    ] Running testing in epoch 65
[20250225 16:55:46 INFO    ] Epoch:65 ===== loss:0.005561 ===== SRCC:0.9515 ===== PLCC:0.9566
[20250225 16:55:46 INFO    ] Eval done...
[20250225 16:55:46 INFO    ] Epoch 65 done. Time: 0.79min
[20250225 16:55:46 INFO    ] Running training epoch 66
[20250225 16:56:27 INFO    ] train epoch:66 / loss:0.0005928 / SRCC:0.9937 / PLCC:0.9958
[20250225 16:56:27 INFO    ] Starting eval...
[20250225 16:56:27 INFO    ] Running testing in epoch 66
[20250225 16:56:33 INFO    ] Epoch:66 ===== loss:0.005477 ===== SRCC:0.9524 ===== PLCC:0.9564
[20250225 16:56:33 INFO    ] Eval done...
[20250225 16:56:33 INFO    ] Epoch 66 done. Time: 0.79min
[20250225 16:56:33 INFO    ] Running training epoch 67
[20250225 16:57:14 INFO    ] train epoch:67 / loss:0.000688 / SRCC:0.9921 / PLCC:0.9952
[20250225 16:57:14 INFO    ] Starting eval...
[20250225 16:57:14 INFO    ] Running testing in epoch 67
[20250225 16:57:21 INFO    ] Epoch:67 ===== loss:0.006077 ===== SRCC:0.956 ===== PLCC:0.9637
[20250225 16:57:21 INFO    ] Eval done...
[20250225 16:57:21 INFO    ] Epoch 67 done. Time: 0.79min
[20250225 16:57:21 INFO    ] Running training epoch 68
[20250225 16:58:01 INFO    ] train epoch:68 / loss:0.0005725 / SRCC:0.9936 / PLCC:0.9959
[20250225 16:58:01 INFO    ] Starting eval...
[20250225 16:58:01 INFO    ] Running testing in epoch 68
[20250225 16:58:08 INFO    ] Epoch:68 ===== loss:0.004576 ===== SRCC:0.9561 ===== PLCC:0.9637
[20250225 16:58:08 INFO    ] Eval done...
[20250225 16:58:08 INFO    ] Epoch 68 done. Time: 0.79min
[20250225 16:58:08 INFO    ] Running training epoch 69
[20250225 16:58:49 INFO    ] train epoch:69 / loss:0.0006711 / SRCC:0.992 / PLCC:0.9952
[20250225 16:58:49 INFO    ] Starting eval...
[20250225 16:58:49 INFO    ] Running testing in epoch 69
[20250225 16:58:56 INFO    ] Epoch:69 ===== loss:0.005088 ===== SRCC:0.9528 ===== PLCC:0.9611
[20250225 16:58:56 INFO    ] Eval done...
[20250225 16:58:56 INFO    ] Epoch 69 done. Time: 0.79min
[20250225 16:58:56 INFO    ] Running training epoch 70
[20250225 16:59:37 INFO    ] train epoch:70 / loss:0.0004881 / SRCC:0.9942 / PLCC:0.9966
[20250225 16:59:37 INFO    ] Starting eval...
[20250225 16:59:37 INFO    ] Running testing in epoch 70
[20250225 16:59:43 INFO    ] Epoch:70 ===== loss:0.004934 ===== SRCC:0.9566 ===== PLCC:0.9643
[20250225 16:59:43 INFO    ] Eval done...
[20250225 16:59:43 INFO    ] Epoch 70 done. Time: 0.79min
[20250225 16:59:43 INFO    ] Running training epoch 71
[20250225 17:00:24 INFO    ] train epoch:71 / loss:0.0006234 / SRCC:0.994 / PLCC:0.9956
[20250225 17:00:24 INFO    ] Starting eval...
[20250225 17:00:24 INFO    ] Running testing in epoch 71
[20250225 17:00:30 INFO    ] Epoch:71 ===== loss:0.004529 ===== SRCC:0.9538 ===== PLCC:0.9643
[20250225 17:00:30 INFO    ] Eval done...
[20250225 17:00:30 INFO    ] Epoch 71 done. Time: 0.79min
[20250225 17:00:30 INFO    ] Running training epoch 72
[20250225 17:01:11 INFO    ] train epoch:72 / loss:0.0005182 / SRCC:0.9947 / PLCC:0.9963
[20250225 17:01:11 INFO    ] Starting eval...
[20250225 17:01:11 INFO    ] Running testing in epoch 72
[20250225 17:01:17 INFO    ] Epoch:72 ===== loss:0.005331 ===== SRCC:0.9454 ===== PLCC:0.9579
[20250225 17:01:17 INFO    ] Eval done...
[20250225 17:01:17 INFO    ] Epoch 72 done. Time: 0.79min
[20250225 17:01:17 INFO    ] Running training epoch 73
[20250225 17:01:58 INFO    ] train epoch:73 / loss:0.000545 / SRCC:0.9934 / PLCC:0.9961
[20250225 17:01:58 INFO    ] Starting eval...
[20250225 17:01:58 INFO    ] Running testing in epoch 73
[20250225 17:02:05 INFO    ] Epoch:73 ===== loss:0.004692 ===== SRCC:0.9581 ===== PLCC:0.9631
[20250225 17:02:05 INFO    ] Eval done...
[20250225 17:02:05 INFO    ] Epoch 73 done. Time: 0.79min
[20250225 17:02:05 INFO    ] Running training epoch 74
[20250225 17:02:46 INFO    ] train epoch:74 / loss:0.0005798 / SRCC:0.9934 / PLCC:0.9959
[20250225 17:02:46 INFO    ] Starting eval...
[20250225 17:02:46 INFO    ] Running testing in epoch 74
[20250225 17:02:52 INFO    ] Epoch:74 ===== loss:0.004391 ===== SRCC:0.9569 ===== PLCC:0.9653
[20250225 17:02:52 INFO    ] Eval done...
[20250225 17:02:52 INFO    ] Epoch 74 done. Time: 0.79min
[20250225 17:02:52 INFO    ] Running training epoch 75
[20250225 17:03:33 INFO    ] train epoch:75 / loss:0.0005052 / SRCC:0.9949 / PLCC:0.9965
[20250225 17:03:33 INFO    ] Starting eval...
[20250225 17:03:33 INFO    ] Running testing in epoch 75
[20250225 17:03:39 INFO    ] Epoch:75 ===== loss:0.004545 ===== SRCC:0.958 ===== PLCC:0.9644
[20250225 17:03:39 INFO    ] Eval done...
[20250225 17:03:39 INFO    ] Epoch 75 done. Time: 0.78min
[20250225 17:03:39 INFO    ] Running training epoch 76
[20250225 17:04:20 INFO    ] train epoch:76 / loss:0.001192 / SRCC:0.9887 / PLCC:0.9915
[20250225 17:04:20 INFO    ] Starting eval...
[20250225 17:04:20 INFO    ] Running testing in epoch 76
[20250225 17:04:27 INFO    ] Epoch:76 ===== loss:0.005402 ===== SRCC:0.9541 ===== PLCC:0.9598
[20250225 17:04:27 INFO    ] Eval done...
[20250225 17:04:27 INFO    ] Epoch 76 done. Time: 0.78min
[20250225 17:04:27 INFO    ] Running training epoch 77
[20250225 17:05:07 INFO    ] train epoch:77 / loss:0.0007958 / SRCC:0.9914 / PLCC:0.9944
[20250225 17:05:07 INFO    ] Starting eval...
[20250225 17:05:07 INFO    ] Running testing in epoch 77
[20250225 17:05:14 INFO    ] Epoch:77 ===== loss:0.004362 ===== SRCC:0.9565 ===== PLCC:0.964
[20250225 17:05:14 INFO    ] Eval done...
[20250225 17:05:14 INFO    ] Epoch 77 done. Time: 0.79min
[20250225 17:05:14 INFO    ] Running training epoch 78
[20250225 17:05:54 INFO    ] train epoch:78 / loss:0.0006299 / SRCC:0.9933 / PLCC:0.9955
[20250225 17:05:55 INFO    ] Starting eval...
[20250225 17:05:55 INFO    ] Running testing in epoch 78
[20250225 17:06:01 INFO    ] Epoch:78 ===== loss:0.004963 ===== SRCC:0.9596 ===== PLCC:0.9624
[20250225 17:06:01 INFO    ] Eval done...
[20250225 17:06:01 INFO    ] Epoch 78 done. Time: 0.78min
[20250225 17:06:01 INFO    ] Running training epoch 79
[20250225 17:06:42 INFO    ] train epoch:79 / loss:0.0004024 / SRCC:0.9953 / PLCC:0.9971
[20250225 17:06:42 INFO    ] Starting eval...
[20250225 17:06:42 INFO    ] Running testing in epoch 79
[20250225 17:06:48 INFO    ] Epoch:79 ===== loss:0.004977 ===== SRCC:0.9566 ===== PLCC:0.9606
[20250225 17:06:48 INFO    ] Eval done...
[20250225 17:06:48 INFO    ] Epoch 79 done. Time: 0.78min
[20250225 17:06:48 INFO    ] Running training epoch 80
[20250225 17:07:29 INFO    ] train epoch:80 / loss:0.0005251 / SRCC:0.9945 / PLCC:0.9963
[20250225 17:07:29 INFO    ] Starting eval...
[20250225 17:07:29 INFO    ] Running testing in epoch 80
[20250225 17:07:35 INFO    ] Epoch:80 ===== loss:0.00491 ===== SRCC:0.9552 ===== PLCC:0.9617
[20250225 17:07:35 INFO    ] Eval done...
[20250225 17:07:35 INFO    ] Epoch 80 done. Time: 0.79min
[20250225 17:07:35 INFO    ] Running training epoch 81
[20250225 17:08:17 INFO    ] train epoch:81 / loss:0.001031 / SRCC:0.9919 / PLCC:0.9927
[20250225 17:08:17 INFO    ] Starting eval...
[20250225 17:08:17 INFO    ] Running testing in epoch 81
[20250225 17:08:23 INFO    ] Epoch:81 ===== loss:0.007907 ===== SRCC:0.9402 ===== PLCC:0.9478
[20250225 17:08:23 INFO    ] Eval done...
[20250225 17:08:23 INFO    ] Epoch 81 done. Time: 0.79min
[20250225 17:08:23 INFO    ] Running training epoch 82
[20250225 17:09:04 INFO    ] train epoch:82 / loss:0.0009913 / SRCC:0.9904 / PLCC:0.993
[20250225 17:09:04 INFO    ] Starting eval...
[20250225 17:09:04 INFO    ] Running testing in epoch 82
[20250225 17:09:10 INFO    ] Epoch:82 ===== loss:0.005039 ===== SRCC:0.9507 ===== PLCC:0.9589
[20250225 17:09:10 INFO    ] Eval done...
[20250225 17:09:10 INFO    ] Epoch 82 done. Time: 0.79min
[20250225 17:09:10 INFO    ] Running training epoch 83
[20250225 17:09:51 INFO    ] train epoch:83 / loss:0.0007173 / SRCC:0.9932 / PLCC:0.995
[20250225 17:09:51 INFO    ] Starting eval...
[20250225 17:09:51 INFO    ] Running testing in epoch 83
[20250225 17:09:58 INFO    ] Epoch:83 ===== loss:0.004586 ===== SRCC:0.9529 ===== PLCC:0.9628
[20250225 17:09:58 INFO    ] Eval done...
[20250225 17:09:58 INFO    ] Epoch 83 done. Time: 0.79min
[20250225 17:09:58 INFO    ] Running training epoch 84
[20250225 17:10:39 INFO    ] train epoch:84 / loss:0.0004996 / SRCC:0.9947 / PLCC:0.9965
[20250225 17:10:39 INFO    ] Starting eval...
[20250225 17:10:39 INFO    ] Running testing in epoch 84
[20250225 17:10:45 INFO    ] Epoch:84 ===== loss:0.005317 ===== SRCC:0.9508 ===== PLCC:0.9598
[20250225 17:10:45 INFO    ] Eval done...
[20250225 17:10:45 INFO    ] Epoch 84 done. Time: 0.79min
[20250225 17:10:45 INFO    ] Running training epoch 85
[20250225 17:11:26 INFO    ] train epoch:85 / loss:0.0007272 / SRCC:0.9924 / PLCC:0.9948
[20250225 17:11:26 INFO    ] Starting eval...
[20250225 17:11:26 INFO    ] Running testing in epoch 85
[20250225 17:11:32 INFO    ] Epoch:85 ===== loss:0.005074 ===== SRCC:0.9534 ===== PLCC:0.9611
[20250225 17:11:32 INFO    ] Eval done...
[20250225 17:11:32 INFO    ] Epoch 85 done. Time: 0.78min
[20250225 17:11:32 INFO    ] Running training epoch 86
[20250225 17:12:13 INFO    ] train epoch:86 / loss:0.0005554 / SRCC:0.9939 / PLCC:0.9961
[20250225 17:12:13 INFO    ] Starting eval...
[20250225 17:12:13 INFO    ] Running testing in epoch 86
[20250225 17:12:20 INFO    ] Epoch:86 ===== loss:0.005205 ===== SRCC:0.9553 ===== PLCC:0.9599
[20250225 17:12:20 INFO    ] Eval done...
[20250225 17:12:20 INFO    ] Epoch 86 done. Time: 0.79min
[20250225 17:12:20 INFO    ] Running training epoch 87
[20250225 17:13:00 INFO    ] train epoch:87 / loss:0.0007166 / SRCC:0.9926 / PLCC:0.9949
[20250225 17:13:00 INFO    ] Starting eval...
[20250225 17:13:00 INFO    ] Running testing in epoch 87
[20250225 17:13:07 INFO    ] Epoch:87 ===== loss:0.004989 ===== SRCC:0.9531 ===== PLCC:0.9601
[20250225 17:13:07 INFO    ] Eval done...
[20250225 17:13:07 INFO    ] Epoch 87 done. Time: 0.79min
[20250225 17:13:07 INFO    ] Running training epoch 88
[20250225 17:13:48 INFO    ] train epoch:88 / loss:0.0008007 / SRCC:0.9919 / PLCC:0.9943
[20250225 17:13:48 INFO    ] Starting eval...
[20250225 17:13:48 INFO    ] Running testing in epoch 88
[20250225 17:13:54 INFO    ] Epoch:88 ===== loss:0.0051 ===== SRCC:0.9549 ===== PLCC:0.9577
[20250225 17:13:54 INFO    ] Eval done...
[20250225 17:13:54 INFO    ] Epoch 88 done. Time: 0.79min
[20250225 17:13:54 INFO    ] Running training epoch 89
[20250225 17:14:35 INFO    ] train epoch:89 / loss:0.0007844 / SRCC:0.9934 / PLCC:0.9944
[20250225 17:14:35 INFO    ] Starting eval...
[20250225 17:14:35 INFO    ] Running testing in epoch 89
[20250225 17:14:41 INFO    ] Epoch:89 ===== loss:0.004567 ===== SRCC:0.9557 ===== PLCC:0.964
[20250225 17:14:41 INFO    ] Eval done...
[20250225 17:14:41 INFO    ] Epoch 89 done. Time: 0.79min
[20250225 17:14:41 INFO    ] Running training epoch 90
[20250225 17:15:22 INFO    ] train epoch:90 / loss:0.0005851 / SRCC:0.9939 / PLCC:0.9958
[20250225 17:15:22 INFO    ] Starting eval...
[20250225 17:15:22 INFO    ] Running testing in epoch 90
[20250225 17:15:29 INFO    ] Epoch:90 ===== loss:0.005565 ===== SRCC:0.9462 ===== PLCC:0.9548
[20250225 17:15:29 INFO    ] Eval done...
[20250225 17:15:29 INFO    ] Epoch 90 done. Time: 0.79min
[20250225 17:15:29 INFO    ] Running training epoch 91
[20250225 17:16:09 INFO    ] train epoch:91 / loss:0.0004408 / SRCC:0.9951 / PLCC:0.9969
[20250225 17:16:09 INFO    ] Starting eval...
[20250225 17:16:09 INFO    ] Running testing in epoch 91
[20250225 17:16:15 INFO    ] Epoch:91 ===== loss:0.004998 ===== SRCC:0.9526 ===== PLCC:0.961
[20250225 17:16:15 INFO    ] Eval done...
[20250225 17:16:15 INFO    ] Epoch 91 done. Time: 0.78min
[20250225 17:16:15 INFO    ] Running training epoch 92
[20250225 17:16:57 INFO    ] train epoch:92 / loss:0.0006836 / SRCC:0.9923 / PLCC:0.9951
[20250225 17:16:57 INFO    ] Starting eval...
[20250225 17:16:57 INFO    ] Running testing in epoch 92
[20250225 17:17:03 INFO    ] Epoch:92 ===== loss:0.004707 ===== SRCC:0.9532 ===== PLCC:0.9623
[20250225 17:17:03 INFO    ] Eval done...
[20250225 17:17:03 INFO    ] Epoch 92 done. Time: 0.79min
[20250225 17:17:03 INFO    ] Running training epoch 93
[20250225 17:17:44 INFO    ] train epoch:93 / loss:0.0004649 / SRCC:0.9953 / PLCC:0.9967
[20250225 17:17:44 INFO    ] Starting eval...
[20250225 17:17:44 INFO    ] Running testing in epoch 93
[20250225 17:17:50 INFO    ] Epoch:93 ===== loss:0.006235 ===== SRCC:0.9511 ===== PLCC:0.9555
[20250225 17:17:50 INFO    ] Eval done...
[20250225 17:17:50 INFO    ] Epoch 93 done. Time: 0.79min
[20250225 17:17:50 INFO    ] Running training epoch 94
[20250225 17:18:31 INFO    ] train epoch:94 / loss:0.0005327 / SRCC:0.9942 / PLCC:0.9962
[20250225 17:18:31 INFO    ] Starting eval...
[20250225 17:18:31 INFO    ] Running testing in epoch 94
[20250225 17:18:38 INFO    ] Epoch:94 ===== loss:0.005421 ===== SRCC:0.9487 ===== PLCC:0.9564
[20250225 17:18:38 INFO    ] Eval done...
[20250225 17:18:38 INFO    ] Epoch 94 done. Time: 0.79min
[20250225 17:18:38 INFO    ] Running training epoch 95
[20250225 17:19:19 INFO    ] train epoch:95 / loss:0.0004715 / SRCC:0.995 / PLCC:0.9967
[20250225 17:19:19 INFO    ] Starting eval...
[20250225 17:19:19 INFO    ] Running testing in epoch 95
[20250225 17:19:25 INFO    ] Epoch:95 ===== loss:0.004765 ===== SRCC:0.9566 ===== PLCC:0.9649
[20250225 17:19:25 INFO    ] Eval done...
[20250225 17:19:25 INFO    ] Epoch 95 done. Time: 0.79min
[20250225 17:19:25 INFO    ] Running training epoch 96
[20250225 17:20:06 INFO    ] train epoch:96 / loss:0.0005118 / SRCC:0.9942 / PLCC:0.9964
[20250225 17:20:06 INFO    ] Starting eval...
[20250225 17:20:06 INFO    ] Running testing in epoch 96
[20250225 17:20:12 INFO    ] Epoch:96 ===== loss:0.00601 ===== SRCC:0.9453 ===== PLCC:0.9525
[20250225 17:20:12 INFO    ] Eval done...
[20250225 17:20:12 INFO    ] Epoch 96 done. Time: 0.79min
[20250225 17:20:12 INFO    ] Running training epoch 97
[20250225 17:20:53 INFO    ] train epoch:97 / loss:0.0009907 / SRCC:0.9883 / PLCC:0.993
[20250225 17:20:53 INFO    ] Starting eval...
[20250225 17:20:53 INFO    ] Running testing in epoch 97
[20250225 17:21:00 INFO    ] Epoch:97 ===== loss:0.00431 ===== SRCC:0.9599 ===== PLCC:0.9646
[20250225 17:21:00 INFO    ] Eval done...
[20250225 17:21:00 INFO    ] Epoch 97 done. Time: 0.79min
[20250225 17:21:00 INFO    ] Running training epoch 98
[20250225 17:21:41 INFO    ] train epoch:98 / loss:0.0007844 / SRCC:0.9905 / PLCC:0.9944
[20250225 17:21:41 INFO    ] Starting eval...
[20250225 17:21:41 INFO    ] Running testing in epoch 98
[20250225 17:21:47 INFO    ] Epoch:98 ===== loss:0.00458 ===== SRCC:0.9561 ===== PLCC:0.9628
[20250225 17:21:47 INFO    ] Eval done...
[20250225 17:21:47 INFO    ] Epoch 98 done. Time: 0.79min
[20250225 17:21:47 INFO    ] Running training epoch 99
[20250225 17:22:28 INFO    ] train epoch:99 / loss:0.0005083 / SRCC:0.9943 / PLCC:0.9964
[20250225 17:22:28 INFO    ] Starting eval...
[20250225 17:22:28 INFO    ] Running testing in epoch 99
[20250225 17:22:35 INFO    ] Epoch:99 ===== loss:0.004718 ===== SRCC:0.96 ===== PLCC:0.964
[20250225 17:22:35 INFO    ] Eval done...
[20250225 17:22:35 INFO    ] Epoch 99 done. Time: 0.79min
[20250225 17:22:35 INFO    ] Running training epoch 100
[20250225 17:23:16 INFO    ] train epoch:100 / loss:0.0003821 / SRCC:0.9954 / PLCC:0.9973
[20250225 17:23:16 INFO    ] Starting eval...
[20250225 17:23:16 INFO    ] Running testing in epoch 100
[20250225 17:23:22 INFO    ] Epoch:100 ===== loss:0.004983 ===== SRCC:0.9565 ===== PLCC:0.9608
[20250225 17:23:22 INFO    ] Eval done...
[20250225 17:23:22 INFO    ] Epoch 100 done. Time: 0.79min
[20250225 17:23:22 INFO    ] Running training epoch 101
[20250225 17:24:03 INFO    ] train epoch:101 / loss:0.0005373 / SRCC:0.994 / PLCC:0.9962
[20250225 17:24:03 INFO    ] Starting eval...
[20250225 17:24:03 INFO    ] Running testing in epoch 101
[20250225 17:24:09 INFO    ] Epoch:101 ===== loss:0.005453 ===== SRCC:0.9533 ===== PLCC:0.957
[20250225 17:24:09 INFO    ] Eval done...
[20250225 17:24:09 INFO    ] Epoch 101 done. Time: 0.79min
[20250225 17:24:09 INFO    ] Running training epoch 102
[20250225 17:24:50 INFO    ] train epoch:102 / loss:0.0005297 / SRCC:0.9943 / PLCC:0.9962
[20250225 17:24:50 INFO    ] Starting eval...
[20250225 17:24:50 INFO    ] Running testing in epoch 102
[20250225 17:24:56 INFO    ] Epoch:102 ===== loss:0.00559 ===== SRCC:0.9499 ===== PLCC:0.9586
[20250225 17:24:56 INFO    ] Eval done...
[20250225 17:24:56 INFO    ] Epoch 102 done. Time: 0.79min
[20250225 17:24:56 INFO    ] Running training epoch 103
[20250225 17:25:37 INFO    ] train epoch:103 / loss:0.000592 / SRCC:0.9936 / PLCC:0.9958
[20250225 17:25:37 INFO    ] Starting eval...
[20250225 17:25:37 INFO    ] Running testing in epoch 103
[20250225 17:25:44 INFO    ] Epoch:103 ===== loss:0.004789 ===== SRCC:0.9549 ===== PLCC:0.9608
[20250225 17:25:44 INFO    ] Eval done...
[20250225 17:25:44 INFO    ] Epoch 103 done. Time: 0.79min
[20250225 17:25:44 INFO    ] Running training epoch 104
[20250225 17:26:24 INFO    ] train epoch:104 / loss:0.0005854 / SRCC:0.9933 / PLCC:0.9958
[20250225 17:26:24 INFO    ] Starting eval...
[20250225 17:26:24 INFO    ] Running testing in epoch 104
[20250225 17:26:31 INFO    ] Epoch:104 ===== loss:0.004996 ===== SRCC:0.95 ===== PLCC:0.9598
[20250225 17:26:31 INFO    ] Eval done...
[20250225 17:26:31 INFO    ] Epoch 104 done. Time: 0.79min
[20250225 17:26:31 INFO    ] Running training epoch 105
[20250225 17:27:12 INFO    ] train epoch:105 / loss:0.0005292 / SRCC:0.9945 / PLCC:0.9963
[20250225 17:27:12 INFO    ] Starting eval...
[20250225 17:27:12 INFO    ] Running testing in epoch 105
[20250225 17:27:18 INFO    ] Epoch:105 ===== loss:0.004416 ===== SRCC:0.9565 ===== PLCC:0.9645
[20250225 17:27:18 INFO    ] Eval done...
[20250225 17:27:18 INFO    ] Epoch 105 done. Time: 0.79min
[20250225 17:27:18 INFO    ] Running training epoch 106
[20250225 17:27:59 INFO    ] train epoch:106 / loss:0.0003922 / SRCC:0.9961 / PLCC:0.9972
[20250225 17:27:59 INFO    ] Starting eval...
[20250225 17:27:59 INFO    ] Running testing in epoch 106
[20250225 17:28:06 INFO    ] Epoch:106 ===== loss:0.005193 ===== SRCC:0.9547 ===== PLCC:0.9592
[20250225 17:28:06 INFO    ] Eval done...
[20250225 17:28:06 INFO    ] Epoch 106 done. Time: 0.79min
[20250225 17:28:06 INFO    ] Running training epoch 107
[20250225 17:28:46 INFO    ] train epoch:107 / loss:0.0004458 / SRCC:0.9955 / PLCC:0.9968
[20250225 17:28:46 INFO    ] Starting eval...
[20250225 17:28:46 INFO    ] Running testing in epoch 107
[20250225 17:28:53 INFO    ] Epoch:107 ===== loss:0.004269 ===== SRCC:0.9622 ===== PLCC:0.9667
[20250225 17:28:53 INFO    ] Eval done...
[20250225 17:28:53 INFO    ] ======================================================================================
[20250225 17:28:53 INFO    ] ============================== best main score is 1.9288359528543695 =================================
[20250225 17:28:53 INFO    ] ======================================================================================
[20250225 17:28:54 INFO    ] Saving weights and model of epoch107, SRCC:0.9621857060515554, PLCC:0.966650246802814
[20250225 17:28:54 INFO    ] Epoch 107 done. Time: 0.8min
[20250225 17:28:54 INFO    ] Running training epoch 108
[20250225 17:29:35 INFO    ] train epoch:108 / loss:0.0006503 / SRCC:0.9942 / PLCC:0.9954
[20250225 17:29:35 INFO    ] Starting eval...
[20250225 17:29:35 INFO    ] Running testing in epoch 108
[20250225 17:29:41 INFO    ] Epoch:108 ===== loss:0.004796 ===== SRCC:0.9557 ===== PLCC:0.9622
[20250225 17:29:41 INFO    ] Eval done...
[20250225 17:29:41 INFO    ] Epoch 108 done. Time: 0.79min
[20250225 17:29:41 INFO    ] Running training epoch 109
[20250225 17:30:22 INFO    ] train epoch:109 / loss:0.000519 / SRCC:0.9945 / PLCC:0.9963
[20250225 17:30:22 INFO    ] Starting eval...
[20250225 17:30:22 INFO    ] Running testing in epoch 109
[20250225 17:30:28 INFO    ] Epoch:109 ===== loss:0.005691 ===== SRCC:0.9498 ===== PLCC:0.9558
[20250225 17:30:28 INFO    ] Eval done...
[20250225 17:30:28 INFO    ] Epoch 109 done. Time: 0.79min
[20250225 17:30:28 INFO    ] Running training epoch 110
[20250225 17:31:09 INFO    ] train epoch:110 / loss:0.0005988 / SRCC:0.9943 / PLCC:0.9958
[20250225 17:31:09 INFO    ] Starting eval...
[20250225 17:31:09 INFO    ] Running testing in epoch 110
[20250225 17:31:16 INFO    ] Epoch:110 ===== loss:0.005028 ===== SRCC:0.9546 ===== PLCC:0.9595
[20250225 17:31:16 INFO    ] Eval done...
[20250225 17:31:16 INFO    ] Epoch 110 done. Time: 0.79min
[20250225 17:31:16 INFO    ] Running training epoch 111
[20250225 17:31:56 INFO    ] train epoch:111 / loss:0.000479 / SRCC:0.9946 / PLCC:0.9966
[20250225 17:31:56 INFO    ] Starting eval...
[20250225 17:31:56 INFO    ] Running testing in epoch 111
[20250225 17:32:03 INFO    ] Epoch:111 ===== loss:0.005011 ===== SRCC:0.9555 ===== PLCC:0.9607
[20250225 17:32:03 INFO    ] Eval done...
[20250225 17:32:03 INFO    ] Epoch 111 done. Time: 0.79min
[20250225 17:32:03 INFO    ] Running training epoch 112
[20250225 17:32:43 INFO    ] train epoch:112 / loss:0.0003267 / SRCC:0.9964 / PLCC:0.9977
[20250225 17:32:43 INFO    ] Starting eval...
[20250225 17:32:43 INFO    ] Running testing in epoch 112
[20250225 17:32:50 INFO    ] Epoch:112 ===== loss:0.006274 ===== SRCC:0.9501 ===== PLCC:0.9509
[20250225 17:32:50 INFO    ] Eval done...
[20250225 17:32:50 INFO    ] Epoch 112 done. Time: 0.78min
[20250225 17:32:50 INFO    ] Running training epoch 113
[20250225 17:33:31 INFO    ] train epoch:113 / loss:0.0004828 / SRCC:0.9943 / PLCC:0.9966
[20250225 17:33:31 INFO    ] Starting eval...
[20250225 17:33:31 INFO    ] Running testing in epoch 113
[20250225 17:33:37 INFO    ] Epoch:113 ===== loss:0.004624 ===== SRCC:0.9547 ===== PLCC:0.9632
[20250225 17:33:37 INFO    ] Eval done...
[20250225 17:33:37 INFO    ] Epoch 113 done. Time: 0.79min
[20250225 17:33:37 INFO    ] Running training epoch 114
[20250225 17:34:18 INFO    ] train epoch:114 / loss:0.0004314 / SRCC:0.9948 / PLCC:0.997
[20250225 17:34:18 INFO    ] Starting eval...
[20250225 17:34:18 INFO    ] Running testing in epoch 114
[20250225 17:34:24 INFO    ] Epoch:114 ===== loss:0.005092 ===== SRCC:0.9549 ===== PLCC:0.9624
[20250225 17:34:24 INFO    ] Eval done...
[20250225 17:34:24 INFO    ] Epoch 114 done. Time: 0.79min
[20250225 17:34:24 INFO    ] Running training epoch 115
[20250225 17:35:05 INFO    ] train epoch:115 / loss:0.0004893 / SRCC:0.995 / PLCC:0.9965
[20250225 17:35:05 INFO    ] Starting eval...
[20250225 17:35:05 INFO    ] Running testing in epoch 115
[20250225 17:35:12 INFO    ] Epoch:115 ===== loss:0.004907 ===== SRCC:0.9551 ===== PLCC:0.9621
[20250225 17:35:12 INFO    ] Eval done...
[20250225 17:35:12 INFO    ] Epoch 115 done. Time: 0.79min
[20250225 17:35:12 INFO    ] Running training epoch 116
[20250225 17:35:53 INFO    ] train epoch:116 / loss:0.0007293 / SRCC:0.9941 / PLCC:0.9948
[20250225 17:35:53 INFO    ] Starting eval...
[20250225 17:35:53 INFO    ] Running testing in epoch 116
[20250225 17:36:00 INFO    ] Epoch:116 ===== loss:0.00566 ===== SRCC:0.9518 ===== PLCC:0.9595
[20250225 17:36:00 INFO    ] Eval done...
[20250225 17:36:00 INFO    ] Epoch 116 done. Time: 0.8min
[20250225 17:36:00 INFO    ] Running training epoch 117
[20250225 17:36:41 INFO    ] train epoch:117 / loss:0.001486 / SRCC:0.9877 / PLCC:0.9895
[20250225 17:36:41 INFO    ] Starting eval...
[20250225 17:36:41 INFO    ] Running testing in epoch 117
[20250225 17:36:48 INFO    ] Epoch:117 ===== loss:0.006526 ===== SRCC:0.9447 ===== PLCC:0.9496
[20250225 17:36:48 INFO    ] Eval done...
[20250225 17:36:48 INFO    ] Epoch 117 done. Time: 0.8min
[20250225 17:36:48 INFO    ] Running training epoch 118
[20250225 17:37:28 INFO    ] train epoch:118 / loss:0.0006209 / SRCC:0.9937 / PLCC:0.9956
[20250225 17:37:28 INFO    ] Starting eval...
[20250225 17:37:28 INFO    ] Running testing in epoch 118
[20250225 17:37:35 INFO    ] Epoch:118 ===== loss:0.00512 ===== SRCC:0.9525 ===== PLCC:0.9579
[20250225 17:37:35 INFO    ] Eval done...
[20250225 17:37:35 INFO    ] Epoch 118 done. Time: 0.79min
[20250225 17:37:35 INFO    ] Running training epoch 119
[20250225 17:38:16 INFO    ] train epoch:119 / loss:0.0008058 / SRCC:0.9925 / PLCC:0.9943
[20250225 17:38:16 INFO    ] Starting eval...
[20250225 17:38:16 INFO    ] Running testing in epoch 119
[20250225 17:38:22 INFO    ] Epoch:119 ===== loss:0.0051 ===== SRCC:0.9578 ===== PLCC:0.9625
[20250225 17:38:22 INFO    ] Eval done...
[20250225 17:38:22 INFO    ] Epoch 119 done. Time: 0.79min
[20250225 17:38:22 INFO    ] Running training epoch 120
[20250225 17:39:03 INFO    ] train epoch:120 / loss:0.0006111 / SRCC:0.9934 / PLCC:0.9957
[20250225 17:39:03 INFO    ] Starting eval...
[20250225 17:39:03 INFO    ] Running testing in epoch 120
[20250225 17:39:10 INFO    ] Epoch:120 ===== loss:0.005061 ===== SRCC:0.9515 ===== PLCC:0.9596
[20250225 17:39:10 INFO    ] Eval done...
[20250225 17:39:10 INFO    ] Epoch 120 done. Time: 0.79min
[20250225 17:39:10 INFO    ] Running training epoch 121
[20250225 17:39:50 INFO    ] train epoch:121 / loss:0.0004361 / SRCC:0.9959 / PLCC:0.9969
[20250225 17:39:50 INFO    ] Starting eval...
[20250225 17:39:50 INFO    ] Running testing in epoch 121
[20250225 17:39:57 INFO    ] Epoch:121 ===== loss:0.005028 ===== SRCC:0.9567 ===== PLCC:0.9614
[20250225 17:39:57 INFO    ] Eval done...
[20250225 17:39:57 INFO    ] Epoch 121 done. Time: 0.79min
[20250225 17:39:57 INFO    ] Running training epoch 122
[20250225 17:40:37 INFO    ] train epoch:122 / loss:0.0005069 / SRCC:0.9947 / PLCC:0.9964
[20250225 17:40:37 INFO    ] Starting eval...
[20250225 17:40:37 INFO    ] Running testing in epoch 122
[20250225 17:40:44 INFO    ] Epoch:122 ===== loss:0.00458 ===== SRCC:0.9569 ===== PLCC:0.9636
[20250225 17:40:44 INFO    ] Eval done...
[20250225 17:40:44 INFO    ] Epoch 122 done. Time: 0.79min
[20250225 17:40:44 INFO    ] Running training epoch 123
[20250225 17:41:25 INFO    ] train epoch:123 / loss:0.0004475 / SRCC:0.9957 / PLCC:0.9968
[20250225 17:41:25 INFO    ] Starting eval...
[20250225 17:41:25 INFO    ] Running testing in epoch 123
[20250225 17:41:31 INFO    ] Epoch:123 ===== loss:0.005488 ===== SRCC:0.9527 ===== PLCC:0.9574
[20250225 17:41:31 INFO    ] Eval done...
[20250225 17:41:31 INFO    ] Epoch 123 done. Time: 0.79min
[20250225 17:41:31 INFO    ] Running training epoch 124
[20250225 17:42:12 INFO    ] train epoch:124 / loss:0.0007573 / SRCC:0.9926 / PLCC:0.9947
[20250225 17:42:12 INFO    ] Starting eval...
[20250225 17:42:12 INFO    ] Running testing in epoch 124
[20250225 17:42:18 INFO    ] Epoch:124 ===== loss:0.00484 ===== SRCC:0.9597 ===== PLCC:0.968
[20250225 17:42:18 INFO    ] Eval done...
[20250225 17:42:18 INFO    ] Epoch 124 done. Time: 0.79min
[20250225 17:42:18 INFO    ] Running training epoch 125
[20250225 17:42:59 INFO    ] train epoch:125 / loss:0.003413 / SRCC:0.9764 / PLCC:0.9755
[20250225 17:42:59 INFO    ] Starting eval...
[20250225 17:42:59 INFO    ] Running testing in epoch 125
[20250225 17:43:06 INFO    ] Epoch:125 ===== loss:0.007818 ===== SRCC:0.9406 ===== PLCC:0.9497
[20250225 17:43:06 INFO    ] Eval done...
[20250225 17:43:06 INFO    ] Epoch 125 done. Time: 0.79min
[20250225 17:43:06 INFO    ] Running training epoch 126
[20250225 17:43:47 INFO    ] train epoch:126 / loss:0.001094 / SRCC:0.9869 / PLCC:0.9922
[20250225 17:43:47 INFO    ] Starting eval...
[20250225 17:43:47 INFO    ] Running testing in epoch 126
[20250225 17:43:53 INFO    ] Epoch:126 ===== loss:0.004928 ===== SRCC:0.9571 ===== PLCC:0.9609
[20250225 17:43:53 INFO    ] Eval done...
[20250225 17:43:53 INFO    ] Epoch 126 done. Time: 0.79min
[20250225 17:43:53 INFO    ] Running training epoch 127
[20250225 17:44:34 INFO    ] train epoch:127 / loss:0.001092 / SRCC:0.9897 / PLCC:0.9923
[20250225 17:44:34 INFO    ] Starting eval...
[20250225 17:44:34 INFO    ] Running testing in epoch 127
[20250225 17:44:40 INFO    ] Epoch:127 ===== loss:0.007511 ===== SRCC:0.9393 ===== PLCC:0.9423
[20250225 17:44:40 INFO    ] Eval done...
[20250225 17:44:40 INFO    ] Epoch 127 done. Time: 0.79min
[20250225 17:44:40 INFO    ] Running training epoch 128
[20250225 17:45:21 INFO    ] train epoch:128 / loss:0.0007099 / SRCC:0.9933 / PLCC:0.995
[20250225 17:45:21 INFO    ] Starting eval...
[20250225 17:45:21 INFO    ] Running testing in epoch 128
[20250225 17:45:28 INFO    ] Epoch:128 ===== loss:0.005464 ===== SRCC:0.9485 ===== PLCC:0.9556
[20250225 17:45:28 INFO    ] Eval done...
[20250225 17:45:28 INFO    ] Epoch 128 done. Time: 0.79min
[20250225 17:45:28 INFO    ] Running training epoch 129
[20250225 17:46:09 INFO    ] train epoch:129 / loss:0.0006502 / SRCC:0.9934 / PLCC:0.9954
[20250225 17:46:09 INFO    ] Starting eval...
[20250225 17:46:09 INFO    ] Running testing in epoch 129
[20250225 17:46:15 INFO    ] Epoch:129 ===== loss:0.005074 ===== SRCC:0.9516 ===== PLCC:0.9604
[20250225 17:46:15 INFO    ] Eval done...
[20250225 17:46:15 INFO    ] Epoch 129 done. Time: 0.79min
[20250225 17:46:15 INFO    ] Running training epoch 130
[20250225 17:46:56 INFO    ] train epoch:130 / loss:0.0005157 / SRCC:0.9946 / PLCC:0.9964
[20250225 17:46:56 INFO    ] Starting eval...
[20250225 17:46:56 INFO    ] Running testing in epoch 130
[20250225 17:47:03 INFO    ] Epoch:130 ===== loss:0.004944 ===== SRCC:0.9522 ===== PLCC:0.9599
[20250225 17:47:03 INFO    ] Eval done...
[20250225 17:47:03 INFO    ] Epoch 130 done. Time: 0.79min
[20250225 17:47:03 INFO    ] Running training epoch 131
[20250225 17:47:44 INFO    ] train epoch:131 / loss:0.000521 / SRCC:0.9951 / PLCC:0.9963
[20250225 17:47:44 INFO    ] Starting eval...
[20250225 17:47:44 INFO    ] Running testing in epoch 131
[20250225 17:47:50 INFO    ] Epoch:131 ===== loss:0.005114 ===== SRCC:0.9541 ===== PLCC:0.9606
[20250225 17:47:50 INFO    ] Eval done...
[20250225 17:47:50 INFO    ] Epoch 131 done. Time: 0.79min
[20250225 17:47:50 INFO    ] Running training epoch 132
[20250225 17:48:31 INFO    ] train epoch:132 / loss:0.0003755 / SRCC:0.9955 / PLCC:0.9973
[20250225 17:48:31 INFO    ] Starting eval...
[20250225 17:48:31 INFO    ] Running testing in epoch 132
[20250225 17:48:37 INFO    ] Epoch:132 ===== loss:0.005092 ===== SRCC:0.9526 ===== PLCC:0.9602
[20250225 17:48:37 INFO    ] Eval done...
[20250225 17:48:37 INFO    ] Epoch 132 done. Time: 0.79min
[20250225 17:48:37 INFO    ] Running training epoch 133
[20250225 17:49:18 INFO    ] train epoch:133 / loss:0.0003133 / SRCC:0.9965 / PLCC:0.9978
[20250225 17:49:18 INFO    ] Starting eval...
[20250225 17:49:18 INFO    ] Running testing in epoch 133
[20250225 17:49:25 INFO    ] Epoch:133 ===== loss:0.005022 ===== SRCC:0.9529 ===== PLCC:0.9596
[20250225 17:49:25 INFO    ] Eval done...
[20250225 17:49:25 INFO    ] Epoch 133 done. Time: 0.79min
[20250225 17:49:25 INFO    ] Running training epoch 134
[20250225 17:50:06 INFO    ] train epoch:134 / loss:0.000483 / SRCC:0.9949 / PLCC:0.9966
[20250225 17:50:06 INFO    ] Starting eval...
[20250225 17:50:06 INFO    ] Running testing in epoch 134
[20250225 17:50:12 INFO    ] Epoch:134 ===== loss:0.005112 ===== SRCC:0.9533 ===== PLCC:0.9593
[20250225 17:50:12 INFO    ] Eval done...
[20250225 17:50:12 INFO    ] Epoch 134 done. Time: 0.79min
[20250225 17:50:12 INFO    ] Running training epoch 135
[20250225 17:50:53 INFO    ] train epoch:135 / loss:0.000456 / SRCC:0.9945 / PLCC:0.9968
[20250225 17:50:53 INFO    ] Starting eval...
[20250225 17:50:53 INFO    ] Running testing in epoch 135
[20250225 17:50:59 INFO    ] Epoch:135 ===== loss:0.004502 ===== SRCC:0.9573 ===== PLCC:0.9648
[20250225 17:50:59 INFO    ] Eval done...
[20250225 17:50:59 INFO    ] Epoch 135 done. Time: 0.79min
[20250225 17:50:59 INFO    ] Running training epoch 136
[20250225 17:51:40 INFO    ] train epoch:136 / loss:0.0004288 / SRCC:0.9957 / PLCC:0.9969
[20250225 17:51:40 INFO    ] Starting eval...
[20250225 17:51:40 INFO    ] Running testing in epoch 136
[20250225 17:51:46 INFO    ] Epoch:136 ===== loss:0.00463 ===== SRCC:0.955 ===== PLCC:0.9632
[20250225 17:51:46 INFO    ] Eval done...
[20250225 17:51:46 INFO    ] Epoch 136 done. Time: 0.78min
[20250225 17:51:46 INFO    ] Running training epoch 137
[20250225 17:52:27 INFO    ] train epoch:137 / loss:0.000919 / SRCC:0.9942 / PLCC:0.9934
[20250225 17:52:27 INFO    ] Starting eval...
[20250225 17:52:27 INFO    ] Running testing in epoch 137
[20250225 17:52:33 INFO    ] Epoch:137 ===== loss:0.007218 ===== SRCC:0.9361 ===== PLCC:0.9437
[20250225 17:52:33 INFO    ] Eval done...
[20250225 17:52:33 INFO    ] Epoch 137 done. Time: 0.78min
[20250225 17:52:33 INFO    ] Running training epoch 138
[20250225 17:53:14 INFO    ] train epoch:138 / loss:0.0007156 / SRCC:0.9937 / PLCC:0.9949
[20250225 17:53:14 INFO    ] Starting eval...
[20250225 17:53:14 INFO    ] Running testing in epoch 138
[20250225 17:53:21 INFO    ] Epoch:138 ===== loss:0.005326 ===== SRCC:0.9502 ===== PLCC:0.9588
[20250225 17:53:21 INFO    ] Eval done...
[20250225 17:53:21 INFO    ] Epoch 138 done. Time: 0.78min
[20250225 17:53:21 INFO    ] Running training epoch 139
[20250225 17:54:01 INFO    ] train epoch:139 / loss:0.001054 / SRCC:0.9923 / PLCC:0.9925
[20250225 17:54:01 INFO    ] Starting eval...
[20250225 17:54:01 INFO    ] Running testing in epoch 139
[20250225 17:54:08 INFO    ] Epoch:139 ===== loss:0.006244 ===== SRCC:0.9498 ===== PLCC:0.9576
[20250225 17:54:08 INFO    ] Eval done...
[20250225 17:54:08 INFO    ] Epoch 139 done. Time: 0.79min
[20250225 17:54:08 INFO    ] Running training epoch 140
[20250225 17:54:49 INFO    ] train epoch:140 / loss:0.0007189 / SRCC:0.9935 / PLCC:0.9949
[20250225 17:54:49 INFO    ] Starting eval...
[20250225 17:54:49 INFO    ] Running testing in epoch 140
[20250225 17:54:55 INFO    ] Epoch:140 ===== loss:0.004442 ===== SRCC:0.9583 ===== PLCC:0.9665
[20250225 17:54:55 INFO    ] Eval done...
[20250225 17:54:55 INFO    ] Epoch 140 done. Time: 0.79min
[20250225 17:54:55 INFO    ] Running training epoch 141
[20250225 17:55:36 INFO    ] train epoch:141 / loss:0.0004866 / SRCC:0.9945 / PLCC:0.9965
[20250225 17:55:36 INFO    ] Starting eval...
[20250225 17:55:36 INFO    ] Running testing in epoch 141
[20250225 17:55:43 INFO    ] Epoch:141 ===== loss:0.007082 ===== SRCC:0.941 ===== PLCC:0.9464
[20250225 17:55:43 INFO    ] Eval done...
[20250225 17:55:43 INFO    ] Epoch 141 done. Time: 0.79min
[20250225 17:55:43 INFO    ] Running training epoch 142
[20250225 17:56:24 INFO    ] train epoch:142 / loss:0.0004508 / SRCC:0.9957 / PLCC:0.9968
[20250225 17:56:24 INFO    ] Starting eval...
[20250225 17:56:24 INFO    ] Running testing in epoch 142
[20250225 17:56:30 INFO    ] Epoch:142 ===== loss:0.004954 ===== SRCC:0.9494 ===== PLCC:0.9605
[20250225 17:56:30 INFO    ] Eval done...
[20250225 17:56:30 INFO    ] Epoch 142 done. Time: 0.79min
[20250225 17:56:30 INFO    ] Running training epoch 143
[20250225 17:57:11 INFO    ] train epoch:143 / loss:0.0005826 / SRCC:0.9946 / PLCC:0.9959
[20250225 17:57:11 INFO    ] Starting eval...
[20250225 17:57:11 INFO    ] Running testing in epoch 143
[20250225 17:57:17 INFO    ] Epoch:143 ===== loss:0.004604 ===== SRCC:0.9572 ===== PLCC:0.9633
[20250225 17:57:17 INFO    ] Eval done...
[20250225 17:57:17 INFO    ] Epoch 143 done. Time: 0.79min
[20250225 17:57:17 INFO    ] Running training epoch 144
[20250225 17:57:58 INFO    ] train epoch:144 / loss:0.0003858 / SRCC:0.9962 / PLCC:0.9973
[20250225 17:57:58 INFO    ] Starting eval...
[20250225 17:57:58 INFO    ] Running testing in epoch 144
[20250225 17:58:04 INFO    ] Epoch:144 ===== loss:0.005457 ===== SRCC:0.9472 ===== PLCC:0.9554
[20250225 17:58:04 INFO    ] Eval done...
[20250225 17:58:04 INFO    ] Epoch 144 done. Time: 0.79min
[20250225 17:58:04 INFO    ] Running training epoch 145
[20250225 17:58:45 INFO    ] train epoch:145 / loss:0.0003849 / SRCC:0.9961 / PLCC:0.9973
[20250225 17:58:45 INFO    ] Starting eval...
[20250225 17:58:45 INFO    ] Running testing in epoch 145
[20250225 17:58:51 INFO    ] Epoch:145 ===== loss:0.004847 ===== SRCC:0.9531 ===== PLCC:0.9616
[20250225 17:58:51 INFO    ] Eval done...
[20250225 17:58:51 INFO    ] Epoch 145 done. Time: 0.78min
[20250225 17:58:51 INFO    ] Running training epoch 146
[20250225 17:59:32 INFO    ] train epoch:146 / loss:0.0002876 / SRCC:0.997 / PLCC:0.9979
[20250225 17:59:32 INFO    ] Starting eval...
[20250225 17:59:32 INFO    ] Running testing in epoch 146
[20250225 17:59:38 INFO    ] Epoch:146 ===== loss:0.004909 ===== SRCC:0.955 ===== PLCC:0.961
[20250225 17:59:38 INFO    ] Eval done...
[20250225 17:59:38 INFO    ] Epoch 146 done. Time: 0.79min
[20250225 17:59:38 INFO    ] Running training epoch 147
[20250225 18:00:19 INFO    ] train epoch:147 / loss:0.0003104 / SRCC:0.9967 / PLCC:0.9978
[20250225 18:00:19 INFO    ] Starting eval...
[20250225 18:00:19 INFO    ] Running testing in epoch 147
[20250225 18:00:26 INFO    ] Epoch:147 ===== loss:0.005229 ===== SRCC:0.9517 ===== PLCC:0.9589
[20250225 18:00:26 INFO    ] Eval done...
[20250225 18:00:26 INFO    ] Epoch 147 done. Time: 0.79min
[20250225 18:00:26 INFO    ] Running training epoch 148
[20250225 18:01:07 INFO    ] train epoch:148 / loss:0.0004234 / SRCC:0.9951 / PLCC:0.997
[20250225 18:01:07 INFO    ] Starting eval...
[20250225 18:01:07 INFO    ] Running testing in epoch 148
[20250225 18:01:14 INFO    ] Epoch:148 ===== loss:0.00588 ===== SRCC:0.9438 ===== PLCC:0.9529
[20250225 18:01:14 INFO    ] Eval done...
[20250225 18:01:14 INFO    ] Epoch 148 done. Time: 0.79min
[20250225 18:01:14 INFO    ] Running training epoch 149
[20250225 18:01:54 INFO    ] train epoch:149 / loss:0.000306 / SRCC:0.9965 / PLCC:0.9978
[20250225 18:01:54 INFO    ] Starting eval...
[20250225 18:01:54 INFO    ] Running testing in epoch 149
[20250225 18:02:01 INFO    ] Epoch:149 ===== loss:0.005429 ===== SRCC:0.9566 ===== PLCC:0.9587
[20250225 18:02:01 INFO    ] Eval done...
[20250225 18:02:01 INFO    ] Epoch 149 done. Time: 0.79min
[20250225 18:02:01 INFO    ] Running training epoch 150
[20250225 18:02:42 INFO    ] train epoch:150 / loss:0.0003619 / SRCC:0.9959 / PLCC:0.9974
[20250225 18:02:42 INFO    ] Starting eval...
[20250225 18:02:42 INFO    ] Running testing in epoch 150
[20250225 18:02:49 INFO    ] Epoch:150 ===== loss:0.004584 ===== SRCC:0.9565 ===== PLCC:0.9639
[20250225 18:02:49 INFO    ] Eval done...
[20250225 18:02:49 INFO    ] Epoch 150 done. Time: 0.79min
[20250225 18:02:49 INFO    ] Running training epoch 151
[20250225 18:03:30 INFO    ] train epoch:151 / loss:0.0003567 / SRCC:0.9962 / PLCC:0.9975
[20250225 18:03:30 INFO    ] Starting eval...
[20250225 18:03:30 INFO    ] Running testing in epoch 151
[20250225 18:03:36 INFO    ] Epoch:151 ===== loss:0.005463 ===== SRCC:0.9509 ===== PLCC:0.9575
[20250225 18:03:36 INFO    ] Eval done...
[20250225 18:03:36 INFO    ] Epoch 151 done. Time: 0.79min
[20250225 18:03:36 INFO    ] Running training epoch 152
[20250225 18:04:17 INFO    ] train epoch:152 / loss:0.0004637 / SRCC:0.9954 / PLCC:0.9967
[20250225 18:04:17 INFO    ] Starting eval...
[20250225 18:04:17 INFO    ] Running testing in epoch 152
[20250225 18:04:24 INFO    ] Epoch:152 ===== loss:0.004667 ===== SRCC:0.955 ===== PLCC:0.9636
[20250225 18:04:24 INFO    ] Eval done...
[20250225 18:04:24 INFO    ] Epoch 152 done. Time: 0.79min
[20250225 18:04:24 INFO    ] Running training epoch 153
[20250225 18:05:05 INFO    ] train epoch:153 / loss:0.0002944 / SRCC:0.9967 / PLCC:0.9979
[20250225 18:05:05 INFO    ] Starting eval...
[20250225 18:05:05 INFO    ] Running testing in epoch 153
[20250225 18:05:11 INFO    ] Epoch:153 ===== loss:0.004688 ===== SRCC:0.956 ===== PLCC:0.9613
[20250225 18:05:11 INFO    ] Eval done...
[20250225 18:05:11 INFO    ] Epoch 153 done. Time: 0.79min
[20250225 18:05:11 INFO    ] Running training epoch 154
[20250225 18:05:52 INFO    ] train epoch:154 / loss:0.0002381 / SRCC:0.9973 / PLCC:0.9983
[20250225 18:05:52 INFO    ] Starting eval...
[20250225 18:05:52 INFO    ] Running testing in epoch 154
[20250225 18:05:59 INFO    ] Epoch:154 ===== loss:0.005036 ===== SRCC:0.9481 ===== PLCC:0.9603
[20250225 18:05:59 INFO    ] Eval done...
[20250225 18:05:59 INFO    ] Epoch 154 done. Time: 0.79min
[20250225 18:05:59 INFO    ] Running training epoch 155
[20250225 18:06:40 INFO    ] train epoch:155 / loss:0.0003848 / SRCC:0.9959 / PLCC:0.9973
[20250225 18:06:40 INFO    ] Starting eval...
[20250225 18:06:40 INFO    ] Running testing in epoch 155
[20250225 18:06:47 INFO    ] Epoch:155 ===== loss:0.005236 ===== SRCC:0.953 ===== PLCC:0.9577
[20250225 18:06:47 INFO    ] Eval done...
[20250225 18:06:47 INFO    ] Epoch 155 done. Time: 0.8min
[20250225 18:06:47 INFO    ] Running training epoch 156
[20250225 18:07:28 INFO    ] train epoch:156 / loss:0.0002683 / SRCC:0.9971 / PLCC:0.9981
[20250225 18:07:28 INFO    ] Starting eval...
[20250225 18:07:28 INFO    ] Running testing in epoch 156
[20250225 18:07:34 INFO    ] Epoch:156 ===== loss:0.005595 ===== SRCC:0.947 ===== PLCC:0.9581
[20250225 18:07:34 INFO    ] Eval done...
[20250225 18:07:34 INFO    ] Epoch 156 done. Time: 0.79min
[20250225 18:07:34 INFO    ] Running training epoch 157
[20250225 18:08:15 INFO    ] train epoch:157 / loss:0.0004371 / SRCC:0.9946 / PLCC:0.9969
[20250225 18:08:15 INFO    ] Starting eval...
[20250225 18:08:15 INFO    ] Running testing in epoch 157
[20250225 18:08:21 INFO    ] Epoch:157 ===== loss:0.005252 ===== SRCC:0.9506 ===== PLCC:0.9595
[20250225 18:08:21 INFO    ] Eval done...
[20250225 18:08:21 INFO    ] Epoch 157 done. Time: 0.79min
[20250225 18:08:21 INFO    ] Running training epoch 158
[20250225 18:09:02 INFO    ] train epoch:158 / loss:0.0004095 / SRCC:0.9951 / PLCC:0.9971
[20250225 18:09:02 INFO    ] Starting eval...
[20250225 18:09:02 INFO    ] Running testing in epoch 158
[20250225 18:09:09 INFO    ] Epoch:158 ===== loss:0.00544 ===== SRCC:0.9576 ===== PLCC:0.9619
[20250225 18:09:09 INFO    ] Eval done...
[20250225 18:09:09 INFO    ] Epoch 158 done. Time: 0.79min
[20250225 18:09:09 INFO    ] Running training epoch 159
[20250225 18:09:50 INFO    ] train epoch:159 / loss:0.0003707 / SRCC:0.9958 / PLCC:0.9974
[20250225 18:09:50 INFO    ] Starting eval...
[20250225 18:09:50 INFO    ] Running testing in epoch 159
[20250225 18:09:56 INFO    ] Epoch:159 ===== loss:0.004826 ===== SRCC:0.9532 ===== PLCC:0.9611
[20250225 18:09:56 INFO    ] Eval done...
[20250225 18:09:56 INFO    ] Epoch 159 done. Time: 0.79min
[20250225 18:09:56 INFO    ] Running training epoch 160
[20250225 18:10:37 INFO    ] train epoch:160 / loss:0.000367 / SRCC:0.9958 / PLCC:0.9974
[20250225 18:10:37 INFO    ] Starting eval...
[20250225 18:10:37 INFO    ] Running testing in epoch 160
[20250225 18:10:44 INFO    ] Epoch:160 ===== loss:0.005451 ===== SRCC:0.9517 ===== PLCC:0.9596
[20250225 18:10:44 INFO    ] Eval done...
[20250225 18:10:44 INFO    ] Epoch 160 done. Time: 0.79min
[20250225 18:10:44 INFO    ] Running training epoch 161
[20250225 18:11:25 INFO    ] train epoch:161 / loss:0.000346 / SRCC:0.9962 / PLCC:0.9975
[20250225 18:11:25 INFO    ] Starting eval...
[20250225 18:11:25 INFO    ] Running testing in epoch 161
[20250225 18:11:31 INFO    ] Epoch:161 ===== loss:0.007041 ===== SRCC:0.9365 ===== PLCC:0.9457
[20250225 18:11:31 INFO    ] Eval done...
[20250225 18:11:31 INFO    ] Epoch 161 done. Time: 0.8min
[20250225 18:11:31 INFO    ] Running training epoch 162
[20250225 18:12:13 INFO    ] train epoch:162 / loss:0.0003656 / SRCC:0.9959 / PLCC:0.9974
[20250225 18:12:13 INFO    ] Starting eval...
[20250225 18:12:13 INFO    ] Running testing in epoch 162
[20250225 18:12:19 INFO    ] Epoch:162 ===== loss:0.005165 ===== SRCC:0.9509 ===== PLCC:0.9588
[20250225 18:12:19 INFO    ] Eval done...
[20250225 18:12:19 INFO    ] Epoch 162 done. Time: 0.79min
[20250225 18:12:19 INFO    ] Running training epoch 163
[20250225 18:13:00 INFO    ] train epoch:163 / loss:0.0003993 / SRCC:0.9956 / PLCC:0.9972
[20250225 18:13:00 INFO    ] Starting eval...
[20250225 18:13:00 INFO    ] Running testing in epoch 163
[20250225 18:13:06 INFO    ] Epoch:163 ===== loss:0.005045 ===== SRCC:0.9531 ===== PLCC:0.9623
[20250225 18:13:06 INFO    ] Eval done...
[20250225 18:13:06 INFO    ] Epoch 163 done. Time: 0.79min
[20250225 18:13:06 INFO    ] Running training epoch 164
[20250225 18:13:47 INFO    ] train epoch:164 / loss:0.0004105 / SRCC:0.9954 / PLCC:0.9971
[20250225 18:13:47 INFO    ] Starting eval...
[20250225 18:13:47 INFO    ] Running testing in epoch 164
[20250225 18:13:53 INFO    ] Epoch:164 ===== loss:0.004957 ===== SRCC:0.9527 ===== PLCC:0.9609
[20250225 18:13:54 INFO    ] Eval done...
[20250225 18:13:54 INFO    ] Epoch 164 done. Time: 0.79min
[20250225 18:13:54 INFO    ] Running training epoch 165
[20250225 18:14:34 INFO    ] train epoch:165 / loss:0.0003196 / SRCC:0.9969 / PLCC:0.9977
[20250225 18:14:34 INFO    ] Starting eval...
[20250225 18:14:34 INFO    ] Running testing in epoch 165
[20250225 18:14:41 INFO    ] Epoch:165 ===== loss:0.005311 ===== SRCC:0.9495 ===== PLCC:0.9563
[20250225 18:14:41 INFO    ] Eval done...
[20250225 18:14:41 INFO    ] Epoch 165 done. Time: 0.79min
[20250225 18:14:41 INFO    ] Running training epoch 166
[20250225 18:15:22 INFO    ] train epoch:166 / loss:0.000341 / SRCC:0.9965 / PLCC:0.9976
[20250225 18:15:22 INFO    ] Starting eval...
[20250225 18:15:22 INFO    ] Running testing in epoch 166
[20250225 18:15:28 INFO    ] Epoch:166 ===== loss:0.004719 ===== SRCC:0.9555 ===== PLCC:0.9631
[20250225 18:15:28 INFO    ] Eval done...
[20250225 18:15:28 INFO    ] Epoch 166 done. Time: 0.78min
[20250225 18:15:28 INFO    ] Running training epoch 167
[20250225 18:16:09 INFO    ] train epoch:167 / loss:0.0003733 / SRCC:0.9958 / PLCC:0.9974
[20250225 18:16:09 INFO    ] Starting eval...
[20250225 18:16:09 INFO    ] Running testing in epoch 167
[20250225 18:16:15 INFO    ] Epoch:167 ===== loss:0.005146 ===== SRCC:0.9529 ===== PLCC:0.959
[20250225 18:16:15 INFO    ] Eval done...
[20250225 18:16:15 INFO    ] Epoch 167 done. Time: 0.79min
[20250225 18:16:15 INFO    ] Running training epoch 168
[20250225 18:16:56 INFO    ] train epoch:168 / loss:0.000347 / SRCC:0.9961 / PLCC:0.9975
[20250225 18:16:56 INFO    ] Starting eval...
[20250225 18:16:56 INFO    ] Running testing in epoch 168
[20250225 18:17:02 INFO    ] Epoch:168 ===== loss:0.004764 ===== SRCC:0.9545 ===== PLCC:0.9609
[20250225 18:17:02 INFO    ] Eval done...
[20250225 18:17:02 INFO    ] Epoch 168 done. Time: 0.78min
[20250225 18:17:02 INFO    ] Running training epoch 169
[20250225 18:17:43 INFO    ] train epoch:169 / loss:0.0003781 / SRCC:0.996 / PLCC:0.9973
[20250225 18:17:43 INFO    ] Starting eval...
[20250225 18:17:43 INFO    ] Running testing in epoch 169
[20250225 18:17:49 INFO    ] Epoch:169 ===== loss:0.004908 ===== SRCC:0.9526 ===== PLCC:0.9601
[20250225 18:17:49 INFO    ] Eval done...
[20250225 18:17:49 INFO    ] Epoch 169 done. Time: 0.79min
[20250225 18:17:49 INFO    ] Running training epoch 170
[20250225 18:18:30 INFO    ] train epoch:170 / loss:0.0002987 / SRCC:0.9966 / PLCC:0.9979
[20250225 18:18:30 INFO    ] Starting eval...
[20250225 18:18:30 INFO    ] Running testing in epoch 170
[20250225 18:18:36 INFO    ] Epoch:170 ===== loss:0.004919 ===== SRCC:0.9555 ===== PLCC:0.9626
[20250225 18:18:36 INFO    ] Eval done...
[20250225 18:18:36 INFO    ] Epoch 170 done. Time: 0.78min
[20250225 18:18:36 INFO    ] Running training epoch 171
[20250225 18:19:17 INFO    ] train epoch:171 / loss:0.0004628 / SRCC:0.9954 / PLCC:0.9967
[20250225 18:19:17 INFO    ] Starting eval...
[20250225 18:19:17 INFO    ] Running testing in epoch 171
[20250225 18:19:23 INFO    ] Epoch:171 ===== loss:0.00523 ===== SRCC:0.9511 ===== PLCC:0.9601
[20250225 18:19:23 INFO    ] Eval done...
[20250225 18:19:23 INFO    ] Epoch 171 done. Time: 0.79min
[20250225 18:19:23 INFO    ] Running training epoch 172
[20250225 18:20:04 INFO    ] train epoch:172 / loss:0.0002981 / SRCC:0.9964 / PLCC:0.9979
[20250225 18:20:04 INFO    ] Starting eval...
[20250225 18:20:04 INFO    ] Running testing in epoch 172
[20250225 18:20:11 INFO    ] Epoch:172 ===== loss:0.005342 ===== SRCC:0.9549 ===== PLCC:0.9585
[20250225 18:20:11 INFO    ] Eval done...
[20250225 18:20:11 INFO    ] Epoch 172 done. Time: 0.79min
[20250225 18:20:11 INFO    ] Running training epoch 173
[20250225 18:20:52 INFO    ] train epoch:173 / loss:0.0003595 / SRCC:0.9964 / PLCC:0.9975
[20250225 18:20:52 INFO    ] Starting eval...
[20250225 18:20:52 INFO    ] Running testing in epoch 173
[20250225 18:20:58 INFO    ] Epoch:173 ===== loss:0.005377 ===== SRCC:0.9506 ===== PLCC:0.9571
[20250225 18:20:58 INFO    ] Eval done...
[20250225 18:20:58 INFO    ] Epoch 173 done. Time: 0.79min
[20250225 18:20:58 INFO    ] Running training epoch 174
[20250225 18:21:39 INFO    ] train epoch:174 / loss:0.0003061 / SRCC:0.9965 / PLCC:0.9978
[20250225 18:21:39 INFO    ] Starting eval...
[20250225 18:21:39 INFO    ] Running testing in epoch 174
[20250225 18:21:45 INFO    ] Epoch:174 ===== loss:0.004894 ===== SRCC:0.9519 ===== PLCC:0.9606
[20250225 18:21:45 INFO    ] Eval done...
[20250225 18:21:45 INFO    ] Epoch 174 done. Time: 0.79min
[20250225 18:21:45 INFO    ] Running training epoch 175
[20250225 18:22:26 INFO    ] train epoch:175 / loss:0.0002934 / SRCC:0.9968 / PLCC:0.9979
[20250225 18:22:26 INFO    ] Starting eval...
[20250225 18:22:26 INFO    ] Running testing in epoch 175
[20250225 18:22:33 INFO    ] Epoch:175 ===== loss:0.005335 ===== SRCC:0.9477 ===== PLCC:0.9594
[20250225 18:22:33 INFO    ] Eval done...
[20250225 18:22:33 INFO    ] Epoch 175 done. Time: 0.79min
[20250225 18:22:33 INFO    ] Running training epoch 176
[20250225 18:23:13 INFO    ] train epoch:176 / loss:0.0003281 / SRCC:0.9964 / PLCC:0.9977
[20250225 18:23:13 INFO    ] Starting eval...
[20250225 18:23:13 INFO    ] Running testing in epoch 176
[20250225 18:23:20 INFO    ] Epoch:176 ===== loss:0.00567 ===== SRCC:0.952 ===== PLCC:0.9566
[20250225 18:23:20 INFO    ] Eval done...
[20250225 18:23:20 INFO    ] Epoch 176 done. Time: 0.79min
[20250225 18:23:20 INFO    ] Running training epoch 177
[20250225 18:24:01 INFO    ] train epoch:177 / loss:0.0002878 / SRCC:0.9971 / PLCC:0.998
[20250225 18:24:01 INFO    ] Starting eval...
[20250225 18:24:01 INFO    ] Running testing in epoch 177
[20250225 18:24:07 INFO    ] Epoch:177 ===== loss:0.004683 ===== SRCC:0.9567 ===== PLCC:0.9627
[20250225 18:24:07 INFO    ] Eval done...
[20250225 18:24:07 INFO    ] Epoch 177 done. Time: 0.79min
[20250225 18:24:07 INFO    ] Running training epoch 178
[20250225 18:24:48 INFO    ] train epoch:178 / loss:0.0008682 / SRCC:0.992 / PLCC:0.9938
[20250225 18:24:48 INFO    ] Starting eval...
[20250225 18:24:48 INFO    ] Running testing in epoch 178
[20250225 18:24:54 INFO    ] Epoch:178 ===== loss:0.004614 ===== SRCC:0.9549 ===== PLCC:0.9639
[20250225 18:24:54 INFO    ] Eval done...
[20250225 18:24:54 INFO    ] Epoch 178 done. Time: 0.79min
[20250225 18:24:54 INFO    ] Running training epoch 179
[20250225 18:25:35 INFO    ] train epoch:179 / loss:0.0008593 / SRCC:0.9926 / PLCC:0.9939
[20250225 18:25:35 INFO    ] Starting eval...
[20250225 18:25:35 INFO    ] Running testing in epoch 179
[20250225 18:25:41 INFO    ] Epoch:179 ===== loss:0.006216 ===== SRCC:0.9488 ===== PLCC:0.9574
[20250225 18:25:41 INFO    ] Eval done...
[20250225 18:25:41 INFO    ] Epoch 179 done. Time: 0.79min
[20250225 18:25:41 INFO    ] Running training epoch 180
[20250225 18:26:23 INFO    ] train epoch:180 / loss:0.0006462 / SRCC:0.9934 / PLCC:0.9954
[20250225 18:26:23 INFO    ] Starting eval...
[20250225 18:26:23 INFO    ] Running testing in epoch 180
[20250225 18:26:29 INFO    ] Epoch:180 ===== loss:0.004208 ===== SRCC:0.9594 ===== PLCC:0.9678
[20250225 18:26:29 INFO    ] Eval done...
[20250225 18:26:29 INFO    ] Epoch 180 done. Time: 0.79min
[20250225 18:26:29 INFO    ] Running training epoch 181
[20250225 18:27:10 INFO    ] train epoch:181 / loss:0.0003559 / SRCC:0.9962 / PLCC:0.9975
[20250225 18:27:10 INFO    ] Starting eval...
[20250225 18:27:10 INFO    ] Running testing in epoch 181
[20250225 18:27:17 INFO    ] Epoch:181 ===== loss:0.004752 ===== SRCC:0.9559 ===== PLCC:0.9646
[20250225 18:27:17 INFO    ] Eval done...
[20250225 18:27:17 INFO    ] Epoch 181 done. Time: 0.8min
[20250225 18:27:17 INFO    ] Running training epoch 182
[20250225 18:27:58 INFO    ] train epoch:182 / loss:0.0003553 / SRCC:0.9961 / PLCC:0.9975
[20250225 18:27:58 INFO    ] Starting eval...
[20250225 18:27:58 INFO    ] Running testing in epoch 182
[20250225 18:28:04 INFO    ] Epoch:182 ===== loss:0.004612 ===== SRCC:0.9554 ===== PLCC:0.9636
[20250225 18:28:04 INFO    ] Eval done...
[20250225 18:28:04 INFO    ] Epoch 182 done. Time: 0.79min
[20250225 18:28:04 INFO    ] Running training epoch 183
[20250225 18:28:45 INFO    ] train epoch:183 / loss:0.0004218 / SRCC:0.9946 / PLCC:0.997
[20250225 18:28:45 INFO    ] Starting eval...
[20250225 18:28:45 INFO    ] Running testing in epoch 183
[20250225 18:28:51 INFO    ] Epoch:183 ===== loss:0.005358 ===== SRCC:0.9523 ===== PLCC:0.9583
[20250225 18:28:51 INFO    ] Eval done...
[20250225 18:28:51 INFO    ] Epoch 183 done. Time: 0.79min
[20250225 18:28:51 INFO    ] Running training epoch 184
[20250225 18:29:32 INFO    ] train epoch:184 / loss:0.0003252 / SRCC:0.9962 / PLCC:0.9977
[20250225 18:29:32 INFO    ] Starting eval...
[20250225 18:29:32 INFO    ] Running testing in epoch 184
[20250225 18:29:39 INFO    ] Epoch:184 ===== loss:0.005322 ===== SRCC:0.9531 ===== PLCC:0.9576
[20250225 18:29:39 INFO    ] Eval done...
[20250225 18:29:39 INFO    ] Epoch 184 done. Time: 0.79min
[20250225 18:29:39 INFO    ] Running training epoch 185
[20250225 18:30:20 INFO    ] train epoch:185 / loss:0.0004025 / SRCC:0.9955 / PLCC:0.9971
[20250225 18:30:20 INFO    ] Starting eval...
[20250225 18:30:20 INFO    ] Running testing in epoch 185
[20250225 18:30:26 INFO    ] Epoch:185 ===== loss:0.004868 ===== SRCC:0.9531 ===== PLCC:0.9617
[20250225 18:30:26 INFO    ] Eval done...
[20250225 18:30:26 INFO    ] Epoch 185 done. Time: 0.79min
[20250225 18:30:26 INFO    ] Running training epoch 186
[20250225 18:31:07 INFO    ] train epoch:186 / loss:0.0002857 / SRCC:0.9971 / PLCC:0.998
[20250225 18:31:07 INFO    ] Starting eval...
[20250225 18:31:07 INFO    ] Running testing in epoch 186
[20250225 18:31:14 INFO    ] Epoch:186 ===== loss:0.00589 ===== SRCC:0.9453 ===== PLCC:0.9558
[20250225 18:31:14 INFO    ] Eval done...
[20250225 18:31:14 INFO    ] Epoch 186 done. Time: 0.79min
[20250225 18:31:14 INFO    ] Running training epoch 187
[20250225 18:31:54 INFO    ] train epoch:187 / loss:0.0005321 / SRCC:0.9949 / PLCC:0.9963
[20250225 18:31:54 INFO    ] Starting eval...
[20250225 18:31:54 INFO    ] Running testing in epoch 187
[20250225 18:32:01 INFO    ] Epoch:187 ===== loss:0.006009 ===== SRCC:0.9462 ===== PLCC:0.954
[20250225 18:32:01 INFO    ] Eval done...
[20250225 18:32:01 INFO    ] Epoch 187 done. Time: 0.79min
[20250225 18:32:01 INFO    ] Running training epoch 188
[20250225 18:32:42 INFO    ] train epoch:188 / loss:0.0004647 / SRCC:0.9947 / PLCC:0.9967
[20250225 18:32:42 INFO    ] Starting eval...
[20250225 18:32:42 INFO    ] Running testing in epoch 188
[20250225 18:32:48 INFO    ] Epoch:188 ===== loss:0.005281 ===== SRCC:0.9487 ===== PLCC:0.9568
[20250225 18:32:48 INFO    ] Eval done...
[20250225 18:32:48 INFO    ] Epoch 188 done. Time: 0.79min
[20250225 18:32:48 INFO    ] Running training epoch 189
[20250225 18:33:29 INFO    ] train epoch:189 / loss:0.0004835 / SRCC:0.9947 / PLCC:0.9966
[20250225 18:33:29 INFO    ] Starting eval...
[20250225 18:33:29 INFO    ] Running testing in epoch 189
[20250225 18:33:36 INFO    ] Epoch:189 ===== loss:0.00485 ===== SRCC:0.9566 ===== PLCC:0.963
[20250225 18:33:36 INFO    ] Eval done...
[20250225 18:33:36 INFO    ] Epoch 189 done. Time: 0.79min
[20250225 18:33:36 INFO    ] Running training epoch 190
[20250225 18:34:16 INFO    ] train epoch:190 / loss:0.0003844 / SRCC:0.9961 / PLCC:0.9973
[20250225 18:34:16 INFO    ] Starting eval...
[20250225 18:34:16 INFO    ] Running testing in epoch 190
[20250225 18:34:23 INFO    ] Epoch:190 ===== loss:0.005663 ===== SRCC:0.9506 ===== PLCC:0.9578
[20250225 18:34:23 INFO    ] Eval done...
[20250225 18:34:23 INFO    ] Epoch 190 done. Time: 0.79min
[20250225 18:34:23 INFO    ] Running training epoch 191
[20250225 18:35:04 INFO    ] train epoch:191 / loss:0.0003753 / SRCC:0.9958 / PLCC:0.9974
[20250225 18:35:04 INFO    ] Starting eval...
[20250225 18:35:04 INFO    ] Running testing in epoch 191
[20250225 18:35:10 INFO    ] Epoch:191 ===== loss:0.005632 ===== SRCC:0.9451 ===== PLCC:0.9551
[20250225 18:35:10 INFO    ] Eval done...
[20250225 18:35:10 INFO    ] Epoch 191 done. Time: 0.79min
[20250225 18:35:10 INFO    ] Running training epoch 192
[20250225 18:35:51 INFO    ] train epoch:192 / loss:0.0003997 / SRCC:0.9959 / PLCC:0.9972
[20250225 18:35:51 INFO    ] Starting eval...
[20250225 18:35:51 INFO    ] Running testing in epoch 192
[20250225 18:35:58 INFO    ] Epoch:192 ===== loss:0.004988 ===== SRCC:0.9537 ===== PLCC:0.9616
[20250225 18:35:58 INFO    ] Eval done...
[20250225 18:35:58 INFO    ] Epoch 192 done. Time: 0.79min
[20250225 18:35:58 INFO    ] Running training epoch 193
[20250225 18:36:39 INFO    ] train epoch:193 / loss:0.0003397 / SRCC:0.9964 / PLCC:0.9976
[20250225 18:36:39 INFO    ] Starting eval...
[20250225 18:36:39 INFO    ] Running testing in epoch 193
[20250225 18:36:45 INFO    ] Epoch:193 ===== loss:0.005346 ===== SRCC:0.9502 ===== PLCC:0.9602
[20250225 18:36:45 INFO    ] Eval done...
[20250225 18:36:45 INFO    ] Epoch 193 done. Time: 0.79min
[20250225 18:36:45 INFO    ] Running training epoch 194
[20250225 18:37:26 INFO    ] train epoch:194 / loss:0.0003735 / SRCC:0.9961 / PLCC:0.9973
[20250225 18:37:26 INFO    ] Starting eval...
[20250225 18:37:26 INFO    ] Running testing in epoch 194
[20250225 18:37:32 INFO    ] Epoch:194 ===== loss:0.005118 ===== SRCC:0.9533 ===== PLCC:0.9599
[20250225 18:37:32 INFO    ] Eval done...
[20250225 18:37:32 INFO    ] Epoch 194 done. Time: 0.78min
[20250225 18:37:32 INFO    ] Running training epoch 195
[20250225 18:38:13 INFO    ] train epoch:195 / loss:0.0003527 / SRCC:0.9963 / PLCC:0.9975
[20250225 18:38:13 INFO    ] Starting eval...
[20250225 18:38:13 INFO    ] Running testing in epoch 195
[20250225 18:38:19 INFO    ] Epoch:195 ===== loss:0.005324 ===== SRCC:0.9524 ===== PLCC:0.9583
[20250225 18:38:19 INFO    ] Eval done...
[20250225 18:38:19 INFO    ] Epoch 195 done. Time: 0.78min
[20250225 18:38:19 INFO    ] Running training epoch 196
[20250225 18:39:00 INFO    ] train epoch:196 / loss:0.0003736 / SRCC:0.9962 / PLCC:0.9974
[20250225 18:39:00 INFO    ] Starting eval...
[20250225 18:39:00 INFO    ] Running testing in epoch 196
[20250225 18:39:06 INFO    ] Epoch:196 ===== loss:0.004978 ===== SRCC:0.9527 ===== PLCC:0.9602
[20250225 18:39:06 INFO    ] Eval done...
[20250225 18:39:06 INFO    ] Epoch 196 done. Time: 0.78min
[20250225 18:39:06 INFO    ] Running training epoch 197
[20250225 18:39:46 INFO    ] train epoch:197 / loss:0.0003719 / SRCC:0.9954 / PLCC:0.9974
[20250225 18:39:46 INFO    ] Starting eval...
[20250225 18:39:46 INFO    ] Running testing in epoch 197
[20250225 18:39:53 INFO    ] Epoch:197 ===== loss:0.005722 ===== SRCC:0.9506 ===== PLCC:0.9582
[20250225 18:39:53 INFO    ] Eval done...
[20250225 18:39:53 INFO    ] Epoch 197 done. Time: 0.78min
[20250225 18:39:53 INFO    ] Running training epoch 198
[20250225 18:40:33 INFO    ] train epoch:198 / loss:0.0003502 / SRCC:0.9964 / PLCC:0.9975
[20250225 18:40:33 INFO    ] Starting eval...
[20250225 18:40:33 INFO    ] Running testing in epoch 198
[20250225 18:40:40 INFO    ] Epoch:198 ===== loss:0.00563 ===== SRCC:0.9529 ===== PLCC:0.9602
[20250225 18:40:40 INFO    ] Eval done...
[20250225 18:40:40 INFO    ] Epoch 198 done. Time: 0.78min
[20250225 18:40:40 INFO    ] Running training epoch 199
[20250225 18:41:20 INFO    ] train epoch:199 / loss:0.0004015 / SRCC:0.9958 / PLCC:0.9971
[20250225 18:41:20 INFO    ] Starting eval...
[20250225 18:41:20 INFO    ] Running testing in epoch 199
[20250225 18:41:27 INFO    ] Epoch:199 ===== loss:0.004793 ===== SRCC:0.954 ===== PLCC:0.9621
[20250225 18:41:27 INFO    ] Eval done...
[20250225 18:41:27 INFO    ] Epoch 199 done. Time: 0.78min
[20250225 18:41:27 INFO    ] Running training epoch 200
[20250225 18:42:07 INFO    ] train epoch:200 / loss:0.0003505 / SRCC:0.9962 / PLCC:0.9975
[20250225 18:42:07 INFO    ] Starting eval...
[20250225 18:42:07 INFO    ] Running testing in epoch 200
[20250225 18:42:14 INFO    ] Epoch:200 ===== loss:0.005467 ===== SRCC:0.951 ===== PLCC:0.9599
[20250225 18:42:14 INFO    ] Eval done...
[20250225 18:42:14 INFO    ] Epoch 200 done. Time: 0.78min
