[20250222 12:32:50 INFO    ] {'dataset_name': 'tid2013', 'koniq10k_path': '../all_dataset/KonIQ-10K/1024x768', 'koniq10k_label': './data/koniq10k/koniq10k_label.txt', 'livec_path': '../all_dataset/LIVEC/Images/', 'livec_label': './data/livec/livec_label.txt', 'spaq_path': '../all_dataset/SPAQ/TestImage/', 'spaq_label': './data/spaq/spaq_label.txt', 'tid2013_path': '../all_dataset/tid2013/distorted_images/', 'tid2013_label': 'data/tid2013/tid2013_label.txt', 'kadid10k_path': '../all_dataset/KADID-10K/images/', 'kadid10k_label': './data/kadid10k/kadid10k_label.txt', 'csiq_path': '../all_dataset/CSIQ/dist_imgs/', 'csiq_label': './data/CSIQ/csiq_label.txt', 'batch_size': 12, 'learning_rate': 1e-05, 'weight_decay': 1e-05, 'n_epoch': 200, 'val_freq': 1, 'T_max': 50, 'eta_min': 0, 'num_avg_val': 1, 'num_workers': 8, 'split_seed': 20, 'train_keep_ratio': 1.0, 'val_keep_ratio': 1.0, 'crop_size': 224, 'prob_aug': 0.7, 'patch_size': 8, 'img_size': 224, 'embed_dim': 768, 'dim_mlp': 768, 'num_heads': [4, 4], 'window_size': 4, 'depths': [2, 2], 'num_outputs': 1, 'num_tab': 2, 'scale': 0.8, 'ckpt_path': './output_tid2013_wo_dy/models/tid2013', 'log_path': './output_tid2013_wo_dy/log/tid2013', 'log_file': 'tid2013.log', 'tensorboard_path': './output_tid2013_wo_dy/tid2013'}
[20250222 12:32:51 INFO    ] number of train scenes: 2400
[20250222 12:32:51 INFO    ] number of val scenes: 600
[20250222 12:32:53 INFO    ] #Params : 172.537214 [M]
[20250222 12:32:58 INFO    ] Running training epoch 1
[20250222 12:35:10 INFO    ] train epoch:1 / loss:0.02407 / SRCC:0.6222 / PLCC:0.5898
[20250222 12:35:10 INFO    ] Starting eval...
[20250222 12:35:10 INFO    ] Running testing in epoch 1
[20250222 12:35:25 INFO    ] Epoch:1 ===== loss:0.0108 ===== SRCC:0.8389 ===== PLCC:0.8575
[20250222 12:35:25 INFO    ] Eval done...
[20250222 12:35:25 INFO    ] ======================================================================================
[20250222 12:35:25 INFO    ] ============================== best main score is 1.6963958588415902 =================================
[20250222 12:35:25 INFO    ] ======================================================================================
[20250222 12:35:26 INFO    ] Saving weights and model of epoch1, SRCC:0.8388791730930512, PLCC:0.857516685748539
[20250222 12:35:26 INFO    ] Epoch 1 done. Time: 2.5min
[20250222 12:35:26 INFO    ] Running training epoch 2
[20250222 12:37:37 INFO    ] train epoch:2 / loss:0.007582 / SRCC:0.846 / PLCC:0.8745
[20250222 12:37:37 INFO    ] Starting eval...
[20250222 12:37:37 INFO    ] Running testing in epoch 2
[20250222 12:37:51 INFO    ] Epoch:2 ===== loss:0.007756 ===== SRCC:0.8586 ===== PLCC:0.8811
[20250222 12:37:51 INFO    ] Eval done...
[20250222 12:37:51 INFO    ] ======================================================================================
[20250222 12:37:51 INFO    ] ============================== best main score is 1.7396640146686957 =================================
[20250222 12:37:51 INFO    ] ======================================================================================
[20250222 12:37:52 INFO    ] Saving weights and model of epoch2, SRCC:0.8585931279958863, PLCC:0.8810708866728094
[20250222 12:37:52 INFO    ] Epoch 2 done. Time: 2.4min
[20250222 12:37:52 INFO    ] Running training epoch 3
[20250222 12:40:03 INFO    ] train epoch:3 / loss:0.005809 / SRCC:0.8799 / PLCC:0.9054
[20250222 12:40:03 INFO    ] Starting eval...
[20250222 12:40:03 INFO    ] Running testing in epoch 3
[20250222 12:40:17 INFO    ] Epoch:3 ===== loss:0.007342 ===== SRCC:0.8726 ===== PLCC:0.8886
[20250222 12:40:17 INFO    ] Eval done...
[20250222 12:40:17 INFO    ] ======================================================================================
[20250222 12:40:17 INFO    ] ============================== best main score is 1.7611884419624233 =================================
[20250222 12:40:17 INFO    ] ======================================================================================
[20250222 12:40:18 INFO    ] Saving weights and model of epoch3, SRCC:0.8726280478779728, PLCC:0.8885603940844505
[20250222 12:40:18 INFO    ] Epoch 3 done. Time: 2.4min
[20250222 12:40:18 INFO    ] Running training epoch 4
[20250222 12:42:30 INFO    ] train epoch:4 / loss:0.004665 / SRCC:0.9056 / PLCC:0.9248
[20250222 12:42:30 INFO    ] Starting eval...
[20250222 12:42:30 INFO    ] Running testing in epoch 4
[20250222 12:42:45 INFO    ] Epoch:4 ===== loss:0.00745 ===== SRCC:0.8922 ===== PLCC:0.9061
[20250222 12:42:45 INFO    ] Eval done...
[20250222 12:42:45 INFO    ] ======================================================================================
[20250222 12:42:45 INFO    ] ============================== best main score is 1.7983007811004514 =================================
[20250222 12:42:45 INFO    ] ======================================================================================
[20250222 12:42:46 INFO    ] Saving weights and model of epoch4, SRCC:0.8922251687269972, PLCC:0.9060756123734542
[20250222 12:42:46 INFO    ] Epoch 4 done. Time: 2.5min
[20250222 12:42:46 INFO    ] Running training epoch 5
[20250222 12:44:57 INFO    ] train epoch:5 / loss:0.00377 / SRCC:0.9242 / PLCC:0.9397
[20250222 12:44:57 INFO    ] Starting eval...
[20250222 12:44:57 INFO    ] Running testing in epoch 5
[20250222 12:45:11 INFO    ] Epoch:5 ===== loss:0.01002 ===== SRCC:0.8797 ===== PLCC:0.8997
[20250222 12:45:11 INFO    ] Eval done...
[20250222 12:45:11 INFO    ] Epoch 5 done. Time: 2.4min
[20250222 12:45:11 INFO    ] Running training epoch 6
[20250222 12:47:22 INFO    ] train epoch:6 / loss:0.003764 / SRCC:0.9225 / PLCC:0.9398
[20250222 12:47:22 INFO    ] Starting eval...
[20250222 12:47:22 INFO    ] Running testing in epoch 6
[20250222 12:47:37 INFO    ] Epoch:6 ===== loss:0.008992 ===== SRCC:0.879 ===== PLCC:0.8951
[20250222 12:47:37 INFO    ] Eval done...
[20250222 12:47:37 INFO    ] Epoch 6 done. Time: 2.4min
[20250222 12:47:37 INFO    ] Running training epoch 7
[20250222 12:49:48 INFO    ] train epoch:7 / loss:0.003507 / SRCC:0.9277 / PLCC:0.944
[20250222 12:49:48 INFO    ] Starting eval...
[20250222 12:49:48 INFO    ] Running testing in epoch 7
[20250222 12:50:03 INFO    ] Epoch:7 ===== loss:0.007336 ===== SRCC:0.8819 ===== PLCC:0.9012
[20250222 12:50:03 INFO    ] Eval done...
[20250222 12:50:03 INFO    ] Epoch 7 done. Time: 2.4min
[20250222 12:50:03 INFO    ] Running training epoch 8
[20250222 12:52:15 INFO    ] train epoch:8 / loss:0.003179 / SRCC:0.9361 / PLCC:0.9494
[20250222 12:52:15 INFO    ] Starting eval...
[20250222 12:52:15 INFO    ] Running testing in epoch 8
[20250222 12:52:29 INFO    ] Epoch:8 ===== loss:0.005815 ===== SRCC:0.8987 ===== PLCC:0.9128
[20250222 12:52:29 INFO    ] Eval done...
[20250222 12:52:29 INFO    ] ======================================================================================
[20250222 12:52:29 INFO    ] ============================== best main score is 1.8115083944670707 =================================
[20250222 12:52:29 INFO    ] ======================================================================================
[20250222 12:52:30 INFO    ] Saving weights and model of epoch8, SRCC:0.8986966253010166, PLCC:0.9128117691660541
[20250222 12:52:30 INFO    ] Epoch 8 done. Time: 2.5min
[20250222 12:52:30 INFO    ] Running training epoch 9
[20250222 12:54:41 INFO    ] train epoch:9 / loss:0.00319 / SRCC:0.9357 / PLCC:0.9492
[20250222 12:54:41 INFO    ] Starting eval...
[20250222 12:54:41 INFO    ] Running testing in epoch 9
[20250222 12:54:56 INFO    ] Epoch:9 ===== loss:0.009167 ===== SRCC:0.8538 ===== PLCC:0.8772
[20250222 12:54:56 INFO    ] Eval done...
[20250222 12:54:56 INFO    ] Epoch 9 done. Time: 2.4min
[20250222 12:54:56 INFO    ] Running training epoch 10
[20250222 12:57:07 INFO    ] train epoch:10 / loss:0.003698 / SRCC:0.9251 / PLCC:0.9409
[20250222 12:57:07 INFO    ] Starting eval...
[20250222 12:57:07 INFO    ] Running testing in epoch 10
[20250222 12:57:22 INFO    ] Epoch:10 ===== loss:0.006814 ===== SRCC:0.898 ===== PLCC:0.9157
[20250222 12:57:22 INFO    ] Eval done...
[20250222 12:57:22 INFO    ] ======================================================================================
[20250222 12:57:22 INFO    ] ============================== best main score is 1.8137744178863198 =================================
[20250222 12:57:22 INFO    ] ======================================================================================
[20250222 12:57:22 INFO    ] Saving weights and model of epoch10, SRCC:0.8980352045555848, PLCC:0.9157392133307349
[20250222 12:57:22 INFO    ] Epoch 10 done. Time: 2.4min
[20250222 12:57:22 INFO    ] Running training epoch 11
[20250222 12:59:34 INFO    ] train epoch:11 / loss:0.003143 / SRCC:0.9381 / PLCC:0.95
[20250222 12:59:34 INFO    ] Starting eval...
[20250222 12:59:34 INFO    ] Running testing in epoch 11
[20250222 12:59:48 INFO    ] Epoch:11 ===== loss:0.007131 ===== SRCC:0.8924 ===== PLCC:0.9034
[20250222 12:59:49 INFO    ] Eval done...
[20250222 12:59:49 INFO    ] Epoch 11 done. Time: 2.4min
[20250222 12:59:49 INFO    ] Running training epoch 12
[20250222 13:02:00 INFO    ] train epoch:12 / loss:0.00333 / SRCC:0.932 / PLCC:0.9469
[20250222 13:02:00 INFO    ] Starting eval...
[20250222 13:02:00 INFO    ] Running testing in epoch 12
[20250222 13:02:14 INFO    ] Epoch:12 ===== loss:0.006198 ===== SRCC:0.9092 ===== PLCC:0.9234
[20250222 13:02:14 INFO    ] Eval done...
[20250222 13:02:14 INFO    ] ======================================================================================
[20250222 13:02:14 INFO    ] ============================== best main score is 1.832632025042459 =================================
[20250222 13:02:14 INFO    ] ======================================================================================
[20250222 13:02:15 INFO    ] Saving weights and model of epoch12, SRCC:0.9092022456412912, PLCC:0.9234297794011679
[20250222 13:02:15 INFO    ] Epoch 12 done. Time: 2.4min
[20250222 13:02:15 INFO    ] Running training epoch 13
[20250222 13:04:26 INFO    ] train epoch:13 / loss:0.002651 / SRCC:0.9447 / PLCC:0.958
[20250222 13:04:26 INFO    ] Starting eval...
[20250222 13:04:26 INFO    ] Running testing in epoch 13
[20250222 13:04:41 INFO    ] Epoch:13 ===== loss:0.00663 ===== SRCC:0.8995 ===== PLCC:0.9116
[20250222 13:04:41 INFO    ] Eval done...
[20250222 13:04:41 INFO    ] Epoch 13 done. Time: 2.4min
[20250222 13:04:41 INFO    ] Running training epoch 14
[20250222 13:06:52 INFO    ] train epoch:14 / loss:0.002815 / SRCC:0.9433 / PLCC:0.9554
[20250222 13:06:52 INFO    ] Starting eval...
[20250222 13:06:52 INFO    ] Running testing in epoch 14
[20250222 13:07:06 INFO    ] Epoch:14 ===== loss:0.004895 ===== SRCC:0.9237 ===== PLCC:0.9294
[20250222 13:07:06 INFO    ] Eval done...
[20250222 13:07:06 INFO    ] ======================================================================================
[20250222 13:07:06 INFO    ] ============================== best main score is 1.8530506185651947 =================================
[20250222 13:07:06 INFO    ] ======================================================================================
[20250222 13:07:07 INFO    ] Saving weights and model of epoch14, SRCC:0.9236890016430365, PLCC:0.9293616169221584
[20250222 13:07:07 INFO    ] Epoch 14 done. Time: 2.4min
[20250222 13:07:07 INFO    ] Running training epoch 15
[20250222 13:09:18 INFO    ] train epoch:15 / loss:0.00237 / SRCC:0.9506 / PLCC:0.9625
[20250222 13:09:18 INFO    ] Starting eval...
[20250222 13:09:18 INFO    ] Running testing in epoch 15
[20250222 13:09:33 INFO    ] Epoch:15 ===== loss:0.005844 ===== SRCC:0.9045 ===== PLCC:0.9157
[20250222 13:09:33 INFO    ] Eval done...
[20250222 13:09:33 INFO    ] Epoch 15 done. Time: 2.4min
[20250222 13:09:33 INFO    ] Running training epoch 16
[20250222 13:11:44 INFO    ] train epoch:16 / loss:0.002091 / SRCC:0.957 / PLCC:0.967
[20250222 13:11:44 INFO    ] Starting eval...
[20250222 13:11:44 INFO    ] Running testing in epoch 16
[20250222 13:11:59 INFO    ] Epoch:16 ===== loss:0.005158 ===== SRCC:0.9172 ===== PLCC:0.9286
[20250222 13:11:59 INFO    ] Eval done...
[20250222 13:11:59 INFO    ] Epoch 16 done. Time: 2.4min
[20250222 13:11:59 INFO    ] Running training epoch 17
[20250222 13:14:09 INFO    ] train epoch:17 / loss:0.002373 / SRCC:0.9523 / PLCC:0.9625
[20250222 13:14:09 INFO    ] Starting eval...
[20250222 13:14:09 INFO    ] Running testing in epoch 17
[20250222 13:14:24 INFO    ] Epoch:17 ===== loss:0.008064 ===== SRCC:0.8914 ===== PLCC:0.9094
[20250222 13:14:24 INFO    ] Eval done...
[20250222 13:14:24 INFO    ] Epoch 17 done. Time: 2.4min
[20250222 13:14:24 INFO    ] Running training epoch 18
[20250222 13:16:35 INFO    ] train epoch:18 / loss:0.002195 / SRCC:0.9549 / PLCC:0.9654
[20250222 13:16:35 INFO    ] Starting eval...
[20250222 13:16:35 INFO    ] Running testing in epoch 18
[20250222 13:16:50 INFO    ] Epoch:18 ===== loss:0.005491 ===== SRCC:0.9158 ===== PLCC:0.9242
[20250222 13:16:50 INFO    ] Eval done...
[20250222 13:16:50 INFO    ] Epoch 18 done. Time: 2.4min
[20250222 13:16:50 INFO    ] Running training epoch 19
[20250222 13:19:02 INFO    ] train epoch:19 / loss:0.002671 / SRCC:0.9445 / PLCC:0.9577
[20250222 13:19:02 INFO    ] Starting eval...
[20250222 13:19:02 INFO    ] Running testing in epoch 19
[20250222 13:19:16 INFO    ] Epoch:19 ===== loss:0.005083 ===== SRCC:0.9126 ===== PLCC:0.9252
[20250222 13:19:16 INFO    ] Eval done...
[20250222 13:19:16 INFO    ] Epoch 19 done. Time: 2.4min
[20250222 13:19:16 INFO    ] Running training epoch 20
[20250222 13:21:27 INFO    ] train epoch:20 / loss:0.002503 / SRCC:0.9477 / PLCC:0.9604
[20250222 13:21:27 INFO    ] Starting eval...
[20250222 13:21:27 INFO    ] Running testing in epoch 20
[20250222 13:21:42 INFO    ] Epoch:20 ===== loss:0.005785 ===== SRCC:0.911 ===== PLCC:0.9243
[20250222 13:21:42 INFO    ] Eval done...
[20250222 13:21:42 INFO    ] Epoch 20 done. Time: 2.4min
[20250222 13:21:42 INFO    ] Running training epoch 21
[20250222 13:23:53 INFO    ] train epoch:21 / loss:0.002125 / SRCC:0.9567 / PLCC:0.9665
[20250222 13:23:53 INFO    ] Starting eval...
[20250222 13:23:53 INFO    ] Running testing in epoch 21
[20250222 13:24:07 INFO    ] Epoch:21 ===== loss:0.006963 ===== SRCC:0.9083 ===== PLCC:0.9189
[20250222 13:24:07 INFO    ] Eval done...
[20250222 13:24:07 INFO    ] Epoch 21 done. Time: 2.4min
[20250222 13:24:07 INFO    ] Running training epoch 22
[20250222 13:26:18 INFO    ] train epoch:22 / loss:0.002018 / SRCC:0.9589 / PLCC:0.9682
[20250222 13:26:18 INFO    ] Starting eval...
[20250222 13:26:18 INFO    ] Running testing in epoch 22
[20250222 13:26:33 INFO    ] Epoch:22 ===== loss:0.005859 ===== SRCC:0.9037 ===== PLCC:0.9165
[20250222 13:26:33 INFO    ] Eval done...
[20250222 13:26:33 INFO    ] Epoch 22 done. Time: 2.4min
[20250222 13:26:33 INFO    ] Running training epoch 23
[20250222 13:28:44 INFO    ] train epoch:23 / loss:0.001944 / SRCC:0.9593 / PLCC:0.9694
[20250222 13:28:44 INFO    ] Starting eval...
[20250222 13:28:44 INFO    ] Running testing in epoch 23
[20250222 13:28:59 INFO    ] Epoch:23 ===== loss:0.007075 ===== SRCC:0.913 ===== PLCC:0.9234
[20250222 13:28:59 INFO    ] Eval done...
[20250222 13:28:59 INFO    ] Epoch 23 done. Time: 2.4min
[20250222 13:28:59 INFO    ] Running training epoch 24
[20250222 13:31:10 INFO    ] train epoch:24 / loss:0.001916 / SRCC:0.9603 / PLCC:0.9698
[20250222 13:31:10 INFO    ] Starting eval...
[20250222 13:31:10 INFO    ] Running testing in epoch 24
[20250222 13:31:25 INFO    ] Epoch:24 ===== loss:0.006106 ===== SRCC:0.9167 ===== PLCC:0.9286
[20250222 13:31:25 INFO    ] Eval done...
[20250222 13:31:25 INFO    ] Epoch 24 done. Time: 2.4min
[20250222 13:31:25 INFO    ] Running training epoch 25
[20250222 13:33:36 INFO    ] train epoch:25 / loss:0.001815 / SRCC:0.9615 / PLCC:0.9714
[20250222 13:33:36 INFO    ] Starting eval...
[20250222 13:33:36 INFO    ] Running testing in epoch 25
[20250222 13:33:51 INFO    ] Epoch:25 ===== loss:0.006473 ===== SRCC:0.8957 ===== PLCC:0.913
[20250222 13:33:51 INFO    ] Eval done...
[20250222 13:33:51 INFO    ] Epoch 25 done. Time: 2.4min
[20250222 13:33:51 INFO    ] Running training epoch 26
[20250222 13:36:02 INFO    ] train epoch:26 / loss:0.001919 / SRCC:0.9597 / PLCC:0.9698
[20250222 13:36:02 INFO    ] Starting eval...
[20250222 13:36:02 INFO    ] Running testing in epoch 26
[20250222 13:36:16 INFO    ] Epoch:26 ===== loss:0.004239 ===== SRCC:0.9271 ===== PLCC:0.9386
[20250222 13:36:16 INFO    ] Eval done...
[20250222 13:36:16 INFO    ] ======================================================================================
[20250222 13:36:16 INFO    ] ============================== best main score is 1.8657421226033106 =================================
[20250222 13:36:16 INFO    ] ======================================================================================
[20250222 13:36:17 INFO    ] Saving weights and model of epoch26, SRCC:0.9270948004232595, PLCC:0.9386473221800511
[20250222 13:36:17 INFO    ] Epoch 26 done. Time: 2.4min
[20250222 13:36:17 INFO    ] Running training epoch 27
[20250222 13:38:28 INFO    ] train epoch:27 / loss:0.001698 / SRCC:0.9643 / PLCC:0.9733
[20250222 13:38:28 INFO    ] Starting eval...
[20250222 13:38:28 INFO    ] Running testing in epoch 27
[20250222 13:38:43 INFO    ] Epoch:27 ===== loss:0.005633 ===== SRCC:0.9055 ===== PLCC:0.9199
[20250222 13:38:43 INFO    ] Eval done...
[20250222 13:38:43 INFO    ] Epoch 27 done. Time: 2.4min
[20250222 13:38:43 INFO    ] Running training epoch 28
[20250222 13:40:54 INFO    ] train epoch:28 / loss:0.001817 / SRCC:0.9618 / PLCC:0.9714
[20250222 13:40:54 INFO    ] Starting eval...
[20250222 13:40:54 INFO    ] Running testing in epoch 28
[20250222 13:41:09 INFO    ] Epoch:28 ===== loss:0.005899 ===== SRCC:0.9188 ===== PLCC:0.9308
[20250222 13:41:09 INFO    ] Eval done...
[20250222 13:41:09 INFO    ] Epoch 28 done. Time: 2.4min
[20250222 13:41:09 INFO    ] Running training epoch 29
[20250222 13:43:20 INFO    ] train epoch:29 / loss:0.001815 / SRCC:0.962 / PLCC:0.9715
[20250222 13:43:20 INFO    ] Starting eval...
[20250222 13:43:20 INFO    ] Running testing in epoch 29
[20250222 13:43:35 INFO    ] Epoch:29 ===== loss:0.005292 ===== SRCC:0.9211 ===== PLCC:0.9269
[20250222 13:43:35 INFO    ] Eval done...
[20250222 13:43:35 INFO    ] Epoch 29 done. Time: 2.4min
[20250222 13:43:35 INFO    ] Running training epoch 30
[20250222 13:45:46 INFO    ] train epoch:30 / loss:0.002135 / SRCC:0.9549 / PLCC:0.9663
[20250222 13:45:46 INFO    ] Starting eval...
[20250222 13:45:46 INFO    ] Running testing in epoch 30
[20250222 13:46:00 INFO    ] Epoch:30 ===== loss:0.006191 ===== SRCC:0.9078 ===== PLCC:0.9211
[20250222 13:46:00 INFO    ] Eval done...
[20250222 13:46:00 INFO    ] Epoch 30 done. Time: 2.4min
[20250222 13:46:00 INFO    ] Running training epoch 31
[20250222 13:48:11 INFO    ] train epoch:31 / loss:0.001646 / SRCC:0.9659 / PLCC:0.9741
[20250222 13:48:11 INFO    ] Starting eval...
[20250222 13:48:11 INFO    ] Running testing in epoch 31
[20250222 13:48:26 INFO    ] Epoch:31 ===== loss:0.00516 ===== SRCC:0.9213 ===== PLCC:0.9293
[20250222 13:48:26 INFO    ] Eval done...
[20250222 13:48:26 INFO    ] Epoch 31 done. Time: 2.4min
[20250222 13:48:26 INFO    ] Running training epoch 32
[20250222 13:50:37 INFO    ] train epoch:32 / loss:0.001573 / SRCC:0.9669 / PLCC:0.9753
[20250222 13:50:37 INFO    ] Starting eval...
[20250222 13:50:37 INFO    ] Running testing in epoch 32
[20250222 13:50:51 INFO    ] Epoch:32 ===== loss:0.005682 ===== SRCC:0.9024 ===== PLCC:0.9166
[20250222 13:50:51 INFO    ] Eval done...
[20250222 13:50:51 INFO    ] Epoch 32 done. Time: 2.4min
[20250222 13:50:51 INFO    ] Running training epoch 33
[20250222 13:53:02 INFO    ] train epoch:33 / loss:0.001829 / SRCC:0.9613 / PLCC:0.9712
[20250222 13:53:02 INFO    ] Starting eval...
[20250222 13:53:02 INFO    ] Running testing in epoch 33
[20250222 13:53:17 INFO    ] Epoch:33 ===== loss:0.005252 ===== SRCC:0.914 ===== PLCC:0.925
[20250222 13:53:17 INFO    ] Eval done...
[20250222 13:53:17 INFO    ] Epoch 33 done. Time: 2.4min
[20250222 13:53:17 INFO    ] Running training epoch 34
[20250222 13:55:28 INFO    ] train epoch:34 / loss:0.001573 / SRCC:0.9682 / PLCC:0.9753
[20250222 13:55:28 INFO    ] Starting eval...
[20250222 13:55:28 INFO    ] Running testing in epoch 34
[20250222 13:55:42 INFO    ] Epoch:34 ===== loss:0.006468 ===== SRCC:0.909 ===== PLCC:0.9201
[20250222 13:55:42 INFO    ] Eval done...
[20250222 13:55:42 INFO    ] Epoch 34 done. Time: 2.4min
[20250222 13:55:42 INFO    ] Running training epoch 35
[20250222 13:57:54 INFO    ] train epoch:35 / loss:0.001621 / SRCC:0.9652 / PLCC:0.9745
[20250222 13:57:54 INFO    ] Starting eval...
[20250222 13:57:54 INFO    ] Running testing in epoch 35
[20250222 13:58:08 INFO    ] Epoch:35 ===== loss:0.004746 ===== SRCC:0.9213 ===== PLCC:0.9325
[20250222 13:58:08 INFO    ] Eval done...
[20250222 13:58:08 INFO    ] Epoch 35 done. Time: 2.4min
[20250222 13:58:08 INFO    ] Running training epoch 36
[20250222 14:00:19 INFO    ] train epoch:36 / loss:0.001363 / SRCC:0.9716 / PLCC:0.9786
[20250222 14:00:19 INFO    ] Starting eval...
[20250222 14:00:19 INFO    ] Running testing in epoch 36
[20250222 14:00:33 INFO    ] Epoch:36 ===== loss:0.00474 ===== SRCC:0.9333 ===== PLCC:0.9415
[20250222 14:00:33 INFO    ] Eval done...
[20250222 14:00:33 INFO    ] ======================================================================================
[20250222 14:00:33 INFO    ] ============================== best main score is 1.87474982723494 =================================
[20250222 14:00:33 INFO    ] ======================================================================================
[20250222 14:00:34 INFO    ] Saving weights and model of epoch36, SRCC:0.9332983386784478, PLCC:0.9414514885564922
[20250222 14:00:34 INFO    ] Epoch 36 done. Time: 2.4min
[20250222 14:00:34 INFO    ] Running training epoch 37
[20250222 14:02:45 INFO    ] train epoch:37 / loss:0.001992 / SRCC:0.9583 / PLCC:0.9686
[20250222 14:02:45 INFO    ] Starting eval...
[20250222 14:02:45 INFO    ] Running testing in epoch 37
[20250222 14:03:00 INFO    ] Epoch:37 ===== loss:0.00662 ===== SRCC:0.925 ===== PLCC:0.9333
[20250222 14:03:00 INFO    ] Eval done...
[20250222 14:03:00 INFO    ] Epoch 37 done. Time: 2.4min
[20250222 14:03:00 INFO    ] Running training epoch 38
[20250222 14:05:11 INFO    ] train epoch:38 / loss:0.001712 / SRCC:0.9637 / PLCC:0.9732
[20250222 14:05:11 INFO    ] Starting eval...
[20250222 14:05:11 INFO    ] Running testing in epoch 38
[20250222 14:05:26 INFO    ] Epoch:38 ===== loss:0.005047 ===== SRCC:0.917 ===== PLCC:0.9284
[20250222 14:05:26 INFO    ] Eval done...
[20250222 14:05:26 INFO    ] Epoch 38 done. Time: 2.4min
[20250222 14:05:26 INFO    ] Running training epoch 39
[20250222 14:07:37 INFO    ] train epoch:39 / loss:0.001461 / SRCC:0.97 / PLCC:0.9771
[20250222 14:07:37 INFO    ] Starting eval...
[20250222 14:07:37 INFO    ] Running testing in epoch 39
[20250222 14:07:51 INFO    ] Epoch:39 ===== loss:0.005561 ===== SRCC:0.9186 ===== PLCC:0.9292
[20250222 14:07:51 INFO    ] Eval done...
[20250222 14:07:51 INFO    ] Epoch 39 done. Time: 2.4min
[20250222 14:07:51 INFO    ] Running training epoch 40
[20250222 14:10:02 INFO    ] train epoch:40 / loss:0.001615 / SRCC:0.9661 / PLCC:0.9746
[20250222 14:10:02 INFO    ] Starting eval...
[20250222 14:10:02 INFO    ] Running testing in epoch 40
[20250222 14:10:17 INFO    ] Epoch:40 ===== loss:0.004502 ===== SRCC:0.9265 ===== PLCC:0.9358
[20250222 14:10:17 INFO    ] Eval done...
[20250222 14:10:17 INFO    ] Epoch 40 done. Time: 2.4min
[20250222 14:10:17 INFO    ] Running training epoch 41
[20250222 14:12:28 INFO    ] train epoch:41 / loss:0.001959 / SRCC:0.9577 / PLCC:0.9692
[20250222 14:12:28 INFO    ] Starting eval...
[20250222 14:12:28 INFO    ] Running testing in epoch 41
[20250222 14:12:42 INFO    ] Epoch:41 ===== loss:0.004339 ===== SRCC:0.928 ===== PLCC:0.9376
[20250222 14:12:42 INFO    ] Eval done...
[20250222 14:12:42 INFO    ] Epoch 41 done. Time: 2.4min
[20250222 14:12:42 INFO    ] Running training epoch 42
[20250222 14:14:53 INFO    ] train epoch:42 / loss:0.0016 / SRCC:0.9666 / PLCC:0.9749
[20250222 14:14:53 INFO    ] Starting eval...
[20250222 14:14:53 INFO    ] Running testing in epoch 42
[20250222 14:15:08 INFO    ] Epoch:42 ===== loss:0.004376 ===== SRCC:0.9381 ===== PLCC:0.9413
[20250222 14:15:08 INFO    ] Eval done...
[20250222 14:15:08 INFO    ] ======================================================================================
[20250222 14:15:08 INFO    ] ============================== best main score is 1.879404627807252 =================================
[20250222 14:15:08 INFO    ] ======================================================================================
[20250222 14:15:09 INFO    ] Saving weights and model of epoch42, SRCC:0.938057423581721, PLCC:0.941347204225531
[20250222 14:15:09 INFO    ] Epoch 42 done. Time: 2.4min
[20250222 14:15:09 INFO    ] Running training epoch 43
[20250222 14:17:20 INFO    ] train epoch:43 / loss:0.001532 / SRCC:0.9668 / PLCC:0.9759
[20250222 14:17:20 INFO    ] Starting eval...
[20250222 14:17:20 INFO    ] Running testing in epoch 43
[20250222 14:17:34 INFO    ] Epoch:43 ===== loss:0.004781 ===== SRCC:0.9244 ===== PLCC:0.936
[20250222 14:17:34 INFO    ] Eval done...
[20250222 14:17:34 INFO    ] Epoch 43 done. Time: 2.4min
[20250222 14:17:34 INFO    ] Running training epoch 44
[20250222 14:19:46 INFO    ] train epoch:44 / loss:0.001398 / SRCC:0.9701 / PLCC:0.9781
[20250222 14:19:46 INFO    ] Starting eval...
[20250222 14:19:46 INFO    ] Running testing in epoch 44
[20250222 14:20:00 INFO    ] Epoch:44 ===== loss:0.007214 ===== SRCC:0.8931 ===== PLCC:0.9132
[20250222 14:20:00 INFO    ] Eval done...
[20250222 14:20:00 INFO    ] Epoch 44 done. Time: 2.4min
[20250222 14:20:00 INFO    ] Running training epoch 45
[20250222 14:22:11 INFO    ] train epoch:45 / loss:0.001669 / SRCC:0.9651 / PLCC:0.9738
[20250222 14:22:11 INFO    ] Starting eval...
[20250222 14:22:11 INFO    ] Running testing in epoch 45
[20250222 14:22:26 INFO    ] Epoch:45 ===== loss:0.004794 ===== SRCC:0.9275 ===== PLCC:0.9368
[20250222 14:22:26 INFO    ] Eval done...
[20250222 14:22:26 INFO    ] Epoch 45 done. Time: 2.4min
[20250222 14:22:26 INFO    ] Running training epoch 46
[20250222 14:24:37 INFO    ] train epoch:46 / loss:0.00171 / SRCC:0.9638 / PLCC:0.9731
[20250222 14:24:37 INFO    ] Starting eval...
[20250222 14:24:37 INFO    ] Running testing in epoch 46
[20250222 14:24:51 INFO    ] Epoch:46 ===== loss:0.004577 ===== SRCC:0.9382 ===== PLCC:0.9442
[20250222 14:24:51 INFO    ] Eval done...
[20250222 14:24:51 INFO    ] ======================================================================================
[20250222 14:24:51 INFO    ] ============================== best main score is 1.8824181085737977 =================================
[20250222 14:24:51 INFO    ] ======================================================================================
[20250222 14:24:52 INFO    ] Saving weights and model of epoch46, SRCC:0.9381743409693787, PLCC:0.944243767604419
[20250222 14:24:52 INFO    ] Epoch 46 done. Time: 2.4min
[20250222 14:24:52 INFO    ] Running training epoch 47
[20250222 14:27:04 INFO    ] train epoch:47 / loss:0.001375 / SRCC:0.9708 / PLCC:0.9785
[20250222 14:27:04 INFO    ] Starting eval...
[20250222 14:27:04 INFO    ] Running testing in epoch 47
[20250222 14:27:18 INFO    ] Epoch:47 ===== loss:0.006229 ===== SRCC:0.9087 ===== PLCC:0.9213
[20250222 14:27:18 INFO    ] Eval done...
[20250222 14:27:18 INFO    ] Epoch 47 done. Time: 2.4min
[20250222 14:27:18 INFO    ] Running training epoch 48
[20250222 14:29:29 INFO    ] train epoch:48 / loss:0.001435 / SRCC:0.9697 / PLCC:0.9775
[20250222 14:29:29 INFO    ] Starting eval...
[20250222 14:29:29 INFO    ] Running testing in epoch 48
[20250222 14:29:44 INFO    ] Epoch:48 ===== loss:0.005125 ===== SRCC:0.9352 ===== PLCC:0.9418
[20250222 14:29:44 INFO    ] Eval done...
[20250222 14:29:44 INFO    ] Epoch 48 done. Time: 2.4min
[20250222 14:29:44 INFO    ] Running training epoch 49
[20250222 14:31:56 INFO    ] train epoch:49 / loss:0.00146 / SRCC:0.9687 / PLCC:0.9771
[20250222 14:31:56 INFO    ] Starting eval...
[20250222 14:31:56 INFO    ] Running testing in epoch 49
[20250222 14:32:10 INFO    ] Epoch:49 ===== loss:0.003568 ===== SRCC:0.9435 ===== PLCC:0.9496
[20250222 14:32:10 INFO    ] Eval done...
[20250222 14:32:10 INFO    ] ======================================================================================
[20250222 14:32:10 INFO    ] ============================== best main score is 1.8930857090318838 =================================
[20250222 14:32:10 INFO    ] ======================================================================================
[20250222 14:32:11 INFO    ] Saving weights and model of epoch49, SRCC:0.9434997071425008, PLCC:0.949586001889383
[20250222 14:32:11 INFO    ] Epoch 49 done. Time: 2.5min
[20250222 14:32:11 INFO    ] Running training epoch 50
[20250222 14:34:22 INFO    ] train epoch:50 / loss:0.001305 / SRCC:0.9721 / PLCC:0.9796
[20250222 14:34:22 INFO    ] Starting eval...
[20250222 14:34:22 INFO    ] Running testing in epoch 50
[20250222 14:34:37 INFO    ] Epoch:50 ===== loss:0.005388 ===== SRCC:0.9166 ===== PLCC:0.9271
[20250222 14:34:37 INFO    ] Eval done...
[20250222 14:34:37 INFO    ] Epoch 50 done. Time: 2.4min
[20250222 14:34:37 INFO    ] Running training epoch 51
[20250222 14:36:47 INFO    ] train epoch:51 / loss:0.001531 / SRCC:0.9668 / PLCC:0.976
[20250222 14:36:47 INFO    ] Starting eval...
[20250222 14:36:47 INFO    ] Running testing in epoch 51
[20250222 14:37:02 INFO    ] Epoch:51 ===== loss:0.004357 ===== SRCC:0.9284 ===== PLCC:0.9358
[20250222 14:37:02 INFO    ] Eval done...
[20250222 14:37:02 INFO    ] Epoch 51 done. Time: 2.4min
[20250222 14:37:02 INFO    ] Running training epoch 52
[20250222 14:39:13 INFO    ] train epoch:52 / loss:0.001497 / SRCC:0.9678 / PLCC:0.9765
[20250222 14:39:13 INFO    ] Starting eval...
[20250222 14:39:13 INFO    ] Running testing in epoch 52
[20250222 14:39:27 INFO    ] Epoch:52 ===== loss:0.005699 ===== SRCC:0.9156 ===== PLCC:0.9289
[20250222 14:39:27 INFO    ] Eval done...
[20250222 14:39:27 INFO    ] Epoch 52 done. Time: 2.4min
[20250222 14:39:27 INFO    ] Running training epoch 53
[20250222 14:41:39 INFO    ] train epoch:53 / loss:0.001341 / SRCC:0.9712 / PLCC:0.979
[20250222 14:41:39 INFO    ] Starting eval...
[20250222 14:41:39 INFO    ] Running testing in epoch 53
[20250222 14:41:53 INFO    ] Epoch:53 ===== loss:0.006117 ===== SRCC:0.9226 ===== PLCC:0.9345
[20250222 14:41:53 INFO    ] Eval done...
[20250222 14:41:53 INFO    ] Epoch 53 done. Time: 2.4min
[20250222 14:41:53 INFO    ] Running training epoch 54
[20250222 14:44:04 INFO    ] train epoch:54 / loss:0.001581 / SRCC:0.9666 / PLCC:0.9752
[20250222 14:44:04 INFO    ] Starting eval...
[20250222 14:44:04 INFO    ] Running testing in epoch 54
[20250222 14:44:19 INFO    ] Epoch:54 ===== loss:0.004201 ===== SRCC:0.9369 ===== PLCC:0.9445
[20250222 14:44:19 INFO    ] Eval done...
[20250222 14:44:19 INFO    ] Epoch 54 done. Time: 2.4min
[20250222 14:44:19 INFO    ] Running training epoch 55
[20250222 14:46:30 INFO    ] train epoch:55 / loss:0.001343 / SRCC:0.9721 / PLCC:0.9789
[20250222 14:46:30 INFO    ] Starting eval...
[20250222 14:46:30 INFO    ] Running testing in epoch 55
[20250222 14:46:44 INFO    ] Epoch:55 ===== loss:0.005135 ===== SRCC:0.9278 ===== PLCC:0.9298
[20250222 14:46:44 INFO    ] Eval done...
[20250222 14:46:44 INFO    ] Epoch 55 done. Time: 2.4min
[20250222 14:46:44 INFO    ] Running training epoch 56
[20250222 14:48:55 INFO    ] train epoch:56 / loss:0.001328 / SRCC:0.972 / PLCC:0.9792
[20250222 14:48:55 INFO    ] Starting eval...
[20250222 14:48:55 INFO    ] Running testing in epoch 56
[20250222 14:49:10 INFO    ] Epoch:56 ===== loss:0.00623 ===== SRCC:0.9252 ===== PLCC:0.9341
[20250222 14:49:10 INFO    ] Eval done...
[20250222 14:49:10 INFO    ] Epoch 56 done. Time: 2.4min
[20250222 14:49:10 INFO    ] Running training epoch 57
[20250222 14:51:21 INFO    ] train epoch:57 / loss:0.001392 / SRCC:0.9708 / PLCC:0.9782
[20250222 14:51:21 INFO    ] Starting eval...
[20250222 14:51:21 INFO    ] Running testing in epoch 57
[20250222 14:51:35 INFO    ] Epoch:57 ===== loss:0.005571 ===== SRCC:0.9136 ===== PLCC:0.9255
[20250222 14:51:35 INFO    ] Eval done...
[20250222 14:51:35 INFO    ] Epoch 57 done. Time: 2.4min
[20250222 14:51:35 INFO    ] Running training epoch 58
[20250222 14:53:46 INFO    ] train epoch:58 / loss:0.001301 / SRCC:0.9732 / PLCC:0.9796
[20250222 14:53:46 INFO    ] Starting eval...
[20250222 14:53:47 INFO    ] Running testing in epoch 58
[20250222 14:54:01 INFO    ] Epoch:58 ===== loss:0.00431 ===== SRCC:0.9311 ===== PLCC:0.9376
[20250222 14:54:01 INFO    ] Eval done...
[20250222 14:54:01 INFO    ] Epoch 58 done. Time: 2.4min
[20250222 14:54:01 INFO    ] Running training epoch 59
[20250222 14:56:12 INFO    ] train epoch:59 / loss:0.001416 / SRCC:0.9697 / PLCC:0.9778
[20250222 14:56:12 INFO    ] Starting eval...
[20250222 14:56:12 INFO    ] Running testing in epoch 59
[20250222 14:56:27 INFO    ] Epoch:59 ===== loss:0.006509 ===== SRCC:0.9151 ===== PLCC:0.927
[20250222 14:56:27 INFO    ] Eval done...
[20250222 14:56:27 INFO    ] Epoch 59 done. Time: 2.4min
[20250222 14:56:27 INFO    ] Running training epoch 60
[20250222 14:58:38 INFO    ] train epoch:60 / loss:0.001325 / SRCC:0.9713 / PLCC:0.9792
[20250222 14:58:38 INFO    ] Starting eval...
[20250222 14:58:38 INFO    ] Running testing in epoch 60
[20250222 14:58:53 INFO    ] Epoch:60 ===== loss:0.005873 ===== SRCC:0.9089 ===== PLCC:0.922
[20250222 14:58:53 INFO    ] Eval done...
[20250222 14:58:53 INFO    ] Epoch 60 done. Time: 2.4min
[20250222 14:58:53 INFO    ] Running training epoch 61
[20250222 15:01:04 INFO    ] train epoch:61 / loss:0.001424 / SRCC:0.9699 / PLCC:0.9777
[20250222 15:01:04 INFO    ] Starting eval...
[20250222 15:01:04 INFO    ] Running testing in epoch 61
[20250222 15:01:18 INFO    ] Epoch:61 ===== loss:0.004637 ===== SRCC:0.9227 ===== PLCC:0.9318
[20250222 15:01:18 INFO    ] Eval done...
[20250222 15:01:18 INFO    ] Epoch 61 done. Time: 2.4min
[20250222 15:01:18 INFO    ] Running training epoch 62
[20250222 15:03:29 INFO    ] train epoch:62 / loss:0.001405 / SRCC:0.9698 / PLCC:0.978
[20250222 15:03:29 INFO    ] Starting eval...
[20250222 15:03:29 INFO    ] Running testing in epoch 62
[20250222 15:03:43 INFO    ] Epoch:62 ===== loss:0.004893 ===== SRCC:0.9172 ===== PLCC:0.9287
[20250222 15:03:43 INFO    ] Eval done...
[20250222 15:03:43 INFO    ] Epoch 62 done. Time: 2.4min
[20250222 15:03:43 INFO    ] Running training epoch 63
[20250222 15:05:55 INFO    ] train epoch:63 / loss:0.001303 / SRCC:0.9727 / PLCC:0.9796
[20250222 15:05:55 INFO    ] Starting eval...
[20250222 15:05:55 INFO    ] Running testing in epoch 63
[20250222 15:06:09 INFO    ] Epoch:63 ===== loss:0.004229 ===== SRCC:0.9423 ===== PLCC:0.9478
[20250222 15:06:09 INFO    ] Eval done...
[20250222 15:06:09 INFO    ] Epoch 63 done. Time: 2.4min
[20250222 15:06:09 INFO    ] Running training epoch 64
[20250222 15:08:20 INFO    ] train epoch:64 / loss:0.001331 / SRCC:0.9723 / PLCC:0.9791
[20250222 15:08:20 INFO    ] Starting eval...
[20250222 15:08:20 INFO    ] Running testing in epoch 64
[20250222 15:08:34 INFO    ] Epoch:64 ===== loss:0.004653 ===== SRCC:0.9196 ===== PLCC:0.9319
[20250222 15:08:34 INFO    ] Eval done...
[20250222 15:08:34 INFO    ] Epoch 64 done. Time: 2.4min
[20250222 15:08:34 INFO    ] Running training epoch 65
[20250222 15:10:45 INFO    ] train epoch:65 / loss:0.001341 / SRCC:0.9719 / PLCC:0.979
[20250222 15:10:45 INFO    ] Starting eval...
[20250222 15:10:45 INFO    ] Running testing in epoch 65
[20250222 15:10:59 INFO    ] Epoch:65 ===== loss:0.004169 ===== SRCC:0.9282 ===== PLCC:0.9387
[20250222 15:10:59 INFO    ] Eval done...
[20250222 15:10:59 INFO    ] Epoch 65 done. Time: 2.4min
[20250222 15:10:59 INFO    ] Running training epoch 66
[20250222 15:13:10 INFO    ] train epoch:66 / loss:0.001202 / SRCC:0.9749 / PLCC:0.9812
[20250222 15:13:10 INFO    ] Starting eval...
[20250222 15:13:10 INFO    ] Running testing in epoch 66
[20250222 15:13:25 INFO    ] Epoch:66 ===== loss:0.004471 ===== SRCC:0.9281 ===== PLCC:0.9373
[20250222 15:13:25 INFO    ] Eval done...
[20250222 15:13:25 INFO    ] Epoch 66 done. Time: 2.4min
[20250222 15:13:25 INFO    ] Running training epoch 67
[20250222 15:15:35 INFO    ] train epoch:67 / loss:0.001327 / SRCC:0.9716 / PLCC:0.9792
[20250222 15:15:35 INFO    ] Starting eval...
[20250222 15:15:35 INFO    ] Running testing in epoch 67
[20250222 15:15:50 INFO    ] Epoch:67 ===== loss:0.003525 ===== SRCC:0.9456 ===== PLCC:0.9504
[20250222 15:15:50 INFO    ] Eval done...
[20250222 15:15:50 INFO    ] ======================================================================================
[20250222 15:15:50 INFO    ] ============================== best main score is 1.896013114409226 =================================
[20250222 15:15:50 INFO    ] ======================================================================================
[20250222 15:15:51 INFO    ] Saving weights and model of epoch67, SRCC:0.9456273035960244, PLCC:0.9503858108132017
[20250222 15:15:51 INFO    ] Epoch 67 done. Time: 2.4min
[20250222 15:15:51 INFO    ] Running training epoch 68
[20250222 15:18:02 INFO    ] train epoch:68 / loss:0.001299 / SRCC:0.9723 / PLCC:0.9796
[20250222 15:18:02 INFO    ] Starting eval...
[20250222 15:18:02 INFO    ] Running testing in epoch 68
[20250222 15:18:16 INFO    ] Epoch:68 ===== loss:0.003757 ===== SRCC:0.9379 ===== PLCC:0.9463
[20250222 15:18:16 INFO    ] Eval done...
[20250222 15:18:16 INFO    ] Epoch 68 done. Time: 2.4min
[20250222 15:18:16 INFO    ] Running training epoch 69
[20250222 15:20:26 INFO    ] train epoch:69 / loss:0.001256 / SRCC:0.9727 / PLCC:0.9803
[20250222 15:20:26 INFO    ] Starting eval...
[20250222 15:20:26 INFO    ] Running testing in epoch 69
[20250222 15:20:41 INFO    ] Epoch:69 ===== loss:0.004323 ===== SRCC:0.932 ===== PLCC:0.941
[20250222 15:20:41 INFO    ] Eval done...
[20250222 15:20:41 INFO    ] Epoch 69 done. Time: 2.4min
[20250222 15:20:41 INFO    ] Running training epoch 70
[20250222 15:22:51 INFO    ] train epoch:70 / loss:0.001443 / SRCC:0.9686 / PLCC:0.9774
[20250222 15:22:51 INFO    ] Starting eval...
[20250222 15:22:51 INFO    ] Running testing in epoch 70
[20250222 15:23:06 INFO    ] Epoch:70 ===== loss:0.004508 ===== SRCC:0.9237 ===== PLCC:0.9347
[20250222 15:23:06 INFO    ] Eval done...
[20250222 15:23:06 INFO    ] Epoch 70 done. Time: 2.4min
[20250222 15:23:06 INFO    ] Running training epoch 71
[20250222 15:25:17 INFO    ] train epoch:71 / loss:0.00124 / SRCC:0.9728 / PLCC:0.9806
[20250222 15:25:17 INFO    ] Starting eval...
[20250222 15:25:17 INFO    ] Running testing in epoch 71
[20250222 15:25:32 INFO    ] Epoch:71 ===== loss:0.005343 ===== SRCC:0.9372 ===== PLCC:0.943
[20250222 15:25:32 INFO    ] Eval done...
[20250222 15:25:32 INFO    ] Epoch 71 done. Time: 2.4min
[20250222 15:25:32 INFO    ] Running training epoch 72
[20250222 15:27:42 INFO    ] train epoch:72 / loss:0.001499 / SRCC:0.9674 / PLCC:0.9765
[20250222 15:27:42 INFO    ] Starting eval...
[20250222 15:27:42 INFO    ] Running testing in epoch 72
[20250222 15:27:57 INFO    ] Epoch:72 ===== loss:0.006178 ===== SRCC:0.9126 ===== PLCC:0.9225
[20250222 15:27:57 INFO    ] Eval done...
[20250222 15:27:57 INFO    ] Epoch 72 done. Time: 2.4min
[20250222 15:27:57 INFO    ] Running training epoch 73
[20250222 15:30:08 INFO    ] train epoch:73 / loss:0.001183 / SRCC:0.9746 / PLCC:0.9815
[20250222 15:30:08 INFO    ] Starting eval...
[20250222 15:30:08 INFO    ] Running testing in epoch 73
[20250222 15:30:22 INFO    ] Epoch:73 ===== loss:0.006465 ===== SRCC:0.9141 ===== PLCC:0.9244
[20250222 15:30:22 INFO    ] Eval done...
[20250222 15:30:22 INFO    ] Epoch 73 done. Time: 2.4min
[20250222 15:30:22 INFO    ] Running training epoch 74
[20250222 15:32:34 INFO    ] train epoch:74 / loss:0.001152 / SRCC:0.976 / PLCC:0.982
[20250222 15:32:34 INFO    ] Starting eval...
[20250222 15:32:34 INFO    ] Running testing in epoch 74
[20250222 15:32:49 INFO    ] Epoch:74 ===== loss:0.005278 ===== SRCC:0.9148 ===== PLCC:0.9273
[20250222 15:32:49 INFO    ] Eval done...
[20250222 15:32:49 INFO    ] Epoch 74 done. Time: 2.4min
[20250222 15:32:49 INFO    ] Running training epoch 75
[20250222 15:35:00 INFO    ] train epoch:75 / loss:0.001018 / SRCC:0.9776 / PLCC:0.9841
[20250222 15:35:00 INFO    ] Starting eval...
[20250222 15:35:00 INFO    ] Running testing in epoch 75
[20250222 15:35:14 INFO    ] Epoch:75 ===== loss:0.004302 ===== SRCC:0.9362 ===== PLCC:0.9408
[20250222 15:35:14 INFO    ] Eval done...
[20250222 15:35:14 INFO    ] Epoch 75 done. Time: 2.4min
[20250222 15:35:14 INFO    ] Running training epoch 76
[20250222 15:37:25 INFO    ] train epoch:76 / loss:0.001047 / SRCC:0.9776 / PLCC:0.9836
[20250222 15:37:25 INFO    ] Starting eval...
[20250222 15:37:25 INFO    ] Running testing in epoch 76
[20250222 15:37:40 INFO    ] Epoch:76 ===== loss:0.005259 ===== SRCC:0.9278 ===== PLCC:0.9391
[20250222 15:37:40 INFO    ] Eval done...
[20250222 15:37:40 INFO    ] Epoch 76 done. Time: 2.4min
[20250222 15:37:40 INFO    ] Running training epoch 77
[20250222 15:39:50 INFO    ] train epoch:77 / loss:0.001247 / SRCC:0.974 / PLCC:0.9805
[20250222 15:39:50 INFO    ] Starting eval...
[20250222 15:39:50 INFO    ] Running testing in epoch 77
[20250222 15:40:05 INFO    ] Epoch:77 ===== loss:0.004807 ===== SRCC:0.9314 ===== PLCC:0.9392
[20250222 15:40:05 INFO    ] Eval done...
[20250222 15:40:05 INFO    ] Epoch 77 done. Time: 2.4min
[20250222 15:40:05 INFO    ] Running training epoch 78
[20250222 15:42:15 INFO    ] train epoch:78 / loss:0.001373 / SRCC:0.971 / PLCC:0.9785
[20250222 15:42:15 INFO    ] Starting eval...
[20250222 15:42:15 INFO    ] Running testing in epoch 78
[20250222 15:42:30 INFO    ] Epoch:78 ===== loss:0.00433 ===== SRCC:0.9365 ===== PLCC:0.9406
[20250222 15:42:30 INFO    ] Eval done...
[20250222 15:42:30 INFO    ] Epoch 78 done. Time: 2.4min
[20250222 15:42:30 INFO    ] Running training epoch 79
[20250222 15:44:40 INFO    ] train epoch:79 / loss:0.001081 / SRCC:0.9777 / PLCC:0.9831
[20250222 15:44:40 INFO    ] Starting eval...
[20250222 15:44:40 INFO    ] Running testing in epoch 79
[20250222 15:44:55 INFO    ] Epoch:79 ===== loss:0.005767 ===== SRCC:0.9198 ===== PLCC:0.9305
[20250222 15:44:55 INFO    ] Eval done...
[20250222 15:44:55 INFO    ] Epoch 79 done. Time: 2.4min
[20250222 15:44:55 INFO    ] Running training epoch 80
[20250222 15:47:06 INFO    ] train epoch:80 / loss:0.001104 / SRCC:0.9766 / PLCC:0.9827
[20250222 15:47:06 INFO    ] Starting eval...
[20250222 15:47:06 INFO    ] Running testing in epoch 80
[20250222 15:47:21 INFO    ] Epoch:80 ===== loss:0.004878 ===== SRCC:0.9317 ===== PLCC:0.9391
[20250222 15:47:21 INFO    ] Eval done...
[20250222 15:47:21 INFO    ] Epoch 80 done. Time: 2.4min
[20250222 15:47:21 INFO    ] Running training epoch 81
[20250222 15:49:31 INFO    ] train epoch:81 / loss:0.001426 / SRCC:0.9697 / PLCC:0.9776
[20250222 15:49:31 INFO    ] Starting eval...
[20250222 15:49:31 INFO    ] Running testing in epoch 81
[20250222 15:49:46 INFO    ] Epoch:81 ===== loss:0.004423 ===== SRCC:0.9274 ===== PLCC:0.9377
[20250222 15:49:46 INFO    ] Eval done...
[20250222 15:49:46 INFO    ] Epoch 81 done. Time: 2.4min
[20250222 15:49:46 INFO    ] Running training epoch 82
[20250222 15:51:56 INFO    ] train epoch:82 / loss:0.001194 / SRCC:0.9735 / PLCC:0.9813
[20250222 15:51:56 INFO    ] Starting eval...
[20250222 15:51:56 INFO    ] Running testing in epoch 82
[20250222 15:52:11 INFO    ] Epoch:82 ===== loss:0.004554 ===== SRCC:0.9324 ===== PLCC:0.9385
[20250222 15:52:11 INFO    ] Eval done...
[20250222 15:52:11 INFO    ] Epoch 82 done. Time: 2.4min
[20250222 15:52:11 INFO    ] Running training epoch 83
[20250222 15:54:21 INFO    ] train epoch:83 / loss:0.001178 / SRCC:0.9746 / PLCC:0.9816
[20250222 15:54:21 INFO    ] Starting eval...
[20250222 15:54:21 INFO    ] Running testing in epoch 83
[20250222 15:54:36 INFO    ] Epoch:83 ===== loss:0.00404 ===== SRCC:0.9325 ===== PLCC:0.94
[20250222 15:54:36 INFO    ] Eval done...
[20250222 15:54:36 INFO    ] Epoch 83 done. Time: 2.4min
[20250222 15:54:36 INFO    ] Running training epoch 84
[20250222 15:56:46 INFO    ] train epoch:84 / loss:0.001089 / SRCC:0.9763 / PLCC:0.983
[20250222 15:56:47 INFO    ] Starting eval...
[20250222 15:56:47 INFO    ] Running testing in epoch 84
[20250222 15:57:01 INFO    ] Epoch:84 ===== loss:0.004281 ===== SRCC:0.9313 ===== PLCC:0.9398
[20250222 15:57:01 INFO    ] Eval done...
[20250222 15:57:01 INFO    ] Epoch 84 done. Time: 2.4min
[20250222 15:57:01 INFO    ] Running training epoch 85
[20250222 15:59:12 INFO    ] train epoch:85 / loss:0.0009918 / SRCC:0.9792 / PLCC:0.9845
[20250222 15:59:12 INFO    ] Starting eval...
[20250222 15:59:12 INFO    ] Running testing in epoch 85
[20250222 15:59:27 INFO    ] Epoch:85 ===== loss:0.004284 ===== SRCC:0.9255 ===== PLCC:0.9371
[20250222 15:59:27 INFO    ] Eval done...
[20250222 15:59:27 INFO    ] Epoch 85 done. Time: 2.4min
[20250222 15:59:27 INFO    ] Running training epoch 86
[20250222 16:01:37 INFO    ] train epoch:86 / loss:0.001397 / SRCC:0.97 / PLCC:0.9781
[20250222 16:01:37 INFO    ] Starting eval...
[20250222 16:01:37 INFO    ] Running testing in epoch 86
[20250222 16:01:52 INFO    ] Epoch:86 ===== loss:0.004643 ===== SRCC:0.9214 ===== PLCC:0.9346
[20250222 16:01:52 INFO    ] Eval done...
[20250222 16:01:52 INFO    ] Epoch 86 done. Time: 2.4min
[20250222 16:01:52 INFO    ] Running training epoch 87
[20250222 16:04:02 INFO    ] train epoch:87 / loss:0.001241 / SRCC:0.9729 / PLCC:0.9806
[20250222 16:04:02 INFO    ] Starting eval...
[20250222 16:04:02 INFO    ] Running testing in epoch 87
[20250222 16:04:17 INFO    ] Epoch:87 ===== loss:0.004377 ===== SRCC:0.9303 ===== PLCC:0.9393
[20250222 16:04:17 INFO    ] Eval done...
[20250222 16:04:17 INFO    ] Epoch 87 done. Time: 2.4min
[20250222 16:04:17 INFO    ] Running training epoch 88
[20250222 16:06:28 INFO    ] train epoch:88 / loss:0.001177 / SRCC:0.9747 / PLCC:0.9816
[20250222 16:06:28 INFO    ] Starting eval...
[20250222 16:06:28 INFO    ] Running testing in epoch 88
[20250222 16:06:43 INFO    ] Epoch:88 ===== loss:0.005445 ===== SRCC:0.91 ===== PLCC:0.9246
[20250222 16:06:43 INFO    ] Eval done...
[20250222 16:06:43 INFO    ] Epoch 88 done. Time: 2.4min
[20250222 16:06:43 INFO    ] Running training epoch 89
[20250222 16:08:54 INFO    ] train epoch:89 / loss:0.001156 / SRCC:0.9753 / PLCC:0.9819
[20250222 16:08:54 INFO    ] Starting eval...
[20250222 16:08:54 INFO    ] Running testing in epoch 89
[20250222 16:09:09 INFO    ] Epoch:89 ===== loss:0.005413 ===== SRCC:0.9188 ===== PLCC:0.9309
[20250222 16:09:09 INFO    ] Eval done...
[20250222 16:09:09 INFO    ] Epoch 89 done. Time: 2.4min
[20250222 16:09:09 INFO    ] Running training epoch 90
[20250222 16:11:19 INFO    ] train epoch:90 / loss:0.001027 / SRCC:0.9775 / PLCC:0.9839
[20250222 16:11:19 INFO    ] Starting eval...
[20250222 16:11:19 INFO    ] Running testing in epoch 90
[20250222 16:11:34 INFO    ] Epoch:90 ===== loss:0.005183 ===== SRCC:0.9221 ===== PLCC:0.9341
[20250222 16:11:34 INFO    ] Eval done...
[20250222 16:11:34 INFO    ] Epoch 90 done. Time: 2.4min
[20250222 16:11:34 INFO    ] Running training epoch 91
[20250222 16:13:44 INFO    ] train epoch:91 / loss:0.001311 / SRCC:0.972 / PLCC:0.9795
[20250222 16:13:44 INFO    ] Starting eval...
[20250222 16:13:44 INFO    ] Running testing in epoch 91
[20250222 16:13:59 INFO    ] Epoch:91 ===== loss:0.004855 ===== SRCC:0.9219 ===== PLCC:0.932
[20250222 16:13:59 INFO    ] Eval done...
[20250222 16:13:59 INFO    ] Epoch 91 done. Time: 2.4min
[20250222 16:13:59 INFO    ] Running training epoch 92
[20250222 16:16:09 INFO    ] train epoch:92 / loss:0.001078 / SRCC:0.977 / PLCC:0.9831
[20250222 16:16:09 INFO    ] Starting eval...
[20250222 16:16:09 INFO    ] Running testing in epoch 92
[20250222 16:16:24 INFO    ] Epoch:92 ===== loss:0.004309 ===== SRCC:0.932 ===== PLCC:0.9391
[20250222 16:16:24 INFO    ] Eval done...
[20250222 16:16:24 INFO    ] Epoch 92 done. Time: 2.4min
[20250222 16:16:24 INFO    ] Running training epoch 93
[20250222 16:18:34 INFO    ] train epoch:93 / loss:0.00112 / SRCC:0.9761 / PLCC:0.9825
[20250222 16:18:34 INFO    ] Starting eval...
[20250222 16:18:34 INFO    ] Running testing in epoch 93
[20250222 16:18:49 INFO    ] Epoch:93 ===== loss:0.004177 ===== SRCC:0.934 ===== PLCC:0.9407
[20250222 16:18:49 INFO    ] Eval done...
[20250222 16:18:49 INFO    ] Epoch 93 done. Time: 2.4min
[20250222 16:18:49 INFO    ] Running training epoch 94
[20250222 16:20:59 INFO    ] train epoch:94 / loss:0.001123 / SRCC:0.9765 / PLCC:0.9824
[20250222 16:20:59 INFO    ] Starting eval...
[20250222 16:20:59 INFO    ] Running testing in epoch 94
[20250222 16:21:14 INFO    ] Epoch:94 ===== loss:0.00483 ===== SRCC:0.925 ===== PLCC:0.9336
[20250222 16:21:14 INFO    ] Eval done...
[20250222 16:21:14 INFO    ] Epoch 94 done. Time: 2.4min
[20250222 16:21:14 INFO    ] Running training epoch 95
[20250222 16:23:24 INFO    ] train epoch:95 / loss:0.001051 / SRCC:0.9781 / PLCC:0.9836
[20250222 16:23:24 INFO    ] Starting eval...
[20250222 16:23:24 INFO    ] Running testing in epoch 95
[20250222 16:23:39 INFO    ] Epoch:95 ===== loss:0.004489 ===== SRCC:0.9318 ===== PLCC:0.9384
[20250222 16:23:39 INFO    ] Eval done...
[20250222 16:23:39 INFO    ] Epoch 95 done. Time: 2.4min
[20250222 16:23:39 INFO    ] Running training epoch 96
[20250222 16:25:49 INFO    ] train epoch:96 / loss:0.001283 / SRCC:0.9713 / PLCC:0.9799
[20250222 16:25:49 INFO    ] Starting eval...
[20250222 16:25:49 INFO    ] Running testing in epoch 96
[20250222 16:26:04 INFO    ] Epoch:96 ===== loss:0.005221 ===== SRCC:0.9183 ===== PLCC:0.9312
[20250222 16:26:04 INFO    ] Eval done...
[20250222 16:26:04 INFO    ] Epoch 96 done. Time: 2.4min
[20250222 16:26:04 INFO    ] Running training epoch 97
[20250222 16:28:14 INFO    ] train epoch:97 / loss:0.001267 / SRCC:0.9739 / PLCC:0.9802
[20250222 16:28:14 INFO    ] Starting eval...
[20250222 16:28:14 INFO    ] Running testing in epoch 97
[20250222 16:28:29 INFO    ] Epoch:97 ===== loss:0.00501 ===== SRCC:0.9322 ===== PLCC:0.9398
[20250222 16:28:29 INFO    ] Eval done...
[20250222 16:28:29 INFO    ] Epoch 97 done. Time: 2.4min
[20250222 16:28:29 INFO    ] Running training epoch 98
[20250222 16:30:39 INFO    ] train epoch:98 / loss:0.001147 / SRCC:0.976 / PLCC:0.982
[20250222 16:30:39 INFO    ] Starting eval...
[20250222 16:30:39 INFO    ] Running testing in epoch 98
[20250222 16:30:54 INFO    ] Epoch:98 ===== loss:0.004214 ===== SRCC:0.9322 ===== PLCC:0.9393
[20250222 16:30:54 INFO    ] Eval done...
[20250222 16:30:54 INFO    ] Epoch 98 done. Time: 2.4min
[20250222 16:30:54 INFO    ] Running training epoch 99
[20250222 16:33:05 INFO    ] train epoch:99 / loss:0.00134 / SRCC:0.9734 / PLCC:0.979
[20250222 16:33:05 INFO    ] Starting eval...
[20250222 16:33:05 INFO    ] Running testing in epoch 99
[20250222 16:33:20 INFO    ] Epoch:99 ===== loss:0.007111 ===== SRCC:0.886 ===== PLCC:0.9004
[20250222 16:33:20 INFO    ] Eval done...
[20250222 16:33:20 INFO    ] Epoch 99 done. Time: 2.4min
[20250222 16:33:20 INFO    ] Running training epoch 100
[20250222 16:35:30 INFO    ] train epoch:100 / loss:0.001372 / SRCC:0.9716 / PLCC:0.9785
[20250222 16:35:30 INFO    ] Starting eval...
[20250222 16:35:30 INFO    ] Running testing in epoch 100
[20250222 16:35:45 INFO    ] Epoch:100 ===== loss:0.004694 ===== SRCC:0.9214 ===== PLCC:0.9312
[20250222 16:35:45 INFO    ] Eval done...
[20250222 16:35:45 INFO    ] Epoch 100 done. Time: 2.4min
[20250222 16:35:45 INFO    ] Running training epoch 101
[20250222 16:37:55 INFO    ] train epoch:101 / loss:0.001204 / SRCC:0.9742 / PLCC:0.9812
[20250222 16:37:55 INFO    ] Starting eval...
[20250222 16:37:55 INFO    ] Running testing in epoch 101
[20250222 16:38:09 INFO    ] Epoch:101 ===== loss:0.00536 ===== SRCC:0.9223 ===== PLCC:0.9306
[20250222 16:38:09 INFO    ] Eval done...
[20250222 16:38:09 INFO    ] Epoch 101 done. Time: 2.4min
[20250222 16:38:09 INFO    ] Running training epoch 102
[20250222 16:40:20 INFO    ] train epoch:102 / loss:0.001035 / SRCC:0.9766 / PLCC:0.9838
[20250222 16:40:20 INFO    ] Starting eval...
[20250222 16:40:20 INFO    ] Running testing in epoch 102
[20250222 16:40:34 INFO    ] Epoch:102 ===== loss:0.005235 ===== SRCC:0.9273 ===== PLCC:0.9364
[20250222 16:40:34 INFO    ] Eval done...
[20250222 16:40:34 INFO    ] Epoch 102 done. Time: 2.4min
[20250222 16:40:34 INFO    ] Running training epoch 103
[20250222 16:42:45 INFO    ] train epoch:103 / loss:0.001162 / SRCC:0.9754 / PLCC:0.9818
[20250222 16:42:45 INFO    ] Starting eval...
[20250222 16:42:45 INFO    ] Running testing in epoch 103
[20250222 16:42:59 INFO    ] Epoch:103 ===== loss:0.004752 ===== SRCC:0.921 ===== PLCC:0.9318
[20250222 16:42:59 INFO    ] Eval done...
[20250222 16:42:59 INFO    ] Epoch 103 done. Time: 2.4min
[20250222 16:42:59 INFO    ] Running training epoch 104
[20250222 16:45:10 INFO    ] train epoch:104 / loss:0.001076 / SRCC:0.9773 / PLCC:0.9832
[20250222 16:45:10 INFO    ] Starting eval...
[20250222 16:45:10 INFO    ] Running testing in epoch 104
[20250222 16:45:24 INFO    ] Epoch:104 ===== loss:0.004976 ===== SRCC:0.9275 ===== PLCC:0.9373
[20250222 16:45:24 INFO    ] Eval done...
[20250222 16:45:24 INFO    ] Epoch 104 done. Time: 2.4min
[20250222 16:45:24 INFO    ] Running training epoch 105
[20250222 16:47:35 INFO    ] train epoch:105 / loss:0.001035 / SRCC:0.9783 / PLCC:0.9838
[20250222 16:47:35 INFO    ] Starting eval...
[20250222 16:47:35 INFO    ] Running testing in epoch 105
[20250222 16:47:50 INFO    ] Epoch:105 ===== loss:0.006066 ===== SRCC:0.92 ===== PLCC:0.9306
[20250222 16:47:50 INFO    ] Eval done...
[20250222 16:47:50 INFO    ] Epoch 105 done. Time: 2.4min
[20250222 16:47:50 INFO    ] Running training epoch 106
[20250222 16:50:00 INFO    ] train epoch:106 / loss:0.001133 / SRCC:0.9761 / PLCC:0.9823
[20250222 16:50:00 INFO    ] Starting eval...
[20250222 16:50:00 INFO    ] Running testing in epoch 106
[20250222 16:50:14 INFO    ] Epoch:106 ===== loss:0.004602 ===== SRCC:0.923 ===== PLCC:0.9351
[20250222 16:50:14 INFO    ] Eval done...
[20250222 16:50:14 INFO    ] Epoch 106 done. Time: 2.4min
[20250222 16:50:14 INFO    ] Running training epoch 107
[20250222 16:52:25 INFO    ] train epoch:107 / loss:0.001055 / SRCC:0.9775 / PLCC:0.9835
[20250222 16:52:25 INFO    ] Starting eval...
[20250222 16:52:25 INFO    ] Running testing in epoch 107
[20250222 16:52:40 INFO    ] Epoch:107 ===== loss:0.004708 ===== SRCC:0.9308 ===== PLCC:0.9359
[20250222 16:52:40 INFO    ] Eval done...
[20250222 16:52:40 INFO    ] Epoch 107 done. Time: 2.4min
[20250222 16:52:40 INFO    ] Running training epoch 108
[20250222 16:54:50 INFO    ] train epoch:108 / loss:0.00113 / SRCC:0.9753 / PLCC:0.9823
[20250222 16:54:50 INFO    ] Starting eval...
[20250222 16:54:50 INFO    ] Running testing in epoch 108
[20250222 16:55:04 INFO    ] Epoch:108 ===== loss:0.005274 ===== SRCC:0.9158 ===== PLCC:0.9272
[20250222 16:55:04 INFO    ] Eval done...
[20250222 16:55:04 INFO    ] Epoch 108 done. Time: 2.4min
[20250222 16:55:04 INFO    ] Running training epoch 109
[20250222 16:57:15 INFO    ] train epoch:109 / loss:0.0009645 / SRCC:0.9788 / PLCC:0.9849
[20250222 16:57:15 INFO    ] Starting eval...
[20250222 16:57:15 INFO    ] Running testing in epoch 109
[20250222 16:57:29 INFO    ] Epoch:109 ===== loss:0.004806 ===== SRCC:0.9197 ===== PLCC:0.9317
[20250222 16:57:29 INFO    ] Eval done...
[20250222 16:57:29 INFO    ] Epoch 109 done. Time: 2.4min
[20250222 16:57:29 INFO    ] Running training epoch 110
[20250222 16:59:40 INFO    ] train epoch:110 / loss:0.00107 / SRCC:0.9772 / PLCC:0.9833
[20250222 16:59:40 INFO    ] Starting eval...
[20250222 16:59:40 INFO    ] Running testing in epoch 110
[20250222 16:59:55 INFO    ] Epoch:110 ===== loss:0.003997 ===== SRCC:0.937 ===== PLCC:0.9447
[20250222 16:59:55 INFO    ] Eval done...
[20250222 16:59:55 INFO    ] Epoch 110 done. Time: 2.4min
[20250222 16:59:55 INFO    ] Running training epoch 111
[20250222 17:02:05 INFO    ] train epoch:111 / loss:0.000982 / SRCC:0.9792 / PLCC:0.9846
[20250222 17:02:05 INFO    ] Starting eval...
[20250222 17:02:05 INFO    ] Running testing in epoch 111
[20250222 17:02:20 INFO    ] Epoch:111 ===== loss:0.004438 ===== SRCC:0.9291 ===== PLCC:0.9351
[20250222 17:02:20 INFO    ] Eval done...
[20250222 17:02:20 INFO    ] Epoch 111 done. Time: 2.4min
[20250222 17:02:20 INFO    ] Running training epoch 112
[20250222 17:04:30 INFO    ] train epoch:112 / loss:0.001199 / SRCC:0.9739 / PLCC:0.9812
[20250222 17:04:30 INFO    ] Starting eval...
[20250222 17:04:30 INFO    ] Running testing in epoch 112
[20250222 17:04:45 INFO    ] Epoch:112 ===== loss:0.004702 ===== SRCC:0.9234 ===== PLCC:0.9313
[20250222 17:04:45 INFO    ] Eval done...
[20250222 17:04:45 INFO    ] Epoch 112 done. Time: 2.4min
[20250222 17:04:45 INFO    ] Running training epoch 113
[20250222 17:06:55 INFO    ] train epoch:113 / loss:0.001208 / SRCC:0.9753 / PLCC:0.9811
[20250222 17:06:55 INFO    ] Starting eval...
[20250222 17:06:55 INFO    ] Running testing in epoch 113
[20250222 17:07:10 INFO    ] Epoch:113 ===== loss:0.004955 ===== SRCC:0.9173 ===== PLCC:0.9296
[20250222 17:07:10 INFO    ] Eval done...
[20250222 17:07:10 INFO    ] Epoch 113 done. Time: 2.4min
[20250222 17:07:10 INFO    ] Running training epoch 114
[20250222 17:09:20 INFO    ] train epoch:114 / loss:0.001165 / SRCC:0.9747 / PLCC:0.9818
[20250222 17:09:20 INFO    ] Starting eval...
[20250222 17:09:20 INFO    ] Running testing in epoch 114
[20250222 17:09:35 INFO    ] Epoch:114 ===== loss:0.005057 ===== SRCC:0.9152 ===== PLCC:0.9281
[20250222 17:09:35 INFO    ] Eval done...
[20250222 17:09:35 INFO    ] Epoch 114 done. Time: 2.4min
[20250222 17:09:35 INFO    ] Running training epoch 115
[20250222 17:11:44 INFO    ] train epoch:115 / loss:0.0009778 / SRCC:0.9793 / PLCC:0.9847
[20250222 17:11:44 INFO    ] Starting eval...
[20250222 17:11:44 INFO    ] Running testing in epoch 115
[20250222 17:11:59 INFO    ] Epoch:115 ===== loss:0.004353 ===== SRCC:0.9325 ===== PLCC:0.9381
[20250222 17:11:59 INFO    ] Eval done...
[20250222 17:11:59 INFO    ] Epoch 115 done. Time: 2.4min
[20250222 17:11:59 INFO    ] Running training epoch 116
[20250222 17:14:09 INFO    ] train epoch:116 / loss:0.0009259 / SRCC:0.9794 / PLCC:0.9855
[20250222 17:14:09 INFO    ] Starting eval...
[20250222 17:14:09 INFO    ] Running testing in epoch 116
[20250222 17:14:24 INFO    ] Epoch:116 ===== loss:0.004198 ===== SRCC:0.9364 ===== PLCC:0.9433
[20250222 17:14:24 INFO    ] Eval done...
[20250222 17:14:24 INFO    ] Epoch 116 done. Time: 2.4min
[20250222 17:14:24 INFO    ] Running training epoch 117
[20250222 17:16:34 INFO    ] train epoch:117 / loss:0.001086 / SRCC:0.977 / PLCC:0.983
[20250222 17:16:34 INFO    ] Starting eval...
[20250222 17:16:34 INFO    ] Running testing in epoch 117
[20250222 17:16:49 INFO    ] Epoch:117 ===== loss:0.004175 ===== SRCC:0.9309 ===== PLCC:0.9379
[20250222 17:16:49 INFO    ] Eval done...
[20250222 17:16:49 INFO    ] Epoch 117 done. Time: 2.4min
[20250222 17:16:49 INFO    ] Running training epoch 118
[20250222 17:18:59 INFO    ] train epoch:118 / loss:0.001599 / SRCC:0.9657 / PLCC:0.9749
[20250222 17:18:59 INFO    ] Starting eval...
[20250222 17:18:59 INFO    ] Running testing in epoch 118
[20250222 17:19:13 INFO    ] Epoch:118 ===== loss:0.007509 ===== SRCC:0.9112 ===== PLCC:0.9232
[20250222 17:19:13 INFO    ] Eval done...
[20250222 17:19:13 INFO    ] Epoch 118 done. Time: 2.4min
[20250222 17:19:13 INFO    ] Running training epoch 119
[20250222 17:21:23 INFO    ] train epoch:119 / loss:0.001495 / SRCC:0.9691 / PLCC:0.9765
[20250222 17:21:23 INFO    ] Starting eval...
[20250222 17:21:23 INFO    ] Running testing in epoch 119
[20250222 17:21:38 INFO    ] Epoch:119 ===== loss:0.004867 ===== SRCC:0.9202 ===== PLCC:0.9293
[20250222 17:21:38 INFO    ] Eval done...
[20250222 17:21:38 INFO    ] Epoch 119 done. Time: 2.4min
[20250222 17:21:38 INFO    ] Running training epoch 120
[20250222 17:23:48 INFO    ] train epoch:120 / loss:0.001245 / SRCC:0.9735 / PLCC:0.9805
[20250222 17:23:48 INFO    ] Starting eval...
[20250222 17:23:48 INFO    ] Running testing in epoch 120
[20250222 17:24:03 INFO    ] Epoch:120 ===== loss:0.005777 ===== SRCC:0.924 ===== PLCC:0.934
[20250222 17:24:03 INFO    ] Eval done...
[20250222 17:24:03 INFO    ] Epoch 120 done. Time: 2.4min
[20250222 17:24:03 INFO    ] Running training epoch 121
[20250222 17:26:13 INFO    ] train epoch:121 / loss:0.001156 / SRCC:0.9761 / PLCC:0.9819
[20250222 17:26:13 INFO    ] Starting eval...
[20250222 17:26:13 INFO    ] Running testing in epoch 121
[20250222 17:26:27 INFO    ] Epoch:121 ===== loss:0.005218 ===== SRCC:0.9204 ===== PLCC:0.9305
[20250222 17:26:27 INFO    ] Eval done...
[20250222 17:26:27 INFO    ] Epoch 121 done. Time: 2.4min
[20250222 17:26:27 INFO    ] Running training epoch 122
[20250222 17:28:37 INFO    ] train epoch:122 / loss:0.001075 / SRCC:0.9769 / PLCC:0.9832
[20250222 17:28:37 INFO    ] Starting eval...
[20250222 17:28:37 INFO    ] Running testing in epoch 122
[20250222 17:28:52 INFO    ] Epoch:122 ===== loss:0.005741 ===== SRCC:0.8988 ===== PLCC:0.9146
[20250222 17:28:52 INFO    ] Eval done...
[20250222 17:28:52 INFO    ] Epoch 122 done. Time: 2.4min
[20250222 17:28:52 INFO    ] Running training epoch 123
[20250222 17:31:02 INFO    ] train epoch:123 / loss:0.001019 / SRCC:0.9785 / PLCC:0.9841
[20250222 17:31:02 INFO    ] Starting eval...
[20250222 17:31:02 INFO    ] Running testing in epoch 123
[20250222 17:31:17 INFO    ] Epoch:123 ===== loss:0.004463 ===== SRCC:0.9251 ===== PLCC:0.9375
[20250222 17:31:17 INFO    ] Eval done...
[20250222 17:31:17 INFO    ] Epoch 123 done. Time: 2.4min
[20250222 17:31:17 INFO    ] Running training epoch 124
[20250222 17:33:26 INFO    ] train epoch:124 / loss:0.0009437 / SRCC:0.9792 / PLCC:0.9853
[20250222 17:33:26 INFO    ] Starting eval...
[20250222 17:33:26 INFO    ] Running testing in epoch 124
[20250222 17:33:41 INFO    ] Epoch:124 ===== loss:0.005129 ===== SRCC:0.9189 ===== PLCC:0.9289
[20250222 17:33:41 INFO    ] Eval done...
[20250222 17:33:41 INFO    ] Epoch 124 done. Time: 2.4min
[20250222 17:33:41 INFO    ] Running training epoch 125
[20250222 17:35:51 INFO    ] train epoch:125 / loss:0.001049 / SRCC:0.9781 / PLCC:0.9836
[20250222 17:35:51 INFO    ] Starting eval...
[20250222 17:35:51 INFO    ] Running testing in epoch 125
[20250222 17:36:05 INFO    ] Epoch:125 ===== loss:0.00504 ===== SRCC:0.921 ===== PLCC:0.931
[20250222 17:36:05 INFO    ] Eval done...
[20250222 17:36:05 INFO    ] Epoch 125 done. Time: 2.4min
[20250222 17:36:05 INFO    ] Running training epoch 126
[20250222 17:38:16 INFO    ] train epoch:126 / loss:0.00118 / SRCC:0.9743 / PLCC:0.9815
[20250222 17:38:16 INFO    ] Starting eval...
[20250222 17:38:16 INFO    ] Running testing in epoch 126
[20250222 17:38:30 INFO    ] Epoch:126 ===== loss:0.004672 ===== SRCC:0.9298 ===== PLCC:0.9398
[20250222 17:38:30 INFO    ] Eval done...
[20250222 17:38:30 INFO    ] Epoch 126 done. Time: 2.4min
[20250222 17:38:30 INFO    ] Running training epoch 127
[20250222 17:40:40 INFO    ] train epoch:127 / loss:0.001071 / SRCC:0.9767 / PLCC:0.9833
[20250222 17:40:40 INFO    ] Starting eval...
[20250222 17:40:40 INFO    ] Running testing in epoch 127
[20250222 17:40:55 INFO    ] Epoch:127 ===== loss:0.004223 ===== SRCC:0.9359 ===== PLCC:0.9438
[20250222 17:40:55 INFO    ] Eval done...
[20250222 17:40:55 INFO    ] Epoch 127 done. Time: 2.4min
[20250222 17:40:55 INFO    ] Running training epoch 128
[20250222 17:43:05 INFO    ] train epoch:128 / loss:0.001103 / SRCC:0.976 / PLCC:0.9827
[20250222 17:43:05 INFO    ] Starting eval...
[20250222 17:43:05 INFO    ] Running testing in epoch 128
[20250222 17:43:19 INFO    ] Epoch:128 ===== loss:0.004362 ===== SRCC:0.9289 ===== PLCC:0.9384
[20250222 17:43:19 INFO    ] Eval done...
[20250222 17:43:19 INFO    ] Epoch 128 done. Time: 2.4min
[20250222 17:43:19 INFO    ] Running training epoch 129
[20250222 17:45:29 INFO    ] train epoch:129 / loss:0.0008109 / SRCC:0.9826 / PLCC:0.9873
[20250222 17:45:29 INFO    ] Starting eval...
[20250222 17:45:29 INFO    ] Running testing in epoch 129
[20250222 17:45:44 INFO    ] Epoch:129 ===== loss:0.004816 ===== SRCC:0.9312 ===== PLCC:0.9387
[20250222 17:45:44 INFO    ] Eval done...
[20250222 17:45:44 INFO    ] Epoch 129 done. Time: 2.4min
[20250222 17:45:44 INFO    ] Running training epoch 130
[20250222 17:47:54 INFO    ] train epoch:130 / loss:0.001196 / SRCC:0.9753 / PLCC:0.9813
[20250222 17:47:54 INFO    ] Starting eval...
[20250222 17:47:54 INFO    ] Running testing in epoch 130
[20250222 17:48:09 INFO    ] Epoch:130 ===== loss:0.005052 ===== SRCC:0.9231 ===== PLCC:0.9334
[20250222 17:48:09 INFO    ] Eval done...
[20250222 17:48:09 INFO    ] Epoch 130 done. Time: 2.4min
[20250222 17:48:09 INFO    ] Running training epoch 131
[20250222 17:50:18 INFO    ] train epoch:131 / loss:0.001255 / SRCC:0.9725 / PLCC:0.9803
[20250222 17:50:18 INFO    ] Starting eval...
[20250222 17:50:18 INFO    ] Running testing in epoch 131
[20250222 17:50:33 INFO    ] Epoch:131 ===== loss:0.005948 ===== SRCC:0.9179 ===== PLCC:0.925
[20250222 17:50:33 INFO    ] Eval done...
[20250222 17:50:33 INFO    ] Epoch 131 done. Time: 2.4min
[20250222 17:50:33 INFO    ] Running training epoch 132
[20250222 17:52:43 INFO    ] train epoch:132 / loss:0.00108 / SRCC:0.9775 / PLCC:0.9831
[20250222 17:52:43 INFO    ] Starting eval...
[20250222 17:52:43 INFO    ] Running testing in epoch 132
[20250222 17:52:57 INFO    ] Epoch:132 ===== loss:0.005629 ===== SRCC:0.929 ===== PLCC:0.9387
[20250222 17:52:57 INFO    ] Eval done...
[20250222 17:52:57 INFO    ] Epoch 132 done. Time: 2.4min
[20250222 17:52:57 INFO    ] Running training epoch 133
[20250222 17:55:07 INFO    ] train epoch:133 / loss:0.0009757 / SRCC:0.9788 / PLCC:0.9847
[20250222 17:55:07 INFO    ] Starting eval...
[20250222 17:55:07 INFO    ] Running testing in epoch 133
[20250222 17:55:22 INFO    ] Epoch:133 ===== loss:0.006201 ===== SRCC:0.9082 ===== PLCC:0.9225
[20250222 17:55:22 INFO    ] Eval done...
[20250222 17:55:22 INFO    ] Epoch 133 done. Time: 2.4min
[20250222 17:55:22 INFO    ] Running training epoch 134
[20250222 17:57:31 INFO    ] train epoch:134 / loss:0.001234 / SRCC:0.9743 / PLCC:0.9807
[20250222 17:57:31 INFO    ] Starting eval...
[20250222 17:57:31 INFO    ] Running testing in epoch 134
[20250222 17:57:46 INFO    ] Epoch:134 ===== loss:0.005915 ===== SRCC:0.9001 ===== PLCC:0.9149
[20250222 17:57:46 INFO    ] Eval done...
[20250222 17:57:46 INFO    ] Epoch 134 done. Time: 2.4min
[20250222 17:57:46 INFO    ] Running training epoch 135
[20250222 17:59:56 INFO    ] train epoch:135 / loss:0.001018 / SRCC:0.9785 / PLCC:0.9841
[20250222 17:59:56 INFO    ] Starting eval...
[20250222 17:59:56 INFO    ] Running testing in epoch 135
[20250222 18:00:10 INFO    ] Epoch:135 ===== loss:0.004416 ===== SRCC:0.9304 ===== PLCC:0.9398
[20250222 18:00:10 INFO    ] Eval done...
[20250222 18:00:10 INFO    ] Epoch 135 done. Time: 2.4min
[20250222 18:00:10 INFO    ] Running training epoch 136
[20250222 18:02:20 INFO    ] train epoch:136 / loss:0.0009467 / SRCC:0.9796 / PLCC:0.9852
[20250222 18:02:20 INFO    ] Starting eval...
[20250222 18:02:20 INFO    ] Running testing in epoch 136
[20250222 18:02:35 INFO    ] Epoch:136 ===== loss:0.005257 ===== SRCC:0.9212 ===== PLCC:0.9318
[20250222 18:02:35 INFO    ] Eval done...
[20250222 18:02:35 INFO    ] Epoch 136 done. Time: 2.4min
[20250222 18:02:35 INFO    ] Running training epoch 137
[20250222 18:04:44 INFO    ] train epoch:137 / loss:0.001089 / SRCC:0.9766 / PLCC:0.983
[20250222 18:04:44 INFO    ] Starting eval...
[20250222 18:04:44 INFO    ] Running testing in epoch 137
[20250222 18:04:59 INFO    ] Epoch:137 ===== loss:0.005056 ===== SRCC:0.9154 ===== PLCC:0.9288
[20250222 18:04:59 INFO    ] Eval done...
[20250222 18:04:59 INFO    ] Epoch 137 done. Time: 2.4min
[20250222 18:04:59 INFO    ] Running training epoch 138
[20250222 18:07:08 INFO    ] train epoch:138 / loss:0.001191 / SRCC:0.9745 / PLCC:0.9814
[20250222 18:07:08 INFO    ] Starting eval...
[20250222 18:07:08 INFO    ] Running testing in epoch 138
[20250222 18:07:23 INFO    ] Epoch:138 ===== loss:0.004931 ===== SRCC:0.9182 ===== PLCC:0.9301
[20250222 18:07:23 INFO    ] Eval done...
[20250222 18:07:23 INFO    ] Epoch 138 done. Time: 2.4min
[20250222 18:07:23 INFO    ] Running training epoch 139
[20250222 18:09:32 INFO    ] train epoch:139 / loss:0.00108 / SRCC:0.9775 / PLCC:0.9831
[20250222 18:09:32 INFO    ] Starting eval...
[20250222 18:09:32 INFO    ] Running testing in epoch 139
[20250222 18:09:47 INFO    ] Epoch:139 ===== loss:0.005948 ===== SRCC:0.9176 ===== PLCC:0.9321
[20250222 18:09:47 INFO    ] Eval done...
[20250222 18:09:47 INFO    ] Epoch 139 done. Time: 2.4min
[20250222 18:09:47 INFO    ] Running training epoch 140
[20250222 18:11:57 INFO    ] train epoch:140 / loss:0.00127 / SRCC:0.9732 / PLCC:0.9801
[20250222 18:11:57 INFO    ] Starting eval...
[20250222 18:11:57 INFO    ] Running testing in epoch 140
[20250222 18:12:12 INFO    ] Epoch:140 ===== loss:0.004228 ===== SRCC:0.9384 ===== PLCC:0.9452
[20250222 18:12:12 INFO    ] Eval done...
[20250222 18:12:12 INFO    ] Epoch 140 done. Time: 2.4min
[20250222 18:12:12 INFO    ] Running training epoch 141
[20250222 18:14:21 INFO    ] train epoch:141 / loss:0.001329 / SRCC:0.9719 / PLCC:0.9792
[20250222 18:14:21 INFO    ] Starting eval...
[20250222 18:14:21 INFO    ] Running testing in epoch 141
[20250222 18:14:35 INFO    ] Epoch:141 ===== loss:0.005007 ===== SRCC:0.9188 ===== PLCC:0.9273
[20250222 18:14:35 INFO    ] Eval done...
[20250222 18:14:35 INFO    ] Epoch 141 done. Time: 2.4min
[20250222 18:14:35 INFO    ] Running training epoch 142
[20250222 18:16:45 INFO    ] train epoch:142 / loss:0.001067 / SRCC:0.9773 / PLCC:0.9833
[20250222 18:16:45 INFO    ] Starting eval...
[20250222 18:16:45 INFO    ] Running testing in epoch 142
[20250222 18:16:59 INFO    ] Epoch:142 ===== loss:0.004313 ===== SRCC:0.9336 ===== PLCC:0.9396
[20250222 18:16:59 INFO    ] Eval done...
[20250222 18:16:59 INFO    ] Epoch 142 done. Time: 2.4min
[20250222 18:16:59 INFO    ] Running training epoch 143
[20250222 18:19:09 INFO    ] train epoch:143 / loss:0.001015 / SRCC:0.9781 / PLCC:0.9841
[20250222 18:19:09 INFO    ] Starting eval...
[20250222 18:19:09 INFO    ] Running testing in epoch 143
[20250222 18:19:24 INFO    ] Epoch:143 ===== loss:0.00442 ===== SRCC:0.9253 ===== PLCC:0.9362
[20250222 18:19:24 INFO    ] Eval done...
[20250222 18:19:24 INFO    ] Epoch 143 done. Time: 2.4min
[20250222 18:19:24 INFO    ] Running training epoch 144
[20250222 18:21:33 INFO    ] train epoch:144 / loss:0.001074 / SRCC:0.9768 / PLCC:0.9832
[20250222 18:21:33 INFO    ] Starting eval...
[20250222 18:21:33 INFO    ] Running testing in epoch 144
[20250222 18:21:48 INFO    ] Epoch:144 ===== loss:0.005485 ===== SRCC:0.9212 ===== PLCC:0.9327
[20250222 18:21:48 INFO    ] Eval done...
[20250222 18:21:48 INFO    ] Epoch 144 done. Time: 2.4min
[20250222 18:21:48 INFO    ] Running training epoch 145
[20250222 18:23:57 INFO    ] train epoch:145 / loss:0.001192 / SRCC:0.9746 / PLCC:0.9813
[20250222 18:23:57 INFO    ] Starting eval...
[20250222 18:23:57 INFO    ] Running testing in epoch 145
[20250222 18:24:12 INFO    ] Epoch:145 ===== loss:0.005676 ===== SRCC:0.9173 ===== PLCC:0.9283
[20250222 18:24:12 INFO    ] Eval done...
[20250222 18:24:12 INFO    ] Epoch 145 done. Time: 2.4min
[20250222 18:24:12 INFO    ] Running training epoch 146
[20250222 18:26:21 INFO    ] train epoch:146 / loss:0.001013 / SRCC:0.9781 / PLCC:0.9842
[20250222 18:26:21 INFO    ] Starting eval...
[20250222 18:26:21 INFO    ] Running testing in epoch 146
[20250222 18:26:36 INFO    ] Epoch:146 ===== loss:0.004852 ===== SRCC:0.9212 ===== PLCC:0.9285
[20250222 18:26:36 INFO    ] Eval done...
[20250222 18:26:36 INFO    ] Epoch 146 done. Time: 2.4min
[20250222 18:26:36 INFO    ] Running training epoch 147
[20250222 18:28:45 INFO    ] train epoch:147 / loss:0.001266 / SRCC:0.9739 / PLCC:0.9802
[20250222 18:28:45 INFO    ] Starting eval...
[20250222 18:28:45 INFO    ] Running testing in epoch 147
[20250222 18:29:00 INFO    ] Epoch:147 ===== loss:0.005789 ===== SRCC:0.9116 ===== PLCC:0.9262
[20250222 18:29:00 INFO    ] Eval done...
[20250222 18:29:00 INFO    ] Epoch 147 done. Time: 2.4min
[20250222 18:29:00 INFO    ] Running training epoch 148
[20250222 18:31:09 INFO    ] train epoch:148 / loss:0.0009433 / SRCC:0.9803 / PLCC:0.9853
[20250222 18:31:09 INFO    ] Starting eval...
[20250222 18:31:09 INFO    ] Running testing in epoch 148
[20250222 18:31:24 INFO    ] Epoch:148 ===== loss:0.004468 ===== SRCC:0.9314 ===== PLCC:0.9385
[20250222 18:31:24 INFO    ] Eval done...
[20250222 18:31:24 INFO    ] Epoch 148 done. Time: 2.4min
[20250222 18:31:24 INFO    ] Running training epoch 149
[20250222 18:33:33 INFO    ] train epoch:149 / loss:0.001047 / SRCC:0.9774 / PLCC:0.9836
[20250222 18:33:33 INFO    ] Starting eval...
[20250222 18:33:33 INFO    ] Running testing in epoch 149
[20250222 18:33:48 INFO    ] Epoch:149 ===== loss:0.005236 ===== SRCC:0.9373 ===== PLCC:0.9426
[20250222 18:33:48 INFO    ] Eval done...
[20250222 18:33:48 INFO    ] Epoch 149 done. Time: 2.4min
[20250222 18:33:48 INFO    ] Running training epoch 150
[20250222 18:35:57 INFO    ] train epoch:150 / loss:0.0009124 / SRCC:0.9798 / PLCC:0.9857
[20250222 18:35:57 INFO    ] Starting eval...
[20250222 18:35:57 INFO    ] Running testing in epoch 150
[20250222 18:36:12 INFO    ] Epoch:150 ===== loss:0.004036 ===== SRCC:0.9398 ===== PLCC:0.9454
[20250222 18:36:12 INFO    ] Eval done...
[20250222 18:36:12 INFO    ] Epoch 150 done. Time: 2.4min
[20250222 18:36:12 INFO    ] Running training epoch 151
[20250222 18:38:21 INFO    ] train epoch:151 / loss:0.0009415 / SRCC:0.9798 / PLCC:0.9853
[20250222 18:38:21 INFO    ] Starting eval...
[20250222 18:38:21 INFO    ] Running testing in epoch 151
[20250222 18:38:36 INFO    ] Epoch:151 ===== loss:0.005224 ===== SRCC:0.9189 ===== PLCC:0.9302
[20250222 18:38:36 INFO    ] Eval done...
[20250222 18:38:36 INFO    ] Epoch 151 done. Time: 2.4min
[20250222 18:38:36 INFO    ] Running training epoch 152
[20250222 18:40:45 INFO    ] train epoch:152 / loss:0.0009774 / SRCC:0.9791 / PLCC:0.9847
[20250222 18:40:45 INFO    ] Starting eval...
[20250222 18:40:45 INFO    ] Running testing in epoch 152
[20250222 18:41:00 INFO    ] Epoch:152 ===== loss:0.004359 ===== SRCC:0.9249 ===== PLCC:0.9351
[20250222 18:41:00 INFO    ] Eval done...
[20250222 18:41:00 INFO    ] Epoch 152 done. Time: 2.4min
[20250222 18:41:00 INFO    ] Running training epoch 153
[20250222 18:43:09 INFO    ] train epoch:153 / loss:0.0009835 / SRCC:0.9786 / PLCC:0.9846
[20250222 18:43:09 INFO    ] Starting eval...
[20250222 18:43:09 INFO    ] Running testing in epoch 153
[20250222 18:43:24 INFO    ] Epoch:153 ===== loss:0.004296 ===== SRCC:0.9326 ===== PLCC:0.9411
[20250222 18:43:24 INFO    ] Eval done...
[20250222 18:43:24 INFO    ] Epoch 153 done. Time: 2.4min
[20250222 18:43:24 INFO    ] Running training epoch 154
[20250222 18:45:33 INFO    ] train epoch:154 / loss:0.001017 / SRCC:0.9784 / PLCC:0.9841
[20250222 18:45:33 INFO    ] Starting eval...
[20250222 18:45:33 INFO    ] Running testing in epoch 154
[20250222 18:45:48 INFO    ] Epoch:154 ===== loss:0.004368 ===== SRCC:0.9316 ===== PLCC:0.941
[20250222 18:45:48 INFO    ] Eval done...
[20250222 18:45:48 INFO    ] Epoch 154 done. Time: 2.4min
[20250222 18:45:48 INFO    ] Running training epoch 155
[20250222 18:47:57 INFO    ] train epoch:155 / loss:0.001018 / SRCC:0.9781 / PLCC:0.9841
[20250222 18:47:57 INFO    ] Starting eval...
[20250222 18:47:57 INFO    ] Running testing in epoch 155
[20250222 18:48:12 INFO    ] Epoch:155 ===== loss:0.004619 ===== SRCC:0.9276 ===== PLCC:0.9364
[20250222 18:48:12 INFO    ] Eval done...
[20250222 18:48:12 INFO    ] Epoch 155 done. Time: 2.4min
[20250222 18:48:12 INFO    ] Running training epoch 156
[20250222 18:50:22 INFO    ] train epoch:156 / loss:0.001186 / SRCC:0.9745 / PLCC:0.9814
[20250222 18:50:22 INFO    ] Starting eval...
[20250222 18:50:22 INFO    ] Running testing in epoch 156
[20250222 18:50:36 INFO    ] Epoch:156 ===== loss:0.004005 ===== SRCC:0.9339 ===== PLCC:0.9426
[20250222 18:50:36 INFO    ] Eval done...
[20250222 18:50:36 INFO    ] Epoch 156 done. Time: 2.4min
[20250222 18:50:36 INFO    ] Running training epoch 157
[20250222 18:52:46 INFO    ] train epoch:157 / loss:0.001031 / SRCC:0.9774 / PLCC:0.9839
[20250222 18:52:46 INFO    ] Starting eval...
[20250222 18:52:46 INFO    ] Running testing in epoch 157
[20250222 18:53:00 INFO    ] Epoch:157 ===== loss:0.005215 ===== SRCC:0.9263 ===== PLCC:0.9356
[20250222 18:53:00 INFO    ] Eval done...
[20250222 18:53:00 INFO    ] Epoch 157 done. Time: 2.4min
[20250222 18:53:00 INFO    ] Running training epoch 158
[20250222 18:55:10 INFO    ] train epoch:158 / loss:0.001126 / SRCC:0.9765 / PLCC:0.9824
[20250222 18:55:10 INFO    ] Starting eval...
[20250222 18:55:10 INFO    ] Running testing in epoch 158
[20250222 18:55:24 INFO    ] Epoch:158 ===== loss:0.004671 ===== SRCC:0.9214 ===== PLCC:0.9303
[20250222 18:55:24 INFO    ] Eval done...
[20250222 18:55:24 INFO    ] Epoch 158 done. Time: 2.4min
[20250222 18:55:24 INFO    ] Running training epoch 159
[20250222 18:57:34 INFO    ] train epoch:159 / loss:0.001034 / SRCC:0.9779 / PLCC:0.9838
[20250222 18:57:34 INFO    ] Starting eval...
[20250222 18:57:34 INFO    ] Running testing in epoch 159
[20250222 18:57:48 INFO    ] Epoch:159 ===== loss:0.00519 ===== SRCC:0.9335 ===== PLCC:0.9399
[20250222 18:57:48 INFO    ] Eval done...
[20250222 18:57:48 INFO    ] Epoch 159 done. Time: 2.4min
[20250222 18:57:48 INFO    ] Running training epoch 160
[20250222 18:59:58 INFO    ] train epoch:160 / loss:0.001041 / SRCC:0.9779 / PLCC:0.9837
[20250222 18:59:58 INFO    ] Starting eval...
[20250222 18:59:58 INFO    ] Running testing in epoch 160
[20250222 19:00:13 INFO    ] Epoch:160 ===== loss:0.00429 ===== SRCC:0.9326 ===== PLCC:0.9396
[20250222 19:00:13 INFO    ] Eval done...
[20250222 19:00:13 INFO    ] Epoch 160 done. Time: 2.4min
[20250222 19:00:13 INFO    ] Running training epoch 161
[20250222 19:02:22 INFO    ] train epoch:161 / loss:0.001001 / SRCC:0.9789 / PLCC:0.9844
[20250222 19:02:22 INFO    ] Starting eval...
[20250222 19:02:22 INFO    ] Running testing in epoch 161
[20250222 19:02:37 INFO    ] Epoch:161 ===== loss:0.00355 ===== SRCC:0.9434 ===== PLCC:0.9503
[20250222 19:02:37 INFO    ] Eval done...
[20250222 19:02:37 INFO    ] Epoch 161 done. Time: 2.4min
[20250222 19:02:37 INFO    ] Running training epoch 162
[20250222 19:04:46 INFO    ] train epoch:162 / loss:0.001088 / SRCC:0.9775 / PLCC:0.983
[20250222 19:04:46 INFO    ] Starting eval...
[20250222 19:04:46 INFO    ] Running testing in epoch 162
[20250222 19:05:01 INFO    ] Epoch:162 ===== loss:0.003698 ===== SRCC:0.9403 ===== PLCC:0.9451
[20250222 19:05:01 INFO    ] Eval done...
[20250222 19:05:01 INFO    ] Epoch 162 done. Time: 2.4min
[20250222 19:05:01 INFO    ] Running training epoch 163
[20250222 19:07:10 INFO    ] train epoch:163 / loss:0.001304 / SRCC:0.9721 / PLCC:0.9796
[20250222 19:07:10 INFO    ] Starting eval...
[20250222 19:07:10 INFO    ] Running testing in epoch 163
[20250222 19:07:25 INFO    ] Epoch:163 ===== loss:0.005012 ===== SRCC:0.9183 ===== PLCC:0.9321
[20250222 19:07:25 INFO    ] Eval done...
[20250222 19:07:25 INFO    ] Epoch 163 done. Time: 2.4min
[20250222 19:07:25 INFO    ] Running training epoch 164
[20250222 19:09:34 INFO    ] train epoch:164 / loss:0.001176 / SRCC:0.9753 / PLCC:0.9816
[20250222 19:09:34 INFO    ] Starting eval...
[20250222 19:09:34 INFO    ] Running testing in epoch 164
[20250222 19:09:49 INFO    ] Epoch:164 ===== loss:0.004407 ===== SRCC:0.9333 ===== PLCC:0.94
[20250222 19:09:49 INFO    ] Eval done...
[20250222 19:09:49 INFO    ] Epoch 164 done. Time: 2.4min
[20250222 19:09:49 INFO    ] Running training epoch 165
[20250222 19:11:58 INFO    ] train epoch:165 / loss:0.001007 / SRCC:0.9783 / PLCC:0.9842
[20250222 19:11:58 INFO    ] Starting eval...
[20250222 19:11:58 INFO    ] Running testing in epoch 165
[20250222 19:12:13 INFO    ] Epoch:165 ===== loss:0.005311 ===== SRCC:0.9212 ===== PLCC:0.9324
[20250222 19:12:13 INFO    ] Eval done...
[20250222 19:12:13 INFO    ] Epoch 165 done. Time: 2.4min
[20250222 19:12:13 INFO    ] Running training epoch 166
[20250222 19:14:22 INFO    ] train epoch:166 / loss:0.0009294 / SRCC:0.9805 / PLCC:0.9855
[20250222 19:14:22 INFO    ] Starting eval...
[20250222 19:14:22 INFO    ] Running testing in epoch 166
[20250222 19:14:37 INFO    ] Epoch:166 ===== loss:0.006935 ===== SRCC:0.9004 ===== PLCC:0.916
[20250222 19:14:37 INFO    ] Eval done...
[20250222 19:14:37 INFO    ] Epoch 166 done. Time: 2.4min
[20250222 19:14:37 INFO    ] Running training epoch 167
[20250222 19:16:46 INFO    ] train epoch:167 / loss:0.00151 / SRCC:0.9682 / PLCC:0.9763
[20250222 19:16:46 INFO    ] Starting eval...
[20250222 19:16:46 INFO    ] Running testing in epoch 167
[20250222 19:17:01 INFO    ] Epoch:167 ===== loss:0.005864 ===== SRCC:0.9301 ===== PLCC:0.9366
[20250222 19:17:01 INFO    ] Eval done...
[20250222 19:17:01 INFO    ] Epoch 167 done. Time: 2.4min
[20250222 19:17:01 INFO    ] Running training epoch 168
[20250222 19:19:10 INFO    ] train epoch:168 / loss:0.001139 / SRCC:0.9756 / PLCC:0.9822
[20250222 19:19:10 INFO    ] Starting eval...
[20250222 19:19:10 INFO    ] Running testing in epoch 168
[20250222 19:19:25 INFO    ] Epoch:168 ===== loss:0.005518 ===== SRCC:0.9135 ===== PLCC:0.9235
[20250222 19:19:25 INFO    ] Eval done...
[20250222 19:19:25 INFO    ] Epoch 168 done. Time: 2.4min
[20250222 19:19:25 INFO    ] Running training epoch 169
[20250222 19:21:34 INFO    ] train epoch:169 / loss:0.001077 / SRCC:0.9766 / PLCC:0.9831
[20250222 19:21:34 INFO    ] Starting eval...
[20250222 19:21:34 INFO    ] Running testing in epoch 169
[20250222 19:21:49 INFO    ] Epoch:169 ===== loss:0.004355 ===== SRCC:0.9383 ===== PLCC:0.9429
[20250222 19:21:49 INFO    ] Eval done...
[20250222 19:21:49 INFO    ] Epoch 169 done. Time: 2.4min
[20250222 19:21:49 INFO    ] Running training epoch 170
[20250222 19:23:58 INFO    ] train epoch:170 / loss:0.0008385 / SRCC:0.9815 / PLCC:0.9869
[20250222 19:23:58 INFO    ] Starting eval...
[20250222 19:23:58 INFO    ] Running testing in epoch 170
[20250222 19:24:13 INFO    ] Epoch:170 ===== loss:0.004115 ===== SRCC:0.9377 ===== PLCC:0.9439
[20250222 19:24:13 INFO    ] Eval done...
[20250222 19:24:13 INFO    ] Epoch 170 done. Time: 2.4min
[20250222 19:24:13 INFO    ] Running training epoch 171
[20250222 19:26:22 INFO    ] train epoch:171 / loss:0.001071 / SRCC:0.9774 / PLCC:0.9833
[20250222 19:26:22 INFO    ] Starting eval...
[20250222 19:26:22 INFO    ] Running testing in epoch 171
[20250222 19:26:37 INFO    ] Epoch:171 ===== loss:0.00577 ===== SRCC:0.9221 ===== PLCC:0.9319
[20250222 19:26:37 INFO    ] Eval done...
[20250222 19:26:37 INFO    ] Epoch 171 done. Time: 2.4min
[20250222 19:26:37 INFO    ] Running training epoch 172
[20250222 19:28:46 INFO    ] train epoch:172 / loss:0.0008038 / SRCC:0.9833 / PLCC:0.9875
[20250222 19:28:46 INFO    ] Starting eval...
[20250222 19:28:46 INFO    ] Running testing in epoch 172
[20250222 19:29:01 INFO    ] Epoch:172 ===== loss:0.004213 ===== SRCC:0.9351 ===== PLCC:0.942
[20250222 19:29:01 INFO    ] Eval done...
[20250222 19:29:01 INFO    ] Epoch 172 done. Time: 2.4min
[20250222 19:29:01 INFO    ] Running training epoch 173
[20250222 19:31:10 INFO    ] train epoch:173 / loss:0.001248 / SRCC:0.9743 / PLCC:0.9804
[20250222 19:31:10 INFO    ] Starting eval...
[20250222 19:31:10 INFO    ] Running testing in epoch 173
[20250222 19:31:24 INFO    ] Epoch:173 ===== loss:0.004589 ===== SRCC:0.9302 ===== PLCC:0.9396
[20250222 19:31:25 INFO    ] Eval done...
[20250222 19:31:25 INFO    ] Epoch 173 done. Time: 2.4min
[20250222 19:31:25 INFO    ] Running training epoch 174
[20250222 19:33:34 INFO    ] train epoch:174 / loss:0.001109 / SRCC:0.9771 / PLCC:0.9827
[20250222 19:33:34 INFO    ] Starting eval...
[20250222 19:33:34 INFO    ] Running testing in epoch 174
[20250222 19:33:48 INFO    ] Epoch:174 ===== loss:0.005602 ===== SRCC:0.9301 ===== PLCC:0.9387
[20250222 19:33:48 INFO    ] Eval done...
[20250222 19:33:48 INFO    ] Epoch 174 done. Time: 2.4min
[20250222 19:33:48 INFO    ] Running training epoch 175
[20250222 19:35:58 INFO    ] train epoch:175 / loss:0.001153 / SRCC:0.9754 / PLCC:0.9819
[20250222 19:35:58 INFO    ] Starting eval...
[20250222 19:35:58 INFO    ] Running testing in epoch 175
[20250222 19:36:12 INFO    ] Epoch:175 ===== loss:0.004826 ===== SRCC:0.9324 ===== PLCC:0.9378
[20250222 19:36:12 INFO    ] Eval done...
[20250222 19:36:12 INFO    ] Epoch 175 done. Time: 2.4min
[20250222 19:36:12 INFO    ] Running training epoch 176
[20250222 19:38:22 INFO    ] train epoch:176 / loss:0.0009415 / SRCC:0.9797 / PLCC:0.9853
[20250222 19:38:22 INFO    ] Starting eval...
[20250222 19:38:22 INFO    ] Running testing in epoch 176
[20250222 19:38:36 INFO    ] Epoch:176 ===== loss:0.004255 ===== SRCC:0.9341 ===== PLCC:0.9397
[20250222 19:38:36 INFO    ] Eval done...
[20250222 19:38:36 INFO    ] Epoch 176 done. Time: 2.4min
[20250222 19:38:36 INFO    ] Running training epoch 177
[20250222 19:40:46 INFO    ] train epoch:177 / loss:0.000881 / SRCC:0.981 / PLCC:0.9862
[20250222 19:40:46 INFO    ] Starting eval...
[20250222 19:40:46 INFO    ] Running testing in epoch 177
[20250222 19:41:00 INFO    ] Epoch:177 ===== loss:0.005112 ===== SRCC:0.9299 ===== PLCC:0.9409
[20250222 19:41:00 INFO    ] Eval done...
[20250222 19:41:00 INFO    ] Epoch 177 done. Time: 2.4min
[20250222 19:41:00 INFO    ] Running training epoch 178
[20250222 19:43:09 INFO    ] train epoch:178 / loss:0.001124 / SRCC:0.9764 / PLCC:0.9824
[20250222 19:43:09 INFO    ] Starting eval...
[20250222 19:43:09 INFO    ] Running testing in epoch 178
[20250222 19:43:24 INFO    ] Epoch:178 ===== loss:0.004887 ===== SRCC:0.9307 ===== PLCC:0.9373
[20250222 19:43:24 INFO    ] Eval done...
[20250222 19:43:24 INFO    ] Epoch 178 done. Time: 2.4min
[20250222 19:43:24 INFO    ] Running training epoch 179
[20250222 19:45:33 INFO    ] train epoch:179 / loss:0.001026 / SRCC:0.9781 / PLCC:0.984
[20250222 19:45:33 INFO    ] Starting eval...
[20250222 19:45:33 INFO    ] Running testing in epoch 179
[20250222 19:45:48 INFO    ] Epoch:179 ===== loss:0.004702 ===== SRCC:0.9239 ===== PLCC:0.9326
[20250222 19:45:48 INFO    ] Eval done...
[20250222 19:45:48 INFO    ] Epoch 179 done. Time: 2.4min
[20250222 19:45:48 INFO    ] Running training epoch 180
[20250222 19:47:57 INFO    ] train epoch:180 / loss:0.001086 / SRCC:0.9767 / PLCC:0.983
[20250222 19:47:57 INFO    ] Starting eval...
[20250222 19:47:57 INFO    ] Running testing in epoch 180
[20250222 19:48:12 INFO    ] Epoch:180 ===== loss:0.004853 ===== SRCC:0.9329 ===== PLCC:0.9382
[20250222 19:48:12 INFO    ] Eval done...
[20250222 19:48:12 INFO    ] Epoch 180 done. Time: 2.4min
[20250222 19:48:12 INFO    ] Running training epoch 181
[20250222 19:50:21 INFO    ] train epoch:181 / loss:0.000861 / SRCC:0.9816 / PLCC:0.9866
[20250222 19:50:21 INFO    ] Starting eval...
[20250222 19:50:21 INFO    ] Running testing in epoch 181
[20250222 19:50:36 INFO    ] Epoch:181 ===== loss:0.004906 ===== SRCC:0.9337 ===== PLCC:0.9386
[20250222 19:50:36 INFO    ] Eval done...
[20250222 19:50:36 INFO    ] Epoch 181 done. Time: 2.4min
[20250222 19:50:36 INFO    ] Running training epoch 182
[20250222 19:52:45 INFO    ] train epoch:182 / loss:0.0007349 / SRCC:0.985 / PLCC:0.9885
[20250222 19:52:45 INFO    ] Starting eval...
[20250222 19:52:45 INFO    ] Running testing in epoch 182
[20250222 19:53:00 INFO    ] Epoch:182 ===== loss:0.004383 ===== SRCC:0.9361 ===== PLCC:0.9426
[20250222 19:53:00 INFO    ] Eval done...
[20250222 19:53:00 INFO    ] Epoch 182 done. Time: 2.4min
[20250222 19:53:00 INFO    ] Running training epoch 183
[20250222 19:55:09 INFO    ] train epoch:183 / loss:0.00117 / SRCC:0.9754 / PLCC:0.9817
[20250222 19:55:09 INFO    ] Starting eval...
[20250222 19:55:09 INFO    ] Running testing in epoch 183
[20250222 19:55:24 INFO    ] Epoch:183 ===== loss:0.004469 ===== SRCC:0.9217 ===== PLCC:0.9346
[20250222 19:55:24 INFO    ] Eval done...
[20250222 19:55:24 INFO    ] Epoch 183 done. Time: 2.4min
[20250222 19:55:24 INFO    ] Running training epoch 184
[20250222 19:57:33 INFO    ] train epoch:184 / loss:0.0009948 / SRCC:0.979 / PLCC:0.9845
[20250222 19:57:33 INFO    ] Starting eval...
[20250222 19:57:33 INFO    ] Running testing in epoch 184
[20250222 19:57:47 INFO    ] Epoch:184 ===== loss:0.004323 ===== SRCC:0.9289 ===== PLCC:0.9375
[20250222 19:57:48 INFO    ] Eval done...
[20250222 19:57:48 INFO    ] Epoch 184 done. Time: 2.4min
[20250222 19:57:48 INFO    ] Running training epoch 185
[20250222 19:59:57 INFO    ] train epoch:185 / loss:0.0009745 / SRCC:0.9785 / PLCC:0.9848
[20250222 19:59:57 INFO    ] Starting eval...
[20250222 19:59:57 INFO    ] Running testing in epoch 185
[20250222 20:00:12 INFO    ] Epoch:185 ===== loss:0.00438 ===== SRCC:0.9295 ===== PLCC:0.9385
[20250222 20:00:12 INFO    ] Eval done...
[20250222 20:00:12 INFO    ] Epoch 185 done. Time: 2.4min
[20250222 20:00:12 INFO    ] Running training epoch 186
[20250222 20:02:21 INFO    ] train epoch:186 / loss:0.0009731 / SRCC:0.9802 / PLCC:0.9848
[20250222 20:02:21 INFO    ] Starting eval...
[20250222 20:02:21 INFO    ] Running testing in epoch 186
[20250222 20:02:36 INFO    ] Epoch:186 ===== loss:0.005368 ===== SRCC:0.9247 ===== PLCC:0.9335
[20250222 20:02:36 INFO    ] Eval done...
[20250222 20:02:36 INFO    ] Epoch 186 done. Time: 2.4min
[20250222 20:02:36 INFO    ] Running training epoch 187
[20250222 20:04:45 INFO    ] train epoch:187 / loss:0.0008418 / SRCC:0.9821 / PLCC:0.9869
[20250222 20:04:45 INFO    ] Starting eval...
[20250222 20:04:45 INFO    ] Running testing in epoch 187
[20250222 20:04:59 INFO    ] Epoch:187 ===== loss:0.004823 ===== SRCC:0.9239 ===== PLCC:0.9315
[20250222 20:04:59 INFO    ] Eval done...
[20250222 20:04:59 INFO    ] Epoch 187 done. Time: 2.4min
[20250222 20:04:59 INFO    ] Running training epoch 188
[20250222 20:07:09 INFO    ] train epoch:188 / loss:0.001126 / SRCC:0.9768 / PLCC:0.9824
[20250222 20:07:09 INFO    ] Starting eval...
[20250222 20:07:09 INFO    ] Running testing in epoch 188
[20250222 20:07:23 INFO    ] Epoch:188 ===== loss:0.005037 ===== SRCC:0.9167 ===== PLCC:0.9302
[20250222 20:07:23 INFO    ] Eval done...
[20250222 20:07:23 INFO    ] Epoch 188 done. Time: 2.4min
[20250222 20:07:23 INFO    ] Running training epoch 189
[20250222 20:09:33 INFO    ] train epoch:189 / loss:0.001279 / SRCC:0.973 / PLCC:0.98
[20250222 20:09:33 INFO    ] Starting eval...
[20250222 20:09:33 INFO    ] Running testing in epoch 189
[20250222 20:09:47 INFO    ] Epoch:189 ===== loss:0.005536 ===== SRCC:0.9203 ===== PLCC:0.9292
[20250222 20:09:47 INFO    ] Eval done...
[20250222 20:09:47 INFO    ] Epoch 189 done. Time: 2.4min
[20250222 20:09:47 INFO    ] Running training epoch 190
[20250222 20:11:57 INFO    ] train epoch:190 / loss:0.0009857 / SRCC:0.9801 / PLCC:0.9846
[20250222 20:11:57 INFO    ] Starting eval...
[20250222 20:11:57 INFO    ] Running testing in epoch 190
[20250222 20:12:12 INFO    ] Epoch:190 ===== loss:0.005886 ===== SRCC:0.9157 ===== PLCC:0.9249
[20250222 20:12:12 INFO    ] Eval done...
[20250222 20:12:12 INFO    ] Epoch 190 done. Time: 2.4min
[20250222 20:12:12 INFO    ] Running training epoch 191
[20250222 20:14:21 INFO    ] train epoch:191 / loss:0.001066 / SRCC:0.9774 / PLCC:0.9833
[20250222 20:14:21 INFO    ] Starting eval...
[20250222 20:14:21 INFO    ] Running testing in epoch 191
[20250222 20:14:36 INFO    ] Epoch:191 ===== loss:0.007247 ===== SRCC:0.9161 ===== PLCC:0.9246
[20250222 20:14:36 INFO    ] Eval done...
[20250222 20:14:36 INFO    ] Epoch 191 done. Time: 2.4min
[20250222 20:14:36 INFO    ] Running training epoch 192
[20250222 20:16:45 INFO    ] train epoch:192 / loss:0.001396 / SRCC:0.9698 / PLCC:0.9781
[20250222 20:16:45 INFO    ] Starting eval...
[20250222 20:16:45 INFO    ] Running testing in epoch 192
[20250222 20:17:00 INFO    ] Epoch:192 ===== loss:0.005537 ===== SRCC:0.9248 ===== PLCC:0.9307
[20250222 20:17:00 INFO    ] Eval done...
[20250222 20:17:00 INFO    ] Epoch 192 done. Time: 2.4min
[20250222 20:17:00 INFO    ] Running training epoch 193
[20250222 20:19:09 INFO    ] train epoch:193 / loss:0.0009855 / SRCC:0.9789 / PLCC:0.9846
[20250222 20:19:09 INFO    ] Starting eval...
[20250222 20:19:09 INFO    ] Running testing in epoch 193
[20250222 20:19:24 INFO    ] Epoch:193 ===== loss:0.004252 ===== SRCC:0.9341 ===== PLCC:0.942
[20250222 20:19:24 INFO    ] Eval done...
[20250222 20:19:24 INFO    ] Epoch 193 done. Time: 2.4min
[20250222 20:19:24 INFO    ] Running training epoch 194
[20250222 20:21:33 INFO    ] train epoch:194 / loss:0.001113 / SRCC:0.9768 / PLCC:0.9826
[20250222 20:21:33 INFO    ] Starting eval...
[20250222 20:21:33 INFO    ] Running testing in epoch 194
[20250222 20:21:48 INFO    ] Epoch:194 ===== loss:0.004385 ===== SRCC:0.9287 ===== PLCC:0.937
[20250222 20:21:48 INFO    ] Eval done...
[20250222 20:21:48 INFO    ] Epoch 194 done. Time: 2.4min
[20250222 20:21:48 INFO    ] Running training epoch 195
[20250222 20:23:57 INFO    ] train epoch:195 / loss:0.0008892 / SRCC:0.9817 / PLCC:0.9861
[20250222 20:23:57 INFO    ] Starting eval...
[20250222 20:23:57 INFO    ] Running testing in epoch 195
[20250222 20:24:12 INFO    ] Epoch:195 ===== loss:0.005294 ===== SRCC:0.9091 ===== PLCC:0.9235
[20250222 20:24:12 INFO    ] Eval done...
[20250222 20:24:12 INFO    ] Epoch 195 done. Time: 2.4min
[20250222 20:24:12 INFO    ] Running training epoch 196
[20250222 20:26:21 INFO    ] train epoch:196 / loss:0.0009171 / SRCC:0.9811 / PLCC:0.9857
[20250222 20:26:21 INFO    ] Starting eval...
[20250222 20:26:21 INFO    ] Running testing in epoch 196
[20250222 20:26:36 INFO    ] Epoch:196 ===== loss:0.005382 ===== SRCC:0.9178 ===== PLCC:0.9306
[20250222 20:26:36 INFO    ] Eval done...
[20250222 20:26:36 INFO    ] Epoch 196 done. Time: 2.4min
[20250222 20:26:36 INFO    ] Running training epoch 197
[20250222 20:28:45 INFO    ] train epoch:197 / loss:0.001 / SRCC:0.9785 / PLCC:0.9844
[20250222 20:28:45 INFO    ] Starting eval...
[20250222 20:28:45 INFO    ] Running testing in epoch 197
[20250222 20:28:59 INFO    ] Epoch:197 ===== loss:0.004034 ===== SRCC:0.9328 ===== PLCC:0.9402
[20250222 20:28:59 INFO    ] Eval done...
[20250222 20:28:59 INFO    ] Epoch 197 done. Time: 2.4min
[20250222 20:28:59 INFO    ] Running training epoch 198
[20250222 20:31:09 INFO    ] train epoch:198 / loss:0.0009413 / SRCC:0.9802 / PLCC:0.9853
[20250222 20:31:09 INFO    ] Starting eval...
[20250222 20:31:09 INFO    ] Running testing in epoch 198
[20250222 20:31:23 INFO    ] Epoch:198 ===== loss:0.004761 ===== SRCC:0.9285 ===== PLCC:0.9367
[20250222 20:31:23 INFO    ] Eval done...
[20250222 20:31:23 INFO    ] Epoch 198 done. Time: 2.4min
[20250222 20:31:23 INFO    ] Running training epoch 199
[20250222 20:33:33 INFO    ] train epoch:199 / loss:0.0009146 / SRCC:0.9794 / PLCC:0.9857
[20250222 20:33:33 INFO    ] Starting eval...
[20250222 20:33:33 INFO    ] Running testing in epoch 199
[20250222 20:33:47 INFO    ] Epoch:199 ===== loss:0.005497 ===== SRCC:0.923 ===== PLCC:0.9332
[20250222 20:33:47 INFO    ] Eval done...
[20250222 20:33:47 INFO    ] Epoch 199 done. Time: 2.4min
[20250222 20:33:47 INFO    ] Running training epoch 200
[20250222 20:35:57 INFO    ] train epoch:200 / loss:0.0009443 / SRCC:0.9807 / PLCC:0.9852
[20250222 20:35:57 INFO    ] Starting eval...
[20250222 20:35:57 INFO    ] Running testing in epoch 200
[20250222 20:36:11 INFO    ] Epoch:200 ===== loss:0.008448 ===== SRCC:0.9048 ===== PLCC:0.9116
[20250222 20:36:11 INFO    ] Eval done...
[20250222 20:36:11 INFO    ] Epoch 200 done. Time: 2.4min
